000 (13653349.010.000) 2023-09-05 00:26:26 Job submitted from host: <128.104.101.92:9618?addrs=128.104.101.92-9618+[2607-f388-107c-501-a236-9fff-fe3c-caa8]-9618&alias=submit2.chtc.wisc.edu&noUDP&sock=schedd_1879732_618e>
...
040 (13653349.010.000) 2023-09-05 00:29:05 Started transferring input files
	Transferring to host: <128.105.69.224:9618?addrs=128.105.69.224-9618+[2607-f388-2200-100-eaeb-d3ff-fe40-1574]-9618&alias=e2607.chtc.wisc.edu&noUDP&sock=slot1_53_1087982_7e0c_42181>
...
040 (13653349.010.000) 2023-09-05 00:29:07 Finished transferring input files
...
001 (13653349.010.000) 2023-09-05 00:29:09 Job executing on host: <128.105.69.224:9618?addrs=128.105.69.224-9618+[2607-f388-2200-100-eaeb-d3ff-fe40-1574]-9618&alias=e2607.chtc.wisc.edu&noUDP&sock=startd_11673_491a>
	SlotName: slot1_53@e2607.chtc.wisc.edu
	CondorScratchDir = "/var/lib/condor/execute/slot1/dir_2296354"
	Cpus = 1
	Disk = 1458998
	IoHeavy = 0
	Memory = 4096
...
006 (13653349.010.000) 2023-09-05 00:29:17 Image size of job updated: 272652
	163  -  MemoryUsage of job (MB)
	166564  -  ResidentSetSize of job (KB)
...
040 (13653349.010.000) 2023-09-05 00:29:49 Started transferring output files
...
040 (13653349.010.000) 2023-09-05 00:29:50 Finished transferring output files
...
005 (13653349.010.000) 2023-09-05 00:29:57 Job terminated.
	(1) Normal termination (return value 0)
		Usr 0 00:00:35, Sys 0 00:00:00  -  Run Remote Usage
		Usr 0 00:00:00, Sys 0 00:00:00  -  Run Local Usage
		Usr 0 00:00:35, Sys 0 00:00:00  -  Total Remote Usage
		Usr 0 00:00:00, Sys 0 00:00:00  -  Total Local Usage
	28076  -  Run Bytes Sent By Job
	32664692  -  Run Bytes Received By Job
	28076  -  Total Bytes Sent By Job
	32664692  -  Total Bytes Received By Job
	Partitionable Resources :     Usage  Request Allocated 
	   Cpus                 :      0.99        1         1 
	   Disk (KB)            : 254940      524288   1458998 
	   IoHeavy              :                            0 
	   Memory (MB)          :    163        4096      4096 

	Job terminated of its own accord at 2023-09-05T05:29:48Z with exit-code 0.
...
