000 (13655293.316.000) 2023-09-05 00:33:11 Job submitted from host: <128.104.101.92:9618?addrs=128.104.101.92-9618+[2607-f388-107c-501-a236-9fff-fe3c-caa8]-9618&alias=submit2.chtc.wisc.edu&noUDP&sock=schedd_1879732_618e>
...
040 (13655293.316.000) 2023-09-05 00:53:17 Started transferring input files
	Transferring to host: <128.105.69.199:9618?addrs=128.105.69.199-9618+[2607-f388-2200-100-1270-fdff-fe56-70ec]-9618&alias=e4052.chtc.wisc.edu&noUDP&sock=slot1_20_23045_0982_35291>
...
001 (13655293.316.000) 2023-09-05 00:53:30 Job executing on host: <128.105.69.199:9618?addrs=128.105.69.199-9618+[2607-f388-2200-100-1270-fdff-fe56-70ec]-9618&alias=e4052.chtc.wisc.edu&noUDP&sock=startd_22905_80d9>
	SlotName: slot1_20@e4052.chtc.wisc.edu
	CondorScratchDir = "/var/lib/condor/execute/slot1/dir_4087376"
	Cpus = 1
	Disk = 1208198
	IoHeavy = 0
	Memory = 4096
...
040 (13655293.316.000) 2023-09-05 00:53:30 Finished transferring input files
...
006 (13655293.316.000) 2023-09-05 00:53:38 Image size of job updated: 695652
	680  -  MemoryUsage of job (MB)
	695652  -  ResidentSetSize of job (KB)
...
006 (13655293.316.000) 2023-09-05 00:58:39 Image size of job updated: 1280760
	977  -  MemoryUsage of job (MB)
	1000368  -  ResidentSetSize of job (KB)
...
006 (13655293.316.000) 2023-09-05 01:03:39 Image size of job updated: 1280760
	1073  -  MemoryUsage of job (MB)
	1098672  -  ResidentSetSize of job (KB)
...
006 (13655293.316.000) 2023-09-05 01:13:40 Image size of job updated: 1280760
	1087  -  MemoryUsage of job (MB)
	1112172  -  ResidentSetSize of job (KB)
...
006 (13655293.316.000) 2023-09-05 01:58:45 Image size of job updated: 1280760
	1096  -  MemoryUsage of job (MB)
	1122172  -  ResidentSetSize of job (KB)
...
006 (13655293.316.000) 2023-09-05 22:38:13 Image size of job updated: 1415820
	1096  -  MemoryUsage of job (MB)
	1122172  -  ResidentSetSize of job (KB)
...
040 (13655293.316.000) 2023-09-05 22:38:13 Started transferring output files
...
040 (13655293.316.000) 2023-09-05 22:38:13 Finished transferring output files
...
005 (13655293.316.000) 2023-09-05 22:38:13 Job terminated.
	(1) Normal termination (return value 0)
		Usr 0 21:16:32, Sys 0 00:06:44  -  Run Remote Usage
		Usr 0 00:00:00, Sys 0 00:00:00  -  Run Local Usage
		Usr 0 21:16:32, Sys 0 00:06:44  -  Total Remote Usage
		Usr 0 00:00:00, Sys 0 00:00:00  -  Total Local Usage
	1309512  -  Run Bytes Sent By Job
	32652772  -  Run Bytes Received By Job
	1309512  -  Total Bytes Sent By Job
	32652772  -  Total Bytes Received By Job
	Partitionable Resources :     Usage  Request Allocated 
	   Cpus                 :      0.99        1         1 
	   Disk (KB)            : 274887      524288   1208198 
	   IoHeavy              :                            0 
	   Memory (MB)          :   1096        4096      4096 

	Job terminated of its own accord at 2023-09-06T03:38:13Z with exit-code 0.
...
