000 (14269004.053.000) 2023-09-11 03:23:01 Job submitted from host: <128.104.101.92:9618?addrs=128.104.101.92-9618+[2607-f388-107c-501-a236-9fff-fe3c-caa8]-9618&alias=submit2.chtc.wisc.edu&noUDP&sock=schedd_1879732_618e>
...
040 (14269004.053.000) 2023-09-11 03:27:33 Started transferring input files
	Transferring to host: <128.105.69.225:9618?addrs=128.105.69.225-9618+[2607-f388-2200-100-eaeb-d3ff-fe40-112c]-9618&alias=e2608.chtc.wisc.edu&noUDP&sock=slot1_86_2432246_1694_87967>
...
040 (14269004.053.000) 2023-09-11 03:27:36 Finished transferring input files
...
001 (14269004.053.000) 2023-09-11 03:27:37 Job executing on host: <128.105.69.225:9618?addrs=128.105.69.225-9618+[2607-f388-2200-100-eaeb-d3ff-fe40-112c]-9618&alias=e2608.chtc.wisc.edu&noUDP&sock=startd_18726_0e91>
	SlotName: slot1_86@e2608.chtc.wisc.edu
	CondorScratchDir = "/var/lib/condor/execute/slot1/dir_2911691"
	Cpus = 1
	Disk = 1458998
	IoHeavy = 0
	Memory = 4096
...
006 (14269004.053.000) 2023-09-11 03:27:45 Image size of job updated: 272752
	164  -  MemoryUsage of job (MB)
	167008  -  ResidentSetSize of job (KB)
...
006 (14269004.053.000) 2023-09-11 03:28:54 Image size of job updated: 272752
	164  -  MemoryUsage of job (MB)
	167264  -  ResidentSetSize of job (KB)
...
040 (14269004.053.000) 2023-09-11 03:28:54 Started transferring output files
...
040 (14269004.053.000) 2023-09-11 03:28:54 Finished transferring output files
...
005 (14269004.053.000) 2023-09-11 03:28:54 Job terminated.
	(1) Normal termination (return value 0)
		Usr 0 00:01:13, Sys 0 00:00:01  -  Run Remote Usage
		Usr 0 00:00:00, Sys 0 00:00:00  -  Run Local Usage
		Usr 0 00:01:13, Sys 0 00:00:01  -  Total Remote Usage
		Usr 0 00:00:00, Sys 0 00:00:00  -  Total Local Usage
	96212  -  Run Bytes Sent By Job
	32664898  -  Run Bytes Received By Job
	96212  -  Total Bytes Sent By Job
	32664898  -  Total Bytes Received By Job
	Partitionable Resources :    Usage  Request Allocated 
	   Cpus                 :                 1         1 
	   Disk (KB)            :   254999   524288   1458998 
	   IoHeavy              :                           0 
	   Memory (MB)          :      164     4096      4096 

	Job terminated of its own accord at 2023-09-11T08:28:54Z with exit-code 0.
...
