000 (13655293.146.000) 2023-09-05 00:33:11 Job submitted from host: <128.104.101.92:9618?addrs=128.104.101.92-9618+[2607-f388-107c-501-a236-9fff-fe3c-caa8]-9618&alias=submit2.chtc.wisc.edu&noUDP&sock=schedd_1879732_618e>
...
040 (13655293.146.000) 2023-09-05 00:37:37 Started transferring input files
	Transferring to host: <128.105.69.164:9618?addrs=128.105.69.164-9618+[2607-f388-2200-100-1270-fdff-fe56-c2ec]-9618&alias=e4097.chtc.wisc.edu&noUDP&sock=slot1_39_731875_e55b_79756>
...
040 (13655293.146.000) 2023-09-05 00:37:39 Finished transferring input files
...
001 (13655293.146.000) 2023-09-05 00:37:41 Job executing on host: <128.105.69.164:9618?addrs=128.105.69.164-9618+[2607-f388-2200-100-1270-fdff-fe56-c2ec]-9618&alias=e4097.chtc.wisc.edu&noUDP&sock=startd_16809_2784>
	SlotName: slot1_39@e4097.chtc.wisc.edu
	CondorScratchDir = "/var/lib/condor/execute/slot1/dir_1252589"
	Cpus = 1
	Disk = 1208198
	IoHeavy = 0
	Memory = 4096
...
006 (13655293.146.000) 2023-09-05 00:37:49 Image size of job updated: 698252
	682  -  MemoryUsage of job (MB)
	698252  -  ResidentSetSize of job (KB)
...
006 (13655293.146.000) 2023-09-05 00:42:49 Image size of job updated: 1287420
	1064  -  MemoryUsage of job (MB)
	1088948  -  ResidentSetSize of job (KB)
...
006 (13655293.146.000) 2023-09-05 00:47:50 Image size of job updated: 1287420
	1078  -  MemoryUsage of job (MB)
	1103700  -  ResidentSetSize of job (KB)
...
006 (13655293.146.000) 2023-09-05 00:57:50 Image size of job updated: 1287420
	1087  -  MemoryUsage of job (MB)
	1112140  -  ResidentSetSize of job (KB)
...
006 (13655293.146.000) 2023-09-05 01:42:56 Image size of job updated: 1287420
	1087  -  MemoryUsage of job (MB)
	1112216  -  ResidentSetSize of job (KB)
...
006 (13655293.146.000) 2023-09-05 23:55:15 Image size of job updated: 1294024
	1264  -  MemoryUsage of job (MB)
	1294024  -  ResidentSetSize of job (KB)
...
040 (13655293.146.000) 2023-09-05 23:55:53 Started transferring output files
...
040 (13655293.146.000) 2023-09-05 23:55:53 Finished transferring output files
...
005 (13655293.146.000) 2023-09-05 23:55:53 Job terminated.
	(1) Normal termination (return value 0)
		Usr 0 22:54:19, Sys 0 00:02:20  -  Run Remote Usage
		Usr 0 00:00:00, Sys 0 00:00:00  -  Run Local Usage
		Usr 0 22:54:19, Sys 0 00:02:20  -  Total Remote Usage
		Usr 0 00:00:00, Sys 0 00:00:00  -  Total Local Usage
	1309690  -  Run Bytes Sent By Job
	32652772  -  Run Bytes Received By Job
	1309690  -  Total Bytes Sent By Job
	32652772  -  Total Bytes Received By Job
	Partitionable Resources :     Usage  Request Allocated 
	   Cpus                 :      0.98        1         1 
	   Disk (KB)            : 274916      524288   1208198 
	   IoHeavy              :                            0 
	   Memory (MB)          :   1264        4096      4096 

	Job terminated of its own accord at 2023-09-06T04:55:51Z with exit-code 0.
...
