000 (13655293.227.000) 2023-09-05 00:33:11 Job submitted from host: <128.104.101.92:9618?addrs=128.104.101.92-9618+[2607-f388-107c-501-a236-9fff-fe3c-caa8]-9618&alias=submit2.chtc.wisc.edu&noUDP&sock=schedd_1879732_618e>
...
040 (13655293.227.000) 2023-09-05 00:45:46 Started transferring input files
	Transferring to host: <128.105.69.214:9618?addrs=128.105.69.214-9618+[2607-f388-2200-100-eaeb-d3ff-fe3f-fbf4]-9618&alias=e2597.chtc.wisc.edu&noUDP&sock=slot1_61_1690718_87ca_60944>
...
040 (13655293.227.000) 2023-09-05 00:45:49 Finished transferring input files
...
001 (13655293.227.000) 2023-09-05 00:45:52 Job executing on host: <128.105.69.214:9618?addrs=128.105.69.214-9618+[2607-f388-2200-100-eaeb-d3ff-fe3f-fbf4]-9618&alias=e2597.chtc.wisc.edu&noUDP&sock=startd_18862_5773>
	SlotName: slot1_61@e2597.chtc.wisc.edu
	CondorScratchDir = "/var/lib/condor/execute/slot1/dir_1522357"
	Cpus = 1
	Disk = 1458998
	IoHeavy = 0
	Memory = 4096
...
006 (13655293.227.000) 2023-09-05 00:46:00 Image size of job updated: 683380
	668  -  MemoryUsage of job (MB)
	683380  -  ResidentSetSize of job (KB)
...
006 (13655293.227.000) 2023-09-05 00:51:00 Image size of job updated: 1267208
	1238  -  MemoryUsage of job (MB)
	1266976  -  ResidentSetSize of job (KB)
...
006 (13655293.227.000) 2023-09-05 00:56:00 Image size of job updated: 1284348
	1238  -  MemoryUsage of job (MB)
	1266976  -  ResidentSetSize of job (KB)
...
006 (13655293.227.000) 2023-09-05 21:39:56 Image size of job updated: 1376308
	1238  -  MemoryUsage of job (MB)
	1266976  -  ResidentSetSize of job (KB)
...
040 (13655293.227.000) 2023-09-05 21:39:56 Started transferring output files
...
040 (13655293.227.000) 2023-09-05 21:39:56 Finished transferring output files
...
005 (13655293.227.000) 2023-09-05 21:39:56 Job terminated.
	(1) Normal termination (return value 0)
		Usr 0 20:29:34, Sys 0 00:03:20  -  Run Remote Usage
		Usr 0 00:00:00, Sys 0 00:00:00  -  Run Local Usage
		Usr 0 20:29:34, Sys 0 00:03:20  -  Total Remote Usage
		Usr 0 00:00:00, Sys 0 00:00:00  -  Total Local Usage
	1309583  -  Run Bytes Sent By Job
	32652772  -  Run Bytes Received By Job
	1309583  -  Total Bytes Sent By Job
	32652772  -  Total Bytes Received By Job
	Partitionable Resources :     Usage  Request Allocated 
	   Cpus                 :      0.99        1         1 
	   Disk (KB)            : 274904      524288   1458998 
	   IoHeavy              :                            0 
	   Memory (MB)          :   1238        4096      4096 

	Job terminated of its own accord at 2023-09-06T02:39:56Z with exit-code 0.
...
