000 (13655293.443.000) 2023-09-05 00:33:11 Job submitted from host: <128.104.101.92:9618?addrs=128.104.101.92-9618+[2607-f388-107c-501-a236-9fff-fe3c-caa8]-9618&alias=submit2.chtc.wisc.edu&noUDP&sock=schedd_1879732_618e>
...
040 (13655293.443.000) 2023-09-05 00:56:16 Started transferring input files
	Transferring to host: <128.105.69.163:9618?addrs=128.105.69.163-9618+[2607-f388-2200-100-1270-fdff-fe56-c6f4]-9618&alias=e4096.chtc.wisc.edu&noUDP&sock=slot1_69_561226_3cdf_68596>
...
001 (13655293.443.000) 2023-09-05 00:56:36 Job executing on host: <128.105.69.163:9618?addrs=128.105.69.163-9618+[2607-f388-2200-100-1270-fdff-fe56-c6f4]-9618&alias=e4096.chtc.wisc.edu&noUDP&sock=startd_18840_405d>
	SlotName: slot1_69@e4096.chtc.wisc.edu
	CondorScratchDir = "/var/lib/condor/execute/slot1/dir_3962300"
	Cpus = 1
	Disk = 1208198
	IoHeavy = 0
	Memory = 4096
...
040 (13655293.443.000) 2023-09-05 00:56:36 Finished transferring input files
...
006 (13655293.443.000) 2023-09-05 00:56:45 Image size of job updated: 692152
	676  -  MemoryUsage of job (MB)
	692152  -  ResidentSetSize of job (KB)
...
006 (13655293.443.000) 2023-09-05 01:01:45 Image size of job updated: 1278968
	1047  -  MemoryUsage of job (MB)
	1072072  -  ResidentSetSize of job (KB)
...
006 (13655293.443.000) 2023-09-05 01:06:46 Image size of job updated: 1278968
	1069  -  MemoryUsage of job (MB)
	1094208  -  ResidentSetSize of job (KB)
...
006 (13655293.443.000) 2023-09-05 01:11:50 Image size of job updated: 1278968
	1079  -  MemoryUsage of job (MB)
	1104172  -  ResidentSetSize of job (KB)
...
006 (13655293.443.000) 2023-09-05 01:16:47 Image size of job updated: 1278968
	1084  -  MemoryUsage of job (MB)
	1109548  -  ResidentSetSize of job (KB)
...
006 (13655293.443.000) 2023-09-05 01:56:52 Image size of job updated: 1278968
	1090  -  MemoryUsage of job (MB)
	1115960  -  ResidentSetSize of job (KB)
...
006 (13655293.443.000) 2023-09-05 02:46:58 Image size of job updated: 1278968
	1091  -  MemoryUsage of job (MB)
	1116412  -  ResidentSetSize of job (KB)
...
006 (13655293.443.000) 2023-09-05 23:46:34 Image size of job updated: 1411788
	1091  -  MemoryUsage of job (MB)
	1116412  -  ResidentSetSize of job (KB)
...
040 (13655293.443.000) 2023-09-05 23:46:34 Started transferring output files
...
040 (13655293.443.000) 2023-09-05 23:46:34 Finished transferring output files
...
005 (13655293.443.000) 2023-09-05 23:46:34 Job terminated.
	(1) Normal termination (return value 0)
		Usr 0 22:21:37, Sys 0 00:04:16  -  Run Remote Usage
		Usr 0 00:00:00, Sys 0 00:00:00  -  Run Local Usage
		Usr 0 22:21:37, Sys 0 00:04:16  -  Total Remote Usage
		Usr 0 00:00:00, Sys 0 00:00:00  -  Total Local Usage
	1309729  -  Run Bytes Sent By Job
	32652772  -  Run Bytes Received By Job
	1309729  -  Total Bytes Sent By Job
	32652772  -  Total Bytes Received By Job
	Partitionable Resources :     Usage  Request Allocated 
	   Cpus                 :      0.98        1         1 
	   Disk (KB)            : 274900      524288   1208198 
	   IoHeavy              :                            0 
	   Memory (MB)          :   1091        4096      4096 

	Job terminated of its own accord at 2023-09-06T04:46:34Z with exit-code 0.
...
