000 (13655293.180.000) 2023-09-05 00:33:11 Job submitted from host: <128.104.101.92:9618?addrs=128.104.101.92-9618+[2607-f388-107c-501-a236-9fff-fe3c-caa8]-9618&alias=submit2.chtc.wisc.edu&noUDP&sock=schedd_1879732_618e>
...
040 (13655293.180.000) 2023-09-05 00:43:12 Started transferring input files
	Transferring to host: <128.105.69.189:9618?addrs=128.105.69.189-9618+[2607-f388-2200-100-1270-fdff-fe56-644c]-9618&alias=e4042.chtc.wisc.edu&noUDP&sock=slot1_105_3770169_e03a_55834>
...
040 (13655293.180.000) 2023-09-05 00:43:14 Finished transferring input files
...
001 (13655293.180.000) 2023-09-05 00:43:16 Job executing on host: <128.105.69.189:9618?addrs=128.105.69.189-9618+[2607-f388-2200-100-1270-fdff-fe56-644c]-9618&alias=e4042.chtc.wisc.edu&noUDP&sock=startd_15959_2004>
	SlotName: slot1_105@e4042.chtc.wisc.edu
	CondorScratchDir = "/var/lib/condor/execute/slot1/dir_3499344"
	Cpus = 1
	Disk = 1208198
	IoHeavy = 0
	Memory = 4096
...
006 (13655293.180.000) 2023-09-05 00:43:24 Image size of job updated: 683756
	668  -  MemoryUsage of job (MB)
	683756  -  ResidentSetSize of job (KB)
...
006 (13655293.180.000) 2023-09-05 00:48:24 Image size of job updated: 1284752
	1048  -  MemoryUsage of job (MB)
	1072968  -  ResidentSetSize of job (KB)
...
006 (13655293.180.000) 2023-09-05 00:53:24 Image size of job updated: 1284752
	1074  -  MemoryUsage of job (MB)
	1099540  -  ResidentSetSize of job (KB)
...
006 (13655293.180.000) 2023-09-05 00:58:27 Image size of job updated: 1284752
	1076  -  MemoryUsage of job (MB)
	1101416  -  ResidentSetSize of job (KB)
...
006 (13655293.180.000) 2023-09-05 01:08:26 Image size of job updated: 1284752
	1080  -  MemoryUsage of job (MB)
	1105812  -  ResidentSetSize of job (KB)
...
006 (13655293.180.000) 2023-09-05 01:33:28 Image size of job updated: 1284752
	1084  -  MemoryUsage of job (MB)
	1109244  -  ResidentSetSize of job (KB)
...
006 (13655293.180.000) 2023-09-05 04:03:46 Image size of job updated: 1284752
	1086  -  MemoryUsage of job (MB)
	1111584  -  ResidentSetSize of job (KB)
...
006 (13655293.180.000) 2023-09-05 04:38:50 Image size of job updated: 1284752
	1086  -  MemoryUsage of job (MB)
	1111632  -  ResidentSetSize of job (KB)
...
006 (13655293.180.000) 2023-09-05 07:04:08 Image size of job updated: 1284752
	1086  -  MemoryUsage of job (MB)
	1111640  -  ResidentSetSize of job (KB)
...
006 (13655293.180.000) 2023-09-05 08:04:14 Image size of job updated: 1284752
	1086  -  MemoryUsage of job (MB)
	1111644  -  ResidentSetSize of job (KB)
...
006 (13655293.180.000) 2023-09-05 23:41:36 Image size of job updated: 1341188
	1086  -  MemoryUsage of job (MB)
	1111644  -  ResidentSetSize of job (KB)
...
040 (13655293.180.000) 2023-09-05 23:41:36 Started transferring output files
...
040 (13655293.180.000) 2023-09-05 23:41:36 Finished transferring output files
...
005 (13655293.180.000) 2023-09-05 23:41:36 Job terminated.
	(1) Normal termination (return value 0)
		Usr 0 22:32:05, Sys 0 00:05:09  -  Run Remote Usage
		Usr 0 00:00:00, Sys 0 00:00:00  -  Run Local Usage
		Usr 0 22:32:05, Sys 0 00:05:09  -  Total Remote Usage
		Usr 0 00:00:00, Sys 0 00:00:00  -  Total Local Usage
	1309616  -  Run Bytes Sent By Job
	32652772  -  Run Bytes Received By Job
	1309616  -  Total Bytes Sent By Job
	32652772  -  Total Bytes Received By Job
	Partitionable Resources :     Usage  Request Allocated 
	   Cpus                 :      0.99        1         1 
	   Disk (KB)            : 274915      524288   1208198 
	   IoHeavy              :                            0 
	   Memory (MB)          :   1086        4096      4096 

	Job terminated of its own accord at 2023-09-06T04:41:36Z with exit-code 0.
...
