000 (14268886.056.000) 2023-09-11 03:21:39 Job submitted from host: <128.104.101.92:9618?addrs=128.104.101.92-9618+[2607-f388-107c-501-a236-9fff-fe3c-caa8]-9618&alias=submit2.chtc.wisc.edu&noUDP&sock=schedd_1879732_618e>
...
040 (14268886.056.000) 2023-09-11 03:25:34 Started transferring input files
	Transferring to host: <128.105.69.206:9618?addrs=128.105.69.206-9618+[2607-f388-2200-100-eaeb-d3ff-fe40-2844]-9618&alias=e2589.chtc.wisc.edu&noUDP&sock=slot1_7_113147_0c12_97647>
...
040 (14268886.056.000) 2023-09-11 03:25:37 Finished transferring input files
...
001 (14268886.056.000) 2023-09-11 03:25:38 Job executing on host: <128.105.69.206:9618?addrs=128.105.69.206-9618+[2607-f388-2200-100-eaeb-d3ff-fe40-2844]-9618&alias=e2589.chtc.wisc.edu&noUDP&sock=startd_18780_18af>
	SlotName: slot1_7@e2589.chtc.wisc.edu
	CondorScratchDir = "/var/lib/condor/execute/slot1/dir_3669905"
	Cpus = 1
	Disk = 1458998
	IoHeavy = 0
	Memory = 4096
...
006 (14268886.056.000) 2023-09-11 03:25:46 Image size of job updated: 516364
	504  -  MemoryUsage of job (MB)
	515788  -  ResidentSetSize of job (KB)
...
006 (14268886.056.000) 2023-09-11 03:26:59 Image size of job updated: 703496
	504  -  MemoryUsage of job (MB)
	515788  -  ResidentSetSize of job (KB)
...
040 (14268886.056.000) 2023-09-11 03:26:59 Started transferring output files
...
040 (14268886.056.000) 2023-09-11 03:26:59 Finished transferring output files
...
005 (14268886.056.000) 2023-09-11 03:27:00 Job terminated.
	(1) Normal termination (return value 0)
		Usr 0 00:01:14, Sys 0 00:00:03  -  Run Remote Usage
		Usr 0 00:00:00, Sys 0 00:00:00  -  Run Local Usage
		Usr 0 00:01:14, Sys 0 00:00:03  -  Total Remote Usage
		Usr 0 00:00:00, Sys 0 00:00:00  -  Total Local Usage
	94147  -  Run Bytes Sent By Job
	32720416  -  Run Bytes Received By Job
	94147  -  Total Bytes Sent By Job
	32720416  -  Total Bytes Received By Job
	Partitionable Resources :     Usage  Request Allocated 
	   Cpus                 :      0.09        1         1 
	   Disk (KB)            : 261259      524288   1458998 
	   IoHeavy              :                            0 
	   Memory (MB)          :    504        4096      4096 

	Job terminated of its own accord at 2023-09-11T08:26:59Z with exit-code 0.
...
