000 (13655293.427.000) 2023-09-05 00:33:11 Job submitted from host: <128.104.101.92:9618?addrs=128.104.101.92-9618+[2607-f388-107c-501-a236-9fff-fe3c-caa8]-9618&alias=submit2.chtc.wisc.edu&noUDP&sock=schedd_1879732_618e>
...
040 (13655293.427.000) 2023-09-05 00:56:11 Started transferring input files
	Transferring to host: <128.105.69.157:9618?addrs=128.105.69.157-9618+[2607-f388-2200-100-1270-fdff-fe56-c3a4]-9618&alias=e4090.chtc.wisc.edu&noUDP&sock=slot1_18_1363133_4360_49254>
...
001 (13655293.427.000) 2023-09-05 00:57:31 Job executing on host: <128.105.69.157:9618?addrs=128.105.69.157-9618+[2607-f388-2200-100-1270-fdff-fe56-c3a4]-9618&alias=e4090.chtc.wisc.edu&noUDP&sock=startd_18322_f24e>
	SlotName: slot1_18@e4090.chtc.wisc.edu
	CondorScratchDir = "/var/lib/condor/execute/slot1/dir_555287"
	Cpus = 1
	Disk = 1208198
	IoHeavy = 0
	Memory = 4096
...
040 (13655293.427.000) 2023-09-05 00:57:31 Finished transferring input files
...
006 (13655293.427.000) 2023-09-05 00:57:41 Image size of job updated: 588956
	576  -  MemoryUsage of job (MB)
	588956  -  ResidentSetSize of job (KB)
...
006 (13655293.427.000) 2023-09-05 01:02:41 Image size of job updated: 980388
	958  -  MemoryUsage of job (MB)
	980388  -  ResidentSetSize of job (KB)
...
006 (13655293.427.000) 2023-09-05 01:07:41 Image size of job updated: 1160848
	1134  -  MemoryUsage of job (MB)
	1160736  -  ResidentSetSize of job (KB)
...
006 (13655293.427.000) 2023-09-05 01:12:42 Image size of job updated: 1177660
	1134  -  MemoryUsage of job (MB)
	1160736  -  ResidentSetSize of job (KB)
...
006 (13655293.427.000) 2023-09-06 00:56:54 Image size of job updated: 1304292
	1134  -  MemoryUsage of job (MB)
	1160736  -  ResidentSetSize of job (KB)
...
040 (13655293.427.000) 2023-09-06 00:56:54 Started transferring output files
...
040 (13655293.427.000) 2023-09-06 00:56:54 Finished transferring output files
...
005 (13655293.427.000) 2023-09-06 00:56:54 Job terminated.
	(1) Normal termination (return value 0)
		Usr 0 23:38:16, Sys 0 00:04:54  -  Run Remote Usage
		Usr 0 00:00:00, Sys 0 00:00:00  -  Run Local Usage
		Usr 0 23:38:16, Sys 0 00:04:54  -  Total Remote Usage
		Usr 0 00:00:00, Sys 0 00:00:00  -  Total Local Usage
	1309496  -  Run Bytes Sent By Job
	32652772  -  Run Bytes Received By Job
	1309496  -  Total Bytes Sent By Job
	32652772  -  Total Bytes Received By Job
	Partitionable Resources :     Usage  Request Allocated 
	   Cpus                 :      0.98        1         1 
	   Disk (KB)            : 274910      524288   1208198 
	   IoHeavy              :                            0 
	   Memory (MB)          :   1134        4096      4096 

	Job terminated of its own accord at 2023-09-06T05:56:54Z with exit-code 0.
...
