000 (14312691.023.000) 2023-09-11 11:54:06 Job submitted from host: <128.104.101.92:9618?addrs=128.104.101.92-9618+[2607-f388-107c-501-a236-9fff-fe3c-caa8]-9618&alias=submit2.chtc.wisc.edu&noUDP&sock=schedd_1879732_618e>
...
040 (14312691.023.000) 2023-09-11 12:00:25 Started transferring input files
	Transferring to host: <128.105.69.95:9618?addrs=128.105.69.95-9618+[2607-f388-2200-100-1270-fdff-fe56-bff4]-9618&alias=e4006.chtc.wisc.edu&noUDP&sock=slot1_83_3283200_297f_96991>
...
040 (14312691.023.000) 2023-09-11 12:00:26 Finished transferring input files
...
001 (14312691.023.000) 2023-09-11 12:00:29 Job executing on host: <128.105.69.95:9618?addrs=128.105.69.95-9618+[2607-f388-2200-100-1270-fdff-fe56-bff4]-9618&alias=e4006.chtc.wisc.edu&noUDP&sock=startd_2383497_450b>
	SlotName: slot1_83@e4006.chtc.wisc.edu
	CondorScratchDir = "/var/lib/condor/execute/slot1/dir_1190027"
	Cpus = 1
	Disk = 1208198
	IoHeavy = 0
	Memory = 4096
...
006 (14312691.023.000) 2023-09-11 12:00:38 Image size of job updated: 273916
	176  -  MemoryUsage of job (MB)
	179380  -  ResidentSetSize of job (KB)
...
040 (14312691.023.000) 2023-09-11 12:04:11 Started transferring output files
...
040 (14312691.023.000) 2023-09-11 12:04:13 Finished transferring output files
...
005 (14312691.023.000) 2023-09-11 12:04:21 Job terminated.
	(1) Normal termination (return value 0)
		Usr 0 00:03:33, Sys 0 00:00:01  -  Run Remote Usage
		Usr 0 00:00:00, Sys 0 00:00:00  -  Run Local Usage
		Usr 0 00:03:33, Sys 0 00:00:01  -  Total Remote Usage
		Usr 0 00:00:00, Sys 0 00:00:00  -  Total Local Usage
	178188  -  Run Bytes Sent By Job
	32664896  -  Run Bytes Received By Job
	178188  -  Total Bytes Sent By Job
	32664896  -  Total Bytes Received By Job
	Partitionable Resources :     Usage  Request Allocated 
	   Cpus                 :      0.98        1         1 
	   Disk (KB)            : 255087      524288   1208198 
	   IoHeavy              :                            0 
	   Memory (MB)          :    176        4096      4096 

	Job terminated of its own accord at 2023-09-11T17:04:10Z with exit-code 0.
...
