000 (13655293.476.000) 2023-09-05 00:33:11 Job submitted from host: <128.104.101.92:9618?addrs=128.104.101.92-9618+[2607-f388-107c-501-a236-9fff-fe3c-caa8]-9618&alias=submit2.chtc.wisc.edu&noUDP&sock=schedd_1879732_618e>
...
040 (13655293.476.000) 2023-09-05 00:56:40 Started transferring input files
	Transferring to host: <128.105.69.157:9618?addrs=128.105.69.157-9618+[2607-f388-2200-100-1270-fdff-fe56-c3a4]-9618&alias=e4090.chtc.wisc.edu&noUDP&sock=slot1_107_1363133_4360_49283>
...
001 (13655293.476.000) 2023-09-05 00:56:49 Job executing on host: <128.105.69.157:9618?addrs=128.105.69.157-9618+[2607-f388-2200-100-1270-fdff-fe56-c3a4]-9618&alias=e4090.chtc.wisc.edu&noUDP&sock=startd_18322_f24e>
	SlotName: slot1_107@e4090.chtc.wisc.edu
	CondorScratchDir = "/var/lib/condor/execute/slot1/dir_555632"
	Cpus = 1
	Disk = 1208198
	IoHeavy = 0
	Memory = 4096
...
040 (13655293.476.000) 2023-09-05 00:56:49 Finished transferring input files
...
006 (13655293.476.000) 2023-09-05 00:56:59 Image size of job updated: 697228
	681  -  MemoryUsage of job (MB)
	697224  -  ResidentSetSize of job (KB)
...
006 (13655293.476.000) 2023-09-05 01:01:59 Image size of job updated: 990964
	968  -  MemoryUsage of job (MB)
	990964  -  ResidentSetSize of job (KB)
...
006 (13655293.476.000) 2023-09-05 01:06:59 Image size of job updated: 1260024
	1231  -  MemoryUsage of job (MB)
	1260024  -  ResidentSetSize of job (KB)
...
006 (13655293.476.000) 2023-09-05 01:12:01 Image size of job updated: 1288180
	1258  -  MemoryUsage of job (MB)
	1288180  -  ResidentSetSize of job (KB)
...
006 (13655293.476.000) 2023-09-06 00:32:06 Image size of job updated: 1414720
	1258  -  MemoryUsage of job (MB)
	1288180  -  ResidentSetSize of job (KB)
...
040 (13655293.476.000) 2023-09-06 00:32:06 Started transferring output files
...
040 (13655293.476.000) 2023-09-06 00:32:06 Finished transferring output files
...
005 (13655293.476.000) 2023-09-06 00:32:09 Job terminated.
	(1) Normal termination (return value 0)
		Usr 0 23:15:04, Sys 0 00:03:24  -  Run Remote Usage
		Usr 0 00:00:00, Sys 0 00:00:00  -  Run Local Usage
		Usr 0 23:15:04, Sys 0 00:03:24  -  Total Remote Usage
		Usr 0 00:00:00, Sys 0 00:00:00  -  Total Local Usage
	1309441  -  Run Bytes Sent By Job
	32652772  -  Run Bytes Received By Job
	1309441  -  Total Bytes Sent By Job
	32652772  -  Total Bytes Received By Job
	Partitionable Resources :     Usage  Request Allocated 
	   Cpus                 :      0.99        1         1 
	   Disk (KB)            : 274897      524288   1208198 
	   IoHeavy              :                            0 
	   Memory (MB)          :   1258        4096      4096 

	Job terminated of its own accord at 2023-09-06T05:32:06Z with exit-code 0.
...
