000 (13655293.208.000) 2023-09-05 00:33:11 Job submitted from host: <128.104.101.92:9618?addrs=128.104.101.92-9618+[2607-f388-107c-501-a236-9fff-fe3c-caa8]-9618&alias=submit2.chtc.wisc.edu&noUDP&sock=schedd_1879732_618e>
...
040 (13655293.208.000) 2023-09-05 00:44:42 Started transferring input files
	Transferring to host: <128.105.69.137:9618?addrs=128.105.69.137-9618+[2607-f388-2200-100-1270-fdff-fe56-d12c]-9618&alias=e4014.chtc.wisc.edu&noUDP&sock=slot1_22_1985361_2db7_51967>
...
040 (13655293.208.000) 2023-09-05 00:44:43 Finished transferring input files
...
001 (13655293.208.000) 2023-09-05 00:45:13 Job executing on host: <128.105.69.137:9618?addrs=128.105.69.137-9618+[2607-f388-2200-100-1270-fdff-fe56-d12c]-9618&alias=e4014.chtc.wisc.edu&noUDP&sock=startd_15862_9754>
	SlotName: slot1_22@e4014.chtc.wisc.edu
	CondorScratchDir = "/var/lib/condor/execute/slot1/dir_4055614"
	Cpus = 1
	Disk = 1208198
	IoHeavy = 0
	Memory = 4096
...
006 (13655293.208.000) 2023-09-05 00:45:21 Image size of job updated: 685148
	670  -  MemoryUsage of job (MB)
	685148  -  ResidentSetSize of job (KB)
...
006 (13655293.208.000) 2023-09-05 00:50:21 Image size of job updated: 1283180
	1056  -  MemoryUsage of job (MB)
	1081320  -  ResidentSetSize of job (KB)
...
006 (13655293.208.000) 2023-09-05 00:55:21 Image size of job updated: 1283180
	1074  -  MemoryUsage of job (MB)
	1099604  -  ResidentSetSize of job (KB)
...
006 (13655293.208.000) 2023-09-05 01:05:22 Image size of job updated: 1283180
	1084  -  MemoryUsage of job (MB)
	1109140  -  ResidentSetSize of job (KB)
...
006 (13655293.208.000) 2023-09-05 03:05:34 Image size of job updated: 1283180
	1085  -  MemoryUsage of job (MB)
	1110696  -  ResidentSetSize of job (KB)
...
006 (13655293.208.000) 2023-09-05 03:40:38 Image size of job updated: 1283180
	1085  -  MemoryUsage of job (MB)
	1110920  -  ResidentSetSize of job (KB)
...
006 (13655293.208.000) 2023-09-05 23:05:19 Image size of job updated: 1411316
	1085  -  MemoryUsage of job (MB)
	1110920  -  ResidentSetSize of job (KB)
...
040 (13655293.208.000) 2023-09-05 23:05:19 Started transferring output files
...
040 (13655293.208.000) 2023-09-05 23:05:19 Finished transferring output files
...
005 (13655293.208.000) 2023-09-05 23:05:19 Job terminated.
	(1) Normal termination (return value 0)
		Usr 0 21:56:55, Sys 0 00:03:44  -  Run Remote Usage
		Usr 0 00:00:00, Sys 0 00:00:00  -  Run Local Usage
		Usr 0 21:56:55, Sys 0 00:03:44  -  Total Remote Usage
		Usr 0 00:00:00, Sys 0 00:00:00  -  Total Local Usage
	1309372  -  Run Bytes Sent By Job
	32652772  -  Run Bytes Received By Job
	1309372  -  Total Bytes Sent By Job
	32652772  -  Total Bytes Received By Job
	Partitionable Resources :     Usage  Request Allocated 
	   Cpus                 :      0.99        1         1 
	   Disk (KB)            : 274898      524288   1208198 
	   IoHeavy              :                            0 
	   Memory (MB)          :   1085        4096      4096 

	Job terminated of its own accord at 2023-09-06T04:05:19Z with exit-code 0.
...
