000 (14269004.052.000) 2023-09-11 03:23:01 Job submitted from host: <128.104.101.92:9618?addrs=128.104.101.92-9618+[2607-f388-107c-501-a236-9fff-fe3c-caa8]-9618&alias=submit2.chtc.wisc.edu&noUDP&sock=schedd_1879732_618e>
...
040 (14269004.052.000) 2023-09-11 03:27:35 Started transferring input files
	Transferring to host: <128.105.69.117:9618?addrs=128.105.69.117-9618+[2607-f388-2200-100-1270-fdff-fe56-7b34]-9618&alias=e4066.chtc.wisc.edu&noUDP&sock=slot1_192_720535_d70d_95717>
...
040 (14269004.052.000) 2023-09-11 03:27:37 Finished transferring input files
...
001 (14269004.052.000) 2023-09-11 03:27:38 Job executing on host: <128.105.69.117:9618?addrs=128.105.69.117-9618+[2607-f388-2200-100-1270-fdff-fe56-7b34]-9618&alias=e4066.chtc.wisc.edu&noUDP&sock=startd_18717_e237>
	SlotName: slot1_192@e4066.chtc.wisc.edu
	CondorScratchDir = "/var/lib/condor/execute/slot1/dir_869354"
	Cpus = 1
	Disk = 1208198
	IoHeavy = 0
	Memory = 4096
...
006 (14269004.052.000) 2023-09-11 03:27:46 Image size of job updated: 273244
	78  -  MemoryUsage of job (MB)
	79668  -  ResidentSetSize of job (KB)
...
006 (14269004.052.000) 2023-09-11 03:29:19 Image size of job updated: 273244
	80  -  MemoryUsage of job (MB)
	81448  -  ResidentSetSize of job (KB)
...
040 (14269004.052.000) 2023-09-11 03:29:19 Started transferring output files
...
040 (14269004.052.000) 2023-09-11 03:29:19 Finished transferring output files
...
005 (14269004.052.000) 2023-09-11 03:29:19 Job terminated.
	(1) Normal termination (return value 0)
		Usr 0 00:01:35, Sys 0 00:00:01  -  Run Remote Usage
		Usr 0 00:00:00, Sys 0 00:00:00  -  Run Local Usage
		Usr 0 00:01:35, Sys 0 00:00:01  -  Total Remote Usage
		Usr 0 00:00:00, Sys 0 00:00:00  -  Total Local Usage
	103937  -  Run Bytes Sent By Job
	32664898  -  Run Bytes Received By Job
	103937  -  Total Bytes Sent By Job
	32664898  -  Total Bytes Received By Job
	Partitionable Resources :     Usage  Request Allocated 
	   Cpus                 :      0.97        1         1 
	   Disk (KB)            : 255014      524288   1208198 
	   IoHeavy              :                            0 
	   Memory (MB)          :     80        4096      4096 

	Job terminated of its own accord at 2023-09-11T08:29:19Z with exit-code 0.
...
