000 (13655293.416.000) 2023-09-05 00:33:11 Job submitted from host: <128.104.101.92:9618?addrs=128.104.101.92-9618+[2607-f388-107c-501-a236-9fff-fe3c-caa8]-9618&alias=submit2.chtc.wisc.edu&noUDP&sock=schedd_1879732_618e>
...
040 (13655293.416.000) 2023-09-05 00:56:10 Started transferring input files
	Transferring to host: <128.105.69.114:9618?addrs=128.105.69.114-9618+[2607-f388-2200-100-1270-fdff-fe56-470c]-9618&alias=e4063.chtc.wisc.edu&noUDP&sock=slot1_121_3865253_27d4_61015>
...
001 (13655293.416.000) 2023-09-05 00:56:50 Job executing on host: <128.105.69.114:9618?addrs=128.105.69.114-9618+[2607-f388-2200-100-1270-fdff-fe56-470c]-9618&alias=e4063.chtc.wisc.edu&noUDP&sock=startd_18888_2ce9>
	SlotName: slot1_121@e4063.chtc.wisc.edu
	CondorScratchDir = "/var/lib/condor/execute/slot1/dir_1282839"
	Cpus = 1
	Disk = 1208198
	IoHeavy = 0
	Memory = 4096
...
040 (13655293.416.000) 2023-09-05 00:56:50 Finished transferring input files
...
006 (13655293.416.000) 2023-09-05 00:56:58 Image size of job updated: 721848
	705  -  MemoryUsage of job (MB)
	721848  -  ResidentSetSize of job (KB)
...
006 (13655293.416.000) 2023-09-05 01:01:59 Image size of job updated: 1288756
	1062  -  MemoryUsage of job (MB)
	1087436  -  ResidentSetSize of job (KB)
...
006 (13655293.416.000) 2023-09-05 01:06:59 Image size of job updated: 1288756
	1073  -  MemoryUsage of job (MB)
	1098036  -  ResidentSetSize of job (KB)
...
006 (13655293.416.000) 2023-09-05 01:17:01 Image size of job updated: 1288756
	1085  -  MemoryUsage of job (MB)
	1110956  -  ResidentSetSize of job (KB)
...
006 (13655293.416.000) 2023-09-05 02:12:06 Image size of job updated: 1288756
	1088  -  MemoryUsage of job (MB)
	1113636  -  ResidentSetSize of job (KB)
...
006 (13655293.416.000) 2023-09-05 03:12:13 Image size of job updated: 1288756
	1089  -  MemoryUsage of job (MB)
	1114256  -  ResidentSetSize of job (KB)
...
006 (13655293.416.000) 2023-09-05 04:32:22 Image size of job updated: 1288756
	1089  -  MemoryUsage of job (MB)
	1114260  -  ResidentSetSize of job (KB)
...
006 (13655293.416.000) 2023-09-05 05:12:27 Image size of job updated: 1288756
	1089  -  MemoryUsage of job (MB)
	1114364  -  ResidentSetSize of job (KB)
...
006 (13655293.416.000) 2023-09-05 20:26:42 Image size of job updated: 1413784
	1089  -  MemoryUsage of job (MB)
	1114364  -  ResidentSetSize of job (KB)
...
040 (13655293.416.000) 2023-09-05 20:26:42 Started transferring output files
...
040 (13655293.416.000) 2023-09-05 20:26:42 Finished transferring output files
...
005 (13655293.416.000) 2023-09-05 20:26:42 Job terminated.
	(1) Normal termination (return value 0)
		Usr 0 19:07:26, Sys 0 00:04:23  -  Run Remote Usage
		Usr 0 00:00:00, Sys 0 00:00:00  -  Run Local Usage
		Usr 0 19:07:26, Sys 0 00:04:23  -  Total Remote Usage
		Usr 0 00:00:00, Sys 0 00:00:00  -  Total Local Usage
	1309659  -  Run Bytes Sent By Job
	32652772  -  Run Bytes Received By Job
	1309659  -  Total Bytes Sent By Job
	32652772  -  Total Bytes Received By Job
	Partitionable Resources :     Usage  Request Allocated 
	   Cpus                 :      0.99        1         1 
	   Disk (KB)            : 274885      524288   1208198 
	   IoHeavy              :                            0 
	   Memory (MB)          :   1089        4096      4096 

	Job terminated of its own accord at 2023-09-06T01:26:42Z with exit-code 0.
...
