000 (13655293.480.000) 2023-09-05 00:33:11 Job submitted from host: <128.104.101.92:9618?addrs=128.104.101.92-9618+[2607-f388-107c-501-a236-9fff-fe3c-caa8]-9618&alias=submit2.chtc.wisc.edu&noUDP&sock=schedd_1879732_618e>
...
040 (13655293.480.000) 2023-09-05 00:57:20 Started transferring input files
	Transferring to host: <128.105.69.221:9618?addrs=128.105.69.221-9618+[2607-f388-2200-100-eaeb-d3ff-fe40-2304]-9618&alias=e2604.chtc.wisc.edu&noUDP&sock=slot1_83_1223419_1c6f_62202>
...
040 (13655293.480.000) 2023-09-05 00:57:31 Finished transferring input files
...
001 (13655293.480.000) 2023-09-05 00:57:59 Job executing on host: <128.105.69.221:9618?addrs=128.105.69.221-9618+[2607-f388-2200-100-eaeb-d3ff-fe40-2304]-9618&alias=e2604.chtc.wisc.edu&noUDP&sock=startd_18650_ed5f>
	SlotName: slot1_83@e2604.chtc.wisc.edu
	CondorScratchDir = "/var/lib/condor/execute/slot1/dir_4163051"
	Cpus = 1
	Disk = 1458998
	IoHeavy = 0
	Memory = 4096
...
006 (13655293.480.000) 2023-09-05 00:58:07 Image size of job updated: 670148
	655  -  MemoryUsage of job (MB)
	670148  -  ResidentSetSize of job (KB)
...
006 (13655293.480.000) 2023-09-05 01:03:07 Image size of job updated: 1288172
	1064  -  MemoryUsage of job (MB)
	1088616  -  ResidentSetSize of job (KB)
...
006 (13655293.480.000) 2023-09-05 01:08:08 Image size of job updated: 1288172
	1079  -  MemoryUsage of job (MB)
	1103936  -  ResidentSetSize of job (KB)
...
006 (13655293.480.000) 2023-09-05 01:18:09 Image size of job updated: 1288172
	1080  -  MemoryUsage of job (MB)
	1105164  -  ResidentSetSize of job (KB)
...
006 (13655293.480.000) 2023-09-05 01:23:10 Image size of job updated: 1288172
	1081  -  MemoryUsage of job (MB)
	1106372  -  ResidentSetSize of job (KB)
...
006 (13655293.480.000) 2023-09-05 01:43:12 Image size of job updated: 1288172
	1096  -  MemoryUsage of job (MB)
	1121604  -  ResidentSetSize of job (KB)
...
006 (13655293.480.000) 2023-09-05 04:58:32 Image size of job updated: 1288172
	1098  -  MemoryUsage of job (MB)
	1123876  -  ResidentSetSize of job (KB)
...
006 (13655293.480.000) 2023-09-05 22:22:30 Image size of job updated: 1420344
	1098  -  MemoryUsage of job (MB)
	1123876  -  ResidentSetSize of job (KB)
...
040 (13655293.480.000) 2023-09-05 22:22:30 Started transferring output files
...
040 (13655293.480.000) 2023-09-05 22:22:30 Finished transferring output files
...
005 (13655293.480.000) 2023-09-05 22:22:30 Job terminated.
	(1) Normal termination (return value 0)
		Usr 0 20:58:24, Sys 0 00:05:02  -  Run Remote Usage
		Usr 0 00:00:00, Sys 0 00:00:00  -  Run Local Usage
		Usr 0 20:58:24, Sys 0 00:05:02  -  Total Remote Usage
		Usr 0 00:00:00, Sys 0 00:00:00  -  Total Local Usage
	1309603  -  Run Bytes Sent By Job
	32652772  -  Run Bytes Received By Job
	1309603  -  Total Bytes Sent By Job
	32652772  -  Total Bytes Received By Job
	Partitionable Resources :     Usage  Request Allocated 
	   Cpus                 :      0.99        1         1 
	   Disk (KB)            : 274892      524288   1458998 
	   IoHeavy              :                            0 
	   Memory (MB)          :   1098        4096      4096 

	Job terminated of its own accord at 2023-09-06T03:22:30Z with exit-code 0.
...
