000 (13655293.358.000) 2023-09-05 00:33:11 Job submitted from host: <128.104.101.92:9618?addrs=128.104.101.92-9618+[2607-f388-107c-501-a236-9fff-fe3c-caa8]-9618&alias=submit2.chtc.wisc.edu&noUDP&sock=schedd_1879732_618e>
...
040 (13655293.358.000) 2023-09-05 00:54:06 Started transferring input files
	Transferring to host: <128.105.69.137:9618?addrs=128.105.69.137-9618+[2607-f388-2200-100-1270-fdff-fe56-d12c]-9618&alias=e4014.chtc.wisc.edu&noUDP&sock=slot1_81_1985361_2db7_52061>
...
040 (13655293.358.000) 2023-09-05 00:54:08 Finished transferring input files
...
001 (13655293.358.000) 2023-09-05 00:54:10 Job executing on host: <128.105.69.137:9618?addrs=128.105.69.137-9618+[2607-f388-2200-100-1270-fdff-fe56-d12c]-9618&alias=e4014.chtc.wisc.edu&noUDP&sock=startd_15862_9754>
	SlotName: slot1_81@e4014.chtc.wisc.edu
	CondorScratchDir = "/var/lib/condor/execute/slot1/dir_4086623"
	Cpus = 1
	Disk = 1208198
	IoHeavy = 0
	Memory = 4096
...
006 (13655293.358.000) 2023-09-05 00:54:18 Image size of job updated: 675676
	660  -  MemoryUsage of job (MB)
	675676  -  ResidentSetSize of job (KB)
...
006 (13655293.358.000) 2023-09-05 00:59:18 Image size of job updated: 1193092
	997  -  MemoryUsage of job (MB)
	1020108  -  ResidentSetSize of job (KB)
...
006 (13655293.358.000) 2023-09-05 01:04:19 Image size of job updated: 1267012
	1238  -  MemoryUsage of job (MB)
	1267000  -  ResidentSetSize of job (KB)
...
006 (13655293.358.000) 2023-09-05 01:09:20 Image size of job updated: 1285928
	1238  -  MemoryUsage of job (MB)
	1267000  -  ResidentSetSize of job (KB)
...
006 (13655293.358.000) 2023-09-06 03:34:09 Image size of job updated: 1414816
	1238  -  MemoryUsage of job (MB)
	1267000  -  ResidentSetSize of job (KB)
...
040 (13655293.358.000) 2023-09-06 03:34:10 Started transferring output files
...
040 (13655293.358.000) 2023-09-06 03:34:10 Finished transferring output files
...
005 (13655293.358.000) 2023-09-06 03:34:10 Job terminated.
	(1) Normal termination (return value 0)
		Usr 1 02:11:05, Sys 0 00:06:10  -  Run Remote Usage
		Usr 0 00:00:00, Sys 0 00:00:00  -  Run Local Usage
		Usr 1 02:11:05, Sys 0 00:06:10  -  Total Remote Usage
		Usr 0 00:00:00, Sys 0 00:00:00  -  Total Local Usage
	1309717  -  Run Bytes Sent By Job
	32652772  -  Run Bytes Received By Job
	1309717  -  Total Bytes Sent By Job
	32652772  -  Total Bytes Received By Job
	Partitionable Resources :     Usage  Request Allocated 
	   Cpus                 :      0.99        1         1 
	   Disk (KB)            : 274910      524288   1208198 
	   IoHeavy              :                            0 
	   Memory (MB)          :   1238        4096      4096 

	Job terminated of its own accord at 2023-09-06T08:34:09Z with exit-code 0.
...
