000 (14312692.049.000) 2023-09-11 11:54:29 Job submitted from host: <128.104.101.92:9618?addrs=128.104.101.92-9618+[2607-f388-107c-501-a236-9fff-fe3c-caa8]-9618&alias=submit2.chtc.wisc.edu&noUDP&sock=schedd_1879732_618e>
...
040 (14312692.049.000) 2023-09-11 12:01:26 Started transferring input files
	Transferring to host: <128.105.69.123:9618?addrs=128.105.69.123-9618+[2607-f388-2200-100-1270-fdff-fe56-7324]-9618&alias=e4072.chtc.wisc.edu&noUDP&sock=slot1_99_22980_3d20_61650>
...
040 (14312692.049.000) 2023-09-11 12:01:28 Finished transferring input files
...
001 (14312692.049.000) 2023-09-11 12:01:29 Job executing on host: <128.105.69.123:9618?addrs=128.105.69.123-9618+[2607-f388-2200-100-1270-fdff-fe56-7324]-9618&alias=e4072.chtc.wisc.edu&noUDP&sock=startd_22844_a992>
	SlotName: slot1_99@e4072.chtc.wisc.edu
	CondorScratchDir = "/var/lib/condor/execute/slot1/dir_612659"
	Cpus = 1
	Disk = 1208198
	IoHeavy = 0
	Memory = 4096
...
006 (14312692.049.000) 2023-09-11 12:01:37 Image size of job updated: 656016
	641  -  MemoryUsage of job (MB)
	656016  -  ResidentSetSize of job (KB)
...
006 (14312692.049.000) 2023-09-11 12:02:53 Image size of job updated: 809504
	645  -  MemoryUsage of job (MB)
	659856  -  ResidentSetSize of job (KB)
...
040 (14312692.049.000) 2023-09-11 12:02:53 Started transferring output files
...
040 (14312692.049.000) 2023-09-11 12:02:53 Finished transferring output files
...
005 (14312692.049.000) 2023-09-11 12:02:53 Job terminated.
	(1) Normal termination (return value 0)
		Usr 0 00:01:17, Sys 0 00:00:03  -  Run Remote Usage
		Usr 0 00:00:00, Sys 0 00:00:00  -  Run Local Usage
		Usr 0 00:01:17, Sys 0 00:00:03  -  Total Remote Usage
		Usr 0 00:00:00, Sys 0 00:00:00  -  Total Local Usage
	98632  -  Run Bytes Sent By Job
	32720412  -  Run Bytes Received By Job
	98632  -  Total Bytes Sent By Job
	32720412  -  Total Bytes Received By Job
	Partitionable Resources :    Usage  Request Allocated 
	   Cpus                 :        0        1         1 
	   Disk (KB)            :   261263   524288   1208198 
	   IoHeavy              :                           0 
	   Memory (MB)          :      645     4096      4096 

	Job terminated of its own accord at 2023-09-11T17:02:53Z with exit-code 0.
...
