000 (14312692.046.000) 2023-09-11 11:54:29 Job submitted from host: <128.104.101.92:9618?addrs=128.104.101.92-9618+[2607-f388-107c-501-a236-9fff-fe3c-caa8]-9618&alias=submit2.chtc.wisc.edu&noUDP&sock=schedd_1879732_618e>
...
040 (14312692.046.000) 2023-09-11 12:00:40 Started transferring input files
	Transferring to host: <128.105.69.226:9618?addrs=128.105.69.226-9618+[2607-f388-2200-100-eaeb-d3ff-fe40-10fc]-9618&alias=e2609.chtc.wisc.edu&noUDP&sock=slot1_8_1948878_9acc_107680>
...
040 (14312692.046.000) 2023-09-11 12:00:42 Finished transferring input files
...
001 (14312692.046.000) 2023-09-11 12:00:43 Job executing on host: <128.105.69.226:9618?addrs=128.105.69.226-9618+[2607-f388-2200-100-eaeb-d3ff-fe40-10fc]-9618&alias=e2609.chtc.wisc.edu&noUDP&sock=startd_17158_8a11>
	SlotName: slot1_8@e2609.chtc.wisc.edu
	CondorScratchDir = "/var/lib/condor/execute/slot1/dir_150295"
	Cpus = 1
	Disk = 1458998
	IoHeavy = 0
	Memory = 4096
...
006 (14312692.046.000) 2023-09-11 12:00:51 Image size of job updated: 656268
	641  -  MemoryUsage of job (MB)
	656268  -  ResidentSetSize of job (KB)
...
006 (14312692.046.000) 2023-09-11 12:02:44 Image size of job updated: 815588
	643  -  MemoryUsage of job (MB)
	657548  -  ResidentSetSize of job (KB)
...
040 (14312692.046.000) 2023-09-11 12:02:44 Started transferring output files
...
040 (14312692.046.000) 2023-09-11 12:02:44 Finished transferring output files
...
005 (14312692.046.000) 2023-09-11 12:02:44 Job terminated.
	(1) Normal termination (return value 0)
		Usr 0 00:01:54, Sys 0 00:00:03  -  Run Remote Usage
		Usr 0 00:00:00, Sys 0 00:00:00  -  Run Local Usage
		Usr 0 00:01:54, Sys 0 00:00:03  -  Total Remote Usage
		Usr 0 00:00:00, Sys 0 00:00:00  -  Total Local Usage
	129835  -  Run Bytes Sent By Job
	32720412  -  Run Bytes Received By Job
	129835  -  Total Bytes Sent By Job
	32720412  -  Total Bytes Received By Job
	Partitionable Resources :    Usage  Request Allocated 
	   Cpus                 :                 1         1 
	   Disk (KB)            :   261285   524288   1458998 
	   IoHeavy              :                           0 
	   Memory (MB)          :      643     4096      4096 

	Job terminated of its own accord at 2023-09-11T17:02:44Z with exit-code 0.
...
