000 (13655293.122.000) 2023-09-05 00:33:11 Job submitted from host: <128.104.101.92:9618?addrs=128.104.101.92-9618+[2607-f388-107c-501-a236-9fff-fe3c-caa8]-9618&alias=submit2.chtc.wisc.edu&noUDP&sock=schedd_1879732_618e>
...
040 (13655293.122.000) 2023-09-05 00:36:26 Started transferring input files
	Transferring to host: <128.105.69.112:9618?addrs=128.105.69.112-9618+[2607-f388-2200-100-1270-fdff-fe56-c354]-9618&alias=e4061.chtc.wisc.edu&noUDP&sock=slot1_58_538946_f655_14454>
...
001 (13655293.122.000) 2023-09-05 00:36:35 Job executing on host: <128.105.69.112:9618?addrs=128.105.69.112-9618+[2607-f388-2200-100-1270-fdff-fe56-c354]-9618&alias=e4061.chtc.wisc.edu&noUDP&sock=startd_22836_2cd0>
	SlotName: slot1_58@e4061.chtc.wisc.edu
	CondorScratchDir = "/var/lib/condor/execute/slot1/dir_2208345"
	Cpus = 1
	Disk = 1208198
	IoHeavy = 0
	Memory = 4096
...
040 (13655293.122.000) 2023-09-05 00:36:35 Finished transferring input files
...
006 (13655293.122.000) 2023-09-05 00:36:45 Image size of job updated: 650716
	636  -  MemoryUsage of job (MB)
	650716  -  ResidentSetSize of job (KB)
...
006 (13655293.122.000) 2023-09-05 00:41:45 Image size of job updated: 1267216
	1238  -  MemoryUsage of job (MB)
	1267020  -  ResidentSetSize of job (KB)
...
006 (13655293.122.000) 2023-09-05 00:46:45 Image size of job updated: 1288004
	1238  -  MemoryUsage of job (MB)
	1267020  -  ResidentSetSize of job (KB)
...
006 (13655293.122.000) 2023-09-06 04:33:13 Image size of job updated: 1416312
	1238  -  MemoryUsage of job (MB)
	1267020  -  ResidentSetSize of job (KB)
...
040 (13655293.122.000) 2023-09-06 04:33:13 Started transferring output files
...
040 (13655293.122.000) 2023-09-06 04:33:13 Finished transferring output files
...
005 (13655293.122.000) 2023-09-06 04:33:13 Job terminated.
	(1) Normal termination (return value 0)
		Usr 1 03:21:12, Sys 0 00:08:58  -  Run Remote Usage
		Usr 0 00:00:00, Sys 0 00:00:00  -  Run Local Usage
		Usr 1 03:21:12, Sys 0 00:08:58  -  Total Remote Usage
		Usr 0 00:00:00, Sys 0 00:00:00  -  Total Local Usage
	1309556  -  Run Bytes Sent By Job
	32652772  -  Run Bytes Received By Job
	1309556  -  Total Bytes Sent By Job
	32652772  -  Total Bytes Received By Job
	Partitionable Resources :     Usage  Request Allocated 
	   Cpus                 :      0.99        1         1 
	   Disk (KB)            : 274895      524288   1208198 
	   IoHeavy              :                            0 
	   Memory (MB)          :   1238        4096      4096 

	Job terminated of its own accord at 2023-09-06T09:33:13Z with exit-code 0.
...
