000 (13655293.252.000) 2023-09-05 00:33:11 Job submitted from host: <128.104.101.92:9618?addrs=128.104.101.92-9618+[2607-f388-107c-501-a236-9fff-fe3c-caa8]-9618&alias=submit2.chtc.wisc.edu&noUDP&sock=schedd_1879732_618e>
...
040 (13655293.252.000) 2023-09-05 00:46:22 Started transferring input files
	Transferring to host: <128.105.69.239:9618?addrs=128.105.69.239-9618+[2607-f388-2200-100-eaeb-d3ff-fe40-2314]-9618&alias=e2622.chtc.wisc.edu&noUDP&sock=slot1_5_2370166_1cb7_61767>
...
001 (13655293.252.000) 2023-09-05 00:46:36 Job executing on host: <128.105.69.239:9618?addrs=128.105.69.239-9618+[2607-f388-2200-100-eaeb-d3ff-fe40-2314]-9618&alias=e2622.chtc.wisc.edu&noUDP&sock=startd_19126_6c73>
	SlotName: slot1_5@e2622.chtc.wisc.edu
	CondorScratchDir = "/var/lib/condor/execute/slot1/dir_2154414"
	Cpus = 1
	Disk = 1458998
	IoHeavy = 0
	Memory = 4096
...
040 (13655293.252.000) 2023-09-05 00:46:36 Finished transferring input files
...
006 (13655293.252.000) 2023-09-05 00:46:45 Image size of job updated: 705012
	689  -  MemoryUsage of job (MB)
	705012  -  ResidentSetSize of job (KB)
...
006 (13655293.252.000) 2023-09-05 00:51:46 Image size of job updated: 1291372
	1079  -  MemoryUsage of job (MB)
	1104612  -  ResidentSetSize of job (KB)
...
006 (13655293.252.000) 2023-09-05 01:01:47 Image size of job updated: 1291372
	1080  -  MemoryUsage of job (MB)
	1105276  -  ResidentSetSize of job (KB)
...
006 (13655293.252.000) 2023-09-05 01:06:47 Image size of job updated: 1291372
	1091  -  MemoryUsage of job (MB)
	1116892  -  ResidentSetSize of job (KB)
...
006 (13655293.252.000) 2023-09-05 20:45:12 Image size of job updated: 1343060
	1091  -  MemoryUsage of job (MB)
	1116892  -  ResidentSetSize of job (KB)
...
040 (13655293.252.000) 2023-09-05 20:45:12 Started transferring output files
...
040 (13655293.252.000) 2023-09-05 20:45:12 Finished transferring output files
...
005 (13655293.252.000) 2023-09-05 20:45:12 Job terminated.
	(1) Normal termination (return value 0)
		Usr 0 19:35:55, Sys 0 00:03:51  -  Run Remote Usage
		Usr 0 00:00:00, Sys 0 00:00:00  -  Run Local Usage
		Usr 0 19:35:55, Sys 0 00:03:51  -  Total Remote Usage
		Usr 0 00:00:00, Sys 0 00:00:00  -  Total Local Usage
	1309458  -  Run Bytes Sent By Job
	32652772  -  Run Bytes Received By Job
	1309458  -  Total Bytes Sent By Job
	32652772  -  Total Bytes Received By Job
	Partitionable Resources :     Usage  Request Allocated 
	   Cpus                 :      0.99        1         1 
	   Disk (KB)            : 274901      524288   1458998 
	   IoHeavy              :                            0 
	   Memory (MB)          :   1091        4096      4096 

	Job terminated of its own accord at 2023-09-06T01:45:12Z with exit-code 0.
...
