000 (14312691.057.000) 2023-09-11 11:54:06 Job submitted from host: <128.104.101.92:9618?addrs=128.104.101.92-9618+[2607-f388-107c-501-a236-9fff-fe3c-caa8]-9618&alias=submit2.chtc.wisc.edu&noUDP&sock=schedd_1879732_618e>
...
040 (14312691.057.000) 2023-09-11 12:00:31 Started transferring input files
	Transferring to host: <128.105.69.214:9618?addrs=128.105.69.214-9618+[2607-f388-2200-100-eaeb-d3ff-fe3f-fbf4]-9618&alias=e2597.chtc.wisc.edu&noUDP&sock=slot1_99_1690718_87ca_96112>
...
040 (14312691.057.000) 2023-09-11 12:00:33 Finished transferring input files
...
001 (14312691.057.000) 2023-09-11 12:00:37 Job executing on host: <128.105.69.214:9618?addrs=128.105.69.214-9618+[2607-f388-2200-100-eaeb-d3ff-fe3f-fbf4]-9618&alias=e2597.chtc.wisc.edu&noUDP&sock=startd_18862_5773>
	SlotName: slot1_99@e2597.chtc.wisc.edu
	CondorScratchDir = "/var/lib/condor/execute/slot1/dir_2322726"
	Cpus = 1
	Disk = 1458998
	IoHeavy = 0
	Memory = 4096
...
006 (14312691.057.000) 2023-09-11 12:00:46 Image size of job updated: 273088
	141  -  MemoryUsage of job (MB)
	143448  -  ResidentSetSize of job (KB)
...
040 (14312691.057.000) 2023-09-11 12:02:04 Started transferring output files
...
040 (14312691.057.000) 2023-09-11 12:02:04 Finished transferring output files
...
005 (14312691.057.000) 2023-09-11 12:02:04 Job terminated.
	(1) Normal termination (return value 0)
		Usr 0 00:01:22, Sys 0 00:00:01  -  Run Remote Usage
		Usr 0 00:00:00, Sys 0 00:00:00  -  Run Local Usage
		Usr 0 00:01:22, Sys 0 00:00:01  -  Total Remote Usage
		Usr 0 00:00:00, Sys 0 00:00:00  -  Total Local Usage
	107914  -  Run Bytes Sent By Job
	32664896  -  Run Bytes Received By Job
	107914  -  Total Bytes Sent By Job
	32664896  -  Total Bytes Received By Job
	Partitionable Resources :     Usage  Request Allocated 
	   Cpus                 :      0.63        1         1 
	   Disk (KB)            : 255018      524288   1458998 
	   IoHeavy              :                            0 
	   Memory (MB)          :    141        4096      4096 

	Job terminated of its own accord at 2023-09-11T17:02:04Z with exit-code 0.
...
