000 (13655293.103.000) 2023-09-05 00:33:11 Job submitted from host: <128.104.101.92:9618?addrs=128.104.101.92-9618+[2607-f388-107c-501-a236-9fff-fe3c-caa8]-9618&alias=submit2.chtc.wisc.edu&noUDP&sock=schedd_1879732_618e>
...
040 (13655293.103.000) 2023-09-05 00:36:22 Started transferring input files
	Transferring to host: <128.105.69.114:9618?addrs=128.105.69.114-9618+[2607-f388-2200-100-1270-fdff-fe56-470c]-9618&alias=e4063.chtc.wisc.edu&noUDP&sock=slot1_64_3865253_27d4_60889>
...
040 (13655293.103.000) 2023-09-05 00:36:26 Finished transferring input files
...
001 (13655293.103.000) 2023-09-05 00:36:35 Job executing on host: <128.105.69.114:9618?addrs=128.105.69.114-9618+[2607-f388-2200-100-1270-fdff-fe56-470c]-9618&alias=e4063.chtc.wisc.edu&noUDP&sock=startd_18888_2ce9>
	SlotName: slot1_64@e4063.chtc.wisc.edu
	CondorScratchDir = "/var/lib/condor/execute/slot1/dir_1209798"
	Cpus = 1
	Disk = 1208198
	IoHeavy = 0
	Memory = 4096
...
006 (13655293.103.000) 2023-09-05 00:36:44 Image size of job updated: 724936
	708  -  MemoryUsage of job (MB)
	724936  -  ResidentSetSize of job (KB)
...
006 (13655293.103.000) 2023-09-05 00:41:45 Image size of job updated: 1286932
	1062  -  MemoryUsage of job (MB)
	1087352  -  ResidentSetSize of job (KB)
...
006 (13655293.103.000) 2023-09-05 00:46:45 Image size of job updated: 1286932
	1086  -  MemoryUsage of job (MB)
	1111700  -  ResidentSetSize of job (KB)
...
006 (13655293.103.000) 2023-09-05 03:47:03 Image size of job updated: 1286932
	1088  -  MemoryUsage of job (MB)
	1113276  -  ResidentSetSize of job (KB)
...
006 (13655293.103.000) 2023-09-05 04:12:07 Image size of job updated: 1286932
	1088  -  MemoryUsage of job (MB)
	1113532  -  ResidentSetSize of job (KB)
...
006 (13655293.103.000) 2023-09-05 20:33:42 Image size of job updated: 1419124
	1244  -  MemoryUsage of job (MB)
	1273752  -  ResidentSetSize of job (KB)
...
040 (13655293.103.000) 2023-09-05 20:33:52 Started transferring output files
...
040 (13655293.103.000) 2023-09-05 20:33:52 Finished transferring output files
...
005 (13655293.103.000) 2023-09-05 20:33:52 Job terminated.
	(1) Normal termination (return value 0)
		Usr 0 19:36:38, Sys 0 00:02:22  -  Run Remote Usage
		Usr 0 00:00:00, Sys 0 00:00:00  -  Run Local Usage
		Usr 0 19:36:38, Sys 0 00:02:22  -  Total Remote Usage
		Usr 0 00:00:00, Sys 0 00:00:00  -  Total Local Usage
	1309703  -  Run Bytes Sent By Job
	32652772  -  Run Bytes Received By Job
	1309703  -  Total Bytes Sent By Job
	32652772  -  Total Bytes Received By Job
	Partitionable Resources :     Usage  Request Allocated 
	   Cpus                 :      0.99        1         1 
	   Disk (KB)            : 274915      524288   1208198 
	   IoHeavy              :                            0 
	   Memory (MB)          :   1244        4096      4096 

	Job terminated of its own accord at 2023-09-06T01:33:52Z with exit-code 0.
...
