000 (14268886.023.000) 2023-09-11 03:21:39 Job submitted from host: <128.104.101.92:9618?addrs=128.104.101.92-9618+[2607-f388-107c-501-a236-9fff-fe3c-caa8]-9618&alias=submit2.chtc.wisc.edu&noUDP&sock=schedd_1879732_618e>
...
040 (14268886.023.000) 2023-09-11 03:23:33 Started transferring input files
	Transferring to host: <128.105.69.203:9618?addrs=128.105.69.203-9618+[2607-f388-2200-100-1270-fdff-fe56-c37c]-9618&alias=e4034.chtc.wisc.edu&noUDP&sock=slot1_6_3185209_a34f_84417>
...
040 (14268886.023.000) 2023-09-11 03:23:35 Finished transferring input files
...
001 (14268886.023.000) 2023-09-11 03:23:36 Job executing on host: <128.105.69.203:9618?addrs=128.105.69.203-9618+[2607-f388-2200-100-1270-fdff-fe56-c37c]-9618&alias=e4034.chtc.wisc.edu&noUDP&sock=startd_15838_210e>
	SlotName: slot1_6@e4034.chtc.wisc.edu
	CondorScratchDir = "/var/lib/condor/execute/slot1/dir_3032126"
	Cpus = 1
	Disk = 1208198
	IoHeavy = 0
	Memory = 4096
...
006 (14268886.023.000) 2023-09-11 03:23:45 Image size of job updated: 466108
	456  -  MemoryUsage of job (MB)
	466108  -  ResidentSetSize of job (KB)
...
006 (14268886.023.000) 2023-09-11 03:28:46 Image size of job updated: 739048
	458  -  MemoryUsage of job (MB)
	468636  -  ResidentSetSize of job (KB)
...
040 (14268886.023.000) 2023-09-11 03:30:47 Started transferring output files
...
040 (14268886.023.000) 2023-09-11 03:30:47 Finished transferring output files
...
005 (14268886.023.000) 2023-09-11 03:30:47 Job terminated.
	(1) Normal termination (return value 0)
		Usr 0 00:06:42, Sys 0 00:00:13  -  Run Remote Usage
		Usr 0 00:00:00, Sys 0 00:00:00  -  Run Local Usage
		Usr 0 00:06:42, Sys 0 00:00:13  -  Total Remote Usage
		Usr 0 00:00:00, Sys 0 00:00:00  -  Total Local Usage
	164665  -  Run Bytes Sent By Job
	32720416  -  Run Bytes Received By Job
	164665  -  Total Bytes Sent By Job
	32720416  -  Total Bytes Received By Job
	Partitionable Resources :     Usage  Request Allocated 
	   Cpus                 :      0.99        1         1 
	   Disk (KB)            : 261328      524288   1208198 
	   IoHeavy              :                            0 
	   Memory (MB)          :    458        4096      4096 

	Job terminated of its own accord at 2023-09-11T08:30:47Z with exit-code 0.
...
