000 (13655293.178.000) 2023-09-05 00:33:11 Job submitted from host: <128.104.101.92:9618?addrs=128.104.101.92-9618+[2607-f388-107c-501-a236-9fff-fe3c-caa8]-9618&alias=submit2.chtc.wisc.edu&noUDP&sock=schedd_1879732_618e>
...
040 (13655293.178.000) 2023-09-05 00:41:44 Started transferring input files
	Transferring to host: <128.105.69.171:9618?addrs=128.105.69.171-9618+[2607-f388-2200-100-1270-fdff-fe56-76ac]-9618&alias=e2554.chtc.wisc.edu&noUDP&sock=slot1_71_1826531_133c_47911>
...
040 (13655293.178.000) 2023-09-05 00:41:46 Finished transferring input files
...
001 (13655293.178.000) 2023-09-05 00:41:47 Job executing on host: <128.105.69.171:9618?addrs=128.105.69.171-9618+[2607-f388-2200-100-1270-fdff-fe56-76ac]-9618&alias=e2554.chtc.wisc.edu&noUDP&sock=startd_14106_1f06>
	SlotName: slot1_71@e2554.chtc.wisc.edu
	CondorScratchDir = "/var/lib/condor/execute/slot1/dir_1601831"
	Cpus = 1
	Disk = 1208198
	IoHeavy = 0
	Memory = 4096
...
006 (13655293.178.000) 2023-09-05 00:41:56 Image size of job updated: 709044
	693  -  MemoryUsage of job (MB)
	709044  -  ResidentSetSize of job (KB)
...
006 (13655293.178.000) 2023-09-05 00:46:58 Image size of job updated: 1286748
	1057  -  MemoryUsage of job (MB)
	1081476  -  ResidentSetSize of job (KB)
...
006 (13655293.178.000) 2023-09-05 00:51:58 Image size of job updated: 1286748
	1077  -  MemoryUsage of job (MB)
	1102472  -  ResidentSetSize of job (KB)
...
006 (13655293.178.000) 2023-09-05 01:01:59 Image size of job updated: 1286748
	1081  -  MemoryUsage of job (MB)
	1106232  -  ResidentSetSize of job (KB)
...
006 (13655293.178.000) 2023-09-05 01:11:59 Image size of job updated: 1286748
	1082  -  MemoryUsage of job (MB)
	1107384  -  ResidentSetSize of job (KB)
...
006 (13655293.178.000) 2023-09-05 01:32:01 Image size of job updated: 1286748
	1083  -  MemoryUsage of job (MB)
	1108356  -  ResidentSetSize of job (KB)
...
006 (13655293.178.000) 2023-09-05 02:12:04 Image size of job updated: 1286748
	1084  -  MemoryUsage of job (MB)
	1109688  -  ResidentSetSize of job (KB)
...
006 (13655293.178.000) 2023-09-05 03:52:17 Image size of job updated: 1286748
	1084  -  MemoryUsage of job (MB)
	1109940  -  ResidentSetSize of job (KB)
...
006 (13655293.178.000) 2023-09-05 04:07:18 Image size of job updated: 1286748
	1090  -  MemoryUsage of job (MB)
	1115572  -  ResidentSetSize of job (KB)
...
006 (13655293.178.000) 2023-09-06 01:46:02 Image size of job updated: 1401408
	1090  -  MemoryUsage of job (MB)
	1115572  -  ResidentSetSize of job (KB)
...
040 (13655293.178.000) 2023-09-06 01:46:02 Started transferring output files
...
040 (13655293.178.000) 2023-09-06 01:46:02 Finished transferring output files
...
005 (13655293.178.000) 2023-09-06 01:46:03 Job terminated.
	(1) Normal termination (return value 0)
		Usr 1 00:31:11, Sys 0 00:06:13  -  Run Remote Usage
		Usr 0 00:00:00, Sys 0 00:00:00  -  Run Local Usage
		Usr 1 00:31:11, Sys 0 00:06:13  -  Total Remote Usage
		Usr 0 00:00:00, Sys 0 00:00:00  -  Total Local Usage
	1309616  -  Run Bytes Sent By Job
	32652772  -  Run Bytes Received By Job
	1309616  -  Total Bytes Sent By Job
	32652772  -  Total Bytes Received By Job
	Partitionable Resources :     Usage  Request Allocated 
	   Cpus                 :      0.98        1         1 
	   Disk (KB)            : 274913      524288   1208198 
	   IoHeavy              :                            0 
	   Memory (MB)          :   1090        4096      4096 

	Job terminated of its own accord at 2023-09-06T06:46:02Z with exit-code 0.
...
