000 (13655293.156.000) 2023-09-05 00:33:11 Job submitted from host: <128.104.101.92:9618?addrs=128.104.101.92-9618+[2607-f388-107c-501-a236-9fff-fe3c-caa8]-9618&alias=submit2.chtc.wisc.edu&noUDP&sock=schedd_1879732_618e>
...
040 (13655293.156.000) 2023-09-05 00:38:59 Started transferring input files
	Transferring to host: <128.105.69.204:9618?addrs=128.105.69.204-9618+[2607-f388-2200-100-1270-fdff-fe56-b85c]-9618&alias=e4035.chtc.wisc.edu&noUDP&sock=slot1_77_3825352_4a9e_63522>
...
040 (13655293.156.000) 2023-09-05 00:39:01 Finished transferring input files
...
001 (13655293.156.000) 2023-09-05 00:39:02 Job executing on host: <128.105.69.204:9618?addrs=128.105.69.204-9618+[2607-f388-2200-100-1270-fdff-fe56-b85c]-9618&alias=e4035.chtc.wisc.edu&noUDP&sock=startd_11684_d4a5>
	SlotName: slot1_77@e4035.chtc.wisc.edu
	CondorScratchDir = "/var/lib/condor/execute/slot1/dir_4041823"
	Cpus = 1
	Disk = 1208198
	IoHeavy = 0
	Memory = 4096
...
006 (13655293.156.000) 2023-09-05 00:39:11 Image size of job updated: 693364
	678  -  MemoryUsage of job (MB)
	693360  -  ResidentSetSize of job (KB)
...
006 (13655293.156.000) 2023-09-05 00:44:12 Image size of job updated: 1286388
	1067  -  MemoryUsage of job (MB)
	1092016  -  ResidentSetSize of job (KB)
...
006 (13655293.156.000) 2023-09-05 00:49:13 Image size of job updated: 1286388
	1070  -  MemoryUsage of job (MB)
	1094900  -  ResidentSetSize of job (KB)
...
006 (13655293.156.000) 2023-09-05 00:54:13 Image size of job updated: 1286388
	1072  -  MemoryUsage of job (MB)
	1096948  -  ResidentSetSize of job (KB)
...
006 (13655293.156.000) 2023-09-05 00:59:14 Image size of job updated: 1286388
	1079  -  MemoryUsage of job (MB)
	1104580  -  ResidentSetSize of job (KB)
...
006 (13655293.156.000) 2023-09-05 01:04:15 Image size of job updated: 1286388
	1083  -  MemoryUsage of job (MB)
	1108096  -  ResidentSetSize of job (KB)
...
006 (13655293.156.000) 2023-09-05 01:39:18 Image size of job updated: 1286388
	1084  -  MemoryUsage of job (MB)
	1109068  -  ResidentSetSize of job (KB)
...
006 (13655293.156.000) 2023-09-05 04:29:37 Image size of job updated: 1286388
	1087  -  MemoryUsage of job (MB)
	1112436  -  ResidentSetSize of job (KB)
...
006 (13655293.156.000) 2023-09-05 23:01:28 Image size of job updated: 1414100
	1087  -  MemoryUsage of job (MB)
	1112436  -  ResidentSetSize of job (KB)
...
040 (13655293.156.000) 2023-09-05 23:01:28 Started transferring output files
...
040 (13655293.156.000) 2023-09-05 23:01:28 Finished transferring output files
...
005 (13655293.156.000) 2023-09-05 23:01:28 Job terminated.
	(1) Normal termination (return value 0)
		Usr 0 21:54:11, Sys 0 00:04:47  -  Run Remote Usage
		Usr 0 00:00:00, Sys 0 00:00:00  -  Run Local Usage
		Usr 0 21:54:11, Sys 0 00:04:47  -  Total Remote Usage
		Usr 0 00:00:00, Sys 0 00:00:00  -  Total Local Usage
	1309607  -  Run Bytes Sent By Job
	32652772  -  Run Bytes Received By Job
	1309607  -  Total Bytes Sent By Job
	32652772  -  Total Bytes Received By Job
	Partitionable Resources :     Usage  Request Allocated 
	   Cpus                 :      0.99        1         1 
	   Disk (KB)            : 274874      524288   1208198 
	   IoHeavy              :                            0 
	   Memory (MB)          :   1087        4096      4096 

	Job terminated of its own accord at 2023-09-06T04:01:28Z with exit-code 0.
...
