000 (13648508.068.000) 2023-09-04 23:50:03 Job submitted from host: <128.104.101.92:9618?addrs=128.104.101.92-9618+[2607-f388-107c-501-a236-9fff-fe3c-caa8]-9618&alias=submit2.chtc.wisc.edu&noUDP&sock=schedd_1879732_618e>
...
040 (13648508.068.000) 2023-09-05 00:09:11 Started transferring input files
	Transferring to host: <128.105.69.126:9618?addrs=128.105.69.126-9618+[2607-f388-2200-100-1270-fdff-fe56-ca5c]-9618&alias=e4075.chtc.wisc.edu&noUDP&sock=slot1_61_2504111_7b5e_65010>
...
040 (13648508.068.000) 2023-09-05 00:09:13 Finished transferring input files
...
001 (13648508.068.000) 2023-09-05 00:09:14 Job executing on host: <128.105.69.126:9618?addrs=128.105.69.126-9618+[2607-f388-2200-100-1270-fdff-fe56-ca5c]-9618&alias=e4075.chtc.wisc.edu&noUDP&sock=startd_19068_a3f5>
	SlotName: slot1_61@e4075.chtc.wisc.edu
	CondorScratchDir = "/var/lib/condor/execute/slot1/dir_994194"
	Cpus = 1
	Disk = 1208198
	IoHeavy = 0
	Memory = 4096
...
006 (13648508.068.000) 2023-09-05 00:09:22 Image size of job updated: 273128
	167  -  MemoryUsage of job (MB)
	170584  -  ResidentSetSize of job (KB)
...
040 (13648508.068.000) 2023-09-05 00:11:17 Started transferring output files
...
040 (13648508.068.000) 2023-09-05 00:11:17 Finished transferring output files
...
005 (13648508.068.000) 2023-09-05 00:11:17 Job terminated.
	(1) Normal termination (return value 0)
		Usr 0 00:01:59, Sys 0 00:00:01  -  Run Remote Usage
		Usr 0 00:00:00, Sys 0 00:00:00  -  Run Local Usage
		Usr 0 00:01:59, Sys 0 00:00:01  -  Total Remote Usage
		Usr 0 00:00:00, Sys 0 00:00:00  -  Total Local Usage
	30571  -  Run Bytes Sent By Job
	32665120  -  Run Bytes Received By Job
	30571  -  Total Bytes Sent By Job
	32665120  -  Total Bytes Received By Job
	Partitionable Resources :     Usage  Request Allocated 
	   Cpus                 :      0.99        1         1 
	   Disk (KB)            : 254944      524288   1208198 
	   IoHeavy              :                            0 
	   Memory (MB)          :    167        4096      4096 

	Job terminated of its own accord at 2023-09-05T05:11:17Z with exit-code 0.
...
