000 (13655293.204.000) 2023-09-05 00:33:11 Job submitted from host: <128.104.101.92:9618?addrs=128.104.101.92-9618+[2607-f388-107c-501-a236-9fff-fe3c-caa8]-9618&alias=submit2.chtc.wisc.edu&noUDP&sock=schedd_1879732_618e>
...
040 (13655293.204.000) 2023-09-05 00:43:18 Started transferring input files
	Transferring to host: <128.105.69.211:9618?addrs=128.105.69.211-9618+[2607-f388-2200-100-eaeb-d3ff-fe40-8bc]-9618&alias=e2594.chtc.wisc.edu&noUDP&sock=slot1_56_3088281_17e9_54344>
...
040 (13655293.204.000) 2023-09-05 00:43:20 Finished transferring input files
...
001 (13655293.204.000) 2023-09-05 00:43:21 Job executing on host: <128.105.69.211:9618?addrs=128.105.69.211-9618+[2607-f388-2200-100-eaeb-d3ff-fe40-8bc]-9618&alias=e2594.chtc.wisc.edu&noUDP&sock=startd_18787_e5d8>
	SlotName: slot1_56@e2594.chtc.wisc.edu
	CondorScratchDir = "/var/lib/condor/execute/slot1/dir_13036"
	Cpus = 1
	Disk = 1458998
	IoHeavy = 0
	Memory = 4096
...
006 (13655293.204.000) 2023-09-05 00:43:30 Image size of job updated: 695516
	680  -  MemoryUsage of job (MB)
	695516  -  ResidentSetSize of job (KB)
...
006 (13655293.204.000) 2023-09-05 00:48:31 Image size of job updated: 1307468
	1036  -  MemoryUsage of job (MB)
	1060100  -  ResidentSetSize of job (KB)
...
006 (13655293.204.000) 2023-09-05 00:53:31 Image size of job updated: 1307468
	1078  -  MemoryUsage of job (MB)
	1103728  -  ResidentSetSize of job (KB)
...
006 (13655293.204.000) 2023-09-05 00:58:36 Image size of job updated: 1307468
	1088  -  MemoryUsage of job (MB)
	1113504  -  ResidentSetSize of job (KB)
...
006 (13655293.204.000) 2023-09-05 01:18:34 Image size of job updated: 1307468
	1093  -  MemoryUsage of job (MB)
	1118416  -  ResidentSetSize of job (KB)
...
006 (13655293.204.000) 2023-09-05 01:58:39 Image size of job updated: 1307468
	1093  -  MemoryUsage of job (MB)
	1119184  -  ResidentSetSize of job (KB)
...
006 (13655293.204.000) 2023-09-05 03:33:45 Image size of job updated: 1307468
	1098  -  MemoryUsage of job (MB)
	1123564  -  ResidentSetSize of job (KB)
...
006 (13655293.204.000) 2023-09-05 04:38:52 Image size of job updated: 1307468
	1102  -  MemoryUsage of job (MB)
	1127936  -  ResidentSetSize of job (KB)
...
006 (13655293.204.000) 2023-09-05 04:48:53 Image size of job updated: 1307468
	1107  -  MemoryUsage of job (MB)
	1133084  -  ResidentSetSize of job (KB)
...
006 (13655293.204.000) 2023-09-06 00:14:17 Image size of job updated: 1417152
	1107  -  MemoryUsage of job (MB)
	1133084  -  ResidentSetSize of job (KB)
...
040 (13655293.204.000) 2023-09-06 00:14:18 Started transferring output files
...
040 (13655293.204.000) 2023-09-06 00:14:18 Finished transferring output files
...
005 (13655293.204.000) 2023-09-06 00:14:18 Job terminated.
	(1) Normal termination (return value 0)
		Usr 0 23:04:51, Sys 0 00:05:31  -  Run Remote Usage
		Usr 0 00:00:00, Sys 0 00:00:00  -  Run Local Usage
		Usr 0 23:04:51, Sys 0 00:05:31  -  Total Remote Usage
		Usr 0 00:00:00, Sys 0 00:00:00  -  Total Local Usage
	1309560  -  Run Bytes Sent By Job
	32652772  -  Run Bytes Received By Job
	1309560  -  Total Bytes Sent By Job
	32652772  -  Total Bytes Received By Job
	Partitionable Resources :     Usage  Request Allocated 
	   Cpus                 :      0.99        1         1 
	   Disk (KB)            : 274897      524288   1458998 
	   IoHeavy              :                            0 
	   Memory (MB)          :   1107        4096      4096 

	Job terminated of its own accord at 2023-09-06T05:14:17Z with exit-code 0.
...
