000 (13655293.244.000) 2023-09-05 00:33:11 Job submitted from host: <128.104.101.92:9618?addrs=128.104.101.92-9618+[2607-f388-107c-501-a236-9fff-fe3c-caa8]-9618&alias=submit2.chtc.wisc.edu&noUDP&sock=schedd_1879732_618e>
...
040 (13655293.244.000) 2023-09-05 00:47:23 Started transferring input files
	Transferring to host: <128.105.69.152:9618?addrs=128.105.69.152-9618+[2607-f388-2200-100-1270-fdff-fe56-c8d4]-9618&alias=e4085.chtc.wisc.edu&noUDP&sock=slot1_9_900019_8e10_50766>
...
040 (13655293.244.000) 2023-09-05 00:47:25 Finished transferring input files
...
001 (13655293.244.000) 2023-09-05 00:47:26 Job executing on host: <128.105.69.152:9618?addrs=128.105.69.152-9618+[2607-f388-2200-100-1270-fdff-fe56-c8d4]-9618&alias=e4085.chtc.wisc.edu&noUDP&sock=startd_17191_2cb1>
	SlotName: slot1_9@e4085.chtc.wisc.edu
	CondorScratchDir = "/var/lib/condor/execute/slot1/dir_2484487"
	Cpus = 1
	Disk = 1208198
	IoHeavy = 0
	Memory = 4096
...
006 (13655293.244.000) 2023-09-05 00:47:35 Image size of job updated: 705304
	689  -  MemoryUsage of job (MB)
	705304  -  ResidentSetSize of job (KB)
...
006 (13655293.244.000) 2023-09-05 00:52:36 Image size of job updated: 1288612
	1065  -  MemoryUsage of job (MB)
	1089628  -  ResidentSetSize of job (KB)
...
006 (13655293.244.000) 2023-09-05 00:57:36 Image size of job updated: 1288612
	1075  -  MemoryUsage of job (MB)
	1100224  -  ResidentSetSize of job (KB)
...
006 (13655293.244.000) 2023-09-05 01:07:37 Image size of job updated: 1288612
	1090  -  MemoryUsage of job (MB)
	1115584  -  ResidentSetSize of job (KB)
...
006 (13655293.244.000) 2023-09-05 01:47:41 Image size of job updated: 1288612
	1091  -  MemoryUsage of job (MB)
	1117124  -  ResidentSetSize of job (KB)
...
006 (13655293.244.000) 2023-09-06 03:13:58 Image size of job updated: 1342936
	1091  -  MemoryUsage of job (MB)
	1117124  -  ResidentSetSize of job (KB)
...
040 (13655293.244.000) 2023-09-06 03:13:58 Started transferring output files
...
040 (13655293.244.000) 2023-09-06 03:13:58 Finished transferring output files
...
005 (13655293.244.000) 2023-09-06 03:13:58 Job terminated.
	(1) Normal termination (return value 0)
		Usr 1 01:51:02, Sys 0 00:08:19  -  Run Remote Usage
		Usr 0 00:00:00, Sys 0 00:00:00  -  Run Local Usage
		Usr 1 01:51:02, Sys 0 00:08:19  -  Total Remote Usage
		Usr 0 00:00:00, Sys 0 00:00:00  -  Total Local Usage
	1309531  -  Run Bytes Sent By Job
	32652772  -  Run Bytes Received By Job
	1309531  -  Total Bytes Sent By Job
	32652772  -  Total Bytes Received By Job
	Partitionable Resources :     Usage  Request Allocated 
	   Cpus                 :      0.99        1         1 
	   Disk (KB)            : 274898      524288   1208198 
	   IoHeavy              :                            0 
	   Memory (MB)          :   1091        4096      4096 

	Job terminated of its own accord at 2023-09-06T08:13:58Z with exit-code 0.
...
