000 (14269004.018.000) 2023-09-11 03:23:01 Job submitted from host: <128.104.101.92:9618?addrs=128.104.101.92-9618+[2607-f388-107c-501-a236-9fff-fe3c-caa8]-9618&alias=submit2.chtc.wisc.edu&noUDP&sock=schedd_1879732_618e>
...
040 (14269004.018.000) 2023-09-11 03:26:42 Started transferring input files
	Transferring to host: <128.105.69.225:9618?addrs=128.105.69.225-9618+[2607-f388-2200-100-eaeb-d3ff-fe40-112c]-9618&alias=e2608.chtc.wisc.edu&noUDP&sock=slot1_38_2432246_1694_87965>
...
040 (14269004.018.000) 2023-09-11 03:26:44 Finished transferring input files
...
001 (14269004.018.000) 2023-09-11 03:26:45 Job executing on host: <128.105.69.225:9618?addrs=128.105.69.225-9618+[2607-f388-2200-100-eaeb-d3ff-fe40-112c]-9618&alias=e2608.chtc.wisc.edu&noUDP&sock=startd_18726_0e91>
	SlotName: slot1_38@e2608.chtc.wisc.edu
	CondorScratchDir = "/var/lib/condor/execute/slot1/dir_2879529"
	Cpus = 1
	Disk = 1458998
	IoHeavy = 0
	Memory = 4096
...
006 (14269004.018.000) 2023-09-11 03:26:54 Image size of job updated: 379852
	282  -  MemoryUsage of job (MB)
	287972  -  ResidentSetSize of job (KB)
...
006 (14269004.018.000) 2023-09-11 03:31:55 Image size of job updated: 379852
	286  -  MemoryUsage of job (MB)
	292316  -  ResidentSetSize of job (KB)
...
040 (14269004.018.000) 2023-09-11 03:36:07 Started transferring output files
...
040 (14269004.018.000) 2023-09-11 03:36:07 Finished transferring output files
...
005 (14269004.018.000) 2023-09-11 03:36:07 Job terminated.
	(1) Normal termination (return value 0)
		Usr 0 00:09:11, Sys 0 00:00:01  -  Run Remote Usage
		Usr 0 00:00:00, Sys 0 00:00:00  -  Run Local Usage
		Usr 0 00:09:11, Sys 0 00:00:01  -  Total Remote Usage
		Usr 0 00:00:00, Sys 0 00:00:00  -  Total Local Usage
	225817  -  Run Bytes Sent By Job
	32664898  -  Run Bytes Received By Job
	225817  -  Total Bytes Sent By Job
	32664898  -  Total Bytes Received By Job
	Partitionable Resources :     Usage  Request Allocated 
	   Cpus                 :      0.99        1         1 
	   Disk (KB)            : 255134      524288   1458998 
	   IoHeavy              :                            0 
	   Memory (MB)          :    286        4096      4096 

	Job terminated of its own accord at 2023-09-11T08:36:06Z with exit-code 0.
...
