000 (13648508.075.000) 2023-09-04 23:50:03 Job submitted from host: <128.104.101.92:9618?addrs=128.104.101.92-9618+[2607-f388-107c-501-a236-9fff-fe3c-caa8]-9618&alias=submit2.chtc.wisc.edu&noUDP&sock=schedd_1879732_618e>
...
040 (13648508.075.000) 2023-09-05 00:09:38 Started transferring input files
	Transferring to host: <128.105.69.214:9618?addrs=128.105.69.214-9618+[2607-f388-2200-100-eaeb-d3ff-fe3f-fbf4]-9618&alias=e2597.chtc.wisc.edu&noUDP&sock=slot1_23_1690718_87ca_60737>
...
040 (13648508.075.000) 2023-09-05 00:09:40 Finished transferring input files
...
001 (13648508.075.000) 2023-09-05 00:09:41 Job executing on host: <128.105.69.214:9618?addrs=128.105.69.214-9618+[2607-f388-2200-100-eaeb-d3ff-fe3f-fbf4]-9618&alias=e2597.chtc.wisc.edu&noUDP&sock=startd_18862_5773>
	SlotName: slot1_23@e2597.chtc.wisc.edu
	CondorScratchDir = "/var/lib/condor/execute/slot1/dir_1427536"
	Cpus = 1
	Disk = 1458998
	IoHeavy = 0
	Memory = 4096
...
006 (13648508.075.000) 2023-09-05 00:09:50 Image size of job updated: 379804
	270  -  MemoryUsage of job (MB)
	276020  -  ResidentSetSize of job (KB)
...
040 (13648508.075.000) 2023-09-05 00:10:43 Started transferring output files
...
040 (13648508.075.000) 2023-09-05 00:10:43 Finished transferring output files
...
005 (13648508.075.000) 2023-09-05 00:10:43 Job terminated.
	(1) Normal termination (return value 0)
		Usr 0 00:00:58, Sys 0 00:00:00  -  Run Remote Usage
		Usr 0 00:00:00, Sys 0 00:00:00  -  Run Local Usage
		Usr 0 00:00:58, Sys 0 00:00:00  -  Total Remote Usage
		Usr 0 00:00:00, Sys 0 00:00:00  -  Total Local Usage
	29247  -  Run Bytes Sent By Job
	32665120  -  Run Bytes Received By Job
	29247  -  Total Bytes Sent By Job
	32665120  -  Total Bytes Received By Job
	Partitionable Resources :     Usage  Request Allocated 
	   Cpus                 :      0.95        1         1 
	   Disk (KB)            : 254942      524288   1458998 
	   IoHeavy              :                            0 
	   Memory (MB)          :    270        4096      4096 

	Job terminated of its own accord at 2023-09-05T05:10:43Z with exit-code 0.
...
