000 (14312692.056.000) 2023-09-11 11:54:29 Job submitted from host: <128.104.101.92:9618?addrs=128.104.101.92-9618+[2607-f388-107c-501-a236-9fff-fe3c-caa8]-9618&alias=submit2.chtc.wisc.edu&noUDP&sock=schedd_1879732_618e>
...
040 (14312692.056.000) 2023-09-11 12:01:42 Started transferring input files
	Transferring to host: <128.105.69.175:9618?addrs=128.105.69.175-9618+[2607-f388-2200-100-1270-fdff-fe56-63d4]-9618&alias=e2558.chtc.wisc.edu&noUDP&sock=slot1_45_4096578_8b73_92343>
...
040 (14312692.056.000) 2023-09-11 12:01:44 Finished transferring input files
...
001 (14312692.056.000) 2023-09-11 12:01:45 Job executing on host: <128.105.69.175:9618?addrs=128.105.69.175-9618+[2607-f388-2200-100-1270-fdff-fe56-63d4]-9618&alias=e2558.chtc.wisc.edu&noUDP&sock=startd_13980_b217>
	SlotName: slot1_45@e2558.chtc.wisc.edu
	CondorScratchDir = "/var/lib/condor/execute/slot1/dir_2468558"
	Cpus = 1
	Disk = 1208198
	IoHeavy = 0
	Memory = 4096
...
006 (14312692.056.000) 2023-09-11 12:01:54 Image size of job updated: 702660
	687  -  MemoryUsage of job (MB)
	702656  -  ResidentSetSize of job (KB)
...
006 (14312692.056.000) 2023-09-11 12:03:07 Image size of job updated: 809768
	687  -  MemoryUsage of job (MB)
	703168  -  ResidentSetSize of job (KB)
...
040 (14312692.056.000) 2023-09-11 12:03:07 Started transferring output files
...
040 (14312692.056.000) 2023-09-11 12:03:07 Finished transferring output files
...
005 (14312692.056.000) 2023-09-11 12:03:07 Job terminated.
	(1) Normal termination (return value 0)
		Usr 0 00:01:15, Sys 0 00:00:03  -  Run Remote Usage
		Usr 0 00:00:00, Sys 0 00:00:00  -  Run Local Usage
		Usr 0 00:01:15, Sys 0 00:00:03  -  Total Remote Usage
		Usr 0 00:00:00, Sys 0 00:00:00  -  Total Local Usage
	98481  -  Run Bytes Sent By Job
	32720412  -  Run Bytes Received By Job
	98481  -  Total Bytes Sent By Job
	32720412  -  Total Bytes Received By Job
	Partitionable Resources :    Usage  Request Allocated 
	   Cpus                 :        0        1         1 
	   Disk (KB)            :   261265   524288   1208198 
	   IoHeavy              :                           0 
	   Memory (MB)          :      687     4096      4096 

	Job terminated of its own accord at 2023-09-11T17:03:07Z with exit-code 0.
...
