000 (13655293.453.000) 2023-09-05 00:33:11 Job submitted from host: <128.104.101.92:9618?addrs=128.104.101.92-9618+[2607-f388-107c-501-a236-9fff-fe3c-caa8]-9618&alias=submit2.chtc.wisc.edu&noUDP&sock=schedd_1879732_618e>
...
040 (13655293.453.000) 2023-09-05 00:56:24 Started transferring input files
	Transferring to host: <128.105.69.157:9618?addrs=128.105.69.157-9618+[2607-f388-2200-100-1270-fdff-fe56-c3a4]-9618&alias=e4090.chtc.wisc.edu&noUDP&sock=slot1_33_1363133_4360_49261>
...
001 (13655293.453.000) 2023-09-05 00:57:05 Job executing on host: <128.105.69.157:9618?addrs=128.105.69.157-9618+[2607-f388-2200-100-1270-fdff-fe56-c3a4]-9618&alias=e4090.chtc.wisc.edu&noUDP&sock=startd_18322_f24e>
	SlotName: slot1_33@e4090.chtc.wisc.edu
	CondorScratchDir = "/var/lib/condor/execute/slot1/dir_555297"
	Cpus = 1
	Disk = 1208198
	IoHeavy = 0
	Memory = 4096
...
040 (13655293.453.000) 2023-09-05 00:57:05 Finished transferring input files
...
006 (13655293.453.000) 2023-09-05 00:57:17 Image size of job updated: 724128
	708  -  MemoryUsage of job (MB)
	724128  -  ResidentSetSize of job (KB)
...
006 (13655293.453.000) 2023-09-05 01:02:17 Image size of job updated: 1059840
	1035  -  MemoryUsage of job (MB)
	1059840  -  ResidentSetSize of job (KB)
...
006 (13655293.453.000) 2023-09-05 01:07:18 Image size of job updated: 1267080
	1238  -  MemoryUsage of job (MB)
	1267076  -  ResidentSetSize of job (KB)
...
006 (13655293.453.000) 2023-09-05 01:12:18 Image size of job updated: 1283456
	1238  -  MemoryUsage of job (MB)
	1267076  -  ResidentSetSize of job (KB)
...
006 (13655293.453.000) 2023-09-06 00:38:32 Image size of job updated: 1409692
	1238  -  MemoryUsage of job (MB)
	1267076  -  ResidentSetSize of job (KB)
...
040 (13655293.453.000) 2023-09-06 00:38:32 Started transferring output files
...
040 (13655293.453.000) 2023-09-06 00:38:32 Finished transferring output files
...
005 (13655293.453.000) 2023-09-06 00:38:33 Job terminated.
	(1) Normal termination (return value 0)
		Usr 0 23:20:16, Sys 0 00:04:20  -  Run Remote Usage
		Usr 0 00:00:00, Sys 0 00:00:00  -  Run Local Usage
		Usr 0 23:20:16, Sys 0 00:04:20  -  Total Remote Usage
		Usr 0 00:00:00, Sys 0 00:00:00  -  Total Local Usage
	1309632  -  Run Bytes Sent By Job
	32652772  -  Run Bytes Received By Job
	1309632  -  Total Bytes Sent By Job
	32652772  -  Total Bytes Received By Job
	Partitionable Resources :     Usage  Request Allocated 
	   Cpus                 :      0.99        1         1 
	   Disk (KB)            : 274891      524288   1208198 
	   IoHeavy              :                            0 
	   Memory (MB)          :   1238        4096      4096 

	Job terminated of its own accord at 2023-09-06T05:38:32Z with exit-code 0.
...
