000 (14312691.007.000) 2023-09-11 11:54:06 Job submitted from host: <128.104.101.92:9618?addrs=128.104.101.92-9618+[2607-f388-107c-501-a236-9fff-fe3c-caa8]-9618&alias=submit2.chtc.wisc.edu&noUDP&sock=schedd_1879732_618e>
...
040 (14312691.007.000) 2023-09-11 12:00:22 Started transferring input files
	Transferring to host: <128.105.69.227:9618?addrs=128.105.69.227-9618+[2607-f388-2200-100-eaeb-d3ff-fe40-155c]-9618&alias=e2610.chtc.wisc.edu&noUDP&sock=slot1_65_51514_05e8_92716>
...
040 (14312691.007.000) 2023-09-11 12:00:25 Finished transferring input files
...
001 (14312691.007.000) 2023-09-11 12:00:27 Job executing on host: <128.105.69.227:9618?addrs=128.105.69.227-9618+[2607-f388-2200-100-eaeb-d3ff-fe40-155c]-9618&alias=e2610.chtc.wisc.edu&noUDP&sock=startd_18808_4d56>
	SlotName: slot1_65@e2610.chtc.wisc.edu
	CondorScratchDir = "/var/lib/condor/execute/slot1/dir_2108856"
	Cpus = 1
	Disk = 1458998
	IoHeavy = 0
	Memory = 4096
...
006 (14312691.007.000) 2023-09-11 12:00:37 Image size of job updated: 379368
	231  -  MemoryUsage of job (MB)
	235672  -  ResidentSetSize of job (KB)
...
006 (14312691.007.000) 2023-09-11 12:05:37 Image size of job updated: 379368
	301  -  MemoryUsage of job (MB)
	307856  -  ResidentSetSize of job (KB)
...
006 (14312691.007.000) 2023-09-11 12:10:37 Image size of job updated: 379368
	304  -  MemoryUsage of job (MB)
	310408  -  ResidentSetSize of job (KB)
...
006 (14312691.007.000) 2023-09-11 12:15:38 Image size of job updated: 379368
	307  -  MemoryUsage of job (MB)
	313420  -  ResidentSetSize of job (KB)
...
040 (14312691.007.000) 2023-09-11 12:19:04 Started transferring output files
...
040 (14312691.007.000) 2023-09-11 12:19:04 Finished transferring output files
...
005 (14312691.007.000) 2023-09-11 12:19:04 Job terminated.
	(1) Normal termination (return value 0)
		Usr 0 00:18:16, Sys 0 00:00:02  -  Run Remote Usage
		Usr 0 00:00:00, Sys 0 00:00:00  -  Run Local Usage
		Usr 0 00:18:16, Sys 0 00:00:02  -  Total Remote Usage
		Usr 0 00:00:00, Sys 0 00:00:00  -  Total Local Usage
	317813  -  Run Bytes Sent By Job
	32664896  -  Run Bytes Received By Job
	317813  -  Total Bytes Sent By Job
	32664896  -  Total Bytes Received By Job
	Partitionable Resources :     Usage  Request Allocated 
	   Cpus                 :      0.99        1         1 
	   Disk (KB)            : 255224      524288   1458998 
	   IoHeavy              :                            0 
	   Memory (MB)          :    307        4096      4096 

	Job terminated of its own accord at 2023-09-11T17:19:04Z with exit-code 0.
...
