000 (13655293.381.000) 2023-09-05 00:33:11 Job submitted from host: <128.104.101.92:9618?addrs=128.104.101.92-9618+[2607-f388-107c-501-a236-9fff-fe3c-caa8]-9618&alias=submit2.chtc.wisc.edu&noUDP&sock=schedd_1879732_618e>
...
040 (13655293.381.000) 2023-09-05 00:56:09 Started transferring input files
	Transferring to host: <128.105.69.111:9618?addrs=128.105.69.111-9618+[2607-f388-2200-100-1270-fdff-fe56-cecc]-9618&alias=e4060.chtc.wisc.edu&noUDP&sock=slot1_72_2818152_c6a0_56989>
...
001 (13655293.381.000) 2023-09-05 00:56:45 Job executing on host: <128.105.69.111:9618?addrs=128.105.69.111-9618+[2607-f388-2200-100-1270-fdff-fe56-cecc]-9618&alias=e4060.chtc.wisc.edu&noUDP&sock=startd_18821_3811>
	SlotName: slot1_72@e4060.chtc.wisc.edu
	CondorScratchDir = "/var/lib/condor/execute/slot1/dir_349715"
	Cpus = 1
	Disk = 1208198
	IoHeavy = 0
	Memory = 4096
...
040 (13655293.381.000) 2023-09-05 00:56:45 Finished transferring input files
...
006 (13655293.381.000) 2023-09-05 00:56:54 Image size of job updated: 572188
	559  -  MemoryUsage of job (MB)
	572188  -  ResidentSetSize of job (KB)
...
006 (13655293.381.000) 2023-09-05 01:01:54 Image size of job updated: 1181256
	880  -  MemoryUsage of job (MB)
	900864  -  ResidentSetSize of job (KB)
...
006 (13655293.381.000) 2023-09-05 01:06:55 Image size of job updated: 1181256
	967  -  MemoryUsage of job (MB)
	990100  -  ResidentSetSize of job (KB)
...
006 (13655293.381.000) 2023-09-05 01:16:56 Image size of job updated: 1181256
	971  -  MemoryUsage of job (MB)
	994120  -  ResidentSetSize of job (KB)
...
006 (13655293.381.000) 2023-09-05 01:21:56 Image size of job updated: 1181256
	986  -  MemoryUsage of job (MB)
	1009452  -  ResidentSetSize of job (KB)
...
006 (13655293.381.000) 2023-09-05 02:02:00 Image size of job updated: 1181256
	990  -  MemoryUsage of job (MB)
	1013088  -  ResidentSetSize of job (KB)
...
006 (13655293.381.000) 2023-09-06 02:05:32 Image size of job updated: 1281472
	990  -  MemoryUsage of job (MB)
	1013088  -  ResidentSetSize of job (KB)
...
040 (13655293.381.000) 2023-09-06 02:05:32 Started transferring output files
...
040 (13655293.381.000) 2023-09-06 02:05:32 Finished transferring output files
...
005 (13655293.381.000) 2023-09-06 02:05:33 Job terminated.
	(1) Normal termination (return value 0)
		Usr 1 00:39:10, Sys 0 00:05:01  -  Run Remote Usage
		Usr 0 00:00:00, Sys 0 00:00:00  -  Run Local Usage
		Usr 1 00:39:10, Sys 0 00:05:01  -  Total Remote Usage
		Usr 0 00:00:00, Sys 0 00:00:00  -  Total Local Usage
	1309403  -  Run Bytes Sent By Job
	32652772  -  Run Bytes Received By Job
	1309403  -  Total Bytes Sent By Job
	32652772  -  Total Bytes Received By Job
	Partitionable Resources :     Usage  Request Allocated 
	   Cpus                 :      0.99        1         1 
	   Disk (KB)            : 274913      524288   1208198 
	   IoHeavy              :                            0 
	   Memory (MB)          :    990        4096      4096 

	Job terminated of its own accord at 2023-09-06T07:05:32Z with exit-code 0.
...
