000 (14269004.023.000) 2023-09-11 03:23:01 Job submitted from host: <128.104.101.92:9618?addrs=128.104.101.92-9618+[2607-f388-107c-501-a236-9fff-fe3c-caa8]-9618&alias=submit2.chtc.wisc.edu&noUDP&sock=schedd_1879732_618e>
...
040 (14269004.023.000) 2023-09-11 03:26:56 Started transferring input files
	Transferring to host: <128.105.69.182:9618?addrs=128.105.69.182-9618+[2607-f388-2200-100-1270-fdff-fe56-c344]-9618&alias=e2565.chtc.wisc.edu&noUDP&sock=slot1_128_896567_4f04_78928>
...
040 (14269004.023.000) 2023-09-11 03:26:58 Finished transferring input files
...
001 (14269004.023.000) 2023-09-11 03:26:59 Job executing on host: <128.105.69.182:9618?addrs=128.105.69.182-9618+[2607-f388-2200-100-1270-fdff-fe56-c344]-9618&alias=e2565.chtc.wisc.edu&noUDP&sock=startd_12827_d564>
	SlotName: slot1_128@e2565.chtc.wisc.edu
	CondorScratchDir = "/var/lib/condor/execute/slot1/dir_1583415"
	Cpus = 1
	Disk = 1208198
	IoHeavy = 0
	Memory = 4096
...
006 (14269004.023.000) 2023-09-11 03:27:08 Image size of job updated: 378884
	279  -  MemoryUsage of job (MB)
	285096  -  ResidentSetSize of job (KB)
...
040 (14269004.023.000) 2023-09-11 03:29:34 Started transferring output files
...
040 (14269004.023.000) 2023-09-11 03:29:34 Finished transferring output files
...
005 (14269004.023.000) 2023-09-11 03:29:34 Job terminated.
	(1) Normal termination (return value 0)
		Usr 0 00:02:31, Sys 0 00:00:00  -  Run Remote Usage
		Usr 0 00:00:00, Sys 0 00:00:00  -  Run Local Usage
		Usr 0 00:02:31, Sys 0 00:00:00  -  Total Remote Usage
		Usr 0 00:00:00, Sys 0 00:00:00  -  Total Local Usage
	172604  -  Run Bytes Sent By Job
	32664898  -  Run Bytes Received By Job
	172604  -  Total Bytes Sent By Job
	32664898  -  Total Bytes Received By Job
	Partitionable Resources :     Usage  Request Allocated 
	   Cpus                 :      0.99        1         1 
	   Disk (KB)            : 255083      524288   1208198 
	   IoHeavy              :                            0 
	   Memory (MB)          :    279        4096      4096 

	Job terminated of its own accord at 2023-09-11T08:29:34Z with exit-code 0.
...
