000 (13648508.074.000) 2023-09-04 23:50:03 Job submitted from host: <128.104.101.92:9618?addrs=128.104.101.92-9618+[2607-f388-107c-501-a236-9fff-fe3c-caa8]-9618&alias=submit2.chtc.wisc.edu&noUDP&sock=schedd_1879732_618e>
...
040 (13648508.074.000) 2023-09-05 00:09:36 Started transferring input files
	Transferring to host: <128.105.69.220:9618?addrs=128.105.69.220-9618+[2607-f388-2200-100-eaeb-d3ff-fe40-1a2c]-9618&alias=e2603.chtc.wisc.edu&noUDP&sock=slot1_12_1030842_3178_62450>
...
040 (13648508.074.000) 2023-09-05 00:09:38 Finished transferring input files
...
001 (13648508.074.000) 2023-09-05 00:09:39 Job executing on host: <128.105.69.220:9618?addrs=128.105.69.220-9618+[2607-f388-2200-100-eaeb-d3ff-fe40-1a2c]-9618&alias=e2603.chtc.wisc.edu&noUDP&sock=startd_18749_d53f>
	SlotName: slot1_12@e2603.chtc.wisc.edu
	CondorScratchDir = "/var/lib/condor/execute/slot1/dir_3713146"
	Cpus = 1
	Disk = 1458998
	IoHeavy = 0
	Memory = 4096
...
006 (13648508.074.000) 2023-09-05 00:09:47 Image size of job updated: 274000
	164  -  MemoryUsage of job (MB)
	167728  -  ResidentSetSize of job (KB)
...
006 (13648508.074.000) 2023-09-05 00:10:43 Image size of job updated: 274000
	165  -  MemoryUsage of job (MB)
	167984  -  ResidentSetSize of job (KB)
...
040 (13648508.074.000) 2023-09-05 00:10:43 Started transferring output files
...
040 (13648508.074.000) 2023-09-05 00:10:43 Finished transferring output files
...
005 (13648508.074.000) 2023-09-05 00:10:43 Job terminated.
	(1) Normal termination (return value 0)
		Usr 0 00:01:01, Sys 0 00:00:00  -  Run Remote Usage
		Usr 0 00:00:00, Sys 0 00:00:00  -  Run Local Usage
		Usr 0 00:01:01, Sys 0 00:00:00  -  Total Remote Usage
		Usr 0 00:00:00, Sys 0 00:00:00  -  Total Local Usage
	29496  -  Run Bytes Sent By Job
	32665120  -  Run Bytes Received By Job
	29496  -  Total Bytes Sent By Job
	32665120  -  Total Bytes Received By Job
	Partitionable Resources :    Usage  Request Allocated 
	   Cpus                 :                 1         1 
	   Disk (KB)            :   254934   524288   1458998 
	   IoHeavy              :                           0 
	   Memory (MB)          :      165     4096      4096 

	Job terminated of its own accord at 2023-09-05T05:10:43Z with exit-code 0.
...
