000 (13655293.220.000) 2023-09-05 00:33:11 Job submitted from host: <128.104.101.92:9618?addrs=128.104.101.92-9618+[2607-f388-107c-501-a236-9fff-fe3c-caa8]-9618&alias=submit2.chtc.wisc.edu&noUDP&sock=schedd_1879732_618e>
...
040 (13655293.220.000) 2023-09-05 00:44:43 Started transferring input files
	Transferring to host: <128.105.69.100:9618?addrs=128.105.69.100-9618+[2607-f388-2200-100-1270-fdff-fe56-4634]-9618&alias=e4011.chtc.wisc.edu&noUDP&sock=slot1_69_1908450_6be0_59651>
...
040 (13655293.220.000) 2023-09-05 00:44:45 Finished transferring input files
...
001 (13655293.220.000) 2023-09-05 00:44:50 Job executing on host: <128.105.69.100:9618?addrs=128.105.69.100-9618+[2607-f388-2200-100-1270-fdff-fe56-4634]-9618&alias=e4011.chtc.wisc.edu&noUDP&sock=startd_15799_60dc>
	SlotName: slot1_69@e4011.chtc.wisc.edu
	CondorScratchDir = "/var/lib/condor/execute/slot1/dir_6357"
	Cpus = 1
	Disk = 1208198
	IoHeavy = 0
	Memory = 4096
...
006 (13655293.220.000) 2023-09-05 00:44:59 Image size of job updated: 700048
	684  -  MemoryUsage of job (MB)
	700048  -  ResidentSetSize of job (KB)
...
006 (13655293.220.000) 2023-09-05 00:50:00 Image size of job updated: 1287000
	1048  -  MemoryUsage of job (MB)
	1072400  -  ResidentSetSize of job (KB)
...
006 (13655293.220.000) 2023-09-05 00:55:01 Image size of job updated: 1287000
	1080  -  MemoryUsage of job (MB)
	1105780  -  ResidentSetSize of job (KB)
...
006 (13655293.220.000) 2023-09-05 01:00:01 Image size of job updated: 1287000
	1083  -  MemoryUsage of job (MB)
	1108852  -  ResidentSetSize of job (KB)
...
006 (13655293.220.000) 2023-09-05 01:15:03 Image size of job updated: 1287000
	1092  -  MemoryUsage of job (MB)
	1117300  -  ResidentSetSize of job (KB)
...
006 (13655293.220.000) 2023-09-05 01:45:07 Image size of job updated: 1287000
	1093  -  MemoryUsage of job (MB)
	1118956  -  ResidentSetSize of job (KB)
...
006 (13655293.220.000) 2023-09-06 00:27:29 Image size of job updated: 1399576
	1230  -  MemoryUsage of job (MB)
	1259428  -  ResidentSetSize of job (KB)
...
040 (13655293.220.000) 2023-09-06 00:28:03 Started transferring output files
...
040 (13655293.220.000) 2023-09-06 00:28:03 Finished transferring output files
...
005 (13655293.220.000) 2023-09-06 00:28:03 Job terminated.
	(1) Normal termination (return value 0)
		Usr 0 23:14:52, Sys 0 00:05:13  -  Run Remote Usage
		Usr 0 00:00:00, Sys 0 00:00:00  -  Run Local Usage
		Usr 0 23:14:52, Sys 0 00:05:13  -  Total Remote Usage
		Usr 0 00:00:00, Sys 0 00:00:00  -  Total Local Usage
	1309738  -  Run Bytes Sent By Job
	32652772  -  Run Bytes Received By Job
	1309738  -  Total Bytes Sent By Job
	32652772  -  Total Bytes Received By Job
	Partitionable Resources :     Usage  Request Allocated 
	   Cpus                 :      0.99        1         1 
	   Disk (KB)            : 274914      524288   1208198 
	   IoHeavy              :                            0 
	   Memory (MB)          :   1230        4096      4096 

	Job terminated of its own accord at 2023-09-06T05:28:03Z with exit-code 0.
...
