000 (14312691.001.000) 2023-09-11 11:54:06 Job submitted from host: <128.104.101.92:9618?addrs=128.104.101.92-9618+[2607-f388-107c-501-a236-9fff-fe3c-caa8]-9618&alias=submit2.chtc.wisc.edu&noUDP&sock=schedd_1879732_618e>
...
040 (14312691.001.000) 2023-09-11 12:00:03 Started transferring input files
	Transferring to host: <128.105.69.154:9618?addrs=128.105.69.154-9618+[2607-f388-2200-100-1270-fdff-fe56-45a4]-9618&alias=e4087.chtc.wisc.edu&noUDP&sock=slot1_114_3531047_cb7e_101652>
...
040 (14312691.001.000) 2023-09-11 12:00:06 Finished transferring input files
...
001 (14312691.001.000) 2023-09-11 12:00:07 Job executing on host: <128.105.69.154:9618?addrs=128.105.69.154-9618+[2607-f388-2200-100-1270-fdff-fe56-45a4]-9618&alias=e4087.chtc.wisc.edu&noUDP&sock=startd_17059_a231>
	SlotName: slot1_114@e4087.chtc.wisc.edu
	CondorScratchDir = "/var/lib/condor/execute/slot1/dir_2119392"
	Cpus = 1
	Disk = 1208198
	IoHeavy = 0
	Memory = 4096
...
006 (14312691.001.000) 2023-09-11 12:00:15 Image size of job updated: 304028
	292  -  MemoryUsage of job (MB)
	298492  -  ResidentSetSize of job (KB)
...
006 (14312691.001.000) 2023-09-11 12:05:15 Image size of job updated: 379816
	315  -  MemoryUsage of job (MB)
	321640  -  ResidentSetSize of job (KB)
...
006 (14312691.001.000) 2023-09-11 12:10:16 Image size of job updated: 379816
	318  -  MemoryUsage of job (MB)
	325232  -  ResidentSetSize of job (KB)
...
006 (14312691.001.000) 2023-09-11 13:35:24 Image size of job updated: 379816
	319  -  MemoryUsage of job (MB)
	326168  -  ResidentSetSize of job (KB)
...
006 (14312691.001.000) 2023-09-11 13:45:25 Image size of job updated: 379816
	319  -  MemoryUsage of job (MB)
	326424  -  ResidentSetSize of job (KB)
...
040 (14312691.001.000) 2023-09-11 13:51:52 Started transferring output files
...
040 (14312691.001.000) 2023-09-11 13:51:52 Finished transferring output files
...
005 (14312691.001.000) 2023-09-11 13:51:52 Job terminated.
	(1) Normal termination (return value 0)
		Usr 0 01:50:12, Sys 0 00:00:09  -  Run Remote Usage
		Usr 0 00:00:00, Sys 0 00:00:00  -  Run Local Usage
		Usr 0 01:50:12, Sys 0 00:00:09  -  Total Remote Usage
		Usr 0 00:00:00, Sys 0 00:00:00  -  Total Local Usage
	601235  -  Run Bytes Sent By Job
	32664896  -  Run Bytes Received By Job
	601235  -  Total Bytes Sent By Job
	32664896  -  Total Bytes Received By Job
	Partitionable Resources :     Usage  Request Allocated 
	   Cpus                 :      0.99        1         1 
	   Disk (KB)            : 255784      524288   1208198 
	   IoHeavy              :                            0 
	   Memory (MB)          :    319        4096      4096 

	Job terminated of its own accord at 2023-09-11T18:51:52Z with exit-code 0.
...
