000 (13655293.214.000) 2023-09-05 00:33:11 Job submitted from host: <128.104.101.92:9618?addrs=128.104.101.92-9618+[2607-f388-107c-501-a236-9fff-fe3c-caa8]-9618&alias=submit2.chtc.wisc.edu&noUDP&sock=schedd_1879732_618e>
...
040 (13655293.214.000) 2023-09-05 00:44:42 Started transferring input files
	Transferring to host: <128.105.69.126:9618?addrs=128.105.69.126-9618+[2607-f388-2200-100-1270-fdff-fe56-ca5c]-9618&alias=e4075.chtc.wisc.edu&noUDP&sock=slot1_21_2504111_7b5e_65195>
...
040 (13655293.214.000) 2023-09-05 00:44:44 Finished transferring input files
...
001 (13655293.214.000) 2023-09-05 00:44:47 Job executing on host: <128.105.69.126:9618?addrs=128.105.69.126-9618+[2607-f388-2200-100-1270-fdff-fe56-ca5c]-9618&alias=e4075.chtc.wisc.edu&noUDP&sock=startd_19068_a3f5>
	SlotName: slot1_21@e4075.chtc.wisc.edu
	CondorScratchDir = "/var/lib/condor/execute/slot1/dir_1125388"
	Cpus = 1
	Disk = 1208198
	IoHeavy = 0
	Memory = 4096
...
006 (13655293.214.000) 2023-09-05 00:44:55 Image size of job updated: 576040
	563  -  MemoryUsage of job (MB)
	576040  -  ResidentSetSize of job (KB)
...
006 (13655293.214.000) 2023-09-05 00:49:55 Image size of job updated: 1197680
	968  -  MemoryUsage of job (MB)
	990248  -  ResidentSetSize of job (KB)
...
006 (13655293.214.000) 2023-09-05 00:54:55 Image size of job updated: 1197680
	993  -  MemoryUsage of job (MB)
	1016764  -  ResidentSetSize of job (KB)
...
006 (13655293.214.000) 2023-09-05 01:09:56 Image size of job updated: 1197680
	996  -  MemoryUsage of job (MB)
	1019708  -  ResidentSetSize of job (KB)
...
006 (13655293.214.000) 2023-09-05 02:20:04 Image size of job updated: 1197680
	1008  -  MemoryUsage of job (MB)
	1031180  -  ResidentSetSize of job (KB)
...
006 (13655293.214.000) 2023-09-05 17:21:35 Image size of job updated: 1322968
	1147  -  MemoryUsage of job (MB)
	1173852  -  ResidentSetSize of job (KB)
...
040 (13655293.214.000) 2023-09-05 17:21:40 Started transferring output files
...
040 (13655293.214.000) 2023-09-05 17:21:40 Finished transferring output files
...
005 (13655293.214.000) 2023-09-05 17:21:40 Job terminated.
	(1) Normal termination (return value 0)
		Usr 0 16:20:21, Sys 0 00:02:43  -  Run Remote Usage
		Usr 0 00:00:00, Sys 0 00:00:00  -  Run Local Usage
		Usr 0 16:20:21, Sys 0 00:02:43  -  Total Remote Usage
		Usr 0 00:00:00, Sys 0 00:00:00  -  Total Local Usage
	1309571  -  Run Bytes Sent By Job
	32652772  -  Run Bytes Received By Job
	1309571  -  Total Bytes Sent By Job
	32652772  -  Total Bytes Received By Job
	Partitionable Resources :     Usage  Request Allocated 
	   Cpus                 :      0.99        1         1 
	   Disk (KB)            : 274915      524288   1208198 
	   IoHeavy              :                            0 
	   Memory (MB)          :   1147        4096      4096 

	Job terminated of its own accord at 2023-09-05T22:21:40Z with exit-code 0.
...
