000 (13655293.055.000) 2023-09-05 00:33:11 Job submitted from host: <128.104.101.92:9618?addrs=128.104.101.92-9618+[2607-f388-107c-501-a236-9fff-fe3c-caa8]-9618&alias=submit2.chtc.wisc.edu&noUDP&sock=schedd_1879732_618e>
...
040 (13655293.055.000) 2023-09-05 00:36:10 Started transferring input files
	Transferring to host: <128.105.69.189:9618?addrs=128.105.69.189-9618+[2607-f388-2200-100-1270-fdff-fe56-644c]-9618&alias=e4042.chtc.wisc.edu&noUDP&sock=slot1_41_3770169_e03a_55802>
...
040 (13655293.055.000) 2023-09-05 00:36:12 Finished transferring input files
...
001 (13655293.055.000) 2023-09-05 00:36:18 Job executing on host: <128.105.69.189:9618?addrs=128.105.69.189-9618+[2607-f388-2200-100-1270-fdff-fe56-644c]-9618&alias=e4042.chtc.wisc.edu&noUDP&sock=startd_15959_2004>
	SlotName: slot1_41@e4042.chtc.wisc.edu
	CondorScratchDir = "/var/lib/condor/execute/slot1/dir_3474480"
	Cpus = 1
	Disk = 1208198
	IoHeavy = 0
	Memory = 4096
...
006 (13655293.055.000) 2023-09-05 00:36:27 Image size of job updated: 710492
	694  -  MemoryUsage of job (MB)
	710492  -  ResidentSetSize of job (KB)
...
006 (13655293.055.000) 2023-09-05 00:41:28 Image size of job updated: 1284340
	1049  -  MemoryUsage of job (MB)
	1074092  -  ResidentSetSize of job (KB)
...
006 (13655293.055.000) 2023-09-05 00:46:28 Image size of job updated: 1284340
	1071  -  MemoryUsage of job (MB)
	1096312  -  ResidentSetSize of job (KB)
...
006 (13655293.055.000) 2023-09-05 00:51:28 Image size of job updated: 1284340
	1081  -  MemoryUsage of job (MB)
	1106352  -  ResidentSetSize of job (KB)
...
006 (13655293.055.000) 2023-09-05 01:11:31 Image size of job updated: 1284340
	1085  -  MemoryUsage of job (MB)
	1110448  -  ResidentSetSize of job (KB)
...
006 (13655293.055.000) 2023-09-05 01:21:32 Image size of job updated: 1284340
	1086  -  MemoryUsage of job (MB)
	1111772  -  ResidentSetSize of job (KB)
...
006 (13655293.055.000) 2023-09-05 04:26:50 Image size of job updated: 1284340
	1086  -  MemoryUsage of job (MB)
	1111916  -  ResidentSetSize of job (KB)
...
006 (13655293.055.000) 2023-09-05 06:07:01 Image size of job updated: 1284340
	1086  -  MemoryUsage of job (MB)
	1111920  -  ResidentSetSize of job (KB)
...
006 (13655293.055.000) 2023-09-05 23:18:36 Image size of job updated: 1341620
	1086  -  MemoryUsage of job (MB)
	1111920  -  ResidentSetSize of job (KB)
...
040 (13655293.055.000) 2023-09-05 23:18:36 Started transferring output files
...
040 (13655293.055.000) 2023-09-05 23:18:36 Finished transferring output files
...
005 (13655293.055.000) 2023-09-05 23:18:36 Job terminated.
	(1) Normal termination (return value 0)
		Usr 0 22:18:08, Sys 0 00:03:19  -  Run Remote Usage
		Usr 0 00:00:00, Sys 0 00:00:00  -  Run Local Usage
		Usr 0 22:18:08, Sys 0 00:03:19  -  Total Remote Usage
		Usr 0 00:00:00, Sys 0 00:00:00  -  Total Local Usage
	1309575  -  Run Bytes Sent By Job
	32652772  -  Run Bytes Received By Job
	1309575  -  Total Bytes Sent By Job
	32652772  -  Total Bytes Received By Job
	Partitionable Resources :     Usage  Request Allocated 
	   Cpus                 :      0.99        1         1 
	   Disk (KB)            : 274892      524288   1208198 
	   IoHeavy              :                            0 
	   Memory (MB)          :   1086        4096      4096 

	Job terminated of its own accord at 2023-09-06T04:18:36Z with exit-code 0.
...
