000 (13655293.077.000) 2023-09-05 00:33:11 Job submitted from host: <128.104.101.92:9618?addrs=128.104.101.92-9618+[2607-f388-107c-501-a236-9fff-fe3c-caa8]-9618&alias=submit2.chtc.wisc.edu&noUDP&sock=schedd_1879732_618e>
...
040 (13655293.077.000) 2023-09-05 00:36:15 Started transferring input files
	Transferring to host: <128.105.69.171:9618?addrs=128.105.69.171-9618+[2607-f388-2200-100-1270-fdff-fe56-76ac]-9618&alias=e2554.chtc.wisc.edu&noUDP&sock=slot1_46_1826531_133c_47890>
...
001 (13655293.077.000) 2023-09-05 00:36:22 Job executing on host: <128.105.69.171:9618?addrs=128.105.69.171-9618+[2607-f388-2200-100-1270-fdff-fe56-76ac]-9618&alias=e2554.chtc.wisc.edu&noUDP&sock=startd_14106_1f06>
	SlotName: slot1_46@e2554.chtc.wisc.edu
	CondorScratchDir = "/var/lib/condor/execute/slot1/dir_1565265"
	Cpus = 1
	Disk = 1208198
	IoHeavy = 0
	Memory = 4096
...
040 (13655293.077.000) 2023-09-05 00:36:22 Finished transferring input files
...
006 (13655293.077.000) 2023-09-05 00:36:31 Image size of job updated: 726028
	710  -  MemoryUsage of job (MB)
	726028  -  ResidentSetSize of job (KB)
...
006 (13655293.077.000) 2023-09-05 00:41:32 Image size of job updated: 1290252
	1073  -  MemoryUsage of job (MB)
	1098596  -  ResidentSetSize of job (KB)
...
006 (13655293.077.000) 2023-09-05 00:46:32 Image size of job updated: 1290252
	1082  -  MemoryUsage of job (MB)
	1107264  -  ResidentSetSize of job (KB)
...
006 (13655293.077.000) 2023-09-05 01:11:34 Image size of job updated: 1290252
	1082  -  MemoryUsage of job (MB)
	1107508  -  ResidentSetSize of job (KB)
...
006 (13655293.077.000) 2023-09-05 02:01:39 Image size of job updated: 1290252
	1084  -  MemoryUsage of job (MB)
	1109196  -  ResidentSetSize of job (KB)
...
006 (13655293.077.000) 2023-09-05 02:56:46 Image size of job updated: 1290252
	1086  -  MemoryUsage of job (MB)
	1111616  -  ResidentSetSize of job (KB)
...
006 (13655293.077.000) 2023-09-05 23:56:59 Image size of job updated: 1405780
	1086  -  MemoryUsage of job (MB)
	1111616  -  ResidentSetSize of job (KB)
...
040 (13655293.077.000) 2023-09-05 23:56:59 Started transferring output files
...
040 (13655293.077.000) 2023-09-05 23:56:59 Finished transferring output files
...
005 (13655293.077.000) 2023-09-05 23:57:00 Job terminated.
	(1) Normal termination (return value 0)
		Usr 0 22:51:16, Sys 0 00:04:47  -  Run Remote Usage
		Usr 0 00:00:00, Sys 0 00:00:00  -  Run Local Usage
		Usr 0 22:51:16, Sys 0 00:04:47  -  Total Remote Usage
		Usr 0 00:00:00, Sys 0 00:00:00  -  Total Local Usage
	1309823  -  Run Bytes Sent By Job
	32652772  -  Run Bytes Received By Job
	1309823  -  Total Bytes Sent By Job
	32652772  -  Total Bytes Received By Job
	Partitionable Resources :     Usage  Request Allocated 
	   Cpus                 :      0.99        1         1 
	   Disk (KB)            : 274901      524288   1208198 
	   IoHeavy              :                            0 
	   Memory (MB)          :   1086        4096      4096 

	Job terminated of its own accord at 2023-09-06T04:56:59Z with exit-code 0.
...
