000 (14312692.002.000) 2023-09-11 11:54:29 Job submitted from host: <128.104.101.92:9618?addrs=128.104.101.92-9618+[2607-f388-107c-501-a236-9fff-fe3c-caa8]-9618&alias=submit2.chtc.wisc.edu&noUDP&sock=schedd_1879732_618e>
...
040 (14312692.002.000) 2023-09-11 12:00:34 Started transferring input files
	Transferring to host: <128.105.69.175:9618?addrs=128.105.69.175-9618+[2607-f388-2200-100-1270-fdff-fe56-63d4]-9618&alias=e2558.chtc.wisc.edu&noUDP&sock=slot1_74_4096578_8b73_92341>
...
040 (14312692.002.000) 2023-09-11 12:00:37 Finished transferring input files
...
001 (14312692.002.000) 2023-09-11 12:00:40 Job executing on host: <128.105.69.175:9618?addrs=128.105.69.175-9618+[2607-f388-2200-100-1270-fdff-fe56-63d4]-9618&alias=e2558.chtc.wisc.edu&noUDP&sock=startd_13980_b217>
	SlotName: slot1_74@e2558.chtc.wisc.edu
	CondorScratchDir = "/var/lib/condor/execute/slot1/dir_2462786"
	Cpus = 1
	Disk = 1208198
	IoHeavy = 0
	Memory = 4096
...
006 (14312692.002.000) 2023-09-11 12:00:49 Image size of job updated: 723960
	707  -  MemoryUsage of job (MB)
	723960  -  ResidentSetSize of job (KB)
...
006 (14312692.002.000) 2023-09-11 12:05:50 Image size of job updated: 820580
	708  -  MemoryUsage of job (MB)
	724472  -  ResidentSetSize of job (KB)
...
040 (14312692.002.000) 2023-09-11 12:33:51 Started transferring output files
...
040 (14312692.002.000) 2023-09-11 12:33:51 Finished transferring output files
...
005 (14312692.002.000) 2023-09-11 12:33:51 Job terminated.
	(1) Normal termination (return value 0)
		Usr 0 00:32:39, Sys 0 00:00:05  -  Run Remote Usage
		Usr 0 00:00:00, Sys 0 00:00:00  -  Run Local Usage
		Usr 0 00:32:39, Sys 0 00:00:05  -  Total Remote Usage
		Usr 0 00:00:00, Sys 0 00:00:00  -  Total Local Usage
	551047  -  Run Bytes Sent By Job
	32720412  -  Run Bytes Received By Job
	551047  -  Total Bytes Sent By Job
	32720412  -  Total Bytes Received By Job
	Partitionable Resources :     Usage  Request Allocated 
	   Cpus                 :      0.99        1         1 
	   Disk (KB)            : 261707      524288   1208198 
	   IoHeavy              :                            0 
	   Memory (MB)          :    708        4096      4096 

	Job terminated of its own accord at 2023-09-11T17:33:51Z with exit-code 0.
...
