000 (13655293.105.000) 2023-09-05 00:33:11 Job submitted from host: <128.104.101.92:9618?addrs=128.104.101.92-9618+[2607-f388-107c-501-a236-9fff-fe3c-caa8]-9618&alias=submit2.chtc.wisc.edu&noUDP&sock=schedd_1879732_618e>
...
040 (13655293.105.000) 2023-09-05 00:36:23 Started transferring input files
	Transferring to host: <128.105.69.148:9618?addrs=128.105.69.148-9618+[2607-f388-2200-100-1270-fdff-fe56-ceec]-9618&alias=build4001.chtc.wisc.edu&noUDP&sock=slot3_84_2852113_5f65_68832>
...
001 (13655293.105.000) 2023-09-05 00:36:31 Job executing on host: <128.105.69.148:9618?addrs=128.105.69.148-9618+[2607-f388-2200-100-1270-fdff-fe56-ceec]-9618&alias=build4001.chtc.wisc.edu&noUDP&sock=startd_16163_0d56>
	SlotName: slot3_84@build4001.chtc.wisc.edu
	CondorScratchDir = "/var/lib/condor/execute/slot3/dir_881080"
	Cpus = 1
	Disk = 1208198
	IoHeavy = 0
	Memory = 4096
...
040 (13655293.105.000) 2023-09-05 00:36:31 Finished transferring input files
...
006 (13655293.105.000) 2023-09-05 00:36:39 Image size of job updated: 683852
	668  -  MemoryUsage of job (MB)
	683852  -  ResidentSetSize of job (KB)
...
006 (13655293.105.000) 2023-09-05 00:41:39 Image size of job updated: 1288140
	1038  -  MemoryUsage of job (MB)
	1062024  -  ResidentSetSize of job (KB)
...
006 (13655293.105.000) 2023-09-05 00:46:40 Image size of job updated: 1288140
	1075  -  MemoryUsage of job (MB)
	1099868  -  ResidentSetSize of job (KB)
...
006 (13655293.105.000) 2023-09-05 00:51:40 Image size of job updated: 1288140
	1075  -  MemoryUsage of job (MB)
	1100464  -  ResidentSetSize of job (KB)
...
006 (13655293.105.000) 2023-09-05 00:56:40 Image size of job updated: 1288140
	1080  -  MemoryUsage of job (MB)
	1105300  -  ResidentSetSize of job (KB)
...
006 (13655293.105.000) 2023-09-05 01:31:43 Image size of job updated: 1288140
	1085  -  MemoryUsage of job (MB)
	1110420  -  ResidentSetSize of job (KB)
...
006 (13655293.105.000) 2023-09-05 01:56:46 Image size of job updated: 1288140
	1087  -  MemoryUsage of job (MB)
	1112148  -  ResidentSetSize of job (KB)
...
006 (13655293.105.000) 2023-09-05 02:01:47 Image size of job updated: 1288140
	1090  -  MemoryUsage of job (MB)
	1115220  -  ResidentSetSize of job (KB)
...
006 (13655293.105.000) 2023-09-05 19:34:09 Image size of job updated: 1414796
	1090  -  MemoryUsage of job (MB)
	1115220  -  ResidentSetSize of job (KB)
...
040 (13655293.105.000) 2023-09-05 19:34:09 Started transferring output files
...
040 (13655293.105.000) 2023-09-05 19:34:09 Finished transferring output files
...
005 (13655293.105.000) 2023-09-05 19:34:09 Job terminated.
	(1) Normal termination (return value 0)
		Usr 0 18:38:09, Sys 0 00:02:56  -  Run Remote Usage
		Usr 0 00:00:00, Sys 0 00:00:00  -  Run Local Usage
		Usr 0 18:38:09, Sys 0 00:02:56  -  Total Remote Usage
		Usr 0 00:00:00, Sys 0 00:00:00  -  Total Local Usage
	1309243  -  Run Bytes Sent By Job
	32652772  -  Run Bytes Received By Job
	1309243  -  Total Bytes Sent By Job
	32652772  -  Total Bytes Received By Job
	Partitionable Resources :     Usage  Request Allocated 
	   Cpus                 :      0.99        1         1 
	   Disk (KB)            : 274916      524288   1208198 
	   IoHeavy              :                            0 
	   Memory (MB)          :   1090        4096      4096 

	Job terminated of its own accord at 2023-09-06T00:34:09Z with exit-code 0.
...
