000 (13655293.294.000) 2023-09-05 00:33:11 Job submitted from host: <128.104.101.92:9618?addrs=128.104.101.92-9618+[2607-f388-107c-501-a236-9fff-fe3c-caa8]-9618&alias=submit2.chtc.wisc.edu&noUDP&sock=schedd_1879732_618e>
...
040 (13655293.294.000) 2023-09-05 00:51:29 Started transferring input files
	Transferring to host: <128.105.69.217:9618?addrs=128.105.69.217-9618&alias=e2600.chtc.wisc.edu&noUDP&sock=slot1_4_2694509_18dc_82231>
...
040 (13655293.294.000) 2023-09-05 00:51:31 Finished transferring input files
...
001 (13655293.294.000) 2023-09-05 00:51:32 Job executing on host: <128.105.69.217:9618?addrs=128.105.69.217-9618&alias=e2600.chtc.wisc.edu&noUDP&sock=startd_19081_8eb0>
	SlotName: slot1_4@e2600.chtc.wisc.edu
	CondorScratchDir = "/var/lib/condor/execute/slot1/dir_242776"
	Cpus = 1
	Disk = 1458998
	IoHeavy = 0
	Memory = 4096
...
006 (13655293.294.000) 2023-09-05 00:51:41 Image size of job updated: 715028
	699  -  MemoryUsage of job (MB)
	715028  -  ResidentSetSize of job (KB)
...
006 (13655293.294.000) 2023-09-05 00:56:42 Image size of job updated: 1286904
	1055  -  MemoryUsage of job (MB)
	1079984  -  ResidentSetSize of job (KB)
...
006 (13655293.294.000) 2023-09-05 01:01:43 Image size of job updated: 1286904
	1080  -  MemoryUsage of job (MB)
	1105584  -  ResidentSetSize of job (KB)
...
006 (13655293.294.000) 2023-09-05 01:11:45 Image size of job updated: 1286904
	1085  -  MemoryUsage of job (MB)
	1110448  -  ResidentSetSize of job (KB)
...
006 (13655293.294.000) 2023-09-05 01:31:46 Image size of job updated: 1286904
	1085  -  MemoryUsage of job (MB)
	1110876  -  ResidentSetSize of job (KB)
...
006 (13655293.294.000) 2023-09-05 02:01:48 Image size of job updated: 1286904
	1088  -  MemoryUsage of job (MB)
	1113580  -  ResidentSetSize of job (KB)
...
006 (13655293.294.000) 2023-09-06 00:36:21 Image size of job updated: 1357764
	1088  -  MemoryUsage of job (MB)
	1113580  -  ResidentSetSize of job (KB)
...
040 (13655293.294.000) 2023-09-06 00:36:21 Started transferring output files
...
040 (13655293.294.000) 2023-09-06 00:36:21 Finished transferring output files
...
005 (13655293.294.000) 2023-09-06 00:36:21 Job terminated.
	(1) Normal termination (return value 0)
		Usr 0 23:21:21, Sys 0 00:02:52  -  Run Remote Usage
		Usr 0 00:00:00, Sys 0 00:00:00  -  Run Local Usage
		Usr 0 23:21:21, Sys 0 00:02:52  -  Total Remote Usage
		Usr 0 00:00:00, Sys 0 00:00:00  -  Total Local Usage
	1309703  -  Run Bytes Sent By Job
	32652772  -  Run Bytes Received By Job
	1309703  -  Total Bytes Sent By Job
	32652772  -  Total Bytes Received By Job
	Partitionable Resources :     Usage  Request Allocated 
	   Cpus                 :      0.99        1         1 
	   Disk (KB)            : 274905      524288   1458998 
	   IoHeavy              :                            0 
	   Memory (MB)          :   1088        4096      4096 

	Job terminated of its own accord at 2023-09-06T05:36:21Z with exit-code 0.
...
