000 (13648508.006.000) 2023-09-04 23:50:03 Job submitted from host: <128.104.101.92:9618?addrs=128.104.101.92-9618+[2607-f388-107c-501-a236-9fff-fe3c-caa8]-9618&alias=submit2.chtc.wisc.edu&noUDP&sock=schedd_1879732_618e>
...
040 (13648508.006.000) 2023-09-04 23:52:32 Started transferring input files
	Transferring to host: <128.105.69.112:9618?addrs=128.105.69.112-9618+[2607-f388-2200-100-1270-fdff-fe56-c354]-9618&alias=e4061.chtc.wisc.edu&noUDP&sock=slot1_50_538946_f655_14279>
...
040 (13648508.006.000) 2023-09-04 23:52:33 Finished transferring input files
...
001 (13648508.006.000) 2023-09-04 23:52:34 Job executing on host: <128.105.69.112:9618?addrs=128.105.69.112-9618+[2607-f388-2200-100-1270-fdff-fe56-c354]-9618&alias=e4061.chtc.wisc.edu&noUDP&sock=startd_22836_2cd0>
	SlotName: slot1_50@e4061.chtc.wisc.edu
	CondorScratchDir = "/var/lib/condor/execute/slot1/dir_2164346"
	Cpus = 1
	Disk = 1208198
	IoHeavy = 0
	Memory = 4096
...
006 (13648508.006.000) 2023-09-04 23:52:43 Image size of job updated: 380696
	307  -  MemoryUsage of job (MB)
	314052  -  ResidentSetSize of job (KB)
...
006 (13648508.006.000) 2023-09-04 23:57:44 Image size of job updated: 380696
	309  -  MemoryUsage of job (MB)
	315640  -  ResidentSetSize of job (KB)
...
006 (13648508.006.000) 2023-09-05 00:17:46 Image size of job updated: 380696
	310  -  MemoryUsage of job (MB)
	317436  -  ResidentSetSize of job (KB)
...
040 (13648508.006.000) 2023-09-05 00:49:50 Started transferring output files
...
040 (13648508.006.000) 2023-09-05 00:49:50 Finished transferring output files
...
005 (13648508.006.000) 2023-09-05 00:49:50 Job terminated.
	(1) Normal termination (return value 0)
		Usr 0 00:56:10, Sys 0 00:00:04  -  Run Remote Usage
		Usr 0 00:00:00, Sys 0 00:00:00  -  Run Local Usage
		Usr 0 00:56:10, Sys 0 00:00:04  -  Total Remote Usage
		Usr 0 00:00:00, Sys 0 00:00:00  -  Total Local Usage
	30699  -  Run Bytes Sent By Job
	32665120  -  Run Bytes Received By Job
	30699  -  Total Bytes Sent By Job
	32665120  -  Total Bytes Received By Job
	Partitionable Resources :     Usage  Request Allocated 
	   Cpus                 :      0.98        1         1 
	   Disk (KB)            : 254943      524288   1208198 
	   IoHeavy              :                            0 
	   Memory (MB)          :    310        4096      4096 

	Job terminated of its own accord at 2023-09-05T05:49:49Z with exit-code 0.
...
