000 (13655293.185.000) 2023-09-05 00:33:11 Job submitted from host: <128.104.101.92:9618?addrs=128.104.101.92-9618+[2607-f388-107c-501-a236-9fff-fe3c-caa8]-9618&alias=submit2.chtc.wisc.edu&noUDP&sock=schedd_1879732_618e>
...
040 (13655293.185.000) 2023-09-05 00:41:45 Started transferring input files
	Transferring to host: <128.105.69.101:9618?addrs=128.105.69.101-9618+[2607-f388-2200-100-1270-fdff-fe56-bae4]-9618&alias=e4012.chtc.wisc.edu&noUDP&sock=slot1_46_2664981_f32c_54196>
...
040 (13655293.185.000) 2023-09-05 00:41:47 Finished transferring input files
...
001 (13655293.185.000) 2023-09-05 00:41:48 Job executing on host: <128.105.69.101:9618?addrs=128.105.69.101-9618+[2607-f388-2200-100-1270-fdff-fe56-bae4]-9618&alias=e4012.chtc.wisc.edu&noUDP&sock=startd_15697_6a33>
	SlotName: slot1_46@e4012.chtc.wisc.edu
	CondorScratchDir = "/var/lib/condor/execute/slot1/dir_3688953"
	Cpus = 1
	Disk = 1208198
	IoHeavy = 0
	Memory = 4096
...
006 (13655293.185.000) 2023-09-05 00:41:57 Image size of job updated: 789296
	771  -  MemoryUsage of job (MB)
	789296  -  ResidentSetSize of job (KB)
...
006 (13655293.185.000) 2023-09-05 00:46:58 Image size of job updated: 1286920
	1074  -  MemoryUsage of job (MB)
	1099456  -  ResidentSetSize of job (KB)
...
006 (13655293.185.000) 2023-09-05 00:56:58 Image size of job updated: 1286920
	1080  -  MemoryUsage of job (MB)
	1105716  -  ResidentSetSize of job (KB)
...
006 (13655293.185.000) 2023-09-05 01:17:01 Image size of job updated: 1286920
	1081  -  MemoryUsage of job (MB)
	1106740  -  ResidentSetSize of job (KB)
...
006 (13655293.185.000) 2023-09-05 01:47:03 Image size of job updated: 1286920
	1082  -  MemoryUsage of job (MB)
	1107432  -  ResidentSetSize of job (KB)
...
006 (13655293.185.000) 2023-09-05 02:07:04 Image size of job updated: 1286920
	1084  -  MemoryUsage of job (MB)
	1109848  -  ResidentSetSize of job (KB)
...
006 (13655293.185.000) 2023-09-05 02:17:05 Image size of job updated: 1286920
	1087  -  MemoryUsage of job (MB)
	1112152  -  ResidentSetSize of job (KB)
...
006 (13655293.185.000) 2023-09-05 02:57:10 Image size of job updated: 1286920
	1091  -  MemoryUsage of job (MB)
	1116276  -  ResidentSetSize of job (KB)
...
006 (13655293.185.000) 2023-09-05 03:12:11 Image size of job updated: 1286920
	1091  -  MemoryUsage of job (MB)
	1116356  -  ResidentSetSize of job (KB)
...
006 (13655293.185.000) 2023-09-05 05:02:21 Image size of job updated: 1286920
	1091  -  MemoryUsage of job (MB)
	1116364  -  ResidentSetSize of job (KB)
...
006 (13655293.185.000) 2023-09-05 05:42:27 Image size of job updated: 1286920
	1091  -  MemoryUsage of job (MB)
	1116368  -  ResidentSetSize of job (KB)
...
006 (13655293.185.000) 2023-09-05 06:37:30 Image size of job updated: 1286920
	1091  -  MemoryUsage of job (MB)
	1116372  -  ResidentSetSize of job (KB)
...
006 (13655293.185.000) 2023-09-05 08:12:40 Image size of job updated: 1286920
	1091  -  MemoryUsage of job (MB)
	1116380  -  ResidentSetSize of job (KB)
...
006 (13655293.185.000) 2023-09-05 19:31:11 Image size of job updated: 1416576
	1091  -  MemoryUsage of job (MB)
	1116380  -  ResidentSetSize of job (KB)
...
040 (13655293.185.000) 2023-09-05 19:31:11 Started transferring output files
...
040 (13655293.185.000) 2023-09-05 19:31:11 Finished transferring output files
...
005 (13655293.185.000) 2023-09-05 19:31:11 Job terminated.
	(1) Normal termination (return value 0)
		Usr 0 18:30:48, Sys 0 00:02:28  -  Run Remote Usage
		Usr 0 00:00:00, Sys 0 00:00:00  -  Run Local Usage
		Usr 0 18:30:48, Sys 0 00:02:28  -  Total Remote Usage
		Usr 0 00:00:00, Sys 0 00:00:00  -  Total Local Usage
	1309567  -  Run Bytes Sent By Job
	32652772  -  Run Bytes Received By Job
	1309567  -  Total Bytes Sent By Job
	32652772  -  Total Bytes Received By Job
	Partitionable Resources :     Usage  Request Allocated 
	   Cpus                 :      0.99        1         1 
	   Disk (KB)            : 274893      524288   1208198 
	   IoHeavy              :                            0 
	   Memory (MB)          :   1091        4096      4096 

	Job terminated of its own accord at 2023-09-06T00:31:11Z with exit-code 0.
...
