000 (13655293.466.000) 2023-09-05 00:33:11 Job submitted from host: <128.104.101.92:9618?addrs=128.104.101.92-9618+[2607-f388-107c-501-a236-9fff-fe3c-caa8]-9618&alias=submit2.chtc.wisc.edu&noUDP&sock=schedd_1879732_618e>
...
040 (13655293.466.000) 2023-09-05 00:56:26 Started transferring input files
	Transferring to host: <128.105.69.157:9618?addrs=128.105.69.157-9618+[2607-f388-2200-100-1270-fdff-fe56-c3a4]-9618&alias=e4090.chtc.wisc.edu&noUDP&sock=slot1_93_1363133_4360_49274>
...
001 (13655293.466.000) 2023-09-05 00:56:44 Job executing on host: <128.105.69.157:9618?addrs=128.105.69.157-9618+[2607-f388-2200-100-1270-fdff-fe56-c3a4]-9618&alias=e4090.chtc.wisc.edu&noUDP&sock=startd_18322_f24e>
	SlotName: slot1_93@e4090.chtc.wisc.edu
	CondorScratchDir = "/var/lib/condor/execute/slot1/dir_555314"
	Cpus = 1
	Disk = 1208198
	IoHeavy = 0
	Memory = 4096
...
040 (13655293.466.000) 2023-09-05 00:56:44 Finished transferring input files
...
006 (13655293.466.000) 2023-09-05 00:56:52 Image size of job updated: 623436
	609  -  MemoryUsage of job (MB)
	623436  -  ResidentSetSize of job (KB)
...
006 (13655293.466.000) 2023-09-05 01:01:52 Image size of job updated: 1267240
	1238  -  MemoryUsage of job (MB)
	1267236  -  ResidentSetSize of job (KB)
...
006 (13655293.466.000) 2023-09-05 01:06:52 Image size of job updated: 1284724
	1238  -  MemoryUsage of job (MB)
	1267236  -  ResidentSetSize of job (KB)
...
006 (13655293.466.000) 2023-09-05 23:07:29 Image size of job updated: 1417464
	1238  -  MemoryUsage of job (MB)
	1267236  -  ResidentSetSize of job (KB)
...
040 (13655293.466.000) 2023-09-05 23:07:29 Started transferring output files
...
040 (13655293.466.000) 2023-09-05 23:07:29 Finished transferring output files
...
005 (13655293.466.000) 2023-09-05 23:07:29 Job terminated.
	(1) Normal termination (return value 0)
		Usr 0 21:52:05, Sys 0 00:03:37  -  Run Remote Usage
		Usr 0 00:00:00, Sys 0 00:00:00  -  Run Local Usage
		Usr 0 21:52:05, Sys 0 00:03:37  -  Total Remote Usage
		Usr 0 00:00:00, Sys 0 00:00:00  -  Total Local Usage
	1309296  -  Run Bytes Sent By Job
	32652772  -  Run Bytes Received By Job
	1309296  -  Total Bytes Sent By Job
	32652772  -  Total Bytes Received By Job
	Partitionable Resources :     Usage  Request Allocated 
	   Cpus                 :      0.99        1         1 
	   Disk (KB)            : 274907      524288   1208198 
	   IoHeavy              :                            0 
	   Memory (MB)          :   1238        4096      4096 

	Job terminated of its own accord at 2023-09-06T04:07:29Z with exit-code 0.
...
