000 (13655293.078.000) 2023-09-05 00:33:11 Job submitted from host: <128.104.101.92:9618?addrs=128.104.101.92-9618+[2607-f388-107c-501-a236-9fff-fe3c-caa8]-9618&alias=submit2.chtc.wisc.edu&noUDP&sock=schedd_1879732_618e>
...
040 (13655293.078.000) 2023-09-05 00:36:16 Started transferring input files
	Transferring to host: <128.105.69.148:9618?addrs=128.105.69.148-9618+[2607-f388-2200-100-1270-fdff-fe56-ceec]-9618&alias=build4001.chtc.wisc.edu&noUDP&sock=slot3_58_2852113_5f65_68830>
...
001 (13655293.078.000) 2023-09-05 00:36:23 Job executing on host: <128.105.69.148:9618?addrs=128.105.69.148-9618+[2607-f388-2200-100-1270-fdff-fe56-ceec]-9618&alias=build4001.chtc.wisc.edu&noUDP&sock=startd_16163_0d56>
	SlotName: slot3_58@build4001.chtc.wisc.edu
	CondorScratchDir = "/var/lib/condor/execute/slot3/dir_880727"
	Cpus = 1
	Disk = 1208198
	IoHeavy = 0
	Memory = 4096
...
040 (13655293.078.000) 2023-09-05 00:36:23 Finished transferring input files
...
006 (13655293.078.000) 2023-09-05 00:36:31 Image size of job updated: 689300
	674  -  MemoryUsage of job (MB)
	689300  -  ResidentSetSize of job (KB)
...
006 (13655293.078.000) 2023-09-05 00:41:31 Image size of job updated: 1286948
	1006  -  MemoryUsage of job (MB)
	1030108  -  ResidentSetSize of job (KB)
...
006 (13655293.078.000) 2023-09-05 00:46:31 Image size of job updated: 1286948
	1076  -  MemoryUsage of job (MB)
	1100848  -  ResidentSetSize of job (KB)
...
006 (13655293.078.000) 2023-09-05 00:51:32 Image size of job updated: 1286948
	1079  -  MemoryUsage of job (MB)
	1104024  -  ResidentSetSize of job (KB)
...
006 (13655293.078.000) 2023-09-05 00:56:32 Image size of job updated: 1286948
	1080  -  MemoryUsage of job (MB)
	1105048  -  ResidentSetSize of job (KB)
...
006 (13655293.078.000) 2023-09-05 01:06:33 Image size of job updated: 1286948
	1090  -  MemoryUsage of job (MB)
	1115580  -  ResidentSetSize of job (KB)
...
006 (13655293.078.000) 2023-09-05 01:26:36 Image size of job updated: 1286948
	1096  -  MemoryUsage of job (MB)
	1121520  -  ResidentSetSize of job (KB)
...
006 (13655293.078.000) 2023-09-05 19:55:01 Image size of job updated: 1419172
	1096  -  MemoryUsage of job (MB)
	1121520  -  ResidentSetSize of job (KB)
...
040 (13655293.078.000) 2023-09-05 19:55:01 Started transferring output files
...
040 (13655293.078.000) 2023-09-05 19:55:01 Finished transferring output files
...
005 (13655293.078.000) 2023-09-05 19:55:01 Job terminated.
	(1) Normal termination (return value 0)
		Usr 0 18:59:21, Sys 0 00:03:05  -  Run Remote Usage
		Usr 0 00:00:00, Sys 0 00:00:00  -  Run Local Usage
		Usr 0 18:59:21, Sys 0 00:03:05  -  Total Remote Usage
		Usr 0 00:00:00, Sys 0 00:00:00  -  Total Local Usage
	1309571  -  Run Bytes Sent By Job
	32652772  -  Run Bytes Received By Job
	1309571  -  Total Bytes Sent By Job
	32652772  -  Total Bytes Received By Job
	Partitionable Resources :     Usage  Request Allocated 
	   Cpus                 :      0.99        1         1 
	   Disk (KB)            : 274906      524288   1208198 
	   IoHeavy              :                            0 
	   Memory (MB)          :   1096        4096      4096 

	Job terminated of its own accord at 2023-09-06T00:55:01Z with exit-code 0.
...
