000 (13655293.049.000) 2023-09-05 00:33:11 Job submitted from host: <128.104.101.92:9618?addrs=128.104.101.92-9618+[2607-f388-107c-501-a236-9fff-fe3c-caa8]-9618&alias=submit2.chtc.wisc.edu&noUDP&sock=schedd_1879732_618e>
...
040 (13655293.049.000) 2023-09-05 00:36:09 Started transferring input files
	Transferring to host: <128.105.69.112:9618?addrs=128.105.69.112-9618+[2607-f388-2200-100-1270-fdff-fe56-c354]-9618&alias=e4061.chtc.wisc.edu&noUDP&sock=slot1_22_538946_f655_14448>
...
040 (13655293.049.000) 2023-09-05 00:36:11 Finished transferring input files
...
001 (13655293.049.000) 2023-09-05 00:36:17 Job executing on host: <128.105.69.112:9618?addrs=128.105.69.112-9618+[2607-f388-2200-100-1270-fdff-fe56-c354]-9618&alias=e4061.chtc.wisc.edu&noUDP&sock=startd_22836_2cd0>
	SlotName: slot1_22@e4061.chtc.wisc.edu
	CondorScratchDir = "/var/lib/condor/execute/slot1/dir_2207973"
	Cpus = 1
	Disk = 1208198
	IoHeavy = 0
	Memory = 4096
...
006 (13655293.049.000) 2023-09-05 00:36:25 Image size of job updated: 517268
	506  -  MemoryUsage of job (MB)
	517264  -  ResidentSetSize of job (KB)
...
006 (13655293.049.000) 2023-09-05 00:41:25 Image size of job updated: 1160880
	1134  -  MemoryUsage of job (MB)
	1160876  -  ResidentSetSize of job (KB)
...
006 (13655293.049.000) 2023-09-05 00:46:27 Image size of job updated: 1180848
	1134  -  MemoryUsage of job (MB)
	1160876  -  ResidentSetSize of job (KB)
...
006 (13655293.049.000) 2023-09-06 05:06:33 Image size of job updated: 1311252
	1134  -  MemoryUsage of job (MB)
	1160876  -  ResidentSetSize of job (KB)
...
040 (13655293.049.000) 2023-09-06 05:06:33 Started transferring output files
...
040 (13655293.049.000) 2023-09-06 05:06:33 Finished transferring output files
...
005 (13655293.049.000) 2023-09-06 05:06:33 Job terminated.
	(1) Normal termination (return value 0)
		Usr 1 03:54:13, Sys 0 00:07:26  -  Run Remote Usage
		Usr 0 00:00:00, Sys 0 00:00:00  -  Run Local Usage
		Usr 1 03:54:13, Sys 0 00:07:26  -  Total Remote Usage
		Usr 0 00:00:00, Sys 0 00:00:00  -  Total Local Usage
	1309454  -  Run Bytes Sent By Job
	32652772  -  Run Bytes Received By Job
	1309454  -  Total Bytes Sent By Job
	32652772  -  Total Bytes Received By Job
	Partitionable Resources :     Usage  Request Allocated 
	   Cpus                 :      0.99        1         1 
	   Disk (KB)            : 274907      524288   1208198 
	   IoHeavy              :                            0 
	   Memory (MB)          :   1134        4096      4096 

	Job terminated of its own accord at 2023-09-06T10:06:33Z with exit-code 0.
...
