000 (13655293.082.000) 2023-09-05 00:33:11 Job submitted from host: <128.104.101.92:9618?addrs=128.104.101.92-9618+[2607-f388-107c-501-a236-9fff-fe3c-caa8]-9618&alias=submit2.chtc.wisc.edu&noUDP&sock=schedd_1879732_618e>
...
040 (13655293.082.000) 2023-09-05 00:36:17 Started transferring input files
	Transferring to host: <128.105.69.168:9618?addrs=128.105.69.168-9618+[2607-f388-2200-100-1270-fdff-fe56-768c]-9618&alias=e2551.chtc.wisc.edu&noUDP&sock=slot1_84_948570_2066_47884>
...
001 (13655293.082.000) 2023-09-05 00:36:24 Job executing on host: <128.105.69.168:9618?addrs=128.105.69.168-9618+[2607-f388-2200-100-1270-fdff-fe56-768c]-9618&alias=e2551.chtc.wisc.edu&noUDP&sock=startd_12968_8c3f>
	SlotName: slot1_84@e2551.chtc.wisc.edu
	CondorScratchDir = "/var/lib/condor/execute/slot1/dir_4009817"
	Cpus = 1
	Disk = 1208198
	IoHeavy = 0
	Memory = 4096
...
040 (13655293.082.000) 2023-09-05 00:36:24 Finished transferring input files
...
006 (13655293.082.000) 2023-09-05 00:36:32 Image size of job updated: 586488
	573  -  MemoryUsage of job (MB)
	586488  -  ResidentSetSize of job (KB)
...
006 (13655293.082.000) 2023-09-05 00:41:32 Image size of job updated: 1162736
	957  -  MemoryUsage of job (MB)
	979584  -  ResidentSetSize of job (KB)
...
006 (13655293.082.000) 2023-09-05 00:46:33 Image size of job updated: 1162736
	963  -  MemoryUsage of job (MB)
	985532  -  ResidentSetSize of job (KB)
...
006 (13655293.082.000) 2023-09-05 00:51:33 Image size of job updated: 1162736
	983  -  MemoryUsage of job (MB)
	1006340  -  ResidentSetSize of job (KB)
...
006 (13655293.082.000) 2023-09-05 03:26:52 Image size of job updated: 1162736
	988  -  MemoryUsage of job (MB)
	1011420  -  ResidentSetSize of job (KB)
...
006 (13655293.082.000) 2023-09-05 20:45:33 Image size of job updated: 1273552
	988  -  MemoryUsage of job (MB)
	1011420  -  ResidentSetSize of job (KB)
...
040 (13655293.082.000) 2023-09-05 20:45:33 Started transferring output files
...
040 (13655293.082.000) 2023-09-05 20:45:33 Finished transferring output files
...
005 (13655293.082.000) 2023-09-05 20:45:33 Job terminated.
	(1) Normal termination (return value 0)
		Usr 0 19:46:18, Sys 0 00:05:40  -  Run Remote Usage
		Usr 0 00:00:00, Sys 0 00:00:00  -  Run Local Usage
		Usr 0 19:46:18, Sys 0 00:05:40  -  Total Remote Usage
		Usr 0 00:00:00, Sys 0 00:00:00  -  Total Local Usage
	1309607  -  Run Bytes Sent By Job
	32652772  -  Run Bytes Received By Job
	1309607  -  Total Bytes Sent By Job
	32652772  -  Total Bytes Received By Job
	Partitionable Resources :     Usage  Request Allocated 
	   Cpus                 :      0.99        1         1 
	   Disk (KB)            : 274908      524288   1208198 
	   IoHeavy              :                            0 
	   Memory (MB)          :    988        4096      4096 

	Job terminated of its own accord at 2023-09-06T01:45:33Z with exit-code 0.
...
