000 (14312691.036.000) 2023-09-11 11:54:06 Job submitted from host: <128.104.101.92:9618?addrs=128.104.101.92-9618+[2607-f388-107c-501-a236-9fff-fe3c-caa8]-9618&alias=submit2.chtc.wisc.edu&noUDP&sock=schedd_1879732_618e>
...
040 (14312691.036.000) 2023-09-11 12:00:27 Started transferring input files
	Transferring to host: <128.105.69.244:9618?addrs=128.105.69.244-9618+[2607-f388-2200-100-eaeb-d3ff-fe40-205c]-9618&alias=e2627.chtc.wisc.edu&noUDP&sock=slot1_143_3017498_110b_89016>
...
040 (14312691.036.000) 2023-09-11 12:00:29 Finished transferring input files
...
001 (14312691.036.000) 2023-09-11 12:00:33 Job executing on host: <128.105.69.244:9618?addrs=128.105.69.244-9618+[2607-f388-2200-100-eaeb-d3ff-fe40-205c]-9618&alias=e2627.chtc.wisc.edu&noUDP&sock=startd_18898_08dc>
	SlotName: slot1_143@e2627.chtc.wisc.edu
	CondorScratchDir = "/var/lib/condor/execute/slot1/dir_3602881"
	Cpus = 1
	Disk = 1458998
	IoHeavy = 0
	Memory = 4096
...
006 (14312691.036.000) 2023-09-11 12:00:43 Image size of job updated: 272564
	137  -  MemoryUsage of job (MB)
	140020  -  ResidentSetSize of job (KB)
...
040 (14312691.036.000) 2023-09-11 12:03:32 Started transferring output files
...
040 (14312691.036.000) 2023-09-11 12:03:32 Finished transferring output files
...
005 (14312691.036.000) 2023-09-11 12:03:32 Job terminated.
	(1) Normal termination (return value 0)
		Usr 0 00:02:53, Sys 0 00:00:02  -  Run Remote Usage
		Usr 0 00:00:00, Sys 0 00:00:00  -  Run Local Usage
		Usr 0 00:02:53, Sys 0 00:00:02  -  Total Remote Usage
		Usr 0 00:00:00, Sys 0 00:00:00  -  Total Local Usage
	132279  -  Run Bytes Sent By Job
	32664896  -  Run Bytes Received By Job
	132279  -  Total Bytes Sent By Job
	32664896  -  Total Bytes Received By Job
	Partitionable Resources :    Usage  Request Allocated 
	   Cpus                 :                 1         1 
	   Disk (KB)            :   255034   524288   1458998 
	   IoHeavy              :                           0 
	   Memory (MB)          :      137     4096      4096 

	Job terminated of its own accord at 2023-09-11T17:03:32Z with exit-code 0.
...
