000 (14312691.056.000) 2023-09-11 11:54:06 Job submitted from host: <128.104.101.92:9618?addrs=128.104.101.92-9618+[2607-f388-107c-501-a236-9fff-fe3c-caa8]-9618&alias=submit2.chtc.wisc.edu&noUDP&sock=schedd_1879732_618e>
...
040 (14312691.056.000) 2023-09-11 12:00:31 Started transferring input files
	Transferring to host: <128.105.69.155:9618?addrs=128.105.69.155-9618+[2607-f388-2200-100-1270-fdff-fe56-476c]-9618&alias=e4088.chtc.wisc.edu&noUDP&sock=slot1_55_2192573_c721_114730>
...
040 (14312691.056.000) 2023-09-11 12:00:33 Finished transferring input files
...
001 (14312691.056.000) 2023-09-11 12:00:37 Job executing on host: <128.105.69.155:9618?addrs=128.105.69.155-9618+[2607-f388-2200-100-1270-fdff-fe56-476c]-9618&alias=e4088.chtc.wisc.edu&noUDP&sock=startd_18901_17a4>
	SlotName: slot1_55@e4088.chtc.wisc.edu
	CondorScratchDir = "/var/lib/condor/execute/slot1/dir_1940094"
	Cpus = 1
	Disk = 1208198
	IoHeavy = 0
	Memory = 4096
...
006 (14312691.056.000) 2023-09-11 12:00:46 Image size of job updated: 379764
	272  -  MemoryUsage of job (MB)
	277940  -  ResidentSetSize of job (KB)
...
040 (14312691.056.000) 2023-09-11 12:01:41 Started transferring output files
...
040 (14312691.056.000) 2023-09-11 12:01:41 Finished transferring output files
...
005 (14312691.056.000) 2023-09-11 12:01:41 Job terminated.
	(1) Normal termination (return value 0)
		Usr 0 00:01:00, Sys 0 00:00:00  -  Run Remote Usage
		Usr 0 00:00:00, Sys 0 00:00:00  -  Run Local Usage
		Usr 0 00:01:00, Sys 0 00:00:00  -  Total Remote Usage
		Usr 0 00:00:00, Sys 0 00:00:00  -  Total Local Usage
	100504  -  Run Bytes Sent By Job
	32664896  -  Run Bytes Received By Job
	100504  -  Total Bytes Sent By Job
	32664896  -  Total Bytes Received By Job
	Partitionable Resources :    Usage  Request Allocated 
	   Cpus                 :                 1         1 
	   Disk (KB)            :   255003   524288   1208198 
	   IoHeavy              :                           0 
	   Memory (MB)          :      272     4096      4096 

	Job terminated of its own accord at 2023-09-11T17:01:41Z with exit-code 0.
...
