000 (13648508.133.000) 2023-09-04 23:50:03 Job submitted from host: <128.104.101.92:9618?addrs=128.104.101.92-9618+[2607-f388-107c-501-a236-9fff-fe3c-caa8]-9618&alias=submit2.chtc.wisc.edu&noUDP&sock=schedd_1879732_618e>
...
040 (13648508.133.000) 2023-09-05 00:11:19 Started transferring input files
	Transferring to host: <128.105.69.128:9618?addrs=128.105.69.128-9618+[2607-f388-2200-100-1270-fdff-fe56-642c]-9618&alias=e4077.chtc.wisc.edu&noUDP&sock=slot1_81_22948_b11e_18752>
...
040 (13648508.133.000) 2023-09-05 00:11:21 Finished transferring input files
...
001 (13648508.133.000) 2023-09-05 00:11:22 Job executing on host: <128.105.69.128:9618?addrs=128.105.69.128-9618+[2607-f388-2200-100-1270-fdff-fe56-642c]-9618&alias=e4077.chtc.wisc.edu&noUDP&sock=startd_22803_8a30>
	SlotName: slot1_81@e4077.chtc.wisc.edu
	CondorScratchDir = "/var/lib/condor/execute/slot1/dir_3255969"
	Cpus = 1
	Disk = 1208198
	IoHeavy = 0
	Memory = 4096
...
006 (13648508.133.000) 2023-09-05 00:11:31 Image size of job updated: 383440
	273  -  MemoryUsage of job (MB)
	278576  -  ResidentSetSize of job (KB)
...
040 (13648508.133.000) 2023-09-05 00:12:02 Started transferring output files
...
040 (13648508.133.000) 2023-09-05 00:12:02 Finished transferring output files
...
005 (13648508.133.000) 2023-09-05 00:12:03 Job terminated.
	(1) Normal termination (return value 0)
		Usr 0 00:00:37, Sys 0 00:00:00  -  Run Remote Usage
		Usr 0 00:00:00, Sys 0 00:00:00  -  Run Local Usage
		Usr 0 00:00:37, Sys 0 00:00:00  -  Total Remote Usage
		Usr 0 00:00:00, Sys 0 00:00:00  -  Total Local Usage
	28215  -  Run Bytes Sent By Job
	32665120  -  Run Bytes Received By Job
	28215  -  Total Bytes Sent By Job
	32665120  -  Total Bytes Received By Job
	Partitionable Resources :    Usage  Request Allocated 
	   Cpus                 :                 1         1 
	   Disk (KB)            :   254933   524288   1208198 
	   IoHeavy              :                           0 
	   Memory (MB)          :      273     4096      4096 

	Job terminated of its own accord at 2023-09-05T05:12:02Z with exit-code 0.
...
