000 (13655293.173.000) 2023-09-05 00:33:11 Job submitted from host: <128.104.101.92:9618?addrs=128.104.101.92-9618+[2607-f388-107c-501-a236-9fff-fe3c-caa8]-9618&alias=submit2.chtc.wisc.edu&noUDP&sock=schedd_1879732_618e>
...
040 (13655293.173.000) 2023-09-05 00:41:44 Started transferring input files
	Transferring to host: <128.105.69.224:9618?addrs=128.105.69.224-9618+[2607-f388-2200-100-eaeb-d3ff-fe40-1574]-9618&alias=e2607.chtc.wisc.edu&noUDP&sock=slot1_92_1087982_7e0c_42268>
...
040 (13655293.173.000) 2023-09-05 00:41:46 Finished transferring input files
...
001 (13655293.173.000) 2023-09-05 00:41:47 Job executing on host: <128.105.69.224:9618?addrs=128.105.69.224-9618+[2607-f388-2200-100-eaeb-d3ff-fe40-1574]-9618&alias=e2607.chtc.wisc.edu&noUDP&sock=startd_11673_491a>
	SlotName: slot1_92@e2607.chtc.wisc.edu
	CondorScratchDir = "/var/lib/condor/execute/slot1/dir_2334755"
	Cpus = 1
	Disk = 1458998
	IoHeavy = 0
	Memory = 4096
...
006 (13655293.173.000) 2023-09-05 00:41:55 Image size of job updated: 636212
	622  -  MemoryUsage of job (MB)
	636212  -  ResidentSetSize of job (KB)
...
006 (13655293.173.000) 2023-09-05 00:46:55 Image size of job updated: 1280236
	1065  -  MemoryUsage of job (MB)
	1089768  -  ResidentSetSize of job (KB)
...
006 (13655293.173.000) 2023-09-05 00:51:56 Image size of job updated: 1280236
	1099  -  MemoryUsage of job (MB)
	1124556  -  ResidentSetSize of job (KB)
...
006 (13655293.173.000) 2023-09-05 23:04:11 Image size of job updated: 1353600
	1179  -  MemoryUsage of job (MB)
	1207160  -  ResidentSetSize of job (KB)
...
040 (13655293.173.000) 2023-09-05 23:04:40 Started transferring output files
...
040 (13655293.173.000) 2023-09-05 23:04:40 Finished transferring output files
...
005 (13655293.173.000) 2023-09-05 23:04:40 Job terminated.
	(1) Normal termination (return value 0)
		Usr 0 22:01:32, Sys 0 00:03:36  -  Run Remote Usage
		Usr 0 00:00:00, Sys 0 00:00:00  -  Run Local Usage
		Usr 0 22:01:32, Sys 0 00:03:36  -  Total Remote Usage
		Usr 0 00:00:00, Sys 0 00:00:00  -  Total Local Usage
	1309720  -  Run Bytes Sent By Job
	32652772  -  Run Bytes Received By Job
	1309720  -  Total Bytes Sent By Job
	32652772  -  Total Bytes Received By Job
	Partitionable Resources :     Usage  Request Allocated 
	   Cpus                 :      0.99        1         1 
	   Disk (KB)            : 274916      524288   1458998 
	   IoHeavy              :                            0 
	   Memory (MB)          :   1179        4096      4096 

	Job terminated of its own accord at 2023-09-06T04:04:39Z with exit-code 0.
...
