000 (13655293.233.000) 2023-09-05 00:33:11 Job submitted from host: <128.104.101.92:9618?addrs=128.104.101.92-9618+[2607-f388-107c-501-a236-9fff-fe3c-caa8]-9618&alias=submit2.chtc.wisc.edu&noUDP&sock=schedd_1879732_618e>
...
040 (13655293.233.000) 2023-09-05 00:45:47 Started transferring input files
	Transferring to host: <128.105.69.137:9618?addrs=128.105.69.137-9618+[2607-f388-2200-100-1270-fdff-fe56-d12c]-9618&alias=e4014.chtc.wisc.edu&noUDP&sock=slot1_44_1985361_2db7_51989>
...
040 (13655293.233.000) 2023-09-05 00:45:49 Finished transferring input files
...
001 (13655293.233.000) 2023-09-05 00:46:43 Job executing on host: <128.105.69.137:9618?addrs=128.105.69.137-9618+[2607-f388-2200-100-1270-fdff-fe56-d12c]-9618&alias=e4014.chtc.wisc.edu&noUDP&sock=startd_15862_9754>
	SlotName: slot1_44@e4014.chtc.wisc.edu
	CondorScratchDir = "/var/lib/condor/execute/slot1/dir_4059369"
	Cpus = 1
	Disk = 1208198
	IoHeavy = 0
	Memory = 4096
...
006 (13655293.233.000) 2023-09-05 00:46:51 Image size of job updated: 671332
	656  -  MemoryUsage of job (MB)
	671332  -  ResidentSetSize of job (KB)
...
006 (13655293.233.000) 2023-09-05 00:51:51 Image size of job updated: 1276520
	1247  -  MemoryUsage of job (MB)
	1276520  -  ResidentSetSize of job (KB)
...
006 (13655293.233.000) 2023-09-05 00:56:52 Image size of job updated: 1279720
	1247  -  MemoryUsage of job (MB)
	1276520  -  ResidentSetSize of job (KB)
...
006 (13655293.233.000) 2023-09-06 03:19:04 Image size of job updated: 1412784
	1247  -  MemoryUsage of job (MB)
	1276520  -  ResidentSetSize of job (KB)
...
040 (13655293.233.000) 2023-09-06 03:19:04 Started transferring output files
...
040 (13655293.233.000) 2023-09-06 03:19:04 Finished transferring output files
...
005 (13655293.233.000) 2023-09-06 03:19:04 Job terminated.
	(1) Normal termination (return value 0)
		Usr 1 02:01:49, Sys 0 00:08:00  -  Run Remote Usage
		Usr 0 00:00:00, Sys 0 00:00:00  -  Run Local Usage
		Usr 1 02:01:49, Sys 0 00:08:00  -  Total Remote Usage
		Usr 0 00:00:00, Sys 0 00:00:00  -  Total Local Usage
	1309685  -  Run Bytes Sent By Job
	32652772  -  Run Bytes Received By Job
	1309685  -  Total Bytes Sent By Job
	32652772  -  Total Bytes Received By Job
	Partitionable Resources :     Usage  Request Allocated 
	   Cpus                 :      0.95        1         1 
	   Disk (KB)            : 274892      524288   1208198 
	   IoHeavy              :                            0 
	   Memory (MB)          :   1247        4096      4096 

	Job terminated of its own accord at 2023-09-06T08:19:04Z with exit-code 0.
...
