000 (13655293.491.000) 2023-09-05 00:33:11 Job submitted from host: <128.104.101.92:9618?addrs=128.104.101.92-9618+[2607-f388-107c-501-a236-9fff-fe3c-caa8]-9618&alias=submit2.chtc.wisc.edu&noUDP&sock=schedd_1879732_618e>
...
040 (13655293.491.000) 2023-09-05 00:57:38 Started transferring input files
	Transferring to host: <128.105.69.150:9618?addrs=128.105.69.150-9618+[2607-f388-2200-100-1270-fdff-fe56-732c]-9618&alias=e4027.chtc.wisc.edu&noUDP&sock=slot1_2_16833_1f06_18673>
...
001 (13655293.491.000) 2023-09-05 00:58:22 Job executing on host: <128.105.69.150:9618?addrs=128.105.69.150-9618+[2607-f388-2200-100-1270-fdff-fe56-732c]-9618&alias=e4027.chtc.wisc.edu&noUDP&sock=startd_16700_63b1>
	SlotName: slot1_2@e4027.chtc.wisc.edu
	CondorScratchDir = "/var/lib/condor/execute/slot1/dir_2945617"
	Cpus = 1
	Disk = 1208198
	IoHeavy = 0
	Memory = 4096
...
040 (13655293.491.000) 2023-09-05 00:58:22 Finished transferring input files
...
006 (13655293.491.000) 2023-09-05 00:58:31 Image size of job updated: 711468
	695  -  MemoryUsage of job (MB)
	711464  -  ResidentSetSize of job (KB)
...
006 (13655293.491.000) 2023-09-05 01:03:31 Image size of job updated: 1363740
	1142  -  MemoryUsage of job (MB)
	1168796  -  ResidentSetSize of job (KB)
...
006 (13655293.491.000) 2023-09-05 01:08:31 Image size of job updated: 1363740
	1158  -  MemoryUsage of job (MB)
	1184880  -  ResidentSetSize of job (KB)
...
006 (13655293.491.000) 2023-09-05 02:13:40 Image size of job updated: 1363740
	1159  -  MemoryUsage of job (MB)
	1186180  -  ResidentSetSize of job (KB)
...
006 (13655293.491.000) 2023-09-05 04:48:55 Image size of job updated: 1363740
	1161  -  MemoryUsage of job (MB)
	1188304  -  ResidentSetSize of job (KB)
...
006 (13655293.491.000) 2023-09-05 21:00:29 Image size of job updated: 1415780
	1161  -  MemoryUsage of job (MB)
	1188304  -  ResidentSetSize of job (KB)
...
040 (13655293.491.000) 2023-09-05 21:00:29 Started transferring output files
...
040 (13655293.491.000) 2023-09-05 21:00:29 Finished transferring output files
...
005 (13655293.491.000) 2023-09-05 21:00:29 Job terminated.
	(1) Normal termination (return value 0)
		Usr 0 19:38:28, Sys 0 00:04:56  -  Run Remote Usage
		Usr 0 00:00:00, Sys 0 00:00:00  -  Run Local Usage
		Usr 0 19:38:28, Sys 0 00:04:56  -  Total Remote Usage
		Usr 0 00:00:00, Sys 0 00:00:00  -  Total Local Usage
	1309570  -  Run Bytes Sent By Job
	32652772  -  Run Bytes Received By Job
	1309570  -  Total Bytes Sent By Job
	32652772  -  Total Bytes Received By Job
	Partitionable Resources :     Usage  Request Allocated 
	   Cpus                 :      0.98        1         1 
	   Disk (KB)            : 274876      524288   1208198 
	   IoHeavy              :                            0 
	   Memory (MB)          :   1161        4096      4096 

	Job terminated of its own accord at 2023-09-06T02:00:29Z with exit-code 0.
...
