000 (14312691.061.000) 2023-09-11 11:54:06 Job submitted from host: <128.104.101.92:9618?addrs=128.104.101.92-9618+[2607-f388-107c-501-a236-9fff-fe3c-caa8]-9618&alias=submit2.chtc.wisc.edu&noUDP&sock=schedd_1879732_618e>
...
040 (14312691.061.000) 2023-09-11 12:00:32 Started transferring input files
	Transferring to host: <128.105.69.95:9618?addrs=128.105.69.95-9618+[2607-f388-2200-100-1270-fdff-fe56-bff4]-9618&alias=e4006.chtc.wisc.edu&noUDP&sock=slot1_88_3283200_297f_96993>
...
040 (14312691.061.000) 2023-09-11 12:00:34 Finished transferring input files
...
001 (14312691.061.000) 2023-09-11 12:00:38 Job executing on host: <128.105.69.95:9618?addrs=128.105.69.95-9618+[2607-f388-2200-100-1270-fdff-fe56-bff4]-9618&alias=e4006.chtc.wisc.edu&noUDP&sock=startd_2383497_450b>
	SlotName: slot1_88@e4006.chtc.wisc.edu
	CondorScratchDir = "/var/lib/condor/execute/slot1/dir_1190374"
	Cpus = 1
	Disk = 1208198
	IoHeavy = 0
	Memory = 4096
...
006 (14312691.061.000) 2023-09-11 12:00:47 Image size of job updated: 273308
	168  -  MemoryUsage of job (MB)
	171748  -  ResidentSetSize of job (KB)
...
040 (14312691.061.000) 2023-09-11 12:01:47 Started transferring output files
...
040 (14312691.061.000) 2023-09-11 12:01:47 Finished transferring output files
...
005 (14312691.061.000) 2023-09-11 12:01:48 Job terminated.
	(1) Normal termination (return value 0)
		Usr 0 00:01:05, Sys 0 00:00:01  -  Run Remote Usage
		Usr 0 00:00:00, Sys 0 00:00:00  -  Run Local Usage
		Usr 0 00:01:05, Sys 0 00:00:01  -  Total Remote Usage
		Usr 0 00:00:00, Sys 0 00:00:00  -  Total Local Usage
	107943  -  Run Bytes Sent By Job
	32664896  -  Run Bytes Received By Job
	107943  -  Total Bytes Sent By Job
	32664896  -  Total Bytes Received By Job
	Partitionable Resources :    Usage  Request Allocated 
	   Cpus                 :                 1         1 
	   Disk (KB)            :   255010   524288   1208198 
	   IoHeavy              :                           0 
	   Memory (MB)          :      168     4096      4096 

	Job terminated of its own accord at 2023-09-11T17:01:47Z with exit-code 0.
...
