000 (14268886.038.000) 2023-09-11 03:21:39 Job submitted from host: <128.104.101.92:9618?addrs=128.104.101.92-9618+[2607-f388-107c-501-a236-9fff-fe3c-caa8]-9618&alias=submit2.chtc.wisc.edu&noUDP&sock=schedd_1879732_618e>
...
040 (14268886.038.000) 2023-09-11 03:23:34 Started transferring input files
	Transferring to host: <128.105.69.184:9618?addrs=128.105.69.184-9618+[2607-f388-2200-100-1270-fdff-fe56-bbfc]-9618&alias=e4036.chtc.wisc.edu&noUDP&sock=slot1_121_2123038_1476_89303>
...
040 (14268886.038.000) 2023-09-11 03:23:39 Finished transferring input files
...
001 (14268886.038.000) 2023-09-11 03:23:40 Job executing on host: <128.105.69.184:9618?addrs=128.105.69.184-9618+[2607-f388-2200-100-1270-fdff-fe56-bbfc]-9618&alias=e4036.chtc.wisc.edu&noUDP&sock=startd_15747_b5f0>
	SlotName: slot1_121@e4036.chtc.wisc.edu
	CondorScratchDir = "/var/lib/condor/execute/slot1/dir_1102229"
	Cpus = 1
	Disk = 1208198
	IoHeavy = 0
	Memory = 4096
...
006 (14268886.038.000) 2023-09-11 03:23:48 Image size of job updated: 355796
	348  -  MemoryUsage of job (MB)
	355796  -  ResidentSetSize of job (KB)
...
006 (14268886.038.000) 2023-09-11 03:28:48 Image size of job updated: 707444
	351  -  MemoryUsage of job (MB)
	358868  -  ResidentSetSize of job (KB)
...
040 (14268886.038.000) 2023-09-11 03:29:52 Started transferring output files
...
040 (14268886.038.000) 2023-09-11 03:29:52 Finished transferring output files
...
005 (14268886.038.000) 2023-09-11 03:29:52 Job terminated.
	(1) Normal termination (return value 0)
		Usr 0 00:05:57, Sys 0 00:00:09  -  Run Remote Usage
		Usr 0 00:00:00, Sys 0 00:00:00  -  Run Local Usage
		Usr 0 00:05:57, Sys 0 00:00:09  -  Total Remote Usage
		Usr 0 00:00:00, Sys 0 00:00:00  -  Total Local Usage
	125812  -  Run Bytes Sent By Job
	32720416  -  Run Bytes Received By Job
	125812  -  Total Bytes Sent By Job
	32720416  -  Total Bytes Received By Job
	Partitionable Resources :     Usage  Request Allocated 
	   Cpus                 :      0.99        1         1 
	   Disk (KB)            : 261290      524288   1208198 
	   IoHeavy              :                            0 
	   Memory (MB)          :    351        4096      4096 

	Job terminated of its own accord at 2023-09-11T08:29:52Z with exit-code 0.
...
