000 (13655293.111.000) 2023-09-05 00:33:11 Job submitted from host: <128.104.101.92:9618?addrs=128.104.101.92-9618+[2607-f388-107c-501-a236-9fff-fe3c-caa8]-9618&alias=submit2.chtc.wisc.edu&noUDP&sock=schedd_1879732_618e>
...
040 (13655293.111.000) 2023-09-05 00:36:24 Started transferring input files
	Transferring to host: <128.105.69.224:9618?addrs=128.105.69.224-9618+[2607-f388-2200-100-eaeb-d3ff-fe40-1574]-9618&alias=e2607.chtc.wisc.edu&noUDP&sock=slot1_55_1087982_7e0c_42248>
...
001 (13655293.111.000) 2023-09-05 00:36:32 Job executing on host: <128.105.69.224:9618?addrs=128.105.69.224-9618+[2607-f388-2200-100-eaeb-d3ff-fe40-1574]-9618&alias=e2607.chtc.wisc.edu&noUDP&sock=startd_11673_491a>
	SlotName: slot1_55@e2607.chtc.wisc.edu
	CondorScratchDir = "/var/lib/condor/execute/slot1/dir_2320414"
	Cpus = 1
	Disk = 1458998
	IoHeavy = 0
	Memory = 4096
...
040 (13655293.111.000) 2023-09-05 00:36:32 Finished transferring input files
...
006 (13655293.111.000) 2023-09-05 00:36:41 Image size of job updated: 596732
	583  -  MemoryUsage of job (MB)
	596732  -  ResidentSetSize of job (KB)
...
006 (13655293.111.000) 2023-09-05 00:41:42 Image size of job updated: 1170376
	954  -  MemoryUsage of job (MB)
	976768  -  ResidentSetSize of job (KB)
...
006 (13655293.111.000) 2023-09-05 00:46:42 Image size of job updated: 1170376
	969  -  MemoryUsage of job (MB)
	992188  -  ResidentSetSize of job (KB)
...
006 (13655293.111.000) 2023-09-05 00:56:43 Image size of job updated: 1170376
	976  -  MemoryUsage of job (MB)
	999008  -  ResidentSetSize of job (KB)
...
006 (13655293.111.000) 2023-09-05 01:31:46 Image size of job updated: 1170376
	980  -  MemoryUsage of job (MB)
	1002904  -  ResidentSetSize of job (KB)
...
006 (13655293.111.000) 2023-09-05 02:41:52 Image size of job updated: 1170376
	981  -  MemoryUsage of job (MB)
	1004380  -  ResidentSetSize of job (KB)
...
006 (13655293.111.000) 2023-09-05 03:46:59 Image size of job updated: 1170376
	983  -  MemoryUsage of job (MB)
	1006076  -  ResidentSetSize of job (KB)
...
006 (13655293.111.000) 2023-09-05 22:30:47 Image size of job updated: 1267584
	983  -  MemoryUsage of job (MB)
	1006076  -  ResidentSetSize of job (KB)
...
040 (13655293.111.000) 2023-09-05 22:30:47 Started transferring output files
...
040 (13655293.111.000) 2023-09-05 22:30:47 Finished transferring output files
...
005 (13655293.111.000) 2023-09-05 22:30:47 Job terminated.
	(1) Normal termination (return value 0)
		Usr 0 21:33:57, Sys 0 00:03:00  -  Run Remote Usage
		Usr 0 00:00:00, Sys 0 00:00:00  -  Run Local Usage
		Usr 0 21:33:57, Sys 0 00:03:00  -  Total Remote Usage
		Usr 0 00:00:00, Sys 0 00:00:00  -  Total Local Usage
	1309442  -  Run Bytes Sent By Job
	32652772  -  Run Bytes Received By Job
	1309442  -  Total Bytes Sent By Job
	32652772  -  Total Bytes Received By Job
	Partitionable Resources :     Usage  Request Allocated 
	   Cpus                 :      0.99        1         1 
	   Disk (KB)            : 274907      524288   1458998 
	   IoHeavy              :                            0 
	   Memory (MB)          :    983        4096      4096 

	Job terminated of its own accord at 2023-09-06T03:30:47Z with exit-code 0.
...
