000 (13655293.177.000) 2023-09-05 00:33:11 Job submitted from host: <128.104.101.92:9618?addrs=128.104.101.92-9618+[2607-f388-107c-501-a236-9fff-fe3c-caa8]-9618&alias=submit2.chtc.wisc.edu&noUDP&sock=schedd_1879732_618e>
...
040 (13655293.177.000) 2023-09-05 00:41:44 Started transferring input files
	Transferring to host: <128.105.69.228:9618?addrs=128.105.69.228-9618+[2607-f388-2200-100-eaeb-d3ff-fe40-1124]-9618&alias=e2611.chtc.wisc.edu&noUDP&sock=slot1_41_233899_c141_60346>
...
040 (13655293.177.000) 2023-09-05 00:41:46 Finished transferring input files
...
001 (13655293.177.000) 2023-09-05 00:41:47 Job executing on host: <128.105.69.228:9618?addrs=128.105.69.228-9618+[2607-f388-2200-100-eaeb-d3ff-fe40-1124]-9618&alias=e2611.chtc.wisc.edu&noUDP&sock=startd_18798_7163>
	SlotName: slot1_41@e2611.chtc.wisc.edu
	CondorScratchDir = "/var/lib/condor/execute/slot1/dir_1025258"
	Cpus = 1
	Disk = 1458998
	IoHeavy = 0
	Memory = 4096
...
006 (13655293.177.000) 2023-09-05 00:41:56 Image size of job updated: 595696
	582  -  MemoryUsage of job (MB)
	595696  -  ResidentSetSize of job (KB)
...
006 (13655293.177.000) 2023-09-05 00:46:57 Image size of job updated: 1177372
	950  -  MemoryUsage of job (MB)
	971972  -  ResidentSetSize of job (KB)
...
006 (13655293.177.000) 2023-09-05 00:51:58 Image size of job updated: 1177372
	966  -  MemoryUsage of job (MB)
	989124  -  ResidentSetSize of job (KB)
...
006 (13655293.177.000) 2023-09-05 00:56:58 Image size of job updated: 1177372
	972  -  MemoryUsage of job (MB)
	994500  -  ResidentSetSize of job (KB)
...
006 (13655293.177.000) 2023-09-05 01:07:00 Image size of job updated: 1177372
	975  -  MemoryUsage of job (MB)
	998172  -  ResidentSetSize of job (KB)
...
006 (13655293.177.000) 2023-09-05 01:12:01 Image size of job updated: 1177372
	983  -  MemoryUsage of job (MB)
	1005696  -  ResidentSetSize of job (KB)
...
006 (13655293.177.000) 2023-09-05 02:57:12 Image size of job updated: 1177372
	983  -  MemoryUsage of job (MB)
	1006284  -  ResidentSetSize of job (KB)
...
006 (13655293.177.000) 2023-09-05 21:21:31 Image size of job updated: 1233844
	983  -  MemoryUsage of job (MB)
	1006284  -  ResidentSetSize of job (KB)
...
040 (13655293.177.000) 2023-09-05 21:21:31 Started transferring output files
...
040 (13655293.177.000) 2023-09-05 21:21:31 Finished transferring output files
...
005 (13655293.177.000) 2023-09-05 21:21:31 Job terminated.
	(1) Normal termination (return value 0)
		Usr 0 20:14:22, Sys 0 00:05:33  -  Run Remote Usage
		Usr 0 00:00:00, Sys 0 00:00:00  -  Run Local Usage
		Usr 0 20:14:22, Sys 0 00:05:33  -  Total Remote Usage
		Usr 0 00:00:00, Sys 0 00:00:00  -  Total Local Usage
	1309390  -  Run Bytes Sent By Job
	32652772  -  Run Bytes Received By Job
	1309390  -  Total Bytes Sent By Job
	32652772  -  Total Bytes Received By Job
	Partitionable Resources :     Usage  Request Allocated 
	   Cpus                 :      0.99        1         1 
	   Disk (KB)            : 274887      524288   1458998 
	   IoHeavy              :                            0 
	   Memory (MB)          :    983        4096      4096 

	Job terminated of its own accord at 2023-09-06T02:21:31Z with exit-code 0.
...
