000 (13655293.342.000) 2023-09-05 00:33:11 Job submitted from host: <128.104.101.92:9618?addrs=128.104.101.92-9618+[2607-f388-107c-501-a236-9fff-fe3c-caa8]-9618&alias=submit2.chtc.wisc.edu&noUDP&sock=schedd_1879732_618e>
...
040 (13655293.342.000) 2023-09-05 00:54:13 Started transferring input files
	Transferring to host: <128.105.69.91:9618?addrs=128.105.69.91-9618+[2607-f388-2200-100-1270-fdff-fe56-41c4]-9618&alias=e4002.chtc.wisc.edu&noUDP&sock=slot1_21_1583588_c105_57749>
...
040 (13655293.342.000) 2023-09-05 00:54:15 Finished transferring input files
...
001 (13655293.342.000) 2023-09-05 00:54:20 Job executing on host: <128.105.69.91:9618?addrs=128.105.69.91-9618+[2607-f388-2200-100-1270-fdff-fe56-41c4]-9618&alias=e4002.chtc.wisc.edu&noUDP&sock=startd_14707_5b71>
	SlotName: slot1_21@e4002.chtc.wisc.edu
	CondorScratchDir = "/var/lib/condor/execute/slot1/dir_2869663"
	Cpus = 1
	Disk = 1268229
	IoHeavy = 0
	Memory = 4096
...
006 (13655293.342.000) 2023-09-05 00:54:29 Image size of job updated: 708604
	692  -  MemoryUsage of job (MB)
	708604  -  ResidentSetSize of job (KB)
...
006 (13655293.342.000) 2023-09-05 00:59:29 Image size of job updated: 1300940
	1061  -  MemoryUsage of job (MB)
	1086324  -  ResidentSetSize of job (KB)
...
006 (13655293.342.000) 2023-09-05 01:04:29 Image size of job updated: 1300940
	1083  -  MemoryUsage of job (MB)
	1108384  -  ResidentSetSize of job (KB)
...
006 (13655293.342.000) 2023-09-05 01:09:30 Image size of job updated: 1300940
	1086  -  MemoryUsage of job (MB)
	1111072  -  ResidentSetSize of job (KB)
...
006 (13655293.342.000) 2023-09-05 01:24:32 Image size of job updated: 1300940
	1090  -  MemoryUsage of job (MB)
	1115140  -  ResidentSetSize of job (KB)
...
006 (13655293.342.000) 2023-09-05 02:29:36 Image size of job updated: 1300940
	1093  -  MemoryUsage of job (MB)
	1118580  -  ResidentSetSize of job (KB)
...
006 (13655293.342.000) 2023-09-05 02:44:38 Image size of job updated: 1300940
	1093  -  MemoryUsage of job (MB)
	1119184  -  ResidentSetSize of job (KB)
...
006 (13655293.342.000) 2023-09-06 00:20:45 Image size of job updated: 1411060
	1093  -  MemoryUsage of job (MB)
	1119184  -  ResidentSetSize of job (KB)
...
040 (13655293.342.000) 2023-09-06 00:20:45 Started transferring output files
...
040 (13655293.342.000) 2023-09-06 00:20:45 Finished transferring output files
...
005 (13655293.342.000) 2023-09-06 00:20:45 Job terminated.
	(1) Normal termination (return value 0)
		Usr 0 22:54:58, Sys 0 00:05:49  -  Run Remote Usage
		Usr 0 00:00:00, Sys 0 00:00:00  -  Run Local Usage
		Usr 0 22:54:58, Sys 0 00:05:49  -  Total Remote Usage
		Usr 0 00:00:00, Sys 0 00:00:00  -  Total Local Usage
	1309656  -  Run Bytes Sent By Job
	32652772  -  Run Bytes Received By Job
	1309656  -  Total Bytes Sent By Job
	32652772  -  Total Bytes Received By Job
	Partitionable Resources :     Usage  Request Allocated 
	   Cpus                 :      1.02        1         1 
	   Disk (KB)            : 274851      524288   1268229 
	   IoHeavy              :                            0 
	   Memory (MB)          :   1093        4096      4096 

	Job terminated of its own accord at 2023-09-06T05:20:45Z with exit-code 0.
...
