000 (13655293.134.000) 2023-09-05 00:33:11 Job submitted from host: <128.104.101.92:9618?addrs=128.104.101.92-9618+[2607-f388-107c-501-a236-9fff-fe3c-caa8]-9618&alias=submit2.chtc.wisc.edu&noUDP&sock=schedd_1879732_618e>
...
040 (13655293.134.000) 2023-09-05 00:36:28 Started transferring input files
	Transferring to host: <128.105.69.189:9618?addrs=128.105.69.189-9618+[2607-f388-2200-100-1270-fdff-fe56-644c]-9618&alias=e4042.chtc.wisc.edu&noUDP&sock=slot1_102_3770169_e03a_55811>
...
001 (13655293.134.000) 2023-09-05 00:36:39 Job executing on host: <128.105.69.189:9618?addrs=128.105.69.189-9618+[2607-f388-2200-100-1270-fdff-fe56-644c]-9618&alias=e4042.chtc.wisc.edu&noUDP&sock=startd_15959_2004>
	SlotName: slot1_102@e4042.chtc.wisc.edu
	CondorScratchDir = "/var/lib/condor/execute/slot1/dir_3475126"
	Cpus = 1
	Disk = 1208198
	IoHeavy = 0
	Memory = 4096
...
040 (13655293.134.000) 2023-09-05 00:36:39 Finished transferring input files
...
006 (13655293.134.000) 2023-09-05 00:36:47 Image size of job updated: 689264
	674  -  MemoryUsage of job (MB)
	689264  -  ResidentSetSize of job (KB)
...
006 (13655293.134.000) 2023-09-05 00:41:47 Image size of job updated: 1287188
	1059  -  MemoryUsage of job (MB)
	1083596  -  ResidentSetSize of job (KB)
...
006 (13655293.134.000) 2023-09-05 00:46:47 Image size of job updated: 1287188
	1075  -  MemoryUsage of job (MB)
	1099852  -  ResidentSetSize of job (KB)
...
006 (13655293.134.000) 2023-09-05 00:51:48 Image size of job updated: 1287188
	1076  -  MemoryUsage of job (MB)
	1101044  -  ResidentSetSize of job (KB)
...
006 (13655293.134.000) 2023-09-05 00:56:48 Image size of job updated: 1287188
	1085  -  MemoryUsage of job (MB)
	1110260  -  ResidentSetSize of job (KB)
...
006 (13655293.134.000) 2023-09-05 02:21:57 Image size of job updated: 1287188
	1087  -  MemoryUsage of job (MB)
	1112788  -  ResidentSetSize of job (KB)
...
006 (13655293.134.000) 2023-09-05 02:31:58 Image size of job updated: 1287188
	1097  -  MemoryUsage of job (MB)
	1122516  -  ResidentSetSize of job (KB)
...
006 (13655293.134.000) 2023-09-05 23:12:56 Image size of job updated: 1320292
	1097  -  MemoryUsage of job (MB)
	1122516  -  ResidentSetSize of job (KB)
...
040 (13655293.134.000) 2023-09-05 23:12:57 Started transferring output files
...
040 (13655293.134.000) 2023-09-05 23:12:58 Finished transferring output files
...
005 (13655293.134.000) 2023-09-05 23:12:58 Job terminated.
	(1) Normal termination (return value 0)
		Usr 0 22:10:54, Sys 0 00:04:48  -  Run Remote Usage
		Usr 0 00:00:00, Sys 0 00:00:00  -  Run Local Usage
		Usr 0 22:10:54, Sys 0 00:04:48  -  Total Remote Usage
		Usr 0 00:00:00, Sys 0 00:00:00  -  Total Local Usage
	1309757  -  Run Bytes Sent By Job
	32652772  -  Run Bytes Received By Job
	1309757  -  Total Bytes Sent By Job
	32652772  -  Total Bytes Received By Job
	Partitionable Resources :     Usage  Request Allocated 
	   Cpus                 :      0.99        1         1 
	   Disk (KB)            : 274888      524288   1208198 
	   IoHeavy              :                            0 
	   Memory (MB)          :   1097        4096      4096 

	Job terminated of its own accord at 2023-09-06T04:12:56Z with exit-code 0.
...
