000 (13655293.182.000) 2023-09-05 00:33:11 Job submitted from host: <128.104.101.92:9618?addrs=128.104.101.92-9618+[2607-f388-107c-501-a236-9fff-fe3c-caa8]-9618&alias=submit2.chtc.wisc.edu&noUDP&sock=schedd_1879732_618e>
...
040 (13655293.182.000) 2023-09-05 00:41:44 Started transferring input files
	Transferring to host: <128.105.69.139:9618?addrs=128.105.69.139-9618+[2607-f388-2200-100-1270-fdff-fe56-79fc]-9618&alias=e4016.chtc.wisc.edu&noUDP&sock=slot1_74_3874560_c76f_62369>
...
040 (13655293.182.000) 2023-09-05 00:41:46 Finished transferring input files
...
001 (13655293.182.000) 2023-09-05 00:41:47 Job executing on host: <128.105.69.139:9618?addrs=128.105.69.139-9618+[2607-f388-2200-100-1270-fdff-fe56-79fc]-9618&alias=e4016.chtc.wisc.edu&noUDP&sock=startd_15800_1075>
	SlotName: slot1_74@e4016.chtc.wisc.edu
	CondorScratchDir = "/var/lib/condor/execute/slot1/dir_2392332"
	Cpus = 1
	Disk = 1208198
	IoHeavy = 0
	Memory = 4096
...
006 (13655293.182.000) 2023-09-05 00:41:56 Image size of job updated: 702092
	686  -  MemoryUsage of job (MB)
	702092  -  ResidentSetSize of job (KB)
...
006 (13655293.182.000) 2023-09-05 00:46:57 Image size of job updated: 1278772
	1057  -  MemoryUsage of job (MB)
	1082224  -  ResidentSetSize of job (KB)
...
006 (13655293.182.000) 2023-09-05 00:51:57 Image size of job updated: 1278772
	1075  -  MemoryUsage of job (MB)
	1100008  -  ResidentSetSize of job (KB)
...
006 (13655293.182.000) 2023-09-05 01:06:58 Image size of job updated: 1278772
	1076  -  MemoryUsage of job (MB)
	1101784  -  ResidentSetSize of job (KB)
...
006 (13655293.182.000) 2023-09-05 01:27:00 Image size of job updated: 1278772
	1082  -  MemoryUsage of job (MB)
	1107928  -  ResidentSetSize of job (KB)
...
006 (13655293.182.000) 2023-09-05 02:12:06 Image size of job updated: 1278772
	1083  -  MemoryUsage of job (MB)
	1108120  -  ResidentSetSize of job (KB)
...
006 (13655293.182.000) 2023-09-05 03:22:13 Image size of job updated: 1278772
	1084  -  MemoryUsage of job (MB)
	1109996  -  ResidentSetSize of job (KB)
...
006 (13655293.182.000) 2023-09-05 03:47:15 Image size of job updated: 1278772
	1094  -  MemoryUsage of job (MB)
	1119960  -  ResidentSetSize of job (KB)
...
006 (13655293.182.000) 2023-09-05 04:12:17 Image size of job updated: 1278772
	1094  -  MemoryUsage of job (MB)
	1120216  -  ResidentSetSize of job (KB)
...
006 (13655293.182.000) 2023-09-05 22:33:23 Image size of job updated: 1414584
	1094  -  MemoryUsage of job (MB)
	1120216  -  ResidentSetSize of job (KB)
...
040 (13655293.182.000) 2023-09-05 22:33:23 Started transferring output files
...
040 (13655293.182.000) 2023-09-05 22:33:23 Finished transferring output files
...
005 (13655293.182.000) 2023-09-05 22:33:23 Job terminated.
	(1) Normal termination (return value 0)
		Usr 0 21:27:26, Sys 0 00:03:20  -  Run Remote Usage
		Usr 0 00:00:00, Sys 0 00:00:00  -  Run Local Usage
		Usr 0 21:27:26, Sys 0 00:03:20  -  Total Remote Usage
		Usr 0 00:00:00, Sys 0 00:00:00  -  Total Local Usage
	1309533  -  Run Bytes Sent By Job
	32652772  -  Run Bytes Received By Job
	1309533  -  Total Bytes Sent By Job
	32652772  -  Total Bytes Received By Job
	Partitionable Resources :     Usage  Request Allocated 
	   Cpus                 :      0.99        1         1 
	   Disk (KB)            : 274879      524288   1208198 
	   IoHeavy              :                            0 
	   Memory (MB)          :   1094        4096      4096 

	Job terminated of its own accord at 2023-09-06T03:33:23Z with exit-code 0.
...
