000 (13655293.490.000) 2023-09-05 00:33:11 Job submitted from host: <128.104.101.92:9618?addrs=128.104.101.92-9618+[2607-f388-107c-501-a236-9fff-fe3c-caa8]-9618&alias=submit2.chtc.wisc.edu&noUDP&sock=schedd_1879732_618e>
...
040 (13655293.490.000) 2023-09-05 00:57:40 Started transferring input files
	Transferring to host: <128.105.69.152:9618?addrs=128.105.69.152-9618+[2607-f388-2200-100-1270-fdff-fe56-c8d4]-9618&alias=e4085.chtc.wisc.edu&noUDP&sock=slot1_52_900019_8e10_50821>
...
001 (13655293.490.000) 2023-09-05 00:58:50 Job executing on host: <128.105.69.152:9618?addrs=128.105.69.152-9618+[2607-f388-2200-100-1270-fdff-fe56-c8d4]-9618&alias=e4085.chtc.wisc.edu&noUDP&sock=startd_17191_2cb1>
	SlotName: slot1_52@e4085.chtc.wisc.edu
	CondorScratchDir = "/var/lib/condor/execute/slot1/dir_2510239"
	Cpus = 1
	Disk = 1208198
	IoHeavy = 0
	Memory = 4096
...
040 (13655293.490.000) 2023-09-05 00:58:50 Finished transferring input files
...
006 (13655293.490.000) 2023-09-05 00:58:59 Image size of job updated: 535712
	524  -  MemoryUsage of job (MB)
	535704  -  ResidentSetSize of job (KB)
...
006 (13655293.490.000) 2023-09-05 01:03:59 Image size of job updated: 1180792
	880  -  MemoryUsage of job (MB)
	900400  -  ResidentSetSize of job (KB)
...
006 (13655293.490.000) 2023-09-05 01:09:00 Image size of job updated: 1180792
	973  -  MemoryUsage of job (MB)
	995368  -  ResidentSetSize of job (KB)
...
006 (13655293.490.000) 2023-09-05 01:44:03 Image size of job updated: 1180792
	973  -  MemoryUsage of job (MB)
	995660  -  ResidentSetSize of job (KB)
...
006 (13655293.490.000) 2023-09-05 02:19:08 Image size of job updated: 1180792
	974  -  MemoryUsage of job (MB)
	997252  -  ResidentSetSize of job (KB)
...
006 (13655293.490.000) 2023-09-05 02:34:09 Image size of job updated: 1180792
	985  -  MemoryUsage of job (MB)
	1008544  -  ResidentSetSize of job (KB)
...
006 (13655293.490.000) 2023-09-05 03:49:18 Image size of job updated: 1180792
	989  -  MemoryUsage of job (MB)
	1012300  -  ResidentSetSize of job (KB)
...
006 (13655293.490.000) 2023-09-06 03:53:52 Image size of job updated: 1268644
	989  -  MemoryUsage of job (MB)
	1012300  -  ResidentSetSize of job (KB)
...
040 (13655293.490.000) 2023-09-06 03:53:52 Started transferring output files
...
040 (13655293.490.000) 2023-09-06 03:53:52 Finished transferring output files
...
005 (13655293.490.000) 2023-09-06 03:53:52 Job terminated.
	(1) Normal termination (return value 0)
		Usr 1 02:24:12, Sys 0 00:05:09  -  Run Remote Usage
		Usr 0 00:00:00, Sys 0 00:00:00  -  Run Local Usage
		Usr 1 02:24:12, Sys 0 00:05:09  -  Total Remote Usage
		Usr 0 00:00:00, Sys 0 00:00:00  -  Total Local Usage
	1309670  -  Run Bytes Sent By Job
	32652772  -  Run Bytes Received By Job
	1309670  -  Total Bytes Sent By Job
	32652772  -  Total Bytes Received By Job
	Partitionable Resources :     Usage  Request Allocated 
	   Cpus                 :      0.99        1         1 
	   Disk (KB)            : 274908      524288   1208198 
	   IoHeavy              :                            0 
	   Memory (MB)          :    989        4096      4096 

	Job terminated of its own accord at 2023-09-06T08:53:52Z with exit-code 0.
...
