000 (13655293.452.000) 2023-09-05 00:33:11 Job submitted from host: <128.104.101.92:9618?addrs=128.104.101.92-9618+[2607-f388-107c-501-a236-9fff-fe3c-caa8]-9618&alias=submit2.chtc.wisc.edu&noUDP&sock=schedd_1879732_618e>
...
040 (13655293.452.000) 2023-09-05 00:56:16 Started transferring input files
	Transferring to host: <128.105.69.157:9618?addrs=128.105.69.157-9618+[2607-f388-2200-100-1270-fdff-fe56-c3a4]-9618&alias=e4090.chtc.wisc.edu&noUDP&sock=slot1_31_1363133_4360_49260>
...
001 (13655293.452.000) 2023-09-05 00:56:39 Job executing on host: <128.105.69.157:9618?addrs=128.105.69.157-9618+[2607-f388-2200-100-1270-fdff-fe56-c3a4]-9618&alias=e4090.chtc.wisc.edu&noUDP&sock=startd_18322_f24e>
	SlotName: slot1_31@e4090.chtc.wisc.edu
	CondorScratchDir = "/var/lib/condor/execute/slot1/dir_555296"
	Cpus = 1
	Disk = 1208198
	IoHeavy = 0
	Memory = 4096
...
040 (13655293.452.000) 2023-09-05 00:56:39 Finished transferring input files
...
006 (13655293.452.000) 2023-09-05 00:56:50 Image size of job updated: 733680
	717  -  MemoryUsage of job (MB)
	733680  -  ResidentSetSize of job (KB)
...
006 (13655293.452.000) 2023-09-05 01:01:50 Image size of job updated: 1031916
	1008  -  MemoryUsage of job (MB)
	1031916  -  ResidentSetSize of job (KB)
...
006 (13655293.452.000) 2023-09-05 01:06:51 Image size of job updated: 1267116
	1238  -  MemoryUsage of job (MB)
	1267112  -  ResidentSetSize of job (KB)
...
006 (13655293.452.000) 2023-09-05 01:11:58 Image size of job updated: 1286048
	1238  -  MemoryUsage of job (MB)
	1267112  -  ResidentSetSize of job (KB)
...
006 (13655293.452.000) 2023-09-05 23:27:37 Image size of job updated: 1416340
	1238  -  MemoryUsage of job (MB)
	1267112  -  ResidentSetSize of job (KB)
...
040 (13655293.452.000) 2023-09-05 23:27:37 Started transferring output files
...
040 (13655293.452.000) 2023-09-05 23:27:37 Finished transferring output files
...
005 (13655293.452.000) 2023-09-05 23:27:37 Job terminated.
	(1) Normal termination (return value 0)
		Usr 0 22:11:14, Sys 0 00:04:32  -  Run Remote Usage
		Usr 0 00:00:00, Sys 0 00:00:00  -  Run Local Usage
		Usr 0 22:11:14, Sys 0 00:04:32  -  Total Remote Usage
		Usr 0 00:00:00, Sys 0 00:00:00  -  Total Local Usage
	1309461  -  Run Bytes Sent By Job
	32652772  -  Run Bytes Received By Job
	1309461  -  Total Bytes Sent By Job
	32652772  -  Total Bytes Received By Job
	Partitionable Resources :     Usage  Request Allocated 
	   Cpus                 :      0.99        1         1 
	   Disk (KB)            : 274889      524288   1208198 
	   IoHeavy              :                            0 
	   Memory (MB)          :   1238        4096      4096 

	Job terminated of its own accord at 2023-09-06T04:27:37Z with exit-code 0.
...
