000 (13655293.088.000) 2023-09-05 00:33:11 Job submitted from host: <128.104.101.92:9618?addrs=128.104.101.92-9618+[2607-f388-107c-501-a236-9fff-fe3c-caa8]-9618&alias=submit2.chtc.wisc.edu&noUDP&sock=schedd_1879732_618e>
...
040 (13655293.088.000) 2023-09-05 00:36:19 Started transferring input files
	Transferring to host: <128.105.69.235:9618?addrs=128.105.69.235-9618+[2607-f388-2200-100-eaeb-d3ff-fe40-1eec]-9618&alias=e2618.chtc.wisc.edu&noUDP&sock=slot1_69_1971430_8761_56668>
...
001 (13655293.088.000) 2023-09-05 00:36:26 Job executing on host: <128.105.69.235:9618?addrs=128.105.69.235-9618+[2607-f388-2200-100-eaeb-d3ff-fe40-1eec]-9618&alias=e2618.chtc.wisc.edu&noUDP&sock=startd_18889_dc81>
	SlotName: slot1_69@e2618.chtc.wisc.edu
	CondorScratchDir = "/var/lib/condor/execute/slot1/dir_2067074"
	Cpus = 1
	Disk = 1458998
	IoHeavy = 0
	Memory = 4096
...
040 (13655293.088.000) 2023-09-05 00:36:26 Finished transferring input files
...
006 (13655293.088.000) 2023-09-05 00:36:35 Image size of job updated: 700884
	685  -  MemoryUsage of job (MB)
	700880  -  ResidentSetSize of job (KB)
...
006 (13655293.088.000) 2023-09-05 00:41:36 Image size of job updated: 1284740
	1065  -  MemoryUsage of job (MB)
	1089852  -  ResidentSetSize of job (KB)
...
006 (13655293.088.000) 2023-09-05 00:46:37 Image size of job updated: 1284740
	1078  -  MemoryUsage of job (MB)
	1103652  -  ResidentSetSize of job (KB)
...
006 (13655293.088.000) 2023-09-05 01:01:39 Image size of job updated: 1284740
	1084  -  MemoryUsage of job (MB)
	1109952  -  ResidentSetSize of job (KB)
...
040 (13655293.088.000) 2023-09-06 02:05:20 Started transferring output files
...
040 (13655293.088.000) 2023-09-06 02:05:20 Finished transferring output files
...
005 (13655293.088.000) 2023-09-06 02:05:20 Job terminated.
	(1) Normal termination (return value 0)
		Usr 1 00:56:02, Sys 0 00:06:40  -  Run Remote Usage
		Usr 0 00:00:00, Sys 0 00:00:00  -  Run Local Usage
		Usr 1 00:56:02, Sys 0 00:06:40  -  Total Remote Usage
		Usr 0 00:00:00, Sys 0 00:00:00  -  Total Local Usage
	1309692  -  Run Bytes Sent By Job
	32652772  -  Run Bytes Received By Job
	1309692  -  Total Bytes Sent By Job
	32652772  -  Total Bytes Received By Job
	Partitionable Resources :     Usage  Request Allocated 
	   Cpus                 :      0.99        1         1 
	   Disk (KB)            : 274915      524288   1458998 
	   IoHeavy              :                            0 
	   Memory (MB)          :   1084        4096      4096 

	Job terminated of its own accord at 2023-09-06T07:05:20Z with exit-code 0.
...
