000 (14269004.046.000) 2023-09-11 03:23:01 Job submitted from host: <128.104.101.92:9618?addrs=128.104.101.92-9618+[2607-f388-107c-501-a236-9fff-fe3c-caa8]-9618&alias=submit2.chtc.wisc.edu&noUDP&sock=schedd_1879732_618e>
...
040 (14269004.046.000) 2023-09-11 03:27:34 Started transferring input files
	Transferring to host: <128.105.69.199:9618?addrs=128.105.69.199-9618+[2607-f388-2200-100-1270-fdff-fe56-70ec]-9618&alias=e4052.chtc.wisc.edu&noUDP&sock=slot1_106_23045_0982_71026>
...
040 (14269004.046.000) 2023-09-11 03:27:37 Finished transferring input files
...
001 (14269004.046.000) 2023-09-11 03:27:38 Job executing on host: <128.105.69.199:9618?addrs=128.105.69.199-9618+[2607-f388-2200-100-1270-fdff-fe56-70ec]-9618&alias=e4052.chtc.wisc.edu&noUDP&sock=startd_22905_80d9>
	SlotName: slot1_106@e4052.chtc.wisc.edu
	CondorScratchDir = "/var/lib/condor/execute/slot1/dir_247055"
	Cpus = 1
	Disk = 1208198
	IoHeavy = 0
	Memory = 4096
...
006 (14269004.046.000) 2023-09-11 03:27:46 Image size of job updated: 379476
	243  -  MemoryUsage of job (MB)
	248440  -  ResidentSetSize of job (KB)
...
040 (14269004.046.000) 2023-09-11 03:30:24 Started transferring output files
...
040 (14269004.046.000) 2023-09-11 03:30:24 Finished transferring output files
...
005 (14269004.046.000) 2023-09-11 03:30:24 Job terminated.
	(1) Normal termination (return value 0)
		Usr 0 00:02:41, Sys 0 00:00:02  -  Run Remote Usage
		Usr 0 00:00:00, Sys 0 00:00:00  -  Run Local Usage
		Usr 0 00:02:41, Sys 0 00:00:02  -  Total Remote Usage
		Usr 0 00:00:00, Sys 0 00:00:00  -  Total Local Usage
	126977  -  Run Bytes Sent By Job
	32664898  -  Run Bytes Received By Job
	126977  -  Total Bytes Sent By Job
	32664898  -  Total Bytes Received By Job
	Partitionable Resources :     Usage  Request Allocated 
	   Cpus                 :      0.99        1         1 
	   Disk (KB)            : 255037      524288   1208198 
	   IoHeavy              :                            0 
	   Memory (MB)          :    243        4096      4096 

	Job terminated of its own accord at 2023-09-11T08:30:23Z with exit-code 0.
...
