035 (13653349.-01.000) 2023-09-05 00:26:26 Cluster submitted from host: <128.104.101.92:9618?addrs=128.104.101.92-9618+[2607-f388-107c-501-a236-9fff-fe3c-caa8]-9618&alias=submit2.chtc.wisc.edu&noUDP&sock=schedd_1879732_618e>
...
000 (13653349.000.000) 2023-09-05 00:26:26 Job submitted from host: <128.104.101.92:9618?addrs=128.104.101.92-9618+[2607-f388-107c-501-a236-9fff-fe3c-caa8]-9618&alias=submit2.chtc.wisc.edu&noUDP&sock=schedd_1879732_618e>
...
040 (13653349.000.000) 2023-09-05 00:29:05 Started transferring input files
	Transferring to host: <128.105.69.190:9618?addrs=128.105.69.190-9618+[2607-f388-2200-100-1270-fdff-fe56-c2fc]-9618&alias=e4043.chtc.wisc.edu&noUDP&sock=slot1_43_738924_8dd9_9034>
...
040 (13653349.000.000) 2023-09-05 00:29:08 Finished transferring input files
...
001 (13653349.000.000) 2023-09-05 00:29:09 Job executing on host: <128.105.69.190:9618?addrs=128.105.69.190-9618+[2607-f388-2200-100-1270-fdff-fe56-c2fc]-9618&alias=e4043.chtc.wisc.edu&noUDP&sock=startd_16563_6b38>
	SlotName: slot1_43@e4043.chtc.wisc.edu
	CondorScratchDir = "/var/lib/condor/execute/slot1/dir_1932953"
	Cpus = 1
	Disk = 1208198
	IoHeavy = 0
	Memory = 4096
...
006 (13653349.000.000) 2023-09-05 00:29:17 Image size of job updated: 275236
	164  -  MemoryUsage of job (MB)
	167828  -  ResidentSetSize of job (KB)
...
040 (13653349.000.000) 2023-09-05 00:29:55 Started transferring output files
...
040 (13653349.000.000) 2023-09-05 00:29:57 Finished transferring output files
...
005 (13653349.000.000) 2023-09-05 00:30:04 Job terminated.
	(1) Normal termination (return value 0)
		Usr 0 00:00:39, Sys 0 00:00:00  -  Run Remote Usage
		Usr 0 00:00:00, Sys 0 00:00:00  -  Run Local Usage
		Usr 0 00:00:39, Sys 0 00:00:00  -  Total Remote Usage
		Usr 0 00:00:00, Sys 0 00:00:00  -  Total Local Usage
	28002  -  Run Bytes Sent By Job
	32664692  -  Run Bytes Received By Job
	28002  -  Total Bytes Sent By Job
	32664692  -  Total Bytes Received By Job
	Partitionable Resources :    Usage  Request Allocated 
	   Cpus                 :                 1         1 
	   Disk (KB)            :   254932   524288   1208198 
	   IoHeavy              :                           0 
	   Memory (MB)          :      164     4096      4096 

	Job terminated of its own accord at 2023-09-05T05:29:52Z with exit-code 0.
...
036 (13653349.-01.000) 2023-09-05 00:30:04 Cluster removed
	Materialized 14 jobs from -1 items.	Complete
...
