000 (14268886.063.000) 2023-09-11 03:21:39 Job submitted from host: <128.104.101.92:9618?addrs=128.104.101.92-9618+[2607-f388-107c-501-a236-9fff-fe3c-caa8]-9618&alias=submit2.chtc.wisc.edu&noUDP&sock=schedd_1879732_618e>
...
040 (14268886.063.000) 2023-09-11 03:25:36 Started transferring input files
	Transferring to host: <128.105.69.157:9618?addrs=128.105.69.157-9618+[2607-f388-2200-100-1270-fdff-fe56-c3a4]-9618&alias=e4090.chtc.wisc.edu&noUDP&sock=slot1_106_1363133_4360_89233>
...
040 (14268886.063.000) 2023-09-11 03:25:39 Finished transferring input files
...
001 (14268886.063.000) 2023-09-11 03:25:40 Job executing on host: <128.105.69.157:9618?addrs=128.105.69.157-9618+[2607-f388-2200-100-1270-fdff-fe56-c3a4]-9618&alias=e4090.chtc.wisc.edu&noUDP&sock=startd_18322_f24e>
	SlotName: slot1_106@e4090.chtc.wisc.edu
	CondorScratchDir = "/var/lib/condor/execute/slot1/dir_2421461"
	Cpus = 1
	Disk = 1208198
	IoHeavy = 0
	Memory = 4096
...
006 (14268886.063.000) 2023-09-11 03:25:49 Image size of job updated: 386920
	378  -  MemoryUsage of job (MB)
	386920  -  ResidentSetSize of job (KB)
...
006 (14268886.063.000) 2023-09-11 03:28:01 Image size of job updated: 703388
	384  -  MemoryUsage of job (MB)
	392808  -  ResidentSetSize of job (KB)
...
040 (14268886.063.000) 2023-09-11 03:28:01 Started transferring output files
...
040 (14268886.063.000) 2023-09-11 03:28:01 Finished transferring output files
...
005 (14268886.063.000) 2023-09-11 03:28:01 Job terminated.
	(1) Normal termination (return value 0)
		Usr 0 00:02:07, Sys 0 00:00:09  -  Run Remote Usage
		Usr 0 00:00:00, Sys 0 00:00:00  -  Run Local Usage
		Usr 0 00:02:07, Sys 0 00:00:09  -  Total Remote Usage
		Usr 0 00:00:00, Sys 0 00:00:00  -  Total Local Usage
	101527  -  Run Bytes Sent By Job
	32720416  -  Run Bytes Received By Job
	101527  -  Total Bytes Sent By Job
	32720416  -  Total Bytes Received By Job
	Partitionable Resources :    Usage  Request Allocated 
	   Cpus                 :                 1         1 
	   Disk (KB)            :   261258   524288   1208198 
	   IoHeavy              :                           0 
	   Memory (MB)          :      384     4096      4096 

	Job terminated of its own accord at 2023-09-11T08:28:01Z with exit-code 0.
...
