000 (13655293.113.000) 2023-09-05 00:33:11 Job submitted from host: <128.104.101.92:9618?addrs=128.104.101.92-9618+[2607-f388-107c-501-a236-9fff-fe3c-caa8]-9618&alias=submit2.chtc.wisc.edu&noUDP&sock=schedd_1879732_618e>
...
040 (13655293.113.000) 2023-09-05 00:36:24 Started transferring input files
	Transferring to host: <128.105.69.114:9618?addrs=128.105.69.114-9618+[2607-f388-2200-100-1270-fdff-fe56-470c]-9618&alias=e4063.chtc.wisc.edu&noUDP&sock=slot1_82_3865253_27d4_60890>
...
001 (13655293.113.000) 2023-09-05 00:36:33 Job executing on host: <128.105.69.114:9618?addrs=128.105.69.114-9618+[2607-f388-2200-100-1270-fdff-fe56-470c]-9618&alias=e4063.chtc.wisc.edu&noUDP&sock=startd_18888_2ce9>
	SlotName: slot1_82@e4063.chtc.wisc.edu
	CondorScratchDir = "/var/lib/condor/execute/slot1/dir_1209937"
	Cpus = 1
	Disk = 1208198
	IoHeavy = 0
	Memory = 4096
...
040 (13655293.113.000) 2023-09-05 00:36:33 Finished transferring input files
...
006 (13655293.113.000) 2023-09-05 00:36:42 Image size of job updated: 722644
	706  -  MemoryUsage of job (MB)
	722644  -  ResidentSetSize of job (KB)
...
006 (13655293.113.000) 2023-09-05 00:41:43 Image size of job updated: 1285044
	1067  -  MemoryUsage of job (MB)
	1091828  -  ResidentSetSize of job (KB)
...
006 (13655293.113.000) 2023-09-05 00:46:43 Image size of job updated: 1285044
	1081  -  MemoryUsage of job (MB)
	1106484  -  ResidentSetSize of job (KB)
...
006 (13655293.113.000) 2023-09-05 00:56:44 Image size of job updated: 1285044
	1088  -  MemoryUsage of job (MB)
	1113192  -  ResidentSetSize of job (KB)
...
006 (13655293.113.000) 2023-09-05 19:50:17 Image size of job updated: 1410692
	1088  -  MemoryUsage of job (MB)
	1113192  -  ResidentSetSize of job (KB)
...
040 (13655293.113.000) 2023-09-05 19:50:17 Started transferring output files
...
040 (13655293.113.000) 2023-09-05 19:50:17 Finished transferring output files
...
005 (13655293.113.000) 2023-09-05 19:50:17 Job terminated.
	(1) Normal termination (return value 0)
		Usr 0 18:53:47, Sys 0 00:02:13  -  Run Remote Usage
		Usr 0 00:00:00, Sys 0 00:00:00  -  Run Local Usage
		Usr 0 18:53:47, Sys 0 00:02:13  -  Total Remote Usage
		Usr 0 00:00:00, Sys 0 00:00:00  -  Total Local Usage
	1309543  -  Run Bytes Sent By Job
	32652772  -  Run Bytes Received By Job
	1309543  -  Total Bytes Sent By Job
	32652772  -  Total Bytes Received By Job
	Partitionable Resources :     Usage  Request Allocated 
	   Cpus                 :      1.00        1         1 
	   Disk (KB)            : 274900      524288   1208198 
	   IoHeavy              :                            0 
	   Memory (MB)          :   1088        4096      4096 

	Job terminated of its own accord at 2023-09-06T00:50:17Z with exit-code 0.
...
