000 (13655293.206.000) 2023-09-05 00:33:11 Job submitted from host: <128.104.101.92:9618?addrs=128.104.101.92-9618+[2607-f388-107c-501-a236-9fff-fe3c-caa8]-9618&alias=submit2.chtc.wisc.edu&noUDP&sock=schedd_1879732_618e>
...
040 (13655293.206.000) 2023-09-05 00:43:24 Started transferring input files
	Transferring to host: <128.105.69.114:9618?addrs=128.105.69.114-9618+[2607-f388-2200-100-1270-fdff-fe56-470c]-9618&alias=e4063.chtc.wisc.edu&noUDP&sock=slot1_39_3865253_27d4_60945>
...
040 (13655293.206.000) 2023-09-05 00:43:26 Finished transferring input files
...
001 (13655293.206.000) 2023-09-05 00:43:31 Job executing on host: <128.105.69.114:9618?addrs=128.105.69.114-9618+[2607-f388-2200-100-1270-fdff-fe56-470c]-9618&alias=e4063.chtc.wisc.edu&noUDP&sock=startd_18888_2ce9>
	SlotName: slot1_39@e4063.chtc.wisc.edu
	CondorScratchDir = "/var/lib/condor/execute/slot1/dir_1244656"
	Cpus = 1
	Disk = 1208198
	IoHeavy = 0
	Memory = 4096
...
006 (13655293.206.000) 2023-09-05 00:43:39 Image size of job updated: 692368
	677  -  MemoryUsage of job (MB)
	692364  -  ResidentSetSize of job (KB)
...
006 (13655293.206.000) 2023-09-05 00:48:39 Image size of job updated: 1285740
	1054  -  MemoryUsage of job (MB)
	1078404  -  ResidentSetSize of job (KB)
...
006 (13655293.206.000) 2023-09-05 00:53:39 Image size of job updated: 1285740
	1075  -  MemoryUsage of job (MB)
	1100336  -  ResidentSetSize of job (KB)
...
006 (13655293.206.000) 2023-09-05 00:58:40 Image size of job updated: 1285740
	1077  -  MemoryUsage of job (MB)
	1102108  -  ResidentSetSize of job (KB)
...
006 (13655293.206.000) 2023-09-05 01:03:40 Image size of job updated: 1285740
	1077  -  MemoryUsage of job (MB)
	1102316  -  ResidentSetSize of job (KB)
...
006 (13655293.206.000) 2023-09-05 01:08:41 Image size of job updated: 1285740
	1077  -  MemoryUsage of job (MB)
	1102352  -  ResidentSetSize of job (KB)
...
006 (13655293.206.000) 2023-09-05 01:28:44 Image size of job updated: 1285740
	1078  -  MemoryUsage of job (MB)
	1103120  -  ResidentSetSize of job (KB)
...
006 (13655293.206.000) 2023-09-05 01:43:46 Image size of job updated: 1285740
	1078  -  MemoryUsage of job (MB)
	1103520  -  ResidentSetSize of job (KB)
...
006 (13655293.206.000) 2023-09-05 01:53:47 Image size of job updated: 1285740
	1078  -  MemoryUsage of job (MB)
	1103612  -  ResidentSetSize of job (KB)
...
006 (13655293.206.000) 2023-09-05 01:58:47 Image size of job updated: 1285740
	1085  -  MemoryUsage of job (MB)
	1110524  -  ResidentSetSize of job (KB)
...
006 (13655293.206.000) 2023-09-05 02:03:48 Image size of job updated: 1285740
	1088  -  MemoryUsage of job (MB)
	1114096  -  ResidentSetSize of job (KB)
...
006 (13655293.206.000) 2023-09-05 02:28:51 Image size of job updated: 1285740
	1092  -  MemoryUsage of job (MB)
	1118040  -  ResidentSetSize of job (KB)
...
006 (13655293.206.000) 2023-09-05 03:08:54 Image size of job updated: 1285740
	1095  -  MemoryUsage of job (MB)
	1120560  -  ResidentSetSize of job (KB)
...
006 (13655293.206.000) 2023-09-05 20:17:00 Image size of job updated: 1414732
	1095  -  MemoryUsage of job (MB)
	1120560  -  ResidentSetSize of job (KB)
...
040 (13655293.206.000) 2023-09-05 20:17:00 Started transferring output files
...
040 (13655293.206.000) 2023-09-05 20:17:00 Finished transferring output files
...
005 (13655293.206.000) 2023-09-05 20:17:00 Job terminated.
	(1) Normal termination (return value 0)
		Usr 0 19:13:18, Sys 0 00:02:06  -  Run Remote Usage
		Usr 0 00:00:00, Sys 0 00:00:00  -  Run Local Usage
		Usr 0 19:13:18, Sys 0 00:02:06  -  Total Remote Usage
		Usr 0 00:00:00, Sys 0 00:00:00  -  Total Local Usage
	1309494  -  Run Bytes Sent By Job
	32652772  -  Run Bytes Received By Job
	1309494  -  Total Bytes Sent By Job
	32652772  -  Total Bytes Received By Job
	Partitionable Resources :     Usage  Request Allocated 
	   Cpus                 :      0.99        1         1 
	   Disk (KB)            : 274906      524288   1208198 
	   IoHeavy              :                            0 
	   Memory (MB)          :   1095        4096      4096 

	Job terminated of its own accord at 2023-09-06T01:17:00Z with exit-code 0.
...
