000 (13655293.072.000) 2023-09-05 00:33:11 Job submitted from host: <128.104.101.92:9618?addrs=128.104.101.92-9618+[2607-f388-107c-501-a236-9fff-fe3c-caa8]-9618&alias=submit2.chtc.wisc.edu&noUDP&sock=schedd_1879732_618e>
...
040 (13655293.072.000) 2023-09-05 00:36:13 Started transferring input files
	Transferring to host: <128.105.69.235:9618?addrs=128.105.69.235-9618+[2607-f388-2200-100-eaeb-d3ff-fe40-1eec]-9618&alias=e2618.chtc.wisc.edu&noUDP&sock=slot1_38_1971430_8761_56667>
...
001 (13655293.072.000) 2023-09-05 00:36:20 Job executing on host: <128.105.69.235:9618?addrs=128.105.69.235-9618+[2607-f388-2200-100-eaeb-d3ff-fe40-1eec]-9618&alias=e2618.chtc.wisc.edu&noUDP&sock=startd_18889_dc81>
	SlotName: slot1_38@e2618.chtc.wisc.edu
	CondorScratchDir = "/var/lib/condor/execute/slot1/dir_2066938"
	Cpus = 1
	Disk = 1458998
	IoHeavy = 0
	Memory = 4096
...
040 (13655293.072.000) 2023-09-05 00:36:20 Finished transferring input files
...
006 (13655293.072.000) 2023-09-05 00:36:29 Image size of job updated: 602592
	589  -  MemoryUsage of job (MB)
	602592  -  ResidentSetSize of job (KB)
...
006 (13655293.072.000) 2023-09-05 00:41:30 Image size of job updated: 1174424
	958  -  MemoryUsage of job (MB)
	980300  -  ResidentSetSize of job (KB)
...
006 (13655293.072.000) 2023-09-05 00:46:30 Image size of job updated: 1174424
	968  -  MemoryUsage of job (MB)
	990888  -  ResidentSetSize of job (KB)
...
006 (13655293.072.000) 2023-09-05 00:51:30 Image size of job updated: 1174424
	974  -  MemoryUsage of job (MB)
	996584  -  ResidentSetSize of job (KB)
...
006 (13655293.072.000) 2023-09-05 01:06:32 Image size of job updated: 1174424
	978  -  MemoryUsage of job (MB)
	1001436  -  ResidentSetSize of job (KB)
...
006 (13655293.072.000) 2023-09-05 01:11:33 Image size of job updated: 1174424
	980  -  MemoryUsage of job (MB)
	1003320  -  ResidentSetSize of job (KB)
...
006 (13655293.072.000) 2023-09-05 02:11:39 Image size of job updated: 1174424
	983  -  MemoryUsage of job (MB)
	1006428  -  ResidentSetSize of job (KB)
...
006 (13655293.072.000) 2023-09-05 03:31:47 Image size of job updated: 1174424
	984  -  MemoryUsage of job (MB)
	1006988  -  ResidentSetSize of job (KB)
...
006 (13655293.072.000) 2023-09-05 23:36:42 Image size of job updated: 1290180
	984  -  MemoryUsage of job (MB)
	1006988  -  ResidentSetSize of job (KB)
...
040 (13655293.072.000) 2023-09-05 23:36:42 Started transferring output files
...
040 (13655293.072.000) 2023-09-05 23:36:42 Finished transferring output files
...
005 (13655293.072.000) 2023-09-05 23:36:43 Job terminated.
	(1) Normal termination (return value 0)
		Usr 0 22:32:04, Sys 0 00:04:37  -  Run Remote Usage
		Usr 0 00:00:00, Sys 0 00:00:00  -  Run Local Usage
		Usr 0 22:32:04, Sys 0 00:04:37  -  Total Remote Usage
		Usr 0 00:00:00, Sys 0 00:00:00  -  Total Local Usage
	1309627  -  Run Bytes Sent By Job
	32652772  -  Run Bytes Received By Job
	1309627  -  Total Bytes Sent By Job
	32652772  -  Total Bytes Received By Job
	Partitionable Resources :     Usage  Request Allocated 
	   Cpus                 :      0.99        1         1 
	   Disk (KB)            : 274902      524288   1458998 
	   IoHeavy              :                            0 
	   Memory (MB)          :    984        4096      4096 

	Job terminated of its own accord at 2023-09-06T04:36:42Z with exit-code 0.
...
