000 (13655293.430.000) 2023-09-05 00:33:11 Job submitted from host: <128.104.101.92:9618?addrs=128.104.101.92-9618+[2607-f388-107c-501-a236-9fff-fe3c-caa8]-9618&alias=submit2.chtc.wisc.edu&noUDP&sock=schedd_1879732_618e>
...
040 (13655293.430.000) 2023-09-05 00:56:12 Started transferring input files
	Transferring to host: <128.105.69.236:9618?addrs=128.105.69.236-9618+[2607-f388-2200-100-eaeb-d3ff-fe40-2044]-9618&alias=e2619.chtc.wisc.edu&noUDP&sock=slot1_36_238428_d859_58466>
...
001 (13655293.430.000) 2023-09-05 00:56:39 Job executing on host: <128.105.69.236:9618?addrs=128.105.69.236-9618+[2607-f388-2200-100-eaeb-d3ff-fe40-2044]-9618&alias=e2619.chtc.wisc.edu&noUDP&sock=startd_18724_af61>
	SlotName: slot1_36@e2619.chtc.wisc.edu
	CondorScratchDir = "/var/lib/condor/execute/slot1/dir_594064"
	Cpus = 1
	Disk = 1458998
	IoHeavy = 0
	Memory = 4096
...
040 (13655293.430.000) 2023-09-05 00:56:39 Finished transferring input files
...
006 (13655293.430.000) 2023-09-05 00:56:48 Image size of job updated: 701956
	686  -  MemoryUsage of job (MB)
	701952  -  ResidentSetSize of job (KB)
...
006 (13655293.430.000) 2023-09-05 01:01:48 Image size of job updated: 1267480
	1238  -  MemoryUsage of job (MB)
	1267448  -  ResidentSetSize of job (KB)
...
006 (13655293.430.000) 2023-09-05 01:06:49 Image size of job updated: 1286336
	1238  -  MemoryUsage of job (MB)
	1267448  -  ResidentSetSize of job (KB)
...
006 (13655293.430.000) 2023-09-05 21:28:55 Image size of job updated: 1357624
	1238  -  MemoryUsage of job (MB)
	1267448  -  ResidentSetSize of job (KB)
...
040 (13655293.430.000) 2023-09-05 21:29:17 Started transferring output files
...
040 (13655293.430.000) 2023-09-05 21:29:17 Finished transferring output files
...
005 (13655293.430.000) 2023-09-05 21:29:17 Job terminated.
	(1) Normal termination (return value 0)
		Usr 0 20:10:45, Sys 0 00:02:26  -  Run Remote Usage
		Usr 0 00:00:00, Sys 0 00:00:00  -  Run Local Usage
		Usr 0 20:10:45, Sys 0 00:02:26  -  Total Remote Usage
		Usr 0 00:00:00, Sys 0 00:00:00  -  Total Local Usage
	1309495  -  Run Bytes Sent By Job
	32652772  -  Run Bytes Received By Job
	1309495  -  Total Bytes Sent By Job
	32652772  -  Total Bytes Received By Job
	Partitionable Resources :     Usage  Request Allocated 
	   Cpus                 :      0.99        1         1 
	   Disk (KB)            : 274915      524288   1458998 
	   IoHeavy              :                            0 
	   Memory (MB)          :   1238        4096      4096 

	Job terminated of its own accord at 2023-09-06T02:29:17Z with exit-code 0.
...
