000 (13655293.095.000) 2023-09-05 00:33:11 Job submitted from host: <128.104.101.92:9618?addrs=128.104.101.92-9618+[2607-f388-107c-501-a236-9fff-fe3c-caa8]-9618&alias=submit2.chtc.wisc.edu&noUDP&sock=schedd_1879732_618e>
...
040 (13655293.095.000) 2023-09-05 00:36:21 Started transferring input files
	Transferring to host: <128.105.69.204:9618?addrs=128.105.69.204-9618+[2607-f388-2200-100-1270-fdff-fe56-b85c]-9618&alias=e4035.chtc.wisc.edu&noUDP&sock=slot1_87_3825352_4a9e_63517>
...
001 (13655293.095.000) 2023-09-05 00:36:28 Job executing on host: <128.105.69.204:9618?addrs=128.105.69.204-9618+[2607-f388-2200-100-1270-fdff-fe56-b85c]-9618&alias=e4035.chtc.wisc.edu&noUDP&sock=startd_11684_d4a5>
	SlotName: slot1_87@e4035.chtc.wisc.edu
	CondorScratchDir = "/var/lib/condor/execute/slot1/dir_4035772"
	Cpus = 1
	Disk = 1208198
	IoHeavy = 0
	Memory = 4096
...
040 (13655293.095.000) 2023-09-05 00:36:28 Finished transferring input files
...
006 (13655293.095.000) 2023-09-05 00:36:37 Image size of job updated: 705496
	689  -  MemoryUsage of job (MB)
	705496  -  ResidentSetSize of job (KB)
...
006 (13655293.095.000) 2023-09-05 00:41:38 Image size of job updated: 1287812
	1050  -  MemoryUsage of job (MB)
	1074236  -  ResidentSetSize of job (KB)
...
006 (13655293.095.000) 2023-09-05 00:46:38 Image size of job updated: 1287812
	1074  -  MemoryUsage of job (MB)
	1099252  -  ResidentSetSize of job (KB)
...
006 (13655293.095.000) 2023-09-05 00:51:40 Image size of job updated: 1287812
	1074  -  MemoryUsage of job (MB)
	1099764  -  ResidentSetSize of job (KB)
...
006 (13655293.095.000) 2023-09-05 00:56:40 Image size of job updated: 1287812
	1079  -  MemoryUsage of job (MB)
	1104416  -  ResidentSetSize of job (KB)
...
006 (13655293.095.000) 2023-09-05 01:01:40 Image size of job updated: 1287812
	1081  -  MemoryUsage of job (MB)
	1106464  -  ResidentSetSize of job (KB)
...
006 (13655293.095.000) 2023-09-05 01:56:47 Image size of job updated: 1287812
	1081  -  MemoryUsage of job (MB)
	1106736  -  ResidentSetSize of job (KB)
...
006 (13655293.095.000) 2023-09-05 02:01:48 Image size of job updated: 1287812
	1083  -  MemoryUsage of job (MB)
	1108464  -  ResidentSetSize of job (KB)
...
006 (13655293.095.000) 2023-09-05 03:06:54 Image size of job updated: 1287812
	1088  -  MemoryUsage of job (MB)
	1113428  -  ResidentSetSize of job (KB)
...
006 (13655293.095.000) 2023-09-06 01:20:18 Image size of job updated: 1416648
	1088  -  MemoryUsage of job (MB)
	1113428  -  ResidentSetSize of job (KB)
...
040 (13655293.095.000) 2023-09-06 01:20:18 Started transferring output files
...
040 (13655293.095.000) 2023-09-06 01:20:18 Finished transferring output files
...
005 (13655293.095.000) 2023-09-06 01:20:18 Job terminated.
	(1) Normal termination (return value 0)
		Usr 1 00:12:14, Sys 0 00:04:26  -  Run Remote Usage
		Usr 0 00:00:00, Sys 0 00:00:00  -  Run Local Usage
		Usr 1 00:12:14, Sys 0 00:04:26  -  Total Remote Usage
		Usr 0 00:00:00, Sys 0 00:00:00  -  Total Local Usage
	1309707  -  Run Bytes Sent By Job
	32652772  -  Run Bytes Received By Job
	1309707  -  Total Bytes Sent By Job
	32652772  -  Total Bytes Received By Job
	Partitionable Resources :     Usage  Request Allocated 
	   Cpus                 :      0.99        1         1 
	   Disk (KB)            : 274914      524288   1208198 
	   IoHeavy              :                            0 
	   Memory (MB)          :   1088        4096      4096 

	Job terminated of its own accord at 2023-09-06T06:20:18Z with exit-code 0.
...
