000 (14268886.047.000) 2023-09-11 03:21:39 Job submitted from host: <128.104.101.92:9618?addrs=128.104.101.92-9618+[2607-f388-107c-501-a236-9fff-fe3c-caa8]-9618&alias=submit2.chtc.wisc.edu&noUDP&sock=schedd_1879732_618e>
...
040 (14268886.047.000) 2023-09-11 03:23:34 Started transferring input files
	Transferring to host: <128.105.69.128:9618?addrs=128.105.69.128-9618+[2607-f388-2200-100-1270-fdff-fe56-642c]-9618&alias=e4077.chtc.wisc.edu&noUDP&sock=slot1_76_22948_b11e_82957>
...
040 (14268886.047.000) 2023-09-11 03:23:37 Finished transferring input files
...
001 (14268886.047.000) 2023-09-11 03:23:38 Job executing on host: <128.105.69.128:9618?addrs=128.105.69.128-9618+[2607-f388-2200-100-1270-fdff-fe56-642c]-9618&alias=e4077.chtc.wisc.edu&noUDP&sock=startd_22803_8a30>
	SlotName: slot1_76@e4077.chtc.wisc.edu
	CondorScratchDir = "/var/lib/condor/execute/slot1/dir_358948"
	Cpus = 1
	Disk = 1208198
	IoHeavy = 0
	Memory = 4096
...
006 (14268886.047.000) 2023-09-11 03:23:46 Image size of job updated: 538992
	527  -  MemoryUsage of job (MB)
	538992  -  ResidentSetSize of job (KB)
...
006 (14268886.047.000) 2023-09-11 03:24:51 Image size of job updated: 713352
	527  -  MemoryUsage of job (MB)
	539504  -  ResidentSetSize of job (KB)
...
040 (14268886.047.000) 2023-09-11 03:24:52 Started transferring output files
...
040 (14268886.047.000) 2023-09-11 03:24:52 Finished transferring output files
...
005 (14268886.047.000) 2023-09-11 03:24:52 Job terminated.
	(1) Normal termination (return value 0)
		Usr 0 00:01:07, Sys 0 00:00:03  -  Run Remote Usage
		Usr 0 00:00:00, Sys 0 00:00:00  -  Run Local Usage
		Usr 0 00:01:07, Sys 0 00:00:03  -  Total Remote Usage
		Usr 0 00:00:00, Sys 0 00:00:00  -  Total Local Usage
	94316  -  Run Bytes Sent By Job
	32720416  -  Run Bytes Received By Job
	94316  -  Total Bytes Sent By Job
	32720416  -  Total Bytes Received By Job
	Partitionable Resources :     Usage  Request Allocated 
	   Cpus                 :      0.76        1         1 
	   Disk (KB)            : 261260      524288   1208198 
	   IoHeavy              :                            0 
	   Memory (MB)          :    527        4096      4096 

	Job terminated of its own accord at 2023-09-11T08:24:51Z with exit-code 0.
...
