000 (13655293.188.000) 2023-09-05 00:33:11 Job submitted from host: <128.104.101.92:9618?addrs=128.104.101.92-9618+[2607-f388-107c-501-a236-9fff-fe3c-caa8]-9618&alias=submit2.chtc.wisc.edu&noUDP&sock=schedd_1879732_618e>
...
040 (13655293.188.000) 2023-09-05 00:41:45 Started transferring input files
	Transferring to host: <128.105.69.101:9618?addrs=128.105.69.101-9618+[2607-f388-2200-100-1270-fdff-fe56-bae4]-9618&alias=e4012.chtc.wisc.edu&noUDP&sock=slot1_56_2664981_f32c_54199>
...
040 (13655293.188.000) 2023-09-05 00:41:47 Finished transferring input files
...
001 (13655293.188.000) 2023-09-05 00:41:48 Job executing on host: <128.105.69.101:9618?addrs=128.105.69.101-9618+[2607-f388-2200-100-1270-fdff-fe56-bae4]-9618&alias=e4012.chtc.wisc.edu&noUDP&sock=startd_15697_6a33>
	SlotName: slot1_56@e4012.chtc.wisc.edu
	CondorScratchDir = "/var/lib/condor/execute/slot1/dir_3689108"
	Cpus = 1
	Disk = 1208198
	IoHeavy = 0
	Memory = 4096
...
006 (13655293.188.000) 2023-09-05 00:41:56 Image size of job updated: 732592
	716  -  MemoryUsage of job (MB)
	732588  -  ResidentSetSize of job (KB)
...
006 (13655293.188.000) 2023-09-05 00:46:56 Image size of job updated: 1297440
	1072  -  MemoryUsage of job (MB)
	1097528  -  ResidentSetSize of job (KB)
...
006 (13655293.188.000) 2023-09-05 00:51:57 Image size of job updated: 1297440
	1081  -  MemoryUsage of job (MB)
	1106488  -  ResidentSetSize of job (KB)
...
006 (13655293.188.000) 2023-09-05 00:56:58 Image size of job updated: 1297440
	1092  -  MemoryUsage of job (MB)
	1117312  -  ResidentSetSize of job (KB)
...
006 (13655293.188.000) 2023-09-05 01:06:59 Image size of job updated: 1297440
	1094  -  MemoryUsage of job (MB)
	1119688  -  ResidentSetSize of job (KB)
...
006 (13655293.188.000) 2023-09-05 19:17:01 Image size of job updated: 1396456
	1094  -  MemoryUsage of job (MB)
	1119688  -  ResidentSetSize of job (KB)
...
040 (13655293.188.000) 2023-09-05 19:17:01 Started transferring output files
...
040 (13655293.188.000) 2023-09-05 19:17:01 Finished transferring output files
...
005 (13655293.188.000) 2023-09-05 19:17:01 Job terminated.
	(1) Normal termination (return value 0)
		Usr 0 18:16:33, Sys 0 00:02:51  -  Run Remote Usage
		Usr 0 00:00:00, Sys 0 00:00:00  -  Run Local Usage
		Usr 0 18:16:33, Sys 0 00:02:51  -  Total Remote Usage
		Usr 0 00:00:00, Sys 0 00:00:00  -  Total Local Usage
	1309520  -  Run Bytes Sent By Job
	32652772  -  Run Bytes Received By Job
	1309520  -  Total Bytes Sent By Job
	32652772  -  Total Bytes Received By Job
	Partitionable Resources :     Usage  Request Allocated 
	   Cpus                 :      0.99        1         1 
	   Disk (KB)            : 274893      524288   1208198 
	   IoHeavy              :                            0 
	   Memory (MB)          :   1094        4096      4096 

	Job terminated of its own accord at 2023-09-06T00:17:01Z with exit-code 0.
...
