000 (13655293.451.000) 2023-09-05 00:33:11 Job submitted from host: <128.104.101.92:9618?addrs=128.104.101.92-9618+[2607-f388-107c-501-a236-9fff-fe3c-caa8]-9618&alias=submit2.chtc.wisc.edu&noUDP&sock=schedd_1879732_618e>
...
040 (13655293.451.000) 2023-09-05 00:56:18 Started transferring input files
	Transferring to host: <128.105.69.163:9618?addrs=128.105.69.163-9618+[2607-f388-2200-100-1270-fdff-fe56-c6f4]-9618&alias=e4096.chtc.wisc.edu&noUDP&sock=slot1_124_561226_3cdf_68598>
...
001 (13655293.451.000) 2023-09-05 00:56:41 Job executing on host: <128.105.69.163:9618?addrs=128.105.69.163-9618+[2607-f388-2200-100-1270-fdff-fe56-c6f4]-9618&alias=e4096.chtc.wisc.edu&noUDP&sock=startd_18840_405d>
	SlotName: slot1_124@e4096.chtc.wisc.edu
	CondorScratchDir = "/var/lib/condor/execute/slot1/dir_3962304"
	Cpus = 1
	Disk = 1208198
	IoHeavy = 0
	Memory = 4096
...
040 (13655293.451.000) 2023-09-05 00:56:41 Finished transferring input files
...
006 (13655293.451.000) 2023-09-05 00:56:50 Image size of job updated: 696280
	680  -  MemoryUsage of job (MB)
	696280  -  ResidentSetSize of job (KB)
...
006 (13655293.451.000) 2023-09-05 01:01:51 Image size of job updated: 1281864
	1053  -  MemoryUsage of job (MB)
	1077760  -  ResidentSetSize of job (KB)
...
006 (13655293.451.000) 2023-09-05 01:06:51 Image size of job updated: 1281864
	1092  -  MemoryUsage of job (MB)
	1117440  -  ResidentSetSize of job (KB)
...
006 (13655293.451.000) 2023-09-05 04:22:07 Image size of job updated: 1281864
	1092  -  MemoryUsage of job (MB)
	1117992  -  ResidentSetSize of job (KB)
...
006 (13655293.451.000) 2023-09-06 00:13:33 Image size of job updated: 1354156
	1092  -  MemoryUsage of job (MB)
	1117992  -  ResidentSetSize of job (KB)
...
040 (13655293.451.000) 2023-09-06 00:13:33 Started transferring output files
...
040 (13655293.451.000) 2023-09-06 00:13:33 Finished transferring output files
...
005 (13655293.451.000) 2023-09-06 00:13:33 Job terminated.
	(1) Normal termination (return value 0)
		Usr 0 22:45:45, Sys 0 00:06:33  -  Run Remote Usage
		Usr 0 00:00:00, Sys 0 00:00:00  -  Run Local Usage
		Usr 0 22:45:45, Sys 0 00:06:33  -  Total Remote Usage
		Usr 0 00:00:00, Sys 0 00:00:00  -  Total Local Usage
	1309493  -  Run Bytes Sent By Job
	32652772  -  Run Bytes Received By Job
	1309493  -  Total Bytes Sent By Job
	32652772  -  Total Bytes Received By Job
	Partitionable Resources :     Usage  Request Allocated 
	   Cpus                 :      0.99        1         1 
	   Disk (KB)            : 274881      524288   1208198 
	   IoHeavy              :                            0 
	   Memory (MB)          :   1092        4096      4096 

	Job terminated of its own accord at 2023-09-06T05:13:33Z with exit-code 0.
...
