000 (13655293.482.000) 2023-09-05 00:33:11 Job submitted from host: <128.104.101.92:9618?addrs=128.104.101.92-9618+[2607-f388-107c-501-a236-9fff-fe3c-caa8]-9618&alias=submit2.chtc.wisc.edu&noUDP&sock=schedd_1879732_618e>
...
040 (13655293.482.000) 2023-09-05 00:57:27 Started transferring input files
	Transferring to host: <128.105.69.221:9618?addrs=128.105.69.221-9618+[2607-f388-2200-100-eaeb-d3ff-fe40-2304]-9618&alias=e2604.chtc.wisc.edu&noUDP&sock=slot1_94_1223419_1c6f_62204>
...
040 (13655293.482.000) 2023-09-05 00:57:33 Finished transferring input files
...
001 (13655293.482.000) 2023-09-05 00:57:58 Job executing on host: <128.105.69.221:9618?addrs=128.105.69.221-9618+[2607-f388-2200-100-eaeb-d3ff-fe40-2304]-9618&alias=e2604.chtc.wisc.edu&noUDP&sock=startd_18650_ed5f>
	SlotName: slot1_94@e2604.chtc.wisc.edu
	CondorScratchDir = "/var/lib/condor/execute/slot1/dir_4163066"
	Cpus = 1
	Disk = 1458998
	IoHeavy = 0
	Memory = 4096
...
006 (13655293.482.000) 2023-09-05 00:58:07 Image size of job updated: 701160
	685  -  MemoryUsage of job (MB)
	701160  -  ResidentSetSize of job (KB)
...
006 (13655293.482.000) 2023-09-05 01:03:08 Image size of job updated: 1275560
	1043  -  MemoryUsage of job (MB)
	1067360  -  ResidentSetSize of job (KB)
...
006 (13655293.482.000) 2023-09-05 01:08:08 Image size of job updated: 1275560
	1071  -  MemoryUsage of job (MB)
	1096288  -  ResidentSetSize of job (KB)
...
006 (13655293.482.000) 2023-09-05 01:13:08 Image size of job updated: 1275560
	1085  -  MemoryUsage of job (MB)
	1110420  -  ResidentSetSize of job (KB)
...
006 (13655293.482.000) 2023-09-05 01:33:11 Image size of job updated: 1275560
	1085  -  MemoryUsage of job (MB)
	1110952  -  ResidentSetSize of job (KB)
...
006 (13655293.482.000) 2023-09-05 22:07:54 Image size of job updated: 1415936
	1085  -  MemoryUsage of job (MB)
	1110952  -  ResidentSetSize of job (KB)
...
040 (13655293.482.000) 2023-09-05 22:07:54 Started transferring output files
...
040 (13655293.482.000) 2023-09-05 22:07:54 Finished transferring output files
...
005 (13655293.482.000) 2023-09-05 22:07:54 Job terminated.
	(1) Normal termination (return value 0)
		Usr 0 20:45:27, Sys 0 00:04:05  -  Run Remote Usage
		Usr 0 00:00:00, Sys 0 00:00:00  -  Run Local Usage
		Usr 0 20:45:27, Sys 0 00:04:05  -  Total Remote Usage
		Usr 0 00:00:00, Sys 0 00:00:00  -  Total Local Usage
	1309513  -  Run Bytes Sent By Job
	32652772  -  Run Bytes Received By Job
	1309513  -  Total Bytes Sent By Job
	32652772  -  Total Bytes Received By Job
	Partitionable Resources :     Usage  Request Allocated 
	   Cpus                 :      0.99        1         1 
	   Disk (KB)            : 274887      524288   1458998 
	   IoHeavy              :                            0 
	   Memory (MB)          :   1085        4096      4096 

	Job terminated of its own accord at 2023-09-06T03:07:54Z with exit-code 0.
...
