000 (14312692.005.000) 2023-09-11 11:54:29 Job submitted from host: <128.104.101.92:9618?addrs=128.104.101.92-9618+[2607-f388-107c-501-a236-9fff-fe3c-caa8]-9618&alias=submit2.chtc.wisc.edu&noUDP&sock=schedd_1879732_618e>
...
040 (14312692.005.000) 2023-09-11 12:00:34 Started transferring input files
	Transferring to host: <128.105.69.211:9618?addrs=128.105.69.211-9618+[2607-f388-2200-100-eaeb-d3ff-fe40-8bc]-9618&alias=e2594.chtc.wisc.edu&noUDP&sock=slot1_64_3088281_17e9_89440>
...
040 (14312692.005.000) 2023-09-11 12:00:37 Finished transferring input files
...
001 (14312692.005.000) 2023-09-11 12:00:40 Job executing on host: <128.105.69.211:9618?addrs=128.105.69.211-9618+[2607-f388-2200-100-eaeb-d3ff-fe40-8bc]-9618&alias=e2594.chtc.wisc.edu&noUDP&sock=startd_18787_e5d8>
	SlotName: slot1_64@e2594.chtc.wisc.edu
	CondorScratchDir = "/var/lib/condor/execute/slot1/dir_758664"
	Cpus = 1
	Disk = 1458998
	IoHeavy = 0
	Memory = 4096
...
006 (14312692.005.000) 2023-09-11 12:00:49 Image size of job updated: 705596
	690  -  MemoryUsage of job (MB)
	705596  -  ResidentSetSize of job (KB)
...
006 (14312692.005.000) 2023-09-11 12:05:50 Image size of job updated: 829092
	690  -  MemoryUsage of job (MB)
	706364  -  ResidentSetSize of job (KB)
...
040 (14312692.005.000) 2023-09-11 12:16:53 Started transferring output files
...
040 (14312692.005.000) 2023-09-11 12:16:53 Finished transferring output files
...
005 (14312692.005.000) 2023-09-11 12:16:53 Job terminated.
	(1) Normal termination (return value 0)
		Usr 0 00:15:55, Sys 0 00:00:04  -  Run Remote Usage
		Usr 0 00:00:00, Sys 0 00:00:00  -  Run Local Usage
		Usr 0 00:15:55, Sys 0 00:00:04  -  Total Remote Usage
		Usr 0 00:00:00, Sys 0 00:00:00  -  Total Local Usage
	388418  -  Run Bytes Sent By Job
	32720412  -  Run Bytes Received By Job
	388418  -  Total Bytes Sent By Job
	32720412  -  Total Bytes Received By Job
	Partitionable Resources :     Usage  Request Allocated 
	   Cpus                 :      0.98        1         1 
	   Disk (KB)            : 261546      524288   1458998 
	   IoHeavy              :                            0 
	   Memory (MB)          :    690        4096      4096 

	Job terminated of its own accord at 2023-09-11T17:16:53Z with exit-code 0.
...
