000 (13648508.085.000) 2023-09-04 23:50:03 Job submitted from host: <128.104.101.92:9618?addrs=128.104.101.92-9618+[2607-f388-107c-501-a236-9fff-fe3c-caa8]-9618&alias=submit2.chtc.wisc.edu&noUDP&sock=schedd_1879732_618e>
...
040 (13648508.085.000) 2023-09-05 00:09:57 Started transferring input files
	Transferring to host: <128.105.69.112:9618?addrs=128.105.69.112-9618+[2607-f388-2200-100-1270-fdff-fe56-c354]-9618&alias=e4061.chtc.wisc.edu&noUDP&sock=slot1_18_538946_f655_14328>
...
040 (13648508.085.000) 2023-09-05 00:09:59 Finished transferring input files
...
001 (13648508.085.000) 2023-09-05 00:10:00 Job executing on host: <128.105.69.112:9618?addrs=128.105.69.112-9618+[2607-f388-2200-100-1270-fdff-fe56-c354]-9618&alias=e4061.chtc.wisc.edu&noUDP&sock=startd_22836_2cd0>
	SlotName: slot1_18@e4061.chtc.wisc.edu
	CondorScratchDir = "/var/lib/condor/execute/slot1/dir_2181133"
	Cpus = 1
	Disk = 1208198
	IoHeavy = 0
	Memory = 4096
...
006 (13648508.085.000) 2023-09-05 00:10:09 Image size of job updated: 273296
	165  -  MemoryUsage of job (MB)
	168584  -  ResidentSetSize of job (KB)
...
040 (13648508.085.000) 2023-09-05 00:11:09 Started transferring output files
...
040 (13648508.085.000) 2023-09-05 00:11:09 Finished transferring output files
...
005 (13648508.085.000) 2023-09-05 00:11:09 Job terminated.
	(1) Normal termination (return value 0)
		Usr 0 00:01:05, Sys 0 00:00:00  -  Run Remote Usage
		Usr 0 00:00:00, Sys 0 00:00:00  -  Run Local Usage
		Usr 0 00:01:05, Sys 0 00:00:00  -  Total Remote Usage
		Usr 0 00:00:00, Sys 0 00:00:00  -  Total Local Usage
	29394  -  Run Bytes Sent By Job
	32665120  -  Run Bytes Received By Job
	29394  -  Total Bytes Sent By Job
	32665120  -  Total Bytes Received By Job
	Partitionable Resources :    Usage  Request Allocated 
	   Cpus                 :                 1         1 
	   Disk (KB)            :   254934   524288   1208198 
	   IoHeavy              :                           0 
	   Memory (MB)          :      165     4096      4096 

	Job terminated of its own accord at 2023-09-05T05:11:09Z with exit-code 0.
...
