000 (13648508.041.000) 2023-09-04 23:50:03 Job submitted from host: <128.104.101.92:9618?addrs=128.104.101.92-9618+[2607-f388-107c-501-a236-9fff-fe3c-caa8]-9618&alias=submit2.chtc.wisc.edu&noUDP&sock=schedd_1879732_618e>
...
040 (13648508.041.000) 2023-09-05 00:07:01 Started transferring input files
	Transferring to host: <128.105.69.214:9618?addrs=128.105.69.214-9618+[2607-f388-2200-100-eaeb-d3ff-fe3f-fbf4]-9618&alias=e2597.chtc.wisc.edu&noUDP&sock=slot1_23_1690718_87ca_60735>
...
040 (13648508.041.000) 2023-09-05 00:07:04 Finished transferring input files
...
001 (13648508.041.000) 2023-09-05 00:07:05 Job executing on host: <128.105.69.214:9618?addrs=128.105.69.214-9618+[2607-f388-2200-100-eaeb-d3ff-fe3f-fbf4]-9618&alias=e2597.chtc.wisc.edu&noUDP&sock=startd_18862_5773>
	SlotName: slot1_23@e2597.chtc.wisc.edu
	CondorScratchDir = "/var/lib/condor/execute/slot1/dir_1422347"
	Cpus = 1
	Disk = 1458998
	IoHeavy = 0
	Memory = 4096
...
006 (13648508.041.000) 2023-09-05 00:07:14 Image size of job updated: 380484
	275  -  MemoryUsage of job (MB)
	280976  -  ResidentSetSize of job (KB)
...
040 (13648508.041.000) 2023-09-05 00:09:37 Started transferring output files
...
040 (13648508.041.000) 2023-09-05 00:09:37 Finished transferring output files
...
005 (13648508.041.000) 2023-09-05 00:09:37 Job terminated.
	(1) Normal termination (return value 0)
		Usr 0 00:02:27, Sys 0 00:00:01  -  Run Remote Usage
		Usr 0 00:00:00, Sys 0 00:00:00  -  Run Local Usage
		Usr 0 00:02:27, Sys 0 00:00:01  -  Total Remote Usage
		Usr 0 00:00:00, Sys 0 00:00:00  -  Total Local Usage
	30690  -  Run Bytes Sent By Job
	32665120  -  Run Bytes Received By Job
	30690  -  Total Bytes Sent By Job
	32665120  -  Total Bytes Received By Job
	Partitionable Resources :    Usage  Request Allocated 
	   Cpus                 :                 1         1 
	   Disk (KB)            :   254935   524288   1458998 
	   IoHeavy              :                           0 
	   Memory (MB)          :      275     4096      4096 

	Job terminated of its own accord at 2023-09-05T05:09:37Z with exit-code 0.
...
