000 (13655293.036.000) 2023-09-05 00:33:11 Job submitted from host: <128.104.101.92:9618?addrs=128.104.101.92-9618+[2607-f388-107c-501-a236-9fff-fe3c-caa8]-9618&alias=submit2.chtc.wisc.edu&noUDP&sock=schedd_1879732_618e>
...
040 (13655293.036.000) 2023-09-05 00:36:11 Started transferring input files
	Transferring to host: <128.105.69.148:9618?addrs=128.105.69.148-9618+[2607-f388-2200-100-1270-fdff-fe56-ceec]-9618&alias=build4001.chtc.wisc.edu&noUDP&sock=slot3_44_2852113_5f65_68829>
...
040 (13655293.036.000) 2023-09-05 00:36:13 Finished transferring input files
...
001 (13655293.036.000) 2023-09-05 00:36:19 Job executing on host: <128.105.69.148:9618?addrs=128.105.69.148-9618+[2607-f388-2200-100-1270-fdff-fe56-ceec]-9618&alias=build4001.chtc.wisc.edu&noUDP&sock=startd_16163_0d56>
	SlotName: slot3_44@build4001.chtc.wisc.edu
	CondorScratchDir = "/var/lib/condor/execute/slot3/dir_880633"
	Cpus = 1
	Disk = 1208198
	IoHeavy = 0
	Memory = 4096
...
006 (13655293.036.000) 2023-09-05 00:36:28 Image size of job updated: 685076
	670  -  MemoryUsage of job (MB)
	685072  -  ResidentSetSize of job (KB)
...
006 (13655293.036.000) 2023-09-05 00:41:28 Image size of job updated: 1283604
	1065  -  MemoryUsage of job (MB)
	1090188  -  ResidentSetSize of job (KB)
...
006 (13655293.036.000) 2023-09-05 00:46:28 Image size of job updated: 1283604
	1081  -  MemoryUsage of job (MB)
	1106336  -  ResidentSetSize of job (KB)
...
006 (13655293.036.000) 2023-09-05 00:51:29 Image size of job updated: 1283604
	1088  -  MemoryUsage of job (MB)
	1113760  -  ResidentSetSize of job (KB)
...
006 (13655293.036.000) 2023-09-05 19:25:29 Image size of job updated: 1412604
	1088  -  MemoryUsage of job (MB)
	1113760  -  ResidentSetSize of job (KB)
...
040 (13655293.036.000) 2023-09-05 19:25:29 Started transferring output files
...
040 (13655293.036.000) 2023-09-05 19:25:29 Finished transferring output files
...
005 (13655293.036.000) 2023-09-05 19:25:29 Job terminated.
	(1) Normal termination (return value 0)
		Usr 0 18:28:25, Sys 0 00:05:04  -  Run Remote Usage
		Usr 0 00:00:00, Sys 0 00:00:00  -  Run Local Usage
		Usr 0 18:28:25, Sys 0 00:05:04  -  Total Remote Usage
		Usr 0 00:00:00, Sys 0 00:00:00  -  Total Local Usage
	1309279  -  Run Bytes Sent By Job
	32652772  -  Run Bytes Received By Job
	1309279  -  Total Bytes Sent By Job
	32652772  -  Total Bytes Received By Job
	Partitionable Resources :     Usage  Request Allocated 
	   Cpus                 :      0.99        1         1 
	   Disk (KB)            : 274898      524288   1208198 
	   IoHeavy              :                            0 
	   Memory (MB)          :   1088        4096      4096 

	Job terminated of its own accord at 2023-09-06T00:25:29Z with exit-code 0.
...
