000 (13655293.413.000) 2023-09-05 00:33:11 Job submitted from host: <128.104.101.92:9618?addrs=128.104.101.92-9618+[2607-f388-107c-501-a236-9fff-fe3c-caa8]-9618&alias=submit2.chtc.wisc.edu&noUDP&sock=schedd_1879732_618e>
...
040 (13655293.413.000) 2023-09-05 00:54:29 Started transferring input files
	Transferring to host: <128.105.69.157:9618?addrs=128.105.69.157-9618+[2607-f388-2200-100-1270-fdff-fe56-c3a4]-9618&alias=e4090.chtc.wisc.edu&noUDP&sock=slot1_99_1363133_4360_49246>
...
040 (13655293.413.000) 2023-09-05 00:54:31 Finished transferring input files
...
001 (13655293.413.000) 2023-09-05 00:54:34 Job executing on host: <128.105.69.157:9618?addrs=128.105.69.157-9618+[2607-f388-2200-100-1270-fdff-fe56-c3a4]-9618&alias=e4090.chtc.wisc.edu&noUDP&sock=startd_18322_f24e>
	SlotName: slot1_99@e4090.chtc.wisc.edu
	CondorScratchDir = "/var/lib/condor/execute/slot1/dir_547799"
	Cpus = 1
	Disk = 1208198
	IoHeavy = 0
	Memory = 4096
...
006 (13655293.413.000) 2023-09-05 00:54:43 Image size of job updated: 671244
	656  -  MemoryUsage of job (MB)
	671244  -  ResidentSetSize of job (KB)
...
006 (13655293.413.000) 2023-09-05 00:59:44 Image size of job updated: 1194768
	1167  -  MemoryUsage of job (MB)
	1194768  -  ResidentSetSize of job (KB)
...
006 (13655293.413.000) 2023-09-05 01:04:44 Image size of job updated: 1267316
	1238  -  MemoryUsage of job (MB)
	1267176  -  ResidentSetSize of job (KB)
...
006 (13655293.413.000) 2023-09-05 01:09:46 Image size of job updated: 1281252
	1238  -  MemoryUsage of job (MB)
	1267176  -  ResidentSetSize of job (KB)
...
006 (13655293.413.000) 2023-09-06 00:32:55 Image size of job updated: 1405932
	1238  -  MemoryUsage of job (MB)
	1267176  -  ResidentSetSize of job (KB)
...
040 (13655293.413.000) 2023-09-06 00:32:55 Started transferring output files
...
040 (13655293.413.000) 2023-09-06 00:32:55 Finished transferring output files
...
005 (13655293.413.000) 2023-09-06 00:32:57 Job terminated.
	(1) Normal termination (return value 0)
		Usr 0 23:15:29, Sys 0 00:05:58  -  Run Remote Usage
		Usr 0 00:00:00, Sys 0 00:00:00  -  Run Local Usage
		Usr 0 23:15:29, Sys 0 00:05:58  -  Total Remote Usage
		Usr 0 00:00:00, Sys 0 00:00:00  -  Total Local Usage
	1309555  -  Run Bytes Sent By Job
	32652772  -  Run Bytes Received By Job
	1309555  -  Total Bytes Sent By Job
	32652772  -  Total Bytes Received By Job
	Partitionable Resources :     Usage  Request Allocated 
	   Cpus                 :      1.00        1         1 
	   Disk (KB)            : 274915      524288   1208198 
	   IoHeavy              :                            0 
	   Memory (MB)          :   1238        4096      4096 

	Job terminated of its own accord at 2023-09-06T05:32:55Z with exit-code 0.
...
