000 (13655293.489.000) 2023-09-05 00:33:11 Job submitted from host: <128.104.101.92:9618?addrs=128.104.101.92-9618+[2607-f388-107c-501-a236-9fff-fe3c-caa8]-9618&alias=submit2.chtc.wisc.edu&noUDP&sock=schedd_1879732_618e>
...
040 (13655293.489.000) 2023-09-05 00:57:58 Started transferring input files
	Transferring to host: <128.105.69.244:9618?addrs=128.105.69.244-9618+[2607-f388-2200-100-eaeb-d3ff-fe40-205c]-9618&alias=e2627.chtc.wisc.edu&noUDP&sock=slot1_44_3017498_110b_52034>
...
001 (13655293.489.000) 2023-09-05 00:58:55 Job executing on host: <128.105.69.244:9618?addrs=128.105.69.244-9618+[2607-f388-2200-100-eaeb-d3ff-fe40-205c]-9618&alias=e2627.chtc.wisc.edu&noUDP&sock=startd_18898_08dc>
	SlotName: slot1_44@e2627.chtc.wisc.edu
	CondorScratchDir = "/var/lib/condor/execute/slot1/dir_93213"
	Cpus = 1
	Disk = 1458998
	IoHeavy = 0
	Memory = 4096
...
040 (13655293.489.000) 2023-09-05 00:58:55 Finished transferring input files
...
006 (13655293.489.000) 2023-09-05 00:59:03 Image size of job updated: 697620
	682  -  MemoryUsage of job (MB)
	697620  -  ResidentSetSize of job (KB)
...
006 (13655293.489.000) 2023-09-05 01:04:04 Image size of job updated: 1267276
	1238  -  MemoryUsage of job (MB)
	1267272  -  ResidentSetSize of job (KB)
...
006 (13655293.489.000) 2023-09-05 01:09:04 Image size of job updated: 1289540
	1238  -  MemoryUsage of job (MB)
	1267272  -  ResidentSetSize of job (KB)
...
006 (13655293.489.000) 2023-09-06 00:07:48 Image size of job updated: 1409456
	1238  -  MemoryUsage of job (MB)
	1267272  -  ResidentSetSize of job (KB)
...
040 (13655293.489.000) 2023-09-06 00:07:48 Started transferring output files
...
040 (13655293.489.000) 2023-09-06 00:07:48 Finished transferring output files
...
005 (13655293.489.000) 2023-09-06 00:07:48 Job terminated.
	(1) Normal termination (return value 0)
		Usr 0 22:39:29, Sys 0 00:04:41  -  Run Remote Usage
		Usr 0 00:00:00, Sys 0 00:00:00  -  Run Local Usage
		Usr 0 22:39:29, Sys 0 00:04:41  -  Total Remote Usage
		Usr 0 00:00:00, Sys 0 00:00:00  -  Total Local Usage
	1309490  -  Run Bytes Sent By Job
	32652772  -  Run Bytes Received By Job
	1309490  -  Total Bytes Sent By Job
	32652772  -  Total Bytes Received By Job
	Partitionable Resources :     Usage  Request Allocated 
	   Cpus                 :      0.99        1         1 
	   Disk (KB)            : 274907      524288   1458998 
	   IoHeavy              :                            0 
	   Memory (MB)          :   1238        4096      4096 

	Job terminated of its own accord at 2023-09-06T05:07:48Z with exit-code 0.
...
