000 (14268886.051.000) 2023-09-11 03:21:39 Job submitted from host: <128.104.101.92:9618?addrs=128.104.101.92-9618+[2607-f388-107c-501-a236-9fff-fe3c-caa8]-9618&alias=submit2.chtc.wisc.edu&noUDP&sock=schedd_1879732_618e>
...
040 (14268886.051.000) 2023-09-11 03:25:17 Started transferring input files
	Transferring to host: <128.105.69.182:9618?addrs=128.105.69.182-9618+[2607-f388-2200-100-1270-fdff-fe56-c344]-9618&alias=e2565.chtc.wisc.edu&noUDP&sock=slot1_72_896567_4f04_78910>
...
040 (14268886.051.000) 2023-09-11 03:25:18 Finished transferring input files
...
001 (14268886.051.000) 2023-09-11 03:25:19 Job executing on host: <128.105.69.182:9618?addrs=128.105.69.182-9618+[2607-f388-2200-100-1270-fdff-fe56-c344]-9618&alias=e2565.chtc.wisc.edu&noUDP&sock=startd_12827_d564>
	SlotName: slot1_72@e2565.chtc.wisc.edu
	CondorScratchDir = "/var/lib/condor/execute/slot1/dir_1576988"
	Cpus = 1
	Disk = 1208198
	IoHeavy = 0
	Memory = 4096
...
006 (14268886.051.000) 2023-09-11 03:25:29 Image size of job updated: 758988
	742  -  MemoryUsage of job (MB)
	758988  -  ResidentSetSize of job (KB)
...
006 (14268886.051.000) 2023-09-11 03:26:47 Image size of job updated: 809580
	742  -  MemoryUsage of job (MB)
	759500  -  ResidentSetSize of job (KB)
...
040 (14268886.051.000) 2023-09-11 03:26:47 Started transferring output files
...
040 (14268886.051.000) 2023-09-11 03:26:47 Finished transferring output files
...
005 (14268886.051.000) 2023-09-11 03:26:47 Job terminated.
	(1) Normal termination (return value 0)
		Usr 0 00:01:22, Sys 0 00:00:02  -  Run Remote Usage
		Usr 0 00:00:00, Sys 0 00:00:00  -  Run Local Usage
		Usr 0 00:01:22, Sys 0 00:00:02  -  Total Remote Usage
		Usr 0 00:00:00, Sys 0 00:00:00  -  Total Local Usage
	94623  -  Run Bytes Sent By Job
	32720416  -  Run Bytes Received By Job
	94623  -  Total Bytes Sent By Job
	32720416  -  Total Bytes Received By Job
	Partitionable Resources :     Usage  Request Allocated 
	   Cpus                 :      0.99        1         1 
	   Disk (KB)            : 261261      524288   1208198 
	   IoHeavy              :                            0 
	   Memory (MB)          :    742        4096      4096 

	Job terminated of its own accord at 2023-09-11T08:26:47Z with exit-code 0.
...
