000 (13655293.112.000) 2023-09-05 00:33:11 Job submitted from host: <128.104.101.92:9618?addrs=128.104.101.92-9618+[2607-f388-107c-501-a236-9fff-fe3c-caa8]-9618&alias=submit2.chtc.wisc.edu&noUDP&sock=schedd_1879732_618e>
...
040 (13655293.112.000) 2023-09-05 00:36:24 Started transferring input files
	Transferring to host: <128.105.69.189:9618?addrs=128.105.69.189-9618+[2607-f388-2200-100-1270-fdff-fe56-644c]-9618&alias=e4042.chtc.wisc.edu&noUDP&sock=slot1_83_3770169_e03a_55806>
...
001 (13655293.112.000) 2023-09-05 00:36:32 Job executing on host: <128.105.69.189:9618?addrs=128.105.69.189-9618+[2607-f388-2200-100-1270-fdff-fe56-644c]-9618&alias=e4042.chtc.wisc.edu&noUDP&sock=startd_15959_2004>
	SlotName: slot1_83@e4042.chtc.wisc.edu
	CondorScratchDir = "/var/lib/condor/execute/slot1/dir_3475083"
	Cpus = 1
	Disk = 1208198
	IoHeavy = 0
	Memory = 4096
...
040 (13655293.112.000) 2023-09-05 00:36:32 Finished transferring input files
...
006 (13655293.112.000) 2023-09-05 00:36:41 Image size of job updated: 715036
	699  -  MemoryUsage of job (MB)
	715036  -  ResidentSetSize of job (KB)
...
006 (13655293.112.000) 2023-09-05 00:41:42 Image size of job updated: 1282468
	1053  -  MemoryUsage of job (MB)
	1077996  -  ResidentSetSize of job (KB)
...
006 (13655293.112.000) 2023-09-05 00:46:42 Image size of job updated: 1282468
	1081  -  MemoryUsage of job (MB)
	1106496  -  ResidentSetSize of job (KB)
...
006 (13655293.112.000) 2023-09-05 00:51:43 Image size of job updated: 1282468
	1082  -  MemoryUsage of job (MB)
	1107008  -  ResidentSetSize of job (KB)
...
006 (13655293.112.000) 2023-09-05 01:01:45 Image size of job updated: 1282468
	1088  -  MemoryUsage of job (MB)
	1113556  -  ResidentSetSize of job (KB)
...
006 (13655293.112.000) 2023-09-05 02:16:52 Image size of job updated: 1282468
	1088  -  MemoryUsage of job (MB)
	1113560  -  ResidentSetSize of job (KB)
...
006 (13655293.112.000) 2023-09-05 05:17:11 Image size of job updated: 1282468
	1088  -  MemoryUsage of job (MB)
	1114080  -  ResidentSetSize of job (KB)
...
006 (13655293.112.000) 2023-09-05 06:07:18 Image size of job updated: 1282468
	1089  -  MemoryUsage of job (MB)
	1114188  -  ResidentSetSize of job (KB)
...
006 (13655293.112.000) 2023-09-05 08:12:31 Image size of job updated: 1282468
	1089  -  MemoryUsage of job (MB)
	1114196  -  ResidentSetSize of job (KB)
...
006 (13655293.112.000) 2023-09-06 00:07:22 Image size of job updated: 1374252
	1089  -  MemoryUsage of job (MB)
	1114196  -  ResidentSetSize of job (KB)
...
040 (13655293.112.000) 2023-09-06 00:07:23 Started transferring output files
...
040 (13655293.112.000) 2023-09-06 00:07:23 Finished transferring output files
...
005 (13655293.112.000) 2023-09-06 00:07:23 Job terminated.
	(1) Normal termination (return value 0)
		Usr 0 23:07:43, Sys 0 00:02:37  -  Run Remote Usage
		Usr 0 00:00:00, Sys 0 00:00:00  -  Run Local Usage
		Usr 0 23:07:43, Sys 0 00:02:37  -  Total Remote Usage
		Usr 0 00:00:00, Sys 0 00:00:00  -  Total Local Usage
	1309613  -  Run Bytes Sent By Job
	32652772  -  Run Bytes Received By Job
	1309613  -  Total Bytes Sent By Job
	32652772  -  Total Bytes Received By Job
	Partitionable Resources :     Usage  Request Allocated 
	   Cpus                 :      0.99        1         1 
	   Disk (KB)            : 274898      524288   1208198 
	   IoHeavy              :                            0 
	   Memory (MB)          :   1089        4096      4096 

	Job terminated of its own accord at 2023-09-06T05:07:22Z with exit-code 0.
...
