000 (13655293.141.000) 2023-09-05 00:33:11 Job submitted from host: <128.104.101.92:9618?addrs=128.104.101.92-9618+[2607-f388-107c-501-a236-9fff-fe3c-caa8]-9618&alias=submit2.chtc.wisc.edu&noUDP&sock=schedd_1879732_618e>
...
040 (13655293.141.000) 2023-09-05 00:38:56 Started transferring input files
	Transferring to host: <128.105.69.159:9618?addrs=128.105.69.159-9618+[2607-f388-2200-100-1270-fdff-fe56-c33c]-9618&alias=e4092.chtc.wisc.edu&noUDP&sock=slot1_7_3774938_115c_93949>
...
040 (13655293.141.000) 2023-09-05 00:38:58 Finished transferring input files
...
001 (13655293.141.000) 2023-09-05 00:38:59 Job executing on host: <128.105.69.159:9618?addrs=128.105.69.159-9618+[2607-f388-2200-100-1270-fdff-fe56-c33c]-9618&alias=e4092.chtc.wisc.edu&noUDP&sock=startd_17137_2294>
	SlotName: slot1_7@e4092.chtc.wisc.edu
	CondorScratchDir = "/var/lib/condor/execute/slot1/dir_3195355"
	Cpus = 1
	Disk = 1208198
	IoHeavy = 0
	Memory = 4096
...
006 (13655293.141.000) 2023-09-05 00:39:08 Image size of job updated: 554768
	542  -  MemoryUsage of job (MB)
	554768  -  ResidentSetSize of job (KB)
...
006 (13655293.141.000) 2023-09-05 00:44:08 Image size of job updated: 1180932
	945  -  MemoryUsage of job (MB)
	967356  -  ResidentSetSize of job (KB)
...
006 (13655293.141.000) 2023-09-05 00:49:08 Image size of job updated: 1180932
	990  -  MemoryUsage of job (MB)
	1013520  -  ResidentSetSize of job (KB)
...
006 (13655293.141.000) 2023-09-05 01:24:12 Image size of job updated: 1180932
	990  -  MemoryUsage of job (MB)
	1013524  -  ResidentSetSize of job (KB)
...
006 (13655293.141.000) 2023-09-06 00:00:06 Image size of job updated: 1300952
	990  -  MemoryUsage of job (MB)
	1013524  -  ResidentSetSize of job (KB)
...
040 (13655293.141.000) 2023-09-06 00:00:06 Started transferring output files
...
040 (13655293.141.000) 2023-09-06 00:00:06 Finished transferring output files
...
005 (13655293.141.000) 2023-09-06 00:00:06 Job terminated.
	(1) Normal termination (return value 0)
		Usr 0 22:55:02, Sys 0 00:03:50  -  Run Remote Usage
		Usr 0 00:00:00, Sys 0 00:00:00  -  Run Local Usage
		Usr 0 22:55:02, Sys 0 00:03:50  -  Total Remote Usage
		Usr 0 00:00:00, Sys 0 00:00:00  -  Total Local Usage
	1309605  -  Run Bytes Sent By Job
	32652772  -  Run Bytes Received By Job
	1309605  -  Total Bytes Sent By Job
	32652772  -  Total Bytes Received By Job
	Partitionable Resources :     Usage  Request Allocated 
	   Cpus                 :      0.98        1         1 
	   Disk (KB)            : 274896      524288   1208198 
	   IoHeavy              :                            0 
	   Memory (MB)          :    990        4096      4096 

	Job terminated of its own accord at 2023-09-06T05:00:06Z with exit-code 0.
...
