000 (13655293.164.000) 2023-09-05 00:33:11 Job submitted from host: <128.104.101.92:9618?addrs=128.104.101.92-9618+[2607-f388-107c-501-a236-9fff-fe3c-caa8]-9618&alias=submit2.chtc.wisc.edu&noUDP&sock=schedd_1879732_618e>
...
040 (13655293.164.000) 2023-09-05 00:40:20 Started transferring input files
	Transferring to host: <128.105.69.224:9618?addrs=128.105.69.224-9618+[2607-f388-2200-100-eaeb-d3ff-fe40-1574]-9618&alias=e2607.chtc.wisc.edu&noUDP&sock=slot1_59_1087982_7e0c_42267>
...
040 (13655293.164.000) 2023-09-05 00:40:22 Finished transferring input files
...
001 (13655293.164.000) 2023-09-05 00:40:23 Job executing on host: <128.105.69.224:9618?addrs=128.105.69.224-9618+[2607-f388-2200-100-eaeb-d3ff-fe40-1574]-9618&alias=e2607.chtc.wisc.edu&noUDP&sock=startd_11673_491a>
	SlotName: slot1_59@e2607.chtc.wisc.edu
	CondorScratchDir = "/var/lib/condor/execute/slot1/dir_2331933"
	Cpus = 1
	Disk = 1458998
	IoHeavy = 0
	Memory = 4096
...
006 (13655293.164.000) 2023-09-05 00:40:32 Image size of job updated: 585724
	572  -  MemoryUsage of job (MB)
	585724  -  ResidentSetSize of job (KB)
...
006 (13655293.164.000) 2023-09-05 00:45:33 Image size of job updated: 1179412
	946  -  MemoryUsage of job (MB)
	968652  -  ResidentSetSize of job (KB)
...
006 (13655293.164.000) 2023-09-05 00:50:33 Image size of job updated: 1179412
	969  -  MemoryUsage of job (MB)
	991904  -  ResidentSetSize of job (KB)
...
006 (13655293.164.000) 2023-09-05 00:55:41 Image size of job updated: 1179412
	973  -  MemoryUsage of job (MB)
	996000  -  ResidentSetSize of job (KB)
...
006 (13655293.164.000) 2023-09-05 01:05:35 Image size of job updated: 1179412
	995  -  MemoryUsage of job (MB)
	1018596  -  ResidentSetSize of job (KB)
...
006 (13655293.164.000) 2023-09-06 00:01:19 Image size of job updated: 1308032
	995  -  MemoryUsage of job (MB)
	1018596  -  ResidentSetSize of job (KB)
...
040 (13655293.164.000) 2023-09-06 00:01:19 Started transferring output files
...
040 (13655293.164.000) 2023-09-06 00:01:19 Finished transferring output files
...
005 (13655293.164.000) 2023-09-06 00:01:19 Job terminated.
	(1) Normal termination (return value 0)
		Usr 0 22:59:17, Sys 0 00:03:37  -  Run Remote Usage
		Usr 0 00:00:00, Sys 0 00:00:00  -  Run Local Usage
		Usr 0 22:59:17, Sys 0 00:03:37  -  Total Remote Usage
		Usr 0 00:00:00, Sys 0 00:00:00  -  Total Local Usage
	1309534  -  Run Bytes Sent By Job
	32652772  -  Run Bytes Received By Job
	1309534  -  Total Bytes Sent By Job
	32652772  -  Total Bytes Received By Job
	Partitionable Resources :     Usage  Request Allocated 
	   Cpus                 :      0.99        1         1 
	   Disk (KB)            : 274899      524288   1458998 
	   IoHeavy              :                            0 
	   Memory (MB)          :    995        4096      4096 

	Job terminated of its own accord at 2023-09-06T05:01:19Z with exit-code 0.
...
