000 (13655293.005.000) 2023-09-05 00:33:11 Job submitted from host: <128.104.101.92:9618?addrs=128.104.101.92-9618+[2607-f388-107c-501-a236-9fff-fe3c-caa8]-9618&alias=submit2.chtc.wisc.edu&noUDP&sock=schedd_1879732_618e>
...
040 (13655293.005.000) 2023-09-05 00:35:53 Started transferring input files
	Transferring to host: <128.105.69.97:9618?addrs=128.105.69.97-9618+[2607-f388-2200-100-1270-fdff-fe56-6e54]-9618&alias=e4008.chtc.wisc.edu&noUDP&sock=slot1_16_1090882_ce01_49924>
...
040 (13655293.005.000) 2023-09-05 00:35:55 Finished transferring input files
...
001 (13655293.005.000) 2023-09-05 00:35:56 Job executing on host: <128.105.69.97:9618?addrs=128.105.69.97-9618+[2607-f388-2200-100-1270-fdff-fe56-6e54]-9618&alias=e4008.chtc.wisc.edu&noUDP&sock=startd_813426_2817>
	SlotName: slot1_16@e4008.chtc.wisc.edu
	CondorScratchDir = "/var/lib/condor/execute/slot1/dir_4039680"
	Cpus = 1
	Disk = 1208198
	IoHeavy = 0
	Memory = 4096
...
006 (13655293.005.000) 2023-09-05 00:36:05 Image size of job updated: 614360
	600  -  MemoryUsage of job (MB)
	614360  -  ResidentSetSize of job (KB)
...
006 (13655293.005.000) 2023-09-05 00:41:06 Image size of job updated: 1160840
	1098  -  MemoryUsage of job (MB)
	1123372  -  ResidentSetSize of job (KB)
...
006 (13655293.005.000) 2023-09-05 00:46:06 Image size of job updated: 1173788
	1098  -  MemoryUsage of job (MB)
	1123372  -  ResidentSetSize of job (KB)
...
006 (13655293.005.000) 2023-09-05 23:32:00 Image size of job updated: 1265636
	1098  -  MemoryUsage of job (MB)
	1123372  -  ResidentSetSize of job (KB)
...
040 (13655293.005.000) 2023-09-05 23:32:00 Started transferring output files
...
040 (13655293.005.000) 2023-09-05 23:32:00 Finished transferring output files
...
005 (13655293.005.000) 2023-09-05 23:32:00 Job terminated.
	(1) Normal termination (return value 0)
		Usr 0 22:32:34, Sys 0 00:06:26  -  Run Remote Usage
		Usr 0 00:00:00, Sys 0 00:00:00  -  Run Local Usage
		Usr 0 22:32:34, Sys 0 00:06:26  -  Total Remote Usage
		Usr 0 00:00:00, Sys 0 00:00:00  -  Total Local Usage
	1309734  -  Run Bytes Sent By Job
	32652772  -  Run Bytes Received By Job
	1309734  -  Total Bytes Sent By Job
	32652772  -  Total Bytes Received By Job
	Partitionable Resources :     Usage  Request Allocated 
	   Cpus                 :      0.99        1         1 
	   Disk (KB)            : 274889      524288   1208198 
	   IoHeavy              :                            0 
	   Memory (MB)          :   1098        4096      4096 

	Job terminated of its own accord at 2023-09-06T04:32:00Z with exit-code 0.
...
