000 (13655293.383.000) 2023-09-05 00:33:11 Job submitted from host: <128.104.101.92:9618?addrs=128.104.101.92-9618+[2607-f388-107c-501-a236-9fff-fe3c-caa8]-9618&alias=submit2.chtc.wisc.edu&noUDP&sock=schedd_1879732_618e>
...
040 (13655293.383.000) 2023-09-05 00:54:22 Started transferring input files
	Transferring to host: <128.105.69.145:9618?addrs=128.105.69.145-9618+[2607-f388-2200-100-1270-fdff-fe56-636c]-9618&alias=e4022.chtc.wisc.edu&noUDP&sock=slot1_91_1125863_1570_46232>
...
040 (13655293.383.000) 2023-09-05 00:54:24 Finished transferring input files
...
001 (13655293.383.000) 2023-09-05 00:54:25 Job executing on host: <128.105.69.145:9618?addrs=128.105.69.145-9618+[2607-f388-2200-100-1270-fdff-fe56-636c]-9618&alias=e4022.chtc.wisc.edu&noUDP&sock=startd_15926_7d64>
	SlotName: slot1_91@e4022.chtc.wisc.edu
	CondorScratchDir = "/var/lib/condor/execute/slot1/dir_1392780"
	Cpus = 1
	Disk = 1208198
	IoHeavy = 0
	Memory = 4096
...
006 (13655293.383.000) 2023-09-05 00:54:34 Image size of job updated: 602152
	588  -  MemoryUsage of job (MB)
	602092  -  ResidentSetSize of job (KB)
...
006 (13655293.383.000) 2023-09-05 00:59:35 Image size of job updated: 1183332
	954  -  MemoryUsage of job (MB)
	976380  -  ResidentSetSize of job (KB)
...
006 (13655293.383.000) 2023-09-05 01:04:35 Image size of job updated: 1183332
	971  -  MemoryUsage of job (MB)
	994240  -  ResidentSetSize of job (KB)
...
006 (13655293.383.000) 2023-09-05 01:14:36 Image size of job updated: 1183332
	972  -  MemoryUsage of job (MB)
	994608  -  ResidentSetSize of job (KB)
...
006 (13655293.383.000) 2023-09-05 01:19:36 Image size of job updated: 1183332
	976  -  MemoryUsage of job (MB)
	999168  -  ResidentSetSize of job (KB)
...
006 (13655293.383.000) 2023-09-05 01:24:37 Image size of job updated: 1183332
	977  -  MemoryUsage of job (MB)
	1000364  -  ResidentSetSize of job (KB)
...
006 (13655293.383.000) 2023-09-05 02:04:42 Image size of job updated: 1183332
	985  -  MemoryUsage of job (MB)
	1008512  -  ResidentSetSize of job (KB)
...
006 (13655293.383.000) 2023-09-05 23:26:45 Image size of job updated: 1304220
	985  -  MemoryUsage of job (MB)
	1008512  -  ResidentSetSize of job (KB)
...
040 (13655293.383.000) 2023-09-05 23:26:45 Started transferring output files
...
040 (13655293.383.000) 2023-09-05 23:26:45 Finished transferring output files
...
005 (13655293.383.000) 2023-09-05 23:26:45 Job terminated.
	(1) Normal termination (return value 0)
		Usr 0 22:09:12, Sys 0 00:06:55  -  Run Remote Usage
		Usr 0 00:00:00, Sys 0 00:00:00  -  Run Local Usage
		Usr 0 22:09:12, Sys 0 00:06:55  -  Total Remote Usage
		Usr 0 00:00:00, Sys 0 00:00:00  -  Total Local Usage
	1309386  -  Run Bytes Sent By Job
	32652772  -  Run Bytes Received By Job
	1309386  -  Total Bytes Sent By Job
	32652772  -  Total Bytes Received By Job
	Partitionable Resources :     Usage  Request Allocated 
	   Cpus                 :      0.99        1         1 
	   Disk (KB)            : 274884      524288   1208198 
	   IoHeavy              :                            0 
	   Memory (MB)          :    985        4096      4096 

	Job terminated of its own accord at 2023-09-06T04:26:45Z with exit-code 0.
...
