000 (14312692.063.000) 2023-09-11 11:54:29 Job submitted from host: <128.104.101.92:9618?addrs=128.104.101.92-9618+[2607-f388-107c-501-a236-9fff-fe3c-caa8]-9618&alias=submit2.chtc.wisc.edu&noUDP&sock=schedd_1879732_618e>
...
040 (14312692.063.000) 2023-09-11 12:01:50 Started transferring input files
	Transferring to host: <128.105.69.148:9618?addrs=128.105.69.148-9618+[2607-f388-2200-100-1270-fdff-fe56-ceec]-9618&alias=build4001.chtc.wisc.edu&noUDP&sock=slot3_95_2852113_5f65_106718>
...
040 (14312692.063.000) 2023-09-11 12:01:52 Finished transferring input files
...
001 (14312692.063.000) 2023-09-11 12:01:53 Job executing on host: <128.105.69.148:9618?addrs=128.105.69.148-9618+[2607-f388-2200-100-1270-fdff-fe56-ceec]-9618&alias=build4001.chtc.wisc.edu&noUDP&sock=startd_16163_0d56>
	SlotName: slot3_95@build4001.chtc.wisc.edu
	CondorScratchDir = "/var/lib/condor/execute/slot3/dir_2276753"
	Cpus = 1
	Disk = 1208198
	IoHeavy = 0
	Memory = 4096
...
006 (14312692.063.000) 2023-09-11 12:02:02 Image size of job updated: 690864
	675  -  MemoryUsage of job (MB)
	690864  -  ResidentSetSize of job (KB)
...
006 (14312692.063.000) 2023-09-11 12:03:33 Image size of job updated: 809616
	676  -  MemoryUsage of job (MB)
	691376  -  ResidentSetSize of job (KB)
...
040 (14312692.063.000) 2023-09-11 12:03:33 Started transferring output files
...
040 (14312692.063.000) 2023-09-11 12:03:33 Finished transferring output files
...
005 (14312692.063.000) 2023-09-11 12:03:33 Job terminated.
	(1) Normal termination (return value 0)
		Usr 0 00:01:33, Sys 0 00:00:03  -  Run Remote Usage
		Usr 0 00:00:00, Sys 0 00:00:00  -  Run Local Usage
		Usr 0 00:01:33, Sys 0 00:00:03  -  Total Remote Usage
		Usr 0 00:00:00, Sys 0 00:00:00  -  Total Local Usage
	105631  -  Run Bytes Sent By Job
	32720412  -  Run Bytes Received By Job
	105631  -  Total Bytes Sent By Job
	32720412  -  Total Bytes Received By Job
	Partitionable Resources :     Usage  Request Allocated 
	   Cpus                 :      0.93        1         1 
	   Disk (KB)            : 261271      524288   1208198 
	   IoHeavy              :                            0 
	   Memory (MB)          :    676        4096      4096 

	Job terminated of its own accord at 2023-09-11T17:03:33Z with exit-code 0.
...
