035 (13655293.-01.000) 2023-09-05 00:33:10 Cluster submitted from host: <128.104.101.92:9618?addrs=128.104.101.92-9618+[2607-f388-107c-501-a236-9fff-fe3c-caa8]-9618&alias=submit2.chtc.wisc.edu&noUDP&sock=schedd_1879732_618e>
...
000 (13655293.000.000) 2023-09-05 00:33:11 Job submitted from host: <128.104.101.92:9618?addrs=128.104.101.92-9618+[2607-f388-107c-501-a236-9fff-fe3c-caa8]-9618&alias=submit2.chtc.wisc.edu&noUDP&sock=schedd_1879732_618e>
...
040 (13655293.000.000) 2023-09-05 00:35:52 Started transferring input files
	Transferring to host: <128.105.69.145:9618?addrs=128.105.69.145-9618+[2607-f388-2200-100-1270-fdff-fe56-636c]-9618&alias=e4022.chtc.wisc.edu&noUDP&sock=slot1_45_1125863_1570_46200>
...
040 (13655293.000.000) 2023-09-05 00:35:54 Finished transferring input files
...
001 (13655293.000.000) 2023-09-05 00:35:55 Job executing on host: <128.105.69.145:9618?addrs=128.105.69.145-9618+[2607-f388-2200-100-1270-fdff-fe56-636c]-9618&alias=e4022.chtc.wisc.edu&noUDP&sock=startd_15926_7d64>
	SlotName: slot1_45@e4022.chtc.wisc.edu
	CondorScratchDir = "/var/lib/condor/execute/slot1/dir_1349520"
	Cpus = 1
	Disk = 1208198
	IoHeavy = 0
	Memory = 4096
...
006 (13655293.000.000) 2023-09-05 00:36:03 Image size of job updated: 579324
	566  -  MemoryUsage of job (MB)
	579324  -  ResidentSetSize of job (KB)
...
006 (13655293.000.000) 2023-09-05 00:41:03 Image size of job updated: 1194608
	964  -  MemoryUsage of job (MB)
	987044  -  ResidentSetSize of job (KB)
...
006 (13655293.000.000) 2023-09-05 00:46:04 Image size of job updated: 1194608
	974  -  MemoryUsage of job (MB)
	996948  -  ResidentSetSize of job (KB)
...
006 (13655293.000.000) 2023-09-05 00:51:04 Image size of job updated: 1194608
	990  -  MemoryUsage of job (MB)
	1013000  -  ResidentSetSize of job (KB)
...
006 (13655293.000.000) 2023-09-05 22:16:29 Image size of job updated: 1309608
	990  -  MemoryUsage of job (MB)
	1013000  -  ResidentSetSize of job (KB)
...
040 (13655293.000.000) 2023-09-05 22:16:29 Started transferring output files
...
040 (13655293.000.000) 2023-09-05 22:16:29 Finished transferring output files
...
005 (13655293.000.000) 2023-09-05 22:16:29 Job terminated.
	(1) Normal termination (return value 0)
		Usr 0 21:22:00, Sys 0 00:04:33  -  Run Remote Usage
		Usr 0 00:00:00, Sys 0 00:00:00  -  Run Local Usage
		Usr 0 21:22:00, Sys 0 00:04:33  -  Total Remote Usage
		Usr 0 00:00:00, Sys 0 00:00:00  -  Total Local Usage
	1309680  -  Run Bytes Sent By Job
	32652772  -  Run Bytes Received By Job
	1309680  -  Total Bytes Sent By Job
	32652772  -  Total Bytes Received By Job
	Partitionable Resources :     Usage  Request Allocated 
	   Cpus                 :      0.99        1         1 
	   Disk (KB)            : 274894      524288   1208198 
	   IoHeavy              :                            0 
	   Memory (MB)          :    990        4096      4096 

	Job terminated of its own accord at 2023-09-06T03:16:29Z with exit-code 0.
...
036 (13655293.-01.000) 2023-09-06 07:03:28 Cluster removed
	Materialized 500 jobs from -1 items.	Complete
...
