000 (13655293.052.000) 2023-09-05 00:33:11 Job submitted from host: <128.104.101.92:9618?addrs=128.104.101.92-9618+[2607-f388-107c-501-a236-9fff-fe3c-caa8]-9618&alias=submit2.chtc.wisc.edu&noUDP&sock=schedd_1879732_618e>
...
040 (13655293.052.000) 2023-09-05 00:36:10 Started transferring input files
	Transferring to host: <128.105.69.129:9618?addrs=128.105.69.129-9618+[2607-f388-2200-100-1270-fdff-fe56-6734]-9618&alias=e4078.chtc.wisc.edu&noUDP&sock=slot1_17_735766_7519_54960>
...
040 (13655293.052.000) 2023-09-05 00:36:12 Finished transferring input files
...
001 (13655293.052.000) 2023-09-05 00:36:18 Job executing on host: <128.105.69.129:9618?addrs=128.105.69.129-9618+[2607-f388-2200-100-1270-fdff-fe56-6734]-9618&alias=e4078.chtc.wisc.edu&noUDP&sock=startd_16790_1f37>
	SlotName: slot1_17@e4078.chtc.wisc.edu
	CondorScratchDir = "/var/lib/condor/execute/slot1/dir_2542635"
	Cpus = 1
	Disk = 1208198
	IoHeavy = 0
	Memory = 4096
...
006 (13655293.052.000) 2023-09-05 00:36:26 Image size of job updated: 697248
	681  -  MemoryUsage of job (MB)
	697244  -  ResidentSetSize of job (KB)
...
006 (13655293.052.000) 2023-09-05 00:41:26 Image size of job updated: 1281684
	1063  -  MemoryUsage of job (MB)
	1087844  -  ResidentSetSize of job (KB)
...
006 (13655293.052.000) 2023-09-05 00:46:27 Image size of job updated: 1281684
	1077  -  MemoryUsage of job (MB)
	1102680  -  ResidentSetSize of job (KB)
...
006 (13655293.052.000) 2023-09-05 00:51:27 Image size of job updated: 1281684
	1085  -  MemoryUsage of job (MB)
	1110860  -  ResidentSetSize of job (KB)
...
006 (13655293.052.000) 2023-09-06 00:18:17 Image size of job updated: 1381040
	1085  -  MemoryUsage of job (MB)
	1110860  -  ResidentSetSize of job (KB)
...
040 (13655293.052.000) 2023-09-06 00:18:17 Started transferring output files
...
040 (13655293.052.000) 2023-09-06 00:18:17 Finished transferring output files
...
005 (13655293.052.000) 2023-09-06 00:18:17 Job terminated.
	(1) Normal termination (return value 0)
		Usr 0 23:12:16, Sys 0 00:05:07  -  Run Remote Usage
		Usr 0 00:00:00, Sys 0 00:00:00  -  Run Local Usage
		Usr 0 23:12:16, Sys 0 00:05:07  -  Total Remote Usage
		Usr 0 00:00:00, Sys 0 00:00:00  -  Total Local Usage
	1309455  -  Run Bytes Sent By Job
	32652772  -  Run Bytes Received By Job
	1309455  -  Total Bytes Sent By Job
	32652772  -  Total Bytes Received By Job
	Partitionable Resources :     Usage  Request Allocated 
	   Cpus                 :      0.99        1         1 
	   Disk (KB)            : 274872      524288   1208198 
	   IoHeavy              :                            0 
	   Memory (MB)          :   1085        4096      4096 

	Job terminated of its own accord at 2023-09-06T05:18:17Z with exit-code 0.
...
