000 (14268886.042.000) 2023-09-11 03:21:39 Job submitted from host: <128.104.101.92:9618?addrs=128.104.101.92-9618+[2607-f388-107c-501-a236-9fff-fe3c-caa8]-9618&alias=submit2.chtc.wisc.edu&noUDP&sock=schedd_1879732_618e>
...
040 (14268886.042.000) 2023-09-11 03:23:35 Started transferring input files
	Transferring to host: <128.105.69.157:9618?addrs=128.105.69.157-9618+[2607-f388-2200-100-1270-fdff-fe56-c3a4]-9618&alias=e4090.chtc.wisc.edu&noUDP&sock=slot1_13_1363133_4360_89230>
...
040 (14268886.042.000) 2023-09-11 03:23:38 Finished transferring input files
...
001 (14268886.042.000) 2023-09-11 03:23:39 Job executing on host: <128.105.69.157:9618?addrs=128.105.69.157-9618+[2607-f388-2200-100-1270-fdff-fe56-c3a4]-9618&alias=e4090.chtc.wisc.edu&noUDP&sock=startd_18322_f24e>
	SlotName: slot1_13@e4090.chtc.wisc.edu
	CondorScratchDir = "/var/lib/condor/execute/slot1/dir_2421194"
	Cpus = 1
	Disk = 1208198
	IoHeavy = 0
	Memory = 4096
...
006 (14268886.042.000) 2023-09-11 03:23:48 Image size of job updated: 435664
	426  -  MemoryUsage of job (MB)
	435660  -  ResidentSetSize of job (KB)
...
006 (14268886.042.000) 2023-09-11 03:28:49 Image size of job updated: 811316
	426  -  MemoryUsage of job (MB)
	436172  -  ResidentSetSize of job (KB)
...
040 (14268886.042.000) 2023-09-11 03:29:12 Started transferring output files
...
040 (14268886.042.000) 2023-09-11 03:29:12 Finished transferring output files
...
005 (14268886.042.000) 2023-09-11 03:29:12 Job terminated.
	(1) Normal termination (return value 0)
		Usr 0 00:05:15, Sys 0 00:00:13  -  Run Remote Usage
		Usr 0 00:00:00, Sys 0 00:00:00  -  Run Local Usage
		Usr 0 00:05:15, Sys 0 00:00:13  -  Total Remote Usage
		Usr 0 00:00:00, Sys 0 00:00:00  -  Total Local Usage
	117623  -  Run Bytes Sent By Job
	32720416  -  Run Bytes Received By Job
	117623  -  Total Bytes Sent By Job
	32720416  -  Total Bytes Received By Job
	Partitionable Resources :     Usage  Request Allocated 
	   Cpus                 :      0.99        1         1 
	   Disk (KB)            : 261282      524288   1208198 
	   IoHeavy              :                            0 
	   Memory (MB)          :    426        4096      4096 

	Job terminated of its own accord at 2023-09-11T08:29:11Z with exit-code 0.
...
