000 (13655293.050.000) 2023-09-05 00:33:11 Job submitted from host: <128.104.101.92:9618?addrs=128.104.101.92-9618+[2607-f388-107c-501-a236-9fff-fe3c-caa8]-9618&alias=submit2.chtc.wisc.edu&noUDP&sock=schedd_1879732_618e>
...
040 (13655293.050.000) 2023-09-05 00:36:09 Started transferring input files
	Transferring to host: <128.105.69.149:9618?addrs=128.105.69.149-9618+[2607-f388-2200-100-1270-fdff-fe56-63bc]-9618&alias=e4026.chtc.wisc.edu&noUDP&sock=slot1_3_174454_5fef_44816>
...
040 (13655293.050.000) 2023-09-05 00:36:11 Finished transferring input files
...
001 (13655293.050.000) 2023-09-05 00:36:17 Job executing on host: <128.105.69.149:9618?addrs=128.105.69.149-9618+[2607-f388-2200-100-1270-fdff-fe56-63bc]-9618&alias=e4026.chtc.wisc.edu&noUDP&sock=startd_15915_f1d9>
	SlotName: slot1_3@e4026.chtc.wisc.edu
	CondorScratchDir = "/var/lib/condor/execute/slot1/dir_2367698"
	Cpus = 1
	Disk = 1208198
	IoHeavy = 0
	Memory = 4096
...
006 (13655293.050.000) 2023-09-05 00:36:26 Image size of job updated: 593160
	580  -  MemoryUsage of job (MB)
	593160  -  ResidentSetSize of job (KB)
...
006 (13655293.050.000) 2023-09-05 00:41:27 Image size of job updated: 1160584
	1134  -  MemoryUsage of job (MB)
	1160548  -  ResidentSetSize of job (KB)
...
006 (13655293.050.000) 2023-09-05 00:46:27 Image size of job updated: 1177180
	1134  -  MemoryUsage of job (MB)
	1160548  -  ResidentSetSize of job (KB)
...
006 (13655293.050.000) 2023-09-05 16:02:50 Image size of job updated: 1258540
	1134  -  MemoryUsage of job (MB)
	1160548  -  ResidentSetSize of job (KB)
...
040 (13655293.050.000) 2023-09-05 16:02:50 Started transferring output files
...
040 (13655293.050.000) 2023-09-05 16:02:50 Finished transferring output files
...
005 (13655293.050.000) 2023-09-05 16:02:50 Job terminated.
	(1) Normal termination (return value 0)
		Usr 0 15:15:11, Sys 0 00:02:05  -  Run Remote Usage
		Usr 0 00:00:00, Sys 0 00:00:00  -  Run Local Usage
		Usr 0 15:15:11, Sys 0 00:02:05  -  Total Remote Usage
		Usr 0 00:00:00, Sys 0 00:00:00  -  Total Local Usage
	1309587  -  Run Bytes Sent By Job
	32652772  -  Run Bytes Received By Job
	1309587  -  Total Bytes Sent By Job
	32652772  -  Total Bytes Received By Job
	Partitionable Resources :     Usage  Request Allocated 
	   Cpus                 :      0.98        1         1 
	   Disk (KB)            : 274886      524288   1208198 
	   IoHeavy              :                            0 
	   Memory (MB)          :   1134        4096      4096 

	Job terminated of its own accord at 2023-09-05T21:02:50Z with exit-code 0.
...
