000 (14269004.010.000) 2023-09-11 03:23:01 Job submitted from host: <128.104.101.92:9618?addrs=128.104.101.92-9618+[2607-f388-107c-501-a236-9fff-fe3c-caa8]-9618&alias=submit2.chtc.wisc.edu&noUDP&sock=schedd_1879732_618e>
...
040 (14269004.010.000) 2023-09-11 03:25:36 Started transferring input files
	Transferring to host: <128.105.69.178:9618?addrs=128.105.69.178-9618+[2607-f388-2200-100-1270-fdff-fe56-c31c]-9618&alias=e2561.chtc.wisc.edu&noUDP&sock=slot1_13_3096927_fb89_104170>
...
040 (14269004.010.000) 2023-09-11 03:25:39 Finished transferring input files
...
001 (14269004.010.000) 2023-09-11 03:25:40 Job executing on host: <128.105.69.178:9618?addrs=128.105.69.178-9618+[2607-f388-2200-100-1270-fdff-fe56-c31c]-9618&alias=e2561.chtc.wisc.edu&noUDP&sock=startd_13913_bd3e>
	SlotName: slot1_13@e2561.chtc.wisc.edu
	CondorScratchDir = "/var/lib/condor/execute/slot1/dir_3176239"
	Cpus = 1
	Disk = 1208198
	IoHeavy = 0
	Memory = 4096
...
006 (14269004.010.000) 2023-09-11 03:25:49 Image size of job updated: 379224
	346  -  MemoryUsage of job (MB)
	353468  -  ResidentSetSize of job (KB)
...
006 (14269004.010.000) 2023-09-11 03:30:50 Image size of job updated: 379224
	349  -  MemoryUsage of job (MB)
	356540  -  ResidentSetSize of job (KB)
...
040 (14269004.010.000) 2023-09-11 03:48:48 Started transferring output files
...
040 (14269004.010.000) 2023-09-11 03:48:48 Finished transferring output files
...
005 (14269004.010.000) 2023-09-11 03:48:48 Job terminated.
	(1) Normal termination (return value 0)
		Usr 0 00:22:42, Sys 0 00:00:07  -  Run Remote Usage
		Usr 0 00:00:00, Sys 0 00:00:00  -  Run Local Usage
		Usr 0 00:22:42, Sys 0 00:00:07  -  Total Remote Usage
		Usr 0 00:00:00, Sys 0 00:00:00  -  Total Local Usage
	316800  -  Run Bytes Sent By Job
	32664898  -  Run Bytes Received By Job
	316800  -  Total Bytes Sent By Job
	32664898  -  Total Bytes Received By Job
	Partitionable Resources :     Usage  Request Allocated 
	   Cpus                 :      0.99        1         1 
	   Disk (KB)            : 255899      524288   1208198 
	   IoHeavy              :                            0 
	   Memory (MB)          :    349        4096      4096 

	Job terminated of its own accord at 2023-09-11T08:48:48Z with exit-code 0.
...
