000 (13655293.048.000) 2023-09-05 00:33:11 Job submitted from host: <128.104.101.92:9618?addrs=128.104.101.92-9618+[2607-f388-107c-501-a236-9fff-fe3c-caa8]-9618&alias=submit2.chtc.wisc.edu&noUDP&sock=schedd_1879732_618e>
...
040 (13655293.048.000) 2023-09-05 00:36:09 Started transferring input files
	Transferring to host: <128.105.69.151:9618?addrs=128.105.69.151-9618+[2607-f388-2200-100-1270-fdff-fe56-7334]-9618&alias=e4028.chtc.wisc.edu&noUDP&sock=slot1_34_418228_35e8_10533>
...
040 (13655293.048.000) 2023-09-05 00:36:11 Finished transferring input files
...
001 (13655293.048.000) 2023-09-05 00:36:16 Job executing on host: <128.105.69.151:9618?addrs=128.105.69.151-9618+[2607-f388-2200-100-1270-fdff-fe56-7334]-9618&alias=e4028.chtc.wisc.edu&noUDP&sock=startd_27069_a935>
	SlotName: slot1_34@e4028.chtc.wisc.edu
	CondorScratchDir = "/var/lib/condor/execute/slot1/dir_1968959"
	Cpus = 1
	Disk = 1208198
	IoHeavy = 0
	Memory = 4096
...
006 (13655293.048.000) 2023-09-05 00:36:25 Image size of job updated: 722268
	706  -  MemoryUsage of job (MB)
	722268  -  ResidentSetSize of job (KB)
...
006 (13655293.048.000) 2023-09-05 00:41:26 Image size of job updated: 1290700
	1067  -  MemoryUsage of job (MB)
	1092004  -  ResidentSetSize of job (KB)
...
006 (13655293.048.000) 2023-09-05 00:46:26 Image size of job updated: 1290700
	1091  -  MemoryUsage of job (MB)
	1116760  -  ResidentSetSize of job (KB)
...
006 (13655293.048.000) 2023-09-05 03:46:43 Image size of job updated: 1290700
	1095  -  MemoryUsage of job (MB)
	1120772  -  ResidentSetSize of job (KB)
...
006 (13655293.048.000) 2023-09-05 04:21:47 Image size of job updated: 1290700
	1095  -  MemoryUsage of job (MB)
	1121028  -  ResidentSetSize of job (KB)
...
006 (13655293.048.000) 2023-09-05 20:08:19 Image size of job updated: 1290700
	1095  -  MemoryUsage of job (MB)
	1121036  -  ResidentSetSize of job (KB)
...
006 (13655293.048.000) 2023-09-05 20:13:19 Image size of job updated: 1290700
	1095  -  MemoryUsage of job (MB)
	1121048  -  ResidentSetSize of job (KB)
...
006 (13655293.048.000) 2023-09-05 20:18:19 Image size of job updated: 1290700
	1095  -  MemoryUsage of job (MB)
	1121064  -  ResidentSetSize of job (KB)
...
006 (13655293.048.000) 2023-09-05 20:23:20 Image size of job updated: 1290700
	1095  -  MemoryUsage of job (MB)
	1121080  -  ResidentSetSize of job (KB)
...
006 (13655293.048.000) 2023-09-05 20:33:21 Image size of job updated: 1290700
	1095  -  MemoryUsage of job (MB)
	1121116  -  ResidentSetSize of job (KB)
...
006 (13655293.048.000) 2023-09-05 20:38:22 Image size of job updated: 1290700
	1095  -  MemoryUsage of job (MB)
	1121140  -  ResidentSetSize of job (KB)
...
006 (13655293.048.000) 2023-09-05 20:43:22 Image size of job updated: 1290700
	1095  -  MemoryUsage of job (MB)
	1121148  -  ResidentSetSize of job (KB)
...
006 (13655293.048.000) 2023-09-05 20:48:23 Image size of job updated: 1290700
	1095  -  MemoryUsage of job (MB)
	1121164  -  ResidentSetSize of job (KB)
...
006 (13655293.048.000) 2023-09-05 20:53:24 Image size of job updated: 1290700
	1095  -  MemoryUsage of job (MB)
	1121188  -  ResidentSetSize of job (KB)
...
006 (13655293.048.000) 2023-09-05 20:58:24 Image size of job updated: 1290700
	1095  -  MemoryUsage of job (MB)
	1121224  -  ResidentSetSize of job (KB)
...
006 (13655293.048.000) 2023-09-05 21:03:26 Image size of job updated: 1290700
	1095  -  MemoryUsage of job (MB)
	1121252  -  ResidentSetSize of job (KB)
...
006 (13655293.048.000) 2023-09-05 21:08:26 Image size of job updated: 1290700
	1095  -  MemoryUsage of job (MB)
	1121272  -  ResidentSetSize of job (KB)
...
006 (13655293.048.000) 2023-09-05 21:18:27 Image size of job updated: 1290700
	1096  -  MemoryUsage of job (MB)
	1121528  -  ResidentSetSize of job (KB)
...
006 (13655293.048.000) 2023-09-05 21:33:28 Image size of job updated: 1290700
	1096  -  MemoryUsage of job (MB)
	1121708  -  ResidentSetSize of job (KB)
...
006 (13655293.048.000) 2023-09-05 21:53:29 Image size of job updated: 1290700
	1096  -  MemoryUsage of job (MB)
	1121820  -  ResidentSetSize of job (KB)
...
006 (13655293.048.000) 2023-09-05 22:02:06 Image size of job updated: 1422980
	1096  -  MemoryUsage of job (MB)
	1121820  -  ResidentSetSize of job (KB)
...
040 (13655293.048.000) 2023-09-05 22:02:07 Started transferring output files
...
040 (13655293.048.000) 2023-09-05 22:02:07 Finished transferring output files
...
005 (13655293.048.000) 2023-09-05 22:02:07 Job terminated.
	(1) Normal termination (return value 0)
		Usr 0 21:04:02, Sys 0 00:03:38  -  Run Remote Usage
		Usr 0 00:00:00, Sys 0 00:00:00  -  Run Local Usage
		Usr 0 21:04:02, Sys 0 00:03:38  -  Total Remote Usage
		Usr 0 00:00:00, Sys 0 00:00:00  -  Total Local Usage
	1309411  -  Run Bytes Sent By Job
	32652772  -  Run Bytes Received By Job
	1309411  -  Total Bytes Sent By Job
	32652772  -  Total Bytes Received By Job
	Partitionable Resources :     Usage  Request Allocated 
	   Cpus                 :      0.99        1         1 
	   Disk (KB)            : 274893      524288   1208198 
	   IoHeavy              :                            0 
	   Memory (MB)          :   1096        4096      4096 

	Job terminated of its own accord at 2023-09-06T03:02:06Z with exit-code 0.
...
