000 (14268886.050.000) 2023-09-11 03:21:39 Job submitted from host: <128.104.101.92:9618?addrs=128.104.101.92-9618+[2607-f388-107c-501-a236-9fff-fe3c-caa8]-9618&alias=submit2.chtc.wisc.edu&noUDP&sock=schedd_1879732_618e>
...
040 (14268886.050.000) 2023-09-11 03:24:53 Started transferring input files
	Transferring to host: <128.105.69.128:9618?addrs=128.105.69.128-9618+[2607-f388-2200-100-1270-fdff-fe56-642c]-9618&alias=e4077.chtc.wisc.edu&noUDP&sock=slot1_76_22948_b11e_82969>
...
040 (14268886.050.000) 2023-09-11 03:24:55 Finished transferring input files
...
001 (14268886.050.000) 2023-09-11 03:24:56 Job executing on host: <128.105.69.128:9618?addrs=128.105.69.128-9618+[2607-f388-2200-100-1270-fdff-fe56-642c]-9618&alias=e4077.chtc.wisc.edu&noUDP&sock=startd_22803_8a30>
	SlotName: slot1_76@e4077.chtc.wisc.edu
	CondorScratchDir = "/var/lib/condor/execute/slot1/dir_359686"
	Cpus = 1
	Disk = 1208198
	IoHeavy = 0
	Memory = 4096
...
006 (14268886.050.000) 2023-09-11 03:25:05 Image size of job updated: 576492
	563  -  MemoryUsage of job (MB)
	576492  -  ResidentSetSize of job (KB)
...
006 (14268886.050.000) 2023-09-11 03:26:18 Image size of job updated: 703200
	564  -  MemoryUsage of job (MB)
	577260  -  ResidentSetSize of job (KB)
...
040 (14268886.050.000) 2023-09-11 03:26:19 Started transferring output files
...
040 (14268886.050.000) 2023-09-11 03:26:19 Finished transferring output files
...
005 (14268886.050.000) 2023-09-11 03:26:20 Job terminated.
	(1) Normal termination (return value 0)
		Usr 0 00:01:15, Sys 0 00:00:03  -  Run Remote Usage
		Usr 0 00:00:00, Sys 0 00:00:00  -  Run Local Usage
		Usr 0 00:01:15, Sys 0 00:00:03  -  Total Remote Usage
		Usr 0 00:00:00, Sys 0 00:00:00  -  Total Local Usage
	94621  -  Run Bytes Sent By Job
	32720416  -  Run Bytes Received By Job
	94621  -  Total Bytes Sent By Job
	32720416  -  Total Bytes Received By Job
	Partitionable Resources :    Usage  Request Allocated 
	   Cpus                 :                 1         1 
	   Disk (KB)            :   261252   524288   1208198 
	   IoHeavy              :                           0 
	   Memory (MB)          :      564     4096      4096 

	Job terminated of its own accord at 2023-09-11T08:26:18Z with exit-code 0.
...
