000 (13648505.001.000) 2023-09-04 23:39:10 Job submitted from host: <128.104.101.92:9618?addrs=128.104.101.92-9618+[2607-f388-107c-501-a236-9fff-fe3c-caa8]-9618&alias=submit2.chtc.wisc.edu&noUDP&sock=schedd_1879732_618e>
...
040 (13648505.001.000) 2023-09-04 23:39:25 Started transferring input files
	Transferring to host: <128.105.69.103:9618?addrs=128.105.69.103-9618+[2607-f388-2200-100-1270-fdff-fe56-4614]-9618&alias=e4031.chtc.wisc.edu&noUDP&sock=slot1_77_312503_623d_51214>
...
040 (13648505.001.000) 2023-09-04 23:39:27 Finished transferring input files
...
001 (13648505.001.000) 2023-09-04 23:39:28 Job executing on host: <128.105.69.103:9618?addrs=128.105.69.103-9618+[2607-f388-2200-100-1270-fdff-fe56-4614]-9618&alias=e4031.chtc.wisc.edu&noUDP&sock=startd_15676_02b6>
	SlotName: slot1_77@e4031.chtc.wisc.edu
	CondorScratchDir = "/var/lib/condor/execute/slot1/dir_1980846"
	Cpus = 1
	Disk = 1208198
	IoHeavy = 0
	Memory = 4096
...
006 (13648505.001.000) 2023-09-04 23:39:36 Image size of job updated: 670160
	655  -  MemoryUsage of job (MB)
	670160  -  ResidentSetSize of job (KB)
...
006 (13648505.001.000) 2023-09-04 23:39:58 Image size of job updated: 809656
	655  -  MemoryUsage of job (MB)
	670672  -  ResidentSetSize of job (KB)
...
040 (13648505.001.000) 2023-09-04 23:39:58 Started transferring output files
...
040 (13648505.001.000) 2023-09-04 23:39:58 Finished transferring output files
...
005 (13648505.001.000) 2023-09-04 23:39:58 Job terminated.
	(1) Normal termination (return value 1)
		Usr 0 00:00:27, Sys 0 00:00:02  -  Run Remote Usage
		Usr 0 00:00:00, Sys 0 00:00:00  -  Run Local Usage
		Usr 0 00:00:27, Sys 0 00:00:02  -  Total Remote Usage
		Usr 0 00:00:00, Sys 0 00:00:00  -  Total Local Usage
	2445  -  Run Bytes Sent By Job
	32664658  -  Run Bytes Received By Job
	2445  -  Total Bytes Sent By Job
	32664658  -  Total Bytes Received By Job
	Partitionable Resources :    Usage  Request Allocated 
	   Cpus                 :                 1         1 
	   Disk (KB)            :   261106   524288   1208198 
	   IoHeavy              :                           0 
	   Memory (MB)          :      655     4096      4096 

	Job terminated of its own accord at 2023-09-05T04:39:58Z with exit-code 1.
...
