000 (13655293.246.000) 2023-09-05 00:33:11 Job submitted from host: <128.104.101.92:9618?addrs=128.104.101.92-9618+[2607-f388-107c-501-a236-9fff-fe3c-caa8]-9618&alias=submit2.chtc.wisc.edu&noUDP&sock=schedd_1879732_618e>
...
040 (13655293.246.000) 2023-09-05 00:47:23 Started transferring input files
	Transferring to host: <128.105.69.146:9618?addrs=128.105.69.146-9618+[2607-f388-2200-100-1270-fdff-fe56-773c]-9618&alias=e4023.chtc.wisc.edu&noUDP&sock=slot1_34_3274859_2c4c_62543>
...
040 (13655293.246.000) 2023-09-05 00:47:25 Finished transferring input files
...
001 (13655293.246.000) 2023-09-05 00:47:26 Job executing on host: <128.105.69.146:9618?addrs=128.105.69.146-9618+[2607-f388-2200-100-1270-fdff-fe56-773c]-9618&alias=e4023.chtc.wisc.edu&noUDP&sock=startd_16217_1773>
	SlotName: slot1_34@e4023.chtc.wisc.edu
	CondorScratchDir = "/var/lib/condor/execute/slot1/dir_1245017"
	Cpus = 1
	Disk = 1208198
	IoHeavy = 0
	Memory = 4096
...
006 (13655293.246.000) 2023-09-05 00:47:35 Image size of job updated: 584828
	572  -  MemoryUsage of job (MB)
	584828  -  ResidentSetSize of job (KB)
...
006 (13655293.246.000) 2023-09-05 00:52:36 Image size of job updated: 1160664
	1134  -  MemoryUsage of job (MB)
	1160660  -  ResidentSetSize of job (KB)
...
006 (13655293.246.000) 2023-09-05 00:57:36 Image size of job updated: 1177712
	1134  -  MemoryUsage of job (MB)
	1160660  -  ResidentSetSize of job (KB)
...
006 (13655293.246.000) 2023-09-06 00:28:11 Image size of job updated: 1309296
	1134  -  MemoryUsage of job (MB)
	1160660  -  ResidentSetSize of job (KB)
...
040 (13655293.246.000) 2023-09-06 00:28:11 Started transferring output files
...
040 (13655293.246.000) 2023-09-06 00:28:11 Finished transferring output files
...
005 (13655293.246.000) 2023-09-06 00:28:11 Job terminated.
	(1) Normal termination (return value 0)
		Usr 0 23:10:46, Sys 0 00:07:10  -  Run Remote Usage
		Usr 0 00:00:00, Sys 0 00:00:00  -  Run Local Usage
		Usr 0 23:10:46, Sys 0 00:07:10  -  Total Remote Usage
		Usr 0 00:00:00, Sys 0 00:00:00  -  Total Local Usage
	1309629  -  Run Bytes Sent By Job
	32652772  -  Run Bytes Received By Job
	1309629  -  Total Bytes Sent By Job
	32652772  -  Total Bytes Received By Job
	Partitionable Resources :     Usage  Request Allocated 
	   Cpus                 :      0.99        1         1 
	   Disk (KB)            : 274882      524288   1208198 
	   IoHeavy              :                            0 
	   Memory (MB)          :   1134        4096      4096 

	Job terminated of its own accord at 2023-09-06T05:28:11Z with exit-code 0.
...
