000 (14269004.042.000) 2023-09-11 03:23:01 Job submitted from host: <128.104.101.92:9618?addrs=128.104.101.92-9618+[2607-f388-107c-501-a236-9fff-fe3c-caa8]-9618&alias=submit2.chtc.wisc.edu&noUDP&sock=schedd_1879732_618e>
...
040 (14269004.042.000) 2023-09-11 03:27:34 Started transferring input files
	Transferring to host: <128.105.69.127:9618?addrs=128.105.69.127-9618+[2607-f388-2200-100-1270-fdff-fe56-6744]-9618&alias=e4076.chtc.wisc.edu&noUDP&sock=slot1_25_23231_174a_51334>
...
040 (14269004.042.000) 2023-09-11 03:27:36 Finished transferring input files
...
001 (14269004.042.000) 2023-09-11 03:27:37 Job executing on host: <128.105.69.127:9618?addrs=128.105.69.127-9618+[2607-f388-2200-100-1270-fdff-fe56-6744]-9618&alias=e4076.chtc.wisc.edu&noUDP&sock=startd_23093_74a7>
	SlotName: slot1_25@e4076.chtc.wisc.edu
	CondorScratchDir = "/var/lib/condor/execute/slot1/dir_1180022"
	Cpus = 1
	Disk = 1208198
	IoHeavy = 0
	Memory = 4096
...
006 (14269004.042.000) 2023-09-11 03:27:45 Image size of job updated: 272792
	168  -  MemoryUsage of job (MB)
	171916  -  ResidentSetSize of job (KB)
...
040 (14269004.042.000) 2023-09-11 03:29:35 Started transferring output files
...
040 (14269004.042.000) 2023-09-11 03:29:35 Finished transferring output files
...
005 (14269004.042.000) 2023-09-11 03:29:35 Job terminated.
	(1) Normal termination (return value 0)
		Usr 0 00:01:54, Sys 0 00:00:01  -  Run Remote Usage
		Usr 0 00:00:00, Sys 0 00:00:00  -  Run Local Usage
		Usr 0 00:01:54, Sys 0 00:00:01  -  Total Remote Usage
		Usr 0 00:00:00, Sys 0 00:00:00  -  Total Local Usage
	134842  -  Run Bytes Sent By Job
	32664898  -  Run Bytes Received By Job
	134842  -  Total Bytes Sent By Job
	32664898  -  Total Bytes Received By Job
	Partitionable Resources :     Usage  Request Allocated 
	   Cpus                 :      0.98        1         1 
	   Disk (KB)            : 255045      524288   1208198 
	   IoHeavy              :                            0 
	   Memory (MB)          :    168        4096      4096 

	Job terminated of its own accord at 2023-09-11T08:29:35Z with exit-code 0.
...
