000 (13655293.407.000) 2023-09-05 00:33:11 Job submitted from host: <128.104.101.92:9618?addrs=128.104.101.92-9618+[2607-f388-107c-501-a236-9fff-fe3c-caa8]-9618&alias=submit2.chtc.wisc.edu&noUDP&sock=schedd_1879732_618e>
...
040 (13655293.407.000) 2023-09-05 00:54:26 Started transferring input files
	Transferring to host: <128.105.69.157:9618?addrs=128.105.69.157-9618+[2607-f388-2200-100-1270-fdff-fe56-c3a4]-9618&alias=e4090.chtc.wisc.edu&noUDP&sock=slot1_68_1363133_4360_49240>
...
040 (13655293.407.000) 2023-09-05 00:54:30 Finished transferring input files
...
001 (13655293.407.000) 2023-09-05 00:54:32 Job executing on host: <128.105.69.157:9618?addrs=128.105.69.157-9618+[2607-f388-2200-100-1270-fdff-fe56-c3a4]-9618&alias=e4090.chtc.wisc.edu&noUDP&sock=startd_18322_f24e>
	SlotName: slot1_68@e4090.chtc.wisc.edu
	CondorScratchDir = "/var/lib/condor/execute/slot1/dir_547691"
	Cpus = 1
	Disk = 1208198
	IoHeavy = 0
	Memory = 4096
...
006 (13655293.407.000) 2023-09-05 00:54:40 Image size of job updated: 664652
	650  -  MemoryUsage of job (MB)
	664652  -  ResidentSetSize of job (KB)
...
006 (13655293.407.000) 2023-09-05 00:59:40 Image size of job updated: 1260068
	1231  -  MemoryUsage of job (MB)
	1260068  -  ResidentSetSize of job (KB)
...
006 (13655293.407.000) 2023-09-05 01:04:41 Image size of job updated: 1267076
	1238  -  MemoryUsage of job (MB)
	1267072  -  ResidentSetSize of job (KB)
...
006 (13655293.407.000) 2023-09-05 01:09:41 Image size of job updated: 1281300
	1238  -  MemoryUsage of job (MB)
	1267072  -  ResidentSetSize of job (KB)
...
006 (13655293.407.000) 2023-09-06 00:15:36 Image size of job updated: 1408460
	1238  -  MemoryUsage of job (MB)
	1267072  -  ResidentSetSize of job (KB)
...
040 (13655293.407.000) 2023-09-06 00:15:36 Started transferring output files
...
040 (13655293.407.000) 2023-09-06 00:15:36 Finished transferring output files
...
005 (13655293.407.000) 2023-09-06 00:15:38 Job terminated.
	(1) Normal termination (return value 0)
		Usr 0 22:59:55, Sys 0 00:04:30  -  Run Remote Usage
		Usr 0 00:00:00, Sys 0 00:00:00  -  Run Local Usage
		Usr 0 22:59:55, Sys 0 00:04:30  -  Total Remote Usage
		Usr 0 00:00:00, Sys 0 00:00:00  -  Total Local Usage
	1309665  -  Run Bytes Sent By Job
	32652772  -  Run Bytes Received By Job
	1309665  -  Total Bytes Sent By Job
	32652772  -  Total Bytes Received By Job
	Partitionable Resources :     Usage  Request Allocated 
	   Cpus                 :      0.99        1         1 
	   Disk (KB)            : 274892      524288   1208198 
	   IoHeavy              :                            0 
	   Memory (MB)          :   1238        4096      4096 

	Job terminated of its own accord at 2023-09-06T05:15:36Z with exit-code 0.
...
