000 (13655293.114.000) 2023-09-05 00:33:11 Job submitted from host: <128.104.101.92:9618?addrs=128.104.101.92-9618+[2607-f388-107c-501-a236-9fff-fe3c-caa8]-9618&alias=submit2.chtc.wisc.edu&noUDP&sock=schedd_1879732_618e>
...
040 (13655293.114.000) 2023-09-05 00:36:24 Started transferring input files
	Transferring to host: <128.105.69.171:9618?addrs=128.105.69.171-9618+[2607-f388-2200-100-1270-fdff-fe56-76ac]-9618&alias=e2554.chtc.wisc.edu&noUDP&sock=slot1_57_1826531_133c_47893>
...
001 (13655293.114.000) 2023-09-05 00:36:33 Job executing on host: <128.105.69.171:9618?addrs=128.105.69.171-9618+[2607-f388-2200-100-1270-fdff-fe56-76ac]-9618&alias=e2554.chtc.wisc.edu&noUDP&sock=startd_14106_1f06>
	SlotName: slot1_57@e2554.chtc.wisc.edu
	CondorScratchDir = "/var/lib/condor/execute/slot1/dir_1565833"
	Cpus = 1
	Disk = 1208198
	IoHeavy = 0
	Memory = 4096
...
040 (13655293.114.000) 2023-09-05 00:36:33 Finished transferring input files
...
006 (13655293.114.000) 2023-09-05 00:36:42 Image size of job updated: 726016
	709  -  MemoryUsage of job (MB)
	726016  -  ResidentSetSize of job (KB)
...
006 (13655293.114.000) 2023-09-05 00:41:43 Image size of job updated: 1268160
	1239  -  MemoryUsage of job (MB)
	1268160  -  ResidentSetSize of job (KB)
...
006 (13655293.114.000) 2023-09-05 00:46:43 Image size of job updated: 1291324
	1239  -  MemoryUsage of job (MB)
	1268160  -  ResidentSetSize of job (KB)
...
006 (13655293.114.000) 2023-09-06 01:43:21 Image size of job updated: 1400412
	1239  -  MemoryUsage of job (MB)
	1268160  -  ResidentSetSize of job (KB)
...
040 (13655293.114.000) 2023-09-06 01:43:21 Started transferring output files
...
040 (13655293.114.000) 2023-09-06 01:43:21 Finished transferring output files
...
005 (13655293.114.000) 2023-09-06 01:43:23 Job terminated.
	(1) Normal termination (return value 0)
		Usr 1 00:36:06, Sys 0 00:05:04  -  Run Remote Usage
		Usr 0 00:00:00, Sys 0 00:00:00  -  Run Local Usage
		Usr 1 00:36:06, Sys 0 00:05:04  -  Total Remote Usage
		Usr 0 00:00:00, Sys 0 00:00:00  -  Total Local Usage
	1309692  -  Run Bytes Sent By Job
	32652772  -  Run Bytes Received By Job
	1309692  -  Total Bytes Sent By Job
	32652772  -  Total Bytes Received By Job
	Partitionable Resources :     Usage  Request Allocated 
	   Cpus                 :      0.98        1         1 
	   Disk (KB)            : 274899      524288   1208198 
	   IoHeavy              :                            0 
	   Memory (MB)          :   1239        4096      4096 

	Job terminated of its own accord at 2023-09-06T06:43:21Z with exit-code 0.
...
