000 (13655293.093.000) 2023-09-05 00:33:11 Job submitted from host: <128.104.101.92:9618?addrs=128.104.101.92-9618+[2607-f388-107c-501-a236-9fff-fe3c-caa8]-9618&alias=submit2.chtc.wisc.edu&noUDP&sock=schedd_1879732_618e>
...
040 (13655293.093.000) 2023-09-05 00:36:20 Started transferring input files
	Transferring to host: <128.105.69.171:9618?addrs=128.105.69.171-9618+[2607-f388-2200-100-1270-fdff-fe56-76ac]-9618&alias=e2554.chtc.wisc.edu&noUDP&sock=slot1_50_1826531_133c_47891>
...
001 (13655293.093.000) 2023-09-05 00:36:28 Job executing on host: <128.105.69.171:9618?addrs=128.105.69.171-9618+[2607-f388-2200-100-1270-fdff-fe56-76ac]-9618&alias=e2554.chtc.wisc.edu&noUDP&sock=startd_14106_1f06>
	SlotName: slot1_50@e2554.chtc.wisc.edu
	CondorScratchDir = "/var/lib/condor/execute/slot1/dir_1565304"
	Cpus = 1
	Disk = 1208198
	IoHeavy = 0
	Memory = 4096
...
040 (13655293.093.000) 2023-09-05 00:36:28 Finished transferring input files
...
006 (13655293.093.000) 2023-09-05 00:36:36 Image size of job updated: 701664
	686  -  MemoryUsage of job (MB)
	701664  -  ResidentSetSize of job (KB)
...
006 (13655293.093.000) 2023-09-05 00:41:36 Image size of job updated: 1267308
	1237  -  MemoryUsage of job (MB)
	1266680  -  ResidentSetSize of job (KB)
...
006 (13655293.093.000) 2023-09-05 00:46:37 Image size of job updated: 1286384
	1237  -  MemoryUsage of job (MB)
	1266680  -  ResidentSetSize of job (KB)
...
006 (13655293.093.000) 2023-09-05 23:09:52 Image size of job updated: 1400400
	1237  -  MemoryUsage of job (MB)
	1266680  -  ResidentSetSize of job (KB)
...
040 (13655293.093.000) 2023-09-05 23:09:53 Started transferring output files
...
040 (13655293.093.000) 2023-09-05 23:09:53 Finished transferring output files
...
005 (13655293.093.000) 2023-09-05 23:09:53 Job terminated.
	(1) Normal termination (return value 0)
		Usr 0 22:05:53, Sys 0 00:03:54  -  Run Remote Usage
		Usr 0 00:00:00, Sys 0 00:00:00  -  Run Local Usage
		Usr 0 22:05:53, Sys 0 00:03:54  -  Total Remote Usage
		Usr 0 00:00:00, Sys 0 00:00:00  -  Total Local Usage
	1309629  -  Run Bytes Sent By Job
	32652772  -  Run Bytes Received By Job
	1309629  -  Total Bytes Sent By Job
	32652772  -  Total Bytes Received By Job
	Partitionable Resources :     Usage  Request Allocated 
	   Cpus                 :      0.99        1         1 
	   Disk (KB)            : 274915      524288   1208198 
	   IoHeavy              :                            0 
	   Memory (MB)          :   1237        4096      4096 

	Job terminated of its own accord at 2023-09-06T04:09:52Z with exit-code 0.
...
