000 (13655293.116.000) 2023-09-05 00:33:11 Job submitted from host: <128.104.101.92:9618?addrs=128.104.101.92-9618+[2607-f388-107c-501-a236-9fff-fe3c-caa8]-9618&alias=submit2.chtc.wisc.edu&noUDP&sock=schedd_1879732_618e>
...
040 (13655293.116.000) 2023-09-05 00:36:24 Started transferring input files
	Transferring to host: <128.105.69.204:9618?addrs=128.105.69.204-9618+[2607-f388-2200-100-1270-fdff-fe56-b85c]-9618&alias=e4035.chtc.wisc.edu&noUDP&sock=slot1_100_3825352_4a9e_63519>
...
001 (13655293.116.000) 2023-09-05 00:36:35 Job executing on host: <128.105.69.204:9618?addrs=128.105.69.204-9618+[2607-f388-2200-100-1270-fdff-fe56-b85c]-9618&alias=e4035.chtc.wisc.edu&noUDP&sock=startd_11684_d4a5>
	SlotName: slot1_100@e4035.chtc.wisc.edu
	CondorScratchDir = "/var/lib/condor/execute/slot1/dir_4036061"
	Cpus = 1
	Disk = 1208198
	IoHeavy = 0
	Memory = 4096
...
040 (13655293.116.000) 2023-09-05 00:36:35 Finished transferring input files
...
006 (13655293.116.000) 2023-09-05 00:36:43 Image size of job updated: 690808
	675  -  MemoryUsage of job (MB)
	690808  -  ResidentSetSize of job (KB)
...
006 (13655293.116.000) 2023-09-05 00:41:43 Image size of job updated: 1287168
	1050  -  MemoryUsage of job (MB)
	1075128  -  ResidentSetSize of job (KB)
...
006 (13655293.116.000) 2023-09-05 00:46:43 Image size of job updated: 1287168
	1075  -  MemoryUsage of job (MB)
	1100448  -  ResidentSetSize of job (KB)
...
006 (13655293.116.000) 2023-09-05 01:01:44 Image size of job updated: 1287168
	1080  -  MemoryUsage of job (MB)
	1105668  -  ResidentSetSize of job (KB)
...
006 (13655293.116.000) 2023-09-05 01:06:45 Image size of job updated: 1287168
	1081  -  MemoryUsage of job (MB)
	1106436  -  ResidentSetSize of job (KB)
...
006 (13655293.116.000) 2023-09-06 00:06:50 Image size of job updated: 1389560
	1081  -  MemoryUsage of job (MB)
	1106436  -  ResidentSetSize of job (KB)
...
040 (13655293.116.000) 2023-09-06 00:06:50 Started transferring output files
...
040 (13655293.116.000) 2023-09-06 00:06:50 Finished transferring output files
...
005 (13655293.116.000) 2023-09-06 00:06:50 Job terminated.
	(1) Normal termination (return value 0)
		Usr 0 23:01:12, Sys 0 00:04:45  -  Run Remote Usage
		Usr 0 00:00:00, Sys 0 00:00:00  -  Run Local Usage
		Usr 0 23:01:12, Sys 0 00:04:45  -  Total Remote Usage
		Usr 0 00:00:00, Sys 0 00:00:00  -  Total Local Usage
	1309604  -  Run Bytes Sent By Job
	32652772  -  Run Bytes Received By Job
	1309604  -  Total Bytes Sent By Job
	32652772  -  Total Bytes Received By Job
	Partitionable Resources :     Usage  Request Allocated 
	   Cpus                 :      0.99        1         1 
	   Disk (KB)            : 274904      524288   1208198 
	   IoHeavy              :                            0 
	   Memory (MB)          :   1081        4096      4096 

	Job terminated of its own accord at 2023-09-06T05:06:50Z with exit-code 0.
...
