000 (13648505.002.000) 2023-09-04 23:39:10 Job submitted from host: <128.104.101.92:9618?addrs=128.104.101.92-9618+[2607-f388-107c-501-a236-9fff-fe3c-caa8]-9618&alias=submit2.chtc.wisc.edu&noUDP&sock=schedd_1879732_618e>
...
040 (13648505.002.000) 2023-09-04 23:39:25 Started transferring input files
	Transferring to host: <128.105.69.224:9618?addrs=128.105.69.224-9618+[2607-f388-2200-100-eaeb-d3ff-fe40-1574]-9618&alias=e2607.chtc.wisc.edu&noUDP&sock=slot1_29_1087982_7e0c_42054>
...
040 (13648505.002.000) 2023-09-04 23:39:26 Finished transferring input files
...
001 (13648505.002.000) 2023-09-04 23:39:27 Job executing on host: <128.105.69.224:9618?addrs=128.105.69.224-9618+[2607-f388-2200-100-eaeb-d3ff-fe40-1574]-9618&alias=e2607.chtc.wisc.edu&noUDP&sock=startd_11673_491a>
	SlotName: slot1_29@e2607.chtc.wisc.edu
	CondorScratchDir = "/var/lib/condor/execute/slot1/dir_2148523"
	Cpus = 1
	Disk = 1458998
	IoHeavy = 0
	Memory = 4096
...
006 (13648505.002.000) 2023-09-04 23:39:36 Image size of job updated: 589508
	576  -  MemoryUsage of job (MB)
	589508  -  ResidentSetSize of job (KB)
...
006 (13648505.002.000) 2023-09-04 23:39:58 Image size of job updated: 703020
	578  -  MemoryUsage of job (MB)
	591556  -  ResidentSetSize of job (KB)
...
040 (13648505.002.000) 2023-09-04 23:39:58 Started transferring output files
...
040 (13648505.002.000) 2023-09-04 23:39:58 Finished transferring output files
...
005 (13648505.002.000) 2023-09-04 23:39:58 Job terminated.
	(1) Normal termination (return value 1)
		Usr 0 00:00:26, Sys 0 00:00:02  -  Run Remote Usage
		Usr 0 00:00:00, Sys 0 00:00:00  -  Run Local Usage
		Usr 0 00:00:26, Sys 0 00:00:02  -  Total Remote Usage
		Usr 0 00:00:00, Sys 0 00:00:00  -  Total Local Usage
	2445  -  Run Bytes Sent By Job
	32664658  -  Run Bytes Received By Job
	2445  -  Total Bytes Sent By Job
	32664658  -  Total Bytes Received By Job
	Partitionable Resources :     Usage  Request Allocated 
	   Cpus                 :      0.31        1         1 
	   Disk (KB)            : 261115      524288   1458998 
	   IoHeavy              :                            0 
	   Memory (MB)          :    578        4096      4096 

	Job terminated of its own accord at 2023-09-05T04:39:58Z with exit-code 1.
...
