000 (13655293.496.000) 2023-09-05 00:33:11 Job submitted from host: <128.104.101.92:9618?addrs=128.104.101.92-9618+[2607-f388-107c-501-a236-9fff-fe3c-caa8]-9618&alias=submit2.chtc.wisc.edu&noUDP&sock=schedd_1879732_618e>
...
040 (13655293.496.000) 2023-09-05 00:57:40 Started transferring input files
	Transferring to host: <128.105.69.157:9618?addrs=128.105.69.157-9618+[2607-f388-2200-100-1270-fdff-fe56-c3a4]-9618&alias=e4090.chtc.wisc.edu&noUDP&sock=slot1_36_1363133_4360_49290>
...
001 (13655293.496.000) 2023-09-05 00:58:11 Job executing on host: <128.105.69.157:9618?addrs=128.105.69.157-9618+[2607-f388-2200-100-1270-fdff-fe56-c3a4]-9618&alias=e4090.chtc.wisc.edu&noUDP&sock=startd_18322_f24e>
	SlotName: slot1_36@e4090.chtc.wisc.edu
	CondorScratchDir = "/var/lib/condor/execute/slot1/dir_559388"
	Cpus = 1
	Disk = 1208198
	IoHeavy = 0
	Memory = 4096
...
040 (13655293.496.000) 2023-09-05 00:58:11 Finished transferring input files
...
006 (13655293.496.000) 2023-09-05 00:58:20 Image size of job updated: 630892
	617  -  MemoryUsage of job (MB)
	630892  -  ResidentSetSize of job (KB)
...
006 (13655293.496.000) 2023-09-05 01:03:20 Image size of job updated: 974656
	952  -  MemoryUsage of job (MB)
	974656  -  ResidentSetSize of job (KB)
...
006 (13655293.496.000) 2023-09-05 01:08:21 Image size of job updated: 1245112
	1216  -  MemoryUsage of job (MB)
	1245112  -  ResidentSetSize of job (KB)
...
006 (13655293.496.000) 2023-09-05 01:13:21 Image size of job updated: 1267640
	1238  -  MemoryUsage of job (MB)
	1267540  -  ResidentSetSize of job (KB)
...
006 (13655293.496.000) 2023-09-05 01:18:21 Image size of job updated: 1279300
	1238  -  MemoryUsage of job (MB)
	1267540  -  ResidentSetSize of job (KB)
...
006 (13655293.496.000) 2023-09-05 23:23:59 Image size of job updated: 1414648
	1238  -  MemoryUsage of job (MB)
	1267540  -  ResidentSetSize of job (KB)
...
040 (13655293.496.000) 2023-09-05 23:23:59 Started transferring output files
...
040 (13655293.496.000) 2023-09-05 23:23:59 Finished transferring output files
...
005 (13655293.496.000) 2023-09-05 23:23:59 Job terminated.
	(1) Normal termination (return value 0)
		Usr 0 22:05:37, Sys 0 00:04:43  -  Run Remote Usage
		Usr 0 00:00:00, Sys 0 00:00:00  -  Run Local Usage
		Usr 0 22:05:37, Sys 0 00:04:43  -  Total Remote Usage
		Usr 0 00:00:00, Sys 0 00:00:00  -  Total Local Usage
	1309668  -  Run Bytes Sent By Job
	32652772  -  Run Bytes Received By Job
	1309668  -  Total Bytes Sent By Job
	32652772  -  Total Bytes Received By Job
	Partitionable Resources :     Usage  Request Allocated 
	   Cpus                 :      0.99        1         1 
	   Disk (KB)            : 274889      524288   1208198 
	   IoHeavy              :                            0 
	   Memory (MB)          :   1238        4096      4096 

	Job terminated of its own accord at 2023-09-06T04:23:59Z with exit-code 0.
...
