000 (13655293.320.000) 2023-09-05 00:33:11 Job submitted from host: <128.104.101.92:9618?addrs=128.104.101.92-9618+[2607-f388-107c-501-a236-9fff-fe3c-caa8]-9618&alias=submit2.chtc.wisc.edu&noUDP&sock=schedd_1879732_618e>
...
040 (13655293.320.000) 2023-09-05 00:53:17 Started transferring input files
	Transferring to host: <128.105.69.137:9618?addrs=128.105.69.137-9618+[2607-f388-2200-100-1270-fdff-fe56-d12c]-9618&alias=e4014.chtc.wisc.edu&noUDP&sock=slot1_5_1985361_2db7_52029>
...
001 (13655293.320.000) 2023-09-05 00:53:42 Job executing on host: <128.105.69.137:9618?addrs=128.105.69.137-9618+[2607-f388-2200-100-1270-fdff-fe56-d12c]-9618&alias=e4014.chtc.wisc.edu&noUDP&sock=startd_15862_9754>
	SlotName: slot1_5@e4014.chtc.wisc.edu
	CondorScratchDir = "/var/lib/condor/execute/slot1/dir_4085213"
	Cpus = 1
	Disk = 1208198
	IoHeavy = 0
	Memory = 4096
...
040 (13655293.320.000) 2023-09-05 00:53:42 Finished transferring input files
...
006 (13655293.320.000) 2023-09-05 00:53:51 Image size of job updated: 719260
	703  -  MemoryUsage of job (MB)
	719260  -  ResidentSetSize of job (KB)
...
006 (13655293.320.000) 2023-09-05 00:58:52 Image size of job updated: 1267092
	1238  -  MemoryUsage of job (MB)
	1266988  -  ResidentSetSize of job (KB)
...
006 (13655293.320.000) 2023-09-05 01:03:52 Image size of job updated: 1283104
	1238  -  MemoryUsage of job (MB)
	1266988  -  ResidentSetSize of job (KB)
...
006 (13655293.320.000) 2023-09-05 23:20:55 Image size of job updated: 1410512
	1238  -  MemoryUsage of job (MB)
	1266988  -  ResidentSetSize of job (KB)
...
040 (13655293.320.000) 2023-09-05 23:20:55 Started transferring output files
...
040 (13655293.320.000) 2023-09-05 23:20:55 Finished transferring output files
...
005 (13655293.320.000) 2023-09-05 23:20:55 Job terminated.
	(1) Normal termination (return value 0)
		Usr 0 22:05:15, Sys 0 00:03:42  -  Run Remote Usage
		Usr 0 00:00:00, Sys 0 00:00:00  -  Run Local Usage
		Usr 0 22:05:15, Sys 0 00:03:42  -  Total Remote Usage
		Usr 0 00:00:00, Sys 0 00:00:00  -  Total Local Usage
	1309688  -  Run Bytes Sent By Job
	32652772  -  Run Bytes Received By Job
	1309688  -  Total Bytes Sent By Job
	32652772  -  Total Bytes Received By Job
	Partitionable Resources :     Usage  Request Allocated 
	   Cpus                 :      0.98        1         1 
	   Disk (KB)            : 274891      524288   1208198 
	   IoHeavy              :                            0 
	   Memory (MB)          :   1238        4096      4096 

	Job terminated of its own accord at 2023-09-06T04:20:55Z with exit-code 0.
...
