000 (14269004.062.000) 2023-09-11 03:23:01 Job submitted from host: <128.104.101.92:9618?addrs=128.104.101.92-9618+[2607-f388-107c-501-a236-9fff-fe3c-caa8]-9618&alias=submit2.chtc.wisc.edu&noUDP&sock=schedd_1879732_618e>
...
040 (14269004.062.000) 2023-09-11 03:28:03 Started transferring input files
	Transferring to host: <128.105.69.157:9618?addrs=128.105.69.157-9618+[2607-f388-2200-100-1270-fdff-fe56-c3a4]-9618&alias=e4090.chtc.wisc.edu&noUDP&sock=slot1_106_1363133_4360_89236>
...
040 (14269004.062.000) 2023-09-11 03:28:06 Finished transferring input files
...
001 (14269004.062.000) 2023-09-11 03:28:07 Job executing on host: <128.105.69.157:9618?addrs=128.105.69.157-9618+[2607-f388-2200-100-1270-fdff-fe56-c3a4]-9618&alias=e4090.chtc.wisc.edu&noUDP&sock=startd_18322_f24e>
	SlotName: slot1_106@e4090.chtc.wisc.edu
	CondorScratchDir = "/var/lib/condor/execute/slot1/dir_2421970"
	Cpus = 1
	Disk = 1208198
	IoHeavy = 0
	Memory = 4096
...
006 (14269004.062.000) 2023-09-11 03:28:15 Image size of job updated: 253616
	243  -  MemoryUsage of job (MB)
	248056  -  ResidentSetSize of job (KB)
...
006 (14269004.062.000) 2023-09-11 03:31:25 Image size of job updated: 272360
	243  -  MemoryUsage of job (MB)
	248056  -  ResidentSetSize of job (KB)
...
040 (14269004.062.000) 2023-09-11 03:31:25 Started transferring output files
...
040 (14269004.062.000) 2023-09-11 03:31:25 Finished transferring output files
...
005 (14269004.062.000) 2023-09-11 03:31:25 Job terminated.
	(1) Normal termination (return value 0)
		Usr 0 00:03:10, Sys 0 00:00:03  -  Run Remote Usage
		Usr 0 00:00:00, Sys 0 00:00:00  -  Run Local Usage
		Usr 0 00:03:10, Sys 0 00:00:03  -  Total Remote Usage
		Usr 0 00:00:00, Sys 0 00:00:00  -  Total Local Usage
	104037  -  Run Bytes Sent By Job
	32664898  -  Run Bytes Received By Job
	104037  -  Total Bytes Sent By Job
	32664898  -  Total Bytes Received By Job
	Partitionable Resources :    Usage  Request Allocated 
	   Cpus                 :        0        1         1 
	   Disk (KB)            :   255884   524288   1208198 
	   IoHeavy              :                           0 
	   Memory (MB)          :      243     4096      4096 

	Job terminated of its own accord at 2023-09-11T08:31:25Z with exit-code 0.
...
