000 (13655293.223.000) 2023-09-05 00:33:11 Job submitted from host: <128.104.101.92:9618?addrs=128.104.101.92-9618+[2607-f388-107c-501-a236-9fff-fe3c-caa8]-9618&alias=submit2.chtc.wisc.edu&noUDP&sock=schedd_1879732_618e>
...
040 (13655293.223.000) 2023-09-05 00:44:42 Started transferring input files
	Transferring to host: <128.105.69.148:9618?addrs=128.105.69.148-9618+[2607-f388-2200-100-1270-fdff-fe56-ceec]-9618&alias=build4001.chtc.wisc.edu&noUDP&sock=slot3_14_2852113_5f65_68888>
...
040 (13655293.223.000) 2023-09-05 00:44:44 Finished transferring input files
...
001 (13655293.223.000) 2023-09-05 00:44:47 Job executing on host: <128.105.69.148:9618?addrs=128.105.69.148-9618+[2607-f388-2200-100-1270-fdff-fe56-ceec]-9618&alias=build4001.chtc.wisc.edu&noUDP&sock=startd_16163_0d56>
	SlotName: slot3_14@build4001.chtc.wisc.edu
	CondorScratchDir = "/var/lib/condor/execute/slot3/dir_909074"
	Cpus = 1
	Disk = 1208198
	IoHeavy = 0
	Memory = 4096
...
006 (13655293.223.000) 2023-09-05 00:44:55 Image size of job updated: 698460
	683  -  MemoryUsage of job (MB)
	698456  -  ResidentSetSize of job (KB)
...
006 (13655293.223.000) 2023-09-05 00:49:55 Image size of job updated: 1289036
	1059  -  MemoryUsage of job (MB)
	1083968  -  ResidentSetSize of job (KB)
...
006 (13655293.223.000) 2023-09-05 00:54:55 Image size of job updated: 1289036
	1072  -  MemoryUsage of job (MB)
	1097700  -  ResidentSetSize of job (KB)
...
006 (13655293.223.000) 2023-09-05 00:59:56 Image size of job updated: 1289036
	1073  -  MemoryUsage of job (MB)
	1098212  -  ResidentSetSize of job (KB)
...
006 (13655293.223.000) 2023-09-05 01:04:56 Image size of job updated: 1289036
	1080  -  MemoryUsage of job (MB)
	1105508  -  ResidentSetSize of job (KB)
...
006 (13655293.223.000) 2023-09-05 02:00:03 Image size of job updated: 1289036
	1086  -  MemoryUsage of job (MB)
	1111300  -  ResidentSetSize of job (KB)
...
006 (13655293.223.000) 2023-09-05 02:05:04 Image size of job updated: 1289036
	1089  -  MemoryUsage of job (MB)
	1114892  -  ResidentSetSize of job (KB)
...
006 (13655293.223.000) 2023-09-05 02:55:09 Image size of job updated: 1289036
	1090  -  MemoryUsage of job (MB)
	1115532  -  ResidentSetSize of job (KB)
...
006 (13655293.223.000) 2023-09-05 19:43:02 Image size of job updated: 1413596
	1090  -  MemoryUsage of job (MB)
	1115532  -  ResidentSetSize of job (KB)
...
040 (13655293.223.000) 2023-09-05 19:43:02 Started transferring output files
...
040 (13655293.223.000) 2023-09-05 19:43:02 Finished transferring output files
...
005 (13655293.223.000) 2023-09-05 19:43:02 Job terminated.
	(1) Normal termination (return value 0)
		Usr 0 18:39:54, Sys 0 00:02:22  -  Run Remote Usage
		Usr 0 00:00:00, Sys 0 00:00:00  -  Run Local Usage
		Usr 0 18:39:54, Sys 0 00:02:22  -  Total Remote Usage
		Usr 0 00:00:00, Sys 0 00:00:00  -  Total Local Usage
	1309800  -  Run Bytes Sent By Job
	32652772  -  Run Bytes Received By Job
	1309800  -  Total Bytes Sent By Job
	32652772  -  Total Bytes Received By Job
	Partitionable Resources :     Usage  Request Allocated 
	   Cpus                 :      0.99        1         1 
	   Disk (KB)            : 274911      524288   1208198 
	   IoHeavy              :                            0 
	   Memory (MB)          :   1090        4096      4096 

	Job terminated of its own accord at 2023-09-06T00:43:02Z with exit-code 0.
...
