000 (13655293.135.000) 2023-09-05 00:33:11 Job submitted from host: <128.104.101.92:9618?addrs=128.104.101.92-9618+[2607-f388-107c-501-a236-9fff-fe3c-caa8]-9618&alias=submit2.chtc.wisc.edu&noUDP&sock=schedd_1879732_618e>
...
040 (13655293.135.000) 2023-09-05 00:36:28 Started transferring input files
	Transferring to host: <128.105.69.171:9618?addrs=128.105.69.171-9618+[2607-f388-2200-100-1270-fdff-fe56-76ac]-9618&alias=e2554.chtc.wisc.edu&noUDP&sock=slot1_68_1826531_133c_47898>
...
001 (13655293.135.000) 2023-09-05 00:36:39 Job executing on host: <128.105.69.171:9618?addrs=128.105.69.171-9618+[2607-f388-2200-100-1270-fdff-fe56-76ac]-9618&alias=e2554.chtc.wisc.edu&noUDP&sock=startd_14106_1f06>
	SlotName: slot1_68@e2554.chtc.wisc.edu
	CondorScratchDir = "/var/lib/condor/execute/slot1/dir_1566146"
	Cpus = 1
	Disk = 1208198
	IoHeavy = 0
	Memory = 4096
...
040 (13655293.135.000) 2023-09-05 00:36:39 Finished transferring input files
...
006 (13655293.135.000) 2023-09-05 00:36:47 Image size of job updated: 598268
	585  -  MemoryUsage of job (MB)
	598268  -  ResidentSetSize of job (KB)
...
006 (13655293.135.000) 2023-09-05 00:41:47 Image size of job updated: 1175180
	956  -  MemoryUsage of job (MB)
	978904  -  ResidentSetSize of job (KB)
...
006 (13655293.135.000) 2023-09-05 00:46:49 Image size of job updated: 1175180
	972  -  MemoryUsage of job (MB)
	994720  -  ResidentSetSize of job (KB)
...
006 (13655293.135.000) 2023-09-05 00:56:49 Image size of job updated: 1175180
	976  -  MemoryUsage of job (MB)
	999240  -  ResidentSetSize of job (KB)
...
006 (13655293.135.000) 2023-09-05 01:11:51 Image size of job updated: 1175180
	991  -  MemoryUsage of job (MB)
	1014172  -  ResidentSetSize of job (KB)
...
006 (13655293.135.000) 2023-09-06 04:05:52 Image size of job updated: 1300116
	991  -  MemoryUsage of job (MB)
	1014172  -  ResidentSetSize of job (KB)
...
040 (13655293.135.000) 2023-09-06 04:05:52 Started transferring output files
...
040 (13655293.135.000) 2023-09-06 04:05:52 Finished transferring output files
...
005 (13655293.135.000) 2023-09-06 04:05:52 Job terminated.
	(1) Normal termination (return value 0)
		Usr 1 02:54:02, Sys 0 00:04:47  -  Run Remote Usage
		Usr 0 00:00:00, Sys 0 00:00:00  -  Run Local Usage
		Usr 1 02:54:02, Sys 0 00:04:47  -  Total Remote Usage
		Usr 0 00:00:00, Sys 0 00:00:00  -  Total Local Usage
	1309541  -  Run Bytes Sent By Job
	32652772  -  Run Bytes Received By Job
	1309541  -  Total Bytes Sent By Job
	32652772  -  Total Bytes Received By Job
	Partitionable Resources :     Usage  Request Allocated 
	   Cpus                 :      0.98        1         1 
	   Disk (KB)            : 274914      524288   1208198 
	   IoHeavy              :                            0 
	   Memory (MB)          :    991        4096      4096 

	Job terminated of its own accord at 2023-09-06T09:05:52Z with exit-code 0.
...
