000 (14312691.012.000) 2023-09-11 11:54:06 Job submitted from host: <128.104.101.92:9618?addrs=128.104.101.92-9618+[2607-f388-107c-501-a236-9fff-fe3c-caa8]-9618&alias=submit2.chtc.wisc.edu&noUDP&sock=schedd_1879732_618e>
...
040 (14312691.012.000) 2023-09-11 12:00:23 Started transferring input files
	Transferring to host: <128.105.69.185:9618?addrs=128.105.69.185-9618+[2607-f388-2200-100-1270-fdff-fe56-c0d4]-9618&alias=e4037.chtc.wisc.edu&noUDP&sock=slot1_65_2954895_96f9_104765>
...
040 (14312691.012.000) 2023-09-11 12:00:25 Finished transferring input files
...
001 (14312691.012.000) 2023-09-11 12:00:27 Job executing on host: <128.105.69.185:9618?addrs=128.105.69.185-9618+[2607-f388-2200-100-1270-fdff-fe56-c0d4]-9618&alias=e4037.chtc.wisc.edu&noUDP&sock=startd_16018_981a>
	SlotName: slot1_65@e4037.chtc.wisc.edu
	CondorScratchDir = "/var/lib/condor/execute/slot1/dir_1105989"
	Cpus = 1
	Disk = 1208198
	IoHeavy = 0
	Memory = 4096
...
006 (14312691.012.000) 2023-09-11 12:00:37 Image size of job updated: 273476
	163  -  MemoryUsage of job (MB)
	166856  -  ResidentSetSize of job (KB)
...
006 (14312691.012.000) 2023-09-11 12:05:37 Image size of job updated: 273476
	188  -  MemoryUsage of job (MB)
	192296  -  ResidentSetSize of job (KB)
...
006 (14312691.012.000) 2023-09-11 12:10:37 Image size of job updated: 273476
	188  -  MemoryUsage of job (MB)
	192328  -  ResidentSetSize of job (KB)
...
040 (14312691.012.000) 2023-09-11 12:11:01 Started transferring output files
...
040 (14312691.012.000) 2023-09-11 12:11:01 Finished transferring output files
...
005 (14312691.012.000) 2023-09-11 12:11:01 Job terminated.
	(1) Normal termination (return value 0)
		Usr 0 00:10:21, Sys 0 00:00:03  -  Run Remote Usage
		Usr 0 00:00:00, Sys 0 00:00:00  -  Run Local Usage
		Usr 0 00:10:21, Sys 0 00:00:03  -  Total Remote Usage
		Usr 0 00:00:00, Sys 0 00:00:00  -  Total Local Usage
	240788  -  Run Bytes Sent By Job
	32664896  -  Run Bytes Received By Job
	240788  -  Total Bytes Sent By Job
	32664896  -  Total Bytes Received By Job
	Partitionable Resources :     Usage  Request Allocated 
	   Cpus                 :      0.99        1         1 
	   Disk (KB)            : 255148      524288   1208198 
	   IoHeavy              :                            0 
	   Memory (MB)          :    188        4096      4096 

	Job terminated of its own accord at 2023-09-11T17:11:01Z with exit-code 0.
...
