000 (13655293.013.000) 2023-09-05 00:33:11 Job submitted from host: <128.104.101.92:9618?addrs=128.104.101.92-9618+[2607-f388-107c-501-a236-9fff-fe3c-caa8]-9618&alias=submit2.chtc.wisc.edu&noUDP&sock=schedd_1879732_618e>
...
040 (13655293.013.000) 2023-09-05 00:35:53 Started transferring input files
	Transferring to host: <128.105.69.97:9618?addrs=128.105.69.97-9618+[2607-f388-2200-100-1270-fdff-fe56-6e54]-9618&alias=e4008.chtc.wisc.edu&noUDP&sock=slot1_38_1090882_ce01_49927>
...
040 (13655293.013.000) 2023-09-05 00:35:55 Finished transferring input files
...
001 (13655293.013.000) 2023-09-05 00:35:56 Job executing on host: <128.105.69.97:9618?addrs=128.105.69.97-9618+[2607-f388-2200-100-1270-fdff-fe56-6e54]-9618&alias=e4008.chtc.wisc.edu&noUDP&sock=startd_813426_2817>
	SlotName: slot1_38@e4008.chtc.wisc.edu
	CondorScratchDir = "/var/lib/condor/execute/slot1/dir_4039690"
	Cpus = 1
	Disk = 1208198
	IoHeavy = 0
	Memory = 4096
...
006 (13655293.013.000) 2023-09-05 00:36:05 Image size of job updated: 595624
	582  -  MemoryUsage of job (MB)
	595624  -  ResidentSetSize of job (KB)
...
006 (13655293.013.000) 2023-09-05 00:41:06 Image size of job updated: 1189976
	951  -  MemoryUsage of job (MB)
	972844  -  ResidentSetSize of job (KB)
...
006 (13655293.013.000) 2023-09-05 00:46:06 Image size of job updated: 1189976
	952  -  MemoryUsage of job (MB)
	974228  -  ResidentSetSize of job (KB)
...
006 (13655293.013.000) 2023-09-05 00:51:07 Image size of job updated: 1189976
	955  -  MemoryUsage of job (MB)
	977288  -  ResidentSetSize of job (KB)
...
006 (13655293.013.000) 2023-09-05 00:56:07 Image size of job updated: 1189976
	956  -  MemoryUsage of job (MB)
	978312  -  ResidentSetSize of job (KB)
...
006 (13655293.013.000) 2023-09-05 01:11:08 Image size of job updated: 1189976
	958  -  MemoryUsage of job (MB)
	980924  -  ResidentSetSize of job (KB)
...
006 (13655293.013.000) 2023-09-05 01:21:09 Image size of job updated: 1189976
	966  -  MemoryUsage of job (MB)
	988348  -  ResidentSetSize of job (KB)
...
006 (13655293.013.000) 2023-09-05 02:16:14 Image size of job updated: 1189976
	967  -  MemoryUsage of job (MB)
	989328  -  ResidentSetSize of job (KB)
...
006 (13655293.013.000) 2023-09-05 22:58:24 Image size of job updated: 1252368
	1080  -  MemoryUsage of job (MB)
	1104940  -  ResidentSetSize of job (KB)
...
040 (13655293.013.000) 2023-09-05 22:58:52 Started transferring output files
...
040 (13655293.013.000) 2023-09-05 22:58:52 Finished transferring output files
...
005 (13655293.013.000) 2023-09-05 22:58:52 Job terminated.
	(1) Normal termination (return value 0)
		Usr 0 22:03:19, Sys 0 00:03:41  -  Run Remote Usage
		Usr 0 00:00:00, Sys 0 00:00:00  -  Run Local Usage
		Usr 0 22:03:19, Sys 0 00:03:41  -  Total Remote Usage
		Usr 0 00:00:00, Sys 0 00:00:00  -  Total Local Usage
	1309631  -  Run Bytes Sent By Job
	32652772  -  Run Bytes Received By Job
	1309631  -  Total Bytes Sent By Job
	32652772  -  Total Bytes Received By Job
	Partitionable Resources :     Usage  Request Allocated 
	   Cpus                 :      0.99        1         1 
	   Disk (KB)            : 274915      524288   1208198 
	   IoHeavy              :                            0 
	   Memory (MB)          :   1080        4096      4096 

	Job terminated of its own accord at 2023-09-06T03:58:51Z with exit-code 0.
...
