000 (14312692.026.000) 2023-09-11 11:54:29 Job submitted from host: <128.104.101.92:9618?addrs=128.104.101.92-9618+[2607-f388-107c-501-a236-9fff-fe3c-caa8]-9618&alias=submit2.chtc.wisc.edu&noUDP&sock=schedd_1879732_618e>
...
040 (14312692.026.000) 2023-09-11 12:00:38 Started transferring input files
	Transferring to host: <128.105.69.137:9618?addrs=128.105.69.137-9618+[2607-f388-2200-100-1270-fdff-fe56-d12c]-9618&alias=e4014.chtc.wisc.edu&noUDP&sock=slot1_35_1985361_2db7_89259>
...
040 (14312692.026.000) 2023-09-11 12:00:40 Finished transferring input files
...
001 (14312692.026.000) 2023-09-11 12:00:42 Job executing on host: <128.105.69.137:9618?addrs=128.105.69.137-9618+[2607-f388-2200-100-1270-fdff-fe56-d12c]-9618&alias=e4014.chtc.wisc.edu&noUDP&sock=startd_15862_9754>
	SlotName: slot1_35@e4014.chtc.wisc.edu
	CondorScratchDir = "/var/lib/condor/execute/slot1/dir_911719"
	Cpus = 1
	Disk = 1208198
	IoHeavy = 0
	Memory = 4096
...
006 (14312692.026.000) 2023-09-11 12:00:51 Image size of job updated: 523812
	512  -  MemoryUsage of job (MB)
	523812  -  ResidentSetSize of job (KB)
...
006 (14312692.026.000) 2023-09-11 12:05:52 Image size of job updated: 837748
	513  -  MemoryUsage of job (MB)
	524580  -  ResidentSetSize of job (KB)
...
040 (14312692.026.000) 2023-09-11 12:06:12 Started transferring output files
...
040 (14312692.026.000) 2023-09-11 12:06:12 Finished transferring output files
...
005 (14312692.026.000) 2023-09-11 12:06:12 Job terminated.
	(1) Normal termination (return value 0)
		Usr 0 00:05:16, Sys 0 00:00:08  -  Run Remote Usage
		Usr 0 00:00:00, Sys 0 00:00:00  -  Run Local Usage
		Usr 0 00:05:16, Sys 0 00:00:08  -  Total Remote Usage
		Usr 0 00:00:00, Sys 0 00:00:00  -  Total Local Usage
	169058  -  Run Bytes Sent By Job
	32720412  -  Run Bytes Received By Job
	169058  -  Total Bytes Sent By Job
	32720412  -  Total Bytes Received By Job
	Partitionable Resources :     Usage  Request Allocated 
	   Cpus                 :      0.99        1         1 
	   Disk (KB)            : 261332      524288   1208198 
	   IoHeavy              :                            0 
	   Memory (MB)          :    513        4096      4096 

	Job terminated of its own accord at 2023-09-11T17:06:12Z with exit-code 0.
...
