000 (13655293.044.000) 2023-09-05 00:33:11 Job submitted from host: <128.104.101.92:9618?addrs=128.104.101.92-9618+[2607-f388-107c-501-a236-9fff-fe3c-caa8]-9618&alias=submit2.chtc.wisc.edu&noUDP&sock=schedd_1879732_618e>
...
040 (13655293.044.000) 2023-09-05 00:36:09 Started transferring input files
	Transferring to host: <128.105.69.203:9618?addrs=128.105.69.203-9618+[2607-f388-2200-100-1270-fdff-fe56-c37c]-9618&alias=e4034.chtc.wisc.edu&noUDP&sock=slot1_25_3185209_a34f_50130>
...
040 (13655293.044.000) 2023-09-05 00:36:10 Finished transferring input files
...
001 (13655293.044.000) 2023-09-05 00:36:14 Job executing on host: <128.105.69.203:9618?addrs=128.105.69.203-9618+[2607-f388-2200-100-1270-fdff-fe56-c37c]-9618&alias=e4034.chtc.wisc.edu&noUDP&sock=startd_15838_210e>
	SlotName: slot1_25@e4034.chtc.wisc.edu
	CondorScratchDir = "/var/lib/condor/execute/slot1/dir_2160050"
	Cpus = 1
	Disk = 1208198
	IoHeavy = 0
	Memory = 4096
...
006 (13655293.044.000) 2023-09-05 00:36:22 Image size of job updated: 727496
	711  -  MemoryUsage of job (MB)
	727492  -  ResidentSetSize of job (KB)
...
006 (13655293.044.000) 2023-09-05 00:41:23 Image size of job updated: 1326760
	1102  -  MemoryUsage of job (MB)
	1128288  -  ResidentSetSize of job (KB)
...
006 (13655293.044.000) 2023-09-05 00:46:24 Image size of job updated: 1326760
	1118  -  MemoryUsage of job (MB)
	1144160  -  ResidentSetSize of job (KB)
...
006 (13655293.044.000) 2023-09-05 00:51:24 Image size of job updated: 1326760
	1121  -  MemoryUsage of job (MB)
	1147488  -  ResidentSetSize of job (KB)
...
006 (13655293.044.000) 2023-09-05 01:06:26 Image size of job updated: 1326760
	1127  -  MemoryUsage of job (MB)
	1153056  -  ResidentSetSize of job (KB)
...
006 (13655293.044.000) 2023-09-05 04:06:47 Image size of job updated: 1326760
	1128  -  MemoryUsage of job (MB)
	1154068  -  ResidentSetSize of job (KB)
...
006 (13655293.044.000) 2023-09-05 05:01:52 Image size of job updated: 1326760
	1128  -  MemoryUsage of job (MB)
	1154324  -  ResidentSetSize of job (KB)
...
006 (13655293.044.000) 2023-09-05 05:56:57 Image size of job updated: 1326760
	1128  -  MemoryUsage of job (MB)
	1154328  -  ResidentSetSize of job (KB)
...
006 (13655293.044.000) 2023-09-05 21:18:22 Image size of job updated: 1401016
	1369  -  MemoryUsage of job (MB)
	1401012  -  ResidentSetSize of job (KB)
...
040 (13655293.044.000) 2023-09-05 21:18:59 Started transferring output files
...
040 (13655293.044.000) 2023-09-05 21:18:59 Finished transferring output files
...
005 (13655293.044.000) 2023-09-05 21:18:59 Job terminated.
	(1) Normal termination (return value 0)
		Usr 0 20:20:15, Sys 0 00:03:28  -  Run Remote Usage
		Usr 0 00:00:00, Sys 0 00:00:00  -  Run Local Usage
		Usr 0 20:20:15, Sys 0 00:03:28  -  Total Remote Usage
		Usr 0 00:00:00, Sys 0 00:00:00  -  Total Local Usage
	1309379  -  Run Bytes Sent By Job
	32652772  -  Run Bytes Received By Job
	1309379  -  Total Bytes Sent By Job
	32652772  -  Total Bytes Received By Job
	Partitionable Resources :     Usage  Request Allocated 
	   Cpus                 :      0.98        1         1 
	   Disk (KB)            : 274916      524288   1208198 
	   IoHeavy              :                            0 
	   Memory (MB)          :   1369        4096      4096 

	Job terminated of its own accord at 2023-09-06T02:18:59Z with exit-code 0.
...
