000 (13655293.382.000) 2023-09-05 00:33:11 Job submitted from host: <128.104.101.92:9618?addrs=128.104.101.92-9618+[2607-f388-107c-501-a236-9fff-fe3c-caa8]-9618&alias=submit2.chtc.wisc.edu&noUDP&sock=schedd_1879732_618e>
...
040 (13655293.382.000) 2023-09-05 00:54:22 Started transferring input files
	Transferring to host: <128.105.69.191:9618?addrs=128.105.69.191-9618+[2607-f388-2200-100-1270-fdff-fe56-3d4c]-9618&alias=e4044.chtc.wisc.edu&noUDP&sock=slot1_73_852826_d131_11578>
...
040 (13655293.382.000) 2023-09-05 00:54:24 Finished transferring input files
...
001 (13655293.382.000) 2023-09-05 00:54:25 Job executing on host: <128.105.69.191:9618?addrs=128.105.69.191-9618+[2607-f388-2200-100-1270-fdff-fe56-3d4c]-9618&alias=e4044.chtc.wisc.edu&noUDP&sock=startd_16542_03ba>
	SlotName: slot1_73@e4044.chtc.wisc.edu
	CondorScratchDir = "/var/lib/condor/execute/slot1/dir_2530322"
	Cpus = 1
	Disk = 1208198
	IoHeavy = 0
	Memory = 4096
...
006 (13655293.382.000) 2023-09-05 00:54:33 Image size of job updated: 583780
	571  -  MemoryUsage of job (MB)
	583780  -  ResidentSetSize of job (KB)
...
006 (13655293.382.000) 2023-09-05 00:59:33 Image size of job updated: 1180344
	954  -  MemoryUsage of job (MB)
	976492  -  ResidentSetSize of job (KB)
...
006 (13655293.382.000) 2023-09-05 01:04:34 Image size of job updated: 1180344
	970  -  MemoryUsage of job (MB)
	992636  -  ResidentSetSize of job (KB)
...
006 (13655293.382.000) 2023-09-05 01:09:34 Image size of job updated: 1180344
	971  -  MemoryUsage of job (MB)
	993732  -  ResidentSetSize of job (KB)
...
006 (13655293.382.000) 2023-09-05 01:14:35 Image size of job updated: 1180344
	985  -  MemoryUsage of job (MB)
	1007812  -  ResidentSetSize of job (KB)
...
006 (13655293.382.000) 2023-09-05 02:44:43 Image size of job updated: 1180344
	985  -  MemoryUsage of job (MB)
	1008340  -  ResidentSetSize of job (KB)
...
006 (13655293.382.000) 2023-09-05 21:55:26 Image size of job updated: 1309040
	985  -  MemoryUsage of job (MB)
	1008340  -  ResidentSetSize of job (KB)
...
040 (13655293.382.000) 2023-09-05 21:55:27 Started transferring output files
...
040 (13655293.382.000) 2023-09-05 21:55:27 Finished transferring output files
...
005 (13655293.382.000) 2023-09-05 21:55:27 Job terminated.
	(1) Normal termination (return value 0)
		Usr 0 20:40:10, Sys 0 00:04:17  -  Run Remote Usage
		Usr 0 00:00:00, Sys 0 00:00:00  -  Run Local Usage
		Usr 0 20:40:10, Sys 0 00:04:17  -  Total Remote Usage
		Usr 0 00:00:00, Sys 0 00:00:00  -  Total Local Usage
	1309718  -  Run Bytes Sent By Job
	32652772  -  Run Bytes Received By Job
	1309718  -  Total Bytes Sent By Job
	32652772  -  Total Bytes Received By Job
	Partitionable Resources :     Usage  Request Allocated 
	   Cpus                 :      0.99        1         1 
	   Disk (KB)            : 274884      524288   1208198 
	   IoHeavy              :                            0 
	   Memory (MB)          :    985        4096      4096 

	Job terminated of its own accord at 2023-09-06T02:55:26Z with exit-code 0.
...
