000 (13648508.121.000) 2023-09-04 23:50:03 Job submitted from host: <128.104.101.92:9618?addrs=128.104.101.92-9618+[2607-f388-107c-501-a236-9fff-fe3c-caa8]-9618&alias=submit2.chtc.wisc.edu&noUDP&sock=schedd_1879732_618e>
...
040 (13648508.121.000) 2023-09-05 00:11:08 Started transferring input files
	Transferring to host: <128.105.69.147:9618?addrs=128.105.69.147-9618+[2607-f388-2200-100-1270-fdff-fe56-d184]-9618&alias=e4024.chtc.wisc.edu&noUDP&sock=slot1_29_569183_aa03_69145>
...
040 (13648508.121.000) 2023-09-05 00:11:10 Finished transferring input files
...
001 (13648508.121.000) 2023-09-05 00:11:11 Job executing on host: <128.105.69.147:9618?addrs=128.105.69.147-9618+[2607-f388-2200-100-1270-fdff-fe56-d184]-9618&alias=e4024.chtc.wisc.edu&noUDP&sock=startd_15926_7d64>
	SlotName: slot1_29@e4024.chtc.wisc.edu
	CondorScratchDir = "/var/lib/condor/execute/slot1/dir_2892836"
	Cpus = 1
	Disk = 1208198
	IoHeavy = 0
	Memory = 4096
...
006 (13648508.121.000) 2023-09-05 00:11:20 Image size of job updated: 379300
	267  -  MemoryUsage of job (MB)
	273188  -  ResidentSetSize of job (KB)
...
040 (13648508.121.000) 2023-09-05 00:11:53 Started transferring output files
...
040 (13648508.121.000) 2023-09-05 00:11:53 Finished transferring output files
...
005 (13648508.121.000) 2023-09-05 00:11:53 Job terminated.
	(1) Normal termination (return value 0)
		Usr 0 00:00:38, Sys 0 00:00:00  -  Run Remote Usage
		Usr 0 00:00:00, Sys 0 00:00:00  -  Run Local Usage
		Usr 0 00:00:38, Sys 0 00:00:00  -  Total Remote Usage
		Usr 0 00:00:00, Sys 0 00:00:00  -  Total Local Usage
	28301  -  Run Bytes Sent By Job
	32665120  -  Run Bytes Received By Job
	28301  -  Total Bytes Sent By Job
	32665120  -  Total Bytes Received By Job
	Partitionable Resources :    Usage  Request Allocated 
	   Cpus                 :                 1         1 
	   Disk (KB)            :   254933   524288   1208198 
	   IoHeavy              :                           0 
	   Memory (MB)          :      267     4096      4096 

	Job terminated of its own accord at 2023-09-05T05:11:52Z with exit-code 0.
...
