000 (13655293.149.000) 2023-09-05 00:33:11 Job submitted from host: <128.104.101.92:9618?addrs=128.104.101.92-9618+[2607-f388-107c-501-a236-9fff-fe3c-caa8]-9618&alias=submit2.chtc.wisc.edu&noUDP&sock=schedd_1879732_618e>
...
040 (13655293.149.000) 2023-09-05 00:37:37 Started transferring input files
	Transferring to host: <128.105.69.200:9618?addrs=128.105.69.200-9618+[2607-f388-2200-100-1270-fdff-fe36-581c]-9618&alias=e4029.chtc.wisc.edu&noUDP&sock=slot1_66_312628_7522_53392>
...
040 (13655293.149.000) 2023-09-05 00:37:39 Finished transferring input files
...
001 (13655293.149.000) 2023-09-05 00:37:41 Job executing on host: <128.105.69.200:9618?addrs=128.105.69.200-9618+[2607-f388-2200-100-1270-fdff-fe36-581c]-9618&alias=e4029.chtc.wisc.edu&noUDP&sock=startd_15873_22df>
	SlotName: slot1_66@e4029.chtc.wisc.edu
	CondorScratchDir = "/var/lib/condor/execute/slot1/dir_1882381"
	Cpus = 1
	Disk = 1208198
	IoHeavy = 0
	Memory = 4096
...
006 (13655293.149.000) 2023-09-05 00:37:49 Image size of job updated: 580328
	567  -  MemoryUsage of job (MB)
	580328  -  ResidentSetSize of job (KB)
...
006 (13655293.149.000) 2023-09-05 00:42:49 Image size of job updated: 1179772
	955  -  MemoryUsage of job (MB)
	977604  -  ResidentSetSize of job (KB)
...
006 (13655293.149.000) 2023-09-05 00:47:50 Image size of job updated: 1179772
	972  -  MemoryUsage of job (MB)
	995068  -  ResidentSetSize of job (KB)
...
006 (13655293.149.000) 2023-09-05 00:52:50 Image size of job updated: 1179772
	984  -  MemoryUsage of job (MB)
	1006844  -  ResidentSetSize of job (KB)
...
006 (13655293.149.000) 2023-09-05 01:47:56 Image size of job updated: 1179772
	987  -  MemoryUsage of job (MB)
	1010288  -  ResidentSetSize of job (KB)
...
006 (13655293.149.000) 2023-09-05 23:29:19 Image size of job updated: 1307288
	987  -  MemoryUsage of job (MB)
	1010288  -  ResidentSetSize of job (KB)
...
040 (13655293.149.000) 2023-09-05 23:29:19 Started transferring output files
...
040 (13655293.149.000) 2023-09-05 23:29:19 Finished transferring output files
...
005 (13655293.149.000) 2023-09-05 23:29:19 Job terminated.
	(1) Normal termination (return value 0)
		Usr 0 22:26:15, Sys 0 00:04:00  -  Run Remote Usage
		Usr 0 00:00:00, Sys 0 00:00:00  -  Run Local Usage
		Usr 0 22:26:15, Sys 0 00:04:00  -  Total Remote Usage
		Usr 0 00:00:00, Sys 0 00:00:00  -  Total Local Usage
	1309751  -  Run Bytes Sent By Job
	32652772  -  Run Bytes Received By Job
	1309751  -  Total Bytes Sent By Job
	32652772  -  Total Bytes Received By Job
	Partitionable Resources :     Usage  Request Allocated 
	   Cpus                 :      0.99        1         1 
	   Disk (KB)            : 274893      524288   1208198 
	   IoHeavy              :                            0 
	   Memory (MB)          :    987        4096      4096 

	Job terminated of its own accord at 2023-09-06T04:29:19Z with exit-code 0.
...
