000 (13648508.138.000) 2023-09-04 23:50:03 Job submitted from host: <128.104.101.92:9618?addrs=128.104.101.92-9618+[2607-f388-107c-501-a236-9fff-fe3c-caa8]-9618&alias=submit2.chtc.wisc.edu&noUDP&sock=schedd_1879732_618e>
...
040 (13648508.138.000) 2023-09-05 00:12:25 Started transferring input files
	Transferring to host: <128.105.69.216:9618?addrs=128.105.69.216-9618&alias=e2599.chtc.wisc.edu&noUDP&sock=slot1_49_2943992_709e_39440>
...
040 (13648508.138.000) 2023-09-05 00:12:27 Finished transferring input files
...
001 (13648508.138.000) 2023-09-05 00:12:28 Job executing on host: <128.105.69.216:9618?addrs=128.105.69.216-9618&alias=e2599.chtc.wisc.edu&noUDP&sock=startd_18846_5def>
	SlotName: slot1_49@e2599.chtc.wisc.edu
	CondorScratchDir = "/var/lib/condor/execute/slot1/dir_356127"
	Cpus = 1
	Disk = 749021
	IoHeavy = 0
	Memory = 4096
...
006 (13648508.138.000) 2023-09-05 00:12:37 Image size of job updated: 379936
	269  -  MemoryUsage of job (MB)
	275076  -  ResidentSetSize of job (KB)
...
040 (13648508.138.000) 2023-09-05 00:13:23 Started transferring output files
...
040 (13648508.138.000) 2023-09-05 00:13:23 Finished transferring output files
...
005 (13648508.138.000) 2023-09-05 00:13:24 Job terminated.
	(1) Normal termination (return value 0)
		Usr 0 00:00:51, Sys 0 00:00:01  -  Run Remote Usage
		Usr 0 00:00:00, Sys 0 00:00:00  -  Run Local Usage
		Usr 0 00:00:51, Sys 0 00:00:01  -  Total Remote Usage
		Usr 0 00:00:00, Sys 0 00:00:00  -  Total Local Usage
	28521  -  Run Bytes Sent By Job
	32664644  -  Run Bytes Received By Job
	28521  -  Total Bytes Sent By Job
	32664644  -  Total Bytes Received By Job
	Partitionable Resources :    Usage  Request Allocated 
	   Cpus                 :                 1         1 
	   Disk (KB)            :   254932   524288    749021 
	   IoHeavy              :                           0 
	   Memory (MB)          :      269     4096      4096 

	Job terminated of its own accord at 2023-09-05T05:13:22Z with exit-code 0.
...
