000 (13655293.298.000) 2023-09-05 00:33:11 Job submitted from host: <128.104.101.92:9618?addrs=128.104.101.92-9618+[2607-f388-107c-501-a236-9fff-fe3c-caa8]-9618&alias=submit2.chtc.wisc.edu&noUDP&sock=schedd_1879732_618e>
...
040 (13655293.298.000) 2023-09-05 00:53:16 Started transferring input files
	Transferring to host: <128.105.69.149:9618?addrs=128.105.69.149-9618+[2607-f388-2200-100-1270-fdff-fe56-63bc]-9618&alias=e4026.chtc.wisc.edu&noUDP&sock=slot1_29_174454_5fef_44854>
...
001 (13655293.298.000) 2023-09-05 00:53:32 Job executing on host: <128.105.69.149:9618?addrs=128.105.69.149-9618+[2607-f388-2200-100-1270-fdff-fe56-63bc]-9618&alias=e4026.chtc.wisc.edu&noUDP&sock=startd_15915_f1d9>
	SlotName: slot1_29@e4026.chtc.wisc.edu
	CondorScratchDir = "/var/lib/condor/execute/slot1/dir_2374478"
	Cpus = 1
	Disk = 1208198
	IoHeavy = 0
	Memory = 4096
...
040 (13655293.298.000) 2023-09-05 00:53:33 Finished transferring input files
...
006 (13655293.298.000) 2023-09-05 00:53:41 Image size of job updated: 623416
	609  -  MemoryUsage of job (MB)
	623416  -  ResidentSetSize of job (KB)
...
006 (13655293.298.000) 2023-09-05 00:58:41 Image size of job updated: 1267196
	1238  -  MemoryUsage of job (MB)
	1267192  -  ResidentSetSize of job (KB)
...
006 (13655293.298.000) 2023-09-05 01:03:42 Image size of job updated: 1278704
	1238  -  MemoryUsage of job (MB)
	1267192  -  ResidentSetSize of job (KB)
...
006 (13655293.298.000) 2023-09-05 15:50:14 Image size of job updated: 1325768
	1238  -  MemoryUsage of job (MB)
	1267192  -  ResidentSetSize of job (KB)
...
040 (13655293.298.000) 2023-09-05 15:50:38 Started transferring output files
...
040 (13655293.298.000) 2023-09-05 15:50:39 Finished transferring output files
...
005 (13655293.298.000) 2023-09-05 15:50:44 Job terminated.
	(1) Normal termination (return value 0)
		Usr 0 14:46:25, Sys 0 00:01:48  -  Run Remote Usage
		Usr 0 00:00:00, Sys 0 00:00:00  -  Run Local Usage
		Usr 0 14:46:25, Sys 0 00:01:48  -  Total Remote Usage
		Usr 0 00:00:00, Sys 0 00:00:00  -  Total Local Usage
	1309640  -  Run Bytes Sent By Job
	32652772  -  Run Bytes Received By Job
	1309640  -  Total Bytes Sent By Job
	32652772  -  Total Bytes Received By Job
	Partitionable Resources :     Usage  Request Allocated 
	   Cpus                 :      0.99        1         1 
	   Disk (KB)            : 274916      524288   1208198 
	   IoHeavy              :                            0 
	   Memory (MB)          :   1238        4096      4096 

	Job terminated of its own accord at 2023-09-05T20:50:35Z with exit-code 0.
...
