000 (13655293.283.000) 2023-09-05 00:33:11 Job submitted from host: <128.104.101.92:9618?addrs=128.104.101.92-9618+[2607-f388-107c-501-a236-9fff-fe3c-caa8]-9618&alias=submit2.chtc.wisc.edu&noUDP&sock=schedd_1879732_618e>
...
040 (13655293.283.000) 2023-09-05 00:52:24 Started transferring input files
	Transferring to host: <128.105.69.188:9618?addrs=128.105.69.188-9618+[2607-f388-2200-100-1270-fdff-fe56-bf54]-9618&alias=e4040.chtc.wisc.edu&noUDP&sock=slot1_26_2837677_e79a_49831>
...
001 (13655293.283.000) 2023-09-05 00:52:29 Job executing on host: <128.105.69.188:9618?addrs=128.105.69.188-9618+[2607-f388-2200-100-1270-fdff-fe56-bf54]-9618&alias=e4040.chtc.wisc.edu&noUDP&sock=startd_15998_e035>
	SlotName: slot1_26@e4040.chtc.wisc.edu
	CondorScratchDir = "/var/lib/condor/execute/slot1/dir_2859805"
	Cpus = 1
	Disk = 1208198
	IoHeavy = 0
	Memory = 4096
...
040 (13655293.283.000) 2023-09-05 00:52:29 Finished transferring input files
...
006 (13655293.283.000) 2023-09-05 00:52:37 Image size of job updated: 525296
	513  -  MemoryUsage of job (MB)
	525296  -  ResidentSetSize of job (KB)
...
006 (13655293.283.000) 2023-09-05 00:57:37 Image size of job updated: 1160804
	983  -  MemoryUsage of job (MB)
	1005656  -  ResidentSetSize of job (KB)
...
006 (13655293.283.000) 2023-09-05 01:02:37 Image size of job updated: 1181272
	983  -  MemoryUsage of job (MB)
	1005656  -  ResidentSetSize of job (KB)
...
006 (13655293.283.000) 2023-09-05 03:12:51 Image size of job updated: 1181272
	983  -  MemoryUsage of job (MB)
	1006032  -  ResidentSetSize of job (KB)
...
006 (13655293.283.000) 2023-09-06 01:28:48 Image size of job updated: 1301272
	983  -  MemoryUsage of job (MB)
	1006032  -  ResidentSetSize of job (KB)
...
040 (13655293.283.000) 2023-09-06 01:28:48 Started transferring output files
...
040 (13655293.283.000) 2023-09-06 01:28:49 Finished transferring output files
...
005 (13655293.283.000) 2023-09-06 01:28:49 Job terminated.
	(1) Normal termination (return value 0)
		Usr 1 00:04:49, Sys 0 00:04:21  -  Run Remote Usage
		Usr 0 00:00:00, Sys 0 00:00:00  -  Run Local Usage
		Usr 1 00:04:49, Sys 0 00:04:21  -  Total Remote Usage
		Usr 0 00:00:00, Sys 0 00:00:00  -  Total Local Usage
	1309405  -  Run Bytes Sent By Job
	32652772  -  Run Bytes Received By Job
	1309405  -  Total Bytes Sent By Job
	32652772  -  Total Bytes Received By Job
	Partitionable Resources :     Usage  Request Allocated 
	   Cpus                 :      0.99        1         1 
	   Disk (KB)            : 274898      524288   1208198 
	   IoHeavy              :                            0 
	   Memory (MB)          :    983        4096      4096 

	Job terminated of its own accord at 2023-09-06T06:28:48Z with exit-code 0.
...
