000 (13655293.092.000) 2023-09-05 00:33:11 Job submitted from host: <128.104.101.92:9618?addrs=128.104.101.92-9618+[2607-f388-107c-501-a236-9fff-fe3c-caa8]-9618&alias=submit2.chtc.wisc.edu&noUDP&sock=schedd_1879732_618e>
...
040 (13655293.092.000) 2023-09-05 00:36:20 Started transferring input files
	Transferring to host: <128.105.69.155:9618?addrs=128.105.69.155-9618+[2607-f388-2200-100-1270-fdff-fe56-476c]-9618&alias=e4088.chtc.wisc.edu&noUDP&sock=slot1_80_2192573_c721_68088>
...
001 (13655293.092.000) 2023-09-05 00:36:28 Job executing on host: <128.105.69.155:9618?addrs=128.105.69.155-9618+[2607-f388-2200-100-1270-fdff-fe56-476c]-9618&alias=e4088.chtc.wisc.edu&noUDP&sock=startd_18901_17a4>
	SlotName: slot1_80@e4088.chtc.wisc.edu
	CondorScratchDir = "/var/lib/condor/execute/slot1/dir_2106609"
	Cpus = 1
	Disk = 1208198
	IoHeavy = 0
	Memory = 4096
...
040 (13655293.092.000) 2023-09-05 00:36:28 Finished transferring input files
...
006 (13655293.092.000) 2023-09-05 00:36:36 Image size of job updated: 595076
	582  -  MemoryUsage of job (MB)
	595072  -  ResidentSetSize of job (KB)
...
006 (13655293.092.000) 2023-09-05 00:41:36 Image size of job updated: 1172176
	955  -  MemoryUsage of job (MB)
	977244  -  ResidentSetSize of job (KB)
...
006 (13655293.092.000) 2023-09-05 00:46:36 Image size of job updated: 1172176
	974  -  MemoryUsage of job (MB)
	996444  -  ResidentSetSize of job (KB)
...
006 (13655293.092.000) 2023-09-05 00:56:37 Image size of job updated: 1172176
	975  -  MemoryUsage of job (MB)
	997892  -  ResidentSetSize of job (KB)
...
006 (13655293.092.000) 2023-09-05 01:01:38 Image size of job updated: 1172176
	976  -  MemoryUsage of job (MB)
	998560  -  ResidentSetSize of job (KB)
...
006 (13655293.092.000) 2023-09-05 01:26:42 Image size of job updated: 1172176
	978  -  MemoryUsage of job (MB)
	1000608  -  ResidentSetSize of job (KB)
...
006 (13655293.092.000) 2023-09-05 01:51:43 Image size of job updated: 1172176
	985  -  MemoryUsage of job (MB)
	1008432  -  ResidentSetSize of job (KB)
...
006 (13655293.092.000) 2023-09-05 23:33:53 Image size of job updated: 1299056
	1138  -  MemoryUsage of job (MB)
	1164972  -  ResidentSetSize of job (KB)
...
040 (13655293.092.000) 2023-09-05 23:34:10 Started transferring output files
...
040 (13655293.092.000) 2023-09-05 23:34:10 Finished transferring output files
...
005 (13655293.092.000) 2023-09-05 23:34:10 Job terminated.
	(1) Normal termination (return value 0)
		Usr 0 22:30:55, Sys 0 00:03:12  -  Run Remote Usage
		Usr 0 00:00:00, Sys 0 00:00:00  -  Run Local Usage
		Usr 0 22:30:55, Sys 0 00:03:12  -  Total Remote Usage
		Usr 0 00:00:00, Sys 0 00:00:00  -  Total Local Usage
	1309669  -  Run Bytes Sent By Job
	32652772  -  Run Bytes Received By Job
	1309669  -  Total Bytes Sent By Job
	32652772  -  Total Bytes Received By Job
	Partitionable Resources :     Usage  Request Allocated 
	   Cpus                 :      0.98        1         1 
	   Disk (KB)            : 274915      524288   1208198 
	   IoHeavy              :                            0 
	   Memory (MB)          :   1138        4096      4096 

	Job terminated of its own accord at 2023-09-06T04:34:10Z with exit-code 0.
...
