000 (13655293.464.000) 2023-09-05 00:33:11 Job submitted from host: <128.104.101.92:9618?addrs=128.104.101.92-9618+[2607-f388-107c-501-a236-9fff-fe3c-caa8]-9618&alias=submit2.chtc.wisc.edu&noUDP&sock=schedd_1879732_618e>
...
040 (13655293.464.000) 2023-09-05 00:56:24 Started transferring input files
	Transferring to host: <128.105.69.157:9618?addrs=128.105.69.157-9618+[2607-f388-2200-100-1270-fdff-fe56-c3a4]-9618&alias=e4090.chtc.wisc.edu&noUDP&sock=slot1_75_1363133_4360_49272>
...
001 (13655293.464.000) 2023-09-05 00:56:48 Job executing on host: <128.105.69.157:9618?addrs=128.105.69.157-9618+[2607-f388-2200-100-1270-fdff-fe56-c3a4]-9618&alias=e4090.chtc.wisc.edu&noUDP&sock=startd_18322_f24e>
	SlotName: slot1_75@e4090.chtc.wisc.edu
	CondorScratchDir = "/var/lib/condor/execute/slot1/dir_555309"
	Cpus = 1
	Disk = 1208198
	IoHeavy = 0
	Memory = 4096
...
040 (13655293.464.000) 2023-09-05 00:56:48 Finished transferring input files
...
006 (13655293.464.000) 2023-09-05 00:56:57 Image size of job updated: 564904
	552  -  MemoryUsage of job (MB)
	564904  -  ResidentSetSize of job (KB)
...
006 (13655293.464.000) 2023-09-05 01:01:57 Image size of job updated: 883016
	863  -  MemoryUsage of job (MB)
	883016  -  ResidentSetSize of job (KB)
...
006 (13655293.464.000) 2023-09-05 01:06:58 Image size of job updated: 1160612
	1134  -  MemoryUsage of job (MB)
	1160612  -  ResidentSetSize of job (KB)
...
006 (13655293.464.000) 2023-09-05 01:12:00 Image size of job updated: 1177244
	1134  -  MemoryUsage of job (MB)
	1160612  -  ResidentSetSize of job (KB)
...
006 (13655293.464.000) 2023-09-06 01:41:49 Image size of job updated: 1307784
	1134  -  MemoryUsage of job (MB)
	1160612  -  ResidentSetSize of job (KB)
...
040 (13655293.464.000) 2023-09-06 01:41:49 Started transferring output files
...
040 (13655293.464.000) 2023-09-06 01:41:49 Finished transferring output files
...
005 (13655293.464.000) 2023-09-06 01:41:49 Job terminated.
	(1) Normal termination (return value 0)
		Usr 1 00:22:36, Sys 0 00:04:37  -  Run Remote Usage
		Usr 0 00:00:00, Sys 0 00:00:00  -  Run Local Usage
		Usr 1 00:22:36, Sys 0 00:04:37  -  Total Remote Usage
		Usr 0 00:00:00, Sys 0 00:00:00  -  Total Local Usage
	1309808  -  Run Bytes Sent By Job
	32652772  -  Run Bytes Received By Job
	1309808  -  Total Bytes Sent By Job
	32652772  -  Total Bytes Received By Job
	Partitionable Resources :     Usage  Request Allocated 
	   Cpus                 :      0.99        1         1 
	   Disk (KB)            : 274905      524288   1208198 
	   IoHeavy              :                            0 
	   Memory (MB)          :   1134        4096      4096 

	Job terminated of its own accord at 2023-09-06T06:41:49Z with exit-code 0.
...
