000 (13655293.289.000) 2023-09-05 00:33:11 Job submitted from host: <128.104.101.92:9618?addrs=128.104.101.92-9618+[2607-f388-107c-501-a236-9fff-fe3c-caa8]-9618&alias=submit2.chtc.wisc.edu&noUDP&sock=schedd_1879732_618e>
...
040 (13655293.289.000) 2023-09-05 00:51:29 Started transferring input files
	Transferring to host: <128.105.69.155:9618?addrs=128.105.69.155-9618+[2607-f388-2200-100-1270-fdff-fe56-476c]-9618&alias=e4088.chtc.wisc.edu&noUDP&sock=slot1_5_2192573_c721_68145>
...
040 (13655293.289.000) 2023-09-05 00:51:31 Finished transferring input files
...
001 (13655293.289.000) 2023-09-05 00:51:32 Job executing on host: <128.105.69.155:9618?addrs=128.105.69.155-9618+[2607-f388-2200-100-1270-fdff-fe56-476c]-9618&alias=e4088.chtc.wisc.edu&noUDP&sock=startd_18901_17a4>
	SlotName: slot1_5@e4088.chtc.wisc.edu
	CondorScratchDir = "/var/lib/condor/execute/slot1/dir_2156744"
	Cpus = 1
	Disk = 1208198
	IoHeavy = 0
	Memory = 4096
...
006 (13655293.289.000) 2023-09-05 00:51:41 Image size of job updated: 706292
	690  -  MemoryUsage of job (MB)
	706292  -  ResidentSetSize of job (KB)
...
006 (13655293.289.000) 2023-09-05 00:56:42 Image size of job updated: 1285628
	1062  -  MemoryUsage of job (MB)
	1087416  -  ResidentSetSize of job (KB)
...
006 (13655293.289.000) 2023-09-05 01:01:43 Image size of job updated: 1285628
	1070  -  MemoryUsage of job (MB)
	1095104  -  ResidentSetSize of job (KB)
...
006 (13655293.289.000) 2023-09-05 01:06:43 Image size of job updated: 1285628
	1072  -  MemoryUsage of job (MB)
	1097152  -  ResidentSetSize of job (KB)
...
006 (13655293.289.000) 2023-09-05 01:16:45 Image size of job updated: 1285628
	1076  -  MemoryUsage of job (MB)
	1100912  -  ResidentSetSize of job (KB)
...
006 (13655293.289.000) 2023-09-05 01:56:50 Image size of job updated: 1285628
	1083  -  MemoryUsage of job (MB)
	1108888  -  ResidentSetSize of job (KB)
...
006 (13655293.289.000) 2023-09-05 02:11:52 Image size of job updated: 1285628
	1084  -  MemoryUsage of job (MB)
	1109260  -  ResidentSetSize of job (KB)
...
006 (13655293.289.000) 2023-09-05 03:16:59 Image size of job updated: 1285628
	1094  -  MemoryUsage of job (MB)
	1119732  -  ResidentSetSize of job (KB)
...
006 (13655293.289.000) 2023-09-05 22:30:41 Image size of job updated: 1401304
	1094  -  MemoryUsage of job (MB)
	1119732  -  ResidentSetSize of job (KB)
...
040 (13655293.289.000) 2023-09-05 22:30:41 Started transferring output files
...
040 (13655293.289.000) 2023-09-05 22:30:41 Finished transferring output files
...
005 (13655293.289.000) 2023-09-05 22:30:41 Job terminated.
	(1) Normal termination (return value 0)
		Usr 0 21:08:30, Sys 0 00:06:42  -  Run Remote Usage
		Usr 0 00:00:00, Sys 0 00:00:00  -  Run Local Usage
		Usr 0 21:08:30, Sys 0 00:06:42  -  Total Remote Usage
		Usr 0 00:00:00, Sys 0 00:00:00  -  Total Local Usage
	1309685  -  Run Bytes Sent By Job
	32652772  -  Run Bytes Received By Job
	1309685  -  Total Bytes Sent By Job
	32652772  -  Total Bytes Received By Job
	Partitionable Resources :     Usage  Request Allocated 
	   Cpus                 :      0.98        1         1 
	   Disk (KB)            : 274910      524288   1208198 
	   IoHeavy              :                            0 
	   Memory (MB)          :   1094        4096      4096 

	Job terminated of its own accord at 2023-09-06T03:30:41Z with exit-code 0.
...
