000 (13655293.276.000) 2023-09-05 00:33:11 Job submitted from host: <128.104.101.92:9618?addrs=128.104.101.92-9618+[2607-f388-107c-501-a236-9fff-fe3c-caa8]-9618&alias=submit2.chtc.wisc.edu&noUDP&sock=schedd_1879732_618e>
...
040 (13655293.276.000) 2023-09-05 00:51:29 Started transferring input files
	Transferring to host: <128.105.69.139:9618?addrs=128.105.69.139-9618+[2607-f388-2200-100-1270-fdff-fe56-79fc]-9618&alias=e4016.chtc.wisc.edu&noUDP&sock=slot1_122_3874560_c76f_62419>
...
040 (13655293.276.000) 2023-09-05 00:51:31 Finished transferring input files
...
001 (13655293.276.000) 2023-09-05 00:52:07 Job executing on host: <128.105.69.139:9618?addrs=128.105.69.139-9618+[2607-f388-2200-100-1270-fdff-fe56-79fc]-9618&alias=e4016.chtc.wisc.edu&noUDP&sock=startd_15800_1075>
	SlotName: slot1_122@e4016.chtc.wisc.edu
	CondorScratchDir = "/var/lib/condor/execute/slot1/dir_2421362"
	Cpus = 1
	Disk = 1208198
	IoHeavy = 0
	Memory = 4096
...
006 (13655293.276.000) 2023-09-05 00:52:16 Image size of job updated: 708656
	693  -  MemoryUsage of job (MB)
	708656  -  ResidentSetSize of job (KB)
...
006 (13655293.276.000) 2023-09-05 00:57:17 Image size of job updated: 1290420
	1065  -  MemoryUsage of job (MB)
	1090108  -  ResidentSetSize of job (KB)
...
006 (13655293.276.000) 2023-09-05 01:02:17 Image size of job updated: 1290420
	1074  -  MemoryUsage of job (MB)
	1099644  -  ResidentSetSize of job (KB)
...
006 (13655293.276.000) 2023-09-05 01:17:18 Image size of job updated: 1290420
	1076  -  MemoryUsage of job (MB)
	1101692  -  ResidentSetSize of job (KB)
...
006 (13655293.276.000) 2023-09-05 01:22:19 Image size of job updated: 1290420
	1077  -  MemoryUsage of job (MB)
	1102716  -  ResidentSetSize of job (KB)
...
006 (13655293.276.000) 2023-09-05 01:42:20 Image size of job updated: 1290420
	1080  -  MemoryUsage of job (MB)
	1105712  -  ResidentSetSize of job (KB)
...
006 (13655293.276.000) 2023-09-05 02:47:26 Image size of job updated: 1290420
	1082  -  MemoryUsage of job (MB)
	1107896  -  ResidentSetSize of job (KB)
...
006 (13655293.276.000) 2023-09-05 03:22:30 Image size of job updated: 1290420
	1087  -  MemoryUsage of job (MB)
	1112128  -  ResidentSetSize of job (KB)
...
006 (13655293.276.000) 2023-09-05 22:43:31 Image size of job updated: 1414904
	1087  -  MemoryUsage of job (MB)
	1112128  -  ResidentSetSize of job (KB)
...
040 (13655293.276.000) 2023-09-05 22:43:31 Started transferring output files
...
040 (13655293.276.000) 2023-09-05 22:43:31 Finished transferring output files
...
005 (13655293.276.000) 2023-09-05 22:43:31 Job terminated.
	(1) Normal termination (return value 0)
		Usr 0 21:22:33, Sys 0 00:06:33  -  Run Remote Usage
		Usr 0 00:00:00, Sys 0 00:00:00  -  Run Local Usage
		Usr 0 21:22:33, Sys 0 00:06:33  -  Total Remote Usage
		Usr 0 00:00:00, Sys 0 00:00:00  -  Total Local Usage
	1309656  -  Run Bytes Sent By Job
	32652772  -  Run Bytes Received By Job
	1309656  -  Total Bytes Sent By Job
	32652772  -  Total Bytes Received By Job
	Partitionable Resources :     Usage  Request Allocated 
	   Cpus                 :      0.99        1         1 
	   Disk (KB)            : 274873      524288   1208198 
	   IoHeavy              :                            0 
	   Memory (MB)          :   1087        4096      4096 

	Job terminated of its own accord at 2023-09-06T03:43:31Z with exit-code 0.
...
