000 (14312692.028.000) 2023-09-11 11:54:29 Job submitted from host: <128.104.101.92:9618?addrs=128.104.101.92-9618+[2607-f388-107c-501-a236-9fff-fe3c-caa8]-9618&alias=submit2.chtc.wisc.edu&noUDP&sock=schedd_1879732_618e>
...
040 (14312692.028.000) 2023-09-11 12:00:38 Started transferring input files
	Transferring to host: <128.105.69.170:9618?addrs=128.105.69.170-9618+[2607-f388-2200-100-1270-fdff-fe56-6a0c]-9618&alias=e2553.chtc.wisc.edu&noUDP&sock=slot1_43_2347007_8069_91879>
...
040 (14312692.028.000) 2023-09-11 12:00:40 Finished transferring input files
...
001 (14312692.028.000) 2023-09-11 12:00:42 Job executing on host: <128.105.69.170:9618?addrs=128.105.69.170-9618+[2607-f388-2200-100-1270-fdff-fe56-6a0c]-9618&alias=e2553.chtc.wisc.edu&noUDP&sock=startd_12924_5e14>
	SlotName: slot1_43@e2553.chtc.wisc.edu
	CondorScratchDir = "/var/lib/condor/execute/slot1/dir_1126349"
	Cpus = 1
	Disk = 1208198
	IoHeavy = 0
	Memory = 4096
...
006 (14312692.028.000) 2023-09-11 12:00:50 Image size of job updated: 610716
	597  -  MemoryUsage of job (MB)
	610716  -  ResidentSetSize of job (KB)
...
006 (14312692.028.000) 2023-09-11 12:03:52 Image size of job updated: 738352
	598  -  MemoryUsage of job (MB)
	611484  -  ResidentSetSize of job (KB)
...
040 (14312692.028.000) 2023-09-11 12:03:52 Started transferring output files
...
040 (14312692.028.000) 2023-09-11 12:03:52 Finished transferring output files
...
005 (14312692.028.000) 2023-09-11 12:03:52 Job terminated.
	(1) Normal termination (return value 0)
		Usr 0 00:03:02, Sys 0 00:00:03  -  Run Remote Usage
		Usr 0 00:00:00, Sys 0 00:00:00  -  Run Local Usage
		Usr 0 00:03:02, Sys 0 00:00:03  -  Total Remote Usage
		Usr 0 00:00:00, Sys 0 00:00:00  -  Total Local Usage
	168590  -  Run Bytes Sent By Job
	32720412  -  Run Bytes Received By Job
	168590  -  Total Bytes Sent By Job
	32720412  -  Total Bytes Received By Job
	Partitionable Resources :     Usage  Request Allocated 
	   Cpus                 :      0.99        1         1 
	   Disk (KB)            : 261333      524288   1208198 
	   IoHeavy              :                            0 
	   Memory (MB)          :    598        4096      4096 

	Job terminated of its own accord at 2023-09-11T17:03:52Z with exit-code 0.
...
