000 (13655293.409.000) 2023-09-05 00:33:11 Job submitted from host: <128.104.101.92:9618?addrs=128.104.101.92-9618+[2607-f388-107c-501-a236-9fff-fe3c-caa8]-9618&alias=submit2.chtc.wisc.edu&noUDP&sock=schedd_1879732_618e>
...
040 (13655293.409.000) 2023-09-05 00:54:27 Started transferring input files
	Transferring to host: <128.105.69.157:9618?addrs=128.105.69.157-9618+[2607-f388-2200-100-1270-fdff-fe56-c3a4]-9618&alias=e4090.chtc.wisc.edu&noUDP&sock=slot1_79_1363133_4360_49242>
...
040 (13655293.409.000) 2023-09-05 00:54:29 Finished transferring input files
...
001 (13655293.409.000) 2023-09-05 00:54:31 Job executing on host: <128.105.69.157:9618?addrs=128.105.69.157-9618+[2607-f388-2200-100-1270-fdff-fe56-c3a4]-9618&alias=e4090.chtc.wisc.edu&noUDP&sock=startd_18322_f24e>
	SlotName: slot1_79@e4090.chtc.wisc.edu
	CondorScratchDir = "/var/lib/condor/execute/slot1/dir_547760"
	Cpus = 1
	Disk = 1208198
	IoHeavy = 0
	Memory = 4096
...
006 (13655293.409.000) 2023-09-05 00:54:39 Image size of job updated: 516612
	505  -  MemoryUsage of job (MB)
	516612  -  ResidentSetSize of job (KB)
...
006 (13655293.409.000) 2023-09-05 00:59:39 Image size of job updated: 973148
	784  -  MemoryUsage of job (MB)
	802280  -  ResidentSetSize of job (KB)
...
006 (13655293.409.000) 2023-09-05 01:04:40 Image size of job updated: 1160672
	1134  -  MemoryUsage of job (MB)
	1160668  -  ResidentSetSize of job (KB)
...
006 (13655293.409.000) 2023-09-05 01:14:41 Image size of job updated: 1177300
	1134  -  MemoryUsage of job (MB)
	1160668  -  ResidentSetSize of job (KB)
...
006 (13655293.409.000) 2023-09-06 02:10:17 Image size of job updated: 1306936
	1134  -  MemoryUsage of job (MB)
	1160668  -  ResidentSetSize of job (KB)
...
040 (13655293.409.000) 2023-09-06 02:10:17 Started transferring output files
...
040 (13655293.409.000) 2023-09-06 02:10:17 Finished transferring output files
...
005 (13655293.409.000) 2023-09-06 02:10:17 Job terminated.
	(1) Normal termination (return value 0)
		Usr 1 00:52:57, Sys 0 00:04:44  -  Run Remote Usage
		Usr 0 00:00:00, Sys 0 00:00:00  -  Run Local Usage
		Usr 1 00:52:57, Sys 0 00:04:44  -  Total Remote Usage
		Usr 0 00:00:00, Sys 0 00:00:00  -  Total Local Usage
	1309424  -  Run Bytes Sent By Job
	32652772  -  Run Bytes Received By Job
	1309424  -  Total Bytes Sent By Job
	32652772  -  Total Bytes Received By Job
	Partitionable Resources :     Usage  Request Allocated 
	   Cpus                 :      0.99        1         1 
	   Disk (KB)            : 274890      524288   1208198 
	   IoHeavy              :                            0 
	   Memory (MB)          :   1134        4096      4096 

	Job terminated of its own accord at 2023-09-06T07:10:17Z with exit-code 0.
...
