000 (13655293.230.000) 2023-09-05 00:33:11 Job submitted from host: <128.104.101.92:9618?addrs=128.104.101.92-9618+[2607-f388-107c-501-a236-9fff-fe3c-caa8]-9618&alias=submit2.chtc.wisc.edu&noUDP&sock=schedd_1879732_618e>
...
040 (13655293.230.000) 2023-09-05 00:45:46 Started transferring input files
	Transferring to host: <128.105.69.137:9618?addrs=128.105.69.137-9618+[2607-f388-2200-100-1270-fdff-fe56-d12c]-9618&alias=e4014.chtc.wisc.edu&noUDP&sock=slot1_37_1985361_2db7_51986>
...
040 (13655293.230.000) 2023-09-05 00:45:49 Finished transferring input files
...
001 (13655293.230.000) 2023-09-05 00:46:11 Job executing on host: <128.105.69.137:9618?addrs=128.105.69.137-9618+[2607-f388-2200-100-1270-fdff-fe56-d12c]-9618&alias=e4014.chtc.wisc.edu&noUDP&sock=startd_15862_9754>
	SlotName: slot1_37@e4014.chtc.wisc.edu
	CondorScratchDir = "/var/lib/condor/execute/slot1/dir_4059366"
	Cpus = 1
	Disk = 1208198
	IoHeavy = 0
	Memory = 4096
...
006 (13655293.230.000) 2023-09-05 00:46:19 Image size of job updated: 564792
	552  -  MemoryUsage of job (MB)
	564792  -  ResidentSetSize of job (KB)
...
006 (13655293.230.000) 2023-09-05 00:51:19 Image size of job updated: 1160680
	1134  -  MemoryUsage of job (MB)
	1160676  -  ResidentSetSize of job (KB)
...
006 (13655293.230.000) 2023-09-05 00:56:20 Image size of job updated: 1181660
	1134  -  MemoryUsage of job (MB)
	1160676  -  ResidentSetSize of job (KB)
...
006 (13655293.230.000) 2023-09-05 20:41:42 Image size of job updated: 1308540
	1134  -  MemoryUsage of job (MB)
	1160676  -  ResidentSetSize of job (KB)
...
040 (13655293.230.000) 2023-09-05 20:41:42 Started transferring output files
...
040 (13655293.230.000) 2023-09-05 20:41:42 Finished transferring output files
...
005 (13655293.230.000) 2023-09-05 20:41:42 Job terminated.
	(1) Normal termination (return value 0)
		Usr 0 19:36:22, Sys 0 00:02:44  -  Run Remote Usage
		Usr 0 00:00:00, Sys 0 00:00:00  -  Run Local Usage
		Usr 0 19:36:22, Sys 0 00:02:44  -  Total Remote Usage
		Usr 0 00:00:00, Sys 0 00:00:00  -  Total Local Usage
	1309412  -  Run Bytes Sent By Job
	32652772  -  Run Bytes Received By Job
	1309412  -  Total Bytes Sent By Job
	32652772  -  Total Bytes Received By Job
	Partitionable Resources :     Usage  Request Allocated 
	   Cpus                 :      0.99        1         1 
	   Disk (KB)            : 274884      524288   1208198 
	   IoHeavy              :                            0 
	   Memory (MB)          :   1134        4096      4096 

	Job terminated of its own accord at 2023-09-06T01:41:42Z with exit-code 0.
...
