000 (14268886.039.000) 2023-09-11 03:21:39 Job submitted from host: <128.104.101.92:9618?addrs=128.104.101.92-9618+[2607-f388-107c-501-a236-9fff-fe3c-caa8]-9618&alias=submit2.chtc.wisc.edu&noUDP&sock=schedd_1879732_618e>
...
040 (14268886.039.000) 2023-09-11 03:23:35 Started transferring input files
	Transferring to host: <128.105.69.202:9618?addrs=128.105.69.202-9618+[2607-f388-2200-100-1270-fdff-fe56-c3c4]-9618&alias=e4033.chtc.wisc.edu&noUDP&sock=slot1_7_2303293_08b8_87558>
...
040 (14268886.039.000) 2023-09-11 03:23:39 Finished transferring input files
...
001 (14268886.039.000) 2023-09-11 03:23:40 Job executing on host: <128.105.69.202:9618?addrs=128.105.69.202-9618+[2607-f388-2200-100-1270-fdff-fe56-c3c4]-9618&alias=e4033.chtc.wisc.edu&noUDP&sock=startd_15782_b7c0>
	SlotName: slot1_7@e4033.chtc.wisc.edu
	CondorScratchDir = "/var/lib/condor/execute/slot1/dir_3748800"
	Cpus = 1
	Disk = 1208198
	IoHeavy = 0
	Memory = 4096
...
006 (14268886.039.000) 2023-09-11 03:23:48 Image size of job updated: 520808
	509  -  MemoryUsage of job (MB)
	520804  -  ResidentSetSize of job (KB)
...
006 (14268886.039.000) 2023-09-11 03:27:02 Image size of job updated: 708060
	509  -  MemoryUsage of job (MB)
	520804  -  ResidentSetSize of job (KB)
...
040 (14268886.039.000) 2023-09-11 03:27:02 Started transferring output files
...
040 (14268886.039.000) 2023-09-11 03:27:02 Finished transferring output files
...
005 (14268886.039.000) 2023-09-11 03:27:03 Job terminated.
	(1) Normal termination (return value 0)
		Usr 0 00:03:12, Sys 0 00:00:05  -  Run Remote Usage
		Usr 0 00:00:00, Sys 0 00:00:00  -  Run Local Usage
		Usr 0 00:03:12, Sys 0 00:00:05  -  Total Remote Usage
		Usr 0 00:00:00, Sys 0 00:00:00  -  Total Local Usage
	117517  -  Run Bytes Sent By Job
	32720416  -  Run Bytes Received By Job
	117517  -  Total Bytes Sent By Job
	32720416  -  Total Bytes Received By Job
	Partitionable Resources :     Usage  Request Allocated 
	   Cpus                 :      0.86        1         1 
	   Disk (KB)            : 261282      524288   1208198 
	   IoHeavy              :                            0 
	   Memory (MB)          :    509        4096      4096 

	Job terminated of its own accord at 2023-09-11T08:27:02Z with exit-code 0.
...
