000 (13655293.326.000) 2023-09-05 00:33:11 Job submitted from host: <128.104.101.92:9618?addrs=128.104.101.92-9618+[2607-f388-107c-501-a236-9fff-fe3c-caa8]-9618&alias=submit2.chtc.wisc.edu&noUDP&sock=schedd_1879732_618e>
...
040 (13655293.326.000) 2023-09-05 00:53:20 Started transferring input files
	Transferring to host: <128.105.69.153:9618?addrs=128.105.69.153-9618+[2607-f388-2200-100-1270-fdff-fe56-45dc]-9618&alias=e4086.chtc.wisc.edu&noUDP&sock=slot1_69_3657377_b54f_56490>
...
001 (13655293.326.000) 2023-09-05 00:53:30 Job executing on host: <128.105.69.153:9618?addrs=128.105.69.153-9618+[2607-f388-2200-100-1270-fdff-fe56-45dc]-9618&alias=e4086.chtc.wisc.edu&noUDP&sock=startd_17329_d4c3>
	SlotName: slot1_69@e4086.chtc.wisc.edu
	CondorScratchDir = "/var/lib/condor/execute/slot1/dir_2698909"
	Cpus = 1
	Disk = 1208198
	IoHeavy = 0
	Memory = 4096
...
040 (13655293.326.000) 2023-09-05 00:53:30 Finished transferring input files
...
006 (13655293.326.000) 2023-09-05 00:53:39 Image size of job updated: 721300
	705  -  MemoryUsage of job (MB)
	721300  -  ResidentSetSize of job (KB)
...
006 (13655293.326.000) 2023-09-05 00:58:40 Image size of job updated: 1289108
	1058  -  MemoryUsage of job (MB)
	1082956  -  ResidentSetSize of job (KB)
...
006 (13655293.326.000) 2023-09-05 01:03:41 Image size of job updated: 1289108
	1083  -  MemoryUsage of job (MB)
	1108044  -  ResidentSetSize of job (KB)
...
006 (13655293.326.000) 2023-09-05 01:08:41 Image size of job updated: 1289108
	1087  -  MemoryUsage of job (MB)
	1112396  -  ResidentSetSize of job (KB)
...
006 (13655293.326.000) 2023-09-05 01:48:46 Image size of job updated: 1289108
	1093  -  MemoryUsage of job (MB)
	1118468  -  ResidentSetSize of job (KB)
...
006 (13655293.326.000) 2023-09-06 06:21:21 Image size of job updated: 1411840
	1093  -  MemoryUsage of job (MB)
	1118468  -  ResidentSetSize of job (KB)
...
040 (13655293.326.000) 2023-09-06 06:21:21 Started transferring output files
...
040 (13655293.326.000) 2023-09-06 06:21:21 Finished transferring output files
...
005 (13655293.326.000) 2023-09-06 06:21:21 Job terminated.
	(1) Normal termination (return value 0)
		Usr 1 04:57:04, Sys 0 00:04:54  -  Run Remote Usage
		Usr 0 00:00:00, Sys 0 00:00:00  -  Run Local Usage
		Usr 1 04:57:04, Sys 0 00:04:54  -  Total Remote Usage
		Usr 0 00:00:00, Sys 0 00:00:00  -  Total Local Usage
	1309477  -  Run Bytes Sent By Job
	32652772  -  Run Bytes Received By Job
	1309477  -  Total Bytes Sent By Job
	32652772  -  Total Bytes Received By Job
	Partitionable Resources :     Usage  Request Allocated 
	   Cpus                 :      0.99        1         1 
	   Disk (KB)            : 274902      524288   1208198 
	   IoHeavy              :                            0 
	   Memory (MB)          :   1093        4096      4096 

	Job terminated of its own accord at 2023-09-06T11:21:21Z with exit-code 0.
...
