000 (13655293.038.000) 2023-09-05 00:33:11 Job submitted from host: <128.104.101.92:9618?addrs=128.104.101.92-9618+[2607-f388-107c-501-a236-9fff-fe3c-caa8]-9618&alias=submit2.chtc.wisc.edu&noUDP&sock=schedd_1879732_618e>
...
040 (13655293.038.000) 2023-09-05 00:36:09 Started transferring input files
	Transferring to host: <128.105.69.204:9618?addrs=128.105.69.204-9618+[2607-f388-2200-100-1270-fdff-fe56-b85c]-9618&alias=e4035.chtc.wisc.edu&noUDP&sock=slot1_76_3825352_4a9e_63513>
...
040 (13655293.038.000) 2023-09-05 00:36:12 Finished transferring input files
...
001 (13655293.038.000) 2023-09-05 00:36:18 Job executing on host: <128.105.69.204:9618?addrs=128.105.69.204-9618+[2607-f388-2200-100-1270-fdff-fe56-b85c]-9618&alias=e4035.chtc.wisc.edu&noUDP&sock=startd_11684_d4a5>
	SlotName: slot1_76@e4035.chtc.wisc.edu
	CondorScratchDir = "/var/lib/condor/execute/slot1/dir_4035435"
	Cpus = 1
	Disk = 1208198
	IoHeavy = 0
	Memory = 4096
...
006 (13655293.038.000) 2023-09-05 00:36:26 Image size of job updated: 576680
	564  -  MemoryUsage of job (MB)
	576676  -  ResidentSetSize of job (KB)
...
006 (13655293.038.000) 2023-09-05 00:41:26 Image size of job updated: 1182216
	952  -  MemoryUsage of job (MB)
	974784  -  ResidentSetSize of job (KB)
...
006 (13655293.038.000) 2023-09-05 00:46:27 Image size of job updated: 1182216
	973  -  MemoryUsage of job (MB)
	995644  -  ResidentSetSize of job (KB)
...
006 (13655293.038.000) 2023-09-05 01:06:30 Image size of job updated: 1182216
	974  -  MemoryUsage of job (MB)
	996520  -  ResidentSetSize of job (KB)
...
006 (13655293.038.000) 2023-09-05 01:36:32 Image size of job updated: 1182216
	978  -  MemoryUsage of job (MB)
	1000668  -  ResidentSetSize of job (KB)
...
006 (13655293.038.000) 2023-09-05 01:56:34 Image size of job updated: 1182216
	978  -  MemoryUsage of job (MB)
	1000856  -  ResidentSetSize of job (KB)
...
006 (13655293.038.000) 2023-09-05 02:26:37 Image size of job updated: 1182216
	980  -  MemoryUsage of job (MB)
	1002684  -  ResidentSetSize of job (KB)
...
006 (13655293.038.000) 2023-09-05 02:46:40 Image size of job updated: 1182216
	980  -  MemoryUsage of job (MB)
	1003244  -  ResidentSetSize of job (KB)
...
006 (13655293.038.000) 2023-09-05 05:06:56 Image size of job updated: 1182216
	982  -  MemoryUsage of job (MB)
	1004672  -  ResidentSetSize of job (KB)
...
006 (13655293.038.000) 2023-09-05 10:17:29 Image size of job updated: 1182216
	982  -  MemoryUsage of job (MB)
	1004820  -  ResidentSetSize of job (KB)
...
006 (13655293.038.000) 2023-09-05 18:23:17 Image size of job updated: 1182216
	982  -  MemoryUsage of job (MB)
	1004892  -  ResidentSetSize of job (KB)
...
006 (13655293.038.000) 2023-09-05 19:03:21 Image size of job updated: 1182216
	982  -  MemoryUsage of job (MB)
	1004904  -  ResidentSetSize of job (KB)
...
006 (13655293.038.000) 2023-09-05 19:23:24 Image size of job updated: 1182216
	982  -  MemoryUsage of job (MB)
	1004916  -  ResidentSetSize of job (KB)
...
006 (13655293.038.000) 2023-09-05 19:48:26 Image size of job updated: 1182216
	982  -  MemoryUsage of job (MB)
	1004932  -  ResidentSetSize of job (KB)
...
006 (13655293.038.000) 2023-09-05 19:58:28 Image size of job updated: 1182216
	982  -  MemoryUsage of job (MB)
	1004936  -  ResidentSetSize of job (KB)
...
006 (13655293.038.000) 2023-09-05 20:13:29 Image size of job updated: 1182216
	982  -  MemoryUsage of job (MB)
	1004944  -  ResidentSetSize of job (KB)
...
006 (13655293.038.000) 2023-09-05 20:28:30 Image size of job updated: 1182216
	982  -  MemoryUsage of job (MB)
	1004952  -  ResidentSetSize of job (KB)
...
006 (13655293.038.000) 2023-09-05 20:43:32 Image size of job updated: 1182216
	982  -  MemoryUsage of job (MB)
	1004960  -  ResidentSetSize of job (KB)
...
006 (13655293.038.000) 2023-09-05 20:48:32 Image size of job updated: 1182216
	982  -  MemoryUsage of job (MB)
	1004964  -  ResidentSetSize of job (KB)
...
006 (13655293.038.000) 2023-09-05 20:58:33 Image size of job updated: 1182216
	982  -  MemoryUsage of job (MB)
	1004972  -  ResidentSetSize of job (KB)
...
006 (13655293.038.000) 2023-09-05 21:13:34 Image size of job updated: 1182216
	982  -  MemoryUsage of job (MB)
	1004980  -  ResidentSetSize of job (KB)
...
006 (13655293.038.000) 2023-09-05 21:18:34 Image size of job updated: 1182216
	982  -  MemoryUsage of job (MB)
	1004996  -  ResidentSetSize of job (KB)
...
006 (13655293.038.000) 2023-09-05 21:23:35 Image size of job updated: 1182216
	982  -  MemoryUsage of job (MB)
	1005004  -  ResidentSetSize of job (KB)
...
006 (13655293.038.000) 2023-09-05 21:43:37 Image size of job updated: 1182216
	982  -  MemoryUsage of job (MB)
	1005028  -  ResidentSetSize of job (KB)
...
006 (13655293.038.000) 2023-09-05 22:03:39 Image size of job updated: 1182216
	982  -  MemoryUsage of job (MB)
	1005048  -  ResidentSetSize of job (KB)
...
006 (13655293.038.000) 2023-09-05 22:18:40 Image size of job updated: 1182216
	982  -  MemoryUsage of job (MB)
	1005072  -  ResidentSetSize of job (KB)
...
006 (13655293.038.000) 2023-09-05 22:23:40 Image size of job updated: 1182216
	982  -  MemoryUsage of job (MB)
	1005328  -  ResidentSetSize of job (KB)
...
006 (13655293.038.000) 2023-09-05 22:33:41 Image size of job updated: 1182216
	982  -  MemoryUsage of job (MB)
	1005348  -  ResidentSetSize of job (KB)
...
006 (13655293.038.000) 2023-09-05 22:43:42 Image size of job updated: 1182216
	982  -  MemoryUsage of job (MB)
	1005368  -  ResidentSetSize of job (KB)
...
006 (13655293.038.000) 2023-09-05 22:48:42 Image size of job updated: 1182216
	982  -  MemoryUsage of job (MB)
	1005384  -  ResidentSetSize of job (KB)
...
006 (13655293.038.000) 2023-09-06 00:13:50 Image size of job updated: 1182216
	982  -  MemoryUsage of job (MB)
	1005412  -  ResidentSetSize of job (KB)
...
006 (13655293.038.000) 2023-09-06 00:18:51 Image size of job updated: 1182216
	982  -  MemoryUsage of job (MB)
	1005428  -  ResidentSetSize of job (KB)
...
006 (13655293.038.000) 2023-09-06 00:23:51 Image size of job updated: 1182216
	982  -  MemoryUsage of job (MB)
	1005484  -  ResidentSetSize of job (KB)
...
006 (13655293.038.000) 2023-09-06 00:33:52 Image size of job updated: 1182216
	982  -  MemoryUsage of job (MB)
	1005532  -  ResidentSetSize of job (KB)
...
006 (13655293.038.000) 2023-09-06 00:43:53 Image size of job updated: 1182216
	983  -  MemoryUsage of job (MB)
	1005600  -  ResidentSetSize of job (KB)
...
006 (13655293.038.000) 2023-09-06 00:48:53 Image size of job updated: 1182216
	983  -  MemoryUsage of job (MB)
	1005652  -  ResidentSetSize of job (KB)
...
006 (13655293.038.000) 2023-09-06 00:53:54 Image size of job updated: 1182216
	983  -  MemoryUsage of job (MB)
	1005680  -  ResidentSetSize of job (KB)
...
006 (13655293.038.000) 2023-09-06 00:57:50 Image size of job updated: 1307788
	983  -  MemoryUsage of job (MB)
	1005680  -  ResidentSetSize of job (KB)
...
040 (13655293.038.000) 2023-09-06 00:57:51 Started transferring output files
...
040 (13655293.038.000) 2023-09-06 00:57:51 Finished transferring output files
...
005 (13655293.038.000) 2023-09-06 00:57:51 Job terminated.
	(1) Normal termination (return value 0)
		Usr 0 23:47:17, Sys 0 00:06:48  -  Run Remote Usage
		Usr 0 00:00:00, Sys 0 00:00:00  -  Run Local Usage
		Usr 0 23:47:17, Sys 0 00:06:48  -  Total Remote Usage
		Usr 0 00:00:00, Sys 0 00:00:00  -  Total Local Usage
	1309636  -  Run Bytes Sent By Job
	32652772  -  Run Bytes Received By Job
	1309636  -  Total Bytes Sent By Job
	32652772  -  Total Bytes Received By Job
	Partitionable Resources :     Usage  Request Allocated 
	   Cpus                 :      0.99        1         1 
	   Disk (KB)            : 274896      524288   1208198 
	   IoHeavy              :                            0 
	   Memory (MB)          :    983        4096      4096 

	Job terminated of its own accord at 2023-09-06T05:57:50Z with exit-code 0.
...
