000 (13655293.365.000) 2023-09-05 00:33:11 Job submitted from host: <128.104.101.92:9618?addrs=128.104.101.92-9618+[2607-f388-107c-501-a236-9fff-fe3c-caa8]-9618&alias=submit2.chtc.wisc.edu&noUDP&sock=schedd_1879732_618e>
...
040 (13655293.365.000) 2023-09-05 00:54:22 Started transferring input files
	Transferring to host: <128.105.69.91:9618?addrs=128.105.69.91-9618+[2607-f388-2200-100-1270-fdff-fe56-41c4]-9618&alias=e4002.chtc.wisc.edu&noUDP&sock=slot1_105_1583588_c105_57754>
...
040 (13655293.365.000) 2023-09-05 00:54:24 Finished transferring input files
...
001 (13655293.365.000) 2023-09-05 00:54:49 Job executing on host: <128.105.69.91:9618?addrs=128.105.69.91-9618+[2607-f388-2200-100-1270-fdff-fe56-41c4]-9618&alias=e4002.chtc.wisc.edu&noUDP&sock=startd_14707_5b71>
	SlotName: slot1_105@e4002.chtc.wisc.edu
	CondorScratchDir = "/var/lib/condor/execute/slot1/dir_2870063"
	Cpus = 1
	Disk = 1268229
	IoHeavy = 0
	Memory = 4096
...
006 (13655293.365.000) 2023-09-05 00:54:57 Image size of job updated: 705828
	690  -  MemoryUsage of job (MB)
	705828  -  ResidentSetSize of job (KB)
...
006 (13655293.365.000) 2023-09-05 00:59:57 Image size of job updated: 1285556
	1057  -  MemoryUsage of job (MB)
	1081708  -  ResidentSetSize of job (KB)
...
006 (13655293.365.000) 2023-09-05 01:04:57 Image size of job updated: 1285556
	1084  -  MemoryUsage of job (MB)
	1109868  -  ResidentSetSize of job (KB)
...
006 (13655293.365.000) 2023-09-05 01:45:00 Image size of job updated: 1285556
	1092  -  MemoryUsage of job (MB)
	1117900  -  ResidentSetSize of job (KB)
...
006 (13655293.365.000) 2023-09-06 00:30:59 Image size of job updated: 1414812
	1092  -  MemoryUsage of job (MB)
	1117900  -  ResidentSetSize of job (KB)
...
040 (13655293.365.000) 2023-09-06 00:30:59 Started transferring output files
...
040 (13655293.365.000) 2023-09-06 00:30:59 Finished transferring output files
...
005 (13655293.365.000) 2023-09-06 00:30:59 Job terminated.
	(1) Normal termination (return value 0)
		Usr 0 23:08:38, Sys 0 00:04:43  -  Run Remote Usage
		Usr 0 00:00:00, Sys 0 00:00:00  -  Run Local Usage
		Usr 0 23:08:38, Sys 0 00:04:43  -  Total Remote Usage
		Usr 0 00:00:00, Sys 0 00:00:00  -  Total Local Usage
	1309381  -  Run Bytes Sent By Job
	32652772  -  Run Bytes Received By Job
	1309381  -  Total Bytes Sent By Job
	32652772  -  Total Bytes Received By Job
	Partitionable Resources :     Usage  Request Allocated 
	   Cpus                 :      0.99        1         1 
	   Disk (KB)            : 274863      524288   1268229 
	   IoHeavy              :                            0 
	   Memory (MB)          :   1092        4096      4096 

	Job terminated of its own accord at 2023-09-06T05:30:59Z with exit-code 0.
...
