000 (13655293.210.000) 2023-09-05 00:33:11 Job submitted from host: <128.104.101.92:9618?addrs=128.104.101.92-9618+[2607-f388-107c-501-a236-9fff-fe3c-caa8]-9618&alias=submit2.chtc.wisc.edu&noUDP&sock=schedd_1879732_618e>
...
040 (13655293.210.000) 2023-09-05 00:45:39 Started transferring input files
	Transferring to host: <128.105.69.137:9618?addrs=128.105.69.137-9618+[2607-f388-2200-100-1270-fdff-fe56-d12c]-9618&alias=e4014.chtc.wisc.edu&noUDP&sock=slot1_33_1985361_2db7_51979>
...
001 (13655293.210.000) 2023-09-05 00:45:46 Job executing on host: <128.105.69.137:9618?addrs=128.105.69.137-9618+[2607-f388-2200-100-1270-fdff-fe56-d12c]-9618&alias=e4014.chtc.wisc.edu&noUDP&sock=startd_15862_9754>
	SlotName: slot1_33@e4014.chtc.wisc.edu
	CondorScratchDir = "/var/lib/condor/execute/slot1/dir_4058451"
	Cpus = 1
	Disk = 1208198
	IoHeavy = 0
	Memory = 4096
...
040 (13655293.210.000) 2023-09-05 00:45:46 Finished transferring input files
...
006 (13655293.210.000) 2023-09-05 00:45:55 Image size of job updated: 605708
	592  -  MemoryUsage of job (MB)
	605708  -  ResidentSetSize of job (KB)
...
006 (13655293.210.000) 2023-09-05 00:50:56 Image size of job updated: 1160896
	1134  -  MemoryUsage of job (MB)
	1160500  -  ResidentSetSize of job (KB)
...
006 (13655293.210.000) 2023-09-05 00:55:56 Image size of job updated: 1182248
	1134  -  MemoryUsage of job (MB)
	1160500  -  ResidentSetSize of job (KB)
...
006 (13655293.210.000) 2023-09-05 20:47:04 Image size of job updated: 1307224
	1134  -  MemoryUsage of job (MB)
	1160500  -  ResidentSetSize of job (KB)
...
040 (13655293.210.000) 2023-09-05 20:47:04 Started transferring output files
...
040 (13655293.210.000) 2023-09-05 20:47:04 Finished transferring output files
...
005 (13655293.210.000) 2023-09-05 20:47:05 Job terminated.
	(1) Normal termination (return value 0)
		Usr 0 19:39:10, Sys 0 00:05:47  -  Run Remote Usage
		Usr 0 00:00:00, Sys 0 00:00:00  -  Run Local Usage
		Usr 0 19:39:10, Sys 0 00:05:47  -  Total Remote Usage
		Usr 0 00:00:00, Sys 0 00:00:00  -  Total Local Usage
	1309395  -  Run Bytes Sent By Job
	32652772  -  Run Bytes Received By Job
	1309395  -  Total Bytes Sent By Job
	32652772  -  Total Bytes Received By Job
	Partitionable Resources :     Usage  Request Allocated 
	   Cpus                 :      0.99        1         1 
	   Disk (KB)            : 274873      524288   1208198 
	   IoHeavy              :                            0 
	   Memory (MB)          :   1134        4096      4096 

	Job terminated of its own accord at 2023-09-06T01:47:04Z with exit-code 0.
...
