000 (13655293.401.000) 2023-09-05 00:33:11 Job submitted from host: <128.104.101.92:9618?addrs=128.104.101.92-9618+[2607-f388-107c-501-a236-9fff-fe3c-caa8]-9618&alias=submit2.chtc.wisc.edu&noUDP&sock=schedd_1879732_618e>
...
040 (13655293.401.000) 2023-09-05 00:54:25 Started transferring input files
	Transferring to host: <128.105.69.157:9618?addrs=128.105.69.157-9618+[2607-f388-2200-100-1270-fdff-fe56-c3a4]-9618&alias=e4090.chtc.wisc.edu&noUDP&sock=slot1_13_1363133_4360_49234>
...
040 (13655293.401.000) 2023-09-05 00:54:28 Finished transferring input files
...
001 (13655293.401.000) 2023-09-05 00:54:29 Job executing on host: <128.105.69.157:9618?addrs=128.105.69.157-9618+[2607-f388-2200-100-1270-fdff-fe56-c3a4]-9618&alias=e4090.chtc.wisc.edu&noUDP&sock=startd_18322_f24e>
	SlotName: slot1_13@e4090.chtc.wisc.edu
	CondorScratchDir = "/var/lib/condor/execute/slot1/dir_547596"
	Cpus = 1
	Disk = 1208198
	IoHeavy = 0
	Memory = 4096
...
006 (13655293.401.000) 2023-09-05 00:54:38 Image size of job updated: 539872
	528  -  MemoryUsage of job (MB)
	539872  -  ResidentSetSize of job (KB)
...
006 (13655293.401.000) 2023-09-05 00:59:39 Image size of job updated: 1035364
	978  -  MemoryUsage of job (MB)
	1001096  -  ResidentSetSize of job (KB)
...
006 (13655293.401.000) 2023-09-05 01:04:39 Image size of job updated: 1161000
	1134  -  MemoryUsage of job (MB)
	1161000  -  ResidentSetSize of job (KB)
...
006 (13655293.401.000) 2023-09-05 01:14:40 Image size of job updated: 1177044
	1134  -  MemoryUsage of job (MB)
	1161000  -  ResidentSetSize of job (KB)
...
006 (13655293.401.000) 2023-09-06 01:31:35 Image size of job updated: 1305116
	1134  -  MemoryUsage of job (MB)
	1161000  -  ResidentSetSize of job (KB)
...
040 (13655293.401.000) 2023-09-06 01:31:35 Started transferring output files
...
040 (13655293.401.000) 2023-09-06 01:31:35 Finished transferring output files
...
005 (13655293.401.000) 2023-09-06 01:31:35 Job terminated.
	(1) Normal termination (return value 0)
		Usr 1 00:13:18, Sys 0 00:06:03  -  Run Remote Usage
		Usr 0 00:00:00, Sys 0 00:00:00  -  Run Local Usage
		Usr 1 00:13:18, Sys 0 00:06:03  -  Total Remote Usage
		Usr 0 00:00:00, Sys 0 00:00:00  -  Total Local Usage
	1309625  -  Run Bytes Sent By Job
	32652772  -  Run Bytes Received By Job
	1309625  -  Total Bytes Sent By Job
	32652772  -  Total Bytes Received By Job
	Partitionable Resources :     Usage  Request Allocated 
	   Cpus                 :      0.99        1         1 
	   Disk (KB)            : 274893      524288   1208198 
	   IoHeavy              :                            0 
	   Memory (MB)          :   1134        4096      4096 

	Job terminated of its own accord at 2023-09-06T06:31:35Z with exit-code 0.
...
