000 (14269004.038.000) 2023-09-11 03:23:01 Job submitted from host: <128.104.101.92:9618?addrs=128.104.101.92-9618+[2607-f388-107c-501-a236-9fff-fe3c-caa8]-9618&alias=submit2.chtc.wisc.edu&noUDP&sock=schedd_1879732_618e>
...
040 (14269004.038.000) 2023-09-11 03:27:33 Started transferring input files
	Transferring to host: <128.105.69.182:9618?addrs=128.105.69.182-9618+[2607-f388-2200-100-1270-fdff-fe56-c344]-9618&alias=e2565.chtc.wisc.edu&noUDP&sock=slot1_129_896567_4f04_78931>
...
040 (14269004.038.000) 2023-09-11 03:27:35 Finished transferring input files
...
001 (14269004.038.000) 2023-09-11 03:27:36 Job executing on host: <128.105.69.182:9618?addrs=128.105.69.182-9618+[2607-f388-2200-100-1270-fdff-fe56-c344]-9618&alias=e2565.chtc.wisc.edu&noUDP&sock=startd_12827_d564>
	SlotName: slot1_129@e2565.chtc.wisc.edu
	CondorScratchDir = "/var/lib/condor/execute/slot1/dir_1584748"
	Cpus = 1
	Disk = 1208198
	IoHeavy = 0
	Memory = 4096
...
006 (14269004.038.000) 2023-09-11 03:27:44 Image size of job updated: 379488
	274  -  MemoryUsage of job (MB)
	280400  -  ResidentSetSize of job (KB)
...
040 (14269004.038.000) 2023-09-11 03:29:19 Started transferring output files
...
040 (14269004.038.000) 2023-09-11 03:29:19 Finished transferring output files
...
005 (14269004.038.000) 2023-09-11 03:29:19 Job terminated.
	(1) Normal termination (return value 0)
		Usr 0 00:01:39, Sys 0 00:00:00  -  Run Remote Usage
		Usr 0 00:00:00, Sys 0 00:00:00  -  Run Local Usage
		Usr 0 00:01:39, Sys 0 00:00:00  -  Total Remote Usage
		Usr 0 00:00:00, Sys 0 00:00:00  -  Total Local Usage
	126989  -  Run Bytes Sent By Job
	32664898  -  Run Bytes Received By Job
	126989  -  Total Bytes Sent By Job
	32664898  -  Total Bytes Received By Job
	Partitionable Resources :    Usage  Request Allocated 
	   Cpus                 :                 1         1 
	   Disk (KB)            :   255029   524288   1208198 
	   IoHeavy              :                           0 
	   Memory (MB)          :      274     4096      4096 

	Job terminated of its own accord at 2023-09-11T08:29:19Z with exit-code 0.
...
