000 (13655293.379.000) 2023-09-05 00:33:11 Job submitted from host: <128.104.101.92:9618?addrs=128.104.101.92-9618+[2607-f388-107c-501-a236-9fff-fe3c-caa8]-9618&alias=submit2.chtc.wisc.edu&noUDP&sock=schedd_1879732_618e>
...
040 (13655293.379.000) 2023-09-05 00:56:08 Started transferring input files
	Transferring to host: <128.105.69.239:9618?addrs=128.105.69.239-9618+[2607-f388-2200-100-eaeb-d3ff-fe40-2314]-9618&alias=e2622.chtc.wisc.edu&noUDP&sock=slot1_21_2370166_1cb7_61812>
...
001 (13655293.379.000) 2023-09-05 00:56:34 Job executing on host: <128.105.69.239:9618?addrs=128.105.69.239-9618+[2607-f388-2200-100-eaeb-d3ff-fe40-2314]-9618&alias=e2622.chtc.wisc.edu&noUDP&sock=startd_19126_6c73>
	SlotName: slot1_21@e2622.chtc.wisc.edu
	CondorScratchDir = "/var/lib/condor/execute/slot1/dir_2177847"
	Cpus = 1
	Disk = 1458998
	IoHeavy = 0
	Memory = 4096
...
040 (13655293.379.000) 2023-09-05 00:56:34 Finished transferring input files
...
006 (13655293.379.000) 2023-09-05 00:57:16 Image size of job updated: 811256
	504  -  MemoryUsage of job (MB)
	515880  -  ResidentSetSize of job (KB)
...
006 (13655293.379.000) 2023-09-05 01:02:16 Image size of job updated: 1285836
	1069  -  MemoryUsage of job (MB)
	1093704  -  ResidentSetSize of job (KB)
...
006 (13655293.379.000) 2023-09-05 01:07:16 Image size of job updated: 1285836
	1076  -  MemoryUsage of job (MB)
	1101048  -  ResidentSetSize of job (KB)
...
006 (13655293.379.000) 2023-09-05 01:22:18 Image size of job updated: 1285836
	1079  -  MemoryUsage of job (MB)
	1104100  -  ResidentSetSize of job (KB)
...
006 (13655293.379.000) 2023-09-05 01:32:19 Image size of job updated: 1285836
	1081  -  MemoryUsage of job (MB)
	1106144  -  ResidentSetSize of job (KB)
...
006 (13655293.379.000) 2023-09-05 01:47:20 Image size of job updated: 1285836
	1088  -  MemoryUsage of job (MB)
	1113436  -  ResidentSetSize of job (KB)
...
006 (13655293.379.000) 2023-09-05 03:32:31 Image size of job updated: 1285836
	1088  -  MemoryUsage of job (MB)
	1113868  -  ResidentSetSize of job (KB)
...
006 (13655293.379.000) 2023-09-05 04:37:37 Image size of job updated: 1285836
	1099  -  MemoryUsage of job (MB)
	1124680  -  ResidentSetSize of job (KB)
...
006 (13655293.379.000) 2023-09-05 20:33:22 Image size of job updated: 1412628
	1099  -  MemoryUsage of job (MB)
	1124680  -  ResidentSetSize of job (KB)
...
040 (13655293.379.000) 2023-09-05 20:33:22 Started transferring output files
...
040 (13655293.379.000) 2023-09-05 20:33:22 Finished transferring output files
...
005 (13655293.379.000) 2023-09-05 20:33:22 Job terminated.
	(1) Normal termination (return value 0)
		Usr 0 19:16:04, Sys 0 00:02:41  -  Run Remote Usage
		Usr 0 00:00:00, Sys 0 00:00:00  -  Run Local Usage
		Usr 0 19:16:04, Sys 0 00:02:41  -  Total Remote Usage
		Usr 0 00:00:00, Sys 0 00:00:00  -  Total Local Usage
	1309542  -  Run Bytes Sent By Job
	32652772  -  Run Bytes Received By Job
	1309542  -  Total Bytes Sent By Job
	32652772  -  Total Bytes Received By Job
	Partitionable Resources :     Usage  Request Allocated 
	   Cpus                 :      0.99        1         1 
	   Disk (KB)            : 274866      524288   1458998 
	   IoHeavy              :                            0 
	   Memory (MB)          :   1099        4096      4096 

	Job terminated of its own accord at 2023-09-06T01:33:22Z with exit-code 0.
...
