000 (13653349.011.000) 2023-09-05 00:26:26 Job submitted from host: <128.104.101.92:9618?addrs=128.104.101.92-9618+[2607-f388-107c-501-a236-9fff-fe3c-caa8]-9618&alias=submit2.chtc.wisc.edu&noUDP&sock=schedd_1879732_618e>
...
040 (13653349.011.000) 2023-09-05 00:29:06 Started transferring input files
	Transferring to host: <128.105.69.112:9618?addrs=128.105.69.112-9618+[2607-f388-2200-100-1270-fdff-fe56-c354]-9618&alias=e4061.chtc.wisc.edu&noUDP&sock=slot1_71_538946_f655_14401>
...
040 (13653349.011.000) 2023-09-05 00:29:07 Finished transferring input files
...
001 (13653349.011.000) 2023-09-05 00:29:09 Job executing on host: <128.105.69.112:9618?addrs=128.105.69.112-9618+[2607-f388-2200-100-1270-fdff-fe56-c354]-9618&alias=e4061.chtc.wisc.edu&noUDP&sock=startd_22836_2cd0>
	SlotName: slot1_71@e4061.chtc.wisc.edu
	CondorScratchDir = "/var/lib/condor/execute/slot1/dir_2200502"
	Cpus = 1
	Disk = 1208198
	IoHeavy = 0
	Memory = 4096
...
006 (13653349.011.000) 2023-09-05 00:29:17 Image size of job updated: 273368
	164  -  MemoryUsage of job (MB)
	167464  -  ResidentSetSize of job (KB)
...
040 (13653349.011.000) 2023-09-05 00:30:03 Started transferring output files
...
040 (13653349.011.000) 2023-09-05 00:30:04 Finished transferring output files
...
005 (13653349.011.000) 2023-09-05 00:30:04 Job terminated.
	(1) Normal termination (return value 0)
		Usr 0 00:00:46, Sys 0 00:00:00  -  Run Remote Usage
		Usr 0 00:00:00, Sys 0 00:00:00  -  Run Local Usage
		Usr 0 00:00:46, Sys 0 00:00:00  -  Total Remote Usage
		Usr 0 00:00:00, Sys 0 00:00:00  -  Total Local Usage
	28388  -  Run Bytes Sent By Job
	32664692  -  Run Bytes Received By Job
	28388  -  Total Bytes Sent By Job
	32664692  -  Total Bytes Received By Job
	Partitionable Resources :     Usage  Request Allocated 
	   Cpus                 :      0.99        1         1 
	   Disk (KB)            : 254940      524288   1208198 
	   IoHeavy              :                            0 
	   Memory (MB)          :    164        4096      4096 

	Job terminated of its own accord at 2023-09-05T05:29:59Z with exit-code 0.
...
