000 (13655293.323.000) 2023-09-05 00:33:11 Job submitted from host: <128.104.101.92:9618?addrs=128.104.101.92-9618+[2607-f388-107c-501-a236-9fff-fe3c-caa8]-9618&alias=submit2.chtc.wisc.edu&noUDP&sock=schedd_1879732_618e>
...
040 (13655293.323.000) 2023-09-05 00:53:18 Started transferring input files
	Transferring to host: <128.105.69.137:9618?addrs=128.105.69.137-9618+[2607-f388-2200-100-1270-fdff-fe56-d12c]-9618&alias=e4014.chtc.wisc.edu&noUDP&sock=slot1_11_1985361_2db7_52030>
...
001 (13655293.323.000) 2023-09-05 00:53:30 Job executing on host: <128.105.69.137:9618?addrs=128.105.69.137-9618+[2607-f388-2200-100-1270-fdff-fe56-d12c]-9618&alias=e4014.chtc.wisc.edu&noUDP&sock=startd_15862_9754>
	SlotName: slot1_11@e4014.chtc.wisc.edu
	CondorScratchDir = "/var/lib/condor/execute/slot1/dir_4085214"
	Cpus = 1
	Disk = 1208198
	IoHeavy = 0
	Memory = 4096
...
040 (13655293.323.000) 2023-09-05 00:53:30 Finished transferring input files
...
006 (13655293.323.000) 2023-09-05 00:53:39 Image size of job updated: 752408
	735  -  MemoryUsage of job (MB)
	752408  -  ResidentSetSize of job (KB)
...
006 (13655293.323.000) 2023-09-05 00:58:40 Image size of job updated: 1267048
	1238  -  MemoryUsage of job (MB)
	1266952  -  ResidentSetSize of job (KB)
...
006 (13655293.323.000) 2023-09-05 01:03:40 Image size of job updated: 1285628
	1238  -  MemoryUsage of job (MB)
	1266952  -  ResidentSetSize of job (KB)
...
006 (13655293.323.000) 2023-09-05 22:58:40 Image size of job updated: 1409840
	1238  -  MemoryUsage of job (MB)
	1266952  -  ResidentSetSize of job (KB)
...
040 (13655293.323.000) 2023-09-05 22:58:40 Started transferring output files
...
040 (13655293.323.000) 2023-09-05 22:58:40 Finished transferring output files
...
005 (13655293.323.000) 2023-09-05 22:58:40 Job terminated.
	(1) Normal termination (return value 0)
		Usr 0 21:43:56, Sys 0 00:02:13  -  Run Remote Usage
		Usr 0 00:00:00, Sys 0 00:00:00  -  Run Local Usage
		Usr 0 21:43:56, Sys 0 00:02:13  -  Total Remote Usage
		Usr 0 00:00:00, Sys 0 00:00:00  -  Total Local Usage
	1309610  -  Run Bytes Sent By Job
	32652772  -  Run Bytes Received By Job
	1309610  -  Total Bytes Sent By Job
	32652772  -  Total Bytes Received By Job
	Partitionable Resources :     Usage  Request Allocated 
	   Cpus                 :      0.98        1         1 
	   Disk (KB)            : 274903      524288   1208198 
	   IoHeavy              :                            0 
	   Memory (MB)          :   1238        4096      4096 

	Job terminated of its own accord at 2023-09-06T03:58:40Z with exit-code 0.
...
