000 (13655293.161.000) 2023-09-05 00:33:11 Job submitted from host: <128.104.101.92:9618?addrs=128.104.101.92-9618+[2607-f388-107c-501-a236-9fff-fe3c-caa8]-9618&alias=submit2.chtc.wisc.edu&noUDP&sock=schedd_1879732_618e>
...
040 (13655293.161.000) 2023-09-05 00:38:59 Started transferring input files
	Transferring to host: <128.105.69.204:9618?addrs=128.105.69.204-9618+[2607-f388-2200-100-1270-fdff-fe56-b85c]-9618&alias=e4035.chtc.wisc.edu&noUDP&sock=slot1_99_3825352_4a9e_63523>
...
040 (13655293.161.000) 2023-09-05 00:39:01 Finished transferring input files
...
001 (13655293.161.000) 2023-09-05 00:39:02 Job executing on host: <128.105.69.204:9618?addrs=128.105.69.204-9618+[2607-f388-2200-100-1270-fdff-fe56-b85c]-9618&alias=e4035.chtc.wisc.edu&noUDP&sock=startd_11684_d4a5>
	SlotName: slot1_99@e4035.chtc.wisc.edu
	CondorScratchDir = "/var/lib/condor/execute/slot1/dir_4041824"
	Cpus = 1
	Disk = 1208198
	IoHeavy = 0
	Memory = 4096
...
006 (13655293.161.000) 2023-09-05 00:39:11 Image size of job updated: 590800
	577  -  MemoryUsage of job (MB)
	590800  -  ResidentSetSize of job (KB)
...
006 (13655293.161.000) 2023-09-05 00:44:12 Image size of job updated: 1179668
	955  -  MemoryUsage of job (MB)
	977000  -  ResidentSetSize of job (KB)
...
006 (13655293.161.000) 2023-09-05 00:49:12 Image size of job updated: 1179668
	969  -  MemoryUsage of job (MB)
	992200  -  ResidentSetSize of job (KB)
...
006 (13655293.161.000) 2023-09-05 00:54:12 Image size of job updated: 1179668
	970  -  MemoryUsage of job (MB)
	992616  -  ResidentSetSize of job (KB)
...
006 (13655293.161.000) 2023-09-05 00:59:13 Image size of job updated: 1179668
	976  -  MemoryUsage of job (MB)
	998472  -  ResidentSetSize of job (KB)
...
006 (13655293.161.000) 2023-09-06 00:50:55 Image size of job updated: 1278200
	976  -  MemoryUsage of job (MB)
	998472  -  ResidentSetSize of job (KB)
...
040 (13655293.161.000) 2023-09-06 00:50:56 Started transferring output files
...
040 (13655293.161.000) 2023-09-06 00:50:56 Finished transferring output files
...
005 (13655293.161.000) 2023-09-06 00:50:56 Job terminated.
	(1) Normal termination (return value 0)
		Usr 0 23:40:24, Sys 0 00:05:54  -  Run Remote Usage
		Usr 0 00:00:00, Sys 0 00:00:00  -  Run Local Usage
		Usr 0 23:40:24, Sys 0 00:05:54  -  Total Remote Usage
		Usr 0 00:00:00, Sys 0 00:00:00  -  Total Local Usage
	1309401  -  Run Bytes Sent By Job
	32652772  -  Run Bytes Received By Job
	1309401  -  Total Bytes Sent By Job
	32652772  -  Total Bytes Received By Job
	Partitionable Resources :     Usage  Request Allocated 
	   Cpus                 :      0.99        1         1 
	   Disk (KB)            : 274891      524288   1208198 
	   IoHeavy              :                            0 
	   Memory (MB)          :    976        4096      4096 

	Job terminated of its own accord at 2023-09-06T05:50:55Z with exit-code 0.
...
