000 (13648508.081.000) 2023-09-04 23:50:03 Job submitted from host: <128.104.101.92:9618?addrs=128.104.101.92-9618+[2607-f388-107c-501-a236-9fff-fe3c-caa8]-9618&alias=submit2.chtc.wisc.edu&noUDP&sock=schedd_1879732_618e>
...
040 (13648508.081.000) 2023-09-05 00:09:49 Started transferring input files
	Transferring to host: <128.105.69.151:9618?addrs=128.105.69.151-9618+[2607-f388-2200-100-1270-fdff-fe56-7334]-9618&alias=e4028.chtc.wisc.edu&noUDP&sock=slot1_48_418228_35e8_10428>
...
040 (13648508.081.000) 2023-09-05 00:09:50 Finished transferring input files
...
001 (13648508.081.000) 2023-09-05 00:09:51 Job executing on host: <128.105.69.151:9618?addrs=128.105.69.151-9618+[2607-f388-2200-100-1270-fdff-fe56-7334]-9618&alias=e4028.chtc.wisc.edu&noUDP&sock=startd_27069_a935>
	SlotName: slot1_48@e4028.chtc.wisc.edu
	CondorScratchDir = "/var/lib/condor/execute/slot1/dir_1948867"
	Cpus = 1
	Disk = 1208198
	IoHeavy = 0
	Memory = 4096
...
006 (13648508.081.000) 2023-09-05 00:10:00 Image size of job updated: 273056
	166  -  MemoryUsage of job (MB)
	169572  -  ResidentSetSize of job (KB)
...
040 (13648508.081.000) 2023-09-05 00:10:55 Started transferring output files
...
040 (13648508.081.000) 2023-09-05 00:10:55 Finished transferring output files
...
005 (13648508.081.000) 2023-09-05 00:10:55 Job terminated.
	(1) Normal termination (return value 0)
		Usr 0 00:01:00, Sys 0 00:00:00  -  Run Remote Usage
		Usr 0 00:00:00, Sys 0 00:00:00  -  Run Local Usage
		Usr 0 00:01:00, Sys 0 00:00:00  -  Total Remote Usage
		Usr 0 00:00:00, Sys 0 00:00:00  -  Total Local Usage
	29542  -  Run Bytes Sent By Job
	32665120  -  Run Bytes Received By Job
	29542  -  Total Bytes Sent By Job
	32665120  -  Total Bytes Received By Job
	Partitionable Resources :    Usage  Request Allocated 
	   Cpus                 :                 1         1 
	   Disk (KB)            :   254934   524288   1208198 
	   IoHeavy              :                           0 
	   Memory (MB)          :      166     4096      4096 

	Job terminated of its own accord at 2023-09-05T05:10:55Z with exit-code 0.
...
