000 (14269004.028.000) 2023-09-11 03:23:01 Job submitted from host: <128.104.101.92:9618?addrs=128.104.101.92-9618+[2607-f388-107c-501-a236-9fff-fe3c-caa8]-9618&alias=submit2.chtc.wisc.edu&noUDP&sock=schedd_1879732_618e>
...
040 (14269004.028.000) 2023-09-11 03:27:12 Started transferring input files
	Transferring to host: <128.105.69.225:9618?addrs=128.105.69.225-9618+[2607-f388-2200-100-eaeb-d3ff-fe40-112c]-9618&alias=e2608.chtc.wisc.edu&noUDP&sock=slot1_85_2432246_1694_87966>
...
040 (14269004.028.000) 2023-09-11 03:27:14 Finished transferring input files
...
001 (14269004.028.000) 2023-09-11 03:27:15 Job executing on host: <128.105.69.225:9618?addrs=128.105.69.225-9618+[2607-f388-2200-100-eaeb-d3ff-fe40-112c]-9618&alias=e2608.chtc.wisc.edu&noUDP&sock=startd_18726_0e91>
	SlotName: slot1_85@e2608.chtc.wisc.edu
	CondorScratchDir = "/var/lib/condor/execute/slot1/dir_2898046"
	Cpus = 1
	Disk = 1458998
	IoHeavy = 0
	Memory = 4096
...
006 (14269004.028.000) 2023-09-11 03:27:24 Image size of job updated: 273024
	166  -  MemoryUsage of job (MB)
	169324  -  ResidentSetSize of job (KB)
...
006 (14269004.028.000) 2023-09-11 03:32:25 Image size of job updated: 273024
	180  -  MemoryUsage of job (MB)
	183972  -  ResidentSetSize of job (KB)
...
040 (14269004.028.000) 2023-09-11 03:32:43 Started transferring output files
...
040 (14269004.028.000) 2023-09-11 03:32:43 Finished transferring output files
...
005 (14269004.028.000) 2023-09-11 03:32:43 Job terminated.
	(1) Normal termination (return value 0)
		Usr 0 00:05:18, Sys 0 00:00:02  -  Run Remote Usage
		Usr 0 00:00:00, Sys 0 00:00:00  -  Run Local Usage
		Usr 0 00:05:18, Sys 0 00:00:02  -  Total Remote Usage
		Usr 0 00:00:00, Sys 0 00:00:00  -  Total Local Usage
	180160  -  Run Bytes Sent By Job
	32664898  -  Run Bytes Received By Job
	180160  -  Total Bytes Sent By Job
	32664898  -  Total Bytes Received By Job
	Partitionable Resources :     Usage  Request Allocated 
	   Cpus                 :      0.99        1         1 
	   Disk (KB)            : 255089      524288   1458998 
	   IoHeavy              :                            0 
	   Memory (MB)          :    180        4096      4096 

	Job terminated of its own accord at 2023-09-11T08:32:43Z with exit-code 0.
...
