000 (13655293.030.000) 2023-09-05 00:33:11 Job submitted from host: <128.104.101.92:9618?addrs=128.104.101.92-9618+[2607-f388-107c-501-a236-9fff-fe3c-caa8]-9618&alias=submit2.chtc.wisc.edu&noUDP&sock=schedd_1879732_618e>
...
040 (13655293.030.000) 2023-09-05 00:36:08 Started transferring input files
	Transferring to host: <128.105.69.194:9618?addrs=128.105.69.194-9618+[2607-f388-2200-100-1270-fdff-fe56-c444]-9618&alias=e4047.chtc.wisc.edu&noUDP&sock=slot1_20_931785_935c_12363>
...
040 (13655293.030.000) 2023-09-05 00:36:10 Finished transferring input files
...
001 (13655293.030.000) 2023-09-05 00:36:13 Job executing on host: <128.105.69.194:9618?addrs=128.105.69.194-9618+[2607-f388-2200-100-1270-fdff-fe56-c444]-9618&alias=e4047.chtc.wisc.edu&noUDP&sock=startd_16515_7eac>
	SlotName: slot1_20@e4047.chtc.wisc.edu
	CondorScratchDir = "/var/lib/condor/execute/slot1/dir_1988039"
	Cpus = 1
	Disk = 1208198
	IoHeavy = 0
	Memory = 4096
...
006 (13655293.030.000) 2023-09-05 00:36:21 Image size of job updated: 713148
	697  -  MemoryUsage of job (MB)
	713148  -  ResidentSetSize of job (KB)
...
006 (13655293.030.000) 2023-09-05 00:41:21 Image size of job updated: 1294308
	1070  -  MemoryUsage of job (MB)
	1095068  -  ResidentSetSize of job (KB)
...
006 (13655293.030.000) 2023-09-05 00:46:22 Image size of job updated: 1294308
	1082  -  MemoryUsage of job (MB)
	1106956  -  ResidentSetSize of job (KB)
...
006 (13655293.030.000) 2023-09-05 00:51:22 Image size of job updated: 1294308
	1086  -  MemoryUsage of job (MB)
	1112048  -  ResidentSetSize of job (KB)
...
006 (13655293.030.000) 2023-09-05 01:11:23 Image size of job updated: 1294308
	1090  -  MemoryUsage of job (MB)
	1115632  -  ResidentSetSize of job (KB)
...
006 (13655293.030.000) 2023-09-05 01:16:24 Image size of job updated: 1294308
	1093  -  MemoryUsage of job (MB)
	1118704  -  ResidentSetSize of job (KB)
...
006 (13655293.030.000) 2023-09-05 02:01:29 Image size of job updated: 1294308
	1095  -  MemoryUsage of job (MB)
	1121008  -  ResidentSetSize of job (KB)
...
006 (13655293.030.000) 2023-09-05 02:21:30 Image size of job updated: 1294308
	1096  -  MemoryUsage of job (MB)
	1122032  -  ResidentSetSize of job (KB)
...
006 (13655293.030.000) 2023-09-05 04:16:43 Image size of job updated: 1294308
	1100  -  MemoryUsage of job (MB)
	1126352  -  ResidentSetSize of job (KB)
...
006 (13655293.030.000) 2023-09-06 01:18:49 Image size of job updated: 1364664
	1201  -  MemoryUsage of job (MB)
	1229636  -  ResidentSetSize of job (KB)
...
040 (13655293.030.000) 2023-09-06 01:19:22 Started transferring output files
...
040 (13655293.030.000) 2023-09-06 01:19:22 Finished transferring output files
...
005 (13655293.030.000) 2023-09-06 01:19:22 Job terminated.
	(1) Normal termination (return value 0)
		Usr 1 00:14:28, Sys 0 00:05:26  -  Run Remote Usage
		Usr 0 00:00:00, Sys 0 00:00:00  -  Run Local Usage
		Usr 1 00:14:28, Sys 0 00:05:26  -  Total Remote Usage
		Usr 0 00:00:00, Sys 0 00:00:00  -  Total Local Usage
	1309644  -  Run Bytes Sent By Job
	32652772  -  Run Bytes Received By Job
	1309644  -  Total Bytes Sent By Job
	32652772  -  Total Bytes Received By Job
	Partitionable Resources :     Usage  Request Allocated 
	   Cpus                 :      0.98        1         1 
	   Disk (KB)            : 274915      524288   1208198 
	   IoHeavy              :                            0 
	   Memory (MB)          :   1201        4096      4096 

	Job terminated of its own accord at 2023-09-06T06:19:22Z with exit-code 0.
...
