000 (14269004.065.000) 2023-09-11 03:23:01 Job submitted from host: <128.104.101.92:9618?addrs=128.104.101.92-9618+[2607-f388-107c-501-a236-9fff-fe3c-caa8]-9618&alias=submit2.chtc.wisc.edu&noUDP&sock=schedd_1879732_618e>
...
040 (14269004.065.000) 2023-09-11 03:28:20 Started transferring input files
	Transferring to host: <128.105.69.185:9618?addrs=128.105.69.185-9618+[2607-f388-2200-100-1270-fdff-fe56-c0d4]-9618&alias=e4037.chtc.wisc.edu&noUDP&sock=slot1_69_2954895_96f9_103369>
...
040 (14269004.065.000) 2023-09-11 03:28:23 Finished transferring input files
...
001 (14269004.065.000) 2023-09-11 03:28:24 Job executing on host: <128.105.69.185:9618?addrs=128.105.69.185-9618+[2607-f388-2200-100-1270-fdff-fe56-c0d4]-9618&alias=e4037.chtc.wisc.edu&noUDP&sock=startd_16018_981a>
	SlotName: slot1_69@e4037.chtc.wisc.edu
	CondorScratchDir = "/var/lib/condor/execute/slot1/dir_925290"
	Cpus = 1
	Disk = 1208198
	IoHeavy = 0
	Memory = 4096
...
006 (14269004.065.000) 2023-09-11 03:28:32 Image size of job updated: 273136
	213  -  MemoryUsage of job (MB)
	217632  -  ResidentSetSize of job (KB)
...
040 (14269004.065.000) 2023-09-11 03:30:12 Started transferring output files
...
040 (14269004.065.000) 2023-09-11 03:30:12 Finished transferring output files
...
005 (14269004.065.000) 2023-09-11 03:30:12 Job terminated.
	(1) Normal termination (return value 0)
		Usr 0 00:01:43, Sys 0 00:00:01  -  Run Remote Usage
		Usr 0 00:00:00, Sys 0 00:00:00  -  Run Local Usage
		Usr 0 00:01:43, Sys 0 00:00:01  -  Total Remote Usage
		Usr 0 00:00:00, Sys 0 00:00:00  -  Total Local Usage
	103992  -  Run Bytes Sent By Job
	32664898  -  Run Bytes Received By Job
	103992  -  Total Bytes Sent By Job
	32664898  -  Total Bytes Received By Job
	Partitionable Resources :     Usage  Request Allocated 
	   Cpus                 :      0.99        1         1 
	   Disk (KB)            : 255974      524288   1208198 
	   IoHeavy              :                            0 
	   Memory (MB)          :    213        4096      4096 

	Job terminated of its own accord at 2023-09-11T08:30:12Z with exit-code 0.
...
