000 (13655293.349.000) 2023-09-05 00:33:11 Job submitted from host: <128.104.101.92:9618?addrs=128.104.101.92-9618+[2607-f388-107c-501-a236-9fff-fe3c-caa8]-9618&alias=submit2.chtc.wisc.edu&noUDP&sock=schedd_1879732_618e>
...
040 (13655293.349.000) 2023-09-05 00:54:06 Started transferring input files
	Transferring to host: <128.105.69.137:9618?addrs=128.105.69.137-9618+[2607-f388-2200-100-1270-fdff-fe56-d12c]-9618&alias=e4014.chtc.wisc.edu&noUDP&sock=slot1_71_1985361_2db7_52051>
...
040 (13655293.349.000) 2023-09-05 00:54:07 Finished transferring input files
...
001 (13655293.349.000) 2023-09-05 00:54:10 Job executing on host: <128.105.69.137:9618?addrs=128.105.69.137-9618+[2607-f388-2200-100-1270-fdff-fe56-d12c]-9618&alias=e4014.chtc.wisc.edu&noUDP&sock=startd_15862_9754>
	SlotName: slot1_71@e4014.chtc.wisc.edu
	CondorScratchDir = "/var/lib/condor/execute/slot1/dir_4085954"
	Cpus = 1
	Disk = 1208198
	IoHeavy = 0
	Memory = 4096
...
006 (13655293.349.000) 2023-09-05 00:54:18 Image size of job updated: 699392
	683  -  MemoryUsage of job (MB)
	699392  -  ResidentSetSize of job (KB)
...
006 (13655293.349.000) 2023-09-05 00:59:18 Image size of job updated: 996680
	974  -  MemoryUsage of job (MB)
	996680  -  ResidentSetSize of job (KB)
...
006 (13655293.349.000) 2023-09-05 01:04:18 Image size of job updated: 1261488
	974  -  MemoryUsage of job (MB)
	996680  -  ResidentSetSize of job (KB)
...
006 (13655293.349.000) 2023-09-05 01:09:19 Image size of job updated: 1284084
	1050  -  MemoryUsage of job (MB)
	1075116  -  ResidentSetSize of job (KB)
...
006 (13655293.349.000) 2023-09-05 01:14:19 Image size of job updated: 1284084
	1078  -  MemoryUsage of job (MB)
	1103180  -  ResidentSetSize of job (KB)
...
006 (13655293.349.000) 2023-09-05 01:19:20 Image size of job updated: 1284084
	1086  -  MemoryUsage of job (MB)
	1111648  -  ResidentSetSize of job (KB)
...
006 (13655293.349.000) 2023-09-05 03:49:36 Image size of job updated: 1284084
	1091  -  MemoryUsage of job (MB)
	1116408  -  ResidentSetSize of job (KB)
...
006 (13655293.349.000) 2023-09-06 03:48:18 Image size of job updated: 1414232
	1091  -  MemoryUsage of job (MB)
	1116408  -  ResidentSetSize of job (KB)
...
040 (13655293.349.000) 2023-09-06 03:48:18 Started transferring output files
...
040 (13655293.349.000) 2023-09-06 03:48:18 Finished transferring output files
...
005 (13655293.349.000) 2023-09-06 03:48:18 Job terminated.
	(1) Normal termination (return value 0)
		Usr 1 02:25:38, Sys 0 00:05:37  -  Run Remote Usage
		Usr 0 00:00:00, Sys 0 00:00:00  -  Run Local Usage
		Usr 1 02:25:38, Sys 0 00:05:37  -  Total Remote Usage
		Usr 0 00:00:00, Sys 0 00:00:00  -  Total Local Usage
	1309592  -  Run Bytes Sent By Job
	32652772  -  Run Bytes Received By Job
	1309592  -  Total Bytes Sent By Job
	32652772  -  Total Bytes Received By Job
	Partitionable Resources :     Usage  Request Allocated 
	   Cpus                 :      0.98        1         1 
	   Disk (KB)            : 274915      524288   1208198 
	   IoHeavy              :                            0 
	   Memory (MB)          :   1091        4096      4096 

	Job terminated of its own accord at 2023-09-06T08:48:18Z with exit-code 0.
...
