000 (14269004.025.000) 2023-09-11 03:23:01 Job submitted from host: <128.104.101.92:9618?addrs=128.104.101.92-9618+[2607-f388-107c-501-a236-9fff-fe3c-caa8]-9618&alias=submit2.chtc.wisc.edu&noUDP&sock=schedd_1879732_618e>
...
040 (14269004.025.000) 2023-09-11 03:27:05 Started transferring input files
	Transferring to host: <128.105.69.202:9618?addrs=128.105.69.202-9618+[2607-f388-2200-100-1270-fdff-fe56-c3c4]-9618&alias=e4033.chtc.wisc.edu&noUDP&sock=slot1_7_2303293_08b8_87596>
...
040 (14269004.025.000) 2023-09-11 03:27:08 Finished transferring input files
...
001 (14269004.025.000) 2023-09-11 03:27:09 Job executing on host: <128.105.69.202:9618?addrs=128.105.69.202-9618+[2607-f388-2200-100-1270-fdff-fe56-c3c4]-9618&alias=e4033.chtc.wisc.edu&noUDP&sock=startd_15782_b7c0>
	SlotName: slot1_7@e4033.chtc.wisc.edu
	CondorScratchDir = "/var/lib/condor/execute/slot1/dir_3828967"
	Cpus = 1
	Disk = 1208198
	IoHeavy = 0
	Memory = 4096
...
006 (14269004.025.000) 2023-09-11 03:27:17 Image size of job updated: 275704
	143  -  MemoryUsage of job (MB)
	146404  -  ResidentSetSize of job (KB)
...
040 (14269004.025.000) 2023-09-11 03:31:42 Started transferring output files
...
040 (14269004.025.000) 2023-09-11 03:31:43 Finished transferring output files
...
005 (14269004.025.000) 2023-09-11 03:31:44 Job terminated.
	(1) Normal termination (return value 0)
		Usr 0 00:04:26, Sys 0 00:00:01  -  Run Remote Usage
		Usr 0 00:00:00, Sys 0 00:00:00  -  Run Local Usage
		Usr 0 00:04:26, Sys 0 00:00:01  -  Total Remote Usage
		Usr 0 00:00:00, Sys 0 00:00:00  -  Total Local Usage
	180003  -  Run Bytes Sent By Job
	32664898  -  Run Bytes Received By Job
	180003  -  Total Bytes Sent By Job
	32664898  -  Total Bytes Received By Job
	Partitionable Resources :     Usage  Request Allocated 
	   Cpus                 :      0.99        1         1 
	   Disk (KB)            : 255089      524288   1208198 
	   IoHeavy              :                            0 
	   Memory (MB)          :    143        4096      4096 

	Job terminated of its own accord at 2023-09-11T08:31:41Z with exit-code 0.
...
