000 (13648507.003.000) 2023-09-04 23:45:57 Job submitted from host: <128.104.101.92:9618?addrs=128.104.101.92-9618+[2607-f388-107c-501-a236-9fff-fe3c-caa8]-9618&alias=submit2.chtc.wisc.edu&noUDP&sock=schedd_1879732_618e>
...
040 (13648507.003.000) 2023-09-04 23:48:19 Started transferring input files
	Transferring to host: <128.105.69.224:9618?addrs=128.105.69.224-9618+[2607-f388-2200-100-eaeb-d3ff-fe40-1574]-9618&alias=e2607.chtc.wisc.edu&noUDP&sock=slot1_26_1087982_7e0c_42083>
...
040 (13648507.003.000) 2023-09-04 23:48:22 Finished transferring input files
...
001 (13648507.003.000) 2023-09-04 23:48:23 Job executing on host: <128.105.69.224:9618?addrs=128.105.69.224-9618+[2607-f388-2200-100-eaeb-d3ff-fe40-1574]-9618&alias=e2607.chtc.wisc.edu&noUDP&sock=startd_11673_491a>
	SlotName: slot1_26@e2607.chtc.wisc.edu
	CondorScratchDir = "/var/lib/condor/execute/slot1/dir_2177621"
	Cpus = 1
	Disk = 1458998
	IoHeavy = 0
	Memory = 4096
...
006 (13648507.003.000) 2023-09-04 23:48:30 Image size of job updated: 272928
	77  -  MemoryUsage of job (MB)
	78056  -  ResidentSetSize of job (KB)
...
040 (13648507.003.000) 2023-09-04 23:48:30 Started transferring output files
...
040 (13648507.003.000) 2023-09-04 23:48:30 Finished transferring output files
...
005 (13648507.003.000) 2023-09-04 23:48:30 Job terminated.
	(1) Normal termination (return value 0)
		Usr 0 00:00:04, Sys 0 00:00:00  -  Run Remote Usage
		Usr 0 00:00:00, Sys 0 00:00:00  -  Run Local Usage
		Usr 0 00:00:04, Sys 0 00:00:00  -  Total Remote Usage
		Usr 0 00:00:00, Sys 0 00:00:00  -  Total Local Usage
	5474  -  Run Bytes Sent By Job
	32665118  -  Run Bytes Received By Job
	5474  -  Total Bytes Sent By Job
	32665118  -  Total Bytes Received By Job
	Partitionable Resources :    Usage  Request Allocated 
	   Cpus                 :                 1         1 
	   Disk (KB)            :   254910   524288   1458998 
	   IoHeavy              :                           0 
	   Memory (MB)          :       77     4096      4096 

	Job terminated of its own accord at 2023-09-05T04:48:30Z with exit-code 0.
...
