000 (13655293.426.000) 2023-09-05 00:33:11 Job submitted from host: <128.104.101.92:9618?addrs=128.104.101.92-9618+[2607-f388-107c-501-a236-9fff-fe3c-caa8]-9618&alias=submit2.chtc.wisc.edu&noUDP&sock=schedd_1879732_618e>
...
040 (13655293.426.000) 2023-09-05 00:57:37 Started transferring input files
	Transferring to host: <128.105.69.157:9618?addrs=128.105.69.157-9618+[2607-f388-2200-100-1270-fdff-fe56-c3a4]-9618&alias=e4090.chtc.wisc.edu&noUDP&sock=slot1_6_1363133_4360_49284>
...
001 (13655293.426.000) 2023-09-05 00:58:20 Job executing on host: <128.105.69.157:9618?addrs=128.105.69.157-9618+[2607-f388-2200-100-1270-fdff-fe56-c3a4]-9618&alias=e4090.chtc.wisc.edu&noUDP&sock=startd_18322_f24e>
	SlotName: slot1_6@e4090.chtc.wisc.edu
	CondorScratchDir = "/var/lib/condor/execute/slot1/dir_559073"
	Cpus = 1
	Disk = 1208198
	IoHeavy = 0
	Memory = 4096
...
040 (13655293.426.000) 2023-09-05 00:58:20 Finished transferring input files
...
006 (13655293.426.000) 2023-09-05 00:58:29 Image size of job updated: 623296
	609  -  MemoryUsage of job (MB)
	623296  -  ResidentSetSize of job (KB)
...
006 (13655293.426.000) 2023-09-05 01:03:29 Image size of job updated: 1078328
	1054  -  MemoryUsage of job (MB)
	1078328  -  ResidentSetSize of job (KB)
...
006 (13655293.426.000) 2023-09-05 01:08:30 Image size of job updated: 1266976
	1238  -  MemoryUsage of job (MB)
	1266968  -  ResidentSetSize of job (KB)
...
006 (13655293.426.000) 2023-09-05 01:13:30 Image size of job updated: 1285904
	1238  -  MemoryUsage of job (MB)
	1266968  -  ResidentSetSize of job (KB)
...
006 (13655293.426.000) 2023-09-06 00:34:39 Image size of job updated: 1405976
	1238  -  MemoryUsage of job (MB)
	1266968  -  ResidentSetSize of job (KB)
...
040 (13655293.426.000) 2023-09-06 00:34:39 Started transferring output files
...
040 (13655293.426.000) 2023-09-06 00:34:39 Finished transferring output files
...
005 (13655293.426.000) 2023-09-06 00:34:40 Job terminated.
	(1) Normal termination (return value 0)
		Usr 0 23:15:09, Sys 0 00:04:28  -  Run Remote Usage
		Usr 0 00:00:00, Sys 0 00:00:00  -  Run Local Usage
		Usr 0 23:15:09, Sys 0 00:04:28  -  Total Remote Usage
		Usr 0 00:00:00, Sys 0 00:00:00  -  Total Local Usage
	1309599  -  Run Bytes Sent By Job
	32652772  -  Run Bytes Received By Job
	1309599  -  Total Bytes Sent By Job
	32652772  -  Total Bytes Received By Job
	Partitionable Resources :     Usage  Request Allocated 
	   Cpus                 :      0.99        1         1 
	   Disk (KB)            : 274887      524288   1208198 
	   IoHeavy              :                            0 
	   Memory (MB)          :   1238        4096      4096 

	Job terminated of its own accord at 2023-09-06T05:34:39Z with exit-code 0.
...
