000 (13648508.110.000) 2023-09-04 23:50:03 Job submitted from host: <128.104.101.92:9618?addrs=128.104.101.92-9618+[2607-f388-107c-501-a236-9fff-fe3c-caa8]-9618&alias=submit2.chtc.wisc.edu&noUDP&sock=schedd_1879732_618e>
...
040 (13648508.110.000) 2023-09-05 00:10:50 Started transferring input files
	Transferring to host: <128.105.69.142:9618?addrs=128.105.69.142-9618+[2607-f388-2200-100-1270-fdff-fe56-747c]-9618&alias=e4019.chtc.wisc.edu&noUDP&sock=slot1_23_3701491_0311_62336>
...
040 (13648508.110.000) 2023-09-05 00:10:52 Finished transferring input files
...
001 (13648508.110.000) 2023-09-05 00:10:53 Job executing on host: <128.105.69.142:9618?addrs=128.105.69.142-9618+[2607-f388-2200-100-1270-fdff-fe56-747c]-9618&alias=e4019.chtc.wisc.edu&noUDP&sock=startd_15796_5214>
	SlotName: slot1_23@e4019.chtc.wisc.edu
	CondorScratchDir = "/var/lib/condor/execute/slot1/dir_582676"
	Cpus = 1
	Disk = 1208198
	IoHeavy = 0
	Memory = 4096
...
006 (13648508.110.000) 2023-09-05 00:11:01 Image size of job updated: 379848
	267  -  MemoryUsage of job (MB)
	272596  -  ResidentSetSize of job (KB)
...
006 (13648508.110.000) 2023-09-05 00:11:35 Image size of job updated: 379848
	267  -  MemoryUsage of job (MB)
	272852  -  ResidentSetSize of job (KB)
...
040 (13648508.110.000) 2023-09-05 00:11:35 Started transferring output files
...
040 (13648508.110.000) 2023-09-05 00:11:35 Finished transferring output files
...
005 (13648508.110.000) 2023-09-05 00:11:35 Job terminated.
	(1) Normal termination (return value 0)
		Usr 0 00:00:38, Sys 0 00:00:01  -  Run Remote Usage
		Usr 0 00:00:00, Sys 0 00:00:00  -  Run Local Usage
		Usr 0 00:00:38, Sys 0 00:00:01  -  Total Remote Usage
		Usr 0 00:00:00, Sys 0 00:00:00  -  Total Local Usage
	28262  -  Run Bytes Sent By Job
	32665120  -  Run Bytes Received By Job
	28262  -  Total Bytes Sent By Job
	32665120  -  Total Bytes Received By Job
	Partitionable Resources :    Usage  Request Allocated 
	   Cpus                 :                 1         1 
	   Disk (KB)            :   254933   524288   1208198 
	   IoHeavy              :                           0 
	   Memory (MB)          :      267     4096      4096 

	Job terminated of its own accord at 2023-09-05T05:11:35Z with exit-code 0.
...
