000 (13655293.217.000) 2023-09-05 00:33:11 Job submitted from host: <128.104.101.92:9618?addrs=128.104.101.92-9618+[2607-f388-107c-501-a236-9fff-fe3c-caa8]-9618&alias=submit2.chtc.wisc.edu&noUDP&sock=schedd_1879732_618e>
...
040 (13655293.217.000) 2023-09-05 00:45:45 Started transferring input files
	Transferring to host: <128.105.69.214:9618?addrs=128.105.69.214-9618+[2607-f388-2200-100-eaeb-d3ff-fe3f-fbf4]-9618&alias=e2597.chtc.wisc.edu&noUDP&sock=slot1_44_1690718_87ca_60941>
...
040 (13655293.217.000) 2023-09-05 00:45:47 Finished transferring input files
...
001 (13655293.217.000) 2023-09-05 00:45:49 Job executing on host: <128.105.69.214:9618?addrs=128.105.69.214-9618+[2607-f388-2200-100-eaeb-d3ff-fe3f-fbf4]-9618&alias=e2597.chtc.wisc.edu&noUDP&sock=startd_18862_5773>
	SlotName: slot1_44@e2597.chtc.wisc.edu
	CondorScratchDir = "/var/lib/condor/execute/slot1/dir_1522336"
	Cpus = 1
	Disk = 1458998
	IoHeavy = 0
	Memory = 4096
...
006 (13655293.217.000) 2023-09-05 00:45:57 Image size of job updated: 673676
	658  -  MemoryUsage of job (MB)
	673676  -  ResidentSetSize of job (KB)
...
006 (13655293.217.000) 2023-09-05 00:50:57 Image size of job updated: 1289448
	1062  -  MemoryUsage of job (MB)
	1087308  -  ResidentSetSize of job (KB)
...
006 (13655293.217.000) 2023-09-05 00:55:57 Image size of job updated: 1289448
	1087  -  MemoryUsage of job (MB)
	1112680  -  ResidentSetSize of job (KB)
...
006 (13655293.217.000) 2023-09-05 01:10:58 Image size of job updated: 1289448
	1089  -  MemoryUsage of job (MB)
	1114480  -  ResidentSetSize of job (KB)
...
006 (13655293.217.000) 2023-09-05 01:21:00 Image size of job updated: 1289448
	1090  -  MemoryUsage of job (MB)
	1115968  -  ResidentSetSize of job (KB)
...
006 (13655293.217.000) 2023-09-05 21:08:00 Image size of job updated: 1337796
	1173  -  MemoryUsage of job (MB)
	1200476  -  ResidentSetSize of job (KB)
...
040 (13655293.217.000) 2023-09-05 21:08:04 Started transferring output files
...
040 (13655293.217.000) 2023-09-05 21:08:04 Finished transferring output files
...
005 (13655293.217.000) 2023-09-05 21:08:04 Job terminated.
	(1) Normal termination (return value 0)
		Usr 0 19:55:20, Sys 0 00:05:33  -  Run Remote Usage
		Usr 0 00:00:00, Sys 0 00:00:00  -  Run Local Usage
		Usr 0 19:55:20, Sys 0 00:05:33  -  Total Remote Usage
		Usr 0 00:00:00, Sys 0 00:00:00  -  Total Local Usage
	1309556  -  Run Bytes Sent By Job
	32652772  -  Run Bytes Received By Job
	1309556  -  Total Bytes Sent By Job
	32652772  -  Total Bytes Received By Job
	Partitionable Resources :     Usage  Request Allocated 
	   Cpus                 :      0.99        1         1 
	   Disk (KB)            : 274915      524288   1458998 
	   IoHeavy              :                            0 
	   Memory (MB)          :   1173        4096      4096 

	Job terminated of its own accord at 2023-09-06T02:08:04Z with exit-code 0.
...
