000 (13655293.101.000) 2023-09-05 00:33:11 Job submitted from host: <128.104.101.92:9618?addrs=128.104.101.92-9618+[2607-f388-107c-501-a236-9fff-fe3c-caa8]-9618&alias=submit2.chtc.wisc.edu&noUDP&sock=schedd_1879732_618e>
...
040 (13655293.101.000) 2023-09-05 00:36:22 Started transferring input files
	Transferring to host: <128.105.69.111:9618?addrs=128.105.69.111-9618+[2607-f388-2200-100-1270-fdff-fe56-cecc]-9618&alias=e4060.chtc.wisc.edu&noUDP&sock=slot1_75_2818152_c6a0_56912>
...
001 (13655293.101.000) 2023-09-05 00:36:29 Job executing on host: <128.105.69.111:9618?addrs=128.105.69.111-9618+[2607-f388-2200-100-1270-fdff-fe56-cecc]-9618&alias=e4060.chtc.wisc.edu&noUDP&sock=startd_18821_3811>
	SlotName: slot1_75@e4060.chtc.wisc.edu
	CondorScratchDir = "/var/lib/condor/execute/slot1/dir_304350"
	Cpus = 1
	Disk = 1208198
	IoHeavy = 0
	Memory = 4096
...
040 (13655293.101.000) 2023-09-05 00:36:29 Finished transferring input files
...
006 (13655293.101.000) 2023-09-05 00:36:38 Image size of job updated: 708944
	693  -  MemoryUsage of job (MB)
	708944  -  ResidentSetSize of job (KB)
...
006 (13655293.101.000) 2023-09-05 00:41:39 Image size of job updated: 1284784
	1255  -  MemoryUsage of job (MB)
	1284780  -  ResidentSetSize of job (KB)
...
006 (13655293.101.000) 2023-09-06 01:31:21 Image size of job updated: 1380496
	1255  -  MemoryUsage of job (MB)
	1284780  -  ResidentSetSize of job (KB)
...
040 (13655293.101.000) 2023-09-06 01:31:21 Started transferring output files
...
040 (13655293.101.000) 2023-09-06 01:31:22 Finished transferring output files
...
005 (13655293.101.000) 2023-09-06 01:31:22 Job terminated.
	(1) Normal termination (return value 0)
		Usr 1 00:22:12, Sys 0 00:07:15  -  Run Remote Usage
		Usr 0 00:00:00, Sys 0 00:00:00  -  Run Local Usage
		Usr 1 00:22:12, Sys 0 00:07:15  -  Total Remote Usage
		Usr 0 00:00:00, Sys 0 00:00:00  -  Total Local Usage
	1309651  -  Run Bytes Sent By Job
	32652772  -  Run Bytes Received By Job
	1309651  -  Total Bytes Sent By Job
	32652772  -  Total Bytes Received By Job
	Partitionable Resources :     Usage  Request Allocated 
	   Cpus                 :      0.98        1         1 
	   Disk (KB)            : 274908      524288   1208198 
	   IoHeavy              :                            0 
	   Memory (MB)          :   1255        4096      4096 

	Job terminated of its own accord at 2023-09-06T06:31:21Z with exit-code 0.
...
