000 (14268886.052.000) 2023-09-11 03:21:39 Job submitted from host: <128.104.101.92:9618?addrs=128.104.101.92-9618+[2607-f388-107c-501-a236-9fff-fe3c-caa8]-9618&alias=submit2.chtc.wisc.edu&noUDP&sock=schedd_1879732_618e>
...
040 (14268886.052.000) 2023-09-11 03:25:21 Started transferring input files
	Transferring to host: <128.105.69.225:9618?addrs=128.105.69.225-9618+[2607-f388-2200-100-eaeb-d3ff-fe40-112c]-9618&alias=e2608.chtc.wisc.edu&noUDP&sock=slot1_85_2432246_1694_87956>
...
040 (14268886.052.000) 2023-09-11 03:25:23 Finished transferring input files
...
001 (14268886.052.000) 2023-09-11 03:25:24 Job executing on host: <128.105.69.225:9618?addrs=128.105.69.225-9618+[2607-f388-2200-100-eaeb-d3ff-fe40-112c]-9618&alias=e2608.chtc.wisc.edu&noUDP&sock=startd_18726_0e91>
	SlotName: slot1_85@e2608.chtc.wisc.edu
	CondorScratchDir = "/var/lib/condor/execute/slot1/dir_2830975"
	Cpus = 1
	Disk = 1458998
	IoHeavy = 0
	Memory = 4096
...
006 (14268886.052.000) 2023-09-11 03:25:33 Image size of job updated: 642944
	628  -  MemoryUsage of job (MB)
	642944  -  ResidentSetSize of job (KB)
...
006 (14268886.052.000) 2023-09-11 03:27:10 Image size of job updated: 810372
	632  -  MemoryUsage of job (MB)
	646272  -  ResidentSetSize of job (KB)
...
040 (14268886.052.000) 2023-09-11 03:27:10 Started transferring output files
...
040 (14268886.052.000) 2023-09-11 03:27:10 Finished transferring output files
...
005 (14268886.052.000) 2023-09-11 03:27:11 Job terminated.
	(1) Normal termination (return value 0)
		Usr 0 00:01:38, Sys 0 00:00:05  -  Run Remote Usage
		Usr 0 00:00:00, Sys 0 00:00:00  -  Run Local Usage
		Usr 0 00:01:38, Sys 0 00:00:05  -  Total Remote Usage
		Usr 0 00:00:00, Sys 0 00:00:00  -  Total Local Usage
	94344  -  Run Bytes Sent By Job
	32720416  -  Run Bytes Received By Job
	94344  -  Total Bytes Sent By Job
	32720416  -  Total Bytes Received By Job
	Partitionable Resources :     Usage  Request Allocated 
	   Cpus                 :      0.53        1         1 
	   Disk (KB)            : 261259      524288   1458998 
	   IoHeavy              :                            0 
	   Memory (MB)          :    632        4096      4096 

	Job terminated of its own accord at 2023-09-11T08:27:10Z with exit-code 0.
...
