000 (13648508.073.000) 2023-09-04 23:50:03 Job submitted from host: <128.104.101.92:9618?addrs=128.104.101.92-9618+[2607-f388-107c-501-a236-9fff-fe3c-caa8]-9618&alias=submit2.chtc.wisc.edu&noUDP&sock=schedd_1879732_618e>
...
040 (13648508.073.000) 2023-09-05 00:09:32 Started transferring input files
	Transferring to host: <128.105.69.167:9618?addrs=128.105.69.167-9618+[2607-f388-2200-100-1270-fdff-fe56-686c]-9618&alias=e2550.chtc.wisc.edu&noUDP&sock=slot1_89_354583_8cec_49126>
...
040 (13648508.073.000) 2023-09-05 00:09:34 Finished transferring input files
...
001 (13648508.073.000) 2023-09-05 00:09:35 Job executing on host: <128.105.69.167:9618?addrs=128.105.69.167-9618+[2607-f388-2200-100-1270-fdff-fe56-686c]-9618&alias=e2550.chtc.wisc.edu&noUDP&sock=startd_13345_2373>
	SlotName: slot1_89@e2550.chtc.wisc.edu
	CondorScratchDir = "/var/lib/condor/execute/slot1/dir_591919"
	Cpus = 1
	Disk = 1208198
	IoHeavy = 0
	Memory = 4096
...
006 (13648508.073.000) 2023-09-05 00:09:44 Image size of job updated: 273412
	166  -  MemoryUsage of job (MB)
	169124  -  ResidentSetSize of job (KB)
...
040 (13648508.073.000) 2023-09-05 00:10:19 Started transferring output files
...
040 (13648508.073.000) 2023-09-05 00:10:19 Finished transferring output files
...
005 (13648508.073.000) 2023-09-05 00:10:19 Job terminated.
	(1) Normal termination (return value 0)
		Usr 0 00:00:41, Sys 0 00:00:00  -  Run Remote Usage
		Usr 0 00:00:00, Sys 0 00:00:00  -  Run Local Usage
		Usr 0 00:00:41, Sys 0 00:00:00  -  Total Remote Usage
		Usr 0 00:00:00, Sys 0 00:00:00  -  Total Local Usage
	28962  -  Run Bytes Sent By Job
	32665120  -  Run Bytes Received By Job
	28962  -  Total Bytes Sent By Job
	32665120  -  Total Bytes Received By Job
	Partitionable Resources :    Usage  Request Allocated 
	   Cpus                 :                 1         1 
	   Disk (KB)            :   254934   524288   1208198 
	   IoHeavy              :                           0 
	   Memory (MB)          :      166     4096      4096 

	Job terminated of its own accord at 2023-09-05T05:10:19Z with exit-code 0.
...
