000 (14312692.064.000) 2023-09-11 11:54:29 Job submitted from host: <128.104.101.92:9618?addrs=128.104.101.92-9618+[2607-f388-107c-501-a236-9fff-fe3c-caa8]-9618&alias=submit2.chtc.wisc.edu&noUDP&sock=schedd_1879732_618e>
...
040 (14312692.064.000) 2023-09-11 12:01:50 Started transferring input files
	Transferring to host: <128.105.69.148:9618?addrs=128.105.69.148-9618+[2607-f388-2200-100-1270-fdff-fe56-ceec]-9618&alias=build4001.chtc.wisc.edu&noUDP&sock=slot3_89_2852113_5f65_106719>
...
040 (14312692.064.000) 2023-09-11 12:01:52 Finished transferring input files
...
001 (14312692.064.000) 2023-09-11 12:01:53 Job executing on host: <128.105.69.148:9618?addrs=128.105.69.148-9618+[2607-f388-2200-100-1270-fdff-fe56-ceec]-9618&alias=build4001.chtc.wisc.edu&noUDP&sock=startd_16163_0d56>
	SlotName: slot3_89@build4001.chtc.wisc.edu
	CondorScratchDir = "/var/lib/condor/execute/slot3/dir_2276763"
	Cpus = 1
	Disk = 1208198
	IoHeavy = 0
	Memory = 4096
...
006 (14312692.064.000) 2023-09-11 12:02:02 Image size of job updated: 583588
	570  -  MemoryUsage of job (MB)
	583584  -  ResidentSetSize of job (KB)
...
006 (14312692.064.000) 2023-09-11 12:03:22 Image size of job updated: 703128
	571  -  MemoryUsage of job (MB)
	584352  -  ResidentSetSize of job (KB)
...
040 (14312692.064.000) 2023-09-11 12:03:22 Started transferring output files
...
040 (14312692.064.000) 2023-09-11 12:03:22 Finished transferring output files
...
005 (14312692.064.000) 2023-09-11 12:03:22 Job terminated.
	(1) Normal termination (return value 0)
		Usr 0 00:01:21, Sys 0 00:00:04  -  Run Remote Usage
		Usr 0 00:00:00, Sys 0 00:00:00  -  Run Local Usage
		Usr 0 00:01:21, Sys 0 00:00:04  -  Total Remote Usage
		Usr 0 00:00:00, Sys 0 00:00:00  -  Total Local Usage
	98139  -  Run Bytes Sent By Job
	32720412  -  Run Bytes Received By Job
	98139  -  Total Bytes Sent By Job
	32720412  -  Total Bytes Received By Job
	Partitionable Resources :     Usage  Request Allocated 
	   Cpus                 :      0.72        1         1 
	   Disk (KB)            : 261264      524288   1208198 
	   IoHeavy              :                            0 
	   Memory (MB)          :    571        4096      4096 

	Job terminated of its own accord at 2023-09-11T17:03:22Z with exit-code 0.
...
