000 (13655293.002.000) 2023-09-05 00:33:11 Job submitted from host: <128.104.101.92:9618?addrs=128.104.101.92-9618+[2607-f388-107c-501-a236-9fff-fe3c-caa8]-9618&alias=submit2.chtc.wisc.edu&noUDP&sock=schedd_1879732_618e>
...
040 (13655293.002.000) 2023-09-05 00:35:53 Started transferring input files
	Transferring to host: <128.105.69.191:9618?addrs=128.105.69.191-9618+[2607-f388-2200-100-1270-fdff-fe56-3d4c]-9618&alias=e4044.chtc.wisc.edu&noUDP&sock=slot1_45_852826_d131_11536>
...
040 (13655293.002.000) 2023-09-05 00:35:55 Finished transferring input files
...
001 (13655293.002.000) 2023-09-05 00:35:56 Job executing on host: <128.105.69.191:9618?addrs=128.105.69.191-9618+[2607-f388-2200-100-1270-fdff-fe56-3d4c]-9618&alias=e4044.chtc.wisc.edu&noUDP&sock=startd_16542_03ba>
	SlotName: slot1_45@e4044.chtc.wisc.edu
	CondorScratchDir = "/var/lib/condor/execute/slot1/dir_2505000"
	Cpus = 1
	Disk = 1208198
	IoHeavy = 0
	Memory = 4096
...
006 (13655293.002.000) 2023-09-05 00:36:04 Image size of job updated: 686844
	671  -  MemoryUsage of job (MB)
	686844  -  ResidentSetSize of job (KB)
...
006 (13655293.002.000) 2023-09-05 00:41:04 Image size of job updated: 1285408
	1073  -  MemoryUsage of job (MB)
	1098596  -  ResidentSetSize of job (KB)
...
006 (13655293.002.000) 2023-09-05 00:56:05 Image size of job updated: 1285408
	1084  -  MemoryUsage of job (MB)
	1109748  -  ResidentSetSize of job (KB)
...
006 (13655293.002.000) 2023-09-05 01:41:10 Image size of job updated: 1285408
	1084  -  MemoryUsage of job (MB)
	1109856  -  ResidentSetSize of job (KB)
...
006 (13655293.002.000) 2023-09-05 02:36:15 Image size of job updated: 1285408
	1086  -  MemoryUsage of job (MB)
	1111624  -  ResidentSetSize of job (KB)
...
006 (13655293.002.000) 2023-09-05 04:16:25 Image size of job updated: 1285408
	1086  -  MemoryUsage of job (MB)
	1111872  -  ResidentSetSize of job (KB)
...
006 (13655293.002.000) 2023-09-05 04:51:30 Image size of job updated: 1285408
	1089  -  MemoryUsage of job (MB)
	1114176  -  ResidentSetSize of job (KB)
...
006 (13655293.002.000) 2023-09-05 22:12:11 Image size of job updated: 1409988
	1089  -  MemoryUsage of job (MB)
	1114176  -  ResidentSetSize of job (KB)
...
040 (13655293.002.000) 2023-09-05 22:12:11 Started transferring output files
...
040 (13655293.002.000) 2023-09-05 22:12:11 Finished transferring output files
...
005 (13655293.002.000) 2023-09-05 22:12:11 Job terminated.
	(1) Normal termination (return value 0)
		Usr 0 21:14:43, Sys 0 00:04:10  -  Run Remote Usage
		Usr 0 00:00:00, Sys 0 00:00:00  -  Run Local Usage
		Usr 0 21:14:43, Sys 0 00:04:10  -  Total Remote Usage
		Usr 0 00:00:00, Sys 0 00:00:00  -  Total Local Usage
	1309597  -  Run Bytes Sent By Job
	32652772  -  Run Bytes Received By Job
	1309597  -  Total Bytes Sent By Job
	32652772  -  Total Bytes Received By Job
	Partitionable Resources :     Usage  Request Allocated 
	   Cpus                 :      0.99        1         1 
	   Disk (KB)            : 274893      524288   1208198 
	   IoHeavy              :                            0 
	   Memory (MB)          :   1089        4096      4096 

	Job terminated of its own accord at 2023-09-06T03:12:11Z with exit-code 0.
...
