000 (14269004.032.000) 2023-09-11 03:23:01 Job submitted from host: <128.104.101.92:9618?addrs=128.104.101.92-9618+[2607-f388-107c-501-a236-9fff-fe3c-caa8]-9618&alias=submit2.chtc.wisc.edu&noUDP&sock=schedd_1879732_618e>
...
040 (14269004.032.000) 2023-09-11 03:27:33 Started transferring input files
	Transferring to host: <128.105.69.161:9618?addrs=128.105.69.161-9618+[2607-f388-2200-100-1270-fdff-fe56-bf5c]-9618&alias=e4094.chtc.wisc.edu&noUDP&sock=slot1_196_2484051_65ae_87864>
...
040 (14269004.032.000) 2023-09-11 03:27:36 Finished transferring input files
...
001 (14269004.032.000) 2023-09-11 03:27:37 Job executing on host: <128.105.69.161:9618?addrs=128.105.69.161-9618+[2607-f388-2200-100-1270-fdff-fe56-bf5c]-9618&alias=e4094.chtc.wisc.edu&noUDP&sock=startd_11680_1644>
	SlotName: slot1_196@e4094.chtc.wisc.edu
	CondorScratchDir = "/var/lib/condor/execute/slot1/dir_456583"
	Cpus = 1
	Disk = 1208198
	IoHeavy = 0
	Memory = 4096
...
006 (14269004.032.000) 2023-09-11 03:27:46 Image size of job updated: 322760
	316  -  MemoryUsage of job (MB)
	322584  -  ResidentSetSize of job (KB)
...
006 (14269004.032.000) 2023-09-11 03:32:36 Image size of job updated: 379684
	321  -  MemoryUsage of job (MB)
	328416  -  ResidentSetSize of job (KB)
...
040 (14269004.032.000) 2023-09-11 03:32:36 Started transferring output files
...
040 (14269004.032.000) 2023-09-11 03:32:36 Finished transferring output files
...
005 (14269004.032.000) 2023-09-11 03:32:36 Job terminated.
	(1) Normal termination (return value 0)
		Usr 0 00:04:47, Sys 0 00:00:03  -  Run Remote Usage
		Usr 0 00:00:00, Sys 0 00:00:00  -  Run Local Usage
		Usr 0 00:04:47, Sys 0 00:00:03  -  Total Remote Usage
		Usr 0 00:00:00, Sys 0 00:00:00  -  Total Local Usage
	126855  -  Run Bytes Sent By Job
	32664898  -  Run Bytes Received By Job
	126855  -  Total Bytes Sent By Job
	32664898  -  Total Bytes Received By Job
	Partitionable Resources :     Usage  Request Allocated 
	   Cpus                 :      0.98        1         1 
	   Disk (KB)            : 255876      524288   1208198 
	   IoHeavy              :                            0 
	   Memory (MB)          :    321        4096      4096 

	Job terminated of its own accord at 2023-09-11T08:32:36Z with exit-code 0.
...
