000 (13655293.431.000) 2023-09-05 00:33:11 Job submitted from host: <128.104.101.92:9618?addrs=128.104.101.92-9618+[2607-f388-107c-501-a236-9fff-fe3c-caa8]-9618&alias=submit2.chtc.wisc.edu&noUDP&sock=schedd_1879732_618e>
...
040 (13655293.431.000) 2023-09-05 00:56:31 Started transferring input files
	Transferring to host: <128.105.69.109:9618?addrs=128.105.69.109-9618+[2607-f388-2200-100-1270-fdff-fe56-bf64]-9618&alias=e4058.chtc.wisc.edu&noUDP&sock=slot1_39_743818_d1e0_54498>
...
001 (13655293.431.000) 2023-09-05 00:56:46 Job executing on host: <128.105.69.109:9618?addrs=128.105.69.109-9618+[2607-f388-2200-100-1270-fdff-fe56-bf64]-9618&alias=e4058.chtc.wisc.edu&noUDP&sock=startd_16529_18ff>
	SlotName: slot1_39@e4058.chtc.wisc.edu
	CondorScratchDir = "/var/lib/condor/execute/slot1/dir_2748093"
	Cpus = 1
	Disk = 1208198
	IoHeavy = 0
	Memory = 4096
...
040 (13655293.431.000) 2023-09-05 00:56:46 Finished transferring input files
...
006 (13655293.431.000) 2023-09-05 00:56:54 Image size of job updated: 566368
	554  -  MemoryUsage of job (MB)
	566368  -  ResidentSetSize of job (KB)
...
006 (13655293.431.000) 2023-09-05 01:01:55 Image size of job updated: 1178284
	949  -  MemoryUsage of job (MB)
	970856  -  ResidentSetSize of job (KB)
...
006 (13655293.431.000) 2023-09-05 01:06:55 Image size of job updated: 1178284
	969  -  MemoryUsage of job (MB)
	991312  -  ResidentSetSize of job (KB)
...
006 (13655293.431.000) 2023-09-05 01:11:58 Image size of job updated: 1178284
	972  -  MemoryUsage of job (MB)
	995008  -  ResidentSetSize of job (KB)
...
006 (13655293.431.000) 2023-09-05 01:21:57 Image size of job updated: 1178284
	979  -  MemoryUsage of job (MB)
	1001796  -  ResidentSetSize of job (KB)
...
006 (13655293.431.000) 2023-09-05 02:37:03 Image size of job updated: 1178284
	979  -  MemoryUsage of job (MB)
	1001944  -  ResidentSetSize of job (KB)
...
006 (13655293.431.000) 2023-09-05 05:42:23 Image size of job updated: 1178284
	984  -  MemoryUsage of job (MB)
	1006748  -  ResidentSetSize of job (KB)
...
006 (13655293.431.000) 2023-09-05 05:57:24 Image size of job updated: 1178284
	985  -  MemoryUsage of job (MB)
	1008168  -  ResidentSetSize of job (KB)
...
006 (13655293.431.000) 2023-09-05 11:22:58 Image size of job updated: 1178284
	985  -  MemoryUsage of job (MB)
	1008392  -  ResidentSetSize of job (KB)
...
006 (13655293.431.000) 2023-09-05 12:23:05 Image size of job updated: 1178284
	985  -  MemoryUsage of job (MB)
	1008396  -  ResidentSetSize of job (KB)
...
006 (13655293.431.000) 2023-09-05 14:08:16 Image size of job updated: 1178284
	985  -  MemoryUsage of job (MB)
	1008404  -  ResidentSetSize of job (KB)
...
006 (13655293.431.000) 2023-09-06 05:27:26 Image size of job updated: 1290076
	985  -  MemoryUsage of job (MB)
	1008404  -  ResidentSetSize of job (KB)
...
040 (13655293.431.000) 2023-09-06 05:27:26 Started transferring output files
...
040 (13655293.431.000) 2023-09-06 05:27:26 Finished transferring output files
...
005 (13655293.431.000) 2023-09-06 05:27:26 Job terminated.
	(1) Normal termination (return value 0)
		Usr 1 03:52:57, Sys 0 00:08:43  -  Run Remote Usage
		Usr 0 00:00:00, Sys 0 00:00:00  -  Run Local Usage
		Usr 1 03:52:57, Sys 0 00:08:43  -  Total Remote Usage
		Usr 0 00:00:00, Sys 0 00:00:00  -  Total Local Usage
	1309558  -  Run Bytes Sent By Job
	32652772  -  Run Bytes Received By Job
	1309558  -  Total Bytes Sent By Job
	32652772  -  Total Bytes Received By Job
	Partitionable Resources :     Usage  Request Allocated 
	   Cpus                 :      0.98        1         1 
	   Disk (KB)            : 274909      524288   1208198 
	   IoHeavy              :                            0 
	   Memory (MB)          :    985        4096      4096 

	Job terminated of its own accord at 2023-09-06T10:27:26Z with exit-code 0.
...
