000 (13655293.236.000) 2023-09-05 00:33:11 Job submitted from host: <128.104.101.92:9618?addrs=128.104.101.92-9618+[2607-f388-107c-501-a236-9fff-fe3c-caa8]-9618&alias=submit2.chtc.wisc.edu&noUDP&sock=schedd_1879732_618e>
...
040 (13655293.236.000) 2023-09-05 00:45:47 Started transferring input files
	Transferring to host: <128.105.69.137:9618?addrs=128.105.69.137-9618+[2607-f388-2200-100-1270-fdff-fe56-d12c]-9618&alias=e4014.chtc.wisc.edu&noUDP&sock=slot1_52_1985361_2db7_51992>
...
040 (13655293.236.000) 2023-09-05 00:45:49 Finished transferring input files
...
001 (13655293.236.000) 2023-09-05 00:46:41 Job executing on host: <128.105.69.137:9618?addrs=128.105.69.137-9618+[2607-f388-2200-100-1270-fdff-fe56-d12c]-9618&alias=e4014.chtc.wisc.edu&noUDP&sock=startd_15862_9754>
	SlotName: slot1_52@e4014.chtc.wisc.edu
	CondorScratchDir = "/var/lib/condor/execute/slot1/dir_4059484"
	Cpus = 1
	Disk = 1208198
	IoHeavy = 0
	Memory = 4096
...
006 (13655293.236.000) 2023-09-05 00:46:50 Image size of job updated: 595280
	582  -  MemoryUsage of job (MB)
	595016  -  ResidentSetSize of job (KB)
...
006 (13655293.236.000) 2023-09-05 00:51:51 Image size of job updated: 1184276
	959  -  MemoryUsage of job (MB)
	981824  -  ResidentSetSize of job (KB)
...
006 (13655293.236.000) 2023-09-05 00:56:51 Image size of job updated: 1184276
	974  -  MemoryUsage of job (MB)
	996844  -  ResidentSetSize of job (KB)
...
006 (13655293.236.000) 2023-09-05 01:16:52 Image size of job updated: 1184276
	977  -  MemoryUsage of job (MB)
	999660  -  ResidentSetSize of job (KB)
...
006 (13655293.236.000) 2023-09-05 01:46:56 Image size of job updated: 1184276
	988  -  MemoryUsage of job (MB)
	1010736  -  ResidentSetSize of job (KB)
...
006 (13655293.236.000) 2023-09-05 02:22:00 Image size of job updated: 1184276
	989  -  MemoryUsage of job (MB)
	1012608  -  ResidentSetSize of job (KB)
...
006 (13655293.236.000) 2023-09-05 02:27:01 Image size of job updated: 1184276
	990  -  MemoryUsage of job (MB)
	1012864  -  ResidentSetSize of job (KB)
...
006 (13655293.236.000) 2023-09-06 01:00:14 Image size of job updated: 1306516
	990  -  MemoryUsage of job (MB)
	1012864  -  ResidentSetSize of job (KB)
...
040 (13655293.236.000) 2023-09-06 01:00:14 Started transferring output files
...
040 (13655293.236.000) 2023-09-06 01:00:14 Finished transferring output files
...
005 (13655293.236.000) 2023-09-06 01:00:14 Job terminated.
	(1) Normal termination (return value 0)
		Usr 0 23:48:57, Sys 0 00:04:06  -  Run Remote Usage
		Usr 0 00:00:00, Sys 0 00:00:00  -  Run Local Usage
		Usr 0 23:48:57, Sys 0 00:04:06  -  Total Remote Usage
		Usr 0 00:00:00, Sys 0 00:00:00  -  Total Local Usage
	1309566  -  Run Bytes Sent By Job
	32652772  -  Run Bytes Received By Job
	1309566  -  Total Bytes Sent By Job
	32652772  -  Total Bytes Received By Job
	Partitionable Resources :     Usage  Request Allocated 
	   Cpus                 :      0.99        1         1 
	   Disk (KB)            : 274915      524288   1208198 
	   IoHeavy              :                            0 
	   Memory (MB)          :    990        4096      4096 

	Job terminated of its own accord at 2023-09-06T06:00:14Z with exit-code 0.
...
