000 (13655293.340.000) 2023-09-05 00:33:11 Job submitted from host: <128.104.101.92:9618?addrs=128.104.101.92-9618+[2607-f388-107c-501-a236-9fff-fe3c-caa8]-9618&alias=submit2.chtc.wisc.edu&noUDP&sock=schedd_1879732_618e>
...
040 (13655293.340.000) 2023-09-05 00:53:33 Started transferring input files
	Transferring to host: <128.105.69.137:9618?addrs=128.105.69.137-9618+[2607-f388-2200-100-1270-fdff-fe56-d12c]-9618&alias=e4014.chtc.wisc.edu&noUDP&sock=slot1_56_1985361_2db7_52042>
...
001 (13655293.340.000) 2023-09-05 00:53:44 Job executing on host: <128.105.69.137:9618?addrs=128.105.69.137-9618+[2607-f388-2200-100-1270-fdff-fe56-d12c]-9618&alias=e4014.chtc.wisc.edu&noUDP&sock=startd_15862_9754>
	SlotName: slot1_56@e4014.chtc.wisc.edu
	CondorScratchDir = "/var/lib/condor/execute/slot1/dir_4085525"
	Cpus = 1
	Disk = 1208198
	IoHeavy = 0
	Memory = 4096
...
040 (13655293.340.000) 2023-09-05 00:53:44 Finished transferring input files
...
006 (13655293.340.000) 2023-09-05 00:53:52 Image size of job updated: 534196
	522  -  MemoryUsage of job (MB)
	534196  -  ResidentSetSize of job (KB)
...
006 (13655293.340.000) 2023-09-05 00:58:52 Image size of job updated: 1130304
	1104  -  MemoryUsage of job (MB)
	1130304  -  ResidentSetSize of job (KB)
...
006 (13655293.340.000) 2023-09-05 01:03:52 Image size of job updated: 1183108
	1104  -  MemoryUsage of job (MB)
	1130304  -  ResidentSetSize of job (KB)
...
006 (13655293.340.000) 2023-09-05 22:01:03 Image size of job updated: 1309532
	1121  -  MemoryUsage of job (MB)
	1147084  -  ResidentSetSize of job (KB)
...
040 (13655293.340.000) 2023-09-05 22:01:21 Started transferring output files
...
040 (13655293.340.000) 2023-09-05 22:01:21 Finished transferring output files
...
005 (13655293.340.000) 2023-09-05 22:01:21 Job terminated.
	(1) Normal termination (return value 0)
		Usr 0 20:42:56, Sys 0 00:06:04  -  Run Remote Usage
		Usr 0 00:00:00, Sys 0 00:00:00  -  Run Local Usage
		Usr 0 20:42:56, Sys 0 00:06:04  -  Total Remote Usage
		Usr 0 00:00:00, Sys 0 00:00:00  -  Total Local Usage
	1309583  -  Run Bytes Sent By Job
	32652772  -  Run Bytes Received By Job
	1309583  -  Total Bytes Sent By Job
	32652772  -  Total Bytes Received By Job
	Partitionable Resources :     Usage  Request Allocated 
	   Cpus                 :      0.99        1         1 
	   Disk (KB)            : 274915      524288   1208198 
	   IoHeavy              :                            0 
	   Memory (MB)          :   1121        4096      4096 

	Job terminated of its own accord at 2023-09-06T03:01:21Z with exit-code 0.
...
