000 (13655293.321.000) 2023-09-05 00:33:11 Job submitted from host: <128.104.101.92:9618?addrs=128.104.101.92-9618+[2607-f388-107c-501-a236-9fff-fe3c-caa8]-9618&alias=submit2.chtc.wisc.edu&noUDP&sock=schedd_1879732_618e>
...
040 (13655293.321.000) 2023-09-05 00:54:16 Started transferring input files
	Transferring to host: <128.105.69.91:9618?addrs=128.105.69.91-9618+[2607-f388-2200-100-1270-fdff-fe56-41c4]-9618&alias=e4002.chtc.wisc.edu&noUDP&sock=slot1_24_1583588_c105_57751>
...
040 (13655293.321.000) 2023-09-05 00:54:17 Finished transferring input files
...
001 (13655293.321.000) 2023-09-05 00:54:44 Job executing on host: <128.105.69.91:9618?addrs=128.105.69.91-9618+[2607-f388-2200-100-1270-fdff-fe56-41c4]-9618&alias=e4002.chtc.wisc.edu&noUDP&sock=startd_14707_5b71>
	SlotName: slot1_24@e4002.chtc.wisc.edu
	CondorScratchDir = "/var/lib/condor/execute/slot1/dir_2869903"
	Cpus = 1
	Disk = 1268229
	IoHeavy = 0
	Memory = 4096
...
006 (13655293.321.000) 2023-09-05 00:54:52 Image size of job updated: 696496
	681  -  MemoryUsage of job (MB)
	696492  -  ResidentSetSize of job (KB)
...
006 (13655293.321.000) 2023-09-05 00:59:53 Image size of job updated: 1289724
	1068  -  MemoryUsage of job (MB)
	1093232  -  ResidentSetSize of job (KB)
...
006 (13655293.321.000) 2023-09-05 01:04:54 Image size of job updated: 1289724
	1079  -  MemoryUsage of job (MB)
	1104336  -  ResidentSetSize of job (KB)
...
006 (13655293.321.000) 2023-09-05 01:14:54 Image size of job updated: 1289724
	1083  -  MemoryUsage of job (MB)
	1108808  -  ResidentSetSize of job (KB)
...
006 (13655293.321.000) 2023-09-05 01:34:56 Image size of job updated: 1289724
	1088  -  MemoryUsage of job (MB)
	1113672  -  ResidentSetSize of job (KB)
...
006 (13655293.321.000) 2023-09-06 00:24:44 Image size of job updated: 1398084
	1088  -  MemoryUsage of job (MB)
	1113672  -  ResidentSetSize of job (KB)
...
040 (13655293.321.000) 2023-09-06 00:24:44 Started transferring output files
...
040 (13655293.321.000) 2023-09-06 00:24:44 Finished transferring output files
...
005 (13655293.321.000) 2023-09-06 00:24:45 Job terminated.
	(1) Normal termination (return value 0)
		Usr 0 23:01:23, Sys 0 00:06:04  -  Run Remote Usage
		Usr 0 00:00:00, Sys 0 00:00:00  -  Run Local Usage
		Usr 0 23:01:23, Sys 0 00:06:04  -  Total Remote Usage
		Usr 0 00:00:00, Sys 0 00:00:00  -  Total Local Usage
	1309356  -  Run Bytes Sent By Job
	32652772  -  Run Bytes Received By Job
	1309356  -  Total Bytes Sent By Job
	32652772  -  Total Bytes Received By Job
	Partitionable Resources :     Usage  Request Allocated 
	   Cpus                 :      0.99        1         1 
	   Disk (KB)            : 274862      524288   1268229 
	   IoHeavy              :                            0 
	   Memory (MB)          :   1088        4096      4096 

	Job terminated of its own accord at 2023-09-06T05:24:44Z with exit-code 0.
...
