000 (13655293.011.000) 2023-09-05 00:33:11 Job submitted from host: <128.104.101.92:9618?addrs=128.104.101.92-9618+[2607-f388-107c-501-a236-9fff-fe3c-caa8]-9618&alias=submit2.chtc.wisc.edu&noUDP&sock=schedd_1879732_618e>
...
040 (13655293.011.000) 2023-09-05 00:35:53 Started transferring input files
	Transferring to host: <128.105.69.97:9618?addrs=128.105.69.97-9618+[2607-f388-2200-100-1270-fdff-fe56-6e54]-9618&alias=e4008.chtc.wisc.edu&noUDP&sock=slot1_28_1090882_ce01_49926>
...
040 (13655293.011.000) 2023-09-05 00:35:55 Finished transferring input files
...
001 (13655293.011.000) 2023-09-05 00:35:56 Job executing on host: <128.105.69.97:9618?addrs=128.105.69.97-9618+[2607-f388-2200-100-1270-fdff-fe56-6e54]-9618&alias=e4008.chtc.wisc.edu&noUDP&sock=startd_813426_2817>
	SlotName: slot1_28@e4008.chtc.wisc.edu
	CondorScratchDir = "/var/lib/condor/execute/slot1/dir_4039684"
	Cpus = 1
	Disk = 1208198
	IoHeavy = 0
	Memory = 4096
...
006 (13655293.011.000) 2023-09-05 00:36:05 Image size of job updated: 595156
	582  -  MemoryUsage of job (MB)
	595152  -  ResidentSetSize of job (KB)
...
006 (13655293.011.000) 2023-09-05 00:41:06 Image size of job updated: 1183528
	882  -  MemoryUsage of job (MB)
	903136  -  ResidentSetSize of job (KB)
...
006 (13655293.011.000) 2023-09-05 00:46:06 Image size of job updated: 1183528
	969  -  MemoryUsage of job (MB)
	992112  -  ResidentSetSize of job (KB)
...
006 (13655293.011.000) 2023-09-05 00:51:06 Image size of job updated: 1183528
	972  -  MemoryUsage of job (MB)
	994928  -  ResidentSetSize of job (KB)
...
006 (13655293.011.000) 2023-09-05 00:56:07 Image size of job updated: 1183528
	974  -  MemoryUsage of job (MB)
	997080  -  ResidentSetSize of job (KB)
...
006 (13655293.011.000) 2023-09-05 01:11:09 Image size of job updated: 1183528
	975  -  MemoryUsage of job (MB)
	997652  -  ResidentSetSize of job (KB)
...
006 (13655293.011.000) 2023-09-05 02:06:14 Image size of job updated: 1183528
	975  -  MemoryUsage of job (MB)
	997908  -  ResidentSetSize of job (KB)
...
006 (13655293.011.000) 2023-09-06 00:14:59 Image size of job updated: 1262224
	975  -  MemoryUsage of job (MB)
	997908  -  ResidentSetSize of job (KB)
...
040 (13655293.011.000) 2023-09-06 00:14:59 Started transferring output files
...
040 (13655293.011.000) 2023-09-06 00:14:59 Finished transferring output files
...
005 (13655293.011.000) 2023-09-06 00:14:59 Job terminated.
	(1) Normal termination (return value 0)
		Usr 0 23:18:44, Sys 0 00:04:02  -  Run Remote Usage
		Usr 0 00:00:00, Sys 0 00:00:00  -  Run Local Usage
		Usr 0 23:18:44, Sys 0 00:04:02  -  Total Remote Usage
		Usr 0 00:00:00, Sys 0 00:00:00  -  Total Local Usage
	1309672  -  Run Bytes Sent By Job
	32652772  -  Run Bytes Received By Job
	1309672  -  Total Bytes Sent By Job
	32652772  -  Total Bytes Received By Job
	Partitionable Resources :     Usage  Request Allocated 
	   Cpus                 :      0.99        1         1 
	   Disk (KB)            : 274910      524288   1208198 
	   IoHeavy              :                            0 
	   Memory (MB)          :    975        4096      4096 

	Job terminated of its own accord at 2023-09-06T05:14:59Z with exit-code 0.
...
