000 (13655293.251.000) 2023-09-05 00:33:11 Job submitted from host: <128.104.101.92:9618?addrs=128.104.101.92-9618+[2607-f388-107c-501-a236-9fff-fe3c-caa8]-9618&alias=submit2.chtc.wisc.edu&noUDP&sock=schedd_1879732_618e>
...
040 (13655293.251.000) 2023-09-05 00:46:43 Started transferring input files
	Transferring to host: <128.105.69.144:9618?addrs=128.105.69.144-9618+[2607-f388-2200-100-1270-fdff-fe56-7714]-9618&alias=e4021.chtc.wisc.edu&noUDP&sock=slot1_13_774364_3d7a_63515>
...
001 (13655293.251.000) 2023-09-05 00:46:56 Job executing on host: <128.105.69.144:9618?addrs=128.105.69.144-9618+[2607-f388-2200-100-1270-fdff-fe56-7714]-9618&alias=e4021.chtc.wisc.edu&noUDP&sock=startd_15985_f57a>
	SlotName: slot1_13@e4021.chtc.wisc.edu
	CondorScratchDir = "/var/lib/condor/execute/slot1/dir_2949397"
	Cpus = 1
	Disk = 1208198
	IoHeavy = 0
	Memory = 4096
...
040 (13655293.251.000) 2023-09-05 00:46:56 Finished transferring input files
...
006 (13655293.251.000) 2023-09-05 00:47:05 Image size of job updated: 573736
	561  -  MemoryUsage of job (MB)
	573732  -  ResidentSetSize of job (KB)
...
006 (13655293.251.000) 2023-09-05 00:52:06 Image size of job updated: 1173492
	1146  -  MemoryUsage of job (MB)
	1173352  -  ResidentSetSize of job (KB)
...
006 (13655293.251.000) 2023-09-05 00:57:06 Image size of job updated: 1182816
	1146  -  MemoryUsage of job (MB)
	1173352  -  ResidentSetSize of job (KB)
...
006 (13655293.251.000) 2023-09-06 01:19:31 Image size of job updated: 1314064
	1146  -  MemoryUsage of job (MB)
	1173352  -  ResidentSetSize of job (KB)
...
040 (13655293.251.000) 2023-09-06 01:19:31 Started transferring output files
...
040 (13655293.251.000) 2023-09-06 01:19:31 Finished transferring output files
...
005 (13655293.251.000) 2023-09-06 01:19:31 Job terminated.
	(1) Normal termination (return value 0)
		Usr 1 00:03:23, Sys 0 00:04:35  -  Run Remote Usage
		Usr 0 00:00:00, Sys 0 00:00:00  -  Run Local Usage
		Usr 1 00:03:23, Sys 0 00:04:35  -  Total Remote Usage
		Usr 0 00:00:00, Sys 0 00:00:00  -  Total Local Usage
	1309568  -  Run Bytes Sent By Job
	32652772  -  Run Bytes Received By Job
	1309568  -  Total Bytes Sent By Job
	32652772  -  Total Bytes Received By Job
	Partitionable Resources :     Usage  Request Allocated 
	   Cpus                 :      0.99        1         1 
	   Disk (KB)            : 274891      524288   1208198 
	   IoHeavy              :                            0 
	   Memory (MB)          :   1146        4096      4096 

	Job terminated of its own accord at 2023-09-06T06:19:31Z with exit-code 0.
...
