000 (14312692.021.000) 2023-09-11 11:54:29 Job submitted from host: <128.104.101.92:9618?addrs=128.104.101.92-9618+[2607-f388-107c-501-a236-9fff-fe3c-caa8]-9618&alias=submit2.chtc.wisc.edu&noUDP&sock=schedd_1879732_618e>
...
040 (14312692.021.000) 2023-09-11 12:00:37 Started transferring input files
	Transferring to host: <128.105.69.244:9618?addrs=128.105.69.244-9618+[2607-f388-2200-100-eaeb-d3ff-fe40-205c]-9618&alias=e2627.chtc.wisc.edu&noUDP&sock=slot1_198_3017498_110b_89022>
...
040 (14312692.021.000) 2023-09-11 12:00:41 Finished transferring input files
...
001 (14312692.021.000) 2023-09-11 12:00:42 Job executing on host: <128.105.69.244:9618?addrs=128.105.69.244-9618+[2607-f388-2200-100-eaeb-d3ff-fe40-205c]-9618&alias=e2627.chtc.wisc.edu&noUDP&sock=startd_18898_08dc>
	SlotName: slot1_198@e2627.chtc.wisc.edu
	CondorScratchDir = "/var/lib/condor/execute/slot1/dir_3603966"
	Cpus = 1
	Disk = 1458998
	IoHeavy = 0
	Memory = 4096
...
006 (14312692.021.000) 2023-09-11 12:00:51 Image size of job updated: 515816
	504  -  MemoryUsage of job (MB)
	515816  -  ResidentSetSize of job (KB)
...
006 (14312692.021.000) 2023-09-11 12:05:52 Image size of job updated: 703200
	504  -  MemoryUsage of job (MB)
	515816  -  ResidentSetSize of job (KB)
...
040 (14312692.021.000) 2023-09-11 12:06:39 Started transferring output files
...
040 (14312692.021.000) 2023-09-11 12:06:39 Finished transferring output files
...
005 (14312692.021.000) 2023-09-11 12:06:39 Job terminated.
	(1) Normal termination (return value 0)
		Usr 0 00:05:39, Sys 0 00:00:12  -  Run Remote Usage
		Usr 0 00:00:00, Sys 0 00:00:00  -  Run Local Usage
		Usr 0 00:05:39, Sys 0 00:00:12  -  Total Remote Usage
		Usr 0 00:00:00, Sys 0 00:00:00  -  Total Local Usage
	169881  -  Run Bytes Sent By Job
	32720412  -  Run Bytes Received By Job
	169881  -  Total Bytes Sent By Job
	32720412  -  Total Bytes Received By Job
	Partitionable Resources :     Usage  Request Allocated 
	   Cpus                 :      0.99        1         1 
	   Disk (KB)            : 261333      524288   1458998 
	   IoHeavy              :                            0 
	   Memory (MB)          :    504        4096      4096 

	Job terminated of its own accord at 2023-09-11T17:06:39Z with exit-code 0.
...
