035 (13648871.-01.000) 2023-09-05 00:13:11 Cluster submitted from host: <128.104.101.92:9618?addrs=128.104.101.92-9618+[2607-f388-107c-501-a236-9fff-fe3c-caa8]-9618&alias=submit2.chtc.wisc.edu&noUDP&sock=schedd_1879732_618e>
...
000 (13648871.000.000) 2023-09-05 00:13:12 Job submitted from host: <128.104.101.92:9618?addrs=128.104.101.92-9618+[2607-f388-107c-501-a236-9fff-fe3c-caa8]-9618&alias=submit2.chtc.wisc.edu&noUDP&sock=schedd_1879732_618e>
...
040 (13648871.000.000) 2023-09-05 00:13:24 Started transferring input files
	Transferring to host: <128.105.69.216:9618?addrs=128.105.69.216-9618&alias=e2599.chtc.wisc.edu&noUDP&sock=slot1_49_2943992_709e_39443>
...
040 (13648871.000.000) 2023-09-05 00:13:26 Finished transferring input files
...
001 (13648871.000.000) 2023-09-05 00:13:27 Job executing on host: <128.105.69.216:9618?addrs=128.105.69.216-9618&alias=e2599.chtc.wisc.edu&noUDP&sock=startd_18846_5def>
	SlotName: slot1_49@e2599.chtc.wisc.edu
	CondorScratchDir = "/var/lib/condor/execute/slot1/dir_356307"
	Cpus = 1
	Disk = 749021
	IoHeavy = 0
	Memory = 4096
...
006 (13648871.000.000) 2023-09-05 00:13:37 Image size of job updated: 673080
	658  -  MemoryUsage of job (MB)
	673076  -  ResidentSetSize of job (KB)
...
006 (13648871.000.000) 2023-09-05 00:14:05 Image size of job updated: 810080
	659  -  MemoryUsage of job (MB)
	674100  -  ResidentSetSize of job (KB)
...
040 (13648871.000.000) 2023-09-05 00:14:06 Started transferring output files
...
040 (13648871.000.000) 2023-09-05 00:14:06 Finished transferring output files
...
005 (13648871.000.000) 2023-09-05 00:14:06 Job terminated.
	(1) Normal termination (return value 1)
		Usr 0 00:00:32, Sys 0 00:00:04  -  Run Remote Usage
		Usr 0 00:00:00, Sys 0 00:00:00  -  Run Local Usage
		Usr 0 00:00:32, Sys 0 00:00:04  -  Total Remote Usage
		Usr 0 00:00:00, Sys 0 00:00:00  -  Total Local Usage
	2577  -  Run Bytes Sent By Job
	32650878  -  Run Bytes Received By Job
	2577  -  Total Bytes Sent By Job
	32650878  -  Total Bytes Received By Job
	Partitionable Resources :    Usage  Request Allocated 
	   Cpus                 :                 1         1 
	   Disk (KB)            :   261093   524288    749021 
	   IoHeavy              :                           0 
	   Memory (MB)          :      659     4096      4096 

	Job terminated of its own accord at 2023-09-05T05:14:05Z with exit-code 1.
...
036 (13648871.-01.000) 2023-09-05 00:14:51 Cluster removed
	Materialized 2 jobs from -1 items.	Complete
...
