000 (14312691.066.000) 2023-09-11 11:54:06 Job submitted from host: <128.104.101.92:9618?addrs=128.104.101.92-9618+[2607-f388-107c-501-a236-9fff-fe3c-caa8]-9618&alias=submit2.chtc.wisc.edu&noUDP&sock=schedd_1879732_618e>
...
040 (14312691.066.000) 2023-09-11 12:00:33 Started transferring input files
	Transferring to host: <128.105.69.166:9618?addrs=128.105.69.166-9618+[2607-f388-2200-100-1270-fdff-fe56-717c]-9618&alias=e2549.chtc.wisc.edu&noUDP&sock=slot1_132_3372177_8202_115740>
...
040 (14312691.066.000) 2023-09-11 12:00:36 Finished transferring input files
...
001 (14312691.066.000) 2023-09-11 12:00:39 Job executing on host: <128.105.69.166:9618?addrs=128.105.69.166-9618+[2607-f388-2200-100-1270-fdff-fe56-717c]-9618&alias=e2549.chtc.wisc.edu&noUDP&sock=startd_12925_0dac>
	SlotName: slot1_132@e2549.chtc.wisc.edu
	CondorScratchDir = "/var/lib/condor/execute/slot1/dir_3505554"
	Cpus = 1
	Disk = 1208198
	IoHeavy = 0
	Memory = 4096
...
006 (14312691.066.000) 2023-09-11 12:00:48 Image size of job updated: 379152
	274  -  MemoryUsage of job (MB)
	279956  -  ResidentSetSize of job (KB)
...
040 (14312691.066.000) 2023-09-11 12:01:38 Started transferring output files
...
040 (14312691.066.000) 2023-09-11 12:01:38 Finished transferring output files
...
005 (14312691.066.000) 2023-09-11 12:01:38 Job terminated.
	(1) Normal termination (return value 0)
		Usr 0 00:00:56, Sys 0 00:00:00  -  Run Remote Usage
		Usr 0 00:00:00, Sys 0 00:00:00  -  Run Local Usage
		Usr 0 00:00:56, Sys 0 00:00:00  -  Total Remote Usage
		Usr 0 00:00:00, Sys 0 00:00:00  -  Total Local Usage
	115486  -  Run Bytes Sent By Job
	32664896  -  Run Bytes Received By Job
	115486  -  Total Bytes Sent By Job
	32664896  -  Total Bytes Received By Job
	Partitionable Resources :    Usage  Request Allocated 
	   Cpus                 :                 1         1 
	   Disk (KB)            :   255018   524288   1208198 
	   IoHeavy              :                           0 
	   Memory (MB)          :      274     4096      4096 

	Job terminated of its own accord at 2023-09-11T17:01:38Z with exit-code 0.
...
