000 (13655293.317.000) 2023-09-05 00:33:11 Job submitted from host: <128.104.101.92:9618?addrs=128.104.101.92-9618+[2607-f388-107c-501-a236-9fff-fe3c-caa8]-9618&alias=submit2.chtc.wisc.edu&noUDP&sock=schedd_1879732_618e>
...
040 (13655293.317.000) 2023-09-05 00:53:17 Started transferring input files
	Transferring to host: <128.105.69.116:9618?addrs=128.105.69.116-9618+[2607-f388-2200-100-1270-fdff-fe56-ccbc]-9618&alias=e4065.chtc.wisc.edu&noUDP&sock=slot1_17_3501392_2a28_53171>
...
001 (13655293.317.000) 2023-09-05 00:53:29 Job executing on host: <128.105.69.116:9618?addrs=128.105.69.116-9618+[2607-f388-2200-100-1270-fdff-fe56-ccbc]-9618&alias=e4065.chtc.wisc.edu&noUDP&sock=startd_16975_043d>
	SlotName: slot1_17@e4065.chtc.wisc.edu
	CondorScratchDir = "/var/lib/condor/execute/slot1/dir_3752029"
	Cpus = 1
	Disk = 1208198
	IoHeavy = 0
	Memory = 4096
...
040 (13655293.317.000) 2023-09-05 00:53:29 Finished transferring input files
...
006 (13655293.317.000) 2023-09-05 00:53:39 Image size of job updated: 681248
	666  -  MemoryUsage of job (MB)
	681248  -  ResidentSetSize of job (KB)
...
006 (13655293.317.000) 2023-09-05 00:58:39 Image size of job updated: 1269364
	1240  -  MemoryUsage of job (MB)
	1269100  -  ResidentSetSize of job (KB)
...
006 (13655293.317.000) 2023-09-05 01:03:39 Image size of job updated: 1284956
	1240  -  MemoryUsage of job (MB)
	1269100  -  ResidentSetSize of job (KB)
...
006 (13655293.317.000) 2023-09-06 03:58:42 Image size of job updated: 1375696
	1240  -  MemoryUsage of job (MB)
	1269100  -  ResidentSetSize of job (KB)
...
040 (13655293.317.000) 2023-09-06 03:58:42 Started transferring output files
...
040 (13655293.317.000) 2023-09-06 03:58:42 Finished transferring output files
...
005 (13655293.317.000) 2023-09-06 03:58:42 Job terminated.
	(1) Normal termination (return value 0)
		Usr 1 02:24:16, Sys 0 00:07:12  -  Run Remote Usage
		Usr 0 00:00:00, Sys 0 00:00:00  -  Run Local Usage
		Usr 1 02:24:16, Sys 0 00:07:12  -  Total Remote Usage
		Usr 0 00:00:00, Sys 0 00:00:00  -  Total Local Usage
	1309745  -  Run Bytes Sent By Job
	32652772  -  Run Bytes Received By Job
	1309745  -  Total Bytes Sent By Job
	32652772  -  Total Bytes Received By Job
	Partitionable Resources :     Usage  Request Allocated 
	   Cpus                 :      0.97        1         1 
	   Disk (KB)            : 274906      524288   1208198 
	   IoHeavy              :                            0 
	   Memory (MB)          :   1240        4096      4096 

	Job terminated of its own accord at 2023-09-06T08:58:42Z with exit-code 0.
...
