000 (13655293.442.000) 2023-09-05 00:33:11 Job submitted from host: <128.104.101.92:9618?addrs=128.104.101.92-9618+[2607-f388-107c-501-a236-9fff-fe3c-caa8]-9618&alias=submit2.chtc.wisc.edu&noUDP&sock=schedd_1879732_618e>
...
040 (13655293.442.000) 2023-09-05 00:56:32 Started transferring input files
	Transferring to host: <128.105.69.109:9618?addrs=128.105.69.109-9618+[2607-f388-2200-100-1270-fdff-fe56-bf64]-9618&alias=e4058.chtc.wisc.edu&noUDP&sock=slot1_69_743818_d1e0_54500>
...
001 (13655293.442.000) 2023-09-05 00:56:46 Job executing on host: <128.105.69.109:9618?addrs=128.105.69.109-9618+[2607-f388-2200-100-1270-fdff-fe56-bf64]-9618&alias=e4058.chtc.wisc.edu&noUDP&sock=startd_16529_18ff>
	SlotName: slot1_69@e4058.chtc.wisc.edu
	CondorScratchDir = "/var/lib/condor/execute/slot1/dir_2748095"
	Cpus = 1
	Disk = 1208198
	IoHeavy = 0
	Memory = 4096
...
040 (13655293.442.000) 2023-09-05 00:56:46 Finished transferring input files
...
006 (13655293.442.000) 2023-09-05 00:56:54 Image size of job updated: 665152
	650  -  MemoryUsage of job (MB)
	665152  -  ResidentSetSize of job (KB)
...
006 (13655293.442.000) 2023-09-05 01:01:54 Image size of job updated: 1283004
	1050  -  MemoryUsage of job (MB)
	1074548  -  ResidentSetSize of job (KB)
...
006 (13655293.442.000) 2023-09-05 01:06:55 Image size of job updated: 1283004
	1077  -  MemoryUsage of job (MB)
	1102280  -  ResidentSetSize of job (KB)
...
006 (13655293.442.000) 2023-09-05 01:11:58 Image size of job updated: 1283004
	1081  -  MemoryUsage of job (MB)
	1106064  -  ResidentSetSize of job (KB)
...
006 (13655293.442.000) 2023-09-05 01:31:58 Image size of job updated: 1283004
	1081  -  MemoryUsage of job (MB)
	1106652  -  ResidentSetSize of job (KB)
...
006 (13655293.442.000) 2023-09-05 02:37:03 Image size of job updated: 1283004
	1081  -  MemoryUsage of job (MB)
	1106908  -  ResidentSetSize of job (KB)
...
006 (13655293.442.000) 2023-09-05 03:37:10 Image size of job updated: 1283004
	1088  -  MemoryUsage of job (MB)
	1114056  -  ResidentSetSize of job (KB)
...
006 (13655293.442.000) 2023-09-05 04:52:17 Image size of job updated: 1283004
	1089  -  MemoryUsage of job (MB)
	1114312  -  ResidentSetSize of job (KB)
...
006 (13655293.442.000) 2023-09-06 06:26:43 Image size of job updated: 1405072
	1089  -  MemoryUsage of job (MB)
	1114312  -  ResidentSetSize of job (KB)
...
040 (13655293.442.000) 2023-09-06 06:26:43 Started transferring output files
...
040 (13655293.442.000) 2023-09-06 06:26:43 Finished transferring output files
...
005 (13655293.442.000) 2023-09-06 06:26:43 Job terminated.
	(1) Normal termination (return value 0)
		Usr 1 04:55:26, Sys 0 00:05:35  -  Run Remote Usage
		Usr 0 00:00:00, Sys 0 00:00:00  -  Run Local Usage
		Usr 1 04:55:26, Sys 0 00:05:35  -  Total Remote Usage
		Usr 0 00:00:00, Sys 0 00:00:00  -  Total Local Usage
	1309693  -  Run Bytes Sent By Job
	32652772  -  Run Bytes Received By Job
	1309693  -  Total Bytes Sent By Job
	32652772  -  Total Bytes Received By Job
	Partitionable Resources :     Usage  Request Allocated 
	   Cpus                 :      0.99        1         1 
	   Disk (KB)            : 274910      524288   1208198 
	   IoHeavy              :                            0 
	   Memory (MB)          :   1089        4096      4096 

	Job terminated of its own accord at 2023-09-06T11:26:43Z with exit-code 0.
...
