000 (13655293.470.000) 2023-09-05 00:33:11 Job submitted from host: <128.104.101.92:9618?addrs=128.104.101.92-9618+[2607-f388-107c-501-a236-9fff-fe3c-caa8]-9618&alias=submit2.chtc.wisc.edu&noUDP&sock=schedd_1879732_618e>
...
040 (13655293.470.000) 2023-09-05 00:56:30 Started transferring input files
	Transferring to host: <128.105.69.157:9618?addrs=128.105.69.157-9618+[2607-f388-2200-100-1270-fdff-fe56-c3a4]-9618&alias=e4090.chtc.wisc.edu&noUDP&sock=slot1_95_1363133_4360_49278>
...
001 (13655293.470.000) 2023-09-05 00:56:45 Job executing on host: <128.105.69.157:9618?addrs=128.105.69.157-9618+[2607-f388-2200-100-1270-fdff-fe56-c3a4]-9618&alias=e4090.chtc.wisc.edu&noUDP&sock=startd_18322_f24e>
	SlotName: slot1_95@e4090.chtc.wisc.edu
	CondorScratchDir = "/var/lib/condor/execute/slot1/dir_555325"
	Cpus = 1
	Disk = 1208198
	IoHeavy = 0
	Memory = 4096
...
040 (13655293.470.000) 2023-09-05 00:56:45 Finished transferring input files
...
006 (13655293.470.000) 2023-09-05 00:56:54 Image size of job updated: 679152
	664  -  MemoryUsage of job (MB)
	679152  -  ResidentSetSize of job (KB)
...
006 (13655293.470.000) 2023-09-05 01:01:55 Image size of job updated: 1085540
	1061  -  MemoryUsage of job (MB)
	1085540  -  ResidentSetSize of job (KB)
...
006 (13655293.470.000) 2023-09-05 01:06:55 Image size of job updated: 1267448
	1238  -  MemoryUsage of job (MB)
	1267444  -  ResidentSetSize of job (KB)
...
006 (13655293.470.000) 2023-09-05 01:11:56 Image size of job updated: 1288720
	1238  -  MemoryUsage of job (MB)
	1267444  -  ResidentSetSize of job (KB)
...
006 (13655293.470.000) 2023-09-06 01:07:13 Image size of job updated: 1417652
	1238  -  MemoryUsage of job (MB)
	1267444  -  ResidentSetSize of job (KB)
...
040 (13655293.470.000) 2023-09-06 01:07:13 Started transferring output files
...
040 (13655293.470.000) 2023-09-06 01:07:13 Finished transferring output files
...
005 (13655293.470.000) 2023-09-06 01:07:13 Job terminated.
	(1) Normal termination (return value 0)
		Usr 0 23:49:21, Sys 0 00:03:46  -  Run Remote Usage
		Usr 0 00:00:00, Sys 0 00:00:00  -  Run Local Usage
		Usr 0 23:49:21, Sys 0 00:03:46  -  Total Remote Usage
		Usr 0 00:00:00, Sys 0 00:00:00  -  Total Local Usage
	1309629  -  Run Bytes Sent By Job
	32652772  -  Run Bytes Received By Job
	1309629  -  Total Bytes Sent By Job
	32652772  -  Total Bytes Received By Job
	Partitionable Resources :     Usage  Request Allocated 
	   Cpus                 :      0.98        1         1 
	   Disk (KB)            : 274901      524288   1208198 
	   IoHeavy              :                            0 
	   Memory (MB)          :   1238        4096      4096 

	Job terminated of its own accord at 2023-09-06T06:07:13Z with exit-code 0.
...
