000 (14268886.031.000) 2023-09-11 03:21:39 Job submitted from host: <128.104.101.92:9618?addrs=128.104.101.92-9618+[2607-f388-107c-501-a236-9fff-fe3c-caa8]-9618&alias=submit2.chtc.wisc.edu&noUDP&sock=schedd_1879732_618e>
...
040 (14268886.031.000) 2023-09-11 03:23:34 Started transferring input files
	Transferring to host: <128.105.69.154:9618?addrs=128.105.69.154-9618+[2607-f388-2200-100-1270-fdff-fe56-45a4]-9618&alias=e4087.chtc.wisc.edu&noUDP&sock=slot1_43_3531047_cb7e_100310>
...
040 (14268886.031.000) 2023-09-11 03:23:36 Finished transferring input files
...
001 (14268886.031.000) 2023-09-11 03:23:37 Job executing on host: <128.105.69.154:9618?addrs=128.105.69.154-9618+[2607-f388-2200-100-1270-fdff-fe56-45a4]-9618&alias=e4087.chtc.wisc.edu&noUDP&sock=startd_17059_a231>
	SlotName: slot1_43@e4087.chtc.wisc.edu
	CondorScratchDir = "/var/lib/condor/execute/slot1/dir_392299"
	Cpus = 1
	Disk = 1208198
	IoHeavy = 0
	Memory = 4096
...
006 (14268886.031.000) 2023-09-11 03:23:46 Image size of job updated: 572364
	559  -  MemoryUsage of job (MB)
	572364  -  ResidentSetSize of job (KB)
...
006 (14268886.031.000) 2023-09-11 03:27:03 Image size of job updated: 835868
	562  -  MemoryUsage of job (MB)
	575180  -  ResidentSetSize of job (KB)
...
040 (14268886.031.000) 2023-09-11 03:27:03 Started transferring output files
...
040 (14268886.031.000) 2023-09-11 03:27:03 Finished transferring output files
...
005 (14268886.031.000) 2023-09-11 03:27:03 Job terminated.
	(1) Normal termination (return value 0)
		Usr 0 00:03:15, Sys 0 00:00:07  -  Run Remote Usage
		Usr 0 00:00:00, Sys 0 00:00:00  -  Run Local Usage
		Usr 0 00:03:15, Sys 0 00:00:07  -  Total Remote Usage
		Usr 0 00:00:00, Sys 0 00:00:00  -  Total Local Usage
	125593  -  Run Bytes Sent By Job
	32720416  -  Run Bytes Received By Job
	125593  -  Total Bytes Sent By Job
	32720416  -  Total Bytes Received By Job
	Partitionable Resources :     Usage  Request Allocated 
	   Cpus                 :      0.99        1         1 
	   Disk (KB)            : 261290      524288   1208198 
	   IoHeavy              :                            0 
	   Memory (MB)          :    562        4096      4096 

	Job terminated of its own accord at 2023-09-11T08:27:03Z with exit-code 0.
...
