000 (13655293.080.000) 2023-09-05 00:33:11 Job submitted from host: <128.104.101.92:9618?addrs=128.104.101.92-9618+[2607-f388-107c-501-a236-9fff-fe3c-caa8]-9618&alias=submit2.chtc.wisc.edu&noUDP&sock=schedd_1879732_618e>
...
040 (13655293.080.000) 2023-09-05 00:36:16 Started transferring input files
	Transferring to host: <128.105.69.178:9618?addrs=128.105.69.178-9618+[2607-f388-2200-100-1270-fdff-fe56-c31c]-9618&alias=e2561.chtc.wisc.edu&noUDP&sock=slot1_63_3096927_fb89_81910>
...
001 (13655293.080.000) 2023-09-05 00:36:23 Job executing on host: <128.105.69.178:9618?addrs=128.105.69.178-9618+[2607-f388-2200-100-1270-fdff-fe56-c31c]-9618&alias=e2561.chtc.wisc.edu&noUDP&sock=startd_13913_bd3e>
	SlotName: slot1_63@e2561.chtc.wisc.edu
	CondorScratchDir = "/var/lib/condor/execute/slot1/dir_440160"
	Cpus = 1
	Disk = 1208198
	IoHeavy = 0
	Memory = 4096
...
040 (13655293.080.000) 2023-09-05 00:36:23 Finished transferring input files
...
006 (13655293.080.000) 2023-09-05 00:36:31 Image size of job updated: 688948
	673  -  MemoryUsage of job (MB)
	688944  -  ResidentSetSize of job (KB)
...
006 (13655293.080.000) 2023-09-05 00:41:31 Image size of job updated: 1284336
	1058  -  MemoryUsage of job (MB)
	1082536  -  ResidentSetSize of job (KB)
...
006 (13655293.080.000) 2023-09-05 00:46:32 Image size of job updated: 1284336
	1080  -  MemoryUsage of job (MB)
	1105328  -  ResidentSetSize of job (KB)
...
006 (13655293.080.000) 2023-09-05 01:11:33 Image size of job updated: 1284336
	1081  -  MemoryUsage of job (MB)
	1106676  -  ResidentSetSize of job (KB)
...
006 (13655293.080.000) 2023-09-05 01:16:34 Image size of job updated: 1284336
	1087  -  MemoryUsage of job (MB)
	1112308  -  ResidentSetSize of job (KB)
...
006 (13655293.080.000) 2023-09-05 04:51:54 Image size of job updated: 1284336
	1093  -  MemoryUsage of job (MB)
	1119152  -  ResidentSetSize of job (KB)
...
006 (13655293.080.000) 2023-09-05 23:47:16 Image size of job updated: 1396020
	1093  -  MemoryUsage of job (MB)
	1119152  -  ResidentSetSize of job (KB)
...
040 (13655293.080.000) 2023-09-05 23:47:16 Started transferring output files
...
040 (13655293.080.000) 2023-09-05 23:47:16 Finished transferring output files
...
005 (13655293.080.000) 2023-09-05 23:47:16 Job terminated.
	(1) Normal termination (return value 0)
		Usr 0 22:48:38, Sys 0 00:03:14  -  Run Remote Usage
		Usr 0 00:00:00, Sys 0 00:00:00  -  Run Local Usage
		Usr 0 22:48:38, Sys 0 00:03:14  -  Total Remote Usage
		Usr 0 00:00:00, Sys 0 00:00:00  -  Total Local Usage
	1309599  -  Run Bytes Sent By Job
	32652772  -  Run Bytes Received By Job
	1309599  -  Total Bytes Sent By Job
	32652772  -  Total Bytes Received By Job
	Partitionable Resources :     Usage  Request Allocated 
	   Cpus                 :      0.99        1         1 
	   Disk (KB)            : 274898      524288   1208198 
	   IoHeavy              :                            0 
	   Memory (MB)          :   1093        4096      4096 

	Job terminated of its own accord at 2023-09-06T04:47:16Z with exit-code 0.
...
