000 (14312692.069.000) 2023-09-11 11:54:29 Job submitted from host: <128.104.101.92:9618?addrs=128.104.101.92-9618+[2607-f388-107c-501-a236-9fff-fe3c-caa8]-9618&alias=submit2.chtc.wisc.edu&noUDP&sock=schedd_1879732_618e>
...
040 (14312692.069.000) 2023-09-11 12:02:04 Started transferring input files
	Transferring to host: <128.105.69.182:9618?addrs=128.105.69.182-9618+[2607-f388-2200-100-1270-fdff-fe56-c344]-9618&alias=e2565.chtc.wisc.edu&noUDP&sock=slot1_59_896567_4f04_80910>
...
040 (14312692.069.000) 2023-09-11 12:02:06 Finished transferring input files
...
001 (14312692.069.000) 2023-09-11 12:02:07 Job executing on host: <128.105.69.182:9618?addrs=128.105.69.182-9618+[2607-f388-2200-100-1270-fdff-fe56-c344]-9618&alias=e2565.chtc.wisc.edu&noUDP&sock=startd_12827_d564>
	SlotName: slot1_59@e2565.chtc.wisc.edu
	CondorScratchDir = "/var/lib/condor/execute/slot1/dir_3371214"
	Cpus = 1
	Disk = 1208198
	IoHeavy = 0
	Memory = 4096
...
006 (14312692.069.000) 2023-09-11 12:02:15 Image size of job updated: 772656
	755  -  MemoryUsage of job (MB)
	772656  -  ResidentSetSize of job (KB)
...
006 (14312692.069.000) 2023-09-11 12:02:32 Image size of job updated: 810772
	755  -  MemoryUsage of job (MB)
	772884  -  ResidentSetSize of job (KB)
...
040 (14312692.069.000) 2023-09-11 12:02:32 Started transferring output files
...
040 (14312692.069.000) 2023-09-11 12:02:32 Finished transferring output files
...
005 (14312692.069.000) 2023-09-11 12:02:33 Job terminated.
	(1) Normal termination (return value 1)
		Usr 0 00:00:21, Sys 0 00:00:02  -  Run Remote Usage
		Usr 0 00:00:00, Sys 0 00:00:00  -  Run Local Usage
		Usr 0 00:00:21, Sys 0 00:00:02  -  Total Remote Usage
		Usr 0 00:00:00, Sys 0 00:00:00  -  Total Local Usage
	2216  -  Run Bytes Sent By Job
	32720412  -  Run Bytes Received By Job
	2216  -  Total Bytes Sent By Job
	32720412  -  Total Bytes Received By Job
	Partitionable Resources :     Usage  Request Allocated 
	   Cpus                 :      1.11        1         1 
	   Disk (KB)            : 261171      524288   1208198 
	   IoHeavy              :                            0 
	   Memory (MB)          :    755        4096      4096 

	Job terminated of its own accord at 2023-09-11T17:02:32Z with exit-code 1.
...
