000 (13655293.263.000) 2023-09-05 00:33:11 Job submitted from host: <128.104.101.92:9618?addrs=128.104.101.92-9618+[2607-f388-107c-501-a236-9fff-fe3c-caa8]-9618&alias=submit2.chtc.wisc.edu&noUDP&sock=schedd_1879732_618e>
...
040 (13655293.263.000) 2023-09-05 00:47:12 Started transferring input files
	Transferring to host: <128.105.69.204:9618?addrs=128.105.69.204-9618+[2607-f388-2200-100-1270-fdff-fe56-b85c]-9618&alias=e4035.chtc.wisc.edu&noUDP&sock=slot1_117_3825352_4a9e_63560>
...
001 (13655293.263.000) 2023-09-05 00:47:17 Job executing on host: <128.105.69.204:9618?addrs=128.105.69.204-9618+[2607-f388-2200-100-1270-fdff-fe56-b85c]-9618&alias=e4035.chtc.wisc.edu&noUDP&sock=startd_11684_d4a5>
	SlotName: slot1_117@e4035.chtc.wisc.edu
	CondorScratchDir = "/var/lib/condor/execute/slot1/dir_4056592"
	Cpus = 1
	Disk = 1208198
	IoHeavy = 0
	Memory = 4096
...
040 (13655293.263.000) 2023-09-05 00:47:17 Finished transferring input files
...
006 (13655293.263.000) 2023-09-05 00:47:26 Image size of job updated: 703856
	688  -  MemoryUsage of job (MB)
	703856  -  ResidentSetSize of job (KB)
...
006 (13655293.263.000) 2023-09-05 00:52:28 Image size of job updated: 1284644
	1042  -  MemoryUsage of job (MB)
	1066384  -  ResidentSetSize of job (KB)
...
006 (13655293.263.000) 2023-09-05 00:57:28 Image size of job updated: 1284644
	1069  -  MemoryUsage of job (MB)
	1094312  -  ResidentSetSize of job (KB)
...
006 (13655293.263.000) 2023-09-05 01:02:28 Image size of job updated: 1284644
	1071  -  MemoryUsage of job (MB)
	1096052  -  ResidentSetSize of job (KB)
...
006 (13655293.263.000) 2023-09-05 01:12:30 Image size of job updated: 1284644
	1074  -  MemoryUsage of job (MB)
	1099488  -  ResidentSetSize of job (KB)
...
006 (13655293.263.000) 2023-09-05 01:17:30 Image size of job updated: 1284644
	1085  -  MemoryUsage of job (MB)
	1110172  -  ResidentSetSize of job (KB)
...
006 (13655293.263.000) 2023-09-05 23:54:36 Image size of job updated: 1354264
	1085  -  MemoryUsage of job (MB)
	1110172  -  ResidentSetSize of job (KB)
...
040 (13655293.263.000) 2023-09-05 23:54:37 Started transferring output files
...
040 (13655293.263.000) 2023-09-05 23:54:37 Finished transferring output files
...
005 (13655293.263.000) 2023-09-05 23:54:37 Job terminated.
	(1) Normal termination (return value 0)
		Usr 0 22:37:59, Sys 0 00:03:56  -  Run Remote Usage
		Usr 0 00:00:00, Sys 0 00:00:00  -  Run Local Usage
		Usr 0 22:37:59, Sys 0 00:03:56  -  Total Remote Usage
		Usr 0 00:00:00, Sys 0 00:00:00  -  Total Local Usage
	1309501  -  Run Bytes Sent By Job
	32652772  -  Run Bytes Received By Job
	1309501  -  Total Bytes Sent By Job
	32652772  -  Total Bytes Received By Job
	Partitionable Resources :     Usage  Request Allocated 
	   Cpus                 :      0.99        1         1 
	   Disk (KB)            : 274893      524288   1208198 
	   IoHeavy              :                            0 
	   Memory (MB)          :   1085        4096      4096 

	Job terminated of its own accord at 2023-09-06T04:54:36Z with exit-code 0.
...
