000 (13655293.429.000) 2023-09-05 00:33:11 Job submitted from host: <128.104.101.92:9618?addrs=128.104.101.92-9618+[2607-f388-107c-501-a236-9fff-fe3c-caa8]-9618&alias=submit2.chtc.wisc.edu&noUDP&sock=schedd_1879732_618e>
...
040 (13655293.429.000) 2023-09-05 00:56:12 Started transferring input files
	Transferring to host: <128.105.69.224:9618?addrs=128.105.69.224-9618+[2607-f388-2200-100-eaeb-d3ff-fe40-1574]-9618&alias=e2607.chtc.wisc.edu&noUDP&sock=slot1_106_1087982_7e0c_42331>
...
001 (13655293.429.000) 2023-09-05 01:00:10 Job executing on host: <128.105.69.224:9618?addrs=128.105.69.224-9618+[2607-f388-2200-100-eaeb-d3ff-fe40-1574]-9618&alias=e2607.chtc.wisc.edu&noUDP&sock=startd_11673_491a>
	SlotName: slot1_106@e2607.chtc.wisc.edu
	CondorScratchDir = "/var/lib/condor/execute/slot1/dir_2383102"
	Cpus = 1
	Disk = 1458998
	IoHeavy = 0
	Memory = 4096
...
040 (13655293.429.000) 2023-09-05 01:00:10 Finished transferring input files
...
006 (13655293.429.000) 2023-09-05 01:00:19 Image size of job updated: 702268
	686  -  MemoryUsage of job (MB)
	702264  -  ResidentSetSize of job (KB)
...
006 (13655293.429.000) 2023-09-05 01:05:19 Image size of job updated: 1267004
	1238  -  MemoryUsage of job (MB)
	1266960  -  ResidentSetSize of job (KB)
...
006 (13655293.429.000) 2023-09-05 01:10:19 Image size of job updated: 1286408
	1238  -  MemoryUsage of job (MB)
	1266960  -  ResidentSetSize of job (KB)
...
006 (13655293.429.000) 2023-09-06 00:57:44 Image size of job updated: 1396636
	1238  -  MemoryUsage of job (MB)
	1266960  -  ResidentSetSize of job (KB)
...
040 (13655293.429.000) 2023-09-06 00:57:48 Started transferring output files
...
040 (13655293.429.000) 2023-09-06 00:57:48 Finished transferring output files
...
005 (13655293.429.000) 2023-09-06 00:57:48 Job terminated.
	(1) Normal termination (return value 0)
		Usr 0 23:34:35, Sys 0 00:04:06  -  Run Remote Usage
		Usr 0 00:00:00, Sys 0 00:00:00  -  Run Local Usage
		Usr 0 23:34:35, Sys 0 00:04:06  -  Total Remote Usage
		Usr 0 00:00:00, Sys 0 00:00:00  -  Total Local Usage
	1309594  -  Run Bytes Sent By Job
	32652772  -  Run Bytes Received By Job
	1309594  -  Total Bytes Sent By Job
	32652772  -  Total Bytes Received By Job
	Partitionable Resources :     Usage  Request Allocated 
	   Cpus                 :      0.99        1         1 
	   Disk (KB)            : 274915      524288   1458998 
	   IoHeavy              :                            0 
	   Memory (MB)          :   1238        4096      4096 

	Job terminated of its own accord at 2023-09-06T05:57:47Z with exit-code 0.
...
