000 (14269004.048.000) 2023-09-11 03:23:01 Job submitted from host: <128.104.101.92:9618?addrs=128.104.101.92-9618+[2607-f388-107c-501-a236-9fff-fe3c-caa8]-9618&alias=submit2.chtc.wisc.edu&noUDP&sock=schedd_1879732_618e>
...
040 (14269004.048.000) 2023-09-11 03:27:34 Started transferring input files
	Transferring to host: <128.105.69.204:9618?addrs=128.105.69.204-9618+[2607-f388-2200-100-1270-fdff-fe56-b85c]-9618&alias=e4035.chtc.wisc.edu&noUDP&sock=slot1_45_3825352_4a9e_96518>
...
040 (14269004.048.000) 2023-09-11 03:27:36 Finished transferring input files
...
001 (14269004.048.000) 2023-09-11 03:27:37 Job executing on host: <128.105.69.204:9618?addrs=128.105.69.204-9618+[2607-f388-2200-100-1270-fdff-fe56-b85c]-9618&alias=e4035.chtc.wisc.edu&noUDP&sock=startd_11684_d4a5>
	SlotName: slot1_45@e4035.chtc.wisc.edu
	CondorScratchDir = "/var/lib/condor/execute/slot1/dir_1375271"
	Cpus = 1
	Disk = 1208198
	IoHeavy = 0
	Memory = 4096
...
006 (14269004.048.000) 2023-09-11 03:27:46 Image size of job updated: 273992
	168  -  MemoryUsage of job (MB)
	171704  -  ResidentSetSize of job (KB)
...
040 (14269004.048.000) 2023-09-11 03:28:33 Started transferring output files
...
040 (14269004.048.000) 2023-09-11 03:28:33 Finished transferring output files
...
005 (14269004.048.000) 2023-09-11 03:28:33 Job terminated.
	(1) Normal termination (return value 0)
		Usr 0 00:00:52, Sys 0 00:00:01  -  Run Remote Usage
		Usr 0 00:00:00, Sys 0 00:00:00  -  Run Local Usage
		Usr 0 00:00:52, Sys 0 00:00:01  -  Total Remote Usage
		Usr 0 00:00:00, Sys 0 00:00:00  -  Total Local Usage
	103932  -  Run Bytes Sent By Job
	32664898  -  Run Bytes Received By Job
	103932  -  Total Bytes Sent By Job
	32664898  -  Total Bytes Received By Job
	Partitionable Resources :     Usage  Request Allocated 
	   Cpus                 :      0.99        1         1 
	   Disk (KB)            : 255015      524288   1208198 
	   IoHeavy              :                            0 
	   Memory (MB)          :    168        4096      4096 

	Job terminated of its own accord at 2023-09-11T08:28:32Z with exit-code 0.
...
