000 (13655293.159.000) 2023-09-05 00:33:11 Job submitted from host: <128.104.101.92:9618?addrs=128.104.101.92-9618+[2607-f388-107c-501-a236-9fff-fe3c-caa8]-9618&alias=submit2.chtc.wisc.edu&noUDP&sock=schedd_1879732_618e>
...
040 (13655293.159.000) 2023-09-05 00:38:59 Started transferring input files
	Transferring to host: <128.105.69.224:9618?addrs=128.105.69.224-9618+[2607-f388-2200-100-eaeb-d3ff-fe40-1574]-9618&alias=e2607.chtc.wisc.edu&noUDP&sock=slot1_58_1087982_7e0c_42262>
...
040 (13655293.159.000) 2023-09-05 00:39:01 Finished transferring input files
...
001 (13655293.159.000) 2023-09-05 00:39:02 Job executing on host: <128.105.69.224:9618?addrs=128.105.69.224-9618+[2607-f388-2200-100-eaeb-d3ff-fe40-1574]-9618&alias=e2607.chtc.wisc.edu&noUDP&sock=startd_11673_491a>
	SlotName: slot1_58@e2607.chtc.wisc.edu
	CondorScratchDir = "/var/lib/condor/execute/slot1/dir_2328022"
	Cpus = 1
	Disk = 1458998
	IoHeavy = 0
	Memory = 4096
...
006 (13655293.159.000) 2023-09-05 00:39:11 Image size of job updated: 699440
	684  -  MemoryUsage of job (MB)
	699436  -  ResidentSetSize of job (KB)
...
006 (13655293.159.000) 2023-09-05 00:44:12 Image size of job updated: 1283504
	1065  -  MemoryUsage of job (MB)
	1090560  -  ResidentSetSize of job (KB)
...
006 (13655293.159.000) 2023-09-05 00:49:12 Image size of job updated: 1283504
	1073  -  MemoryUsage of job (MB)
	1097960  -  ResidentSetSize of job (KB)
...
006 (13655293.159.000) 2023-09-05 00:59:13 Image size of job updated: 1283504
	1087  -  MemoryUsage of job (MB)
	1112488  -  ResidentSetSize of job (KB)
...
006 (13655293.159.000) 2023-09-05 02:19:20 Image size of job updated: 1283504
	1087  -  MemoryUsage of job (MB)
	1112744  -  ResidentSetSize of job (KB)
...
006 (13655293.159.000) 2023-09-06 00:49:45 Image size of job updated: 1400044
	1087  -  MemoryUsage of job (MB)
	1112744  -  ResidentSetSize of job (KB)
...
040 (13655293.159.000) 2023-09-06 00:49:45 Started transferring output files
...
040 (13655293.159.000) 2023-09-06 00:49:45 Finished transferring output files
...
005 (13655293.159.000) 2023-09-06 00:49:46 Job terminated.
	(1) Normal termination (return value 0)
		Usr 0 23:46:24, Sys 0 00:04:41  -  Run Remote Usage
		Usr 0 00:00:00, Sys 0 00:00:00  -  Run Local Usage
		Usr 0 23:46:24, Sys 0 00:04:41  -  Total Remote Usage
		Usr 0 00:00:00, Sys 0 00:00:00  -  Total Local Usage
	1309570  -  Run Bytes Sent By Job
	32652772  -  Run Bytes Received By Job
	1309570  -  Total Bytes Sent By Job
	32652772  -  Total Bytes Received By Job
	Partitionable Resources :     Usage  Request Allocated 
	   Cpus                 :      0.99        1         1 
	   Disk (KB)            : 274901      524288   1458998 
	   IoHeavy              :                            0 
	   Memory (MB)          :   1087        4096      4096 

	Job terminated of its own accord at 2023-09-06T05:49:45Z with exit-code 0.
...
