000 (13648508.001.000) 2023-09-04 23:50:03 Job submitted from host: <128.104.101.92:9618?addrs=128.104.101.92-9618+[2607-f388-107c-501-a236-9fff-fe3c-caa8]-9618&alias=submit2.chtc.wisc.edu&noUDP&sock=schedd_1879732_618e>
...
040 (13648508.001.000) 2023-09-04 23:51:00 Started transferring input files
	Transferring to host: <128.105.69.103:9618?addrs=128.105.69.103-9618+[2607-f388-2200-100-1270-fdff-fe56-4614]-9618&alias=e4031.chtc.wisc.edu&noUDP&sock=slot1_70_312503_623d_51237>
...
040 (13648508.001.000) 2023-09-04 23:51:02 Finished transferring input files
...
001 (13648508.001.000) 2023-09-04 23:51:03 Job executing on host: <128.105.69.103:9618?addrs=128.105.69.103-9618+[2607-f388-2200-100-1270-fdff-fe56-4614]-9618&alias=e4031.chtc.wisc.edu&noUDP&sock=startd_15676_02b6>
	SlotName: slot1_70@e4031.chtc.wisc.edu
	CondorScratchDir = "/var/lib/condor/execute/slot1/dir_1990589"
	Cpus = 1
	Disk = 1208198
	IoHeavy = 0
	Memory = 4096
...
006 (13648508.001.000) 2023-09-04 23:51:12 Image size of job updated: 272836
	203  -  MemoryUsage of job (MB)
	207508  -  ResidentSetSize of job (KB)
...
006 (13648508.001.000) 2023-09-04 23:56:13 Image size of job updated: 272836
	213  -  MemoryUsage of job (MB)
	217868  -  ResidentSetSize of job (KB)
...
006 (13648508.001.000) 2023-09-05 00:01:13 Image size of job updated: 272836
	215  -  MemoryUsage of job (MB)
	219244  -  ResidentSetSize of job (KB)
...
006 (13648508.001.000) 2023-09-05 00:11:14 Image size of job updated: 272836
	215  -  MemoryUsage of job (MB)
	219668  -  ResidentSetSize of job (KB)
...
006 (13648508.001.000) 2023-09-05 00:21:15 Image size of job updated: 272836
	216  -  MemoryUsage of job (MB)
	220180  -  ResidentSetSize of job (KB)
...
006 (13648508.001.000) 2023-09-05 00:46:17 Image size of job updated: 272836
	216  -  MemoryUsage of job (MB)
	220576  -  ResidentSetSize of job (KB)
...
040 (13648508.001.000) 2023-09-05 01:30:41 Started transferring output files
...
040 (13648508.001.000) 2023-09-05 01:30:41 Finished transferring output files
...
005 (13648508.001.000) 2023-09-05 01:30:41 Job terminated.
	(1) Normal termination (return value 0)
		Usr 0 01:38:22, Sys 0 00:00:03  -  Run Remote Usage
		Usr 0 00:00:00, Sys 0 00:00:00  -  Run Local Usage
		Usr 0 01:38:22, Sys 0 00:00:03  -  Total Remote Usage
		Usr 0 00:00:00, Sys 0 00:00:00  -  Total Local Usage
	30708  -  Run Bytes Sent By Job
	32665120  -  Run Bytes Received By Job
	30708  -  Total Bytes Sent By Job
	32665120  -  Total Bytes Received By Job
	Partitionable Resources :     Usage  Request Allocated 
	   Cpus                 :      0.99        1         1 
	   Disk (KB)            : 254943      524288   1208198 
	   IoHeavy              :                            0 
	   Memory (MB)          :    216        4096      4096 

	Job terminated of its own accord at 2023-09-05T06:30:40Z with exit-code 0.
...
