000 (14268886.055.000) 2023-09-11 03:21:39 Job submitted from host: <128.104.101.92:9618?addrs=128.104.101.92-9618+[2607-f388-107c-501-a236-9fff-fe3c-caa8]-9618&alias=submit2.chtc.wisc.edu&noUDP&sock=schedd_1879732_618e>
...
040 (14268886.055.000) 2023-09-11 03:25:34 Started transferring input files
	Transferring to host: <128.105.69.142:9618?addrs=128.105.69.142-9618+[2607-f388-2200-100-1270-fdff-fe56-747c]-9618&alias=e4019.chtc.wisc.edu&noUDP&sock=slot1_21_3701491_0311_93461>
...
040 (14268886.055.000) 2023-09-11 03:25:37 Finished transferring input files
...
001 (14268886.055.000) 2023-09-11 03:25:38 Job executing on host: <128.105.69.142:9618?addrs=128.105.69.142-9618+[2607-f388-2200-100-1270-fdff-fe56-747c]-9618&alias=e4019.chtc.wisc.edu&noUDP&sock=startd_15796_5214>
	SlotName: slot1_21@e4019.chtc.wisc.edu
	CondorScratchDir = "/var/lib/condor/execute/slot1/dir_1136385"
	Cpus = 1
	Disk = 1208198
	IoHeavy = 0
	Memory = 4096
...
006 (14268886.055.000) 2023-09-11 03:25:46 Image size of job updated: 621980
	608  -  MemoryUsage of job (MB)
	621976  -  ResidentSetSize of job (KB)
...
006 (14268886.055.000) 2023-09-11 03:27:47 Image size of job updated: 809460
	608  -  MemoryUsage of job (MB)
	621976  -  ResidentSetSize of job (KB)
...
040 (14268886.055.000) 2023-09-11 03:27:47 Started transferring output files
...
040 (14268886.055.000) 2023-09-11 03:27:47 Finished transferring output files
...
005 (14268886.055.000) 2023-09-11 03:27:48 Job terminated.
	(1) Normal termination (return value 0)
		Usr 0 00:01:57, Sys 0 00:00:04  -  Run Remote Usage
		Usr 0 00:00:00, Sys 0 00:00:00  -  Run Local Usage
		Usr 0 00:01:57, Sys 0 00:00:04  -  Total Remote Usage
		Usr 0 00:00:00, Sys 0 00:00:00  -  Total Local Usage
	94421  -  Run Bytes Sent By Job
	32720416  -  Run Bytes Received By Job
	94421  -  Total Bytes Sent By Job
	32720416  -  Total Bytes Received By Job
	Partitionable Resources :    Usage  Request Allocated 
	   Cpus                 :                 1         1 
	   Disk (KB)            :   261251   524288   1208198 
	   IoHeavy              :                           0 
	   Memory (MB)          :      608     4096      4096 

	Job terminated of its own accord at 2023-09-11T08:27:47Z with exit-code 0.
...
