000 (13655293.041.000) 2023-09-05 00:33:11 Job submitted from host: <128.104.101.92:9618?addrs=128.104.101.92-9618+[2607-f388-107c-501-a236-9fff-fe3c-caa8]-9618&alias=submit2.chtc.wisc.edu&noUDP&sock=schedd_1879732_618e>
...
040 (13655293.041.000) 2023-09-05 00:36:08 Started transferring input files
	Transferring to host: <128.105.69.168:9618?addrs=128.105.69.168-9618+[2607-f388-2200-100-1270-fdff-fe56-768c]-9618&alias=e2551.chtc.wisc.edu&noUDP&sock=slot1_76_948570_2066_47882>
...
040 (13655293.041.000) 2023-09-05 00:36:10 Finished transferring input files
...
001 (13655293.041.000) 2023-09-05 00:36:14 Job executing on host: <128.105.69.168:9618?addrs=128.105.69.168-9618+[2607-f388-2200-100-1270-fdff-fe56-768c]-9618&alias=e2551.chtc.wisc.edu&noUDP&sock=startd_12968_8c3f>
	SlotName: slot1_76@e2551.chtc.wisc.edu
	CondorScratchDir = "/var/lib/condor/execute/slot1/dir_4009116"
	Cpus = 1
	Disk = 1208198
	IoHeavy = 0
	Memory = 4096
...
006 (13655293.041.000) 2023-09-05 00:36:22 Image size of job updated: 721984
	706  -  MemoryUsage of job (MB)
	721984  -  ResidentSetSize of job (KB)
...
006 (13655293.041.000) 2023-09-05 00:41:23 Image size of job updated: 1281588
	1055  -  MemoryUsage of job (MB)
	1079788  -  ResidentSetSize of job (KB)
...
006 (13655293.041.000) 2023-09-05 00:46:24 Image size of job updated: 1281588
	1072  -  MemoryUsage of job (MB)
	1097060  -  ResidentSetSize of job (KB)
...
006 (13655293.041.000) 2023-09-05 00:51:24 Image size of job updated: 1281588
	1073  -  MemoryUsage of job (MB)
	1098596  -  ResidentSetSize of job (KB)
...
006 (13655293.041.000) 2023-09-05 00:56:25 Image size of job updated: 1281588
	1086  -  MemoryUsage of job (MB)
	1111652  -  ResidentSetSize of job (KB)
...
006 (13655293.041.000) 2023-09-05 02:41:36 Image size of job updated: 1281588
	1086  -  MemoryUsage of job (MB)
	1111712  -  ResidentSetSize of job (KB)
...
006 (13655293.041.000) 2023-09-05 03:51:42 Image size of job updated: 1281588
	1087  -  MemoryUsage of job (MB)
	1112680  -  ResidentSetSize of job (KB)
...
006 (13655293.041.000) 2023-09-05 21:01:09 Image size of job updated: 1322672
	1087  -  MemoryUsage of job (MB)
	1112680  -  ResidentSetSize of job (KB)
...
040 (13655293.041.000) 2023-09-05 21:01:10 Started transferring output files
...
040 (13655293.041.000) 2023-09-05 21:01:10 Finished transferring output files
...
005 (13655293.041.000) 2023-09-05 21:01:10 Job terminated.
	(1) Normal termination (return value 0)
		Usr 0 20:05:03, Sys 0 00:03:21  -  Run Remote Usage
		Usr 0 00:00:00, Sys 0 00:00:00  -  Run Local Usage
		Usr 0 20:05:03, Sys 0 00:03:21  -  Total Remote Usage
		Usr 0 00:00:00, Sys 0 00:00:00  -  Total Local Usage
	1309424  -  Run Bytes Sent By Job
	32652772  -  Run Bytes Received By Job
	1309424  -  Total Bytes Sent By Job
	32652772  -  Total Bytes Received By Job
	Partitionable Resources :     Usage  Request Allocated 
	   Cpus                 :      0.98        1         1 
	   Disk (KB)            : 274906      524288   1208198 
	   IoHeavy              :                            0 
	   Memory (MB)          :   1087        4096      4096 

	Job terminated of its own accord at 2023-09-06T02:01:09Z with exit-code 0.
...
