000 (13655293.184.000) 2023-09-05 00:33:11 Job submitted from host: <128.104.101.92:9618?addrs=128.104.101.92-9618+[2607-f388-107c-501-a236-9fff-fe3c-caa8]-9618&alias=submit2.chtc.wisc.edu&noUDP&sock=schedd_1879732_618e>
...
040 (13655293.184.000) 2023-09-05 00:41:45 Started transferring input files
	Transferring to host: <128.105.69.101:9618?addrs=128.105.69.101-9618+[2607-f388-2200-100-1270-fdff-fe56-bae4]-9618&alias=e4012.chtc.wisc.edu&noUDP&sock=slot1_45_2664981_f32c_54195>
...
040 (13655293.184.000) 2023-09-05 00:41:46 Finished transferring input files
...
001 (13655293.184.000) 2023-09-05 00:41:47 Job executing on host: <128.105.69.101:9618?addrs=128.105.69.101-9618+[2607-f388-2200-100-1270-fdff-fe56-bae4]-9618&alias=e4012.chtc.wisc.edu&noUDP&sock=startd_15697_6a33>
	SlotName: slot1_45@e4012.chtc.wisc.edu
	CondorScratchDir = "/var/lib/condor/execute/slot1/dir_3688936"
	Cpus = 1
	Disk = 1208198
	IoHeavy = 0
	Memory = 4096
...
006 (13655293.184.000) 2023-09-05 00:41:56 Image size of job updated: 789028
	771  -  MemoryUsage of job (MB)
	789028  -  ResidentSetSize of job (KB)
...
006 (13655293.184.000) 2023-09-05 00:46:57 Image size of job updated: 1284820
	1069  -  MemoryUsage of job (MB)
	1094288  -  ResidentSetSize of job (KB)
...
006 (13655293.184.000) 2023-09-05 00:51:57 Image size of job updated: 1284820
	1073  -  MemoryUsage of job (MB)
	1098456  -  ResidentSetSize of job (KB)
...
006 (13655293.184.000) 2023-09-05 00:56:58 Image size of job updated: 1284820
	1080  -  MemoryUsage of job (MB)
	1105368  -  ResidentSetSize of job (KB)
...
006 (13655293.184.000) 2023-09-05 01:06:59 Image size of job updated: 1284820
	1100  -  MemoryUsage of job (MB)
	1126232  -  ResidentSetSize of job (KB)
...
006 (13655293.184.000) 2023-09-05 19:57:20 Image size of job updated: 1412952
	1100  -  MemoryUsage of job (MB)
	1126232  -  ResidentSetSize of job (KB)
...
040 (13655293.184.000) 2023-09-05 19:57:20 Started transferring output files
...
040 (13655293.184.000) 2023-09-05 19:57:20 Finished transferring output files
...
005 (13655293.184.000) 2023-09-05 19:57:20 Job terminated.
	(1) Normal termination (return value 0)
		Usr 0 18:55:13, Sys 0 00:03:44  -  Run Remote Usage
		Usr 0 00:00:00, Sys 0 00:00:00  -  Run Local Usage
		Usr 0 18:55:13, Sys 0 00:03:44  -  Total Remote Usage
		Usr 0 00:00:00, Sys 0 00:00:00  -  Total Local Usage
	1309511  -  Run Bytes Sent By Job
	32652772  -  Run Bytes Received By Job
	1309511  -  Total Bytes Sent By Job
	32652772  -  Total Bytes Received By Job
	Partitionable Resources :     Usage  Request Allocated 
	   Cpus                 :      0.99        1         1 
	   Disk (KB)            : 274882      524288   1208198 
	   IoHeavy              :                            0 
	   Memory (MB)          :   1100        4096      4096 

	Job terminated of its own accord at 2023-09-06T00:57:20Z with exit-code 0.
...
