000 (14268886.013.000) 2023-09-11 03:21:39 Job submitted from host: <128.104.101.92:9618?addrs=128.104.101.92-9618+[2607-f388-107c-501-a236-9fff-fe3c-caa8]-9618&alias=submit2.chtc.wisc.edu&noUDP&sock=schedd_1879732_618e>
...
040 (14268886.013.000) 2023-09-11 03:23:18 Started transferring input files
	Transferring to host: <128.105.69.117:9618?addrs=128.105.69.117-9618+[2607-f388-2200-100-1270-fdff-fe56-7b34]-9618&alias=e4066.chtc.wisc.edu&noUDP&sock=slot1_149_720535_d70d_95690>
...
040 (14268886.013.000) 2023-09-11 03:23:21 Finished transferring input files
...
001 (14268886.013.000) 2023-09-11 03:23:22 Job executing on host: <128.105.69.117:9618?addrs=128.105.69.117-9618+[2607-f388-2200-100-1270-fdff-fe56-7b34]-9618&alias=e4066.chtc.wisc.edu&noUDP&sock=startd_18717_e237>
	SlotName: slot1_149@e4066.chtc.wisc.edu
	CondorScratchDir = "/var/lib/condor/execute/slot1/dir_849711"
	Cpus = 1
	Disk = 1208198
	IoHeavy = 0
	Memory = 4096
...
006 (14268886.013.000) 2023-09-11 03:23:30 Image size of job updated: 384560
	376  -  MemoryUsage of job (MB)
	384560  -  ResidentSetSize of job (KB)
...
006 (14268886.013.000) 2023-09-11 03:28:30 Image size of job updated: 703576
	378  -  MemoryUsage of job (MB)
	386096  -  ResidentSetSize of job (KB)
...
040 (14268886.013.000) 2023-09-11 03:32:20 Started transferring output files
...
040 (14268886.013.000) 2023-09-11 03:32:20 Finished transferring output files
...
005 (14268886.013.000) 2023-09-11 03:32:20 Job terminated.
	(1) Normal termination (return value 0)
		Usr 0 00:08:35, Sys 0 00:00:07  -  Run Remote Usage
		Usr 0 00:00:00, Sys 0 00:00:00  -  Run Local Usage
		Usr 0 00:08:35, Sys 0 00:00:07  -  Total Remote Usage
		Usr 0 00:00:00, Sys 0 00:00:00  -  Total Local Usage
	210304  -  Run Bytes Sent By Job
	32720416  -  Run Bytes Received By Job
	210304  -  Total Bytes Sent By Job
	32720416  -  Total Bytes Received By Job
	Partitionable Resources :     Usage  Request Allocated 
	   Cpus                 :      0.99        1         1 
	   Disk (KB)            : 261372      524288   1208198 
	   IoHeavy              :                            0 
	   Memory (MB)          :    378        4096      4096 

	Job terminated of its own accord at 2023-09-11T08:32:20Z with exit-code 0.
...
