000 (13655293.306.000) 2023-09-05 00:33:11 Job submitted from host: <128.104.101.92:9618?addrs=128.104.101.92-9618+[2607-f388-107c-501-a236-9fff-fe3c-caa8]-9618&alias=submit2.chtc.wisc.edu&noUDP&sock=schedd_1879732_618e>
...
040 (13655293.306.000) 2023-09-05 00:52:14 Started transferring input files
	Transferring to host: <128.105.68.91:9618?addrs=128.105.68.91-9618+[2607-f388-2200-100-1270-fdff-fe56-c2c4]-9618&alias=e4053.chtc.wisc.edu&noUDP&sock=slot1_46_550738_7e35_48625>
...
001 (13655293.306.000) 2023-09-05 00:52:20 Job executing on host: <128.105.68.91:9618?addrs=128.105.68.91-9618+[2607-f388-2200-100-1270-fdff-fe56-c2c4]-9618&alias=e4053.chtc.wisc.edu&noUDP&sock=startd_11752_7915>
	SlotName: slot1_46@e4053.chtc.wisc.edu
	CondorScratchDir = "/var/lib/condor/execute/slot1/dir_2850968"
	Cpus = 1
	Disk = 1208198
	IoHeavy = 0
	Memory = 4096
...
040 (13655293.306.000) 2023-09-05 00:52:20 Finished transferring input files
...
006 (13655293.306.000) 2023-09-05 00:52:29 Image size of job updated: 705364
	689  -  MemoryUsage of job (MB)
	705360  -  ResidentSetSize of job (KB)
...
006 (13655293.306.000) 2023-09-05 00:57:30 Image size of job updated: 1288572
	1063  -  MemoryUsage of job (MB)
	1087584  -  ResidentSetSize of job (KB)
...
006 (13655293.306.000) 2023-09-05 01:02:30 Image size of job updated: 1288572
	1071  -  MemoryUsage of job (MB)
	1095816  -  ResidentSetSize of job (KB)
...
006 (13655293.306.000) 2023-09-05 01:07:31 Image size of job updated: 1288572
	1075  -  MemoryUsage of job (MB)
	1100676  -  ResidentSetSize of job (KB)
...
006 (13655293.306.000) 2023-09-05 01:17:32 Image size of job updated: 1288572
	1085  -  MemoryUsage of job (MB)
	1110660  -  ResidentSetSize of job (KB)
...
006 (13655293.306.000) 2023-09-05 01:27:34 Image size of job updated: 1288572
	1087  -  MemoryUsage of job (MB)
	1112964  -  ResidentSetSize of job (KB)
...
006 (13655293.306.000) 2023-09-05 02:17:37 Image size of job updated: 1288572
	1089  -  MemoryUsage of job (MB)
	1115044  -  ResidentSetSize of job (KB)
...
006 (13655293.306.000) 2023-09-05 03:47:45 Image size of job updated: 1288572
	1091  -  MemoryUsage of job (MB)
	1116180  -  ResidentSetSize of job (KB)
...
006 (13655293.306.000) 2023-09-06 03:41:51 Image size of job updated: 1375160
	1091  -  MemoryUsage of job (MB)
	1116180  -  ResidentSetSize of job (KB)
...
040 (13655293.306.000) 2023-09-06 03:41:51 Started transferring output files
...
040 (13655293.306.000) 2023-09-06 03:41:51 Finished transferring output files
...
005 (13655293.306.000) 2023-09-06 03:41:51 Job terminated.
	(1) Normal termination (return value 0)
		Usr 1 02:16:13, Sys 0 00:04:49  -  Run Remote Usage
		Usr 0 00:00:00, Sys 0 00:00:00  -  Run Local Usage
		Usr 1 02:16:13, Sys 0 00:04:49  -  Total Remote Usage
		Usr 0 00:00:00, Sys 0 00:00:00  -  Total Local Usage
	1309704  -  Run Bytes Sent By Job
	32652772  -  Run Bytes Received By Job
	1309704  -  Total Bytes Sent By Job
	32652772  -  Total Bytes Received By Job
	Partitionable Resources :     Usage  Request Allocated 
	   Cpus                 :      0.98        1         1 
	   Disk (KB)            : 274914      524288   1208198 
	   IoHeavy              :                            0 
	   Memory (MB)          :   1091        4096      4096 

	Job terminated of its own accord at 2023-09-06T08:41:51Z with exit-code 0.
...
