000 (13655293.074.000) 2023-09-05 00:33:11 Job submitted from host: <128.104.101.92:9618?addrs=128.104.101.92-9618+[2607-f388-107c-501-a236-9fff-fe3c-caa8]-9618&alias=submit2.chtc.wisc.edu&noUDP&sock=schedd_1879732_618e>
...
040 (13655293.074.000) 2023-09-05 00:36:14 Started transferring input files
	Transferring to host: <128.105.69.189:9618?addrs=128.105.69.189-9618+[2607-f388-2200-100-1270-fdff-fe56-644c]-9618&alias=e4042.chtc.wisc.edu&noUDP&sock=slot1_57_3770169_e03a_55803>
...
001 (13655293.074.000) 2023-09-05 00:36:21 Job executing on host: <128.105.69.189:9618?addrs=128.105.69.189-9618+[2607-f388-2200-100-1270-fdff-fe56-644c]-9618&alias=e4042.chtc.wisc.edu&noUDP&sock=startd_15959_2004>
	SlotName: slot1_57@e4042.chtc.wisc.edu
	CondorScratchDir = "/var/lib/condor/execute/slot1/dir_3474488"
	Cpus = 1
	Disk = 1208198
	IoHeavy = 0
	Memory = 4096
...
040 (13655293.074.000) 2023-09-05 00:36:21 Finished transferring input files
...
006 (13655293.074.000) 2023-09-05 00:36:30 Image size of job updated: 613192
	599  -  MemoryUsage of job (MB)
	613192  -  ResidentSetSize of job (KB)
...
006 (13655293.074.000) 2023-09-05 00:41:31 Image size of job updated: 1178524
	964  -  MemoryUsage of job (MB)
	986996  -  ResidentSetSize of job (KB)
...
006 (13655293.074.000) 2023-09-05 00:46:31 Image size of job updated: 1178524
	979  -  MemoryUsage of job (MB)
	1001948  -  ResidentSetSize of job (KB)
...
006 (13655293.074.000) 2023-09-05 01:01:33 Image size of job updated: 1178524
	983  -  MemoryUsage of job (MB)
	1005836  -  ResidentSetSize of job (KB)
...
006 (13655293.074.000) 2023-09-05 03:21:46 Image size of job updated: 1178524
	992  -  MemoryUsage of job (MB)
	1015480  -  ResidentSetSize of job (KB)
...
006 (13655293.074.000) 2023-09-05 23:23:47 Image size of job updated: 1242864
	1214  -  MemoryUsage of job (MB)
	1242864  -  ResidentSetSize of job (KB)
...
006 (13655293.074.000) 2023-09-05 23:24:27 Image size of job updated: 1267956
	1214  -  MemoryUsage of job (MB)
	1242864  -  ResidentSetSize of job (KB)
...
040 (13655293.074.000) 2023-09-05 23:24:27 Started transferring output files
...
040 (13655293.074.000) 2023-09-05 23:24:27 Finished transferring output files
...
005 (13655293.074.000) 2023-09-05 23:24:27 Job terminated.
	(1) Normal termination (return value 0)
		Usr 0 22:19:49, Sys 0 00:06:05  -  Run Remote Usage
		Usr 0 00:00:00, Sys 0 00:00:00  -  Run Local Usage
		Usr 0 22:19:49, Sys 0 00:06:05  -  Total Remote Usage
		Usr 0 00:00:00, Sys 0 00:00:00  -  Total Local Usage
	1309380  -  Run Bytes Sent By Job
	32652772  -  Run Bytes Received By Job
	1309380  -  Total Bytes Sent By Job
	32652772  -  Total Bytes Received By Job
	Partitionable Resources :     Usage  Request Allocated 
	   Cpus                 :      0.99        1         1 
	   Disk (KB)            : 274915      524288   1208198 
	   IoHeavy              :                            0 
	   Memory (MB)          :   1214        4096      4096 

	Job terminated of its own accord at 2023-09-06T04:24:27Z with exit-code 0.
...
