000 (13655293.435.000) 2023-09-05 00:33:11 Job submitted from host: <128.104.101.92:9618?addrs=128.104.101.92-9618+[2607-f388-107c-501-a236-9fff-fe3c-caa8]-9618&alias=submit2.chtc.wisc.edu&noUDP&sock=schedd_1879732_618e>
...
040 (13655293.435.000) 2023-09-05 00:56:13 Started transferring input files
	Transferring to host: <128.105.69.157:9618?addrs=128.105.69.157-9618+[2607-f388-2200-100-1270-fdff-fe56-c3a4]-9618&alias=e4090.chtc.wisc.edu&noUDP&sock=slot1_19_1363133_4360_49255>
...
001 (13655293.435.000) 2023-09-05 00:56:35 Job executing on host: <128.105.69.157:9618?addrs=128.105.69.157-9618+[2607-f388-2200-100-1270-fdff-fe56-c3a4]-9618&alias=e4090.chtc.wisc.edu&noUDP&sock=startd_18322_f24e>
	SlotName: slot1_19@e4090.chtc.wisc.edu
	CondorScratchDir = "/var/lib/condor/execute/slot1/dir_555288"
	Cpus = 1
	Disk = 1208198
	IoHeavy = 0
	Memory = 4096
...
040 (13655293.435.000) 2023-09-05 00:56:35 Finished transferring input files
...
006 (13655293.435.000) 2023-09-05 00:56:44 Image size of job updated: 584720
	572  -  MemoryUsage of job (MB)
	584720  -  ResidentSetSize of job (KB)
...
006 (13655293.435.000) 2023-09-05 01:01:45 Image size of job updated: 897928
	877  -  MemoryUsage of job (MB)
	897928  -  ResidentSetSize of job (KB)
...
006 (13655293.435.000) 2023-09-05 01:06:45 Image size of job updated: 1160808
	1134  -  MemoryUsage of job (MB)
	1160804  -  ResidentSetSize of job (KB)
...
006 (13655293.435.000) 2023-09-05 01:11:49 Image size of job updated: 1183580
	1134  -  MemoryUsage of job (MB)
	1160804  -  ResidentSetSize of job (KB)
...
006 (13655293.435.000) 2023-09-06 01:24:06 Image size of job updated: 1302636
	1273  -  MemoryUsage of job (MB)
	1302636  -  ResidentSetSize of job (KB)
...
040 (13655293.435.000) 2023-09-06 01:24:45 Started transferring output files
...
040 (13655293.435.000) 2023-09-06 01:24:45 Finished transferring output files
...
005 (13655293.435.000) 2023-09-06 01:24:45 Job terminated.
	(1) Normal termination (return value 0)
		Usr 1 00:04:21, Sys 0 00:05:44  -  Run Remote Usage
		Usr 0 00:00:00, Sys 0 00:00:00  -  Run Local Usage
		Usr 1 00:04:21, Sys 0 00:05:44  -  Total Remote Usage
		Usr 0 00:00:00, Sys 0 00:00:00  -  Total Local Usage
	1309603  -  Run Bytes Sent By Job
	32652772  -  Run Bytes Received By Job
	1309603  -  Total Bytes Sent By Job
	32652772  -  Total Bytes Received By Job
	Partitionable Resources :     Usage  Request Allocated 
	   Cpus                 :      0.98        1         1 
	   Disk (KB)            : 274915      524288   1208198 
	   IoHeavy              :                            0 
	   Memory (MB)          :   1273        4096      4096 

	Job terminated of its own accord at 2023-09-06T06:24:45Z with exit-code 0.
...
