000 (13655293.127.000) 2023-09-05 00:33:11 Job submitted from host: <128.104.101.92:9618?addrs=128.104.101.92-9618+[2607-f388-107c-501-a236-9fff-fe3c-caa8]-9618&alias=submit2.chtc.wisc.edu&noUDP&sock=schedd_1879732_618e>
...
040 (13655293.127.000) 2023-09-05 00:36:27 Started transferring input files
	Transferring to host: <128.105.69.171:9618?addrs=128.105.69.171-9618+[2607-f388-2200-100-1270-fdff-fe56-76ac]-9618&alias=e2554.chtc.wisc.edu&noUDP&sock=slot1_61_1826531_133c_47895>
...
001 (13655293.127.000) 2023-09-05 00:36:37 Job executing on host: <128.105.69.171:9618?addrs=128.105.69.171-9618+[2607-f388-2200-100-1270-fdff-fe56-76ac]-9618&alias=e2554.chtc.wisc.edu&noUDP&sock=startd_14106_1f06>
	SlotName: slot1_61@e2554.chtc.wisc.edu
	CondorScratchDir = "/var/lib/condor/execute/slot1/dir_1566080"
	Cpus = 1
	Disk = 1208198
	IoHeavy = 0
	Memory = 4096
...
040 (13655293.127.000) 2023-09-05 00:36:37 Finished transferring input files
...
006 (13655293.127.000) 2023-09-05 00:36:45 Image size of job updated: 594936
	581  -  MemoryUsage of job (MB)
	594936  -  ResidentSetSize of job (KB)
...
006 (13655293.127.000) 2023-09-05 00:41:45 Image size of job updated: 1177380
	957  -  MemoryUsage of job (MB)
	979676  -  ResidentSetSize of job (KB)
...
006 (13655293.127.000) 2023-09-05 00:46:45 Image size of job updated: 1177380
	973  -  MemoryUsage of job (MB)
	996268  -  ResidentSetSize of job (KB)
...
006 (13655293.127.000) 2023-09-05 00:56:46 Image size of job updated: 1177380
	974  -  MemoryUsage of job (MB)
	996492  -  ResidentSetSize of job (KB)
...
006 (13655293.127.000) 2023-09-05 01:06:47 Image size of job updated: 1177380
	975  -  MemoryUsage of job (MB)
	997460  -  ResidentSetSize of job (KB)
...
006 (13655293.127.000) 2023-09-05 01:11:47 Image size of job updated: 1177380
	986  -  MemoryUsage of job (MB)
	1009492  -  ResidentSetSize of job (KB)
...
006 (13655293.127.000) 2023-09-06 00:15:12 Image size of job updated: 1304784
	986  -  MemoryUsage of job (MB)
	1009492  -  ResidentSetSize of job (KB)
...
040 (13655293.127.000) 2023-09-06 00:15:12 Started transferring output files
...
040 (13655293.127.000) 2023-09-06 00:15:12 Finished transferring output files
...
005 (13655293.127.000) 2023-09-06 00:15:12 Job terminated.
	(1) Normal termination (return value 0)
		Usr 0 23:07:45, Sys 0 00:05:24  -  Run Remote Usage
		Usr 0 00:00:00, Sys 0 00:00:00  -  Run Local Usage
		Usr 0 23:07:45, Sys 0 00:05:24  -  Total Remote Usage
		Usr 0 00:00:00, Sys 0 00:00:00  -  Total Local Usage
	1309588  -  Run Bytes Sent By Job
	32652772  -  Run Bytes Received By Job
	1309588  -  Total Bytes Sent By Job
	32652772  -  Total Bytes Received By Job
	Partitionable Resources :     Usage  Request Allocated 
	   Cpus                 :      0.99        1         1 
	   Disk (KB)            : 274915      524288   1208198 
	   IoHeavy              :                            0 
	   Memory (MB)          :    986        4096      4096 

	Job terminated of its own accord at 2023-09-06T05:15:12Z with exit-code 0.
...
