000 (13655293.397.000) 2023-09-05 00:33:11 Job submitted from host: <128.104.101.92:9618?addrs=128.104.101.92-9618+[2607-f388-107c-501-a236-9fff-fe3c-caa8]-9618&alias=submit2.chtc.wisc.edu&noUDP&sock=schedd_1879732_618e>
...
040 (13655293.397.000) 2023-09-05 00:54:24 Started transferring input files
	Transferring to host: <128.105.69.157:9618?addrs=128.105.69.157-9618+[2607-f388-2200-100-1270-fdff-fe56-c3a4]-9618&alias=e4090.chtc.wisc.edu&noUDP&sock=slot1_44_1363133_4360_49230>
...
040 (13655293.397.000) 2023-09-05 00:54:27 Finished transferring input files
...
001 (13655293.397.000) 2023-09-05 00:54:29 Job executing on host: <128.105.69.157:9618?addrs=128.105.69.157-9618+[2607-f388-2200-100-1270-fdff-fe56-c3a4]-9618&alias=e4090.chtc.wisc.edu&noUDP&sock=startd_18322_f24e>
	SlotName: slot1_44@e4090.chtc.wisc.edu
	CondorScratchDir = "/var/lib/condor/execute/slot1/dir_547507"
	Cpus = 1
	Disk = 1208198
	IoHeavy = 0
	Memory = 4096
...
006 (13655293.397.000) 2023-09-05 00:54:38 Image size of job updated: 647160
	632  -  MemoryUsage of job (MB)
	647160  -  ResidentSetSize of job (KB)
...
006 (13655293.397.000) 2023-09-05 00:59:39 Image size of job updated: 1172180
	1145  -  MemoryUsage of job (MB)
	1172180  -  ResidentSetSize of job (KB)
...
006 (13655293.397.000) 2023-09-05 01:04:39 Image size of job updated: 1267400
	1238  -  MemoryUsage of job (MB)
	1267396  -  ResidentSetSize of job (KB)
...
006 (13655293.397.000) 2023-09-05 01:09:40 Image size of job updated: 1284908
	1238  -  MemoryUsage of job (MB)
	1267396  -  ResidentSetSize of job (KB)
...
006 (13655293.397.000) 2023-09-06 00:07:59 Image size of job updated: 1414508
	1238  -  MemoryUsage of job (MB)
	1267396  -  ResidentSetSize of job (KB)
...
040 (13655293.397.000) 2023-09-06 00:07:59 Started transferring output files
...
040 (13655293.397.000) 2023-09-06 00:07:59 Finished transferring output files
...
005 (13655293.397.000) 2023-09-06 00:08:00 Job terminated.
	(1) Normal termination (return value 0)
		Usr 0 22:54:02, Sys 0 00:03:14  -  Run Remote Usage
		Usr 0 00:00:00, Sys 0 00:00:00  -  Run Local Usage
		Usr 0 22:54:02, Sys 0 00:03:14  -  Total Remote Usage
		Usr 0 00:00:00, Sys 0 00:00:00  -  Total Local Usage
	1309788  -  Run Bytes Sent By Job
	32652772  -  Run Bytes Received By Job
	1309788  -  Total Bytes Sent By Job
	32652772  -  Total Bytes Received By Job
	Partitionable Resources :     Usage  Request Allocated 
	   Cpus                 :      0.99        1         1 
	   Disk (KB)            : 274912      524288   1208198 
	   IoHeavy              :                            0 
	   Memory (MB)          :   1238        4096      4096 

	Job terminated of its own accord at 2023-09-06T05:07:59Z with exit-code 0.
...
