000 (13655293.356.000) 2023-09-05 00:33:11 Job submitted from host: <128.104.101.92:9618?addrs=128.104.101.92-9618+[2607-f388-107c-501-a236-9fff-fe3c-caa8]-9618&alias=submit2.chtc.wisc.edu&noUDP&sock=schedd_1879732_618e>
...
040 (13655293.356.000) 2023-09-05 00:54:01 Started transferring input files
	Transferring to host: <128.105.69.137:9618?addrs=128.105.69.137-9618+[2607-f388-2200-100-1270-fdff-fe56-d12c]-9618&alias=e4014.chtc.wisc.edu&noUDP&sock=slot1_79_1985361_2db7_52059>
...
001 (13655293.356.000) 2023-09-05 00:54:08 Job executing on host: <128.105.69.137:9618?addrs=128.105.69.137-9618+[2607-f388-2200-100-1270-fdff-fe56-d12c]-9618&alias=e4014.chtc.wisc.edu&noUDP&sock=startd_15862_9754>
	SlotName: slot1_79@e4014.chtc.wisc.edu
	CondorScratchDir = "/var/lib/condor/execute/slot1/dir_4086439"
	Cpus = 1
	Disk = 1208198
	IoHeavy = 0
	Memory = 4096
...
040 (13655293.356.000) 2023-09-05 00:54:08 Finished transferring input files
...
006 (13655293.356.000) 2023-09-05 00:54:16 Image size of job updated: 535704
	524  -  MemoryUsage of job (MB)
	535700  -  ResidentSetSize of job (KB)
...
006 (13655293.356.000) 2023-09-05 00:59:16 Image size of job updated: 864848
	845  -  MemoryUsage of job (MB)
	864848  -  ResidentSetSize of job (KB)
...
006 (13655293.356.000) 2023-09-05 01:04:17 Image size of job updated: 1146488
	1120  -  MemoryUsage of job (MB)
	1146488  -  ResidentSetSize of job (KB)
...
006 (13655293.356.000) 2023-09-05 01:09:18 Image size of job updated: 1160728
	1134  -  MemoryUsage of job (MB)
	1160492  -  ResidentSetSize of job (KB)
...
006 (13655293.356.000) 2023-09-05 01:14:18 Image size of job updated: 1178404
	1134  -  MemoryUsage of job (MB)
	1160492  -  ResidentSetSize of job (KB)
...
006 (13655293.356.000) 2023-09-05 20:12:05 Image size of job updated: 1309832
	1134  -  MemoryUsage of job (MB)
	1160492  -  ResidentSetSize of job (KB)
...
040 (13655293.356.000) 2023-09-05 20:12:05 Started transferring output files
...
040 (13655293.356.000) 2023-09-05 20:12:05 Finished transferring output files
...
005 (13655293.356.000) 2023-09-05 20:12:05 Job terminated.
	(1) Normal termination (return value 0)
		Usr 0 18:58:11, Sys 0 00:04:20  -  Run Remote Usage
		Usr 0 00:00:00, Sys 0 00:00:00  -  Run Local Usage
		Usr 0 18:58:11, Sys 0 00:04:20  -  Total Remote Usage
		Usr 0 00:00:00, Sys 0 00:00:00  -  Total Local Usage
	1309658  -  Run Bytes Sent By Job
	32652772  -  Run Bytes Received By Job
	1309658  -  Total Bytes Sent By Job
	32652772  -  Total Bytes Received By Job
	Partitionable Resources :     Usage  Request Allocated 
	   Cpus                 :      0.99        1         1 
	   Disk (KB)            : 274913      524288   1208198 
	   IoHeavy              :                            0 
	   Memory (MB)          :   1134        4096      4096 

	Job terminated of its own accord at 2023-09-06T01:12:05Z with exit-code 0.
...
