000 (14268886.007.000) 2023-09-11 03:21:39 Job submitted from host: <128.104.101.92:9618?addrs=128.104.101.92-9618+[2607-f388-107c-501-a236-9fff-fe3c-caa8]-9618&alias=submit2.chtc.wisc.edu&noUDP&sock=schedd_1879732_618e>
...
040 (14268886.007.000) 2023-09-11 03:23:16 Started transferring input files
	Transferring to host: <128.105.69.206:9618?addrs=128.105.69.206-9618+[2607-f388-2200-100-eaeb-d3ff-fe40-2844]-9618&alias=e2589.chtc.wisc.edu&noUDP&sock=slot1_47_113147_0c12_97634>
...
040 (14268886.007.000) 2023-09-11 03:23:18 Finished transferring input files
...
001 (14268886.007.000) 2023-09-11 03:23:19 Job executing on host: <128.105.69.206:9618?addrs=128.105.69.206-9618+[2607-f388-2200-100-eaeb-d3ff-fe40-2844]-9618&alias=e2589.chtc.wisc.edu&noUDP&sock=startd_18780_18af>
	SlotName: slot1_47@e2589.chtc.wisc.edu
	CondorScratchDir = "/var/lib/condor/execute/slot1/dir_3664978"
	Cpus = 1
	Disk = 1458998
	IoHeavy = 0
	Memory = 4096
...
006 (14268886.007.000) 2023-09-11 03:23:28 Image size of job updated: 675676
	660  -  MemoryUsage of job (MB)
	675676  -  ResidentSetSize of job (KB)
...
006 (14268886.007.000) 2023-09-11 03:28:29 Image size of job updated: 809572
	662  -  MemoryUsage of job (MB)
	677724  -  ResidentSetSize of job (KB)
...
040 (14268886.007.000) 2023-09-11 03:35:08 Started transferring output files
...
040 (14268886.007.000) 2023-09-11 03:35:08 Finished transferring output files
...
005 (14268886.007.000) 2023-09-11 03:35:08 Job terminated.
	(1) Normal termination (return value 0)
		Usr 0 00:11:31, Sys 0 00:00:04  -  Run Remote Usage
		Usr 0 00:00:00, Sys 0 00:00:00  -  Run Local Usage
		Usr 0 00:11:31, Sys 0 00:00:04  -  Total Remote Usage
		Usr 0 00:00:00, Sys 0 00:00:00  -  Total Local Usage
	287223  -  Run Bytes Sent By Job
	32720416  -  Run Bytes Received By Job
	287223  -  Total Bytes Sent By Job
	32720416  -  Total Bytes Received By Job
	Partitionable Resources :     Usage  Request Allocated 
	   Cpus                 :      1.00        1         1 
	   Disk (KB)            : 261447      524288   1458998 
	   IoHeavy              :                            0 
	   Memory (MB)          :    662        4096      4096 

	Job terminated of its own accord at 2023-09-11T08:35:08Z with exit-code 0.
...
