000 (14312691.069.000) 2023-09-11 11:54:06 Job submitted from host: <128.104.101.92:9618?addrs=128.104.101.92-9618+[2607-f388-107c-501-a236-9fff-fe3c-caa8]-9618&alias=submit2.chtc.wisc.edu&noUDP&sock=schedd_1879732_618e>
...
040 (14312691.069.000) 2023-09-11 12:00:34 Started transferring input files
	Transferring to host: <128.105.69.155:9618?addrs=128.105.69.155-9618+[2607-f388-2200-100-1270-fdff-fe56-476c]-9618&alias=e4088.chtc.wisc.edu&noUDP&sock=slot1_71_2192573_c721_114731>
...
040 (14312691.069.000) 2023-09-11 12:00:36 Finished transferring input files
...
001 (14312691.069.000) 2023-09-11 12:00:40 Job executing on host: <128.105.69.155:9618?addrs=128.105.69.155-9618+[2607-f388-2200-100-1270-fdff-fe56-476c]-9618&alias=e4088.chtc.wisc.edu&noUDP&sock=startd_18901_17a4>
	SlotName: slot1_71@e4088.chtc.wisc.edu
	CondorScratchDir = "/var/lib/condor/execute/slot1/dir_1940126"
	Cpus = 1
	Disk = 1208198
	IoHeavy = 0
	Memory = 4096
...
006 (14312691.069.000) 2023-09-11 12:00:48 Image size of job updated: 272608
	168  -  MemoryUsage of job (MB)
	171088  -  ResidentSetSize of job (KB)
...
040 (14312691.069.000) 2023-09-11 12:01:26 Started transferring output files
...
040 (14312691.069.000) 2023-09-11 12:01:26 Finished transferring output files
...
005 (14312691.069.000) 2023-09-11 12:01:26 Job terminated.
	(1) Normal termination (return value 0)
		Usr 0 00:00:43, Sys 0 00:00:00  -  Run Remote Usage
		Usr 0 00:00:00, Sys 0 00:00:00  -  Run Local Usage
		Usr 0 00:00:43, Sys 0 00:00:00  -  Total Remote Usage
		Usr 0 00:00:00, Sys 0 00:00:00  -  Total Local Usage
	107994  -  Run Bytes Sent By Job
	32664896  -  Run Bytes Received By Job
	107994  -  Total Bytes Sent By Job
	32664896  -  Total Bytes Received By Job
	Partitionable Resources :    Usage  Request Allocated 
	   Cpus                 :                 1         1 
	   Disk (KB)            :   255010   524288   1208198 
	   IoHeavy              :                           0 
	   Memory (MB)          :      168     4096      4096 

	Job terminated of its own accord at 2023-09-11T17:01:26Z with exit-code 0.
...
