035 (13648506.-01.000) 2023-09-04 23:43:04 Cluster submitted from host: <128.104.101.92:9618?addrs=128.104.101.92-9618+[2607-f388-107c-501-a236-9fff-fe3c-caa8]-9618&alias=submit2.chtc.wisc.edu&noUDP&sock=schedd_1879732_618e>
...
000 (13648506.000.000) 2023-09-04 23:43:04 Job submitted from host: <128.104.101.92:9618?addrs=128.104.101.92-9618+[2607-f388-107c-501-a236-9fff-fe3c-caa8]-9618&alias=submit2.chtc.wisc.edu&noUDP&sock=schedd_1879732_618e>
...
040 (13648506.000.000) 2023-09-04 23:43:18 Started transferring input files
	Transferring to host: <128.105.69.192:9618?addrs=128.105.69.192-9618+[2607-f388-2200-100-1270-fdff-fe56-bc04]-9618&alias=build4002.chtc.wisc.edu&noUDP&sock=interactive2_1_1262715_b2ad_333950>
...
040 (13648506.000.000) 2023-09-04 23:43:20 Finished transferring input files
...
001 (13648506.000.000) 2023-09-04 23:43:21 Job executing on host: <128.105.69.192:9618?addrs=128.105.69.192-9618+[2607-f388-2200-100-1270-fdff-fe56-bc04]-9618&alias=build4002.chtc.wisc.edu&noUDP&sock=startd_22892_961e>
	SlotName: interactive2_1@build4002.chtc.wisc.edu
	CondorScratchDir = "/var/lib/condor/execute/slot2/dir_2349380"
	Cpus = 1
	Disk = 1208198
	IoHeavy = 0
	Memory = 4096
...
006 (13648506.000.000) 2023-09-04 23:43:30 Image size of job updated: 1000
	1  -  MemoryUsage of job (MB)
	280  -  ResidentSetSize of job (KB)
...
006 (13648506.000.000) 2023-09-04 23:43:34 Image size of job updated: 3952
	6  -  MemoryUsage of job (MB)
	5324  -  ResidentSetSize of job (KB)
...
006 (13648506.000.000) 2023-09-04 23:44:57 Image size of job updated: 382196
	181  -  MemoryUsage of job (MB)
	184684  -  ResidentSetSize of job (KB)
...
040 (13648506.000.000) 2023-09-04 23:44:57 Started transferring output files
...
040 (13648506.000.000) 2023-09-04 23:44:57 Finished transferring output files
...
005 (13648506.000.000) 2023-09-04 23:44:57 Job terminated.
	(1) Normal termination (return value 255)
		Usr 0 00:00:08, Sys 0 00:00:01  -  Run Remote Usage
		Usr 0 00:00:00, Sys 0 00:00:00  -  Run Local Usage
		Usr 0 00:00:08, Sys 0 00:00:01  -  Total Remote Usage
		Usr 0 00:00:00, Sys 0 00:00:00  -  Total Local Usage
	808  -  Run Bytes Sent By Job
	32664314  -  Run Bytes Received By Job
	808  -  Total Bytes Sent By Job
	32664314  -  Total Bytes Received By Job
	Partitionable Resources :    Usage  Request Allocated 
	   Cpus                 :                 1         1 
	   Disk (KB)            :   254906   524288   1208198 
	   IoHeavy              :                           0 
	   Memory (MB)          :      181     4096      4096 

	Job terminated of its own accord at 2023-09-05T04:43:34Z with signal 15.
...
036 (13648506.-01.000) 2023-09-04 23:47:58 Cluster removed
	Materialized 4 jobs from -1 items.	Incomplete
...
