000 (13655293.362.000) 2023-09-05 00:33:11 Job submitted from host: <128.104.101.92:9618?addrs=128.104.101.92-9618+[2607-f388-107c-501-a236-9fff-fe3c-caa8]-9618&alias=submit2.chtc.wisc.edu&noUDP&sock=schedd_1879732_618e>
...
040 (13655293.362.000) 2023-09-05 00:54:06 Started transferring input files
	Transferring to host: <128.105.69.137:9618?addrs=128.105.69.137-9618+[2607-f388-2200-100-1270-fdff-fe56-d12c]-9618&alias=e4014.chtc.wisc.edu&noUDP&sock=slot1_86_1985361_2db7_52066>
...
040 (13655293.362.000) 2023-09-05 00:54:08 Finished transferring input files
...
001 (13655293.362.000) 2023-09-05 00:54:10 Job executing on host: <128.105.69.137:9618?addrs=128.105.69.137-9618+[2607-f388-2200-100-1270-fdff-fe56-d12c]-9618&alias=e4014.chtc.wisc.edu&noUDP&sock=startd_15862_9754>
	SlotName: slot1_86@e4014.chtc.wisc.edu
	CondorScratchDir = "/var/lib/condor/execute/slot1/dir_4086802"
	Cpus = 1
	Disk = 1208198
	IoHeavy = 0
	Memory = 4096
...
006 (13655293.362.000) 2023-09-05 00:54:19 Image size of job updated: 697204
	681  -  MemoryUsage of job (MB)
	697204  -  ResidentSetSize of job (KB)
...
006 (13655293.362.000) 2023-09-05 00:59:20 Image size of job updated: 974180
	952  -  MemoryUsage of job (MB)
	974180  -  ResidentSetSize of job (KB)
...
006 (13655293.362.000) 2023-09-05 01:04:20 Image size of job updated: 1229816
	1201  -  MemoryUsage of job (MB)
	1229816  -  ResidentSetSize of job (KB)
...
006 (13655293.362.000) 2023-09-05 01:09:20 Image size of job updated: 1267112
	1238  -  MemoryUsage of job (MB)
	1267108  -  ResidentSetSize of job (KB)
...
006 (13655293.362.000) 2023-09-05 01:14:21 Image size of job updated: 1288652
	1238  -  MemoryUsage of job (MB)
	1267108  -  ResidentSetSize of job (KB)
...
006 (13655293.362.000) 2023-09-06 06:27:22 Image size of job updated: 1418004
	1248  -  MemoryUsage of job (MB)
	1277860  -  ResidentSetSize of job (KB)
...
040 (13655293.362.000) 2023-09-06 06:27:53 Started transferring output files
...
040 (13655293.362.000) 2023-09-06 06:27:53 Finished transferring output files
...
005 (13655293.362.000) 2023-09-06 06:27:53 Job terminated.
	(1) Normal termination (return value 0)
		Usr 1 04:58:52, Sys 0 00:09:31  -  Run Remote Usage
		Usr 0 00:00:00, Sys 0 00:00:00  -  Run Local Usage
		Usr 1 04:58:52, Sys 0 00:09:31  -  Total Remote Usage
		Usr 0 00:00:00, Sys 0 00:00:00  -  Total Local Usage
	1309518  -  Run Bytes Sent By Job
	32652772  -  Run Bytes Received By Job
	1309518  -  Total Bytes Sent By Job
	32652772  -  Total Bytes Received By Job
	Partitionable Resources :     Usage  Request Allocated 
	   Cpus                 :      0.99        1         1 
	   Disk (KB)            : 274915      524288   1208198 
	   IoHeavy              :                            0 
	   Memory (MB)          :   1248        4096      4096 

	Job terminated of its own accord at 2023-09-06T11:27:53Z with exit-code 0.
...
