000 (13648508.079.000) 2023-09-04 23:50:03 Job submitted from host: <128.104.101.92:9618?addrs=128.104.101.92-9618+[2607-f388-107c-501-a236-9fff-fe3c-caa8]-9618&alias=submit2.chtc.wisc.edu&noUDP&sock=schedd_1879732_618e>
...
040 (13648508.079.000) 2023-09-05 00:09:48 Started transferring input files
	Transferring to host: <128.105.69.112:9618?addrs=128.105.69.112-9618+[2607-f388-2200-100-1270-fdff-fe56-c354]-9618&alias=e4061.chtc.wisc.edu&noUDP&sock=slot1_100_538946_f655_14327>
...
040 (13648508.079.000) 2023-09-05 00:09:50 Finished transferring input files
...
001 (13648508.079.000) 2023-09-05 00:09:51 Job executing on host: <128.105.69.112:9618?addrs=128.105.69.112-9618+[2607-f388-2200-100-1270-fdff-fe56-c354]-9618&alias=e4061.chtc.wisc.edu&noUDP&sock=startd_22836_2cd0>
	SlotName: slot1_100@e4061.chtc.wisc.edu
	CondorScratchDir = "/var/lib/condor/execute/slot1/dir_2180763"
	Cpus = 1
	Disk = 1208198
	IoHeavy = 0
	Memory = 4096
...
006 (13648508.079.000) 2023-09-05 00:09:59 Image size of job updated: 379368
	267  -  MemoryUsage of job (MB)
	272488  -  ResidentSetSize of job (KB)
...
040 (13648508.079.000) 2023-09-05 00:11:04 Started transferring output files
...
040 (13648508.079.000) 2023-09-05 00:11:04 Finished transferring output files
...
005 (13648508.079.000) 2023-09-05 00:11:04 Job terminated.
	(1) Normal termination (return value 0)
		Usr 0 00:01:08, Sys 0 00:00:00  -  Run Remote Usage
		Usr 0 00:00:00, Sys 0 00:00:00  -  Run Local Usage
		Usr 0 00:01:08, Sys 0 00:00:00  -  Total Remote Usage
		Usr 0 00:00:00, Sys 0 00:00:00  -  Total Local Usage
	29153  -  Run Bytes Sent By Job
	32665120  -  Run Bytes Received By Job
	29153  -  Total Bytes Sent By Job
	32665120  -  Total Bytes Received By Job
	Partitionable Resources :     Usage  Request Allocated 
	   Cpus                 :      0.71        1         1 
	   Disk (KB)            : 254942      524288   1208198 
	   IoHeavy              :                            0 
	   Memory (MB)          :    267        4096      4096 

	Job terminated of its own accord at 2023-09-05T05:11:04Z with exit-code 0.
...
