000 (13655293.455.000) 2023-09-05 00:33:11 Job submitted from host: <128.104.101.92:9618?addrs=128.104.101.92-9618+[2607-f388-107c-501-a236-9fff-fe3c-caa8]-9618&alias=submit2.chtc.wisc.edu&noUDP&sock=schedd_1879732_618e>
...
040 (13655293.455.000) 2023-09-05 00:56:18 Started transferring input files
	Transferring to host: <128.105.69.157:9618?addrs=128.105.69.157-9618+[2607-f388-2200-100-1270-fdff-fe56-c3a4]-9618&alias=e4090.chtc.wisc.edu&noUDP&sock=slot1_39_1363133_4360_49263>
...
001 (13655293.455.000) 2023-09-05 00:56:57 Job executing on host: <128.105.69.157:9618?addrs=128.105.69.157-9618+[2607-f388-2200-100-1270-fdff-fe56-c3a4]-9618&alias=e4090.chtc.wisc.edu&noUDP&sock=startd_18322_f24e>
	SlotName: slot1_39@e4090.chtc.wisc.edu
	CondorScratchDir = "/var/lib/condor/execute/slot1/dir_555299"
	Cpus = 1
	Disk = 1208198
	IoHeavy = 0
	Memory = 4096
...
040 (13655293.455.000) 2023-09-05 00:56:57 Finished transferring input files
...
006 (13655293.455.000) 2023-09-05 00:57:05 Image size of job updated: 640360
	626  -  MemoryUsage of job (MB)
	640360  -  ResidentSetSize of job (KB)
...
006 (13655293.455.000) 2023-09-05 01:02:06 Image size of job updated: 1128344
	877  -  MemoryUsage of job (MB)
	897952  -  ResidentSetSize of job (KB)
...
006 (13655293.455.000) 2023-09-05 01:07:06 Image size of job updated: 1284424
	1058  -  MemoryUsage of job (MB)
	1082876  -  ResidentSetSize of job (KB)
...
006 (13655293.455.000) 2023-09-05 01:12:09 Image size of job updated: 1284424
	1076  -  MemoryUsage of job (MB)
	1101160  -  ResidentSetSize of job (KB)
...
006 (13655293.455.000) 2023-09-05 02:07:12 Image size of job updated: 1284424
	1083  -  MemoryUsage of job (MB)
	1108532  -  ResidentSetSize of job (KB)
...
006 (13655293.455.000) 2023-09-05 02:12:14 Image size of job updated: 1284424
	1084  -  MemoryUsage of job (MB)
	1109044  -  ResidentSetSize of job (KB)
...
006 (13655293.455.000) 2023-09-05 02:22:16 Image size of job updated: 1284424
	1085  -  MemoryUsage of job (MB)
	1110412  -  ResidentSetSize of job (KB)
...
006 (13655293.455.000) 2023-09-05 04:07:25 Image size of job updated: 1284424
	1086  -  MemoryUsage of job (MB)
	1111532  -  ResidentSetSize of job (KB)
...
006 (13655293.455.000) 2023-09-05 04:52:30 Image size of job updated: 1284424
	1086  -  MemoryUsage of job (MB)
	1112040  -  ResidentSetSize of job (KB)
...
006 (13655293.455.000) 2023-09-06 00:47:32 Image size of job updated: 1404040
	1086  -  MemoryUsage of job (MB)
	1112040  -  ResidentSetSize of job (KB)
...
040 (13655293.455.000) 2023-09-06 00:47:32 Started transferring output files
...
040 (13655293.455.000) 2023-09-06 00:47:32 Finished transferring output files
...
005 (13655293.455.000) 2023-09-06 00:47:33 Job terminated.
	(1) Normal termination (return value 0)
		Usr 0 23:30:30, Sys 0 00:03:19  -  Run Remote Usage
		Usr 0 00:00:00, Sys 0 00:00:00  -  Run Local Usage
		Usr 0 23:30:30, Sys 0 00:03:19  -  Total Remote Usage
		Usr 0 00:00:00, Sys 0 00:00:00  -  Total Local Usage
	1309342  -  Run Bytes Sent By Job
	32652772  -  Run Bytes Received By Job
	1309342  -  Total Bytes Sent By Job
	32652772  -  Total Bytes Received By Job
	Partitionable Resources :     Usage  Request Allocated 
	   Cpus                 :      0.99        1         1 
	   Disk (KB)            : 274897      524288   1208198 
	   IoHeavy              :                            0 
	   Memory (MB)          :   1086        4096      4096 

	Job terminated of its own accord at 2023-09-06T05:47:32Z with exit-code 0.
...
