000 (14312692.042.000) 2023-09-11 11:54:29 Job submitted from host: <128.104.101.92:9618?addrs=128.104.101.92-9618+[2607-f388-107c-501-a236-9fff-fe3c-caa8]-9618&alias=submit2.chtc.wisc.edu&noUDP&sock=schedd_1879732_618e>
...
040 (14312692.042.000) 2023-09-11 12:00:39 Started transferring input files
	Transferring to host: <128.105.69.108:9618?addrs=128.105.69.108-9618+[2607-f388-2200-100-1270-fdff-fe56-3214]-9618&alias=e4057.chtc.wisc.edu&noUDP&sock=slot1_47_16649_79fe_48898>
...
040 (14312692.042.000) 2023-09-11 12:00:41 Finished transferring input files
...
001 (14312692.042.000) 2023-09-11 12:00:42 Job executing on host: <128.105.69.108:9618?addrs=128.105.69.108-9618+[2607-f388-2200-100-1270-fdff-fe56-3214]-9618&alias=e4057.chtc.wisc.edu&noUDP&sock=startd_16510_10b3>
	SlotName: slot1_47@e4057.chtc.wisc.edu
	CondorScratchDir = "/var/lib/condor/execute/slot1/dir_3184850"
	Cpus = 1
	Disk = 1208198
	IoHeavy = 0
	Memory = 4096
...
006 (14312692.042.000) 2023-09-11 12:00:51 Image size of job updated: 700148
	684  -  MemoryUsage of job (MB)
	700148  -  ResidentSetSize of job (KB)
...
006 (14312692.042.000) 2023-09-11 12:02:52 Image size of job updated: 809508
	684  -  MemoryUsage of job (MB)
	700148  -  ResidentSetSize of job (KB)
...
040 (14312692.042.000) 2023-09-11 12:02:52 Started transferring output files
...
040 (14312692.042.000) 2023-09-11 12:02:52 Finished transferring output files
...
005 (14312692.042.000) 2023-09-11 12:02:53 Job terminated.
	(1) Normal termination (return value 0)
		Usr 0 00:02:03, Sys 0 00:00:03  -  Run Remote Usage
		Usr 0 00:00:00, Sys 0 00:00:00  -  Run Local Usage
		Usr 0 00:02:03, Sys 0 00:00:03  -  Total Remote Usage
		Usr 0 00:00:00, Sys 0 00:00:00  -  Total Local Usage
	121423  -  Run Bytes Sent By Job
	32720412  -  Run Bytes Received By Job
	121423  -  Total Bytes Sent By Job
	32720412  -  Total Bytes Received By Job
	Partitionable Resources :     Usage  Request Allocated 
	   Cpus                 :      0.94        1         1 
	   Disk (KB)            : 261286      524288   1208198 
	   IoHeavy              :                            0 
	   Memory (MB)          :    684        4096      4096 

	Job terminated of its own accord at 2023-09-11T17:02:52Z with exit-code 0.
...
