000 (13655293.330.000) 2023-09-05 00:33:11 Job submitted from host: <128.104.101.92:9618?addrs=128.104.101.92-9618+[2607-f388-107c-501-a236-9fff-fe3c-caa8]-9618&alias=submit2.chtc.wisc.edu&noUDP&sock=schedd_1879732_618e>
...
040 (13655293.330.000) 2023-09-05 00:53:27 Started transferring input files
	Transferring to host: <128.105.69.137:9618?addrs=128.105.69.137-9618+[2607-f388-2200-100-1270-fdff-fe56-d12c]-9618&alias=e4014.chtc.wisc.edu&noUDP&sock=slot1_38_1985361_2db7_52037>
...
001 (13655293.330.000) 2023-09-05 00:53:36 Job executing on host: <128.105.69.137:9618?addrs=128.105.69.137-9618+[2607-f388-2200-100-1270-fdff-fe56-d12c]-9618&alias=e4014.chtc.wisc.edu&noUDP&sock=startd_15862_9754>
	SlotName: slot1_38@e4014.chtc.wisc.edu
	CondorScratchDir = "/var/lib/condor/execute/slot1/dir_4085299"
	Cpus = 1
	Disk = 1208198
	IoHeavy = 0
	Memory = 4096
...
040 (13655293.330.000) 2023-09-05 00:53:36 Finished transferring input files
...
006 (13655293.330.000) 2023-09-05 00:53:45 Image size of job updated: 695628
	680  -  MemoryUsage of job (MB)
	695624  -  ResidentSetSize of job (KB)
...
006 (13655293.330.000) 2023-09-05 00:58:46 Image size of job updated: 1276976
	1049  -  MemoryUsage of job (MB)
	1073996  -  ResidentSetSize of job (KB)
...
006 (13655293.330.000) 2023-09-05 01:03:47 Image size of job updated: 1276976
	1077  -  MemoryUsage of job (MB)
	1102528  -  ResidentSetSize of job (KB)
...
006 (13655293.330.000) 2023-09-05 01:08:47 Image size of job updated: 1276976
	1080  -  MemoryUsage of job (MB)
	1105624  -  ResidentSetSize of job (KB)
...
006 (13655293.330.000) 2023-09-05 01:48:52 Image size of job updated: 1276976
	1081  -  MemoryUsage of job (MB)
	1106584  -  ResidentSetSize of job (KB)
...
006 (13655293.330.000) 2023-09-05 02:23:55 Image size of job updated: 1276976
	1081  -  MemoryUsage of job (MB)
	1106840  -  ResidentSetSize of job (KB)
...
006 (13655293.330.000) 2023-09-05 03:19:01 Image size of job updated: 1276976
	1084  -  MemoryUsage of job (MB)
	1109916  -  ResidentSetSize of job (KB)
...
006 (13655293.330.000) 2023-09-05 03:54:04 Image size of job updated: 1276976
	1087  -  MemoryUsage of job (MB)
	1112636  -  ResidentSetSize of job (KB)
...
006 (13655293.330.000) 2023-09-05 04:14:07 Image size of job updated: 1276976
	1087  -  MemoryUsage of job (MB)
	1112640  -  ResidentSetSize of job (KB)
...
006 (13655293.330.000) 2023-09-05 04:39:10 Image size of job updated: 1276976
	1087  -  MemoryUsage of job (MB)
	1112928  -  ResidentSetSize of job (KB)
...
006 (13655293.330.000) 2023-09-06 02:31:22 Image size of job updated: 1417348
	1239  -  MemoryUsage of job (MB)
	1267832  -  ResidentSetSize of job (KB)
...
040 (13655293.330.000) 2023-09-06 02:31:33 Started transferring output files
...
040 (13655293.330.000) 2023-09-06 02:31:33 Finished transferring output files
...
005 (13655293.330.000) 2023-09-06 02:31:33 Job terminated.
	(1) Normal termination (return value 0)
		Usr 1 01:12:24, Sys 0 00:03:45  -  Run Remote Usage
		Usr 0 00:00:00, Sys 0 00:00:00  -  Run Local Usage
		Usr 1 01:12:24, Sys 0 00:03:45  -  Total Remote Usage
		Usr 0 00:00:00, Sys 0 00:00:00  -  Total Local Usage
	1309656  -  Run Bytes Sent By Job
	32652772  -  Run Bytes Received By Job
	1309656  -  Total Bytes Sent By Job
	32652772  -  Total Bytes Received By Job
	Partitionable Resources :     Usage  Request Allocated 
	   Cpus                 :      0.99        1         1 
	   Disk (KB)            : 274915      524288   1208198 
	   IoHeavy              :                            0 
	   Memory (MB)          :   1239        4096      4096 

	Job terminated of its own accord at 2023-09-06T07:31:33Z with exit-code 0.
...
