000 (13655293.256.000) 2023-09-05 00:33:11 Job submitted from host: <128.104.101.92:9618?addrs=128.104.101.92-9618+[2607-f388-107c-501-a236-9fff-fe3c-caa8]-9618&alias=submit2.chtc.wisc.edu&noUDP&sock=schedd_1879732_618e>
...
040 (13655293.256.000) 2023-09-05 00:46:07 Started transferring input files
	Transferring to host: <128.105.69.108:9618?addrs=128.105.69.108-9618+[2607-f388-2200-100-1270-fdff-fe56-3214]-9618&alias=e4057.chtc.wisc.edu&noUDP&sock=slot1_15_16649_79fe_10442>
...
040 (13655293.256.000) 2023-09-05 00:46:09 Finished transferring input files
...
001 (13655293.256.000) 2023-09-05 00:46:10 Job executing on host: <128.105.69.108:9618?addrs=128.105.69.108-9618+[2607-f388-2200-100-1270-fdff-fe56-3214]-9618&alias=e4057.chtc.wisc.edu&noUDP&sock=startd_16510_10b3>
	SlotName: slot1_15@e4057.chtc.wisc.edu
	CondorScratchDir = "/var/lib/condor/execute/slot1/dir_2745911"
	Cpus = 1
	Disk = 1208198
	IoHeavy = 0
	Memory = 4096
...
006 (13655293.256.000) 2023-09-05 00:46:18 Image size of job updated: 685528
	670  -  MemoryUsage of job (MB)
	685528  -  ResidentSetSize of job (KB)
...
006 (13655293.256.000) 2023-09-05 00:51:18 Image size of job updated: 1279404
	1049  -  MemoryUsage of job (MB)
	1073508  -  ResidentSetSize of job (KB)
...
006 (13655293.256.000) 2023-09-05 00:56:19 Image size of job updated: 1279404
	1072  -  MemoryUsage of job (MB)
	1097140  -  ResidentSetSize of job (KB)
...
006 (13655293.256.000) 2023-09-05 01:06:19 Image size of job updated: 1279404
	1076  -  MemoryUsage of job (MB)
	1101032  -  ResidentSetSize of job (KB)
...
006 (13655293.256.000) 2023-09-05 01:11:19 Image size of job updated: 1279404
	1081  -  MemoryUsage of job (MB)
	1106536  -  ResidentSetSize of job (KB)
...
006 (13655293.256.000) 2023-09-05 01:41:23 Image size of job updated: 1279404
	1081  -  MemoryUsage of job (MB)
	1106600  -  ResidentSetSize of job (KB)
...
006 (13655293.256.000) 2023-09-05 03:16:32 Image size of job updated: 1279404
	1082  -  MemoryUsage of job (MB)
	1107868  -  ResidentSetSize of job (KB)
...
006 (13655293.256.000) 2023-09-05 19:45:49 Image size of job updated: 1374632
	1082  -  MemoryUsage of job (MB)
	1107868  -  ResidentSetSize of job (KB)
...
040 (13655293.256.000) 2023-09-05 19:45:50 Started transferring output files
...
040 (13655293.256.000) 2023-09-05 19:45:50 Finished transferring output files
...
005 (13655293.256.000) 2023-09-05 19:45:50 Job terminated.
	(1) Normal termination (return value 0)
		Usr 0 18:41:04, Sys 0 00:01:38  -  Run Remote Usage
		Usr 0 00:00:00, Sys 0 00:00:00  -  Run Local Usage
		Usr 0 18:41:04, Sys 0 00:01:38  -  Total Remote Usage
		Usr 0 00:00:00, Sys 0 00:00:00  -  Total Local Usage
	1309545  -  Run Bytes Sent By Job
	32652772  -  Run Bytes Received By Job
	1309545  -  Total Bytes Sent By Job
	32652772  -  Total Bytes Received By Job
	Partitionable Resources :     Usage  Request Allocated 
	   Cpus                 :      0.99        1         1 
	   Disk (KB)            : 274883      524288   1208198 
	   IoHeavy              :                            0 
	   Memory (MB)          :   1082        4096      4096 

	Job terminated of its own accord at 2023-09-06T00:45:49Z with exit-code 0.
...
