000 (13655293.293.000) 2023-09-05 00:33:11 Job submitted from host: <128.104.101.92:9618?addrs=128.104.101.92-9618+[2607-f388-107c-501-a236-9fff-fe3c-caa8]-9618&alias=submit2.chtc.wisc.edu&noUDP&sock=schedd_1879732_618e>
...
040 (13655293.293.000) 2023-09-05 00:51:32 Started transferring input files
	Transferring to host: <128.105.69.164:9618?addrs=128.105.69.164-9618+[2607-f388-2200-100-1270-fdff-fe56-c2ec]-9618&alias=e4097.chtc.wisc.edu&noUDP&sock=slot1_4_731875_e55b_79833>
...
040 (13655293.293.000) 2023-09-05 00:51:34 Finished transferring input files
...
001 (13655293.293.000) 2023-09-05 00:51:36 Job executing on host: <128.105.69.164:9618?addrs=128.105.69.164-9618+[2607-f388-2200-100-1270-fdff-fe56-c2ec]-9618&alias=e4097.chtc.wisc.edu&noUDP&sock=startd_16809_2784>
	SlotName: slot1_4@e4097.chtc.wisc.edu
	CondorScratchDir = "/var/lib/condor/execute/slot1/dir_1289774"
	Cpus = 1
	Disk = 1208198
	IoHeavy = 0
	Memory = 4096
...
006 (13655293.293.000) 2023-09-05 00:51:45 Image size of job updated: 699468
	684  -  MemoryUsage of job (MB)
	699464  -  ResidentSetSize of job (KB)
...
006 (13655293.293.000) 2023-09-05 00:56:46 Image size of job updated: 1281692
	1056  -  MemoryUsage of job (MB)
	1080552  -  ResidentSetSize of job (KB)
...
006 (13655293.293.000) 2023-09-05 01:01:47 Image size of job updated: 1281692
	1080  -  MemoryUsage of job (MB)
	1105052  -  ResidentSetSize of job (KB)
...
006 (13655293.293.000) 2023-09-05 01:56:51 Image size of job updated: 1281692
	1082  -  MemoryUsage of job (MB)
	1107824  -  ResidentSetSize of job (KB)
...
006 (13655293.293.000) 2023-09-05 02:16:52 Image size of job updated: 1281692
	1087  -  MemoryUsage of job (MB)
	1112628  -  ResidentSetSize of job (KB)
...
006 (13655293.293.000) 2023-09-05 19:50:06 Image size of job updated: 1383276
	1087  -  MemoryUsage of job (MB)
	1112628  -  ResidentSetSize of job (KB)
...
040 (13655293.293.000) 2023-09-05 19:50:06 Started transferring output files
...
040 (13655293.293.000) 2023-09-05 19:50:06 Finished transferring output files
...
005 (13655293.293.000) 2023-09-05 19:50:06 Job terminated.
	(1) Normal termination (return value 0)
		Usr 0 18:36:52, Sys 0 00:04:58  -  Run Remote Usage
		Usr 0 00:00:00, Sys 0 00:00:00  -  Run Local Usage
		Usr 0 18:36:52, Sys 0 00:04:58  -  Total Remote Usage
		Usr 0 00:00:00, Sys 0 00:00:00  -  Total Local Usage
	1309603  -  Run Bytes Sent By Job
	32652772  -  Run Bytes Received By Job
	1309603  -  Total Bytes Sent By Job
	32652772  -  Total Bytes Received By Job
	Partitionable Resources :     Usage  Request Allocated 
	   Cpus                 :      0.99        1         1 
	   Disk (KB)            : 274904      524288   1208198 
	   IoHeavy              :                            0 
	   Memory (MB)          :   1087        4096      4096 

	Job terminated of its own accord at 2023-09-06T00:50:06Z with exit-code 0.
...
