000 (13655293.075.000) 2023-09-05 00:33:11 Job submitted from host: <128.104.101.92:9618?addrs=128.104.101.92-9618+[2607-f388-107c-501-a236-9fff-fe3c-caa8]-9618&alias=submit2.chtc.wisc.edu&noUDP&sock=schedd_1879732_618e>
...
040 (13655293.075.000) 2023-09-05 00:36:14 Started transferring input files
	Transferring to host: <128.105.69.114:9618?addrs=128.105.69.114-9618+[2607-f388-2200-100-1270-fdff-fe56-470c]-9618&alias=e4063.chtc.wisc.edu&noUDP&sock=slot1_35_3865253_27d4_60887>
...
001 (13655293.075.000) 2023-09-05 00:36:21 Job executing on host: <128.105.69.114:9618?addrs=128.105.69.114-9618+[2607-f388-2200-100-1270-fdff-fe56-470c]-9618&alias=e4063.chtc.wisc.edu&noUDP&sock=startd_18888_2ce9>
	SlotName: slot1_35@e4063.chtc.wisc.edu
	CondorScratchDir = "/var/lib/condor/execute/slot1/dir_1209463"
	Cpus = 1
	Disk = 1208198
	IoHeavy = 0
	Memory = 4096
...
040 (13655293.075.000) 2023-09-05 00:36:21 Finished transferring input files
...
006 (13655293.075.000) 2023-09-05 00:36:30 Image size of job updated: 714620
	698  -  MemoryUsage of job (MB)
	714620  -  ResidentSetSize of job (KB)
...
006 (13655293.075.000) 2023-09-05 00:41:31 Image size of job updated: 1284608
	1068  -  MemoryUsage of job (MB)
	1093276  -  ResidentSetSize of job (KB)
...
006 (13655293.075.000) 2023-09-05 00:46:31 Image size of job updated: 1284608
	1069  -  MemoryUsage of job (MB)
	1094076  -  ResidentSetSize of job (KB)
...
006 (13655293.075.000) 2023-09-05 00:51:31 Image size of job updated: 1284608
	1076  -  MemoryUsage of job (MB)
	1101460  -  ResidentSetSize of job (KB)
...
006 (13655293.075.000) 2023-09-05 01:21:35 Image size of job updated: 1284608
	1079  -  MemoryUsage of job (MB)
	1104684  -  ResidentSetSize of job (KB)
...
006 (13655293.075.000) 2023-09-05 02:06:40 Image size of job updated: 1284608
	1079  -  MemoryUsage of job (MB)
	1104688  -  ResidentSetSize of job (KB)
...
006 (13655293.075.000) 2023-09-05 02:16:41 Image size of job updated: 1284608
	1092  -  MemoryUsage of job (MB)
	1117488  -  ResidentSetSize of job (KB)
...
006 (13655293.075.000) 2023-09-05 02:26:42 Image size of job updated: 1284608
	1093  -  MemoryUsage of job (MB)
	1118512  -  ResidentSetSize of job (KB)
...
006 (13655293.075.000) 2023-09-05 19:33:27 Image size of job updated: 1408888
	1264  -  MemoryUsage of job (MB)
	1293504  -  ResidentSetSize of job (KB)
...
040 (13655293.075.000) 2023-09-05 19:33:53 Started transferring output files
...
040 (13655293.075.000) 2023-09-05 19:33:53 Finished transferring output files
...
005 (13655293.075.000) 2023-09-05 19:33:54 Job terminated.
	(1) Normal termination (return value 0)
		Usr 0 18:36:12, Sys 0 00:03:48  -  Run Remote Usage
		Usr 0 00:00:00, Sys 0 00:00:00  -  Run Local Usage
		Usr 0 18:36:12, Sys 0 00:03:48  -  Total Remote Usage
		Usr 0 00:00:00, Sys 0 00:00:00  -  Total Local Usage
	1309463  -  Run Bytes Sent By Job
	32652772  -  Run Bytes Received By Job
	1309463  -  Total Bytes Sent By Job
	32652772  -  Total Bytes Received By Job
	Partitionable Resources :     Usage  Request Allocated 
	   Cpus                 :      0.99        1         1 
	   Disk (KB)            : 274915      524288   1208198 
	   IoHeavy              :                            0 
	   Memory (MB)          :   1264        4096      4096 

	Job terminated of its own accord at 2023-09-06T00:33:53Z with exit-code 0.
...
