000 (13655293.257.000) 2023-09-05 00:33:11 Job submitted from host: <128.104.101.92:9618?addrs=128.104.101.92-9618+[2607-f388-107c-501-a236-9fff-fe3c-caa8]-9618&alias=submit2.chtc.wisc.edu&noUDP&sock=schedd_1879732_618e>
...
040 (13655293.257.000) 2023-09-05 00:46:07 Started transferring input files
	Transferring to host: <128.105.69.185:9618?addrs=128.105.69.185-9618+[2607-f388-2200-100-1270-fdff-fe56-c0d4]-9618&alias=e4037.chtc.wisc.edu&noUDP&sock=slot1_40_2954895_96f9_64246>
...
040 (13655293.257.000) 2023-09-05 00:46:08 Finished transferring input files
...
001 (13655293.257.000) 2023-09-05 00:46:09 Job executing on host: <128.105.69.185:9618?addrs=128.105.69.185-9618+[2607-f388-2200-100-1270-fdff-fe56-c0d4]-9618&alias=e4037.chtc.wisc.edu&noUDP&sock=startd_16018_981a>
	SlotName: slot1_40@e4037.chtc.wisc.edu
	CondorScratchDir = "/var/lib/condor/execute/slot1/dir_1525596"
	Cpus = 1
	Disk = 1208198
	IoHeavy = 0
	Memory = 4096
...
006 (13655293.257.000) 2023-09-05 00:46:18 Image size of job updated: 704660
	276  -  MemoryUsage of job (MB)
	282472  -  ResidentSetSize of job (KB)
...
006 (13655293.257.000) 2023-09-05 00:51:19 Image size of job updated: 1180504
	963  -  MemoryUsage of job (MB)
	985668  -  ResidentSetSize of job (KB)
...
006 (13655293.257.000) 2023-09-05 00:56:19 Image size of job updated: 1180504
	976  -  MemoryUsage of job (MB)
	998412  -  ResidentSetSize of job (KB)
...
006 (13655293.257.000) 2023-09-05 01:16:21 Image size of job updated: 1180504
	980  -  MemoryUsage of job (MB)
	1002712  -  ResidentSetSize of job (KB)
...
006 (13655293.257.000) 2023-09-05 02:36:30 Image size of job updated: 1180504
	984  -  MemoryUsage of job (MB)
	1006756  -  ResidentSetSize of job (KB)
...
006 (13655293.257.000) 2023-09-05 23:08:33 Image size of job updated: 1305384
	1131  -  MemoryUsage of job (MB)
	1157552  -  ResidentSetSize of job (KB)
...
040 (13655293.257.000) 2023-09-05 23:09:01 Started transferring output files
...
040 (13655293.257.000) 2023-09-05 23:09:01 Finished transferring output files
...
005 (13655293.257.000) 2023-09-05 23:09:01 Job terminated.
	(1) Normal termination (return value 0)
		Usr 0 21:58:25, Sys 0 00:03:17  -  Run Remote Usage
		Usr 0 00:00:00, Sys 0 00:00:00  -  Run Local Usage
		Usr 0 21:58:25, Sys 0 00:03:17  -  Total Remote Usage
		Usr 0 00:00:00, Sys 0 00:00:00  -  Total Local Usage
	1309473  -  Run Bytes Sent By Job
	32652772  -  Run Bytes Received By Job
	1309473  -  Total Bytes Sent By Job
	32652772  -  Total Bytes Received By Job
	Partitionable Resources :     Usage  Request Allocated 
	   Cpus                 :      0.98        1         1 
	   Disk (KB)            : 274916      524288   1208198 
	   IoHeavy              :                            0 
	   Memory (MB)          :   1131        4096      4096 

	Job terminated of its own accord at 2023-09-06T04:09:00Z with exit-code 0.
...
