000 (13655293.456.000) 2023-09-05 00:33:11 Job submitted from host: <128.104.101.92:9618?addrs=128.104.101.92-9618+[2607-f388-107c-501-a236-9fff-fe3c-caa8]-9618&alias=submit2.chtc.wisc.edu&noUDP&sock=schedd_1879732_618e>
...
040 (13655293.456.000) 2023-09-05 00:56:27 Started transferring input files
	Transferring to host: <128.105.69.157:9618?addrs=128.105.69.157-9618+[2607-f388-2200-100-1270-fdff-fe56-c3a4]-9618&alias=e4090.chtc.wisc.edu&noUDP&sock=slot1_20_1363133_4360_49264>
...
001 (13655293.456.000) 2023-09-05 00:58:42 Job executing on host: <128.105.69.157:9618?addrs=128.105.69.157-9618+[2607-f388-2200-100-1270-fdff-fe56-c3a4]-9618&alias=e4090.chtc.wisc.edu&noUDP&sock=startd_18322_f24e>
	SlotName: slot1_20@e4090.chtc.wisc.edu
	CondorScratchDir = "/var/lib/condor/execute/slot1/dir_555300"
	Cpus = 1
	Disk = 1208198
	IoHeavy = 0
	Memory = 4096
...
040 (13655293.456.000) 2023-09-05 00:58:42 Finished transferring input files
...
006 (13655293.456.000) 2023-09-05 00:58:51 Image size of job updated: 516572
	505  -  MemoryUsage of job (MB)
	516572  -  ResidentSetSize of job (KB)
...
006 (13655293.456.000) 2023-09-05 01:03:51 Image size of job updated: 807852
	669  -  MemoryUsage of job (MB)
	684856  -  ResidentSetSize of job (KB)
...
006 (13655293.456.000) 2023-09-05 01:08:52 Image size of job updated: 1155092
	1129  -  MemoryUsage of job (MB)
	1155092  -  ResidentSetSize of job (KB)
...
006 (13655293.456.000) 2023-09-05 01:13:53 Image size of job updated: 1180476
	1129  -  MemoryUsage of job (MB)
	1155092  -  ResidentSetSize of job (KB)
...
006 (13655293.456.000) 2023-09-06 01:18:27 Image size of job updated: 1310460
	1129  -  MemoryUsage of job (MB)
	1155092  -  ResidentSetSize of job (KB)
...
040 (13655293.456.000) 2023-09-06 01:18:27 Started transferring output files
...
040 (13655293.456.000) 2023-09-06 01:18:27 Finished transferring output files
...
005 (13655293.456.000) 2023-09-06 01:18:27 Job terminated.
	(1) Normal termination (return value 0)
		Usr 0 23:56:37, Sys 0 00:06:13  -  Run Remote Usage
		Usr 0 00:00:00, Sys 0 00:00:00  -  Run Local Usage
		Usr 0 23:56:37, Sys 0 00:06:13  -  Total Remote Usage
		Usr 0 00:00:00, Sys 0 00:00:00  -  Total Local Usage
	1309543  -  Run Bytes Sent By Job
	32652772  -  Run Bytes Received By Job
	1309543  -  Total Bytes Sent By Job
	32652772  -  Total Bytes Received By Job
	Partitionable Resources :     Usage  Request Allocated 
	   Cpus                 :      0.99        1         1 
	   Disk (KB)            : 274907      524288   1208198 
	   IoHeavy              :                            0 
	   Memory (MB)          :   1129        4096      4096 

	Job terminated of its own accord at 2023-09-06T06:18:27Z with exit-code 0.
...
