000 (13655293.300.000) 2023-09-05 00:33:11 Job submitted from host: <128.104.101.92:9618?addrs=128.104.101.92-9618+[2607-f388-107c-501-a236-9fff-fe3c-caa8]-9618&alias=submit2.chtc.wisc.edu&noUDP&sock=schedd_1879732_618e>
...
040 (13655293.300.000) 2023-09-05 00:51:29 Started transferring input files
	Transferring to host: <128.105.69.155:9618?addrs=128.105.69.155-9618+[2607-f388-2200-100-1270-fdff-fe56-476c]-9618&alias=e4088.chtc.wisc.edu&noUDP&sock=slot1_70_2192573_c721_68147>
...
040 (13655293.300.000) 2023-09-05 00:51:31 Finished transferring input files
...
001 (13655293.300.000) 2023-09-05 00:51:32 Job executing on host: <128.105.69.155:9618?addrs=128.105.69.155-9618+[2607-f388-2200-100-1270-fdff-fe56-476c]-9618&alias=e4088.chtc.wisc.edu&noUDP&sock=startd_18901_17a4>
	SlotName: slot1_70@e4088.chtc.wisc.edu
	CondorScratchDir = "/var/lib/condor/execute/slot1/dir_2156756"
	Cpus = 1
	Disk = 1208198
	IoHeavy = 0
	Memory = 4096
...
006 (13655293.300.000) 2023-09-05 00:51:41 Image size of job updated: 705184
	689  -  MemoryUsage of job (MB)
	705184  -  ResidentSetSize of job (KB)
...
006 (13655293.300.000) 2023-09-05 00:56:42 Image size of job updated: 1286836
	1048  -  MemoryUsage of job (MB)
	1073008  -  ResidentSetSize of job (KB)
...
006 (13655293.300.000) 2023-09-05 01:01:42 Image size of job updated: 1286836
	1073  -  MemoryUsage of job (MB)
	1098352  -  ResidentSetSize of job (KB)
...
006 (13655293.300.000) 2023-09-05 01:06:43 Image size of job updated: 1286836
	1084  -  MemoryUsage of job (MB)
	1109616  -  ResidentSetSize of job (KB)
...
006 (13655293.300.000) 2023-09-05 01:36:47 Image size of job updated: 1286836
	1091  -  MemoryUsage of job (MB)
	1116544  -  ResidentSetSize of job (KB)
...
006 (13655293.300.000) 2023-09-06 00:30:51 Image size of job updated: 1391744
	1091  -  MemoryUsage of job (MB)
	1116544  -  ResidentSetSize of job (KB)
...
040 (13655293.300.000) 2023-09-06 00:30:52 Started transferring output files
...
040 (13655293.300.000) 2023-09-06 00:30:52 Finished transferring output files
...
005 (13655293.300.000) 2023-09-06 00:30:52 Job terminated.
	(1) Normal termination (return value 0)
		Usr 0 23:09:10, Sys 0 00:04:34  -  Run Remote Usage
		Usr 0 00:00:00, Sys 0 00:00:00  -  Run Local Usage
		Usr 0 23:09:10, Sys 0 00:04:34  -  Total Remote Usage
		Usr 0 00:00:00, Sys 0 00:00:00  -  Total Local Usage
	1309666  -  Run Bytes Sent By Job
	32652772  -  Run Bytes Received By Job
	1309666  -  Total Bytes Sent By Job
	32652772  -  Total Bytes Received By Job
	Partitionable Resources :     Usage  Request Allocated 
	   Cpus                 :      0.98        1         1 
	   Disk (KB)            : 274909      524288   1208198 
	   IoHeavy              :                            0 
	   Memory (MB)          :   1091        4096      4096 

	Job terminated of its own accord at 2023-09-06T05:30:51Z with exit-code 0.
...
