000 (13655293.446.000) 2023-09-05 00:33:11 Job submitted from host: <128.104.101.92:9618?addrs=128.104.101.92-9618+[2607-f388-107c-501-a236-9fff-fe3c-caa8]-9618&alias=submit2.chtc.wisc.edu&noUDP&sock=schedd_1879732_618e>
...
040 (13655293.446.000) 2023-09-05 00:56:16 Started transferring input files
	Transferring to host: <128.105.69.139:9618?addrs=128.105.69.139-9618+[2607-f388-2200-100-1270-fdff-fe56-79fc]-9618&alias=e4016.chtc.wisc.edu&noUDP&sock=slot1_109_3874560_c76f_62433>
...
001 (13655293.446.000) 2023-09-05 00:56:37 Job executing on host: <128.105.69.139:9618?addrs=128.105.69.139-9618+[2607-f388-2200-100-1270-fdff-fe56-79fc]-9618&alias=e4016.chtc.wisc.edu&noUDP&sock=startd_15800_1075>
	SlotName: slot1_109@e4016.chtc.wisc.edu
	CondorScratchDir = "/var/lib/condor/execute/slot1/dir_2431349"
	Cpus = 1
	Disk = 1208198
	IoHeavy = 0
	Memory = 4096
...
040 (13655293.446.000) 2023-09-05 00:56:37 Finished transferring input files
...
006 (13655293.446.000) 2023-09-05 00:56:47 Image size of job updated: 706400
	690  -  MemoryUsage of job (MB)
	706396  -  ResidentSetSize of job (KB)
...
006 (13655293.446.000) 2023-09-05 01:01:47 Image size of job updated: 1277756
	1035  -  MemoryUsage of job (MB)
	1059320  -  ResidentSetSize of job (KB)
...
006 (13655293.446.000) 2023-09-05 01:06:47 Image size of job updated: 1277756
	1072  -  MemoryUsage of job (MB)
	1097464  -  ResidentSetSize of job (KB)
...
006 (13655293.446.000) 2023-09-05 01:11:51 Image size of job updated: 1277756
	1073  -  MemoryUsage of job (MB)
	1098460  -  ResidentSetSize of job (KB)
...
006 (13655293.446.000) 2023-09-05 01:21:49 Image size of job updated: 1277756
	1081  -  MemoryUsage of job (MB)
	1106140  -  ResidentSetSize of job (KB)
...
006 (13655293.446.000) 2023-09-05 01:31:50 Image size of job updated: 1277756
	1084  -  MemoryUsage of job (MB)
	1109612  -  ResidentSetSize of job (KB)
...
006 (13655293.446.000) 2023-09-05 02:51:57 Image size of job updated: 1277756
	1091  -  MemoryUsage of job (MB)
	1116436  -  ResidentSetSize of job (KB)
...
006 (13655293.446.000) 2023-09-05 04:02:05 Image size of job updated: 1277756
	1093  -  MemoryUsage of job (MB)
	1118600  -  ResidentSetSize of job (KB)
...
006 (13655293.446.000) 2023-09-05 22:49:46 Image size of job updated: 1352228
	1093  -  MemoryUsage of job (MB)
	1118600  -  ResidentSetSize of job (KB)
...
040 (13655293.446.000) 2023-09-05 22:49:46 Started transferring output files
...
040 (13655293.446.000) 2023-09-05 22:49:46 Finished transferring output files
...
005 (13655293.446.000) 2023-09-05 22:49:46 Job terminated.
	(1) Normal termination (return value 0)
		Usr 0 21:26:19, Sys 0 00:06:16  -  Run Remote Usage
		Usr 0 00:00:00, Sys 0 00:00:00  -  Run Local Usage
		Usr 0 21:26:19, Sys 0 00:06:16  -  Total Remote Usage
		Usr 0 00:00:00, Sys 0 00:00:00  -  Total Local Usage
	1309418  -  Run Bytes Sent By Job
	32652772  -  Run Bytes Received By Job
	1309418  -  Total Bytes Sent By Job
	32652772  -  Total Bytes Received By Job
	Partitionable Resources :     Usage  Request Allocated 
	   Cpus                 :      0.99        1         1 
	   Disk (KB)            : 274913      524288   1208198 
	   IoHeavy              :                            0 
	   Memory (MB)          :   1093        4096      4096 

	Job terminated of its own accord at 2023-09-06T03:49:46Z with exit-code 0.
...
