000 (13655293.388.000) 2023-09-05 00:33:11 Job submitted from host: <128.104.101.92:9618?addrs=128.104.101.92-9618+[2607-f388-107c-501-a236-9fff-fe3c-caa8]-9618&alias=submit2.chtc.wisc.edu&noUDP&sock=schedd_1879732_618e>
...
040 (13655293.388.000) 2023-09-05 00:54:22 Started transferring input files
	Transferring to host: <128.105.69.191:9618?addrs=128.105.69.191-9618+[2607-f388-2200-100-1270-fdff-fe56-3d4c]-9618&alias=e4044.chtc.wisc.edu&noUDP&sock=slot1_76_852826_d131_11580>
...
040 (13655293.388.000) 2023-09-05 00:54:25 Finished transferring input files
...
001 (13655293.388.000) 2023-09-05 00:54:26 Job executing on host: <128.105.69.191:9618?addrs=128.105.69.191-9618+[2607-f388-2200-100-1270-fdff-fe56-3d4c]-9618&alias=e4044.chtc.wisc.edu&noUDP&sock=startd_16542_03ba>
	SlotName: slot1_76@e4044.chtc.wisc.edu
	CondorScratchDir = "/var/lib/condor/execute/slot1/dir_2530343"
	Cpus = 1
	Disk = 1208198
	IoHeavy = 0
	Memory = 4096
...
006 (13655293.388.000) 2023-09-05 00:54:34 Image size of job updated: 699936
	684  -  MemoryUsage of job (MB)
	699936  -  ResidentSetSize of job (KB)
...
006 (13655293.388.000) 2023-09-05 00:59:34 Image size of job updated: 1287008
	1054  -  MemoryUsage of job (MB)
	1078296  -  ResidentSetSize of job (KB)
...
006 (13655293.388.000) 2023-09-05 01:04:35 Image size of job updated: 1287008
	1072  -  MemoryUsage of job (MB)
	1097688  -  ResidentSetSize of job (KB)
...
006 (13655293.388.000) 2023-09-05 01:09:35 Image size of job updated: 1287008
	1074  -  MemoryUsage of job (MB)
	1099224  -  ResidentSetSize of job (KB)
...
006 (13655293.388.000) 2023-09-05 01:14:35 Image size of job updated: 1287008
	1086  -  MemoryUsage of job (MB)
	1111300  -  ResidentSetSize of job (KB)
...
006 (13655293.388.000) 2023-09-05 02:14:41 Image size of job updated: 1287008
	1086  -  MemoryUsage of job (MB)
	1111556  -  ResidentSetSize of job (KB)
...
006 (13655293.388.000) 2023-09-05 02:34:44 Image size of job updated: 1287008
	1087  -  MemoryUsage of job (MB)
	1112536  -  ResidentSetSize of job (KB)
...
006 (13655293.388.000) 2023-09-05 21:19:07 Image size of job updated: 1412144
	1087  -  MemoryUsage of job (MB)
	1112536  -  ResidentSetSize of job (KB)
...
040 (13655293.388.000) 2023-09-05 21:19:07 Started transferring output files
...
040 (13655293.388.000) 2023-09-05 21:19:07 Finished transferring output files
...
005 (13655293.388.000) 2023-09-05 21:19:07 Job terminated.
	(1) Normal termination (return value 0)
		Usr 0 20:04:57, Sys 0 00:03:13  -  Run Remote Usage
		Usr 0 00:00:00, Sys 0 00:00:00  -  Run Local Usage
		Usr 0 20:04:57, Sys 0 00:03:13  -  Total Remote Usage
		Usr 0 00:00:00, Sys 0 00:00:00  -  Total Local Usage
	1309561  -  Run Bytes Sent By Job
	32652772  -  Run Bytes Received By Job
	1309561  -  Total Bytes Sent By Job
	32652772  -  Total Bytes Received By Job
	Partitionable Resources :     Usage  Request Allocated 
	   Cpus                 :      0.99        1         1 
	   Disk (KB)            : 274890      524288   1208198 
	   IoHeavy              :                            0 
	   Memory (MB)          :   1087        4096      4096 

	Job terminated of its own accord at 2023-09-06T02:19:07Z with exit-code 0.
...
