000 (13655293.083.000) 2023-09-05 00:33:11 Job submitted from host: <128.104.101.92:9618?addrs=128.104.101.92-9618+[2607-f388-107c-501-a236-9fff-fe3c-caa8]-9618&alias=submit2.chtc.wisc.edu&noUDP&sock=schedd_1879732_618e>
...
040 (13655293.083.000) 2023-09-05 00:36:17 Started transferring input files
	Transferring to host: <128.105.69.175:9618?addrs=128.105.69.175-9618+[2607-f388-2200-100-1270-fdff-fe56-63d4]-9618&alias=e2558.chtc.wisc.edu&noUDP&sock=slot1_111_4096578_8b73_54107>
...
001 (13655293.083.000) 2023-09-05 00:36:24 Job executing on host: <128.105.69.175:9618?addrs=128.105.69.175-9618+[2607-f388-2200-100-1270-fdff-fe56-63d4]-9618&alias=e2558.chtc.wisc.edu&noUDP&sock=startd_13980_b217>
	SlotName: slot1_111@e2558.chtc.wisc.edu
	CondorScratchDir = "/var/lib/condor/execute/slot1/dir_3167746"
	Cpus = 1
	Disk = 1208198
	IoHeavy = 0
	Memory = 4096
...
040 (13655293.083.000) 2023-09-05 00:36:24 Finished transferring input files
...
006 (13655293.083.000) 2023-09-05 00:36:32 Image size of job updated: 701444
	686  -  MemoryUsage of job (MB)
	701444  -  ResidentSetSize of job (KB)
...
006 (13655293.083.000) 2023-09-05 00:41:32 Image size of job updated: 1295784
	1065  -  MemoryUsage of job (MB)
	1089688  -  ResidentSetSize of job (KB)
...
006 (13655293.083.000) 2023-09-05 00:46:32 Image size of job updated: 1295784
	1077  -  MemoryUsage of job (MB)
	1102392  -  ResidentSetSize of job (KB)
...
006 (13655293.083.000) 2023-09-05 00:51:33 Image size of job updated: 1295784
	1092  -  MemoryUsage of job (MB)
	1117536  -  ResidentSetSize of job (KB)
...
006 (13655293.083.000) 2023-09-05 20:48:04 Image size of job updated: 1381560
	1092  -  MemoryUsage of job (MB)
	1117536  -  ResidentSetSize of job (KB)
...
040 (13655293.083.000) 2023-09-05 20:48:04 Started transferring output files
...
040 (13655293.083.000) 2023-09-05 20:48:04 Finished transferring output files
...
005 (13655293.083.000) 2023-09-05 20:48:04 Job terminated.
	(1) Normal termination (return value 0)
		Usr 0 19:52:24, Sys 0 00:03:00  -  Run Remote Usage
		Usr 0 00:00:00, Sys 0 00:00:00  -  Run Local Usage
		Usr 0 19:52:24, Sys 0 00:03:00  -  Total Remote Usage
		Usr 0 00:00:00, Sys 0 00:00:00  -  Total Local Usage
	1309526  -  Run Bytes Sent By Job
	32652772  -  Run Bytes Received By Job
	1309526  -  Total Bytes Sent By Job
	32652772  -  Total Bytes Received By Job
	Partitionable Resources :     Usage  Request Allocated 
	   Cpus                 :      0.99        1         1 
	   Disk (KB)            : 274882      524288   1208198 
	   IoHeavy              :                            0 
	   Memory (MB)          :   1092        4096      4096 

	Job terminated of its own accord at 2023-09-06T01:48:04Z with exit-code 0.
...
