000 (13655293.218.000) 2023-09-05 00:33:11 Job submitted from host: <128.104.101.92:9618?addrs=128.104.101.92-9618+[2607-f388-107c-501-a236-9fff-fe3c-caa8]-9618&alias=submit2.chtc.wisc.edu&noUDP&sock=schedd_1879732_618e>
...
040 (13655293.218.000) 2023-09-05 00:44:42 Started transferring input files
	Transferring to host: <128.105.69.100:9618?addrs=128.105.69.100-9618+[2607-f388-2200-100-1270-fdff-fe56-4634]-9618&alias=e4011.chtc.wisc.edu&noUDP&sock=slot1_22_1908450_6be0_59650>
...
040 (13655293.218.000) 2023-09-05 00:44:45 Finished transferring input files
...
001 (13655293.218.000) 2023-09-05 00:44:50 Job executing on host: <128.105.69.100:9618?addrs=128.105.69.100-9618+[2607-f388-2200-100-1270-fdff-fe56-4634]-9618&alias=e4011.chtc.wisc.edu&noUDP&sock=startd_15799_60dc>
	SlotName: slot1_22@e4011.chtc.wisc.edu
	CondorScratchDir = "/var/lib/condor/execute/slot1/dir_6356"
	Cpus = 1
	Disk = 1208198
	IoHeavy = 0
	Memory = 4096
...
006 (13655293.218.000) 2023-09-05 00:44:58 Image size of job updated: 536032
	524  -  MemoryUsage of job (MB)
	536032  -  ResidentSetSize of job (KB)
...
006 (13655293.218.000) 2023-09-05 00:49:58 Image size of job updated: 1180764
	965  -  MemoryUsage of job (MB)
	987668  -  ResidentSetSize of job (KB)
...
006 (13655293.218.000) 2023-09-05 00:54:58 Image size of job updated: 1180764
	971  -  MemoryUsage of job (MB)
	993444  -  ResidentSetSize of job (KB)
...
006 (13655293.218.000) 2023-09-05 00:59:59 Image size of job updated: 1180764
	972  -  MemoryUsage of job (MB)
	995236  -  ResidentSetSize of job (KB)
...
006 (13655293.218.000) 2023-09-05 01:10:00 Image size of job updated: 1180764
	975  -  MemoryUsage of job (MB)
	998352  -  ResidentSetSize of job (KB)
...
006 (13655293.218.000) 2023-09-05 01:20:01 Image size of job updated: 1180764
	978  -  MemoryUsage of job (MB)
	1000712  -  ResidentSetSize of job (KB)
...
006 (13655293.218.000) 2023-09-05 01:55:04 Image size of job updated: 1180764
	983  -  MemoryUsage of job (MB)
	1006112  -  ResidentSetSize of job (KB)
...
006 (13655293.218.000) 2023-09-05 02:25:08 Image size of job updated: 1180764
	983  -  MemoryUsage of job (MB)
	1006304  -  ResidentSetSize of job (KB)
...
006 (13655293.218.000) 2023-09-05 02:45:10 Image size of job updated: 1180764
	989  -  MemoryUsage of job (MB)
	1012644  -  ResidentSetSize of job (KB)
...
006 (13655293.218.000) 2023-09-06 00:12:16 Image size of job updated: 1306012
	1276  -  MemoryUsage of job (MB)
	1306008  -  ResidentSetSize of job (KB)
...
040 (13655293.218.000) 2023-09-06 00:12:52 Started transferring output files
...
040 (13655293.218.000) 2023-09-06 00:12:53 Finished transferring output files
...
005 (13655293.218.000) 2023-09-06 00:13:13 Job terminated.
	(1) Normal termination (return value 0)
		Usr 0 23:01:03, Sys 0 00:05:09  -  Run Remote Usage
		Usr 0 00:00:00, Sys 0 00:00:00  -  Run Local Usage
		Usr 0 23:01:03, Sys 0 00:05:09  -  Total Remote Usage
		Usr 0 00:00:00, Sys 0 00:00:00  -  Total Local Usage
	1309578  -  Run Bytes Sent By Job
	32652772  -  Run Bytes Received By Job
	1309578  -  Total Bytes Sent By Job
	32652772  -  Total Bytes Received By Job
	Partitionable Resources :     Usage  Request Allocated 
	   Cpus                 :      0.99        1         1 
	   Disk (KB)            : 274915      524288   1208198 
	   IoHeavy              :                            0 
	   Memory (MB)          :   1276        4096      4096 

	Job terminated of its own accord at 2023-09-06T05:12:51Z with exit-code 0.
...
