000 (13655293.498.000) 2023-09-05 00:33:11 Job submitted from host: <128.104.101.92:9618?addrs=128.104.101.92-9618+[2607-f388-107c-501-a236-9fff-fe3c-caa8]-9618&alias=submit2.chtc.wisc.edu&noUDP&sock=schedd_1879732_618e>
...
040 (13655293.498.000) 2023-09-05 00:58:16 Started transferring input files
	Transferring to host: <128.105.69.157:9618?addrs=128.105.69.157-9618+[2607-f388-2200-100-1270-fdff-fe56-c3a4]-9618&alias=e4090.chtc.wisc.edu&noUDP&sock=slot1_57_1363133_4360_49292>
...
001 (13655293.498.000) 2023-09-05 00:58:31 Job executing on host: <128.105.69.157:9618?addrs=128.105.69.157-9618+[2607-f388-2200-100-1270-fdff-fe56-c3a4]-9618&alias=e4090.chtc.wisc.edu&noUDP&sock=startd_18322_f24e>
	SlotName: slot1_57@e4090.chtc.wisc.edu
	CondorScratchDir = "/var/lib/condor/execute/slot1/dir_559465"
	Cpus = 1
	Disk = 1208198
	IoHeavy = 0
	Memory = 4096
...
040 (13655293.498.000) 2023-09-05 00:58:31 Finished transferring input files
...
006 (13655293.498.000) 2023-09-05 00:58:39 Image size of job updated: 623276
	609  -  MemoryUsage of job (MB)
	623276  -  ResidentSetSize of job (KB)
...
006 (13655293.498.000) 2023-09-05 01:03:39 Image size of job updated: 1158088
	1131  -  MemoryUsage of job (MB)
	1158088  -  ResidentSetSize of job (KB)
...
006 (13655293.498.000) 2023-09-05 01:08:41 Image size of job updated: 1283388
	1131  -  MemoryUsage of job (MB)
	1158088  -  ResidentSetSize of job (KB)
...
006 (13655293.498.000) 2023-09-05 21:34:48 Image size of job updated: 1412336
	1131  -  MemoryUsage of job (MB)
	1158088  -  ResidentSetSize of job (KB)
...
040 (13655293.498.000) 2023-09-05 21:34:48 Started transferring output files
...
040 (13655293.498.000) 2023-09-05 21:34:48 Finished transferring output files
...
005 (13655293.498.000) 2023-09-05 21:34:48 Job terminated.
	(1) Normal termination (return value 0)
		Usr 0 20:17:30, Sys 0 00:04:19  -  Run Remote Usage
		Usr 0 00:00:00, Sys 0 00:00:00  -  Run Local Usage
		Usr 0 20:17:30, Sys 0 00:04:19  -  Total Remote Usage
		Usr 0 00:00:00, Sys 0 00:00:00  -  Total Local Usage
	1309571  -  Run Bytes Sent By Job
	32652772  -  Run Bytes Received By Job
	1309571  -  Total Bytes Sent By Job
	32652772  -  Total Bytes Received By Job
	Partitionable Resources :     Usage  Request Allocated 
	   Cpus                 :      0.99        1         1 
	   Disk (KB)            : 274882      524288   1208198 
	   IoHeavy              :                            0 
	   Memory (MB)          :   1131        4096      4096 

	Job terminated of its own accord at 2023-09-06T02:34:48Z with exit-code 0.
...
