000 (13655293.339.000) 2023-09-05 00:33:11 Job submitted from host: <128.104.101.92:9618?addrs=128.104.101.92-9618+[2607-f388-107c-501-a236-9fff-fe3c-caa8]-9618&alias=submit2.chtc.wisc.edu&noUDP&sock=schedd_1879732_618e>
...
040 (13655293.339.000) 2023-09-05 00:53:33 Started transferring input files
	Transferring to host: <128.105.69.137:9618?addrs=128.105.69.137-9618+[2607-f388-2200-100-1270-fdff-fe56-d12c]-9618&alias=e4014.chtc.wisc.edu&noUDP&sock=slot1_54_1985361_2db7_52041>
...
001 (13655293.339.000) 2023-09-05 00:53:43 Job executing on host: <128.105.69.137:9618?addrs=128.105.69.137-9618+[2607-f388-2200-100-1270-fdff-fe56-d12c]-9618&alias=e4014.chtc.wisc.edu&noUDP&sock=startd_15862_9754>
	SlotName: slot1_54@e4014.chtc.wisc.edu
	CondorScratchDir = "/var/lib/condor/execute/slot1/dir_4085522"
	Cpus = 1
	Disk = 1208198
	IoHeavy = 0
	Memory = 4096
...
040 (13655293.339.000) 2023-09-05 00:53:43 Finished transferring input files
...
006 (13655293.339.000) 2023-09-05 00:53:51 Image size of job updated: 673828
	659  -  MemoryUsage of job (MB)
	673828  -  ResidentSetSize of job (KB)
...
006 (13655293.339.000) 2023-09-05 00:58:51 Image size of job updated: 1062900
	833  -  MemoryUsage of job (MB)
	852864  -  ResidentSetSize of job (KB)
...
006 (13655293.339.000) 2023-09-05 01:03:52 Image size of job updated: 1267148
	1238  -  MemoryUsage of job (MB)
	1267144  -  ResidentSetSize of job (KB)
...
006 (13655293.339.000) 2023-09-05 01:13:52 Image size of job updated: 1282896
	1238  -  MemoryUsage of job (MB)
	1267144  -  ResidentSetSize of job (KB)
...
006 (13655293.339.000) 2023-09-06 03:44:17 Image size of job updated: 1413320
	1238  -  MemoryUsage of job (MB)
	1267144  -  ResidentSetSize of job (KB)
...
040 (13655293.339.000) 2023-09-06 03:44:17 Started transferring output files
...
040 (13655293.339.000) 2023-09-06 03:44:18 Finished transferring output files
...
005 (13655293.339.000) 2023-09-06 03:44:18 Job terminated.
	(1) Normal termination (return value 0)
		Usr 1 02:22:31, Sys 0 00:04:18  -  Run Remote Usage
		Usr 0 00:00:00, Sys 0 00:00:00  -  Run Local Usage
		Usr 1 02:22:31, Sys 0 00:04:18  -  Total Remote Usage
		Usr 0 00:00:00, Sys 0 00:00:00  -  Total Local Usage
	1309635  -  Run Bytes Sent By Job
	32652772  -  Run Bytes Received By Job
	1309635  -  Total Bytes Sent By Job
	32652772  -  Total Bytes Received By Job
	Partitionable Resources :     Usage  Request Allocated 
	   Cpus                 :      0.99        1         1 
	   Disk (KB)            : 274904      524288   1208198 
	   IoHeavy              :                            0 
	   Memory (MB)          :   1238        4096      4096 

	Job terminated of its own accord at 2023-09-06T08:44:17Z with exit-code 0.
...
