000 (14269004.037.000) 2023-09-11 03:23:01 Job submitted from host: <128.104.101.92:9618?addrs=128.104.101.92-9618+[2607-f388-107c-501-a236-9fff-fe3c-caa8]-9618&alias=submit2.chtc.wisc.edu&noUDP&sock=schedd_1879732_618e>
...
040 (14269004.037.000) 2023-09-11 03:27:35 Started transferring input files
	Transferring to host: <128.105.69.185:9618?addrs=128.105.69.185-9618+[2607-f388-2200-100-1270-fdff-fe56-c0d4]-9618&alias=e4037.chtc.wisc.edu&noUDP&sock=slot1_90_2954895_96f9_103367>
...
040 (14269004.037.000) 2023-09-11 03:27:37 Finished transferring input files
...
001 (14269004.037.000) 2023-09-11 03:27:38 Job executing on host: <128.105.69.185:9618?addrs=128.105.69.185-9618+[2607-f388-2200-100-1270-fdff-fe56-c0d4]-9618&alias=e4037.chtc.wisc.edu&noUDP&sock=startd_16018_981a>
	SlotName: slot1_90@e4037.chtc.wisc.edu
	CondorScratchDir = "/var/lib/condor/execute/slot1/dir_925153"
	Cpus = 1
	Disk = 1208198
	IoHeavy = 0
	Memory = 4096
...
006 (14269004.037.000) 2023-09-11 03:27:47 Image size of job updated: 379452
	356  -  MemoryUsage of job (MB)
	364012  -  ResidentSetSize of job (KB)
...
040 (14269004.037.000) 2023-09-11 03:33:55 Started transferring output files
...
040 (14269004.037.000) 2023-09-11 03:33:55 Finished transferring output files
...
005 (14269004.037.000) 2023-09-11 03:33:55 Job terminated.
	(1) Normal termination (return value 0)
		Usr 0 00:06:08, Sys 0 00:00:03  -  Run Remote Usage
		Usr 0 00:00:00, Sys 0 00:00:00  -  Run Local Usage
		Usr 0 00:06:08, Sys 0 00:00:03  -  Total Remote Usage
		Usr 0 00:00:00, Sys 0 00:00:00  -  Total Local Usage
	134597  -  Run Bytes Sent By Job
	32664898  -  Run Bytes Received By Job
	134597  -  Total Bytes Sent By Job
	32664898  -  Total Bytes Received By Job
	Partitionable Resources :     Usage  Request Allocated 
	   Cpus                 :      0.99        1         1 
	   Disk (KB)            : 255900      524288   1208198 
	   IoHeavy              :                            0 
	   Memory (MB)          :    356        4096      4096 

	Job terminated of its own accord at 2023-09-11T08:33:55Z with exit-code 0.
...
