000 (14268886.046.000) 2023-09-11 03:21:39 Job submitted from host: <128.104.101.92:9618?addrs=128.104.101.92-9618+[2607-f388-107c-501-a236-9fff-fe3c-caa8]-9618&alias=submit2.chtc.wisc.edu&noUDP&sock=schedd_1879732_618e>
...
040 (14268886.046.000) 2023-09-11 03:23:35 Started transferring input files
	Transferring to host: <128.105.69.143:9618?addrs=128.105.69.143-9618+[2607-f388-2200-100-1270-fdff-fe56-7694]-9618&alias=e4020.chtc.wisc.edu&noUDP&sock=slot1_102_3972775_21a9_83523>
...
040 (14268886.046.000) 2023-09-11 03:23:38 Finished transferring input files
...
001 (14268886.046.000) 2023-09-11 03:23:39 Job executing on host: <128.105.69.143:9618?addrs=128.105.69.143-9618+[2607-f388-2200-100-1270-fdff-fe56-7694]-9618&alias=e4020.chtc.wisc.edu&noUDP&sock=startd_15912_e310>
	SlotName: slot1_102@e4020.chtc.wisc.edu
	CondorScratchDir = "/var/lib/condor/execute/slot1/dir_3136283"
	Cpus = 1
	Disk = 1208198
	IoHeavy = 0
	Memory = 4096
...
006 (14268886.046.000) 2023-09-11 03:23:47 Image size of job updated: 470580
	460  -  MemoryUsage of job (MB)
	470580  -  ResidentSetSize of job (KB)
...
006 (14268886.046.000) 2023-09-11 03:28:47 Image size of job updated: 844864
	468  -  MemoryUsage of job (MB)
	479028  -  ResidentSetSize of job (KB)
...
040 (14268886.046.000) 2023-09-11 03:28:53 Started transferring output files
...
040 (14268886.046.000) 2023-09-11 03:28:53 Finished transferring output files
...
005 (14268886.046.000) 2023-09-11 03:28:53 Job terminated.
	(1) Normal termination (return value 0)
		Usr 0 00:05:00, Sys 0 00:00:09  -  Run Remote Usage
		Usr 0 00:00:00, Sys 0 00:00:00  -  Run Local Usage
		Usr 0 00:05:00, Sys 0 00:00:09  -  Total Remote Usage
		Usr 0 00:00:00, Sys 0 00:00:00  -  Total Local Usage
	124418  -  Run Bytes Sent By Job
	32720416  -  Run Bytes Received By Job
	124418  -  Total Bytes Sent By Job
	32720416  -  Total Bytes Received By Job
	Partitionable Resources :     Usage  Request Allocated 
	   Cpus                 :      0.99        1         1 
	   Disk (KB)            : 261289      524288   1208198 
	   IoHeavy              :                            0 
	   Memory (MB)          :    468        4096      4096 

	Job terminated of its own accord at 2023-09-11T08:28:53Z with exit-code 0.
...
