000 (14268886.060.000) 2023-09-11 03:21:39 Job submitted from host: <128.104.101.92:9618?addrs=128.104.101.92-9618+[2607-f388-107c-501-a236-9fff-fe3c-caa8]-9618&alias=submit2.chtc.wisc.edu&noUDP&sock=schedd_1879732_618e>
...
040 (14268886.060.000) 2023-09-11 03:25:35 Started transferring input files
	Transferring to host: <128.105.69.184:9618?addrs=128.105.69.184-9618+[2607-f388-2200-100-1270-fdff-fe56-bbfc]-9618&alias=e4036.chtc.wisc.edu&noUDP&sock=slot1_126_2123038_1476_89310>
...
040 (14268886.060.000) 2023-09-11 03:25:37 Finished transferring input files
...
001 (14268886.060.000) 2023-09-11 03:25:38 Job executing on host: <128.105.69.184:9618?addrs=128.105.69.184-9618+[2607-f388-2200-100-1270-fdff-fe56-bbfc]-9618&alias=e4036.chtc.wisc.edu&noUDP&sock=startd_15747_b5f0>
	SlotName: slot1_126@e4036.chtc.wisc.edu
	CondorScratchDir = "/var/lib/condor/execute/slot1/dir_1102886"
	Cpus = 1
	Disk = 1208198
	IoHeavy = 0
	Memory = 4096
...
006 (14268886.060.000) 2023-09-11 03:25:47 Image size of job updated: 515820
	504  -  MemoryUsage of job (MB)
	515816  -  ResidentSetSize of job (KB)
...
006 (14268886.060.000) 2023-09-11 03:27:40 Image size of job updated: 703476
	504  -  MemoryUsage of job (MB)
	515816  -  ResidentSetSize of job (KB)
...
040 (14268886.060.000) 2023-09-11 03:27:40 Started transferring output files
...
040 (14268886.060.000) 2023-09-11 03:27:40 Finished transferring output files
...
005 (14268886.060.000) 2023-09-11 03:27:40 Job terminated.
	(1) Normal termination (return value 0)
		Usr 0 00:01:51, Sys 0 00:00:06  -  Run Remote Usage
		Usr 0 00:00:00, Sys 0 00:00:00  -  Run Local Usage
		Usr 0 00:01:51, Sys 0 00:00:06  -  Total Remote Usage
		Usr 0 00:00:00, Sys 0 00:00:00  -  Total Local Usage
	94190  -  Run Bytes Sent By Job
	32720416  -  Run Bytes Received By Job
	94190  -  Total Bytes Sent By Job
	32720416  -  Total Bytes Received By Job
	Partitionable Resources :     Usage  Request Allocated 
	   Cpus                 :      0.99        1         1 
	   Disk (KB)            : 261259      524288   1208198 
	   IoHeavy              :                            0 
	   Memory (MB)          :    504        4096      4096 

	Job terminated of its own accord at 2023-09-11T08:27:40Z with exit-code 0.
...
