000 (13655293.463.000) 2023-09-05 00:33:11 Job submitted from host: <128.104.101.92:9618?addrs=128.104.101.92-9618+[2607-f388-107c-501-a236-9fff-fe3c-caa8]-9618&alias=submit2.chtc.wisc.edu&noUDP&sock=schedd_1879732_618e>
...
040 (13655293.463.000) 2023-09-05 00:56:24 Started transferring input files
	Transferring to host: <128.105.69.157:9618?addrs=128.105.69.157-9618+[2607-f388-2200-100-1270-fdff-fe56-c3a4]-9618&alias=e4090.chtc.wisc.edu&noUDP&sock=slot1_71_1363133_4360_49271>
...
001 (13655293.463.000) 2023-09-05 00:56:54 Job executing on host: <128.105.69.157:9618?addrs=128.105.69.157-9618+[2607-f388-2200-100-1270-fdff-fe56-c3a4]-9618&alias=e4090.chtc.wisc.edu&noUDP&sock=startd_18322_f24e>
	SlotName: slot1_71@e4090.chtc.wisc.edu
	CondorScratchDir = "/var/lib/condor/execute/slot1/dir_555308"
	Cpus = 1
	Disk = 1208198
	IoHeavy = 0
	Memory = 4096
...
040 (13655293.463.000) 2023-09-05 00:56:54 Finished transferring input files
...
006 (13655293.463.000) 2023-09-05 00:57:02 Image size of job updated: 673220
	658  -  MemoryUsage of job (MB)
	673216  -  ResidentSetSize of job (KB)
...
006 (13655293.463.000) 2023-09-05 01:02:03 Image size of job updated: 1118804
	961  -  MemoryUsage of job (MB)
	984044  -  ResidentSetSize of job (KB)
...
006 (13655293.463.000) 2023-09-05 01:07:03 Image size of job updated: 1267620
	1238  -  MemoryUsage of job (MB)
	1267616  -  ResidentSetSize of job (KB)
...
006 (13655293.463.000) 2023-09-05 01:12:08 Image size of job updated: 1283224
	1238  -  MemoryUsage of job (MB)
	1267616  -  ResidentSetSize of job (KB)
...
006 (13655293.463.000) 2023-09-05 22:30:08 Image size of job updated: 1410916
	1238  -  MemoryUsage of job (MB)
	1267616  -  ResidentSetSize of job (KB)
...
040 (13655293.463.000) 2023-09-05 22:30:08 Started transferring output files
...
040 (13655293.463.000) 2023-09-05 22:30:08 Finished transferring output files
...
005 (13655293.463.000) 2023-09-05 22:30:09 Job terminated.
	(1) Normal termination (return value 0)
		Usr 0 21:14:54, Sys 0 00:03:26  -  Run Remote Usage
		Usr 0 00:00:00, Sys 0 00:00:00  -  Run Local Usage
		Usr 0 21:14:54, Sys 0 00:03:26  -  Total Remote Usage
		Usr 0 00:00:00, Sys 0 00:00:00  -  Total Local Usage
	1309677  -  Run Bytes Sent By Job
	32652772  -  Run Bytes Received By Job
	1309677  -  Total Bytes Sent By Job
	32652772  -  Total Bytes Received By Job
	Partitionable Resources :     Usage  Request Allocated 
	   Cpus                 :      0.99        1         1 
	   Disk (KB)            : 274913      524288   1208198 
	   IoHeavy              :                            0 
	   Memory (MB)          :   1238        4096      4096 

	Job terminated of its own accord at 2023-09-06T03:30:08Z with exit-code 0.
...
