000 (13655293.151.000) 2023-09-05 00:33:11 Job submitted from host: <128.104.101.92:9618?addrs=128.104.101.92-9618+[2607-f388-107c-501-a236-9fff-fe3c-caa8]-9618&alias=submit2.chtc.wisc.edu&noUDP&sock=schedd_1879732_618e>
...
040 (13655293.151.000) 2023-09-05 00:38:57 Started transferring input files
	Transferring to host: <128.105.69.189:9618?addrs=128.105.69.189-9618+[2607-f388-2200-100-1270-fdff-fe56-644c]-9618&alias=e4042.chtc.wisc.edu&noUDP&sock=slot1_7_3770169_e03a_55815>
...
040 (13655293.151.000) 2023-09-05 00:38:59 Finished transferring input files
...
001 (13655293.151.000) 2023-09-05 00:39:00 Job executing on host: <128.105.69.189:9618?addrs=128.105.69.189-9618+[2607-f388-2200-100-1270-fdff-fe56-644c]-9618&alias=e4042.chtc.wisc.edu&noUDP&sock=startd_15959_2004>
	SlotName: slot1_7@e4042.chtc.wisc.edu
	CondorScratchDir = "/var/lib/condor/execute/slot1/dir_3484666"
	Cpus = 1
	Disk = 1208198
	IoHeavy = 0
	Memory = 4096
...
006 (13655293.151.000) 2023-09-05 00:39:08 Image size of job updated: 638864
	624  -  MemoryUsage of job (MB)
	638860  -  ResidentSetSize of job (KB)
...
006 (13655293.151.000) 2023-09-05 00:44:09 Image size of job updated: 1289512
	1072  -  MemoryUsage of job (MB)
	1096928  -  ResidentSetSize of job (KB)
...
006 (13655293.151.000) 2023-09-05 00:49:10 Image size of job updated: 1289512
	1083  -  MemoryUsage of job (MB)
	1108548  -  ResidentSetSize of job (KB)
...
006 (13655293.151.000) 2023-09-05 01:14:14 Image size of job updated: 1289512
	1084  -  MemoryUsage of job (MB)
	1109828  -  ResidentSetSize of job (KB)
...
006 (13655293.151.000) 2023-09-05 02:14:19 Image size of job updated: 1289512
	1085  -  MemoryUsage of job (MB)
	1111024  -  ResidentSetSize of job (KB)
...
006 (13655293.151.000) 2023-09-05 05:04:36 Image size of job updated: 1289512
	1090  -  MemoryUsage of job (MB)
	1115564  -  ResidentSetSize of job (KB)
...
006 (13655293.151.000) 2023-09-05 06:04:41 Image size of job updated: 1289512
	1090  -  MemoryUsage of job (MB)
	1115744  -  ResidentSetSize of job (KB)
...
006 (13655293.151.000) 2023-09-05 07:09:49 Image size of job updated: 1289512
	1090  -  MemoryUsage of job (MB)
	1115748  -  ResidentSetSize of job (KB)
...
006 (13655293.151.000) 2023-09-05 07:59:54 Image size of job updated: 1289512
	1090  -  MemoryUsage of job (MB)
	1115752  -  ResidentSetSize of job (KB)
...
006 (13655293.151.000) 2023-09-05 23:35:26 Image size of job updated: 1333788
	1090  -  MemoryUsage of job (MB)
	1115752  -  ResidentSetSize of job (KB)
...
040 (13655293.151.000) 2023-09-05 23:35:26 Started transferring output files
...
040 (13655293.151.000) 2023-09-05 23:35:26 Finished transferring output files
...
005 (13655293.151.000) 2023-09-05 23:35:26 Job terminated.
	(1) Normal termination (return value 0)
		Usr 0 22:30:00, Sys 0 00:03:40  -  Run Remote Usage
		Usr 0 00:00:00, Sys 0 00:00:00  -  Run Local Usage
		Usr 0 22:30:00, Sys 0 00:03:40  -  Total Remote Usage
		Usr 0 00:00:00, Sys 0 00:00:00  -  Total Local Usage
	1309811  -  Run Bytes Sent By Job
	32652772  -  Run Bytes Received By Job
	1309811  -  Total Bytes Sent By Job
	32652772  -  Total Bytes Received By Job
	Partitionable Resources :     Usage  Request Allocated 
	   Cpus                 :      0.99        1         1 
	   Disk (KB)            : 274879      524288   1208198 
	   IoHeavy              :                            0 
	   Memory (MB)          :   1090        4096      4096 

	Job terminated of its own accord at 2023-09-06T04:35:26Z with exit-code 0.
...
