000 (13655293.378.000) 2023-09-05 00:33:11 Job submitted from host: <128.104.101.92:9618?addrs=128.104.101.92-9618+[2607-f388-107c-501-a236-9fff-fe3c-caa8]-9618&alias=submit2.chtc.wisc.edu&noUDP&sock=schedd_1879732_618e>
...
040 (13655293.378.000) 2023-09-05 00:56:30 Started transferring input files
	Transferring to host: <128.105.69.210:9618?addrs=128.105.69.210-9618+[2607-f388-2200-100-eaeb-d3ff-fe40-88c]-9618&alias=e2593.chtc.wisc.edu&noUDP&sock=slot1_10_22914_bc5d_85812>
...
001 (13655293.378.000) 2023-09-05 00:56:53 Job executing on host: <128.105.69.210:9618?addrs=128.105.69.210-9618+[2607-f388-2200-100-eaeb-d3ff-fe40-88c]-9618&alias=e2593.chtc.wisc.edu&noUDP&sock=startd_22776_0521>
	SlotName: slot1_10@e2593.chtc.wisc.edu
	CondorScratchDir = "/var/lib/condor/execute/slot1/dir_2709266"
	Cpus = 1
	Disk = 1458998
	IoHeavy = 0
	Memory = 4096
...
040 (13655293.378.000) 2023-09-05 00:56:53 Finished transferring input files
...
006 (13655293.378.000) 2023-09-05 00:57:01 Image size of job updated: 629180
	615  -  MemoryUsage of job (MB)
	629180  -  ResidentSetSize of job (KB)
...
006 (13655293.378.000) 2023-09-05 01:02:01 Image size of job updated: 1297644
	994  -  MemoryUsage of job (MB)
	1017248  -  ResidentSetSize of job (KB)
...
006 (13655293.378.000) 2023-09-05 01:07:02 Image size of job updated: 1297644
	1083  -  MemoryUsage of job (MB)
	1108720  -  ResidentSetSize of job (KB)
...
006 (13655293.378.000) 2023-09-05 01:17:02 Image size of job updated: 1297644
	1089  -  MemoryUsage of job (MB)
	1114812  -  ResidentSetSize of job (KB)
...
006 (13655293.378.000) 2023-09-05 01:22:03 Image size of job updated: 1297644
	1091  -  MemoryUsage of job (MB)
	1116432  -  ResidentSetSize of job (KB)
...
006 (13655293.378.000) 2023-09-05 01:47:05 Image size of job updated: 1297644
	1094  -  MemoryUsage of job (MB)
	1119372  -  ResidentSetSize of job (KB)
...
006 (13655293.378.000) 2023-09-05 02:42:11 Image size of job updated: 1297644
	1094  -  MemoryUsage of job (MB)
	1119628  -  ResidentSetSize of job (KB)
...
006 (13655293.378.000) 2023-09-05 03:37:17 Image size of job updated: 1297644
	1096  -  MemoryUsage of job (MB)
	1122228  -  ResidentSetSize of job (KB)
...
006 (13655293.378.000) 2023-09-05 05:32:30 Image size of job updated: 1297644
	1098  -  MemoryUsage of job (MB)
	1123956  -  ResidentSetSize of job (KB)
...
006 (13655293.378.000) 2023-09-05 06:37:37 Image size of job updated: 1297644
	1098  -  MemoryUsage of job (MB)
	1123960  -  ResidentSetSize of job (KB)
...
006 (13655293.378.000) 2023-09-05 07:42:44 Image size of job updated: 1297644
	1098  -  MemoryUsage of job (MB)
	1123964  -  ResidentSetSize of job (KB)
...
006 (13655293.378.000) 2023-09-05 08:47:52 Image size of job updated: 1297644
	1098  -  MemoryUsage of job (MB)
	1123968  -  ResidentSetSize of job (KB)
...
006 (13655293.378.000) 2023-09-05 09:47:56 Image size of job updated: 1297644
	1098  -  MemoryUsage of job (MB)
	1123972  -  ResidentSetSize of job (KB)
...
006 (13655293.378.000) 2023-09-05 10:48:03 Image size of job updated: 1297644
	1098  -  MemoryUsage of job (MB)
	1123976  -  ResidentSetSize of job (KB)
...
006 (13655293.378.000) 2023-09-05 11:53:11 Image size of job updated: 1297644
	1098  -  MemoryUsage of job (MB)
	1124232  -  ResidentSetSize of job (KB)
...
006 (13655293.378.000) 2023-09-05 13:28:20 Image size of job updated: 1297644
	1098  -  MemoryUsage of job (MB)
	1124240  -  ResidentSetSize of job (KB)
...
006 (13655293.378.000) 2023-09-05 13:53:23 Image size of job updated: 1297644
	1098  -  MemoryUsage of job (MB)
	1124244  -  ResidentSetSize of job (KB)
...
006 (13655293.378.000) 2023-09-05 14:23:25 Image size of job updated: 1297644
	1098  -  MemoryUsage of job (MB)
	1124248  -  ResidentSetSize of job (KB)
...
006 (13655293.378.000) 2023-09-05 15:48:33 Image size of job updated: 1297644
	1098  -  MemoryUsage of job (MB)
	1124260  -  ResidentSetSize of job (KB)
...
006 (13655293.378.000) 2023-09-05 16:08:35 Image size of job updated: 1297644
	1098  -  MemoryUsage of job (MB)
	1124268  -  ResidentSetSize of job (KB)
...
006 (13655293.378.000) 2023-09-05 16:38:38 Image size of job updated: 1297644
	1098  -  MemoryUsage of job (MB)
	1124276  -  ResidentSetSize of job (KB)
...
006 (13655293.378.000) 2023-09-05 17:23:43 Image size of job updated: 1297644
	1098  -  MemoryUsage of job (MB)
	1124284  -  ResidentSetSize of job (KB)
...
006 (13655293.378.000) 2023-09-05 17:53:46 Image size of job updated: 1297644
	1098  -  MemoryUsage of job (MB)
	1124292  -  ResidentSetSize of job (KB)
...
006 (13655293.378.000) 2023-09-05 18:28:51 Image size of job updated: 1297644
	1098  -  MemoryUsage of job (MB)
	1124300  -  ResidentSetSize of job (KB)
...
006 (13655293.378.000) 2023-09-05 18:43:52 Image size of job updated: 1297644
	1098  -  MemoryUsage of job (MB)
	1124304  -  ResidentSetSize of job (KB)
...
006 (13655293.378.000) 2023-09-05 19:33:57 Image size of job updated: 1297644
	1098  -  MemoryUsage of job (MB)
	1124328  -  ResidentSetSize of job (KB)
...
006 (13655293.378.000) 2023-09-05 19:53:58 Image size of job updated: 1297644
	1098  -  MemoryUsage of job (MB)
	1124340  -  ResidentSetSize of job (KB)
...
006 (13655293.378.000) 2023-09-06 01:47:35 Image size of job updated: 1422252
	1098  -  MemoryUsage of job (MB)
	1124340  -  ResidentSetSize of job (KB)
...
040 (13655293.378.000) 2023-09-06 01:47:35 Started transferring output files
...
040 (13655293.378.000) 2023-09-06 01:47:35 Finished transferring output files
...
005 (13655293.378.000) 2023-09-06 01:47:35 Job terminated.
	(1) Normal termination (return value 0)
		Usr 1 00:14:27, Sys 0 00:06:46  -  Run Remote Usage
		Usr 0 00:00:00, Sys 0 00:00:00  -  Run Local Usage
		Usr 1 00:14:27, Sys 0 00:06:46  -  Total Remote Usage
		Usr 0 00:00:00, Sys 0 00:00:00  -  Total Local Usage
	1309666  -  Run Bytes Sent By Job
	32652772  -  Run Bytes Received By Job
	1309666  -  Total Bytes Sent By Job
	32652772  -  Total Bytes Received By Job
	Partitionable Resources :     Usage  Request Allocated 
	   Cpus                 :      0.99        1         1 
	   Disk (KB)            : 274902      524288   1458998 
	   IoHeavy              :                            0 
	   Memory (MB)          :   1098        4096      4096 

	Job terminated of its own accord at 2023-09-06T06:47:35Z with exit-code 0.
...
