000 (13655293.248.000) 2023-09-05 00:33:11 Job submitted from host: <128.104.101.92:9618?addrs=128.104.101.92-9618+[2607-f388-107c-501-a236-9fff-fe3c-caa8]-9618&alias=submit2.chtc.wisc.edu&noUDP&sock=schedd_1879732_618e>
...
040 (13655293.248.000) 2023-09-05 00:48:49 Started transferring input files
	Transferring to host: <128.105.69.189:9618?addrs=128.105.69.189-9618+[2607-f388-2200-100-1270-fdff-fe56-644c]-9618&alias=e4042.chtc.wisc.edu&noUDP&sock=slot1_6_3770169_e03a_55855>
...
001 (13655293.248.000) 2023-09-05 00:48:59 Job executing on host: <128.105.69.189:9618?addrs=128.105.69.189-9618+[2607-f388-2200-100-1270-fdff-fe56-644c]-9618&alias=e4042.chtc.wisc.edu&noUDP&sock=startd_15959_2004>
	SlotName: slot1_6@e4042.chtc.wisc.edu
	CondorScratchDir = "/var/lib/condor/execute/slot1/dir_3525601"
	Cpus = 1
	Disk = 1208198
	IoHeavy = 0
	Memory = 4096
...
040 (13655293.248.000) 2023-09-05 00:48:59 Finished transferring input files
...
006 (13655293.248.000) 2023-09-05 00:49:07 Image size of job updated: 579608
	567  -  MemoryUsage of job (MB)
	579608  -  ResidentSetSize of job (KB)
...
006 (13655293.248.000) 2023-09-05 00:54:07 Image size of job updated: 1179132
	952  -  MemoryUsage of job (MB)
	974048  -  ResidentSetSize of job (KB)
...
006 (13655293.248.000) 2023-09-05 00:59:08 Image size of job updated: 1179132
	968  -  MemoryUsage of job (MB)
	990688  -  ResidentSetSize of job (KB)
...
006 (13655293.248.000) 2023-09-05 01:04:10 Image size of job updated: 1179132
	975  -  MemoryUsage of job (MB)
	997452  -  ResidentSetSize of job (KB)
...
006 (13655293.248.000) 2023-09-05 01:39:12 Image size of job updated: 1179132
	978  -  MemoryUsage of job (MB)
	1001140  -  ResidentSetSize of job (KB)
...
006 (13655293.248.000) 2023-09-05 01:59:15 Image size of job updated: 1179132
	989  -  MemoryUsage of job (MB)
	1012320  -  ResidentSetSize of job (KB)
...
006 (13655293.248.000) 2023-09-06 00:14:51 Image size of job updated: 1270916
	989  -  MemoryUsage of job (MB)
	1012320  -  ResidentSetSize of job (KB)
...
040 (13655293.248.000) 2023-09-06 00:14:51 Started transferring output files
...
040 (13655293.248.000) 2023-09-06 00:14:51 Finished transferring output files
...
005 (13655293.248.000) 2023-09-06 00:14:52 Job terminated.
	(1) Normal termination (return value 0)
		Usr 0 22:56:12, Sys 0 00:07:15  -  Run Remote Usage
		Usr 0 00:00:00, Sys 0 00:00:00  -  Run Local Usage
		Usr 0 22:56:12, Sys 0 00:07:15  -  Total Remote Usage
		Usr 0 00:00:00, Sys 0 00:00:00  -  Total Local Usage
	1309479  -  Run Bytes Sent By Job
	32652772  -  Run Bytes Received By Job
	1309479  -  Total Bytes Sent By Job
	32652772  -  Total Bytes Received By Job
	Partitionable Resources :     Usage  Request Allocated 
	   Cpus                 :      0.99        1         1 
	   Disk (KB)            : 274891      524288   1208198 
	   IoHeavy              :                            0 
	   Memory (MB)          :    989        4096      4096 

	Job terminated of its own accord at 2023-09-06T05:14:51Z with exit-code 0.
...
