000 (13655293.338.000) 2023-09-05 00:33:11 Job submitted from host: <128.104.101.92:9618?addrs=128.104.101.92-9618+[2607-f388-107c-501-a236-9fff-fe3c-caa8]-9618&alias=submit2.chtc.wisc.edu&noUDP&sock=schedd_1879732_618e>
...
040 (13655293.338.000) 2023-09-05 00:53:33 Started transferring input files
	Transferring to host: <128.105.69.137:9618?addrs=128.105.69.137-9618+[2607-f388-2200-100-1270-fdff-fe56-d12c]-9618&alias=e4014.chtc.wisc.edu&noUDP&sock=slot1_53_1985361_2db7_52040>
...
001 (13655293.338.000) 2023-09-05 00:53:43 Job executing on host: <128.105.69.137:9618?addrs=128.105.69.137-9618+[2607-f388-2200-100-1270-fdff-fe56-d12c]-9618&alias=e4014.chtc.wisc.edu&noUDP&sock=startd_15862_9754>
	SlotName: slot1_53@e4014.chtc.wisc.edu
	CondorScratchDir = "/var/lib/condor/execute/slot1/dir_4085521"
	Cpus = 1
	Disk = 1208198
	IoHeavy = 0
	Memory = 4096
...
040 (13655293.338.000) 2023-09-05 00:53:43 Finished transferring input files
...
006 (13655293.338.000) 2023-09-05 00:53:51 Image size of job updated: 613644
	600  -  MemoryUsage of job (MB)
	613644  -  ResidentSetSize of job (KB)
...
006 (13655293.338.000) 2023-09-05 00:58:51 Image size of job updated: 909900
	889  -  MemoryUsage of job (MB)
	909900  -  ResidentSetSize of job (KB)
...
006 (13655293.338.000) 2023-09-05 01:03:52 Image size of job updated: 1161028
	1134  -  MemoryUsage of job (MB)
	1161024  -  ResidentSetSize of job (KB)
...
006 (13655293.338.000) 2023-09-05 01:13:52 Image size of job updated: 1178568
	1134  -  MemoryUsage of job (MB)
	1161024  -  ResidentSetSize of job (KB)
...
006 (13655293.338.000) 2023-09-05 23:36:13 Image size of job updated: 1307432
	1137  -  MemoryUsage of job (MB)
	1164152  -  ResidentSetSize of job (KB)
...
040 (13655293.338.000) 2023-09-05 23:36:46 Started transferring output files
...
040 (13655293.338.000) 2023-09-05 23:36:46 Finished transferring output files
...
005 (13655293.338.000) 2023-09-05 23:36:47 Job terminated.
	(1) Normal termination (return value 0)
		Usr 0 22:17:54, Sys 0 00:05:21  -  Run Remote Usage
		Usr 0 00:00:00, Sys 0 00:00:00  -  Run Local Usage
		Usr 0 22:17:54, Sys 0 00:05:21  -  Total Remote Usage
		Usr 0 00:00:00, Sys 0 00:00:00  -  Total Local Usage
	1309540  -  Run Bytes Sent By Job
	32652772  -  Run Bytes Received By Job
	1309540  -  Total Bytes Sent By Job
	32652772  -  Total Bytes Received By Job
	Partitionable Resources :     Usage  Request Allocated 
	   Cpus                 :      0.99        1         1 
	   Disk (KB)            : 274915      524288   1208198 
	   IoHeavy              :                            0 
	   Memory (MB)          :   1137        4096      4096 

	Job terminated of its own accord at 2023-09-06T04:36:46Z with exit-code 0.
...
