000 (13655293.084.000) 2023-09-05 00:33:11 Job submitted from host: <128.104.101.92:9618?addrs=128.104.101.92-9618+[2607-f388-107c-501-a236-9fff-fe3c-caa8]-9618&alias=submit2.chtc.wisc.edu&noUDP&sock=schedd_1879732_618e>
...
040 (13655293.084.000) 2023-09-05 00:36:18 Started transferring input files
	Transferring to host: <128.105.69.151:9618?addrs=128.105.69.151-9618+[2607-f388-2200-100-1270-fdff-fe56-7334]-9618&alias=e4028.chtc.wisc.edu&noUDP&sock=slot1_41_418228_35e8_10535>
...
001 (13655293.084.000) 2023-09-05 00:36:24 Job executing on host: <128.105.69.151:9618?addrs=128.105.69.151-9618+[2607-f388-2200-100-1270-fdff-fe56-7334]-9618&alias=e4028.chtc.wisc.edu&noUDP&sock=startd_27069_a935>
	SlotName: slot1_41@e4028.chtc.wisc.edu
	CondorScratchDir = "/var/lib/condor/execute/slot1/dir_1969019"
	Cpus = 1
	Disk = 1208198
	IoHeavy = 0
	Memory = 4096
...
040 (13655293.084.000) 2023-09-05 00:36:24 Finished transferring input files
...
006 (13655293.084.000) 2023-09-05 00:36:33 Image size of job updated: 605608
	592  -  MemoryUsage of job (MB)
	605608  -  ResidentSetSize of job (KB)
...
006 (13655293.084.000) 2023-09-05 00:41:35 Image size of job updated: 1179708
	954  -  MemoryUsage of job (MB)
	975940  -  ResidentSetSize of job (KB)
...
006 (13655293.084.000) 2023-09-05 00:46:35 Image size of job updated: 1179708
	970  -  MemoryUsage of job (MB)
	992836  -  ResidentSetSize of job (KB)
...
006 (13655293.084.000) 2023-09-05 00:56:36 Image size of job updated: 1179708
	980  -  MemoryUsage of job (MB)
	1002540  -  ResidentSetSize of job (KB)
...
006 (13655293.084.000) 2023-09-05 01:36:41 Image size of job updated: 1179708
	996  -  MemoryUsage of job (MB)
	1019384  -  ResidentSetSize of job (KB)
...
006 (13655293.084.000) 2023-09-05 21:06:48 Image size of job updated: 1312244
	996  -  MemoryUsage of job (MB)
	1019384  -  ResidentSetSize of job (KB)
...
040 (13655293.084.000) 2023-09-05 21:06:48 Started transferring output files
...
040 (13655293.084.000) 2023-09-05 21:06:48 Finished transferring output files
...
005 (13655293.084.000) 2023-09-05 21:06:48 Job terminated.
	(1) Normal termination (return value 0)
		Usr 0 20:08:29, Sys 0 00:04:50  -  Run Remote Usage
		Usr 0 00:00:00, Sys 0 00:00:00  -  Run Local Usage
		Usr 0 20:08:29, Sys 0 00:04:50  -  Total Remote Usage
		Usr 0 00:00:00, Sys 0 00:00:00  -  Total Local Usage
	1309479  -  Run Bytes Sent By Job
	32652772  -  Run Bytes Received By Job
	1309479  -  Total Bytes Sent By Job
	32652772  -  Total Bytes Received By Job
	Partitionable Resources :     Usage  Request Allocated 
	   Cpus                 :      0.99        1         1 
	   Disk (KB)            : 274888      524288   1208198 
	   IoHeavy              :                            0 
	   Memory (MB)          :    996        4096      4096 

	Job terminated of its own accord at 2023-09-06T02:06:48Z with exit-code 0.
...
