000 (13655293.104.000) 2023-09-05 00:33:11 Job submitted from host: <128.104.101.92:9618?addrs=128.104.101.92-9618+[2607-f388-107c-501-a236-9fff-fe3c-caa8]-9618&alias=submit2.chtc.wisc.edu&noUDP&sock=schedd_1879732_618e>
...
040 (13655293.104.000) 2023-09-05 00:36:23 Started transferring input files
	Transferring to host: <128.105.69.171:9618?addrs=128.105.69.171-9618+[2607-f388-2200-100-1270-fdff-fe56-76ac]-9618&alias=e2554.chtc.wisc.edu&noUDP&sock=slot1_55_1826531_133c_47892>
...
001 (13655293.104.000) 2023-09-05 00:36:30 Job executing on host: <128.105.69.171:9618?addrs=128.105.69.171-9618+[2607-f388-2200-100-1270-fdff-fe56-76ac]-9618&alias=e2554.chtc.wisc.edu&noUDP&sock=startd_14106_1f06>
	SlotName: slot1_55@e2554.chtc.wisc.edu
	CondorScratchDir = "/var/lib/condor/execute/slot1/dir_1565340"
	Cpus = 1
	Disk = 1208198
	IoHeavy = 0
	Memory = 4096
...
040 (13655293.104.000) 2023-09-05 00:36:30 Finished transferring input files
...
006 (13655293.104.000) 2023-09-05 00:36:39 Image size of job updated: 597076
	584  -  MemoryUsage of job (MB)
	597076  -  ResidentSetSize of job (KB)
...
006 (13655293.104.000) 2023-09-05 00:41:40 Image size of job updated: 1177064
	962  -  MemoryUsage of job (MB)
	984368  -  ResidentSetSize of job (KB)
...
006 (13655293.104.000) 2023-09-05 00:46:40 Image size of job updated: 1177064
	971  -  MemoryUsage of job (MB)
	994204  -  ResidentSetSize of job (KB)
...
006 (13655293.104.000) 2023-09-05 01:01:42 Image size of job updated: 1177064
	981  -  MemoryUsage of job (MB)
	1003924  -  ResidentSetSize of job (KB)
...
006 (13655293.104.000) 2023-09-05 01:31:44 Image size of job updated: 1177064
	990  -  MemoryUsage of job (MB)
	1012868  -  ResidentSetSize of job (KB)
...
006 (13655293.104.000) 2023-09-06 03:07:03 Image size of job updated: 1301860
	990  -  MemoryUsage of job (MB)
	1012868  -  ResidentSetSize of job (KB)
...
040 (13655293.104.000) 2023-09-06 03:07:03 Started transferring output files
...
040 (13655293.104.000) 2023-09-06 03:07:03 Finished transferring output files
...
005 (13655293.104.000) 2023-09-06 03:07:03 Job terminated.
	(1) Normal termination (return value 0)
		Usr 1 01:57:10, Sys 0 00:04:58  -  Run Remote Usage
		Usr 0 00:00:00, Sys 0 00:00:00  -  Run Local Usage
		Usr 1 01:57:10, Sys 0 00:04:58  -  Total Remote Usage
		Usr 0 00:00:00, Sys 0 00:00:00  -  Total Local Usage
	1309630  -  Run Bytes Sent By Job
	32652772  -  Run Bytes Received By Job
	1309630  -  Total Bytes Sent By Job
	32652772  -  Total Bytes Received By Job
	Partitionable Resources :     Usage  Request Allocated 
	   Cpus                 :      0.99        1         1 
	   Disk (KB)            : 274907      524288   1208198 
	   IoHeavy              :                            0 
	   Memory (MB)          :    990        4096      4096 

	Job terminated of its own accord at 2023-09-06T08:07:03Z with exit-code 0.
...
