000 (14312692.006.000) 2023-09-11 11:54:29 Job submitted from host: <128.104.101.92:9618?addrs=128.104.101.92-9618+[2607-f388-107c-501-a236-9fff-fe3c-caa8]-9618&alias=submit2.chtc.wisc.edu&noUDP&sock=schedd_1879732_618e>
...
040 (14312692.006.000) 2023-09-11 12:00:34 Started transferring input files
	Transferring to host: <128.105.69.123:9618?addrs=128.105.69.123-9618+[2607-f388-2200-100-1270-fdff-fe56-7324]-9618&alias=e4072.chtc.wisc.edu&noUDP&sock=slot1_126_22980_3d20_61647>
...
040 (14312692.006.000) 2023-09-11 12:00:37 Finished transferring input files
...
001 (14312692.006.000) 2023-09-11 12:00:40 Job executing on host: <128.105.69.123:9618?addrs=128.105.69.123-9618+[2607-f388-2200-100-1270-fdff-fe56-7324]-9618&alias=e4072.chtc.wisc.edu&noUDP&sock=startd_22844_a992>
	SlotName: slot1_126@e4072.chtc.wisc.edu
	CondorScratchDir = "/var/lib/condor/execute/slot1/dir_591749"
	Cpus = 1
	Disk = 1208198
	IoHeavy = 0
	Memory = 4096
...
006 (14312692.006.000) 2023-09-11 12:00:49 Image size of job updated: 599808
	586  -  MemoryUsage of job (MB)
	599808  -  ResidentSetSize of job (KB)
...
006 (14312692.006.000) 2023-09-11 12:05:50 Image size of job updated: 706468
	586  -  MemoryUsage of job (MB)
	600064  -  ResidentSetSize of job (KB)
...
040 (14312692.006.000) 2023-09-11 12:24:00 Started transferring output files
...
040 (14312692.006.000) 2023-09-11 12:24:00 Finished transferring output files
...
005 (14312692.006.000) 2023-09-11 12:24:02 Job terminated.
	(1) Normal termination (return value 0)
		Usr 0 00:22:47, Sys 0 00:00:05  -  Run Remote Usage
		Usr 0 00:00:00, Sys 0 00:00:00  -  Run Local Usage
		Usr 0 00:22:47, Sys 0 00:00:05  -  Total Remote Usage
		Usr 0 00:00:00, Sys 0 00:00:00  -  Total Local Usage
	386444  -  Run Bytes Sent By Job
	32720412  -  Run Bytes Received By Job
	386444  -  Total Bytes Sent By Job
	32720412  -  Total Bytes Received By Job
	Partitionable Resources :     Usage  Request Allocated 
	   Cpus                 :      0.98        1         1 
	   Disk (KB)            : 261544      524288   1208198 
	   IoHeavy              :                            0 
	   Memory (MB)          :    586        4096      4096 

	Job terminated of its own accord at 2023-09-11T17:23:58Z with exit-code 0.
...
