000 (13655293.265.000) 2023-09-05 00:33:11 Job submitted from host: <128.104.101.92:9618?addrs=128.104.101.92-9618+[2607-f388-107c-501-a236-9fff-fe3c-caa8]-9618&alias=submit2.chtc.wisc.edu&noUDP&sock=schedd_1879732_618e>
...
040 (13655293.265.000) 2023-09-05 00:48:40 Started transferring input files
	Transferring to host: <128.105.69.219:9618?addrs=128.105.69.219-9618&alias=e2602.chtc.wisc.edu&noUDP&sock=slot1_33_90390_ae95_63679>
...
040 (13655293.265.000) 2023-09-05 00:48:42 Finished transferring input files
...
001 (13655293.265.000) 2023-09-05 00:48:44 Job executing on host: <128.105.69.219:9618?addrs=128.105.69.219-9618&alias=e2602.chtc.wisc.edu&noUDP&sock=startd_18812_0bb7>
	SlotName: slot1_33@e2602.chtc.wisc.edu
	CondorScratchDir = "/var/lib/condor/execute/slot1/dir_361736"
	Cpus = 1
	Disk = 1458998
	IoHeavy = 0
	Memory = 4096
...
006 (13655293.265.000) 2023-09-05 00:48:52 Image size of job updated: 569996
	557  -  MemoryUsage of job (MB)
	569996  -  ResidentSetSize of job (KB)
...
006 (13655293.265.000) 2023-09-05 00:53:52 Image size of job updated: 1190528
	970  -  MemoryUsage of job (MB)
	992896  -  ResidentSetSize of job (KB)
...
006 (13655293.265.000) 2023-09-05 00:58:53 Image size of job updated: 1190528
	978  -  MemoryUsage of job (MB)
	1000892  -  ResidentSetSize of job (KB)
...
006 (13655293.265.000) 2023-09-05 01:03:54 Image size of job updated: 1190528
	979  -  MemoryUsage of job (MB)
	1001900  -  ResidentSetSize of job (KB)
...
006 (13655293.265.000) 2023-09-05 01:08:54 Image size of job updated: 1190528
	986  -  MemoryUsage of job (MB)
	1009324  -  ResidentSetSize of job (KB)
...
006 (13655293.265.000) 2023-09-05 01:18:56 Image size of job updated: 1190528
	989  -  MemoryUsage of job (MB)
	1012652  -  ResidentSetSize of job (KB)
...
006 (13655293.265.000) 2023-09-05 02:09:01 Image size of job updated: 1190528
	991  -  MemoryUsage of job (MB)
	1013892  -  ResidentSetSize of job (KB)
...
006 (13655293.265.000) 2023-09-05 02:14:01 Image size of job updated: 1190528
	997  -  MemoryUsage of job (MB)
	1020192  -  ResidentSetSize of job (KB)
...
006 (13655293.265.000) 2023-09-06 02:01:19 Image size of job updated: 1318676
	997  -  MemoryUsage of job (MB)
	1020192  -  ResidentSetSize of job (KB)
...
040 (13655293.265.000) 2023-09-06 02:01:19 Started transferring output files
...
040 (13655293.265.000) 2023-09-06 02:01:20 Finished transferring output files
...
005 (13655293.265.000) 2023-09-06 02:01:20 Job terminated.
	(1) Normal termination (return value 0)
		Usr 1 00:43:47, Sys 0 00:04:07  -  Run Remote Usage
		Usr 0 00:00:00, Sys 0 00:00:00  -  Run Local Usage
		Usr 1 00:43:47, Sys 0 00:04:07  -  Total Remote Usage
		Usr 0 00:00:00, Sys 0 00:00:00  -  Total Local Usage
	1309479  -  Run Bytes Sent By Job
	32652772  -  Run Bytes Received By Job
	1309479  -  Total Bytes Sent By Job
	32652772  -  Total Bytes Received By Job
	Partitionable Resources :     Usage  Request Allocated 
	   Cpus                 :      0.99        1         1 
	   Disk (KB)            : 274899      524288   1458998 
	   IoHeavy              :                            0 
	   Memory (MB)          :    997        4096      4096 

	Job terminated of its own accord at 2023-09-06T07:01:19Z with exit-code 0.
...
