000 (13655293.199.000) 2023-09-05 00:33:11 Job submitted from host: <128.104.101.92:9618?addrs=128.104.101.92-9618+[2607-f388-107c-501-a236-9fff-fe3c-caa8]-9618&alias=submit2.chtc.wisc.edu&noUDP&sock=schedd_1879732_618e>
...
040 (13655293.199.000) 2023-09-05 00:43:12 Started transferring input files
	Transferring to host: <128.105.69.185:9618?addrs=128.105.69.185-9618+[2607-f388-2200-100-1270-fdff-fe56-c0d4]-9618&alias=e4037.chtc.wisc.edu&noUDP&sock=slot1_5_2954895_96f9_64238>
...
040 (13655293.199.000) 2023-09-05 00:43:14 Finished transferring input files
...
001 (13655293.199.000) 2023-09-05 00:43:15 Job executing on host: <128.105.69.185:9618?addrs=128.105.69.185-9618+[2607-f388-2200-100-1270-fdff-fe56-c0d4]-9618&alias=e4037.chtc.wisc.edu&noUDP&sock=startd_16018_981a>
	SlotName: slot1_5@e4037.chtc.wisc.edu
	CondorScratchDir = "/var/lib/condor/execute/slot1/dir_1517536"
	Cpus = 1
	Disk = 1208198
	IoHeavy = 0
	Memory = 4096
...
006 (13655293.199.000) 2023-09-05 00:43:23 Image size of job updated: 664404
	649  -  MemoryUsage of job (MB)
	664404  -  ResidentSetSize of job (KB)
...
006 (13655293.199.000) 2023-09-05 00:48:23 Image size of job updated: 1188756
	975  -  MemoryUsage of job (MB)
	997948  -  ResidentSetSize of job (KB)
...
006 (13655293.199.000) 2023-09-05 00:53:24 Image size of job updated: 1188756
	980  -  MemoryUsage of job (MB)
	1003504  -  ResidentSetSize of job (KB)
...
006 (13655293.199.000) 2023-09-05 01:13:25 Image size of job updated: 1188756
	984  -  MemoryUsage of job (MB)
	1007088  -  ResidentSetSize of job (KB)
...
006 (13655293.199.000) 2023-09-05 01:18:25 Image size of job updated: 1188756
	988  -  MemoryUsage of job (MB)
	1010928  -  ResidentSetSize of job (KB)
...
006 (13655293.199.000) 2023-09-05 01:23:26 Image size of job updated: 1188756
	989  -  MemoryUsage of job (MB)
	1012364  -  ResidentSetSize of job (KB)
...
006 (13655293.199.000) 2023-09-05 22:56:52 Image size of job updated: 1272048
	989  -  MemoryUsage of job (MB)
	1012364  -  ResidentSetSize of job (KB)
...
040 (13655293.199.000) 2023-09-05 22:56:52 Started transferring output files
...
040 (13655293.199.000) 2023-09-05 22:56:52 Finished transferring output files
...
005 (13655293.199.000) 2023-09-05 22:56:52 Job terminated.
	(1) Normal termination (return value 0)
		Usr 0 21:48:24, Sys 0 00:04:27  -  Run Remote Usage
		Usr 0 00:00:00, Sys 0 00:00:00  -  Run Local Usage
		Usr 0 21:48:24, Sys 0 00:04:27  -  Total Remote Usage
		Usr 0 00:00:00, Sys 0 00:00:00  -  Total Local Usage
	1309522  -  Run Bytes Sent By Job
	32652772  -  Run Bytes Received By Job
	1309522  -  Total Bytes Sent By Job
	32652772  -  Total Bytes Received By Job
	Partitionable Resources :     Usage  Request Allocated 
	   Cpus                 :      0.98        1         1 
	   Disk (KB)            : 274913      524288   1208198 
	   IoHeavy              :                            0 
	   Memory (MB)          :    989        4096      4096 

	Job terminated of its own accord at 2023-09-06T03:56:52Z with exit-code 0.
...
