000 (14269004.027.000) 2023-09-11 03:23:01 Job submitted from host: <128.104.101.92:9618?addrs=128.104.101.92-9618+[2607-f388-107c-501-a236-9fff-fe3c-caa8]-9618&alias=submit2.chtc.wisc.edu&noUDP&sock=schedd_1879732_618e>
...
040 (14269004.027.000) 2023-09-11 03:27:11 Started transferring input files
	Transferring to host: <128.105.69.227:9618?addrs=128.105.69.227-9618+[2607-f388-2200-100-eaeb-d3ff-fe40-155c]-9618&alias=e2610.chtc.wisc.edu&noUDP&sock=slot1_10_51514_05e8_91049>
...
040 (14269004.027.000) 2023-09-11 03:27:14 Finished transferring input files
...
001 (14269004.027.000) 2023-09-11 03:27:15 Job executing on host: <128.105.69.227:9618?addrs=128.105.69.227-9618+[2607-f388-2200-100-eaeb-d3ff-fe40-155c]-9618&alias=e2610.chtc.wisc.edu&noUDP&sock=startd_18808_4d56>
	SlotName: slot1_10@e2610.chtc.wisc.edu
	CondorScratchDir = "/var/lib/condor/execute/slot1/dir_675179"
	Cpus = 1
	Disk = 1458998
	IoHeavy = 0
	Memory = 4096
...
006 (14269004.027.000) 2023-09-11 03:27:24 Image size of job updated: 272800
	219  -  MemoryUsage of job (MB)
	223552  -  ResidentSetSize of job (KB)
...
006 (14269004.027.000) 2023-09-11 03:32:00 Image size of job updated: 272800
	228  -  MemoryUsage of job (MB)
	232512  -  ResidentSetSize of job (KB)
...
040 (14269004.027.000) 2023-09-11 03:32:00 Started transferring output files
...
040 (14269004.027.000) 2023-09-11 03:32:00 Finished transferring output files
...
005 (14269004.027.000) 2023-09-11 03:32:00 Job terminated.
	(1) Normal termination (return value 0)
		Usr 0 00:04:36, Sys 0 00:00:02  -  Run Remote Usage
		Usr 0 00:00:00, Sys 0 00:00:00  -  Run Local Usage
		Usr 0 00:04:36, Sys 0 00:00:02  -  Total Remote Usage
		Usr 0 00:00:00, Sys 0 00:00:00  -  Total Local Usage
	172591  -  Run Bytes Sent By Job
	32664898  -  Run Bytes Received By Job
	172591  -  Total Bytes Sent By Job
	32664898  -  Total Bytes Received By Job
	Partitionable Resources :     Usage  Request Allocated 
	   Cpus                 :      0.45        1         1 
	   Disk (KB)            : 255898      524288   1458998 
	   IoHeavy              :                            0 
	   Memory (MB)          :    228        4096      4096 

	Job terminated of its own accord at 2023-09-11T08:32:00Z with exit-code 0.
...
