000 (13655293.325.000) 2023-09-05 00:33:11 Job submitted from host: <128.104.101.92:9618?addrs=128.104.101.92-9618+[2607-f388-107c-501-a236-9fff-fe3c-caa8]-9618&alias=submit2.chtc.wisc.edu&noUDP&sock=schedd_1879732_618e>
...
040 (13655293.325.000) 2023-09-05 00:53:23 Started transferring input files
	Transferring to host: <128.105.69.137:9618?addrs=128.105.69.137-9618+[2607-f388-2200-100-1270-fdff-fe56-d12c]-9618&alias=e4014.chtc.wisc.edu&noUDP&sock=slot1_23_1985361_2db7_52032>
...
001 (13655293.325.000) 2023-09-05 00:53:31 Job executing on host: <128.105.69.137:9618?addrs=128.105.69.137-9618+[2607-f388-2200-100-1270-fdff-fe56-d12c]-9618&alias=e4014.chtc.wisc.edu&noUDP&sock=startd_15862_9754>
	SlotName: slot1_23@e4014.chtc.wisc.edu
	CondorScratchDir = "/var/lib/condor/execute/slot1/dir_4085229"
	Cpus = 1
	Disk = 1208198
	IoHeavy = 0
	Memory = 4096
...
040 (13655293.325.000) 2023-09-05 00:53:31 Finished transferring input files
...
006 (13655293.325.000) 2023-09-05 00:53:40 Image size of job updated: 692812
	677  -  MemoryUsage of job (MB)
	692812  -  ResidentSetSize of job (KB)
...
006 (13655293.325.000) 2023-09-05 00:58:41 Image size of job updated: 1045288
	1021  -  MemoryUsage of job (MB)
	1045288  -  ResidentSetSize of job (KB)
...
006 (13655293.325.000) 2023-09-05 01:03:41 Image size of job updated: 1267196
	1238  -  MemoryUsage of job (MB)
	1267192  -  ResidentSetSize of job (KB)
...
006 (13655293.325.000) 2023-09-05 01:13:43 Image size of job updated: 1290656
	1238  -  MemoryUsage of job (MB)
	1267192  -  ResidentSetSize of job (KB)
...
006 (13655293.325.000) 2023-09-06 04:14:14 Image size of job updated: 1413736
	1238  -  MemoryUsage of job (MB)
	1267192  -  ResidentSetSize of job (KB)
...
040 (13655293.325.000) 2023-09-06 04:14:14 Started transferring output files
...
040 (13655293.325.000) 2023-09-06 04:14:14 Finished transferring output files
...
005 (13655293.325.000) 2023-09-06 04:14:14 Job terminated.
	(1) Normal termination (return value 0)
		Usr 1 02:46:26, Sys 0 00:10:39  -  Run Remote Usage
		Usr 0 00:00:00, Sys 0 00:00:00  -  Run Local Usage
		Usr 1 02:46:26, Sys 0 00:10:39  -  Total Remote Usage
		Usr 0 00:00:00, Sys 0 00:00:00  -  Total Local Usage
	1309388  -  Run Bytes Sent By Job
	32652772  -  Run Bytes Received By Job
	1309388  -  Total Bytes Sent By Job
	32652772  -  Total Bytes Received By Job
	Partitionable Resources :     Usage  Request Allocated 
	   Cpus                 :      0.98        1         1 
	   Disk (KB)            : 274902      524288   1208198 
	   IoHeavy              :                            0 
	   Memory (MB)          :   1238        4096      4096 

	Job terminated of its own accord at 2023-09-06T09:14:14Z with exit-code 0.
...
