000 (14312692.024.000) 2023-09-11 11:54:29 Job submitted from host: <128.104.101.92:9618?addrs=128.104.101.92-9618+[2607-f388-107c-501-a236-9fff-fe3c-caa8]-9618&alias=submit2.chtc.wisc.edu&noUDP&sock=schedd_1879732_618e>
...
040 (14312692.024.000) 2023-09-11 12:00:38 Started transferring input files
	Transferring to host: <128.105.69.205:9618?addrs=128.105.69.205-9618+[2607-f388-2200-100-eaeb-d3ff-fe40-294c]-9618&alias=e2588.chtc.wisc.edu&noUDP&sock=slot1_82_830098_e295_90477>
...
040 (14312692.024.000) 2023-09-11 12:00:39 Finished transferring input files
...
001 (14312692.024.000) 2023-09-11 12:00:42 Job executing on host: <128.105.69.205:9618?addrs=128.105.69.205-9618+[2607-f388-2200-100-eaeb-d3ff-fe40-294c]-9618&alias=e2588.chtc.wisc.edu&noUDP&sock=startd_16569_88c9>
	SlotName: slot1_82@e2588.chtc.wisc.edu
	CondorScratchDir = "/var/lib/condor/execute/slot1/dir_932066"
	Cpus = 1
	Disk = 1458998
	IoHeavy = 0
	Memory = 4096
...
006 (14312692.024.000) 2023-09-11 12:00:50 Image size of job updated: 695936
	680  -  MemoryUsage of job (MB)
	695936  -  ResidentSetSize of job (KB)
...
006 (14312692.024.000) 2023-09-11 12:04:53 Image size of job updated: 814352
	681  -  MemoryUsage of job (MB)
	696960  -  ResidentSetSize of job (KB)
...
040 (14312692.024.000) 2023-09-11 12:04:54 Started transferring output files
...
040 (14312692.024.000) 2023-09-11 12:04:54 Finished transferring output files
...
005 (14312692.024.000) 2023-09-11 12:04:54 Job terminated.
	(1) Normal termination (return value 0)
		Usr 0 00:04:02, Sys 0 00:00:04  -  Run Remote Usage
		Usr 0 00:00:00, Sys 0 00:00:00  -  Run Local Usage
		Usr 0 00:04:02, Sys 0 00:00:04  -  Total Remote Usage
		Usr 0 00:00:00, Sys 0 00:00:00  -  Total Local Usage
	169972  -  Run Bytes Sent By Job
	32720412  -  Run Bytes Received By Job
	169972  -  Total Bytes Sent By Job
	32720412  -  Total Bytes Received By Job
	Partitionable Resources :     Usage  Request Allocated 
	   Cpus                 :      0.99        1         1 
	   Disk (KB)            : 261333      524288   1458998 
	   IoHeavy              :                            0 
	   Memory (MB)          :    681        4096      4096 

	Job terminated of its own accord at 2023-09-11T17:04:53Z with exit-code 0.
...
