000 (14268886.041.000) 2023-09-11 03:21:39 Job submitted from host: <128.104.101.92:9618?addrs=128.104.101.92-9618+[2607-f388-107c-501-a236-9fff-fe3c-caa8]-9618&alias=submit2.chtc.wisc.edu&noUDP&sock=schedd_1879732_618e>
...
040 (14268886.041.000) 2023-09-11 03:23:34 Started transferring input files
	Transferring to host: <128.105.69.199:9618?addrs=128.105.69.199-9618+[2607-f388-2200-100-1270-fdff-fe56-70ec]-9618&alias=e4052.chtc.wisc.edu&noUDP&sock=slot1_40_23045_0982_71018>
...
040 (14268886.041.000) 2023-09-11 03:23:36 Finished transferring input files
...
001 (14268886.041.000) 2023-09-11 03:23:37 Job executing on host: <128.105.69.199:9618?addrs=128.105.69.199-9618+[2607-f388-2200-100-1270-fdff-fe56-70ec]-9618&alias=e4052.chtc.wisc.edu&noUDP&sock=startd_22905_80d9>
	SlotName: slot1_40@e4052.chtc.wisc.edu
	CondorScratchDir = "/var/lib/condor/execute/slot1/dir_246141"
	Cpus = 1
	Disk = 1208198
	IoHeavy = 0
	Memory = 4096
...
006 (14268886.041.000) 2023-09-11 03:23:46 Image size of job updated: 643632
	629  -  MemoryUsage of job (MB)
	643632  -  ResidentSetSize of job (KB)
...
006 (14268886.041.000) 2023-09-11 03:26:51 Image size of job updated: 832124
	629  -  MemoryUsage of job (MB)
	643632  -  ResidentSetSize of job (KB)
...
040 (14268886.041.000) 2023-09-11 03:26:51 Started transferring output files
...
040 (14268886.041.000) 2023-09-11 03:26:51 Finished transferring output files
...
005 (14268886.041.000) 2023-09-11 03:26:51 Job terminated.
	(1) Normal termination (return value 0)
		Usr 0 00:03:03, Sys 0 00:00:06  -  Run Remote Usage
		Usr 0 00:00:00, Sys 0 00:00:00  -  Run Local Usage
		Usr 0 00:03:03, Sys 0 00:00:06  -  Total Remote Usage
		Usr 0 00:00:00, Sys 0 00:00:00  -  Total Local Usage
	117381  -  Run Bytes Sent By Job
	32720416  -  Run Bytes Received By Job
	117381  -  Total Bytes Sent By Job
	32720416  -  Total Bytes Received By Job
	Partitionable Resources :     Usage  Request Allocated 
	   Cpus                 :      0.99        1         1 
	   Disk (KB)            : 261282      524288   1208198 
	   IoHeavy              :                            0 
	   Memory (MB)          :    629        4096      4096 

	Job terminated of its own accord at 2023-09-11T08:26:51Z with exit-code 0.
...
