000 (14312692.020.000) 2023-09-11 11:54:29 Job submitted from host: <128.104.101.92:9618?addrs=128.104.101.92-9618+[2607-f388-107c-501-a236-9fff-fe3c-caa8]-9618&alias=submit2.chtc.wisc.edu&noUDP&sock=schedd_1879732_618e>
...
040 (14312692.020.000) 2023-09-11 12:00:37 Started transferring input files
	Transferring to host: <128.105.69.155:9618?addrs=128.105.69.155-9618+[2607-f388-2200-100-1270-fdff-fe56-476c]-9618&alias=e4088.chtc.wisc.edu&noUDP&sock=slot1_119_2192573_c721_114734>
...
040 (14312692.020.000) 2023-09-11 12:00:39 Finished transferring input files
...
001 (14312692.020.000) 2023-09-11 12:00:42 Job executing on host: <128.105.69.155:9618?addrs=128.105.69.155-9618+[2607-f388-2200-100-1270-fdff-fe56-476c]-9618&alias=e4088.chtc.wisc.edu&noUDP&sock=startd_18901_17a4>
	SlotName: slot1_119@e4088.chtc.wisc.edu
	CondorScratchDir = "/var/lib/condor/execute/slot1/dir_1940187"
	Cpus = 1
	Disk = 1208198
	IoHeavy = 0
	Memory = 4096
...
006 (14312692.020.000) 2023-09-11 12:00:50 Image size of job updated: 649720
	635  -  MemoryUsage of job (MB)
	649720  -  ResidentSetSize of job (KB)
...
006 (14312692.020.000) 2023-09-11 12:04:53 Image size of job updated: 809832
	637  -  MemoryUsage of job (MB)
	651768  -  ResidentSetSize of job (KB)
...
040 (14312692.020.000) 2023-09-11 12:04:53 Started transferring output files
...
040 (14312692.020.000) 2023-09-11 12:04:53 Finished transferring output files
...
005 (14312692.020.000) 2023-09-11 12:04:53 Job terminated.
	(1) Normal termination (return value 0)
		Usr 0 00:04:01, Sys 0 00:00:04  -  Run Remote Usage
		Usr 0 00:00:00, Sys 0 00:00:00  -  Run Local Usage
		Usr 0 00:04:01, Sys 0 00:00:04  -  Total Remote Usage
		Usr 0 00:00:00, Sys 0 00:00:00  -  Total Local Usage
	169771  -  Run Bytes Sent By Job
	32720412  -  Run Bytes Received By Job
	169771  -  Total Bytes Sent By Job
	32720412  -  Total Bytes Received By Job
	Partitionable Resources :     Usage  Request Allocated 
	   Cpus                 :      0.98        1         1 
	   Disk (KB)            : 261333      524288   1208198 
	   IoHeavy              :                            0 
	   Memory (MB)          :    637        4096      4096 

	Job terminated of its own accord at 2023-09-11T17:04:53Z with exit-code 0.
...
