000 (13655293.017.000) 2023-09-05 00:33:11 Job submitted from host: <128.104.101.92:9618?addrs=128.104.101.92-9618+[2607-f388-107c-501-a236-9fff-fe3c-caa8]-9618&alias=submit2.chtc.wisc.edu&noUDP&sock=schedd_1879732_618e>
...
040 (13655293.017.000) 2023-09-05 00:36:04 Started transferring input files
	Transferring to host: <128.105.69.112:9618?addrs=128.105.69.112-9618+[2607-f388-2200-100-1270-fdff-fe56-c354]-9618&alias=e4061.chtc.wisc.edu&noUDP&sock=slot1_15_538946_f655_14447>
...
040 (13655293.017.000) 2023-09-05 00:36:06 Finished transferring input files
...
001 (13655293.017.000) 2023-09-05 00:36:08 Job executing on host: <128.105.69.112:9618?addrs=128.105.69.112-9618+[2607-f388-2200-100-1270-fdff-fe56-c354]-9618&alias=e4061.chtc.wisc.edu&noUDP&sock=startd_22836_2cd0>
	SlotName: slot1_15@e4061.chtc.wisc.edu
	CondorScratchDir = "/var/lib/condor/execute/slot1/dir_2207951"
	Cpus = 1
	Disk = 1208198
	IoHeavy = 0
	Memory = 4096
...
006 (13655293.017.000) 2023-09-05 00:36:17 Image size of job updated: 577968
	565  -  MemoryUsage of job (MB)
	577968  -  ResidentSetSize of job (KB)
...
006 (13655293.017.000) 2023-09-05 00:41:18 Image size of job updated: 1160924
	1134  -  MemoryUsage of job (MB)
	1160728  -  ResidentSetSize of job (KB)
...
006 (13655293.017.000) 2023-09-05 00:46:18 Image size of job updated: 1176852
	1134  -  MemoryUsage of job (MB)
	1160728  -  ResidentSetSize of job (KB)
...
006 (13655293.017.000) 2023-09-06 05:24:15 Image size of job updated: 1307904
	1134  -  MemoryUsage of job (MB)
	1160728  -  ResidentSetSize of job (KB)
...
040 (13655293.017.000) 2023-09-06 05:24:23 Started transferring output files
...
040 (13655293.017.000) 2023-09-06 05:24:23 Finished transferring output files
...
005 (13655293.017.000) 2023-09-06 05:24:23 Job terminated.
	(1) Normal termination (return value 0)
		Usr 1 04:04:54, Sys 0 00:13:26  -  Run Remote Usage
		Usr 0 00:00:00, Sys 0 00:00:00  -  Run Local Usage
		Usr 1 04:04:54, Sys 0 00:13:26  -  Total Remote Usage
		Usr 0 00:00:00, Sys 0 00:00:00  -  Total Local Usage
	1309432  -  Run Bytes Sent By Job
	32652772  -  Run Bytes Received By Job
	1309432  -  Total Bytes Sent By Job
	32652772  -  Total Bytes Received By Job
	Partitionable Resources :     Usage  Request Allocated 
	   Cpus                 :      0.98        1         1 
	   Disk (KB)            : 274915      524288   1208198 
	   IoHeavy              :                            0 
	   Memory (MB)          :   1134        4096      4096 

	Job terminated of its own accord at 2023-09-06T10:24:23Z with exit-code 0.
...
