000 (13648508.010.000) 2023-09-04 23:50:03 Job submitted from host: <128.104.101.92:9618?addrs=128.104.101.92-9618+[2607-f388-107c-501-a236-9fff-fe3c-caa8]-9618&alias=submit2.chtc.wisc.edu&noUDP&sock=schedd_1879732_618e>
...
040 (13648508.010.000) 2023-09-04 23:51:27 Started transferring input files
	Transferring to host: <128.105.69.192:9618?addrs=128.105.69.192-9618+[2607-f388-2200-100-1270-fdff-fe56-bc04]-9618&alias=build4002.chtc.wisc.edu&noUDP&sock=slot3_69_1262715_b2ad_333975>
...
040 (13648508.010.000) 2023-09-04 23:51:29 Finished transferring input files
...
001 (13648508.010.000) 2023-09-04 23:51:30 Job executing on host: <128.105.69.192:9618?addrs=128.105.69.192-9618+[2607-f388-2200-100-1270-fdff-fe56-bc04]-9618&alias=build4002.chtc.wisc.edu&noUDP&sock=startd_22892_961e>
	SlotName: slot3_69@build4002.chtc.wisc.edu
	CondorScratchDir = "/var/lib/condor/execute/slot3/dir_2354814"
	Cpus = 1
	Disk = 1208198
	IoHeavy = 0
	Memory = 4096
...
006 (13648508.010.000) 2023-09-04 23:51:38 Image size of job updated: 379700
	277  -  MemoryUsage of job (MB)
	283344  -  ResidentSetSize of job (KB)
...
006 (13648508.010.000) 2023-09-04 23:56:38 Image size of job updated: 379700
	299  -  MemoryUsage of job (MB)
	305208  -  ResidentSetSize of job (KB)
...
006 (13648508.010.000) 2023-09-05 00:01:39 Image size of job updated: 379700
	300  -  MemoryUsage of job (MB)
	306212  -  ResidentSetSize of job (KB)
...
040 (13648508.010.000) 2023-09-05 00:15:08 Started transferring output files
...
040 (13648508.010.000) 2023-09-05 00:15:08 Finished transferring output files
...
005 (13648508.010.000) 2023-09-05 00:15:24 Job terminated.
	(1) Normal termination (return value 0)
		Usr 0 00:23:13, Sys 0 00:00:01  -  Run Remote Usage
		Usr 0 00:00:00, Sys 0 00:00:00  -  Run Local Usage
		Usr 0 00:23:13, Sys 0 00:00:01  -  Total Remote Usage
		Usr 0 00:00:00, Sys 0 00:00:00  -  Total Local Usage
	30708  -  Run Bytes Sent By Job
	32665120  -  Run Bytes Received By Job
	30708  -  Total Bytes Sent By Job
	32665120  -  Total Bytes Received By Job
	Partitionable Resources :     Usage  Request Allocated 
	   Cpus                 :      0.99        1         1 
	   Disk (KB)            : 254945      524288   1208198 
	   IoHeavy              :                            0 
	   Memory (MB)          :    300        4096      4096 

	Job terminated of its own accord at 2023-09-05T05:15:08Z with exit-code 0.
...
