000 (13654438.010.000) 2023-09-05 00:29:54 Job submitted from host: <128.104.101.92:9618?addrs=128.104.101.92-9618+[2607-f388-107c-501-a236-9fff-fe3c-caa8]-9618&alias=submit2.chtc.wisc.edu&noUDP&sock=schedd_1879732_618e>
...
040 (13654438.010.000) 2023-09-05 00:30:05 Started transferring input files
	Transferring to host: <128.105.69.112:9618?addrs=128.105.69.112-9618+[2607-f388-2200-100-1270-fdff-fe56-c354]-9618&alias=e4061.chtc.wisc.edu&noUDP&sock=slot1_22_538946_f655_14404>
...
040 (13654438.010.000) 2023-09-05 00:30:07 Finished transferring input files
...
001 (13654438.010.000) 2023-09-05 00:30:08 Job executing on host: <128.105.69.112:9618?addrs=128.105.69.112-9618+[2607-f388-2200-100-1270-fdff-fe56-c354]-9618&alias=e4061.chtc.wisc.edu&noUDP&sock=startd_22836_2cd0>
	SlotName: slot1_22@e4061.chtc.wisc.edu
	CondorScratchDir = "/var/lib/condor/execute/slot1/dir_2201913"
	Cpus = 1
	Disk = 1208198
	IoHeavy = 0
	Memory = 4096
...
006 (13654438.010.000) 2023-09-05 00:30:17 Image size of job updated: 602960
	589  -  MemoryUsage of job (MB)
	602960  -  ResidentSetSize of job (KB)
...
006 (13654438.010.000) 2023-09-05 00:30:40 Image size of job updated: 703048
	590  -  MemoryUsage of job (MB)
	603728  -  ResidentSetSize of job (KB)
...
040 (13654438.010.000) 2023-09-05 00:30:40 Started transferring output files
...
040 (13654438.010.000) 2023-09-05 00:30:40 Finished transferring output files
...
005 (13654438.010.000) 2023-09-05 00:30:40 Job terminated.
	(1) Normal termination (return value 1)
		Usr 0 00:00:27, Sys 0 00:00:02  -  Run Remote Usage
		Usr 0 00:00:00, Sys 0 00:00:00  -  Run Local Usage
		Usr 0 00:00:27, Sys 0 00:00:02  -  Total Remote Usage
		Usr 0 00:00:00, Sys 0 00:00:00  -  Total Local Usage
	2587  -  Run Bytes Sent By Job
	32651174  -  Run Bytes Received By Job
	2587  -  Total Bytes Sent By Job
	32651174  -  Total Bytes Received By Job
	Partitionable Resources :    Usage  Request Allocated 
	   Cpus                 :                 1         1 
	   Disk (KB)            :   261094   524288   1208198 
	   IoHeavy              :                           0 
	   Memory (MB)          :      590     4096      4096 

	Job terminated of its own accord at 2023-09-05T05:30:40Z with exit-code 1.
...
