000 (13655293.042.000) 2023-09-05 00:33:11 Job submitted from host: <128.104.101.92:9618?addrs=128.104.101.92-9618+[2607-f388-107c-501-a236-9fff-fe3c-caa8]-9618&alias=submit2.chtc.wisc.edu&noUDP&sock=schedd_1879732_618e>
...
040 (13655293.042.000) 2023-09-05 00:36:12 Started transferring input files
	Transferring to host: <128.105.69.151:9618?addrs=128.105.69.151-9618+[2607-f388-2200-100-1270-fdff-fe56-7334]-9618&alias=e4028.chtc.wisc.edu&noUDP&sock=slot1_40_418228_35e8_10534>
...
001 (13655293.042.000) 2023-09-05 00:36:19 Job executing on host: <128.105.69.151:9618?addrs=128.105.69.151-9618+[2607-f388-2200-100-1270-fdff-fe56-7334]-9618&alias=e4028.chtc.wisc.edu&noUDP&sock=startd_27069_a935>
	SlotName: slot1_40@e4028.chtc.wisc.edu
	CondorScratchDir = "/var/lib/condor/execute/slot1/dir_1968988"
	Cpus = 1
	Disk = 1208198
	IoHeavy = 0
	Memory = 4096
...
040 (13655293.042.000) 2023-09-05 00:36:19 Finished transferring input files
...
006 (13655293.042.000) 2023-09-05 00:36:28 Image size of job updated: 593612
	580  -  MemoryUsage of job (MB)
	593608  -  ResidentSetSize of job (KB)
...
006 (13655293.042.000) 2023-09-05 00:41:29 Image size of job updated: 1180880
	971  -  MemoryUsage of job (MB)
	993732  -  ResidentSetSize of job (KB)
...
006 (13655293.042.000) 2023-09-05 00:46:29 Image size of job updated: 1180880
	977  -  MemoryUsage of job (MB)
	999428  -  ResidentSetSize of job (KB)
...
006 (13655293.042.000) 2023-09-05 01:31:33 Image size of job updated: 1180880
	977  -  MemoryUsage of job (MB)
	1000340  -  ResidentSetSize of job (KB)
...
006 (13655293.042.000) 2023-09-05 01:36:33 Image size of job updated: 1180880
	978  -  MemoryUsage of job (MB)
	1000456  -  ResidentSetSize of job (KB)
...
006 (13655293.042.000) 2023-09-05 02:16:36 Image size of job updated: 1180880
	984  -  MemoryUsage of job (MB)
	1006624  -  ResidentSetSize of job (KB)
...
006 (13655293.042.000) 2023-09-05 03:46:46 Image size of job updated: 1180880
	987  -  MemoryUsage of job (MB)
	1010292  -  ResidentSetSize of job (KB)
...
006 (13655293.042.000) 2023-09-05 21:28:29 Image size of job updated: 1306920
	987  -  MemoryUsage of job (MB)
	1010292  -  ResidentSetSize of job (KB)
...
040 (13655293.042.000) 2023-09-05 21:28:29 Started transferring output files
...
040 (13655293.042.000) 2023-09-05 21:28:29 Finished transferring output files
...
005 (13655293.042.000) 2023-09-05 21:28:29 Job terminated.
	(1) Normal termination (return value 0)
		Usr 0 20:28:59, Sys 0 00:04:57  -  Run Remote Usage
		Usr 0 00:00:00, Sys 0 00:00:00  -  Run Local Usage
		Usr 0 20:28:59, Sys 0 00:04:57  -  Total Remote Usage
		Usr 0 00:00:00, Sys 0 00:00:00  -  Total Local Usage
	1309615  -  Run Bytes Sent By Job
	32652772  -  Run Bytes Received By Job
	1309615  -  Total Bytes Sent By Job
	32652772  -  Total Bytes Received By Job
	Partitionable Resources :     Usage  Request Allocated 
	   Cpus                 :      0.99        1         1 
	   Disk (KB)            : 274876      524288   1208198 
	   IoHeavy              :                            0 
	   Memory (MB)          :    987        4096      4096 

	Job terminated of its own accord at 2023-09-06T02:28:29Z with exit-code 0.
...
