000 (14312692.040.000) 2023-09-11 11:54:29 Job submitted from host: <128.104.101.92:9618?addrs=128.104.101.92-9618+[2607-f388-107c-501-a236-9fff-fe3c-caa8]-9618&alias=submit2.chtc.wisc.edu&noUDP&sock=schedd_1879732_618e>
...
040 (14312692.040.000) 2023-09-11 12:00:39 Started transferring input files
	Transferring to host: <128.105.69.238:9618?addrs=128.105.69.238-9618+[2607-f388-2200-100-eaeb-d3ff-fe40-1ef4]-9618&alias=e2621.chtc.wisc.edu&noUDP&sock=slot1_66_2550101_98ec_103321>
...
040 (14312692.040.000) 2023-09-11 12:00:41 Finished transferring input files
...
001 (14312692.040.000) 2023-09-11 12:00:42 Job executing on host: <128.105.69.238:9618?addrs=128.105.69.238-9618+[2607-f388-2200-100-eaeb-d3ff-fe40-1ef4]-9618&alias=e2621.chtc.wisc.edu&noUDP&sock=startd_18697_2a52>
	SlotName: slot1_66@e2621.chtc.wisc.edu
	CondorScratchDir = "/var/lib/condor/execute/slot1/dir_2149867"
	Cpus = 1
	Disk = 1458998
	IoHeavy = 0
	Memory = 4096
...
006 (14312692.040.000) 2023-09-11 12:00:51 Image size of job updated: 710984
	695  -  MemoryUsage of job (MB)
	710984  -  ResidentSetSize of job (KB)
...
006 (14312692.040.000) 2023-09-11 12:03:14 Image size of job updated: 846004
	696  -  MemoryUsage of job (MB)
	711752  -  ResidentSetSize of job (KB)
...
040 (14312692.040.000) 2023-09-11 12:03:14 Started transferring output files
...
040 (14312692.040.000) 2023-09-11 12:03:14 Finished transferring output files
...
005 (14312692.040.000) 2023-09-11 12:03:14 Job terminated.
	(1) Normal termination (return value 0)
		Usr 0 00:02:24, Sys 0 00:00:04  -  Run Remote Usage
		Usr 0 00:00:00, Sys 0 00:00:00  -  Run Local Usage
		Usr 0 00:02:24, Sys 0 00:00:04  -  Total Remote Usage
		Usr 0 00:00:00, Sys 0 00:00:00  -  Total Local Usage
	130204  -  Run Bytes Sent By Job
	32720412  -  Run Bytes Received By Job
	130204  -  Total Bytes Sent By Job
	32720412  -  Total Bytes Received By Job
	Partitionable Resources :    Usage  Request Allocated 
	   Cpus                 :                 1         1 
	   Disk (KB)            :   261286   524288   1458998 
	   IoHeavy              :                           0 
	   Memory (MB)          :      696     4096      4096 

	Job terminated of its own accord at 2023-09-11T17:03:14Z with exit-code 0.
...
