000 (13655293.249.000) 2023-09-05 00:33:11 Job submitted from host: <128.104.101.92:9618?addrs=128.104.101.92-9618+[2607-f388-107c-501-a236-9fff-fe3c-caa8]-9618&alias=submit2.chtc.wisc.edu&noUDP&sock=schedd_1879732_618e>
...
040 (13655293.249.000) 2023-09-05 00:46:06 Started transferring input files
	Transferring to host: <128.105.69.97:9618?addrs=128.105.69.97-9618+[2607-f388-2200-100-1270-fdff-fe56-6e54]-9618&alias=e4008.chtc.wisc.edu&noUDP&sock=slot1_34_1090882_ce01_49949>
...
040 (13655293.249.000) 2023-09-05 00:46:08 Finished transferring input files
...
001 (13655293.249.000) 2023-09-05 00:46:09 Job executing on host: <128.105.69.97:9618?addrs=128.105.69.97-9618+[2607-f388-2200-100-1270-fdff-fe56-6e54]-9618&alias=e4008.chtc.wisc.edu&noUDP&sock=startd_813426_2817>
	SlotName: slot1_34@e4008.chtc.wisc.edu
	CondorScratchDir = "/var/lib/condor/execute/slot1/dir_4059718"
	Cpus = 1
	Disk = 1208198
	IoHeavy = 0
	Memory = 4096
...
006 (13655293.249.000) 2023-09-05 00:46:17 Image size of job updated: 645744
	631  -  MemoryUsage of job (MB)
	645740  -  ResidentSetSize of job (KB)
...
006 (13655293.249.000) 2023-09-05 00:51:17 Image size of job updated: 1270684
	1241  -  MemoryUsage of job (MB)
	1270544  -  ResidentSetSize of job (KB)
...
006 (13655293.249.000) 2023-09-05 00:56:19 Image size of job updated: 1292656
	1241  -  MemoryUsage of job (MB)
	1270544  -  ResidentSetSize of job (KB)
...
006 (13655293.249.000) 2023-09-05 22:00:42 Image size of job updated: 1306152
	1241  -  MemoryUsage of job (MB)
	1270544  -  ResidentSetSize of job (KB)
...
040 (13655293.249.000) 2023-09-05 22:00:42 Started transferring output files
...
040 (13655293.249.000) 2023-09-05 22:00:42 Finished transferring output files
...
005 (13655293.249.000) 2023-09-05 22:00:42 Job terminated.
	(1) Normal termination (return value 0)
		Usr 0 20:55:27, Sys 0 00:04:34  -  Run Remote Usage
		Usr 0 00:00:00, Sys 0 00:00:00  -  Run Local Usage
		Usr 0 20:55:27, Sys 0 00:04:34  -  Total Remote Usage
		Usr 0 00:00:00, Sys 0 00:00:00  -  Total Local Usage
	1309659  -  Run Bytes Sent By Job
	32652772  -  Run Bytes Received By Job
	1309659  -  Total Bytes Sent By Job
	32652772  -  Total Bytes Received By Job
	Partitionable Resources :     Usage  Request Allocated 
	   Cpus                 :      0.99        1         1 
	   Disk (KB)            : 274901      524288   1208198 
	   IoHeavy              :                            0 
	   Memory (MB)          :   1241        4096      4096 

	Job terminated of its own accord at 2023-09-06T03:00:42Z with exit-code 0.
...
