000 (13655293.046.000) 2023-09-05 00:33:11 Job submitted from host: <128.104.101.92:9618?addrs=128.104.101.92-9618+[2607-f388-107c-501-a236-9fff-fe3c-caa8]-9618&alias=submit2.chtc.wisc.edu&noUDP&sock=schedd_1879732_618e>
...
040 (13655293.046.000) 2023-09-05 00:36:08 Started transferring input files
	Transferring to host: <128.105.69.231:9618?addrs=128.105.69.231-9618+[2607-f388-2200-100-eaeb-d3ff-fe3f-fbfc]-9618&alias=e2614.chtc.wisc.edu&noUDP&sock=slot1_36_790319_fb23_52471>
...
040 (13655293.046.000) 2023-09-05 00:36:09 Finished transferring input files
...
001 (13655293.046.000) 2023-09-05 00:36:12 Job executing on host: <128.105.69.231:9618?addrs=128.105.69.231-9618+[2607-f388-2200-100-eaeb-d3ff-fe3f-fbfc]-9618&alias=e2614.chtc.wisc.edu&noUDP&sock=startd_11686_33d5>
	SlotName: slot1_36@e2614.chtc.wisc.edu
	CondorScratchDir = "/var/lib/condor/execute/slot1/dir_3198209"
	Cpus = 1
	Disk = 1458998
	IoHeavy = 0
	Memory = 4096
...
006 (13655293.046.000) 2023-09-05 00:36:21 Image size of job updated: 847776
	428  -  MemoryUsage of job (MB)
	438240  -  ResidentSetSize of job (KB)
...
006 (13655293.046.000) 2023-09-05 00:41:22 Image size of job updated: 1366296
	1155  -  MemoryUsage of job (MB)
	1182160  -  ResidentSetSize of job (KB)
...
006 (13655293.046.000) 2023-09-05 01:01:23 Image size of job updated: 1366296
	1162  -  MemoryUsage of job (MB)
	1189056  -  ResidentSetSize of job (KB)
...
006 (13655293.046.000) 2023-09-05 01:31:25 Image size of job updated: 1366296
	1162  -  MemoryUsage of job (MB)
	1189312  -  ResidentSetSize of job (KB)
...
006 (13655293.046.000) 2023-09-05 02:16:30 Image size of job updated: 1366296
	1164  -  MemoryUsage of job (MB)
	1191868  -  ResidentSetSize of job (KB)
...
006 (13655293.046.000) 2023-09-05 17:11:45 Image size of job updated: 1400588
	1164  -  MemoryUsage of job (MB)
	1191868  -  ResidentSetSize of job (KB)
...
040 (13655293.046.000) 2023-09-05 17:11:45 Started transferring output files
...
040 (13655293.046.000) 2023-09-05 17:11:45 Finished transferring output files
...
005 (13655293.046.000) 2023-09-05 17:11:45 Job terminated.
	(1) Normal termination (return value 0)
		Usr 0 16:20:50, Sys 0 00:01:41  -  Run Remote Usage
		Usr 0 00:00:00, Sys 0 00:00:00  -  Run Local Usage
		Usr 0 16:20:50, Sys 0 00:01:41  -  Total Remote Usage
		Usr 0 00:00:00, Sys 0 00:00:00  -  Total Local Usage
	1309839  -  Run Bytes Sent By Job
	32652772  -  Run Bytes Received By Job
	1309839  -  Total Bytes Sent By Job
	32652772  -  Total Bytes Received By Job
	Partitionable Resources :     Usage  Request Allocated 
	   Cpus                 :      0.98        1         1 
	   Disk (KB)            : 274890      524288   1458998 
	   IoHeavy              :                            0 
	   Memory (MB)          :   1164        4096      4096 

	Job terminated of its own accord at 2023-09-05T22:11:45Z with exit-code 0.
...
