000 (13655293.131.000) 2023-09-05 00:33:11 Job submitted from host: <128.104.101.92:9618?addrs=128.104.101.92-9618+[2607-f388-107c-501-a236-9fff-fe3c-caa8]-9618&alias=submit2.chtc.wisc.edu&noUDP&sock=schedd_1879732_618e>
...
040 (13655293.131.000) 2023-09-05 00:36:28 Started transferring input files
	Transferring to host: <128.105.69.171:9618?addrs=128.105.69.171-9618+[2607-f388-2200-100-1270-fdff-fe56-76ac]-9618&alias=e2554.chtc.wisc.edu&noUDP&sock=slot1_62_1826531_133c_47896>
...
001 (13655293.131.000) 2023-09-05 00:36:37 Job executing on host: <128.105.69.171:9618?addrs=128.105.69.171-9618+[2607-f388-2200-100-1270-fdff-fe56-76ac]-9618&alias=e2554.chtc.wisc.edu&noUDP&sock=startd_14106_1f06>
	SlotName: slot1_62@e2554.chtc.wisc.edu
	CondorScratchDir = "/var/lib/condor/execute/slot1/dir_1566101"
	Cpus = 1
	Disk = 1208198
	IoHeavy = 0
	Memory = 4096
...
040 (13655293.131.000) 2023-09-05 00:36:37 Finished transferring input files
...
006 (13655293.131.000) 2023-09-05 00:36:46 Image size of job updated: 712276
	696  -  MemoryUsage of job (MB)
	712276  -  ResidentSetSize of job (KB)
...
006 (13655293.131.000) 2023-09-05 00:41:47 Image size of job updated: 1285824
	1074  -  MemoryUsage of job (MB)
	1099004  -  ResidentSetSize of job (KB)
...
006 (13655293.131.000) 2023-09-05 00:46:47 Image size of job updated: 1285824
	1075  -  MemoryUsage of job (MB)
	1100420  -  ResidentSetSize of job (KB)
...
006 (13655293.131.000) 2023-09-05 01:11:50 Image size of job updated: 1285824
	1075  -  MemoryUsage of job (MB)
	1100688  -  ResidentSetSize of job (KB)
...
006 (13655293.131.000) 2023-09-05 01:16:50 Image size of job updated: 1285824
	1081  -  MemoryUsage of job (MB)
	1106040  -  ResidentSetSize of job (KB)
...
006 (13655293.131.000) 2023-09-05 01:36:54 Image size of job updated: 1285824
	1082  -  MemoryUsage of job (MB)
	1107572  -  ResidentSetSize of job (KB)
...
006 (13655293.131.000) 2023-09-05 02:21:57 Image size of job updated: 1285824
	1086  -  MemoryUsage of job (MB)
	1112004  -  ResidentSetSize of job (KB)
...
006 (13655293.131.000) 2023-09-05 03:27:04 Image size of job updated: 1285824
	1087  -  MemoryUsage of job (MB)
	1112576  -  ResidentSetSize of job (KB)
...
006 (13655293.131.000) 2023-09-05 03:57:09 Image size of job updated: 1285824
	1087  -  MemoryUsage of job (MB)
	1112744  -  ResidentSetSize of job (KB)
...
006 (13655293.131.000) 2023-09-06 00:41:20 Image size of job updated: 1396752
	1087  -  MemoryUsage of job (MB)
	1112744  -  ResidentSetSize of job (KB)
...
040 (13655293.131.000) 2023-09-06 00:41:20 Started transferring output files
...
040 (13655293.131.000) 2023-09-06 00:41:20 Finished transferring output files
...
005 (13655293.131.000) 2023-09-06 00:41:21 Job terminated.
	(1) Normal termination (return value 0)
		Usr 0 23:35:32, Sys 0 00:03:59  -  Run Remote Usage
		Usr 0 00:00:00, Sys 0 00:00:00  -  Run Local Usage
		Usr 0 23:35:32, Sys 0 00:03:59  -  Total Remote Usage
		Usr 0 00:00:00, Sys 0 00:00:00  -  Total Local Usage
	1309429  -  Run Bytes Sent By Job
	32652772  -  Run Bytes Received By Job
	1309429  -  Total Bytes Sent By Job
	32652772  -  Total Bytes Received By Job
	Partitionable Resources :     Usage  Request Allocated 
	   Cpus                 :      0.98        1         1 
	   Disk (KB)            : 274910      524288   1208198 
	   IoHeavy              :                            0 
	   Memory (MB)          :   1087        4096      4096 

	Job terminated of its own accord at 2023-09-06T05:41:20Z with exit-code 0.
...
