000 (14269004.005.000) 2023-09-11 03:23:01 Job submitted from host: <128.104.101.92:9618?addrs=128.104.101.92-9618+[2607-f388-107c-501-a236-9fff-fe3c-caa8]-9618&alias=submit2.chtc.wisc.edu&noUDP&sock=schedd_1879732_618e>
...
040 (14269004.005.000) 2023-09-11 03:25:35 Started transferring input files
	Transferring to host: <128.105.69.217:9618?addrs=128.105.69.217-9618&alias=e2600.chtc.wisc.edu&noUDP&sock=slot1_4_2694509_18dc_153677>
...
040 (14269004.005.000) 2023-09-11 03:25:39 Finished transferring input files
...
001 (14269004.005.000) 2023-09-11 03:25:40 Job executing on host: <128.105.69.217:9618?addrs=128.105.69.217-9618&alias=e2600.chtc.wisc.edu&noUDP&sock=startd_19081_8eb0>
	SlotName: slot1_4@e2600.chtc.wisc.edu
	CondorScratchDir = "/var/lib/condor/execute/slot1/dir_1995618"
	Cpus = 1
	Disk = 1458998
	IoHeavy = 0
	Memory = 4096
...
006 (14269004.005.000) 2023-09-11 03:25:48 Image size of job updated: 272360
	138  -  MemoryUsage of job (MB)
	140612  -  ResidentSetSize of job (KB)
...
006 (14269004.005.000) 2023-09-11 03:30:48 Image size of job updated: 272360
	205  -  MemoryUsage of job (MB)
	209436  -  ResidentSetSize of job (KB)
...
006 (14269004.005.000) 2023-09-11 03:35:50 Image size of job updated: 272360
	206  -  MemoryUsage of job (MB)
	209988  -  ResidentSetSize of job (KB)
...
006 (14269004.005.000) 2023-09-11 03:40:50 Image size of job updated: 272360
	206  -  MemoryUsage of job (MB)
	210756  -  ResidentSetSize of job (KB)
...
006 (14269004.005.000) 2023-09-11 03:45:50 Image size of job updated: 272360
	206  -  MemoryUsage of job (MB)
	210760  -  ResidentSetSize of job (KB)
...
006 (14269004.005.000) 2023-09-11 03:55:51 Image size of job updated: 272360
	207  -  MemoryUsage of job (MB)
	211016  -  ResidentSetSize of job (KB)
...
040 (14269004.005.000) 2023-09-11 04:08:46 Started transferring output files
...
040 (14269004.005.000) 2023-09-11 04:08:47 Finished transferring output files
...
005 (14269004.005.000) 2023-09-11 04:08:47 Job terminated.
	(1) Normal termination (return value 0)
		Usr 0 00:42:25, Sys 0 00:00:05  -  Run Remote Usage
		Usr 0 00:00:00, Sys 0 00:00:00  -  Run Local Usage
		Usr 0 00:42:25, Sys 0 00:00:05  -  Total Remote Usage
		Usr 0 00:00:00, Sys 0 00:00:00  -  Total Local Usage
	437640  -  Run Bytes Sent By Job
	32664898  -  Run Bytes Received By Job
	437640  -  Total Bytes Sent By Job
	32664898  -  Total Bytes Received By Job
	Partitionable Resources :     Usage  Request Allocated 
	   Cpus                 :      0.99        1         1 
	   Disk (KB)            : 255340      524288   1458998 
	   IoHeavy              :                            0 
	   Memory (MB)          :    207        4096      4096 

	Job terminated of its own accord at 2023-09-11T09:08:46Z with exit-code 0.
...
