000 (13648508.076.000) 2023-09-04 23:50:03 Job submitted from host: <128.104.101.92:9618?addrs=128.104.101.92-9618+[2607-f388-107c-501-a236-9fff-fe3c-caa8]-9618&alias=submit2.chtc.wisc.edu&noUDP&sock=schedd_1879732_618e>
...
040 (13648508.076.000) 2023-09-05 00:09:43 Started transferring input files
	Transferring to host: <128.105.69.216:9618?addrs=128.105.69.216-9618&alias=e2599.chtc.wisc.edu&noUDP&sock=slot1_49_2943992_709e_39433>
...
040 (13648508.076.000) 2023-09-05 00:09:45 Finished transferring input files
...
001 (13648508.076.000) 2023-09-05 00:09:46 Job executing on host: <128.105.69.216:9618?addrs=128.105.69.216-9618&alias=e2599.chtc.wisc.edu&noUDP&sock=startd_18846_5def>
	SlotName: slot1_49@e2599.chtc.wisc.edu
	CondorScratchDir = "/var/lib/condor/execute/slot1/dir_355516"
	Cpus = 1
	Disk = 749021
	IoHeavy = 0
	Memory = 4096
...
006 (13648508.076.000) 2023-09-05 00:09:54 Image size of job updated: 380092
	269  -  MemoryUsage of job (MB)
	274584  -  ResidentSetSize of job (KB)
...
040 (13648508.076.000) 2023-09-05 00:10:53 Started transferring output files
...
040 (13648508.076.000) 2023-09-05 00:10:53 Finished transferring output files
...
005 (13648508.076.000) 2023-09-05 00:10:53 Job terminated.
	(1) Normal termination (return value 0)
		Usr 0 00:01:03, Sys 0 00:00:01  -  Run Remote Usage
		Usr 0 00:00:00, Sys 0 00:00:00  -  Run Local Usage
		Usr 0 00:01:03, Sys 0 00:00:01  -  Total Remote Usage
		Usr 0 00:00:00, Sys 0 00:00:00  -  Total Local Usage
	29343  -  Run Bytes Sent By Job
	32665120  -  Run Bytes Received By Job
	29343  -  Total Bytes Sent By Job
	32665120  -  Total Bytes Received By Job
	Partitionable Resources :    Usage  Request Allocated 
	   Cpus                 :                 1         1 
	   Disk (KB)            :   254933   524288    749021 
	   IoHeavy              :                           0 
	   Memory (MB)          :      269     4096      4096 

	Job terminated of its own accord at 2023-09-05T05:10:53Z with exit-code 0.
...
