000 (14312692.015.000) 2023-09-11 11:54:29 Job submitted from host: <128.104.101.92:9618?addrs=128.104.101.92-9618+[2607-f388-107c-501-a236-9fff-fe3c-caa8]-9618&alias=submit2.chtc.wisc.edu&noUDP&sock=schedd_1879732_618e>
...
040 (14312692.015.000) 2023-09-11 12:00:37 Started transferring input files
	Transferring to host: <128.105.69.244:9618?addrs=128.105.69.244-9618+[2607-f388-2200-100-eaeb-d3ff-fe40-205c]-9618&alias=e2627.chtc.wisc.edu&noUDP&sock=slot1_194_3017498_110b_89020>
...
040 (14312692.015.000) 2023-09-11 12:00:41 Finished transferring input files
...
001 (14312692.015.000) 2023-09-11 12:00:42 Job executing on host: <128.105.69.244:9618?addrs=128.105.69.244-9618+[2607-f388-2200-100-eaeb-d3ff-fe40-205c]-9618&alias=e2627.chtc.wisc.edu&noUDP&sock=startd_18898_08dc>
	SlotName: slot1_194@e2627.chtc.wisc.edu
	CondorScratchDir = "/var/lib/condor/execute/slot1/dir_3603849"
	Cpus = 1
	Disk = 1458998
	IoHeavy = 0
	Memory = 4096
...
006 (14312692.015.000) 2023-09-11 12:00:51 Image size of job updated: 298596
	292  -  MemoryUsage of job (MB)
	298596  -  ResidentSetSize of job (KB)
...
006 (14312692.015.000) 2023-09-11 12:05:52 Image size of job updated: 703168
	301  -  MemoryUsage of job (MB)
	308036  -  ResidentSetSize of job (KB)
...
006 (14312692.015.000) 2023-09-11 12:10:52 Image size of job updated: 703168
	306  -  MemoryUsage of job (MB)
	312388  -  ResidentSetSize of job (KB)
...
040 (14312692.015.000) 2023-09-11 12:11:01 Started transferring output files
...
040 (14312692.015.000) 2023-09-11 12:11:01 Finished transferring output files
...
005 (14312692.015.000) 2023-09-11 12:11:02 Job terminated.
	(1) Normal termination (return value 0)
		Usr 0 00:09:58, Sys 0 00:00:11  -  Run Remote Usage
		Usr 0 00:00:00, Sys 0 00:00:00  -  Run Local Usage
		Usr 0 00:09:58, Sys 0 00:00:11  -  Total Remote Usage
		Usr 0 00:00:00, Sys 0 00:00:00  -  Total Local Usage
	218474  -  Run Bytes Sent By Job
	32720412  -  Run Bytes Received By Job
	218474  -  Total Bytes Sent By Job
	32720412  -  Total Bytes Received By Job
	Partitionable Resources :     Usage  Request Allocated 
	   Cpus                 :      0.99        1         1 
	   Disk (KB)            : 261380      524288   1458998 
	   IoHeavy              :                            0 
	   Memory (MB)          :    306        4096      4096 

	Job terminated of its own accord at 2023-09-11T17:11:01Z with exit-code 0.
...
