000 (14269004.058.000) 2023-09-11 03:23:01 Job submitted from host: <128.104.101.92:9618?addrs=128.104.101.92-9618+[2607-f388-107c-501-a236-9fff-fe3c-caa8]-9618&alias=submit2.chtc.wisc.edu&noUDP&sock=schedd_1879732_618e>
...
040 (14269004.058.000) 2023-09-11 03:27:49 Started transferring input files
	Transferring to host: <128.105.69.142:9618?addrs=128.105.69.142-9618+[2607-f388-2200-100-1270-fdff-fe56-747c]-9618&alias=e4019.chtc.wisc.edu&noUDP&sock=slot1_21_3701491_0311_93467>
...
040 (14269004.058.000) 2023-09-11 03:27:52 Finished transferring input files
...
001 (14269004.058.000) 2023-09-11 03:27:53 Job executing on host: <128.105.69.142:9618?addrs=128.105.69.142-9618+[2607-f388-2200-100-1270-fdff-fe56-747c]-9618&alias=e4019.chtc.wisc.edu&noUDP&sock=startd_15796_5214>
	SlotName: slot1_21@e4019.chtc.wisc.edu
	CondorScratchDir = "/var/lib/condor/execute/slot1/dir_1195660"
	Cpus = 1
	Disk = 1208198
	IoHeavy = 0
	Memory = 4096
...
006 (14269004.058.000) 2023-09-11 03:28:01 Image size of job updated: 379244
	353  -  MemoryUsage of job (MB)
	361304  -  ResidentSetSize of job (KB)
...
040 (14269004.058.000) 2023-09-11 03:30:36 Started transferring output files
...
040 (14269004.058.000) 2023-09-11 03:30:36 Finished transferring output files
...
005 (14269004.058.000) 2023-09-11 03:30:36 Job terminated.
	(1) Normal termination (return value 0)
		Usr 0 00:02:26, Sys 0 00:00:02  -  Run Remote Usage
		Usr 0 00:00:00, Sys 0 00:00:00  -  Run Local Usage
		Usr 0 00:02:26, Sys 0 00:00:02  -  Total Remote Usage
		Usr 0 00:00:00, Sys 0 00:00:00  -  Total Local Usage
	103912  -  Run Bytes Sent By Job
	32664898  -  Run Bytes Received By Job
	103912  -  Total Bytes Sent By Job
	32664898  -  Total Bytes Received By Job
	Partitionable Resources :     Usage  Request Allocated 
	   Cpus                 :      0.04        1         1 
	   Disk (KB)            : 255909      524288   1208198 
	   IoHeavy              :                            0 
	   Memory (MB)          :    353        4096      4096 

	Job terminated of its own accord at 2023-09-11T08:30:36Z with exit-code 0.
...
