000 (13655293.268.000) 2023-09-05 00:33:11 Job submitted from host: <128.104.101.92:9618?addrs=128.104.101.92-9618+[2607-f388-107c-501-a236-9fff-fe3c-caa8]-9618&alias=submit2.chtc.wisc.edu&noUDP&sock=schedd_1879732_618e>
...
040 (13655293.268.000) 2023-09-05 00:51:24 Started transferring input files
	Transferring to host: <128.105.69.139:9618?addrs=128.105.69.139-9618+[2607-f388-2200-100-1270-fdff-fe56-79fc]-9618&alias=e4016.chtc.wisc.edu&noUDP&sock=slot1_102_3874560_c76f_62417>
...
040 (13655293.268.000) 2023-09-05 00:51:26 Finished transferring input files
...
001 (13655293.268.000) 2023-09-05 00:51:29 Job executing on host: <128.105.69.139:9618?addrs=128.105.69.139-9618+[2607-f388-2200-100-1270-fdff-fe56-79fc]-9618&alias=e4016.chtc.wisc.edu&noUDP&sock=startd_15800_1075>
	SlotName: slot1_102@e4016.chtc.wisc.edu
	CondorScratchDir = "/var/lib/condor/execute/slot1/dir_2421312"
	Cpus = 1
	Disk = 1208198
	IoHeavy = 0
	Memory = 4096
...
006 (13655293.268.000) 2023-09-05 00:51:38 Image size of job updated: 695588
	680  -  MemoryUsage of job (MB)
	695588  -  ResidentSetSize of job (KB)
...
006 (13655293.268.000) 2023-09-05 00:56:39 Image size of job updated: 1283720
	1056  -  MemoryUsage of job (MB)
	1080636  -  ResidentSetSize of job (KB)
...
006 (13655293.268.000) 2023-09-05 01:01:39 Image size of job updated: 1283720
	1080  -  MemoryUsage of job (MB)
	1105712  -  ResidentSetSize of job (KB)
...
006 (13655293.268.000) 2023-09-05 01:16:40 Image size of job updated: 1283720
	1087  -  MemoryUsage of job (MB)
	1112560  -  ResidentSetSize of job (KB)
...
006 (13655293.268.000) 2023-09-05 01:26:42 Image size of job updated: 1283720
	1091  -  MemoryUsage of job (MB)
	1116248  -  ResidentSetSize of job (KB)
...
006 (13655293.268.000) 2023-09-05 04:52:03 Image size of job updated: 1283720
	1093  -  MemoryUsage of job (MB)
	1118924  -  ResidentSetSize of job (KB)
...
006 (13655293.268.000) 2023-09-05 22:30:01 Image size of job updated: 1412320
	1093  -  MemoryUsage of job (MB)
	1118924  -  ResidentSetSize of job (KB)
...
040 (13655293.268.000) 2023-09-05 22:30:02 Started transferring output files
...
040 (13655293.268.000) 2023-09-05 22:30:02 Finished transferring output files
...
005 (13655293.268.000) 2023-09-05 22:30:02 Job terminated.
	(1) Normal termination (return value 0)
		Usr 0 21:14:15, Sys 0 00:03:34  -  Run Remote Usage
		Usr 0 00:00:00, Sys 0 00:00:00  -  Run Local Usage
		Usr 0 21:14:15, Sys 0 00:03:34  -  Total Remote Usage
		Usr 0 00:00:00, Sys 0 00:00:00  -  Total Local Usage
	1309457  -  Run Bytes Sent By Job
	32652772  -  Run Bytes Received By Job
	1309457  -  Total Bytes Sent By Job
	32652772  -  Total Bytes Received By Job
	Partitionable Resources :     Usage  Request Allocated 
	   Cpus                 :      0.99        1         1 
	   Disk (KB)            : 274909      524288   1208198 
	   IoHeavy              :                            0 
	   Memory (MB)          :   1093        4096      4096 

	Job terminated of its own accord at 2023-09-06T03:30:01Z with exit-code 0.
...
