000 (13655293.059.000) 2023-09-05 00:33:11 Job submitted from host: <128.104.101.92:9618?addrs=128.104.101.92-9618+[2607-f388-107c-501-a236-9fff-fe3c-caa8]-9618&alias=submit2.chtc.wisc.edu&noUDP&sock=schedd_1879732_618e>
...
040 (13655293.059.000) 2023-09-05 00:36:11 Started transferring input files
	Transferring to host: <128.105.69.171:9618?addrs=128.105.69.171-9618+[2607-f388-2200-100-1270-fdff-fe56-76ac]-9618&alias=e2554.chtc.wisc.edu&noUDP&sock=slot1_38_1826531_133c_47889>
...
040 (13655293.059.000) 2023-09-05 00:36:13 Finished transferring input files
...
001 (13655293.059.000) 2023-09-05 00:36:19 Job executing on host: <128.105.69.171:9618?addrs=128.105.69.171-9618+[2607-f388-2200-100-1270-fdff-fe56-76ac]-9618&alias=e2554.chtc.wisc.edu&noUDP&sock=startd_14106_1f06>
	SlotName: slot1_38@e2554.chtc.wisc.edu
	CondorScratchDir = "/var/lib/condor/execute/slot1/dir_1565262"
	Cpus = 1
	Disk = 1208198
	IoHeavy = 0
	Memory = 4096
...
006 (13655293.059.000) 2023-09-05 00:36:28 Image size of job updated: 606080
	592  -  MemoryUsage of job (MB)
	606080  -  ResidentSetSize of job (KB)
...
006 (13655293.059.000) 2023-09-05 00:41:29 Image size of job updated: 1182992
	961  -  MemoryUsage of job (MB)
	983788  -  ResidentSetSize of job (KB)
...
006 (13655293.059.000) 2023-09-05 00:46:29 Image size of job updated: 1182992
	974  -  MemoryUsage of job (MB)
	996708  -  ResidentSetSize of job (KB)
...
006 (13655293.059.000) 2023-09-05 00:56:31 Image size of job updated: 1182992
	976  -  MemoryUsage of job (MB)
	999112  -  ResidentSetSize of job (KB)
...
006 (13655293.059.000) 2023-09-05 01:06:33 Image size of job updated: 1182992
	976  -  MemoryUsage of job (MB)
	999312  -  ResidentSetSize of job (KB)
...
006 (13655293.059.000) 2023-09-05 01:36:36 Image size of job updated: 1182992
	978  -  MemoryUsage of job (MB)
	1001096  -  ResidentSetSize of job (KB)
...
006 (13655293.059.000) 2023-09-05 01:56:37 Image size of job updated: 1182992
	978  -  MemoryUsage of job (MB)
	1001100  -  ResidentSetSize of job (KB)
...
006 (13655293.059.000) 2023-09-05 03:26:45 Image size of job updated: 1182992
	981  -  MemoryUsage of job (MB)
	1004168  -  ResidentSetSize of job (KB)
...
006 (13655293.059.000) 2023-09-05 04:11:50 Image size of job updated: 1182992
	982  -  MemoryUsage of job (MB)
	1004552  -  ResidentSetSize of job (KB)
...
006 (13655293.059.000) 2023-09-06 00:58:53 Image size of job updated: 1306532
	982  -  MemoryUsage of job (MB)
	1004552  -  ResidentSetSize of job (KB)
...
040 (13655293.059.000) 2023-09-06 00:58:53 Started transferring output files
...
040 (13655293.059.000) 2023-09-06 00:58:53 Finished transferring output files
...
005 (13655293.059.000) 2023-09-06 00:58:54 Job terminated.
	(1) Normal termination (return value 0)
		Usr 0 23:49:44, Sys 0 00:06:58  -  Run Remote Usage
		Usr 0 00:00:00, Sys 0 00:00:00  -  Run Local Usage
		Usr 0 23:49:44, Sys 0 00:06:58  -  Total Remote Usage
		Usr 0 00:00:00, Sys 0 00:00:00  -  Total Local Usage
	1309461  -  Run Bytes Sent By Job
	32652772  -  Run Bytes Received By Job
	1309461  -  Total Bytes Sent By Job
	32652772  -  Total Bytes Received By Job
	Partitionable Resources :     Usage  Request Allocated 
	   Cpus                 :      0.99        1         1 
	   Disk (KB)            : 274894      524288   1208198 
	   IoHeavy              :                            0 
	   Memory (MB)          :    982        4096      4096 

	Job terminated of its own accord at 2023-09-06T05:58:53Z with exit-code 0.
...
