000 (13655293.062.000) 2023-09-05 00:33:11 Job submitted from host: <128.104.101.92:9618?addrs=128.104.101.92-9618+[2607-f388-107c-501-a236-9fff-fe3c-caa8]-9618&alias=submit2.chtc.wisc.edu&noUDP&sock=schedd_1879732_618e>
...
040 (13655293.062.000) 2023-09-05 00:36:11 Started transferring input files
	Transferring to host: <128.105.69.178:9618?addrs=128.105.69.178-9618+[2607-f388-2200-100-1270-fdff-fe56-c31c]-9618&alias=e2561.chtc.wisc.edu&noUDP&sock=slot1_56_3096927_fb89_81909>
...
040 (13655293.062.000) 2023-09-05 00:36:14 Finished transferring input files
...
001 (13655293.062.000) 2023-09-05 00:36:21 Job executing on host: <128.105.69.178:9618?addrs=128.105.69.178-9618+[2607-f388-2200-100-1270-fdff-fe56-c31c]-9618&alias=e2561.chtc.wisc.edu&noUDP&sock=startd_13913_bd3e>
	SlotName: slot1_56@e2561.chtc.wisc.edu
	CondorScratchDir = "/var/lib/condor/execute/slot1/dir_440048"
	Cpus = 1
	Disk = 1208198
	IoHeavy = 0
	Memory = 4096
...
006 (13655293.062.000) 2023-09-05 00:36:30 Image size of job updated: 718484
	702  -  MemoryUsage of job (MB)
	718480  -  ResidentSetSize of job (KB)
...
006 (13655293.062.000) 2023-09-05 00:41:31 Image size of job updated: 1285884
	1063  -  MemoryUsage of job (MB)
	1088440  -  ResidentSetSize of job (KB)
...
006 (13655293.062.000) 2023-09-05 00:46:31 Image size of job updated: 1285884
	1073  -  MemoryUsage of job (MB)
	1098680  -  ResidentSetSize of job (KB)
...
006 (13655293.062.000) 2023-09-05 00:56:33 Image size of job updated: 1285884
	1078  -  MemoryUsage of job (MB)
	1103052  -  ResidentSetSize of job (KB)
...
006 (13655293.062.000) 2023-09-05 01:01:33 Image size of job updated: 1285884
	1084  -  MemoryUsage of job (MB)
	1109516  -  ResidentSetSize of job (KB)
...
006 (13655293.062.000) 2023-09-05 01:31:37 Image size of job updated: 1285884
	1085  -  MemoryUsage of job (MB)
	1110464  -  ResidentSetSize of job (KB)
...
006 (13655293.062.000) 2023-09-05 01:56:39 Image size of job updated: 1285884
	1088  -  MemoryUsage of job (MB)
	1113964  -  ResidentSetSize of job (KB)
...
006 (13655293.062.000) 2023-09-05 02:01:40 Image size of job updated: 1285884
	1089  -  MemoryUsage of job (MB)
	1114992  -  ResidentSetSize of job (KB)
...
006 (13655293.062.000) 2023-09-05 04:26:55 Image size of job updated: 1285884
	1092  -  MemoryUsage of job (MB)
	1117644  -  ResidentSetSize of job (KB)
...
006 (13655293.062.000) 2023-09-05 05:01:58 Image size of job updated: 1285884
	1092  -  MemoryUsage of job (MB)
	1117648  -  ResidentSetSize of job (KB)
...
006 (13655293.062.000) 2023-09-05 05:47:03 Image size of job updated: 1285884
	1092  -  MemoryUsage of job (MB)
	1117904  -  ResidentSetSize of job (KB)
...
006 (13655293.062.000) 2023-09-05 07:42:15 Image size of job updated: 1285884
	1092  -  MemoryUsage of job (MB)
	1117912  -  ResidentSetSize of job (KB)
...
006 (13655293.062.000) 2023-09-05 23:14:44 Image size of job updated: 1391188
	1092  -  MemoryUsage of job (MB)
	1117912  -  ResidentSetSize of job (KB)
...
040 (13655293.062.000) 2023-09-05 23:14:44 Started transferring output files
...
040 (13655293.062.000) 2023-09-05 23:14:44 Finished transferring output files
...
005 (13655293.062.000) 2023-09-05 23:14:44 Job terminated.
	(1) Normal termination (return value 0)
		Usr 0 22:15:12, Sys 0 00:04:53  -  Run Remote Usage
		Usr 0 00:00:00, Sys 0 00:00:00  -  Run Local Usage
		Usr 0 22:15:12, Sys 0 00:04:53  -  Total Remote Usage
		Usr 0 00:00:00, Sys 0 00:00:00  -  Total Local Usage
	1309612  -  Run Bytes Sent By Job
	32652772  -  Run Bytes Received By Job
	1309612  -  Total Bytes Sent By Job
	32652772  -  Total Bytes Received By Job
	Partitionable Resources :     Usage  Request Allocated 
	   Cpus                 :      0.99        1         1 
	   Disk (KB)            : 274916      524288   1208198 
	   IoHeavy              :                            0 
	   Memory (MB)          :   1092        4096      4096 

	Job terminated of its own accord at 2023-09-06T04:14:44Z with exit-code 0.
...
