000 (13655293.085.000) 2023-09-05 00:33:11 Job submitted from host: <128.104.101.92:9618?addrs=128.104.101.92-9618+[2607-f388-107c-501-a236-9fff-fe3c-caa8]-9618&alias=submit2.chtc.wisc.edu&noUDP&sock=schedd_1879732_618e>
...
040 (13655293.085.000) 2023-09-05 00:36:18 Started transferring input files
	Transferring to host: <128.105.69.112:9618?addrs=128.105.69.112-9618+[2607-f388-2200-100-1270-fdff-fe56-c354]-9618&alias=e4061.chtc.wisc.edu&noUDP&sock=slot1_36_538946_f655_14450>
...
001 (13655293.085.000) 2023-09-05 00:36:25 Job executing on host: <128.105.69.112:9618?addrs=128.105.69.112-9618+[2607-f388-2200-100-1270-fdff-fe56-c354]-9618&alias=e4061.chtc.wisc.edu&noUDP&sock=startd_22836_2cd0>
	SlotName: slot1_36@e4061.chtc.wisc.edu
	CondorScratchDir = "/var/lib/condor/execute/slot1/dir_2208014"
	Cpus = 1
	Disk = 1208198
	IoHeavy = 0
	Memory = 4096
...
040 (13655293.085.000) 2023-09-05 00:36:25 Finished transferring input files
...
006 (13655293.085.000) 2023-09-05 00:36:34 Image size of job updated: 581968
	569  -  MemoryUsage of job (MB)
	581968  -  ResidentSetSize of job (KB)
...
006 (13655293.085.000) 2023-09-05 00:41:35 Image size of job updated: 1160812
	1123  -  MemoryUsage of job (MB)
	1149792  -  ResidentSetSize of job (KB)
...
006 (13655293.085.000) 2023-09-05 00:46:35 Image size of job updated: 1180512
	1123  -  MemoryUsage of job (MB)
	1149792  -  ResidentSetSize of job (KB)
...
006 (13655293.085.000) 2023-09-06 03:59:19 Image size of job updated: 1312696
	1123  -  MemoryUsage of job (MB)
	1149792  -  ResidentSetSize of job (KB)
...
040 (13655293.085.000) 2023-09-06 03:59:56 Started transferring output files
...
040 (13655293.085.000) 2023-09-06 03:59:57 Finished transferring output files
...
005 (13655293.085.000) 2023-09-06 04:00:07 Job terminated.
	(1) Normal termination (return value 0)
		Usr 1 02:45:14, Sys 0 00:08:53  -  Run Remote Usage
		Usr 0 00:00:00, Sys 0 00:00:00  -  Run Local Usage
		Usr 1 02:45:14, Sys 0 00:08:53  -  Total Remote Usage
		Usr 0 00:00:00, Sys 0 00:00:00  -  Total Local Usage
	1309353  -  Run Bytes Sent By Job
	32652772  -  Run Bytes Received By Job
	1309353  -  Total Bytes Sent By Job
	32652772  -  Total Bytes Received By Job
	Partitionable Resources :     Usage  Request Allocated 
	   Cpus                 :      0.98        1         1 
	   Disk (KB)            : 274915      524288   1208198 
	   IoHeavy              :                            0 
	   Memory (MB)          :   1123        4096      4096 

	Job terminated of its own accord at 2023-09-06T08:59:54Z with exit-code 0.
...
