000 (13648508.005.000) 2023-09-04 23:50:03 Job submitted from host: <128.104.101.92:9618?addrs=128.104.101.92-9618+[2607-f388-107c-501-a236-9fff-fe3c-caa8]-9618&alias=submit2.chtc.wisc.edu&noUDP&sock=schedd_1879732_618e>
...
040 (13648508.005.000) 2023-09-04 23:51:26 Started transferring input files
	Transferring to host: <128.105.69.192:9618?addrs=128.105.69.192-9618+[2607-f388-2200-100-1270-fdff-fe56-bc04]-9618&alias=build4002.chtc.wisc.edu&noUDP&sock=slot3_24_1262715_b2ad_333971>
...
040 (13648508.005.000) 2023-09-04 23:51:28 Finished transferring input files
...
001 (13648508.005.000) 2023-09-04 23:51:29 Job executing on host: <128.105.69.192:9618?addrs=128.105.69.192-9618+[2607-f388-2200-100-1270-fdff-fe56-bc04]-9618&alias=build4002.chtc.wisc.edu&noUDP&sock=startd_22892_961e>
	SlotName: slot3_24@build4002.chtc.wisc.edu
	CondorScratchDir = "/var/lib/condor/execute/slot3/dir_2354785"
	Cpus = 1
	Disk = 1208198
	IoHeavy = 0
	Memory = 4096
...
006 (13648508.005.000) 2023-09-04 23:51:37 Image size of job updated: 379516
	287  -  MemoryUsage of job (MB)
	293728  -  ResidentSetSize of job (KB)
...
006 (13648508.005.000) 2023-09-04 23:56:37 Image size of job updated: 379516
	313  -  MemoryUsage of job (MB)
	320320  -  ResidentSetSize of job (KB)
...
040 (13648508.005.000) 2023-09-05 00:52:26 Started transferring output files
...
040 (13648508.005.000) 2023-09-05 00:52:28 Finished transferring output files
...
005 (13648508.005.000) 2023-09-05 00:52:35 Job terminated.
	(1) Normal termination (return value 0)
		Usr 0 00:59:43, Sys 0 00:00:03  -  Run Remote Usage
		Usr 0 00:00:00, Sys 0 00:00:00  -  Run Local Usage
		Usr 0 00:59:43, Sys 0 00:00:03  -  Total Remote Usage
		Usr 0 00:00:00, Sys 0 00:00:00  -  Total Local Usage
	30697  -  Run Bytes Sent By Job
	32665120  -  Run Bytes Received By Job
	30697  -  Total Bytes Sent By Job
	32665120  -  Total Bytes Received By Job
	Partitionable Resources :     Usage  Request Allocated 
	   Cpus                 :      0.99        1         1 
	   Disk (KB)            : 254945      524288   1208198 
	   IoHeavy              :                            0 
	   Memory (MB)          :    313        4096      4096 

	Job terminated of its own accord at 2023-09-05T05:52:20Z with exit-code 0.
...
