000 (13655293.279.000) 2023-09-05 00:33:11 Job submitted from host: <128.104.101.92:9618?addrs=128.104.101.92-9618+[2607-f388-107c-501-a236-9fff-fe3c-caa8]-9618&alias=submit2.chtc.wisc.edu&noUDP&sock=schedd_1879732_618e>
...
040 (13655293.279.000) 2023-09-05 00:51:43 Started transferring input files
	Transferring to host: <128.105.69.147:9618?addrs=128.105.69.147-9618+[2607-f388-2200-100-1270-fdff-fe56-d184]-9618&alias=e4024.chtc.wisc.edu&noUDP&sock=slot1_67_569183_aa03_69309>
...
001 (13655293.279.000) 2023-09-05 00:51:53 Job executing on host: <128.105.69.147:9618?addrs=128.105.69.147-9618+[2607-f388-2200-100-1270-fdff-fe56-d184]-9618&alias=e4024.chtc.wisc.edu&noUDP&sock=startd_15926_7d64>
	SlotName: slot1_67@e4024.chtc.wisc.edu
	CondorScratchDir = "/var/lib/condor/execute/slot1/dir_2999335"
	Cpus = 1
	Disk = 1208198
	IoHeavy = 0
	Memory = 4096
...
040 (13655293.279.000) 2023-09-05 00:51:53 Finished transferring input files
...
006 (13655293.279.000) 2023-09-05 00:52:01 Image size of job updated: 690664
	675  -  MemoryUsage of job (MB)
	690660  -  ResidentSetSize of job (KB)
...
006 (13655293.279.000) 2023-09-05 00:57:01 Image size of job updated: 1282160
	1053  -  MemoryUsage of job (MB)
	1077528  -  ResidentSetSize of job (KB)
...
006 (13655293.279.000) 2023-09-05 01:02:02 Image size of job updated: 1282160
	1075  -  MemoryUsage of job (MB)
	1099780  -  ResidentSetSize of job (KB)
...
006 (13655293.279.000) 2023-09-05 01:07:03 Image size of job updated: 1282160
	1077  -  MemoryUsage of job (MB)
	1102340  -  ResidentSetSize of job (KB)
...
006 (13655293.279.000) 2023-09-05 01:17:04 Image size of job updated: 1282160
	1079  -  MemoryUsage of job (MB)
	1103908  -  ResidentSetSize of job (KB)
...
006 (13655293.279.000) 2023-09-05 01:27:04 Image size of job updated: 1282160
	1081  -  MemoryUsage of job (MB)
	1106724  -  ResidentSetSize of job (KB)
...
006 (13655293.279.000) 2023-09-05 02:17:10 Image size of job updated: 1282160
	1083  -  MemoryUsage of job (MB)
	1108264  -  ResidentSetSize of job (KB)
...
006 (13655293.279.000) 2023-09-05 02:32:11 Image size of job updated: 1282160
	1091  -  MemoryUsage of job (MB)
	1116456  -  ResidentSetSize of job (KB)
...
006 (13655293.279.000) 2023-09-06 00:35:47 Image size of job updated: 1412368
	1091  -  MemoryUsage of job (MB)
	1116456  -  ResidentSetSize of job (KB)
...
040 (13655293.279.000) 2023-09-06 00:35:47 Started transferring output files
...
040 (13655293.279.000) 2023-09-06 00:35:47 Finished transferring output files
...
005 (13655293.279.000) 2023-09-06 00:35:47 Job terminated.
	(1) Normal termination (return value 0)
		Usr 0 23:18:37, Sys 0 00:03:58  -  Run Remote Usage
		Usr 0 00:00:00, Sys 0 00:00:00  -  Run Local Usage
		Usr 0 23:18:37, Sys 0 00:03:58  -  Total Remote Usage
		Usr 0 00:00:00, Sys 0 00:00:00  -  Total Local Usage
	1309642  -  Run Bytes Sent By Job
	32652772  -  Run Bytes Received By Job
	1309642  -  Total Bytes Sent By Job
	32652772  -  Total Bytes Received By Job
	Partitionable Resources :     Usage  Request Allocated 
	   Cpus                 :      0.98        1         1 
	   Disk (KB)            : 274911      524288   1208198 
	   IoHeavy              :                            0 
	   Memory (MB)          :   1091        4096      4096 

	Job terminated of its own accord at 2023-09-06T05:35:47Z with exit-code 0.
...
