000 (13655293.139.000) 2023-09-05 00:33:11 Job submitted from host: <128.104.101.92:9618?addrs=128.104.101.92-9618+[2607-f388-107c-501-a236-9fff-fe3c-caa8]-9618&alias=submit2.chtc.wisc.edu&noUDP&sock=schedd_1879732_618e>
...
040 (13655293.139.000) 2023-09-05 00:36:29 Started transferring input files
	Transferring to host: <128.105.69.189:9618?addrs=128.105.69.189-9618+[2607-f388-2200-100-1270-fdff-fe56-644c]-9618&alias=e4042.chtc.wisc.edu&noUDP&sock=slot1_104_3770169_e03a_55813>
...
001 (13655293.139.000) 2023-09-05 00:36:39 Job executing on host: <128.105.69.189:9618?addrs=128.105.69.189-9618+[2607-f388-2200-100-1270-fdff-fe56-644c]-9618&alias=e4042.chtc.wisc.edu&noUDP&sock=startd_15959_2004>
	SlotName: slot1_104@e4042.chtc.wisc.edu
	CondorScratchDir = "/var/lib/condor/execute/slot1/dir_3475133"
	Cpus = 1
	Disk = 1208198
	IoHeavy = 0
	Memory = 4096
...
040 (13655293.139.000) 2023-09-05 00:36:39 Finished transferring input files
...
006 (13655293.139.000) 2023-09-05 00:36:48 Image size of job updated: 621140
	607  -  MemoryUsage of job (MB)
	621136  -  ResidentSetSize of job (KB)
...
006 (13655293.139.000) 2023-09-05 00:41:49 Image size of job updated: 1181500
	971  -  MemoryUsage of job (MB)
	993376  -  ResidentSetSize of job (KB)
...
006 (13655293.139.000) 2023-09-05 00:46:49 Image size of job updated: 1181500
	981  -  MemoryUsage of job (MB)
	1003616  -  ResidentSetSize of job (KB)
...
006 (13655293.139.000) 2023-09-05 01:21:53 Image size of job updated: 1181500
	983  -  MemoryUsage of job (MB)
	1005728  -  ResidentSetSize of job (KB)
...
006 (13655293.139.000) 2023-09-05 01:31:53 Image size of job updated: 1181500
	988  -  MemoryUsage of job (MB)
	1010800  -  ResidentSetSize of job (KB)
...
006 (13655293.139.000) 2023-09-05 23:16:05 Image size of job updated: 1265472
	988  -  MemoryUsage of job (MB)
	1010800  -  ResidentSetSize of job (KB)
...
040 (13655293.139.000) 2023-09-05 23:16:05 Started transferring output files
...
040 (13655293.139.000) 2023-09-05 23:16:05 Finished transferring output files
...
005 (13655293.139.000) 2023-09-05 23:16:05 Job terminated.
	(1) Normal termination (return value 0)
		Usr 0 22:13:05, Sys 0 00:04:21  -  Run Remote Usage
		Usr 0 00:00:00, Sys 0 00:00:00  -  Run Local Usage
		Usr 0 22:13:05, Sys 0 00:04:21  -  Total Remote Usage
		Usr 0 00:00:00, Sys 0 00:00:00  -  Total Local Usage
	1309571  -  Run Bytes Sent By Job
	32652772  -  Run Bytes Received By Job
	1309571  -  Total Bytes Sent By Job
	32652772  -  Total Bytes Received By Job
	Partitionable Resources :     Usage  Request Allocated 
	   Cpus                 :      0.98        1         1 
	   Disk (KB)            : 274906      524288   1208198 
	   IoHeavy              :                            0 
	   Memory (MB)          :    988        4096      4096 

	Job terminated of its own accord at 2023-09-06T04:16:05Z with exit-code 0.
...
