000 (13648508.003.000) 2023-09-04 23:50:03 Job submitted from host: <128.104.101.92:9618?addrs=128.104.101.92-9618+[2607-f388-107c-501-a236-9fff-fe3c-caa8]-9618&alias=submit2.chtc.wisc.edu&noUDP&sock=schedd_1879732_618e>
...
040 (13648508.003.000) 2023-09-04 23:51:01 Started transferring input files
	Transferring to host: <128.105.69.224:9618?addrs=128.105.69.224-9618+[2607-f388-2200-100-eaeb-d3ff-fe40-1574]-9618&alias=e2607.chtc.wisc.edu&noUDP&sock=slot1_29_1087982_7e0c_42091>
...
040 (13648508.003.000) 2023-09-04 23:51:02 Finished transferring input files
...
001 (13648508.003.000) 2023-09-04 23:51:03 Job executing on host: <128.105.69.224:9618?addrs=128.105.69.224-9618+[2607-f388-2200-100-eaeb-d3ff-fe40-1574]-9618&alias=e2607.chtc.wisc.edu&noUDP&sock=startd_11673_491a>
	SlotName: slot1_29@e2607.chtc.wisc.edu
	CondorScratchDir = "/var/lib/condor/execute/slot1/dir_2183879"
	Cpus = 1
	Disk = 1458998
	IoHeavy = 0
	Memory = 4096
...
006 (13648508.003.000) 2023-09-04 23:51:13 Image size of job updated: 272200
	203  -  MemoryUsage of job (MB)
	207100  -  ResidentSetSize of job (KB)
...
006 (13648508.003.000) 2023-09-04 23:56:13 Image size of job updated: 272200
	213  -  MemoryUsage of job (MB)
	217352  -  ResidentSetSize of job (KB)
...
006 (13648508.003.000) 2023-09-05 00:11:14 Image size of job updated: 272200
	213  -  MemoryUsage of job (MB)
	217648  -  ResidentSetSize of job (KB)
...
006 (13648508.003.000) 2023-09-05 00:56:18 Image size of job updated: 272200
	214  -  MemoryUsage of job (MB)
	218228  -  ResidentSetSize of job (KB)
...
006 (13648508.003.000) 2023-09-05 01:01:19 Image size of job updated: 272200
	215  -  MemoryUsage of job (MB)
	219460  -  ResidentSetSize of job (KB)
...
006 (13648508.003.000) 2023-09-05 01:06:19 Image size of job updated: 272200
	218  -  MemoryUsage of job (MB)
	222476  -  ResidentSetSize of job (KB)
...
006 (13648508.003.000) 2023-09-05 01:16:21 Image size of job updated: 272200
	218  -  MemoryUsage of job (MB)
	222656  -  ResidentSetSize of job (KB)
...
006 (13648508.003.000) 2023-09-05 01:36:22 Image size of job updated: 272200
	221  -  MemoryUsage of job (MB)
	225288  -  ResidentSetSize of job (KB)
...
040 (13648508.003.000) 2023-09-05 01:42:34 Started transferring output files
...
040 (13648508.003.000) 2023-09-05 01:42:34 Finished transferring output files
...
005 (13648508.003.000) 2023-09-05 01:42:34 Job terminated.
	(1) Normal termination (return value 0)
		Usr 0 01:49:57, Sys 0 00:00:10  -  Run Remote Usage
		Usr 0 00:00:00, Sys 0 00:00:00  -  Run Local Usage
		Usr 0 01:49:57, Sys 0 00:00:10  -  Total Remote Usage
		Usr 0 00:00:00, Sys 0 00:00:00  -  Total Local Usage
	30710  -  Run Bytes Sent By Job
	32665120  -  Run Bytes Received By Job
	30710  -  Total Bytes Sent By Job
	32665120  -  Total Bytes Received By Job
	Partitionable Resources :     Usage  Request Allocated 
	   Cpus                 :      0.99        1         1 
	   Disk (KB)            : 254943      524288   1458998 
	   IoHeavy              :                            0 
	   Memory (MB)          :    221        4096      4096 

	Job terminated of its own accord at 2023-09-05T06:42:34Z with exit-code 0.
...
