000 (13655293.015.000) 2023-09-05 00:33:11 Job submitted from host: <128.104.101.92:9618?addrs=128.104.101.92-9618+[2607-f388-107c-501-a236-9fff-fe3c-caa8]-9618&alias=submit2.chtc.wisc.edu&noUDP&sock=schedd_1879732_618e>
...
040 (13655293.015.000) 2023-09-05 00:37:12 Started transferring input files
	Transferring to host: <128.105.69.236:9618?addrs=128.105.69.236-9618+[2607-f388-2200-100-eaeb-d3ff-fe40-2044]-9618&alias=e2619.chtc.wisc.edu&noUDP&sock=slot1_44_238428_d859_58381>
...
001 (13655293.015.000) 2023-09-05 00:37:29 Job executing on host: <128.105.69.236:9618?addrs=128.105.69.236-9618+[2607-f388-2200-100-eaeb-d3ff-fe40-2044]-9618&alias=e2619.chtc.wisc.edu&noUDP&sock=startd_18724_af61>
	SlotName: slot1_44@e2619.chtc.wisc.edu
	CondorScratchDir = "/var/lib/condor/execute/slot1/dir_537259"
	Cpus = 1
	Disk = 1458998
	IoHeavy = 0
	Memory = 4096
...
040 (13655293.015.000) 2023-09-05 00:37:29 Finished transferring input files
...
006 (13655293.015.000) 2023-09-05 00:37:37 Image size of job updated: 599768
	586  -  MemoryUsage of job (MB)
	599764  -  ResidentSetSize of job (KB)
...
006 (13655293.015.000) 2023-09-05 00:42:38 Image size of job updated: 1200964
	970  -  MemoryUsage of job (MB)
	993024  -  ResidentSetSize of job (KB)
...
006 (13655293.015.000) 2023-09-05 00:47:39 Image size of job updated: 1200964
	988  -  MemoryUsage of job (MB)
	1011244  -  ResidentSetSize of job (KB)
...
006 (13655293.015.000) 2023-09-05 00:52:39 Image size of job updated: 1200964
	990  -  MemoryUsage of job (MB)
	1013112  -  ResidentSetSize of job (KB)
...
006 (13655293.015.000) 2023-09-05 01:07:40 Image size of job updated: 1200964
	992  -  MemoryUsage of job (MB)
	1015388  -  ResidentSetSize of job (KB)
...
006 (13655293.015.000) 2023-09-05 01:57:45 Image size of job updated: 1200964
	992  -  MemoryUsage of job (MB)
	1015508  -  ResidentSetSize of job (KB)
...
006 (13655293.015.000) 2023-09-05 02:02:45 Image size of job updated: 1200964
	992  -  MemoryUsage of job (MB)
	1015764  -  ResidentSetSize of job (KB)
...
006 (13655293.015.000) 2023-09-05 02:12:46 Image size of job updated: 1200964
	995  -  MemoryUsage of job (MB)
	1018548  -  ResidentSetSize of job (KB)
...
006 (13655293.015.000) 2023-09-05 02:17:48 Image size of job updated: 1200964
	995  -  MemoryUsage of job (MB)
	1018804  -  ResidentSetSize of job (KB)
...
006 (13655293.015.000) 2023-09-05 02:37:49 Image size of job updated: 1200964
	998  -  MemoryUsage of job (MB)
	1021368  -  ResidentSetSize of job (KB)
...
006 (13655293.015.000) 2023-09-05 02:42:50 Image size of job updated: 1200964
	1002  -  MemoryUsage of job (MB)
	1025756  -  ResidentSetSize of job (KB)
...
006 (13655293.015.000) 2023-09-05 20:58:00 Image size of job updated: 1290424
	1002  -  MemoryUsage of job (MB)
	1025756  -  ResidentSetSize of job (KB)
...
040 (13655293.015.000) 2023-09-05 20:58:00 Started transferring output files
...
040 (13655293.015.000) 2023-09-05 20:58:00 Finished transferring output files
...
005 (13655293.015.000) 2023-09-05 20:58:00 Job terminated.
	(1) Normal termination (return value 0)
		Usr 0 19:59:28, Sys 0 00:01:53  -  Run Remote Usage
		Usr 0 00:00:00, Sys 0 00:00:00  -  Run Local Usage
		Usr 0 19:59:28, Sys 0 00:01:53  -  Total Remote Usage
		Usr 0 00:00:00, Sys 0 00:00:00  -  Total Local Usage
	1309600  -  Run Bytes Sent By Job
	32652772  -  Run Bytes Received By Job
	1309600  -  Total Bytes Sent By Job
	32652772  -  Total Bytes Received By Job
	Partitionable Resources :     Usage  Request Allocated 
	   Cpus                 :      0.99        1         1 
	   Disk (KB)            : 274874      524288   1458998 
	   IoHeavy              :                            0 
	   Memory (MB)          :   1002        4096      4096 

	Job terminated of its own accord at 2023-09-06T01:58:00Z with exit-code 0.
...
