000 (13655293.226.000) 2023-09-05 00:33:11 Job submitted from host: <128.104.101.92:9618?addrs=128.104.101.92-9618+[2607-f388-107c-501-a236-9fff-fe3c-caa8]-9618&alias=submit2.chtc.wisc.edu&noUDP&sock=schedd_1879732_618e>
...
040 (13655293.226.000) 2023-09-05 00:45:47 Started transferring input files
	Transferring to host: <128.105.69.214:9618?addrs=128.105.69.214-9618+[2607-f388-2200-100-eaeb-d3ff-fe3f-fbf4]-9618&alias=e2597.chtc.wisc.edu&noUDP&sock=slot1_53_1690718_87ca_60943>
...
040 (13655293.226.000) 2023-09-05 00:45:48 Finished transferring input files
...
001 (13655293.226.000) 2023-09-05 00:45:51 Job executing on host: <128.105.69.214:9618?addrs=128.105.69.214-9618+[2607-f388-2200-100-eaeb-d3ff-fe3f-fbf4]-9618&alias=e2597.chtc.wisc.edu&noUDP&sock=startd_18862_5773>
	SlotName: slot1_53@e2597.chtc.wisc.edu
	CondorScratchDir = "/var/lib/condor/execute/slot1/dir_1522339"
	Cpus = 1
	Disk = 1458998
	IoHeavy = 0
	Memory = 4096
...
006 (13655293.226.000) 2023-09-05 00:46:00 Image size of job updated: 695652
	680  -  MemoryUsage of job (MB)
	695652  -  ResidentSetSize of job (KB)
...
006 (13655293.226.000) 2023-09-05 00:51:01 Image size of job updated: 1285864
	1073  -  MemoryUsage of job (MB)
	1097940  -  ResidentSetSize of job (KB)
...
006 (13655293.226.000) 2023-09-05 00:56:01 Image size of job updated: 1285864
	1073  -  MemoryUsage of job (MB)
	1098056  -  ResidentSetSize of job (KB)
...
006 (13655293.226.000) 2023-09-05 01:01:01 Image size of job updated: 1285864
	1075  -  MemoryUsage of job (MB)
	1099976  -  ResidentSetSize of job (KB)
...
006 (13655293.226.000) 2023-09-05 01:06:02 Image size of job updated: 1285864
	1088  -  MemoryUsage of job (MB)
	1113748  -  ResidentSetSize of job (KB)
...
006 (13655293.226.000) 2023-09-05 01:51:05 Image size of job updated: 1285864
	1098  -  MemoryUsage of job (MB)
	1123944  -  ResidentSetSize of job (KB)
...
006 (13655293.226.000) 2023-09-05 02:26:09 Image size of job updated: 1285864
	1098  -  MemoryUsage of job (MB)
	1123972  -  ResidentSetSize of job (KB)
...
006 (13655293.226.000) 2023-09-05 21:53:07 Image size of job updated: 1361148
	1188  -  MemoryUsage of job (MB)
	1215756  -  ResidentSetSize of job (KB)
...
040 (13655293.226.000) 2023-09-05 21:53:11 Started transferring output files
...
040 (13655293.226.000) 2023-09-05 21:53:11 Finished transferring output files
...
005 (13655293.226.000) 2023-09-05 21:53:11 Job terminated.
	(1) Normal termination (return value 0)
		Usr 0 20:42:26, Sys 0 00:03:16  -  Run Remote Usage
		Usr 0 00:00:00, Sys 0 00:00:00  -  Run Local Usage
		Usr 0 20:42:26, Sys 0 00:03:16  -  Total Remote Usage
		Usr 0 00:00:00, Sys 0 00:00:00  -  Total Local Usage
	1309589  -  Run Bytes Sent By Job
	32652772  -  Run Bytes Received By Job
	1309589  -  Total Bytes Sent By Job
	32652772  -  Total Bytes Received By Job
	Partitionable Resources :     Usage  Request Allocated 
	   Cpus                 :      0.99        1         1 
	   Disk (KB)            : 274915      524288   1458998 
	   IoHeavy              :                            0 
	   Memory (MB)          :   1188        4096      4096 

	Job terminated of its own accord at 2023-09-06T02:53:11Z with exit-code 0.
...
