000 (13655293.351.000) 2023-09-05 00:33:11 Job submitted from host: <128.104.101.92:9618?addrs=128.104.101.92-9618+[2607-f388-107c-501-a236-9fff-fe3c-caa8]-9618&alias=submit2.chtc.wisc.edu&noUDP&sock=schedd_1879732_618e>
...
040 (13655293.351.000) 2023-09-05 00:53:49 Started transferring input files
	Transferring to host: <128.105.69.137:9618?addrs=128.105.69.137-9618+[2607-f388-2200-100-1270-fdff-fe56-d12c]-9618&alias=e4014.chtc.wisc.edu&noUDP&sock=slot1_74_1985361_2db7_52054>
...
001 (13655293.351.000) 2023-09-05 00:54:05 Job executing on host: <128.105.69.137:9618?addrs=128.105.69.137-9618+[2607-f388-2200-100-1270-fdff-fe56-d12c]-9618&alias=e4014.chtc.wisc.edu&noUDP&sock=startd_15862_9754>
	SlotName: slot1_74@e4014.chtc.wisc.edu
	CondorScratchDir = "/var/lib/condor/execute/slot1/dir_4086124"
	Cpus = 1
	Disk = 1208198
	IoHeavy = 0
	Memory = 4096
...
040 (13655293.351.000) 2023-09-05 00:54:05 Finished transferring input files
...
006 (13655293.351.000) 2023-09-05 00:54:14 Image size of job updated: 692612
	677  -  MemoryUsage of job (MB)
	692612  -  ResidentSetSize of job (KB)
...
006 (13655293.351.000) 2023-09-05 00:59:16 Image size of job updated: 1002824
	910  -  MemoryUsage of job (MB)
	931136  -  ResidentSetSize of job (KB)
...
006 (13655293.351.000) 2023-09-05 01:04:16 Image size of job updated: 1267052
	1238  -  MemoryUsage of job (MB)
	1266988  -  ResidentSetSize of job (KB)
...
006 (13655293.351.000) 2023-09-05 01:09:16 Image size of job updated: 1281828
	1238  -  MemoryUsage of job (MB)
	1266988  -  ResidentSetSize of job (KB)
...
006 (13655293.351.000) 2023-09-06 01:26:45 Image size of job updated: 1418880
	1238  -  MemoryUsage of job (MB)
	1267304  -  ResidentSetSize of job (KB)
...
040 (13655293.351.000) 2023-09-06 01:26:48 Started transferring output files
...
040 (13655293.351.000) 2023-09-06 01:26:48 Finished transferring output files
...
005 (13655293.351.000) 2023-09-06 01:26:48 Job terminated.
	(1) Normal termination (return value 0)
		Usr 1 00:07:14, Sys 0 00:03:58  -  Run Remote Usage
		Usr 0 00:00:00, Sys 0 00:00:00  -  Run Local Usage
		Usr 1 00:07:14, Sys 0 00:03:58  -  Total Remote Usage
		Usr 0 00:00:00, Sys 0 00:00:00  -  Total Local Usage
	1309654  -  Run Bytes Sent By Job
	32652772  -  Run Bytes Received By Job
	1309654  -  Total Bytes Sent By Job
	32652772  -  Total Bytes Received By Job
	Partitionable Resources :     Usage  Request Allocated 
	   Cpus                 :      0.99        1         1 
	   Disk (KB)            : 274915      524288   1208198 
	   IoHeavy              :                            0 
	   Memory (MB)          :   1238        4096      4096 

	Job terminated of its own accord at 2023-09-06T06:26:48Z with exit-code 0.
...
