000 (13655293.303.000) 2023-09-05 00:33:11 Job submitted from host: <128.104.101.92:9618?addrs=128.104.101.92-9618+[2607-f388-107c-501-a236-9fff-fe3c-caa8]-9618&alias=submit2.chtc.wisc.edu&noUDP&sock=schedd_1879732_618e>
...
040 (13655293.303.000) 2023-09-05 00:51:34 Started transferring input files
	Transferring to host: <128.105.69.164:9618?addrs=128.105.69.164-9618+[2607-f388-2200-100-1270-fdff-fe56-c2ec]-9618&alias=e4097.chtc.wisc.edu&noUDP&sock=slot1_32_731875_e55b_79834>
...
040 (13655293.303.000) 2023-09-05 00:51:36 Finished transferring input files
...
001 (13655293.303.000) 2023-09-05 00:51:40 Job executing on host: <128.105.69.164:9618?addrs=128.105.69.164-9618+[2607-f388-2200-100-1270-fdff-fe56-c2ec]-9618&alias=e4097.chtc.wisc.edu&noUDP&sock=startd_16809_2784>
	SlotName: slot1_32@e4097.chtc.wisc.edu
	CondorScratchDir = "/var/lib/condor/execute/slot1/dir_1289887"
	Cpus = 1
	Disk = 1208198
	IoHeavy = 0
	Memory = 4096
...
006 (13655293.303.000) 2023-09-05 00:51:49 Image size of job updated: 721088
	705  -  MemoryUsage of job (MB)
	721088  -  ResidentSetSize of job (KB)
...
006 (13655293.303.000) 2023-09-05 00:56:50 Image size of job updated: 1267436
	1238  -  MemoryUsage of job (MB)
	1267384  -  ResidentSetSize of job (KB)
...
006 (13655293.303.000) 2023-09-05 01:01:50 Image size of job updated: 1289900
	1238  -  MemoryUsage of job (MB)
	1267384  -  ResidentSetSize of job (KB)
...
006 (13655293.303.000) 2023-09-05 21:23:25 Image size of job updated: 1342576
	1238  -  MemoryUsage of job (MB)
	1267384  -  ResidentSetSize of job (KB)
...
040 (13655293.303.000) 2023-09-05 21:23:25 Started transferring output files
...
040 (13655293.303.000) 2023-09-05 21:23:25 Finished transferring output files
...
005 (13655293.303.000) 2023-09-05 21:23:25 Job terminated.
	(1) Normal termination (return value 0)
		Usr 0 20:07:22, Sys 0 00:05:40  -  Run Remote Usage
		Usr 0 00:00:00, Sys 0 00:00:00  -  Run Local Usage
		Usr 0 20:07:22, Sys 0 00:05:40  -  Total Remote Usage
		Usr 0 00:00:00, Sys 0 00:00:00  -  Total Local Usage
	1309804  -  Run Bytes Sent By Job
	32652772  -  Run Bytes Received By Job
	1309804  -  Total Bytes Sent By Job
	32652772  -  Total Bytes Received By Job
	Partitionable Resources :     Usage  Request Allocated 
	   Cpus                 :      0.99        1         1 
	   Disk (KB)            : 274888      524288   1208198 
	   IoHeavy              :                            0 
	   Memory (MB)          :   1238        4096      4096 

	Job terminated of its own accord at 2023-09-06T02:23:25Z with exit-code 0.
...
