000 (14312691.004.000) 2023-09-11 11:54:06 Job submitted from host: <128.104.101.92:9618?addrs=128.104.101.92-9618+[2607-f388-107c-501-a236-9fff-fe3c-caa8]-9618&alias=submit2.chtc.wisc.edu&noUDP&sock=schedd_1879732_618e>
...
040 (14312691.004.000) 2023-09-11 12:00:21 Started transferring input files
	Transferring to host: <128.105.69.148:9618?addrs=128.105.69.148-9618+[2607-f388-2200-100-1270-fdff-fe56-ceec]-9618&alias=build4001.chtc.wisc.edu&noUDP&sock=slot3_36_2852113_5f65_106712>
...
040 (14312691.004.000) 2023-09-11 12:00:23 Finished transferring input files
...
001 (14312691.004.000) 2023-09-11 12:00:25 Job executing on host: <128.105.69.148:9618?addrs=128.105.69.148-9618+[2607-f388-2200-100-1270-fdff-fe56-ceec]-9618&alias=build4001.chtc.wisc.edu&noUDP&sock=startd_16163_0d56>
	SlotName: slot3_36@build4001.chtc.wisc.edu
	CondorScratchDir = "/var/lib/condor/execute/slot3/dir_2270785"
	Cpus = 1
	Disk = 1208198
	IoHeavy = 0
	Memory = 4096
...
006 (14312691.004.000) 2023-09-11 12:00:34 Image size of job updated: 379780
	300  -  MemoryUsage of job (MB)
	307096  -  ResidentSetSize of job (KB)
...
006 (14312691.004.000) 2023-09-11 12:05:34 Image size of job updated: 379780
	313  -  MemoryUsage of job (MB)
	320064  -  ResidentSetSize of job (KB)
...
006 (14312691.004.000) 2023-09-11 12:10:34 Image size of job updated: 379780
	318  -  MemoryUsage of job (MB)
	325184  -  ResidentSetSize of job (KB)
...
006 (14312691.004.000) 2023-09-11 12:15:35 Image size of job updated: 379780
	321  -  MemoryUsage of job (MB)
	328096  -  ResidentSetSize of job (KB)
...
040 (14312691.004.000) 2023-09-11 12:19:39 Started transferring output files
...
040 (14312691.004.000) 2023-09-11 12:19:39 Finished transferring output files
...
005 (14312691.004.000) 2023-09-11 12:19:39 Job terminated.
	(1) Normal termination (return value 0)
		Usr 0 00:18:55, Sys 0 00:00:01  -  Run Remote Usage
		Usr 0 00:00:00, Sys 0 00:00:00  -  Run Local Usage
		Usr 0 00:18:55, Sys 0 00:00:01  -  Total Remote Usage
		Usr 0 00:00:00, Sys 0 00:00:00  -  Total Local Usage
	439176  -  Run Bytes Sent By Job
	32664896  -  Run Bytes Received By Job
	439176  -  Total Bytes Sent By Job
	32664896  -  Total Bytes Received By Job
	Partitionable Resources :     Usage  Request Allocated 
	   Cpus                 :      0.99        1         1 
	   Disk (KB)            : 255343      524288   1208198 
	   IoHeavy              :                            0 
	   Memory (MB)          :    321        4096      4096 

	Job terminated of its own accord at 2023-09-11T17:19:39Z with exit-code 0.
...
