000 (13655293.286.000) 2023-09-05 00:33:11 Job submitted from host: <128.104.101.92:9618?addrs=128.104.101.92-9618+[2607-f388-107c-501-a236-9fff-fe3c-caa8]-9618&alias=submit2.chtc.wisc.edu&noUDP&sock=schedd_1879732_618e>
...
040 (13655293.286.000) 2023-09-05 00:51:32 Started transferring input files
	Transferring to host: <128.105.69.225:9618?addrs=128.105.69.225-9618+[2607-f388-2200-100-eaeb-d3ff-fe40-112c]-9618&alias=e2608.chtc.wisc.edu&noUDP&sock=slot1_39_2432246_1694_61079>
...
040 (13655293.286.000) 2023-09-05 00:51:34 Finished transferring input files
...
001 (13655293.286.000) 2023-09-05 00:51:36 Job executing on host: <128.105.69.225:9618?addrs=128.105.69.225-9618+[2607-f388-2200-100-eaeb-d3ff-fe40-112c]-9618&alias=e2608.chtc.wisc.edu&noUDP&sock=startd_18726_0e91>
	SlotName: slot1_39@e2608.chtc.wisc.edu
	CondorScratchDir = "/var/lib/condor/execute/slot1/dir_3138869"
	Cpus = 1
	Disk = 1458998
	IoHeavy = 0
	Memory = 4096
...
006 (13655293.286.000) 2023-09-05 00:51:45 Image size of job updated: 700520
	685  -  MemoryUsage of job (MB)
	700520  -  ResidentSetSize of job (KB)
...
006 (13655293.286.000) 2023-09-05 00:56:46 Image size of job updated: 1270620
	1241  -  MemoryUsage of job (MB)
	1270620  -  ResidentSetSize of job (KB)
...
006 (13655293.286.000) 2023-09-05 01:01:46 Image size of job updated: 1291868
	1246  -  MemoryUsage of job (MB)
	1275228  -  ResidentSetSize of job (KB)
...
006 (13655293.286.000) 2023-09-05 21:20:09 Image size of job updated: 1412188
	1246  -  MemoryUsage of job (MB)
	1275228  -  ResidentSetSize of job (KB)
...
040 (13655293.286.000) 2023-09-05 21:20:09 Started transferring output files
...
040 (13655293.286.000) 2023-09-05 21:20:09 Finished transferring output files
...
005 (13655293.286.000) 2023-09-05 21:20:09 Job terminated.
	(1) Normal termination (return value 0)
		Usr 0 20:04:45, Sys 0 00:04:05  -  Run Remote Usage
		Usr 0 00:00:00, Sys 0 00:00:00  -  Run Local Usage
		Usr 0 20:04:45, Sys 0 00:04:05  -  Total Remote Usage
		Usr 0 00:00:00, Sys 0 00:00:00  -  Total Local Usage
	1309553  -  Run Bytes Sent By Job
	32652772  -  Run Bytes Received By Job
	1309553  -  Total Bytes Sent By Job
	32652772  -  Total Bytes Received By Job
	Partitionable Resources :     Usage  Request Allocated 
	   Cpus                 :      0.99        1         1 
	   Disk (KB)            : 274904      524288   1458998 
	   IoHeavy              :                            0 
	   Memory (MB)          :   1246        4096      4096 

	Job terminated of its own accord at 2023-09-06T02:20:09Z with exit-code 0.
...
