000 (14312692.044.000) 2023-09-11 11:54:29 Job submitted from host: <128.104.101.92:9618?addrs=128.104.101.92-9618+[2607-f388-107c-501-a236-9fff-fe3c-caa8]-9618&alias=submit2.chtc.wisc.edu&noUDP&sock=schedd_1879732_618e>
...
040 (14312692.044.000) 2023-09-11 12:00:40 Started transferring input files
	Transferring to host: <128.105.69.199:9618?addrs=128.105.69.199-9618+[2607-f388-2200-100-1270-fdff-fe56-70ec]-9618&alias=e4052.chtc.wisc.edu&noUDP&sock=slot1_82_23045_0982_72621>
...
040 (14312692.044.000) 2023-09-11 12:00:42 Finished transferring input files
...
001 (14312692.044.000) 2023-09-11 12:00:43 Job executing on host: <128.105.69.199:9618?addrs=128.105.69.199-9618+[2607-f388-2200-100-1270-fdff-fe56-70ec]-9618&alias=e4052.chtc.wisc.edu&noUDP&sock=startd_22905_80d9>
	SlotName: slot1_82@e4052.chtc.wisc.edu
	CondorScratchDir = "/var/lib/condor/execute/slot1/dir_1697546"
	Cpus = 1
	Disk = 1208198
	IoHeavy = 0
	Memory = 4096
...
006 (14312692.044.000) 2023-09-11 12:00:51 Image size of job updated: 630472
	616  -  MemoryUsage of job (MB)
	630472  -  ResidentSetSize of job (KB)
...
006 (14312692.044.000) 2023-09-11 12:02:46 Image size of job updated: 810032
	618  -  MemoryUsage of job (MB)
	632008  -  ResidentSetSize of job (KB)
...
040 (14312692.044.000) 2023-09-11 12:02:46 Started transferring output files
...
040 (14312692.044.000) 2023-09-11 12:02:46 Finished transferring output files
...
005 (14312692.044.000) 2023-09-11 12:02:46 Job terminated.
	(1) Normal termination (return value 0)
		Usr 0 00:01:56, Sys 0 00:00:04  -  Run Remote Usage
		Usr 0 00:00:00, Sys 0 00:00:00  -  Run Local Usage
		Usr 0 00:01:56, Sys 0 00:00:04  -  Total Remote Usage
		Usr 0 00:00:00, Sys 0 00:00:00  -  Total Local Usage
	121108  -  Run Bytes Sent By Job
	32720412  -  Run Bytes Received By Job
	121108  -  Total Bytes Sent By Job
	32720412  -  Total Bytes Received By Job
	Partitionable Resources :     Usage  Request Allocated 
	   Cpus                 :      0.99        1         1 
	   Disk (KB)            : 261285      524288   1208198 
	   IoHeavy              :                            0 
	   Memory (MB)          :    618        4096      4096 

	Job terminated of its own accord at 2023-09-11T17:02:46Z with exit-code 0.
...
