000 (13655293.170.000) 2023-09-05 00:33:11 Job submitted from host: <128.104.101.92:9618?addrs=128.104.101.92-9618+[2607-f388-107c-501-a236-9fff-fe3c-caa8]-9618&alias=submit2.chtc.wisc.edu&noUDP&sock=schedd_1879732_618e>
...
040 (13655293.170.000) 2023-09-05 00:41:44 Started transferring input files
	Transferring to host: <128.105.69.191:9618?addrs=128.105.69.191-9618+[2607-f388-2200-100-1270-fdff-fe56-3d4c]-9618&alias=e4044.chtc.wisc.edu&noUDP&sock=slot1_11_852826_d131_11554>
...
040 (13655293.170.000) 2023-09-05 00:41:45 Finished transferring input files
...
001 (13655293.170.000) 2023-09-05 00:41:46 Job executing on host: <128.105.69.191:9618?addrs=128.105.69.191-9618+[2607-f388-2200-100-1270-fdff-fe56-3d4c]-9618&alias=e4044.chtc.wisc.edu&noUDP&sock=startd_16542_03ba>
	SlotName: slot1_11@e4044.chtc.wisc.edu
	CondorScratchDir = "/var/lib/condor/execute/slot1/dir_2512363"
	Cpus = 1
	Disk = 1208198
	IoHeavy = 0
	Memory = 4096
...
006 (13655293.170.000) 2023-09-05 00:41:55 Image size of job updated: 765936
	747  -  MemoryUsage of job (MB)
	764048  -  ResidentSetSize of job (KB)
...
006 (13655293.170.000) 2023-09-05 00:46:56 Image size of job updated: 1278860
	1068  -  MemoryUsage of job (MB)
	1092680  -  ResidentSetSize of job (KB)
...
006 (13655293.170.000) 2023-09-05 00:51:56 Image size of job updated: 1278860
	1074  -  MemoryUsage of job (MB)
	1099552  -  ResidentSetSize of job (KB)
...
006 (13655293.170.000) 2023-09-05 00:56:57 Image size of job updated: 1278860
	1077  -  MemoryUsage of job (MB)
	1101852  -  ResidentSetSize of job (KB)
...
006 (13655293.170.000) 2023-09-05 01:01:58 Image size of job updated: 1278860
	1079  -  MemoryUsage of job (MB)
	1103900  -  ResidentSetSize of job (KB)
...
006 (13655293.170.000) 2023-09-05 01:32:00 Image size of job updated: 1278860
	1089  -  MemoryUsage of job (MB)
	1114740  -  ResidentSetSize of job (KB)
...
006 (13655293.170.000) 2023-09-05 02:22:06 Image size of job updated: 1278860
	1092  -  MemoryUsage of job (MB)
	1117300  -  ResidentSetSize of job (KB)
...
006 (13655293.170.000) 2023-09-05 05:02:23 Image size of job updated: 1278860
	1092  -  MemoryUsage of job (MB)
	1117652  -  ResidentSetSize of job (KB)
...
006 (13655293.170.000) 2023-09-05 05:17:25 Image size of job updated: 1278860
	1101  -  MemoryUsage of job (MB)
	1126464  -  ResidentSetSize of job (KB)
...
006 (13655293.170.000) 2023-09-05 21:43:36 Image size of job updated: 1410192
	1101  -  MemoryUsage of job (MB)
	1126464  -  ResidentSetSize of job (KB)
...
040 (13655293.170.000) 2023-09-05 21:43:36 Started transferring output files
...
040 (13655293.170.000) 2023-09-05 21:43:36 Finished transferring output files
...
005 (13655293.170.000) 2023-09-05 21:43:36 Job terminated.
	(1) Normal termination (return value 0)
		Usr 0 20:41:25, Sys 0 00:03:35  -  Run Remote Usage
		Usr 0 00:00:00, Sys 0 00:00:00  -  Run Local Usage
		Usr 0 20:41:25, Sys 0 00:03:35  -  Total Remote Usage
		Usr 0 00:00:00, Sys 0 00:00:00  -  Total Local Usage
	1309530  -  Run Bytes Sent By Job
	32652772  -  Run Bytes Received By Job
	1309530  -  Total Bytes Sent By Job
	32652772  -  Total Bytes Received By Job
	Partitionable Resources :     Usage  Request Allocated 
	   Cpus                 :      0.99        1         1 
	   Disk (KB)            : 274885      524288   1208198 
	   IoHeavy              :                            0 
	   Memory (MB)          :   1101        4096      4096 

	Job terminated of its own accord at 2023-09-06T02:43:36Z with exit-code 0.
...
