000 (13655293.024.000) 2023-09-05 00:33:11 Job submitted from host: <128.104.101.92:9618?addrs=128.104.101.92-9618+[2607-f388-107c-501-a236-9fff-fe3c-caa8]-9618&alias=submit2.chtc.wisc.edu&noUDP&sock=schedd_1879732_618e>
...
040 (13655293.024.000) 2023-09-05 00:36:06 Started transferring input files
	Transferring to host: <128.105.69.235:9618?addrs=128.105.69.235-9618+[2607-f388-2200-100-eaeb-d3ff-fe40-1eec]-9618&alias=e2618.chtc.wisc.edu&noUDP&sock=slot1_2_1971430_8761_56665>
...
040 (13655293.024.000) 2023-09-05 00:36:08 Finished transferring input files
...
001 (13655293.024.000) 2023-09-05 00:36:10 Job executing on host: <128.105.69.235:9618?addrs=128.105.69.235-9618+[2607-f388-2200-100-eaeb-d3ff-fe40-1eec]-9618&alias=e2618.chtc.wisc.edu&noUDP&sock=startd_18889_dc81>
	SlotName: slot1_2@e2618.chtc.wisc.edu
	CondorScratchDir = "/var/lib/condor/execute/slot1/dir_2066912"
	Cpus = 1
	Disk = 1458998
	IoHeavy = 0
	Memory = 4096
...
006 (13655293.024.000) 2023-09-05 00:36:18 Image size of job updated: 702756
	687  -  MemoryUsage of job (MB)
	702752  -  ResidentSetSize of job (KB)
...
006 (13655293.024.000) 2023-09-05 00:41:18 Image size of job updated: 1290236
	1073  -  MemoryUsage of job (MB)
	1098484  -  ResidentSetSize of job (KB)
...
006 (13655293.024.000) 2023-09-05 00:46:19 Image size of job updated: 1290236
	1089  -  MemoryUsage of job (MB)
	1114768  -  ResidentSetSize of job (KB)
...
006 (13655293.024.000) 2023-09-05 01:06:21 Image size of job updated: 1290236
	1092  -  MemoryUsage of job (MB)
	1118048  -  ResidentSetSize of job (KB)
...
006 (13655293.024.000) 2023-09-05 23:13:42 Image size of job updated: 1302620
	1134  -  MemoryUsage of job (MB)
	1160448  -  ResidentSetSize of job (KB)
...
040 (13655293.024.000) 2023-09-05 23:14:10 Started transferring output files
...
040 (13655293.024.000) 2023-09-05 23:14:10 Finished transferring output files
...
005 (13655293.024.000) 2023-09-05 23:14:10 Job terminated.
	(1) Normal termination (return value 0)
		Usr 0 22:09:55, Sys 0 00:04:29  -  Run Remote Usage
		Usr 0 00:00:00, Sys 0 00:00:00  -  Run Local Usage
		Usr 0 22:09:55, Sys 0 00:04:29  -  Total Remote Usage
		Usr 0 00:00:00, Sys 0 00:00:00  -  Total Local Usage
	1309706  -  Run Bytes Sent By Job
	32652772  -  Run Bytes Received By Job
	1309706  -  Total Bytes Sent By Job
	32652772  -  Total Bytes Received By Job
	Partitionable Resources :     Usage  Request Allocated 
	   Cpus                 :      0.98        1         1 
	   Disk (KB)            : 274916      524288   1458998 
	   IoHeavy              :                            0 
	   Memory (MB)          :   1134        4096      4096 

	Job terminated of its own accord at 2023-09-06T04:14:09Z with exit-code 0.
...
