000 (13655293.245.000) 2023-09-05 00:33:11 Job submitted from host: <128.104.101.92:9618?addrs=128.104.101.92-9618+[2607-f388-107c-501-a236-9fff-fe3c-caa8]-9618&alias=submit2.chtc.wisc.edu&noUDP&sock=schedd_1879732_618e>
...
040 (13655293.245.000) 2023-09-05 00:49:50 Started transferring input files
	Transferring to host: <128.105.69.140:9618?addrs=128.105.69.140-9618+[2607-f388-2200-100-1270-fdff-fe56-ca7c]-9618&alias=e4017.chtc.wisc.edu&noUDP&sock=slot1_5_2319050_4418_53283>
...
040 (13655293.245.000) 2023-09-05 00:49:52 Finished transferring input files
...
001 (13655293.245.000) 2023-09-05 00:50:12 Job executing on host: <128.105.69.140:9618?addrs=128.105.69.140-9618+[2607-f388-2200-100-1270-fdff-fe56-ca7c]-9618&alias=e4017.chtc.wisc.edu&noUDP&sock=startd_11656_9ffe>
	SlotName: slot1_5@e4017.chtc.wisc.edu
	CondorScratchDir = "/var/lib/condor/execute/slot1/dir_3417682"
	Cpus = 1
	Disk = 1208198
	IoHeavy = 0
	Memory = 4096
...
006 (13655293.245.000) 2023-09-05 00:50:21 Image size of job updated: 630808
	617  -  MemoryUsage of job (MB)
	630808  -  ResidentSetSize of job (KB)
...
006 (13655293.245.000) 2023-09-05 00:55:22 Image size of job updated: 1203852
	991  -  MemoryUsage of job (MB)
	1014636  -  ResidentSetSize of job (KB)
...
006 (13655293.245.000) 2023-09-05 01:00:22 Image size of job updated: 1203852
	991  -  MemoryUsage of job (MB)
	1014772  -  ResidentSetSize of job (KB)
...
006 (13655293.245.000) 2023-09-05 01:05:23 Image size of job updated: 1203852
	1001  -  MemoryUsage of job (MB)
	1024188  -  ResidentSetSize of job (KB)
...
006 (13655293.245.000) 2023-09-05 01:25:26 Image size of job updated: 1203852
	1008  -  MemoryUsage of job (MB)
	1031980  -  ResidentSetSize of job (KB)
...
006 (13655293.245.000) 2023-09-05 03:15:37 Image size of job updated: 1203852
	1012  -  MemoryUsage of job (MB)
	1035820  -  ResidentSetSize of job (KB)
...
006 (13655293.245.000) 2023-09-05 16:17:44 Image size of job updated: 1334140
	1012  -  MemoryUsage of job (MB)
	1035820  -  ResidentSetSize of job (KB)
...
040 (13655293.245.000) 2023-09-05 16:17:45 Started transferring output files
...
040 (13655293.245.000) 2023-09-05 16:17:45 Finished transferring output files
...
005 (13655293.245.000) 2023-09-05 16:17:46 Job terminated.
	(1) Normal termination (return value 0)
		Usr 0 15:15:40, Sys 0 00:01:13  -  Run Remote Usage
		Usr 0 00:00:00, Sys 0 00:00:00  -  Run Local Usage
		Usr 0 15:15:40, Sys 0 00:01:13  -  Total Remote Usage
		Usr 0 00:00:00, Sys 0 00:00:00  -  Total Local Usage
	1309424  -  Run Bytes Sent By Job
	32652772  -  Run Bytes Received By Job
	1309424  -  Total Bytes Sent By Job
	32652772  -  Total Bytes Received By Job
	Partitionable Resources :     Usage  Request Allocated 
	   Cpus                 :      0.98        1         1 
	   Disk (KB)            : 274915      524288   1208198 
	   IoHeavy              :                            0 
	   Memory (MB)          :   1012        4096      4096 

	Job terminated of its own accord at 2023-09-05T21:17:44Z with exit-code 0.
...
