000 (13655293.292.000) 2023-09-05 00:33:11 Job submitted from host: <128.104.101.92:9618?addrs=128.104.101.92-9618+[2607-f388-107c-501-a236-9fff-fe3c-caa8]-9618&alias=submit2.chtc.wisc.edu&noUDP&sock=schedd_1879732_618e>
...
040 (13655293.292.000) 2023-09-05 00:51:53 Started transferring input files
	Transferring to host: <128.105.69.142:9618?addrs=128.105.69.142-9618+[2607-f388-2200-100-1270-fdff-fe56-747c]-9618&alias=e4019.chtc.wisc.edu&noUDP&sock=slot1_42_3701491_0311_62465>
...
001 (13655293.292.000) 2023-09-05 00:52:06 Job executing on host: <128.105.69.142:9618?addrs=128.105.69.142-9618+[2607-f388-2200-100-1270-fdff-fe56-747c]-9618&alias=e4019.chtc.wisc.edu&noUDP&sock=startd_15796_5214>
	SlotName: slot1_42@e4019.chtc.wisc.edu
	CondorScratchDir = "/var/lib/condor/execute/slot1/dir_637135"
	Cpus = 1
	Disk = 1208198
	IoHeavy = 0
	Memory = 4096
...
040 (13655293.292.000) 2023-09-05 00:52:06 Finished transferring input files
...
006 (13655293.292.000) 2023-09-05 00:52:15 Image size of job updated: 605700
	592  -  MemoryUsage of job (MB)
	605700  -  ResidentSetSize of job (KB)
...
006 (13655293.292.000) 2023-09-05 00:57:16 Image size of job updated: 1174572
	941  -  MemoryUsage of job (MB)
	962788  -  ResidentSetSize of job (KB)
...
006 (13655293.292.000) 2023-09-05 01:02:16 Image size of job updated: 1174572
	969  -  MemoryUsage of job (MB)
	992184  -  ResidentSetSize of job (KB)
...
006 (13655293.292.000) 2023-09-05 01:07:18 Image size of job updated: 1174572
	974  -  MemoryUsage of job (MB)
	996472  -  ResidentSetSize of job (KB)
...
006 (13655293.292.000) 2023-09-05 01:27:19 Image size of job updated: 1174572
	987  -  MemoryUsage of job (MB)
	1009788  -  ResidentSetSize of job (KB)
...
006 (13655293.292.000) 2023-09-05 01:42:20 Image size of job updated: 1174572
	987  -  MemoryUsage of job (MB)
	1010024  -  ResidentSetSize of job (KB)
...
006 (13655293.292.000) 2023-09-06 00:00:26 Image size of job updated: 1294840
	987  -  MemoryUsage of job (MB)
	1010024  -  ResidentSetSize of job (KB)
...
040 (13655293.292.000) 2023-09-06 00:00:26 Started transferring output files
...
040 (13655293.292.000) 2023-09-06 00:00:26 Finished transferring output files
...
005 (13655293.292.000) 2023-09-06 00:00:26 Job terminated.
	(1) Normal termination (return value 0)
		Usr 0 22:35:58, Sys 0 00:05:53  -  Run Remote Usage
		Usr 0 00:00:00, Sys 0 00:00:00  -  Run Local Usage
		Usr 0 22:35:58, Sys 0 00:05:53  -  Total Remote Usage
		Usr 0 00:00:00, Sys 0 00:00:00  -  Total Local Usage
	1309531  -  Run Bytes Sent By Job
	32652772  -  Run Bytes Received By Job
	1309531  -  Total Bytes Sent By Job
	32652772  -  Total Bytes Received By Job
	Partitionable Resources :     Usage  Request Allocated 
	   Cpus                 :      0.99        1         1 
	   Disk (KB)            : 274912      524288   1208198 
	   IoHeavy              :                            0 
	   Memory (MB)          :    987        4096      4096 

	Job terminated of its own accord at 2023-09-06T05:00:26Z with exit-code 0.
...
