000 (13655293.472.000) 2023-09-05 00:33:11 Job submitted from host: <128.104.101.92:9618?addrs=128.104.101.92-9618+[2607-f388-107c-501-a236-9fff-fe3c-caa8]-9618&alias=submit2.chtc.wisc.edu&noUDP&sock=schedd_1879732_618e>
...
040 (13655293.472.000) 2023-09-05 00:56:52 Started transferring input files
	Transferring to host: <128.105.69.137:9618?addrs=128.105.69.137-9618+[2607-f388-2200-100-1270-fdff-fe56-d12c]-9618&alias=e4014.chtc.wisc.edu&noUDP&sock=slot1_42_1985361_2db7_52092>
...
001 (13655293.472.000) 2023-09-05 00:57:03 Job executing on host: <128.105.69.137:9618?addrs=128.105.69.137-9618+[2607-f388-2200-100-1270-fdff-fe56-d12c]-9618&alias=e4014.chtc.wisc.edu&noUDP&sock=startd_15862_9754>
	SlotName: slot1_42@e4014.chtc.wisc.edu
	CondorScratchDir = "/var/lib/condor/execute/slot1/dir_4102712"
	Cpus = 1
	Disk = 1208198
	IoHeavy = 0
	Memory = 4096
...
040 (13655293.472.000) 2023-09-05 00:57:03 Finished transferring input files
...
006 (13655293.472.000) 2023-09-05 00:57:12 Image size of job updated: 675648
	660  -  MemoryUsage of job (MB)
	675644  -  ResidentSetSize of job (KB)
...
006 (13655293.472.000) 2023-09-05 01:02:13 Image size of job updated: 974116
	952  -  MemoryUsage of job (MB)
	974116  -  ResidentSetSize of job (KB)
...
006 (13655293.472.000) 2023-09-05 01:07:13 Image size of job updated: 1267092
	1238  -  MemoryUsage of job (MB)
	1267088  -  ResidentSetSize of job (KB)
...
006 (13655293.472.000) 2023-09-05 01:17:14 Image size of job updated: 1284152
	1238  -  MemoryUsage of job (MB)
	1267088  -  ResidentSetSize of job (KB)
...
006 (13655293.472.000) 2023-09-06 02:55:56 Image size of job updated: 1418132
	1238  -  MemoryUsage of job (MB)
	1267088  -  ResidentSetSize of job (KB)
...
040 (13655293.472.000) 2023-09-06 02:55:56 Started transferring output files
...
040 (13655293.472.000) 2023-09-06 02:55:56 Finished transferring output files
...
005 (13655293.472.000) 2023-09-06 02:55:56 Job terminated.
	(1) Normal termination (return value 0)
		Usr 1 01:25:34, Sys 0 00:10:16  -  Run Remote Usage
		Usr 0 00:00:00, Sys 0 00:00:00  -  Run Local Usage
		Usr 1 01:25:34, Sys 0 00:10:16  -  Total Remote Usage
		Usr 0 00:00:00, Sys 0 00:00:00  -  Total Local Usage
	1309629  -  Run Bytes Sent By Job
	32652772  -  Run Bytes Received By Job
	1309629  -  Total Bytes Sent By Job
	32652772  -  Total Bytes Received By Job
	Partitionable Resources :     Usage  Request Allocated 
	   Cpus                 :      0.98        1         1 
	   Disk (KB)            : 274914      524288   1208198 
	   IoHeavy              :                            0 
	   Memory (MB)          :   1238        4096      4096 

	Job terminated of its own accord at 2023-09-06T07:55:56Z with exit-code 0.
...
