000 (14312691.018.000) 2023-09-11 11:54:06 Job submitted from host: <128.104.101.92:9618?addrs=128.104.101.92-9618+[2607-f388-107c-501-a236-9fff-fe3c-caa8]-9618&alias=submit2.chtc.wisc.edu&noUDP&sock=schedd_1879732_618e>
...
040 (14312691.018.000) 2023-09-11 12:00:21 Started transferring input files
	Transferring to host: <128.105.68.91:9618?addrs=128.105.68.91-9618+[2607-f388-2200-100-1270-fdff-fe56-c2c4]-9618&alias=e4053.chtc.wisc.edu&noUDP&sock=slot1_4_550738_7e35_90697>
...
040 (14312691.018.000) 2023-09-11 12:00:23 Finished transferring input files
...
001 (14312691.018.000) 2023-09-11 12:00:26 Job executing on host: <128.105.68.91:9618?addrs=128.105.68.91-9618+[2607-f388-2200-100-1270-fdff-fe56-c2c4]-9618&alias=e4053.chtc.wisc.edu&noUDP&sock=startd_11752_7915>
	SlotName: slot1_4@e4053.chtc.wisc.edu
	CondorScratchDir = "/var/lib/condor/execute/slot1/dir_3402874"
	Cpus = 1
	Disk = 1208198
	IoHeavy = 0
	Memory = 4096
...
006 (14312691.018.000) 2023-09-11 12:00:34 Image size of job updated: 378984
	274  -  MemoryUsage of job (MB)
	279972  -  ResidentSetSize of job (KB)
...
006 (14312691.018.000) 2023-09-11 12:05:34 Image size of job updated: 378984
	294  -  MemoryUsage of job (MB)
	300072  -  ResidentSetSize of job (KB)
...
040 (14312691.018.000) 2023-09-11 12:06:48 Started transferring output files
...
040 (14312691.018.000) 2023-09-11 12:06:48 Finished transferring output files
...
005 (14312691.018.000) 2023-09-11 12:06:49 Job terminated.
	(1) Normal termination (return value 0)
		Usr 0 00:06:12, Sys 0 00:00:01  -  Run Remote Usage
		Usr 0 00:00:00, Sys 0 00:00:00  -  Run Local Usage
		Usr 0 00:06:12, Sys 0 00:00:01  -  Total Remote Usage
		Usr 0 00:00:00, Sys 0 00:00:00  -  Total Local Usage
	233481  -  Run Bytes Sent By Job
	32664896  -  Run Bytes Received By Job
	233481  -  Total Bytes Sent By Job
	32664896  -  Total Bytes Received By Job
	Partitionable Resources :     Usage  Request Allocated 
	   Cpus                 :      0.99        1         1 
	   Disk (KB)            : 255142      524288   1208198 
	   IoHeavy              :                            0 
	   Memory (MB)          :    294        4096      4096 

	Job terminated of its own accord at 2023-09-11T17:06:48Z with exit-code 0.
...
