000 (14268886.028.000) 2023-09-11 03:21:39 Job submitted from host: <128.104.101.92:9618?addrs=128.104.101.92-9618+[2607-f388-107c-501-a236-9fff-fe3c-caa8]-9618&alias=submit2.chtc.wisc.edu&noUDP&sock=schedd_1879732_618e>
...
040 (14268886.028.000) 2023-09-11 03:23:33 Started transferring input files
	Transferring to host: <128.105.69.133:9618?addrs=128.105.69.133-9618+[2607-f388-2200-100-1270-fdff-fe56-70f4]-9618&alias=e4082.chtc.wisc.edu&noUDP&sock=slot1_26_1695302_5f84_84755>
...
040 (14268886.028.000) 2023-09-11 03:23:36 Finished transferring input files
...
001 (14268886.028.000) 2023-09-11 03:23:37 Job executing on host: <128.105.69.133:9618?addrs=128.105.69.133-9618+[2607-f388-2200-100-1270-fdff-fe56-70f4]-9618&alias=e4082.chtc.wisc.edu&noUDP&sock=startd_11675_a84a>
	SlotName: slot1_26@e4082.chtc.wisc.edu
	CondorScratchDir = "/var/lib/condor/execute/slot1/dir_2918832"
	Cpus = 1
	Disk = 1208198
	IoHeavy = 0
	Memory = 4096
...
006 (14268886.028.000) 2023-09-11 03:23:46 Image size of job updated: 423212
	414  -  MemoryUsage of job (MB)
	423212  -  ResidentSetSize of job (KB)
...
006 (14268886.028.000) 2023-09-11 03:28:47 Image size of job updated: 810616
	416  -  MemoryUsage of job (MB)
	425004  -  ResidentSetSize of job (KB)
...
040 (14268886.028.000) 2023-09-11 03:32:57 Started transferring output files
...
040 (14268886.028.000) 2023-09-11 03:32:57 Finished transferring output files
...
005 (14268886.028.000) 2023-09-11 03:32:57 Job terminated.
	(1) Normal termination (return value 0)
		Usr 0 00:09:01, Sys 0 00:00:11  -  Run Remote Usage
		Usr 0 00:00:00, Sys 0 00:00:00  -  Run Local Usage
		Usr 0 00:09:01, Sys 0 00:00:11  -  Total Remote Usage
		Usr 0 00:00:00, Sys 0 00:00:00  -  Total Local Usage
	163316  -  Run Bytes Sent By Job
	32720416  -  Run Bytes Received By Job
	163316  -  Total Bytes Sent By Job
	32720416  -  Total Bytes Received By Job
	Partitionable Resources :     Usage  Request Allocated 
	   Cpus                 :      0.99        1         1 
	   Disk (KB)            : 261327      524288   1208198 
	   IoHeavy              :                            0 
	   Memory (MB)          :    416        4096      4096 

	Job terminated of its own accord at 2023-09-11T08:32:57Z with exit-code 0.
...
