000 (13655293.004.000) 2023-09-05 00:33:11 Job submitted from host: <128.104.101.92:9618?addrs=128.104.101.92-9618+[2607-f388-107c-501-a236-9fff-fe3c-caa8]-9618&alias=submit2.chtc.wisc.edu&noUDP&sock=schedd_1879732_618e>
...
040 (13655293.004.000) 2023-09-05 00:35:53 Started transferring input files
	Transferring to host: <128.105.69.191:9618?addrs=128.105.69.191-9618+[2607-f388-2200-100-1270-fdff-fe56-3d4c]-9618&alias=e4044.chtc.wisc.edu&noUDP&sock=slot1_47_852826_d131_11537>
...
040 (13655293.004.000) 2023-09-05 00:35:56 Finished transferring input files
...
001 (13655293.004.000) 2023-09-05 00:35:57 Job executing on host: <128.105.69.191:9618?addrs=128.105.69.191-9618+[2607-f388-2200-100-1270-fdff-fe56-3d4c]-9618&alias=e4044.chtc.wisc.edu&noUDP&sock=startd_16542_03ba>
	SlotName: slot1_47@e4044.chtc.wisc.edu
	CondorScratchDir = "/var/lib/condor/execute/slot1/dir_2505002"
	Cpus = 1
	Disk = 1208198
	IoHeavy = 0
	Memory = 4096
...
006 (13655293.004.000) 2023-09-05 00:36:06 Image size of job updated: 719832
	703  -  MemoryUsage of job (MB)
	719832  -  ResidentSetSize of job (KB)
...
006 (13655293.004.000) 2023-09-05 00:41:07 Image size of job updated: 1275576
	1062  -  MemoryUsage of job (MB)
	1087344  -  ResidentSetSize of job (KB)
...
006 (13655293.004.000) 2023-09-05 00:46:07 Image size of job updated: 1275576
	1076  -  MemoryUsage of job (MB)
	1101168  -  ResidentSetSize of job (KB)
...
006 (13655293.004.000) 2023-09-05 00:56:08 Image size of job updated: 1275576
	1081  -  MemoryUsage of job (MB)
	1106800  -  ResidentSetSize of job (KB)
...
006 (13655293.004.000) 2023-09-05 01:31:11 Image size of job updated: 1275576
	1088  -  MemoryUsage of job (MB)
	1113920  -  ResidentSetSize of job (KB)
...
006 (13655293.004.000) 2023-09-05 04:06:26 Image size of job updated: 1275576
	1089  -  MemoryUsage of job (MB)
	1114752  -  ResidentSetSize of job (KB)
...
006 (13655293.004.000) 2023-09-05 04:21:28 Image size of job updated: 1275576
	1089  -  MemoryUsage of job (MB)
	1115008  -  ResidentSetSize of job (KB)
...
006 (13655293.004.000) 2023-09-05 05:01:32 Image size of job updated: 1275576
	1093  -  MemoryUsage of job (MB)
	1118912  -  ResidentSetSize of job (KB)
...
006 (13655293.004.000) 2023-09-05 22:03:03 Image size of job updated: 1419740
	1093  -  MemoryUsage of job (MB)
	1118912  -  ResidentSetSize of job (KB)
...
040 (13655293.004.000) 2023-09-05 22:03:03 Started transferring output files
...
040 (13655293.004.000) 2023-09-05 22:03:03 Finished transferring output files
...
005 (13655293.004.000) 2023-09-05 22:03:03 Job terminated.
	(1) Normal termination (return value 0)
		Usr 0 21:06:30, Sys 0 00:03:27  -  Run Remote Usage
		Usr 0 00:00:00, Sys 0 00:00:00  -  Run Local Usage
		Usr 0 21:06:30, Sys 0 00:03:27  -  Total Remote Usage
		Usr 0 00:00:00, Sys 0 00:00:00  -  Total Local Usage
	1309463  -  Run Bytes Sent By Job
	32652772  -  Run Bytes Received By Job
	1309463  -  Total Bytes Sent By Job
	32652772  -  Total Bytes Received By Job
	Partitionable Resources :     Usage  Request Allocated 
	   Cpus                 :      0.99        1         1 
	   Disk (KB)            : 274862      524288   1208198 
	   IoHeavy              :                            0 
	   Memory (MB)          :   1093        4096      4096 

	Job terminated of its own accord at 2023-09-06T03:03:03Z with exit-code 0.
...
