000 (13655293.201.000) 2023-09-05 00:33:11 Job submitted from host: <128.104.101.92:9618?addrs=128.104.101.92-9618+[2607-f388-107c-501-a236-9fff-fe3c-caa8]-9618&alias=submit2.chtc.wisc.edu&noUDP&sock=schedd_1879732_618e>
...
040 (13655293.201.000) 2023-09-05 00:43:12 Started transferring input files
	Transferring to host: <128.105.69.147:9618?addrs=128.105.69.147-9618+[2607-f388-2200-100-1270-fdff-fe56-d184]-9618&alias=e4024.chtc.wisc.edu&noUDP&sock=slot1_16_569183_aa03_69284>
...
040 (13655293.201.000) 2023-09-05 00:43:14 Finished transferring input files
...
001 (13655293.201.000) 2023-09-05 00:43:16 Job executing on host: <128.105.69.147:9618?addrs=128.105.69.147-9618+[2607-f388-2200-100-1270-fdff-fe56-d184]-9618&alias=e4024.chtc.wisc.edu&noUDP&sock=startd_15926_7d64>
	SlotName: slot1_16@e4024.chtc.wisc.edu
	CondorScratchDir = "/var/lib/condor/execute/slot1/dir_2978050"
	Cpus = 1
	Disk = 1208198
	IoHeavy = 0
	Memory = 4096
...
006 (13655293.201.000) 2023-09-05 00:43:24 Image size of job updated: 605908
	592  -  MemoryUsage of job (MB)
	605908  -  ResidentSetSize of job (KB)
...
006 (13655293.201.000) 2023-09-05 00:48:24 Image size of job updated: 1170736
	956  -  MemoryUsage of job (MB)
	978420  -  ResidentSetSize of job (KB)
...
006 (13655293.201.000) 2023-09-05 00:53:24 Image size of job updated: 1170736
	976  -  MemoryUsage of job (MB)
	998472  -  ResidentSetSize of job (KB)
...
006 (13655293.201.000) 2023-09-05 01:13:26 Image size of job updated: 1170736
	982  -  MemoryUsage of job (MB)
	1005128  -  ResidentSetSize of job (KB)
...
006 (13655293.201.000) 2023-09-05 05:28:54 Image size of job updated: 1170736
	984  -  MemoryUsage of job (MB)
	1006992  -  ResidentSetSize of job (KB)
...
006 (13655293.201.000) 2023-09-05 06:13:59 Image size of job updated: 1170736
	984  -  MemoryUsage of job (MB)
	1006996  -  ResidentSetSize of job (KB)
...
006 (13655293.201.000) 2023-09-05 07:09:04 Image size of job updated: 1170736
	984  -  MemoryUsage of job (MB)
	1007244  -  ResidentSetSize of job (KB)
...
006 (13655293.201.000) 2023-09-05 07:59:10 Image size of job updated: 1170736
	984  -  MemoryUsage of job (MB)
	1007248  -  ResidentSetSize of job (KB)
...
006 (13655293.201.000) 2023-09-05 13:24:42 Image size of job updated: 1170736
	984  -  MemoryUsage of job (MB)
	1007252  -  ResidentSetSize of job (KB)
...
006 (13655293.201.000) 2023-09-05 15:44:59 Image size of job updated: 1170736
	984  -  MemoryUsage of job (MB)
	1007260  -  ResidentSetSize of job (KB)
...
006 (13655293.201.000) 2023-09-05 16:00:01 Image size of job updated: 1170736
	984  -  MemoryUsage of job (MB)
	1007264  -  ResidentSetSize of job (KB)
...
006 (13655293.201.000) 2023-09-06 01:30:52 Image size of job updated: 1303144
	984  -  MemoryUsage of job (MB)
	1007264  -  ResidentSetSize of job (KB)
...
040 (13655293.201.000) 2023-09-06 01:30:53 Started transferring output files
...
040 (13655293.201.000) 2023-09-06 01:30:53 Finished transferring output files
...
005 (13655293.201.000) 2023-09-06 01:30:53 Job terminated.
	(1) Normal termination (return value 0)
		Usr 1 00:21:10, Sys 0 00:04:28  -  Run Remote Usage
		Usr 0 00:00:00, Sys 0 00:00:00  -  Run Local Usage
		Usr 1 00:21:10, Sys 0 00:04:28  -  Total Remote Usage
		Usr 0 00:00:00, Sys 0 00:00:00  -  Total Local Usage
	1309823  -  Run Bytes Sent By Job
	32652772  -  Run Bytes Received By Job
	1309823  -  Total Bytes Sent By Job
	32652772  -  Total Bytes Received By Job
	Partitionable Resources :     Usage  Request Allocated 
	   Cpus                 :      0.98        1         1 
	   Disk (KB)            : 274894      524288   1208198 
	   IoHeavy              :                            0 
	   Memory (MB)          :    984        4096      4096 

	Job terminated of its own accord at 2023-09-06T06:30:52Z with exit-code 0.
...
