000 (13655293.297.000) 2023-09-05 00:33:11 Job submitted from host: <128.104.101.92:9618?addrs=128.104.101.92-9618+[2607-f388-107c-501-a236-9fff-fe3c-caa8]-9618&alias=submit2.chtc.wisc.edu&noUDP&sock=schedd_1879732_618e>
...
040 (13655293.297.000) 2023-09-05 00:51:29 Started transferring input files
	Transferring to host: <128.105.69.191:9618?addrs=128.105.69.191-9618+[2607-f388-2200-100-1270-fdff-fe56-3d4c]-9618&alias=e4044.chtc.wisc.edu&noUDP&sock=slot1_71_852826_d131_11576>
...
040 (13655293.297.000) 2023-09-05 00:51:31 Finished transferring input files
...
001 (13655293.297.000) 2023-09-05 00:51:32 Job executing on host: <128.105.69.191:9618?addrs=128.105.69.191-9618+[2607-f388-2200-100-1270-fdff-fe56-3d4c]-9618&alias=e4044.chtc.wisc.edu&noUDP&sock=startd_16542_03ba>
	SlotName: slot1_71@e4044.chtc.wisc.edu
	CondorScratchDir = "/var/lib/condor/execute/slot1/dir_2527965"
	Cpus = 1
	Disk = 1208198
	IoHeavy = 0
	Memory = 4096
...
006 (13655293.297.000) 2023-09-05 00:51:41 Image size of job updated: 719576
	703  -  MemoryUsage of job (MB)
	719576  -  ResidentSetSize of job (KB)
...
006 (13655293.297.000) 2023-09-05 00:56:42 Image size of job updated: 1287768
	1072  -  MemoryUsage of job (MB)
	1097084  -  ResidentSetSize of job (KB)
...
006 (13655293.297.000) 2023-09-05 01:01:43 Image size of job updated: 1287768
	1078  -  MemoryUsage of job (MB)
	1102972  -  ResidentSetSize of job (KB)
...
006 (13655293.297.000) 2023-09-05 01:06:43 Image size of job updated: 1287768
	1080  -  MemoryUsage of job (MB)
	1105788  -  ResidentSetSize of job (KB)
...
006 (13655293.297.000) 2023-09-05 01:16:44 Image size of job updated: 1287768
	1090  -  MemoryUsage of job (MB)
	1116120  -  ResidentSetSize of job (KB)
...
006 (13655293.297.000) 2023-09-05 22:03:37 Image size of job updated: 1399144
	1090  -  MemoryUsage of job (MB)
	1116120  -  ResidentSetSize of job (KB)
...
040 (13655293.297.000) 2023-09-05 22:03:37 Started transferring output files
...
040 (13655293.297.000) 2023-09-05 22:03:37 Finished transferring output files
...
005 (13655293.297.000) 2023-09-05 22:03:37 Job terminated.
	(1) Normal termination (return value 0)
		Usr 0 20:51:17, Sys 0 00:03:35  -  Run Remote Usage
		Usr 0 00:00:00, Sys 0 00:00:00  -  Run Local Usage
		Usr 0 20:51:17, Sys 0 00:03:35  -  Total Remote Usage
		Usr 0 00:00:00, Sys 0 00:00:00  -  Total Local Usage
	1309726  -  Run Bytes Sent By Job
	32652772  -  Run Bytes Received By Job
	1309726  -  Total Bytes Sent By Job
	32652772  -  Total Bytes Received By Job
	Partitionable Resources :     Usage  Request Allocated 
	   Cpus                 :      0.99        1         1 
	   Disk (KB)            : 274871      524288   1208198 
	   IoHeavy              :                            0 
	   Memory (MB)          :   1090        4096      4096 

	Job terminated of its own accord at 2023-09-06T03:03:37Z with exit-code 0.
...
