000 (13655293.445.000) 2023-09-05 00:33:11 Job submitted from host: <128.104.101.92:9618?addrs=128.104.101.92-9618+[2607-f388-107c-501-a236-9fff-fe3c-caa8]-9618&alias=submit2.chtc.wisc.edu&noUDP&sock=schedd_1879732_618e>
...
040 (13655293.445.000) 2023-09-05 00:56:15 Started transferring input files
	Transferring to host: <128.105.69.157:9618?addrs=128.105.69.157-9618+[2607-f388-2200-100-1270-fdff-fe56-c3a4]-9618&alias=e4090.chtc.wisc.edu&noUDP&sock=slot1_24_1363133_4360_49257>
...
001 (13655293.445.000) 2023-09-05 00:56:39 Job executing on host: <128.105.69.157:9618?addrs=128.105.69.157-9618+[2607-f388-2200-100-1270-fdff-fe56-c3a4]-9618&alias=e4090.chtc.wisc.edu&noUDP&sock=startd_18322_f24e>
	SlotName: slot1_24@e4090.chtc.wisc.edu
	CondorScratchDir = "/var/lib/condor/execute/slot1/dir_555291"
	Cpus = 1
	Disk = 1208198
	IoHeavy = 0
	Memory = 4096
...
040 (13655293.445.000) 2023-09-05 00:56:39 Finished transferring input files
...
006 (13655293.445.000) 2023-09-05 00:57:01 Image size of job updated: 810596
	368  -  MemoryUsage of job (MB)
	376620  -  ResidentSetSize of job (KB)
...
006 (13655293.445.000) 2023-09-05 01:02:01 Image size of job updated: 1079648
	1055  -  MemoryUsage of job (MB)
	1079648  -  ResidentSetSize of job (KB)
...
006 (13655293.445.000) 2023-09-05 01:07:02 Image size of job updated: 1266976
	1238  -  MemoryUsage of job (MB)
	1266972  -  ResidentSetSize of job (KB)
...
006 (13655293.445.000) 2023-09-05 01:12:08 Image size of job updated: 1300992
	1238  -  MemoryUsage of job (MB)
	1266972  -  ResidentSetSize of job (KB)
...
006 (13655293.445.000) 2023-09-05 23:09:19 Image size of job updated: 1414164
	1246  -  MemoryUsage of job (MB)
	1275196  -  ResidentSetSize of job (KB)
...
040 (13655293.445.000) 2023-09-05 23:09:28 Started transferring output files
...
040 (13655293.445.000) 2023-09-05 23:09:28 Finished transferring output files
...
005 (13655293.445.000) 2023-09-05 23:09:29 Job terminated.
	(1) Normal termination (return value 0)
		Usr 0 21:53:34, Sys 0 00:03:53  -  Run Remote Usage
		Usr 0 00:00:00, Sys 0 00:00:00  -  Run Local Usage
		Usr 0 21:53:34, Sys 0 00:03:53  -  Total Remote Usage
		Usr 0 00:00:00, Sys 0 00:00:00  -  Total Local Usage
	1309464  -  Run Bytes Sent By Job
	32652772  -  Run Bytes Received By Job
	1309464  -  Total Bytes Sent By Job
	32652772  -  Total Bytes Received By Job
	Partitionable Resources :     Usage  Request Allocated 
	   Cpus                 :      0.99        1         1 
	   Disk (KB)            : 274915      524288   1208198 
	   IoHeavy              :                            0 
	   Memory (MB)          :   1246        4096      4096 

	Job terminated of its own accord at 2023-09-06T04:09:28Z with exit-code 0.
...
