000 (13655293.324.000) 2023-09-05 00:33:11 Job submitted from host: <128.104.101.92:9618?addrs=128.104.101.92-9618+[2607-f388-107c-501-a236-9fff-fe3c-caa8]-9618&alias=submit2.chtc.wisc.edu&noUDP&sock=schedd_1879732_618e>
...
040 (13655293.324.000) 2023-09-05 00:53:20 Started transferring input files
	Transferring to host: <128.105.69.137:9618?addrs=128.105.69.137-9618+[2607-f388-2200-100-1270-fdff-fe56-d12c]-9618&alias=e4014.chtc.wisc.edu&noUDP&sock=slot1_20_1985361_2db7_52031>
...
001 (13655293.324.000) 2023-09-05 00:53:30 Job executing on host: <128.105.69.137:9618?addrs=128.105.69.137-9618+[2607-f388-2200-100-1270-fdff-fe56-d12c]-9618&alias=e4014.chtc.wisc.edu&noUDP&sock=startd_15862_9754>
	SlotName: slot1_20@e4014.chtc.wisc.edu
	CondorScratchDir = "/var/lib/condor/execute/slot1/dir_4085223"
	Cpus = 1
	Disk = 1208198
	IoHeavy = 0
	Memory = 4096
...
040 (13655293.324.000) 2023-09-05 00:53:30 Finished transferring input files
...
006 (13655293.324.000) 2023-09-05 00:53:39 Image size of job updated: 714516
	698  -  MemoryUsage of job (MB)
	714516  -  ResidentSetSize of job (KB)
...
006 (13655293.324.000) 2023-09-05 00:58:39 Image size of job updated: 1286764
	1057  -  MemoryUsage of job (MB)
	1081548  -  ResidentSetSize of job (KB)
...
006 (13655293.324.000) 2023-09-05 01:03:39 Image size of job updated: 1286764
	1075  -  MemoryUsage of job (MB)
	1099964  -  ResidentSetSize of job (KB)
...
006 (13655293.324.000) 2023-09-05 01:08:40 Image size of job updated: 1286764
	1085  -  MemoryUsage of job (MB)
	1110696  -  ResidentSetSize of job (KB)
...
006 (13655293.324.000) 2023-09-05 03:53:57 Image size of job updated: 1286764
	1095  -  MemoryUsage of job (MB)
	1121168  -  ResidentSetSize of job (KB)
...
006 (13655293.324.000) 2023-09-05 22:40:22 Image size of job updated: 1414368
	1095  -  MemoryUsage of job (MB)
	1121168  -  ResidentSetSize of job (KB)
...
040 (13655293.324.000) 2023-09-05 22:40:22 Started transferring output files
...
040 (13655293.324.000) 2023-09-05 22:40:22 Finished transferring output files
...
005 (13655293.324.000) 2023-09-05 22:40:22 Job terminated.
	(1) Normal termination (return value 0)
		Usr 0 21:22:43, Sys 0 00:05:21  -  Run Remote Usage
		Usr 0 00:00:00, Sys 0 00:00:00  -  Run Local Usage
		Usr 0 21:22:43, Sys 0 00:05:21  -  Total Remote Usage
		Usr 0 00:00:00, Sys 0 00:00:00  -  Total Local Usage
	1309633  -  Run Bytes Sent By Job
	32652772  -  Run Bytes Received By Job
	1309633  -  Total Bytes Sent By Job
	32652772  -  Total Bytes Received By Job
	Partitionable Resources :     Usage  Request Allocated 
	   Cpus                 :      0.99        1         1 
	   Disk (KB)            : 274895      524288   1208198 
	   IoHeavy              :                            0 
	   Memory (MB)          :   1095        4096      4096 

	Job terminated of its own accord at 2023-09-06T03:40:22Z with exit-code 0.
...
