000 (14269004.040.000) 2023-09-11 03:23:01 Job submitted from host: <128.104.101.92:9618?addrs=128.104.101.92-9618+[2607-f388-107c-501-a236-9fff-fe3c-caa8]-9618&alias=submit2.chtc.wisc.edu&noUDP&sock=schedd_1879732_618e>
...
040 (14269004.040.000) 2023-09-11 03:27:46 Started transferring input files
	Transferring to host: <128.105.69.93:9618?addrs=128.105.69.93-9618+[2607-f388-2200-100-1270-fdff-fe56-ba3c]-9618&alias=e4004.chtc.wisc.edu&noUDP&sock=slot1_27_3805455_0e15_85844>
...
040 (14269004.040.000) 2023-09-11 03:27:49 Finished transferring input files
...
001 (14269004.040.000) 2023-09-11 03:27:50 Job executing on host: <128.105.69.93:9618?addrs=128.105.69.93-9618+[2607-f388-2200-100-1270-fdff-fe56-ba3c]-9618&alias=e4004.chtc.wisc.edu&noUDP&sock=startd_13312_80d3>
	SlotName: slot1_27@e4004.chtc.wisc.edu
	CondorScratchDir = "/var/lib/condor/execute/slot1/dir_3754631"
	Cpus = 1
	Disk = 1268229
	IoHeavy = 0
	Memory = 4096
...
006 (14269004.040.000) 2023-09-11 03:27:58 Image size of job updated: 383696
	337  -  MemoryUsage of job (MB)
	344328  -  ResidentSetSize of job (KB)
...
006 (14269004.040.000) 2023-09-11 03:32:08 Image size of job updated: 383696
	344  -  MemoryUsage of job (MB)
	351240  -  ResidentSetSize of job (KB)
...
040 (14269004.040.000) 2023-09-11 03:32:08 Started transferring output files
...
040 (14269004.040.000) 2023-09-11 03:32:08 Finished transferring output files
...
005 (14269004.040.000) 2023-09-11 03:32:24 Job terminated.
	(1) Normal termination (return value 0)
		Usr 0 00:04:10, Sys 0 00:00:03  -  Run Remote Usage
		Usr 0 00:00:00, Sys 0 00:00:00  -  Run Local Usage
		Usr 0 00:04:10, Sys 0 00:00:03  -  Total Remote Usage
		Usr 0 00:00:00, Sys 0 00:00:00  -  Total Local Usage
	134562  -  Run Bytes Sent By Job
	32664898  -  Run Bytes Received By Job
	134562  -  Total Bytes Sent By Job
	32664898  -  Total Bytes Received By Job
	Partitionable Resources :     Usage  Request Allocated 
	   Cpus                 :      0.99        1         1 
	   Disk (KB)            : 255884      524288   1268229 
	   IoHeavy              :                            0 
	   Memory (MB)          :    344        4096      4096 

	Job terminated of its own accord at 2023-09-11T08:32:08Z with exit-code 0.
...
