000 (14269004.007.000) 2023-09-11 03:23:01 Job submitted from host: <128.104.101.92:9618?addrs=128.104.101.92-9618+[2607-f388-107c-501-a236-9fff-fe3c-caa8]-9618&alias=submit2.chtc.wisc.edu&noUDP&sock=schedd_1879732_618e>
...
040 (14269004.007.000) 2023-09-11 03:25:36 Started transferring input files
	Transferring to host: <128.105.69.128:9618?addrs=128.105.69.128-9618+[2607-f388-2200-100-1270-fdff-fe56-642c]-9618&alias=e4077.chtc.wisc.edu&noUDP&sock=slot1_29_22948_b11e_82970>
...
040 (14269004.007.000) 2023-09-11 03:25:37 Finished transferring input files
...
001 (14269004.007.000) 2023-09-11 03:25:38 Job executing on host: <128.105.69.128:9618?addrs=128.105.69.128-9618+[2607-f388-2200-100-1270-fdff-fe56-642c]-9618&alias=e4077.chtc.wisc.edu&noUDP&sock=startd_22803_8a30>
	SlotName: slot1_29@e4077.chtc.wisc.edu
	CondorScratchDir = "/var/lib/condor/execute/slot1/dir_359880"
	Cpus = 1
	Disk = 1208198
	IoHeavy = 0
	Memory = 4096
...
006 (14269004.007.000) 2023-09-11 03:25:47 Image size of job updated: 273428
	192  -  MemoryUsage of job (MB)
	196424  -  ResidentSetSize of job (KB)
...
006 (14269004.007.000) 2023-09-11 03:35:48 Image size of job updated: 273428
	193  -  MemoryUsage of job (MB)
	197456  -  ResidentSetSize of job (KB)
...
040 (14269004.007.000) 2023-09-11 03:38:35 Started transferring output files
...
040 (14269004.007.000) 2023-09-11 03:38:35 Finished transferring output files
...
005 (14269004.007.000) 2023-09-11 03:38:35 Job terminated.
	(1) Normal termination (return value 0)
		Usr 0 00:12:42, Sys 0 00:00:01  -  Run Remote Usage
		Usr 0 00:00:00, Sys 0 00:00:00  -  Run Local Usage
		Usr 0 00:12:42, Sys 0 00:00:01  -  Total Remote Usage
		Usr 0 00:00:00, Sys 0 00:00:00  -  Total Local Usage
	308717  -  Run Bytes Sent By Job
	32664898  -  Run Bytes Received By Job
	308717  -  Total Bytes Sent By Job
	32664898  -  Total Bytes Received By Job
	Partitionable Resources :     Usage  Request Allocated 
	   Cpus                 :      0.98        1         1 
	   Disk (KB)            : 255215      524288   1208198 
	   IoHeavy              :                            0 
	   Memory (MB)          :    193        4096      4096 

	Job terminated of its own accord at 2023-09-11T08:38:35Z with exit-code 0.
...
