000 (13655293.179.000) 2023-09-05 00:33:11 Job submitted from host: <128.104.101.92:9618?addrs=128.104.101.92-9618+[2607-f388-107c-501-a236-9fff-fe3c-caa8]-9618&alias=submit2.chtc.wisc.edu&noUDP&sock=schedd_1879732_618e>
...
040 (13655293.179.000) 2023-09-05 00:41:44 Started transferring input files
	Transferring to host: <128.105.69.101:9618?addrs=128.105.69.101-9618+[2607-f388-2200-100-1270-fdff-fe56-bae4]-9618&alias=e4012.chtc.wisc.edu&noUDP&sock=slot1_43_2664981_f32c_54194>
...
040 (13655293.179.000) 2023-09-05 00:41:46 Finished transferring input files
...
001 (13655293.179.000) 2023-09-05 00:41:47 Job executing on host: <128.105.69.101:9618?addrs=128.105.69.101-9618+[2607-f388-2200-100-1270-fdff-fe56-bae4]-9618&alias=e4012.chtc.wisc.edu&noUDP&sock=startd_15697_6a33>
	SlotName: slot1_43@e4012.chtc.wisc.edu
	CondorScratchDir = "/var/lib/condor/execute/slot1/dir_3688817"
	Cpus = 1
	Disk = 1208198
	IoHeavy = 0
	Memory = 4096
...
006 (13655293.179.000) 2023-09-05 00:41:56 Image size of job updated: 789784
	772  -  MemoryUsage of job (MB)
	789784  -  ResidentSetSize of job (KB)
...
006 (13655293.179.000) 2023-09-05 00:46:57 Image size of job updated: 1296312
	1077  -  MemoryUsage of job (MB)
	1101940  -  ResidentSetSize of job (KB)
...
006 (13655293.179.000) 2023-09-05 00:51:58 Image size of job updated: 1296312
	1091  -  MemoryUsage of job (MB)
	1116336  -  ResidentSetSize of job (KB)
...
006 (13655293.179.000) 2023-09-05 01:37:01 Image size of job updated: 1296312
	1092  -  MemoryUsage of job (MB)
	1117872  -  ResidentSetSize of job (KB)
...
006 (13655293.179.000) 2023-09-05 01:47:02 Image size of job updated: 1296312
	1098  -  MemoryUsage of job (MB)
	1124260  -  ResidentSetSize of job (KB)
...
006 (13655293.179.000) 2023-09-05 19:37:08 Image size of job updated: 1422252
	1098  -  MemoryUsage of job (MB)
	1124260  -  ResidentSetSize of job (KB)
...
040 (13655293.179.000) 2023-09-05 19:37:08 Started transferring output files
...
040 (13655293.179.000) 2023-09-05 19:37:08 Finished transferring output files
...
005 (13655293.179.000) 2023-09-05 19:37:08 Job terminated.
	(1) Normal termination (return value 0)
		Usr 0 18:37:34, Sys 0 00:01:41  -  Run Remote Usage
		Usr 0 00:00:00, Sys 0 00:00:00  -  Run Local Usage
		Usr 0 18:37:34, Sys 0 00:01:41  -  Total Remote Usage
		Usr 0 00:00:00, Sys 0 00:00:00  -  Total Local Usage
	1309465  -  Run Bytes Sent By Job
	32652772  -  Run Bytes Received By Job
	1309465  -  Total Bytes Sent By Job
	32652772  -  Total Bytes Received By Job
	Partitionable Resources :     Usage  Request Allocated 
	   Cpus                 :      0.99        1         1 
	   Disk (KB)            : 274878      524288   1208198 
	   IoHeavy              :                            0 
	   Memory (MB)          :   1098        4096      4096 

	Job terminated of its own accord at 2023-09-06T00:37:08Z with exit-code 0.
...
