000 (13648508.137.000) 2023-09-04 23:50:03 Job submitted from host: <128.104.101.92:9618?addrs=128.104.101.92-9618+[2607-f388-107c-501-a236-9fff-fe3c-caa8]-9618&alias=submit2.chtc.wisc.edu&noUDP&sock=schedd_1879732_618e>
...
040 (13648508.137.000) 2023-09-05 00:11:24 Started transferring input files
	Transferring to host: <128.105.69.233:9618?addrs=128.105.69.233-9618+[2607-f388-2200-100-eaeb-d3ff-fe40-109c]-9618&alias=e2616.chtc.wisc.edu&noUDP&sock=slot1_17_16547_9bba_11706>
...
040 (13648508.137.000) 2023-09-05 00:11:26 Finished transferring input files
...
001 (13648508.137.000) 2023-09-05 00:11:27 Job executing on host: <128.105.69.233:9618?addrs=128.105.69.233-9618+[2607-f388-2200-100-eaeb-d3ff-fe40-109c]-9618&alias=e2616.chtc.wisc.edu&noUDP&sock=startd_16406_bad9>
	SlotName: slot1_17@e2616.chtc.wisc.edu
	CondorScratchDir = "/var/lib/condor/execute/slot1/dir_2439147"
	Cpus = 1
	Disk = 1208198
	IoHeavy = 0
	Memory = 4096
...
006 (13648508.137.000) 2023-09-05 00:11:35 Image size of job updated: 273284
	164  -  MemoryUsage of job (MB)
	167108  -  ResidentSetSize of job (KB)
...
040 (13648508.137.000) 2023-09-05 00:12:02 Started transferring output files
...
040 (13648508.137.000) 2023-09-05 00:12:02 Finished transferring output files
...
005 (13648508.137.000) 2023-09-05 00:12:02 Job terminated.
	(1) Normal termination (return value 0)
		Usr 0 00:00:33, Sys 0 00:00:00  -  Run Remote Usage
		Usr 0 00:00:00, Sys 0 00:00:00  -  Run Local Usage
		Usr 0 00:00:33, Sys 0 00:00:00  -  Total Remote Usage
		Usr 0 00:00:00, Sys 0 00:00:00  -  Total Local Usage
	28102  -  Run Bytes Sent By Job
	32665120  -  Run Bytes Received By Job
	28102  -  Total Bytes Sent By Job
	32665120  -  Total Bytes Received By Job
	Partitionable Resources :    Usage  Request Allocated 
	   Cpus                 :                 1         1 
	   Disk (KB)            :   254933   524288   1208198 
	   IoHeavy              :                           0 
	   Memory (MB)          :      164     4096      4096 

	Job terminated of its own accord at 2023-09-05T05:12:02Z with exit-code 0.
...
