000 (13655293.018.000) 2023-09-05 00:33:11 Job submitted from host: <128.104.101.92:9618?addrs=128.104.101.92-9618+[2607-f388-107c-501-a236-9fff-fe3c-caa8]-9618&alias=submit2.chtc.wisc.edu&noUDP&sock=schedd_1879732_618e>
...
040 (13655293.018.000) 2023-09-05 00:36:05 Started transferring input files
	Transferring to host: <128.105.69.149:9618?addrs=128.105.69.149-9618+[2607-f388-2200-100-1270-fdff-fe56-63bc]-9618&alias=e4026.chtc.wisc.edu&noUDP&sock=slot1_2_174454_5fef_44815>
...
040 (13655293.018.000) 2023-09-05 00:36:06 Finished transferring input files
...
001 (13655293.018.000) 2023-09-05 00:36:09 Job executing on host: <128.105.69.149:9618?addrs=128.105.69.149-9618+[2607-f388-2200-100-1270-fdff-fe56-63bc]-9618&alias=e4026.chtc.wisc.edu&noUDP&sock=startd_15915_f1d9>
	SlotName: slot1_2@e4026.chtc.wisc.edu
	CondorScratchDir = "/var/lib/condor/execute/slot1/dir_2367658"
	Cpus = 1
	Disk = 1208198
	IoHeavy = 0
	Memory = 4096
...
006 (13655293.018.000) 2023-09-05 00:36:17 Image size of job updated: 638756
	624  -  MemoryUsage of job (MB)
	638752  -  ResidentSetSize of job (KB)
...
006 (13655293.018.000) 2023-09-05 00:41:17 Image size of job updated: 1268492
	1239  -  MemoryUsage of job (MB)
	1268360  -  ResidentSetSize of job (KB)
...
006 (13655293.018.000) 2023-09-05 00:46:18 Image size of job updated: 1289384
	1239  -  MemoryUsage of job (MB)
	1268360  -  ResidentSetSize of job (KB)
...
006 (13655293.018.000) 2023-09-05 15:39:29 Image size of job updated: 1355220
	1239  -  MemoryUsage of job (MB)
	1268360  -  ResidentSetSize of job (KB)
...
040 (13655293.018.000) 2023-09-05 15:39:29 Started transferring output files
...
040 (13655293.018.000) 2023-09-05 15:39:29 Finished transferring output files
...
005 (13655293.018.000) 2023-09-05 15:39:29 Job terminated.
	(1) Normal termination (return value 0)
		Usr 0 14:51:43, Sys 0 00:02:49  -  Run Remote Usage
		Usr 0 00:00:00, Sys 0 00:00:00  -  Run Local Usage
		Usr 0 14:51:43, Sys 0 00:02:49  -  Total Remote Usage
		Usr 0 00:00:00, Sys 0 00:00:00  -  Total Local Usage
	1309629  -  Run Bytes Sent By Job
	32652772  -  Run Bytes Received By Job
	1309629  -  Total Bytes Sent By Job
	32652772  -  Total Bytes Received By Job
	Partitionable Resources :     Usage  Request Allocated 
	   Cpus                 :      0.98        1         1 
	   Disk (KB)            : 274909      524288   1208198 
	   IoHeavy              :                            0 
	   Memory (MB)          :   1239        4096      4096 

	Job terminated of its own accord at 2023-09-05T20:39:29Z with exit-code 0.
...
