000 (13655293.231.000) 2023-09-05 00:33:11 Job submitted from host: <128.104.101.92:9618?addrs=128.104.101.92-9618+[2607-f388-107c-501-a236-9fff-fe3c-caa8]-9618&alias=submit2.chtc.wisc.edu&noUDP&sock=schedd_1879732_618e>
...
040 (13655293.231.000) 2023-09-05 00:45:53 Started transferring input files
	Transferring to host: <128.105.69.137:9618?addrs=128.105.69.137-9618+[2607-f388-2200-100-1270-fdff-fe56-d12c]-9618&alias=e4014.chtc.wisc.edu&noUDP&sock=slot1_43_1985361_2db7_51987>
...
040 (13655293.231.000) 2023-09-05 00:45:55 Finished transferring input files
...
001 (13655293.231.000) 2023-09-05 00:46:42 Job executing on host: <128.105.69.137:9618?addrs=128.105.69.137-9618+[2607-f388-2200-100-1270-fdff-fe56-d12c]-9618&alias=e4014.chtc.wisc.edu&noUDP&sock=startd_15862_9754>
	SlotName: slot1_43@e4014.chtc.wisc.edu
	CondorScratchDir = "/var/lib/condor/execute/slot1/dir_4059367"
	Cpus = 1
	Disk = 1208198
	IoHeavy = 0
	Memory = 4096
...
006 (13655293.231.000) 2023-09-05 00:46:50 Image size of job updated: 595624
	582  -  MemoryUsage of job (MB)
	595624  -  ResidentSetSize of job (KB)
...
006 (13655293.231.000) 2023-09-05 00:51:50 Image size of job updated: 1193296
	961  -  MemoryUsage of job (MB)
	983520  -  ResidentSetSize of job (KB)
...
006 (13655293.231.000) 2023-09-05 00:56:50 Image size of job updated: 1193296
	968  -  MemoryUsage of job (MB)
	990492  -  ResidentSetSize of job (KB)
...
006 (13655293.231.000) 2023-09-05 01:06:51 Image size of job updated: 1193296
	971  -  MemoryUsage of job (MB)
	994076  -  ResidentSetSize of job (KB)
...
006 (13655293.231.000) 2023-09-05 01:16:53 Image size of job updated: 1193296
	984  -  MemoryUsage of job (MB)
	1007112  -  ResidentSetSize of job (KB)
...
006 (13655293.231.000) 2023-09-05 03:42:08 Image size of job updated: 1193296
	992  -  MemoryUsage of job (MB)
	1015616  -  ResidentSetSize of job (KB)
...
006 (13655293.231.000) 2023-09-05 22:18:27 Image size of job updated: 1305860
	992  -  MemoryUsage of job (MB)
	1015616  -  ResidentSetSize of job (KB)
...
040 (13655293.231.000) 2023-09-05 22:18:27 Started transferring output files
...
040 (13655293.231.000) 2023-09-05 22:18:27 Finished transferring output files
...
005 (13655293.231.000) 2023-09-05 22:18:27 Job terminated.
	(1) Normal termination (return value 0)
		Usr 0 21:10:21, Sys 0 00:03:31  -  Run Remote Usage
		Usr 0 00:00:00, Sys 0 00:00:00  -  Run Local Usage
		Usr 0 21:10:21, Sys 0 00:03:31  -  Total Remote Usage
		Usr 0 00:00:00, Sys 0 00:00:00  -  Total Local Usage
	1309458  -  Run Bytes Sent By Job
	32652772  -  Run Bytes Received By Job
	1309458  -  Total Bytes Sent By Job
	32652772  -  Total Bytes Received By Job
	Partitionable Resources :     Usage  Request Allocated 
	   Cpus                 :      0.99        1         1 
	   Disk (KB)            : 274873      524288   1208198 
	   IoHeavy              :                            0 
	   Memory (MB)          :    992        4096      4096 

	Job terminated of its own accord at 2023-09-06T03:18:27Z with exit-code 0.
...
