000 (13655293.119.000) 2023-09-05 00:33:11 Job submitted from host: <128.104.101.92:9618?addrs=128.104.101.92-9618+[2607-f388-107c-501-a236-9fff-fe3c-caa8]-9618&alias=submit2.chtc.wisc.edu&noUDP&sock=schedd_1879732_618e>
...
040 (13655293.119.000) 2023-09-05 00:36:25 Started transferring input files
	Transferring to host: <128.105.69.189:9618?addrs=128.105.69.189-9618+[2607-f388-2200-100-1270-fdff-fe56-644c]-9618&alias=e4042.chtc.wisc.edu&noUDP&sock=slot1_94_3770169_e03a_55807>
...
001 (13655293.119.000) 2023-09-05 00:36:35 Job executing on host: <128.105.69.189:9618?addrs=128.105.69.189-9618+[2607-f388-2200-100-1270-fdff-fe56-644c]-9618&alias=e4042.chtc.wisc.edu&noUDP&sock=startd_15959_2004>
	SlotName: slot1_94@e4042.chtc.wisc.edu
	CondorScratchDir = "/var/lib/condor/execute/slot1/dir_3475087"
	Cpus = 1
	Disk = 1208198
	IoHeavy = 0
	Memory = 4096
...
040 (13655293.119.000) 2023-09-05 00:36:35 Finished transferring input files
...
006 (13655293.119.000) 2023-09-05 00:36:44 Image size of job updated: 605952
	592  -  MemoryUsage of job (MB)
	605952  -  ResidentSetSize of job (KB)
...
006 (13655293.119.000) 2023-09-05 00:41:45 Image size of job updated: 1197312
	957  -  MemoryUsage of job (MB)
	979560  -  ResidentSetSize of job (KB)
...
006 (13655293.119.000) 2023-09-05 00:46:46 Image size of job updated: 1197312
	977  -  MemoryUsage of job (MB)
	1000296  -  ResidentSetSize of job (KB)
...
006 (13655293.119.000) 2023-09-05 01:31:51 Image size of job updated: 1197312
	978  -  MemoryUsage of job (MB)
	1000632  -  ResidentSetSize of job (KB)
...
006 (13655293.119.000) 2023-09-05 02:26:56 Image size of job updated: 1197312
	982  -  MemoryUsage of job (MB)
	1005028  -  ResidentSetSize of job (KB)
...
006 (13655293.119.000) 2023-09-05 04:22:07 Image size of job updated: 1197312
	982  -  MemoryUsage of job (MB)
	1005208  -  ResidentSetSize of job (KB)
...
006 (13655293.119.000) 2023-09-05 23:08:45 Image size of job updated: 1267808
	982  -  MemoryUsage of job (MB)
	1005208  -  ResidentSetSize of job (KB)
...
040 (13655293.119.000) 2023-09-05 23:08:46 Started transferring output files
...
040 (13655293.119.000) 2023-09-05 23:08:46 Finished transferring output files
...
005 (13655293.119.000) 2023-09-05 23:08:46 Job terminated.
	(1) Normal termination (return value 0)
		Usr 0 22:06:11, Sys 0 00:03:52  -  Run Remote Usage
		Usr 0 00:00:00, Sys 0 00:00:00  -  Run Local Usage
		Usr 0 22:06:11, Sys 0 00:03:52  -  Total Remote Usage
		Usr 0 00:00:00, Sys 0 00:00:00  -  Total Local Usage
	1309596  -  Run Bytes Sent By Job
	32652772  -  Run Bytes Received By Job
	1309596  -  Total Bytes Sent By Job
	32652772  -  Total Bytes Received By Job
	Partitionable Resources :     Usage  Request Allocated 
	   Cpus                 :      0.99        1         1 
	   Disk (KB)            : 274886      524288   1208198 
	   IoHeavy              :                            0 
	   Memory (MB)          :    982        4096      4096 

	Job terminated of its own accord at 2023-09-06T04:08:45Z with exit-code 0.
...
