000 (13655293.166.000) 2023-09-05 00:33:11 Job submitted from host: <128.104.101.92:9618?addrs=128.104.101.92-9618+[2607-f388-107c-501-a236-9fff-fe3c-caa8]-9618&alias=submit2.chtc.wisc.edu&noUDP&sock=schedd_1879732_618e>
...
040 (13655293.166.000) 2023-09-05 00:40:20 Started transferring input files
	Transferring to host: <128.105.69.235:9618?addrs=128.105.69.235-9618+[2607-f388-2200-100-eaeb-d3ff-fe40-1eec]-9618&alias=e2618.chtc.wisc.edu&noUDP&sock=slot1_72_1971430_8761_56679>
...
040 (13655293.166.000) 2023-09-05 00:40:22 Finished transferring input files
...
001 (13655293.166.000) 2023-09-05 00:40:23 Job executing on host: <128.105.69.235:9618?addrs=128.105.69.235-9618+[2607-f388-2200-100-eaeb-d3ff-fe40-1eec]-9618&alias=e2618.chtc.wisc.edu&noUDP&sock=startd_18889_dc81>
	SlotName: slot1_72@e2618.chtc.wisc.edu
	CondorScratchDir = "/var/lib/condor/execute/slot1/dir_2086899"
	Cpus = 1
	Disk = 1458998
	IoHeavy = 0
	Memory = 4096
...
006 (13655293.166.000) 2023-09-05 00:40:32 Image size of job updated: 602432
	589  -  MemoryUsage of job (MB)
	602428  -  ResidentSetSize of job (KB)
...
006 (13655293.166.000) 2023-09-05 00:45:34 Image size of job updated: 1180664
	968  -  MemoryUsage of job (MB)
	991156  -  ResidentSetSize of job (KB)
...
006 (13655293.166.000) 2023-09-05 00:50:34 Image size of job updated: 1180664
	970  -  MemoryUsage of job (MB)
	992716  -  ResidentSetSize of job (KB)
...
006 (13655293.166.000) 2023-09-05 01:00:35 Image size of job updated: 1180664
	978  -  MemoryUsage of job (MB)
	1001084  -  ResidentSetSize of job (KB)
...
006 (13655293.166.000) 2023-09-05 01:15:36 Image size of job updated: 1180664
	980  -  MemoryUsage of job (MB)
	1003284  -  ResidentSetSize of job (KB)
...
006 (13655293.166.000) 2023-09-05 03:45:51 Image size of job updated: 1180664
	981  -  MemoryUsage of job (MB)
	1004356  -  ResidentSetSize of job (KB)
...
006 (13655293.166.000) 2023-09-05 04:25:56 Image size of job updated: 1180664
	982  -  MemoryUsage of job (MB)
	1004612  -  ResidentSetSize of job (KB)
...
006 (13655293.166.000) 2023-09-05 23:31:55 Image size of job updated: 1276740
	982  -  MemoryUsage of job (MB)
	1004612  -  ResidentSetSize of job (KB)
...
040 (13655293.166.000) 2023-09-05 23:31:55 Started transferring output files
...
040 (13655293.166.000) 2023-09-05 23:31:55 Finished transferring output files
...
005 (13655293.166.000) 2023-09-05 23:31:55 Job terminated.
	(1) Normal termination (return value 0)
		Usr 0 22:25:57, Sys 0 00:03:06  -  Run Remote Usage
		Usr 0 00:00:00, Sys 0 00:00:00  -  Run Local Usage
		Usr 0 22:25:57, Sys 0 00:03:06  -  Total Remote Usage
		Usr 0 00:00:00, Sys 0 00:00:00  -  Total Local Usage
	1309541  -  Run Bytes Sent By Job
	32652772  -  Run Bytes Received By Job
	1309541  -  Total Bytes Sent By Job
	32652772  -  Total Bytes Received By Job
	Partitionable Resources :     Usage  Request Allocated 
	   Cpus                 :      0.99        1         1 
	   Disk (KB)            : 274892      524288   1458998 
	   IoHeavy              :                            0 
	   Memory (MB)          :    982        4096      4096 

	Job terminated of its own accord at 2023-09-06T04:31:55Z with exit-code 0.
...
