000 (14269004.030.000) 2023-09-11 03:23:01 Job submitted from host: <128.104.101.92:9618?addrs=128.104.101.92-9618+[2607-f388-107c-501-a236-9fff-fe3c-caa8]-9618&alias=submit2.chtc.wisc.edu&noUDP&sock=schedd_1879732_618e>
...
040 (14269004.030.000) 2023-09-11 03:27:28 Started transferring input files
	Transferring to host: <128.105.69.206:9618?addrs=128.105.69.206-9618+[2607-f388-2200-100-eaeb-d3ff-fe40-2844]-9618&alias=e2589.chtc.wisc.edu&noUDP&sock=slot1_164_113147_0c12_97665>
...
040 (14269004.030.000) 2023-09-11 03:27:30 Finished transferring input files
...
001 (14269004.030.000) 2023-09-11 03:27:31 Job executing on host: <128.105.69.206:9618?addrs=128.105.69.206-9618+[2607-f388-2200-100-eaeb-d3ff-fe40-2844]-9618&alias=e2589.chtc.wisc.edu&noUDP&sock=startd_18780_18af>
	SlotName: slot1_164@e2589.chtc.wisc.edu
	CondorScratchDir = "/var/lib/condor/execute/slot1/dir_3681919"
	Cpus = 1
	Disk = 1458998
	IoHeavy = 0
	Memory = 4096
...
006 (14269004.030.000) 2023-09-11 03:27:40 Image size of job updated: 273304
	170  -  MemoryUsage of job (MB)
	173868  -  ResidentSetSize of job (KB)
...
040 (14269004.030.000) 2023-09-11 03:29:47 Started transferring output files
...
040 (14269004.030.000) 2023-09-11 03:29:47 Finished transferring output files
...
005 (14269004.030.000) 2023-09-11 03:29:47 Job terminated.
	(1) Normal termination (return value 0)
		Usr 0 00:02:09, Sys 0 00:00:01  -  Run Remote Usage
		Usr 0 00:00:00, Sys 0 00:00:00  -  Run Local Usage
		Usr 0 00:02:09, Sys 0 00:00:01  -  Total Remote Usage
		Usr 0 00:00:00, Sys 0 00:00:00  -  Total Local Usage
	134601  -  Run Bytes Sent By Job
	32664898  -  Run Bytes Received By Job
	134601  -  Total Bytes Sent By Job
	32664898  -  Total Bytes Received By Job
	Partitionable Resources :     Usage  Request Allocated 
	   Cpus                 :      0.99        1         1 
	   Disk (KB)            : 255045      524288   1458998 
	   IoHeavy              :                            0 
	   Memory (MB)          :    170        4096      4096 

	Job terminated of its own accord at 2023-09-11T08:29:46Z with exit-code 0.
...
