000 (13655293.012.000) 2023-09-05 00:33:11 Job submitted from host: <128.104.101.92:9618?addrs=128.104.101.92-9618+[2607-f388-107c-501-a236-9fff-fe3c-caa8]-9618&alias=submit2.chtc.wisc.edu&noUDP&sock=schedd_1879732_618e>
...
040 (13655293.012.000) 2023-09-05 00:35:53 Started transferring input files
	Transferring to host: <128.105.69.191:9618?addrs=128.105.69.191-9618+[2607-f388-2200-100-1270-fdff-fe56-3d4c]-9618&alias=e4044.chtc.wisc.edu&noUDP&sock=slot1_63_852826_d131_11540>
...
040 (13655293.012.000) 2023-09-05 00:35:56 Finished transferring input files
...
001 (13655293.012.000) 2023-09-05 00:35:57 Job executing on host: <128.105.69.191:9618?addrs=128.105.69.191-9618+[2607-f388-2200-100-1270-fdff-fe56-3d4c]-9618&alias=e4044.chtc.wisc.edu&noUDP&sock=startd_16542_03ba>
	SlotName: slot1_63@e4044.chtc.wisc.edu
	CondorScratchDir = "/var/lib/condor/execute/slot1/dir_2505012"
	Cpus = 1
	Disk = 1208198
	IoHeavy = 0
	Memory = 4096
...
006 (13655293.012.000) 2023-09-05 00:36:06 Image size of job updated: 711912
	696  -  MemoryUsage of job (MB)
	711912  -  ResidentSetSize of job (KB)
...
006 (13655293.012.000) 2023-09-05 00:41:07 Image size of job updated: 1279184
	1066  -  MemoryUsage of job (MB)
	1090696  -  ResidentSetSize of job (KB)
...
006 (13655293.012.000) 2023-09-05 00:46:07 Image size of job updated: 1279184
	1086  -  MemoryUsage of job (MB)
	1111588  -  ResidentSetSize of job (KB)
...
006 (13655293.012.000) 2023-09-05 21:11:10 Image size of job updated: 1413008
	1086  -  MemoryUsage of job (MB)
	1111588  -  ResidentSetSize of job (KB)
...
040 (13655293.012.000) 2023-09-05 21:11:10 Started transferring output files
...
040 (13655293.012.000) 2023-09-05 21:11:10 Finished transferring output files
...
005 (13655293.012.000) 2023-09-05 21:11:10 Job terminated.
	(1) Normal termination (return value 0)
		Usr 0 20:15:06, Sys 0 00:03:12  -  Run Remote Usage
		Usr 0 00:00:00, Sys 0 00:00:00  -  Run Local Usage
		Usr 0 20:15:06, Sys 0 00:03:12  -  Total Remote Usage
		Usr 0 00:00:00, Sys 0 00:00:00  -  Total Local Usage
	1309643  -  Run Bytes Sent By Job
	32652772  -  Run Bytes Received By Job
	1309643  -  Total Bytes Sent By Job
	32652772  -  Total Bytes Received By Job
	Partitionable Resources :     Usage  Request Allocated 
	   Cpus                 :      0.99        1         1 
	   Disk (KB)            : 274899      524288   1208198 
	   IoHeavy              :                            0 
	   Memory (MB)          :   1086        4096      4096 

	Job terminated of its own accord at 2023-09-06T02:11:10Z with exit-code 0.
...
