000 (13655293.418.000) 2023-09-05 00:33:11 Job submitted from host: <128.104.101.92:9618?addrs=128.104.101.92-9618+[2607-f388-107c-501-a236-9fff-fe3c-caa8]-9618&alias=submit2.chtc.wisc.edu&noUDP&sock=schedd_1879732_618e>
...
040 (13655293.418.000) 2023-09-05 00:56:09 Started transferring input files
	Transferring to host: <128.105.69.89:9618?addrs=128.105.69.89-9618+[2607-f388-2200-100-1270-fdff-fe56-41cc]-9618&alias=build4000.chtc.wisc.edu&noUDP&sock=slot3_16_611418_0ad8_46177>
...
001 (13655293.418.000) 2023-09-05 00:57:27 Job executing on host: <128.105.69.89:9618?addrs=128.105.69.89-9618+[2607-f388-2200-100-1270-fdff-fe56-41cc]-9618&alias=build4000.chtc.wisc.edu&noUDP&sock=startd_16084_dd5a>
	SlotName: slot3_16@build4000.chtc.wisc.edu
	CondorScratchDir = "/var/lib/condor/execute/slot3/dir_2695637"
	Cpus = 1
	Disk = 1208198
	IoHeavy = 0
	Memory = 4096
...
040 (13655293.418.000) 2023-09-05 00:57:27 Finished transferring input files
...
006 (13655293.418.000) 2023-09-05 00:57:35 Image size of job updated: 658168
	643  -  MemoryUsage of job (MB)
	658164  -  ResidentSetSize of job (KB)
...
006 (13655293.418.000) 2023-09-05 01:02:35 Image size of job updated: 1279540
	1060  -  MemoryUsage of job (MB)
	1084728  -  ResidentSetSize of job (KB)
...
006 (13655293.418.000) 2023-09-05 01:07:36 Image size of job updated: 1279540
	1081  -  MemoryUsage of job (MB)
	1106548  -  ResidentSetSize of job (KB)
...
006 (13655293.418.000) 2023-09-05 01:12:37 Image size of job updated: 1279540
	1083  -  MemoryUsage of job (MB)
	1108432  -  ResidentSetSize of job (KB)
...
006 (13655293.418.000) 2023-09-05 02:07:43 Image size of job updated: 1279540
	1084  -  MemoryUsage of job (MB)
	1109076  -  ResidentSetSize of job (KB)
...
006 (13655293.418.000) 2023-09-05 03:52:53 Image size of job updated: 1279540
	1089  -  MemoryUsage of job (MB)
	1114664  -  ResidentSetSize of job (KB)
...
006 (13655293.418.000) 2023-09-05 04:42:57 Image size of job updated: 1279540
	1089  -  MemoryUsage of job (MB)
	1114840  -  ResidentSetSize of job (KB)
...
006 (13655293.418.000) 2023-09-05 05:23:01 Image size of job updated: 1279540
	1089  -  MemoryUsage of job (MB)
	1114844  -  ResidentSetSize of job (KB)
...
006 (13655293.418.000) 2023-09-05 06:23:06 Image size of job updated: 1279540
	1089  -  MemoryUsage of job (MB)
	1114848  -  ResidentSetSize of job (KB)
...
006 (13655293.418.000) 2023-09-05 07:58:17 Image size of job updated: 1279540
	1089  -  MemoryUsage of job (MB)
	1114856  -  ResidentSetSize of job (KB)
...
006 (13655293.418.000) 2023-09-05 08:58:23 Image size of job updated: 1279540
	1089  -  MemoryUsage of job (MB)
	1114860  -  ResidentSetSize of job (KB)
...
006 (13655293.418.000) 2023-09-05 09:53:29 Image size of job updated: 1279540
	1089  -  MemoryUsage of job (MB)
	1114864  -  ResidentSetSize of job (KB)
...
006 (13655293.418.000) 2023-09-05 12:03:43 Image size of job updated: 1279540
	1089  -  MemoryUsage of job (MB)
	1114884  -  ResidentSetSize of job (KB)
...
006 (13655293.418.000) 2023-09-05 12:48:47 Image size of job updated: 1279540
	1089  -  MemoryUsage of job (MB)
	1114892  -  ResidentSetSize of job (KB)
...
006 (13655293.418.000) 2023-09-05 13:23:51 Image size of job updated: 1279540
	1089  -  MemoryUsage of job (MB)
	1114904  -  ResidentSetSize of job (KB)
...
006 (13655293.418.000) 2023-09-05 13:53:53 Image size of job updated: 1279540
	1089  -  MemoryUsage of job (MB)
	1114912  -  ResidentSetSize of job (KB)
...
006 (13655293.418.000) 2023-09-05 14:13:54 Image size of job updated: 1279540
	1089  -  MemoryUsage of job (MB)
	1114920  -  ResidentSetSize of job (KB)
...
006 (13655293.418.000) 2023-09-05 14:33:57 Image size of job updated: 1279540
	1089  -  MemoryUsage of job (MB)
	1114928  -  ResidentSetSize of job (KB)
...
006 (13655293.418.000) 2023-09-05 19:12:05 Image size of job updated: 1413020
	1089  -  MemoryUsage of job (MB)
	1114928  -  ResidentSetSize of job (KB)
...
040 (13655293.418.000) 2023-09-05 19:12:05 Started transferring output files
...
040 (13655293.418.000) 2023-09-05 19:12:05 Finished transferring output files
...
005 (13655293.418.000) 2023-09-05 19:12:05 Job terminated.
	(1) Normal termination (return value 0)
		Usr 0 17:54:59, Sys 0 00:03:14  -  Run Remote Usage
		Usr 0 00:00:00, Sys 0 00:00:00  -  Run Local Usage
		Usr 0 17:54:59, Sys 0 00:03:14  -  Total Remote Usage
		Usr 0 00:00:00, Sys 0 00:00:00  -  Total Local Usage
	1309766  -  Run Bytes Sent By Job
	32652772  -  Run Bytes Received By Job
	1309766  -  Total Bytes Sent By Job
	32652772  -  Total Bytes Received By Job
	Partitionable Resources :     Usage  Request Allocated 
	   Cpus                 :      0.99        1         1 
	   Disk (KB)            : 274891      524288   1208198 
	   IoHeavy              :                            0 
	   Memory (MB)          :   1089        4096      4096 

	Job terminated of its own accord at 2023-09-06T00:12:05Z with exit-code 0.
...
