000 (13655293.132.000) 2023-09-05 00:33:11 Job submitted from host: <128.104.101.92:9618?addrs=128.104.101.92-9618+[2607-f388-107c-501-a236-9fff-fe3c-caa8]-9618&alias=submit2.chtc.wisc.edu&noUDP&sock=schedd_1879732_618e>
...
040 (13655293.132.000) 2023-09-05 00:36:28 Started transferring input files
	Transferring to host: <128.105.69.189:9618?addrs=128.105.69.189-9618+[2607-f388-2200-100-1270-fdff-fe56-644c]-9618&alias=e4042.chtc.wisc.edu&noUDP&sock=slot1_100_3770169_e03a_55810>
...
001 (13655293.132.000) 2023-09-05 00:36:38 Job executing on host: <128.105.69.189:9618?addrs=128.105.69.189-9618+[2607-f388-2200-100-1270-fdff-fe56-644c]-9618&alias=e4042.chtc.wisc.edu&noUDP&sock=startd_15959_2004>
	SlotName: slot1_100@e4042.chtc.wisc.edu
	CondorScratchDir = "/var/lib/condor/execute/slot1/dir_3475115"
	Cpus = 1
	Disk = 1208198
	IoHeavy = 0
	Memory = 4096
...
040 (13655293.132.000) 2023-09-05 00:36:38 Finished transferring input files
...
006 (13655293.132.000) 2023-09-05 00:36:46 Image size of job updated: 691532
	676  -  MemoryUsage of job (MB)
	691532  -  ResidentSetSize of job (KB)
...
006 (13655293.132.000) 2023-09-05 00:41:46 Image size of job updated: 1281196
	1060  -  MemoryUsage of job (MB)
	1084940  -  ResidentSetSize of job (KB)
...
006 (13655293.132.000) 2023-09-05 00:46:46 Image size of job updated: 1281196
	1084  -  MemoryUsage of job (MB)
	1109624  -  ResidentSetSize of job (KB)
...
006 (13655293.132.000) 2023-09-05 02:06:53 Image size of job updated: 1281196
	1085  -  MemoryUsage of job (MB)
	1110956  -  ResidentSetSize of job (KB)
...
006 (13655293.132.000) 2023-09-05 04:27:06 Image size of job updated: 1281196
	1085  -  MemoryUsage of job (MB)
	1110968  -  ResidentSetSize of job (KB)
...
006 (13655293.132.000) 2023-09-06 01:27:22 Image size of job updated: 1410252
	1085  -  MemoryUsage of job (MB)
	1110968  -  ResidentSetSize of job (KB)
...
040 (13655293.132.000) 2023-09-06 01:27:22 Started transferring output files
...
040 (13655293.132.000) 2023-09-06 01:27:22 Finished transferring output files
...
005 (13655293.132.000) 2023-09-06 01:27:22 Job terminated.
	(1) Normal termination (return value 0)
		Usr 1 00:24:36, Sys 0 00:04:15  -  Run Remote Usage
		Usr 0 00:00:00, Sys 0 00:00:00  -  Run Local Usage
		Usr 1 00:24:36, Sys 0 00:04:15  -  Total Remote Usage
		Usr 0 00:00:00, Sys 0 00:00:00  -  Total Local Usage
	1309766  -  Run Bytes Sent By Job
	32652772  -  Run Bytes Received By Job
	1309766  -  Total Bytes Sent By Job
	32652772  -  Total Bytes Received By Job
	Partitionable Resources :     Usage  Request Allocated 
	   Cpus                 :      0.99        1         1 
	   Disk (KB)            : 274898      524288   1208198 
	   IoHeavy              :                            0 
	   Memory (MB)          :   1085        4096      4096 

	Job terminated of its own accord at 2023-09-06T06:27:22Z with exit-code 0.
...
