000 (13655293.459.000) 2023-09-05 00:33:11 Job submitted from host: <128.104.101.92:9618?addrs=128.104.101.92-9618+[2607-f388-107c-501-a236-9fff-fe3c-caa8]-9618&alias=submit2.chtc.wisc.edu&noUDP&sock=schedd_1879732_618e>
...
040 (13655293.459.000) 2023-09-05 00:56:19 Started transferring input files
	Transferring to host: <128.105.69.157:9618?addrs=128.105.69.157-9618+[2607-f388-2200-100-1270-fdff-fe56-c3a4]-9618&alias=e4090.chtc.wisc.edu&noUDP&sock=slot1_55_1363133_4360_49267>
...
001 (13655293.459.000) 2023-09-05 00:57:01 Job executing on host: <128.105.69.157:9618?addrs=128.105.69.157-9618+[2607-f388-2200-100-1270-fdff-fe56-c3a4]-9618&alias=e4090.chtc.wisc.edu&noUDP&sock=startd_18322_f24e>
	SlotName: slot1_55@e4090.chtc.wisc.edu
	CondorScratchDir = "/var/lib/condor/execute/slot1/dir_555304"
	Cpus = 1
	Disk = 1208198
	IoHeavy = 0
	Memory = 4096
...
040 (13655293.459.000) 2023-09-05 00:57:01 Finished transferring input files
...
006 (13655293.459.000) 2023-09-05 00:57:09 Image size of job updated: 519588
	508  -  MemoryUsage of job (MB)
	519588  -  ResidentSetSize of job (KB)
...
006 (13655293.459.000) 2023-09-05 01:02:10 Image size of job updated: 865020
	845  -  MemoryUsage of job (MB)
	865020  -  ResidentSetSize of job (KB)
...
006 (13655293.459.000) 2023-09-05 01:07:10 Image size of job updated: 1155292
	859  -  MemoryUsage of job (MB)
	879112  -  ResidentSetSize of job (KB)
...
006 (13655293.459.000) 2023-09-05 01:12:11 Image size of job updated: 1182788
	951  -  MemoryUsage of job (MB)
	973560  -  ResidentSetSize of job (KB)
...
006 (13655293.459.000) 2023-09-05 01:17:11 Image size of job updated: 1182788
	971  -  MemoryUsage of job (MB)
	993784  -  ResidentSetSize of job (KB)
...
006 (13655293.459.000) 2023-09-05 01:27:12 Image size of job updated: 1182788
	979  -  MemoryUsage of job (MB)
	1002488  -  ResidentSetSize of job (KB)
...
006 (13655293.459.000) 2023-09-05 02:12:16 Image size of job updated: 1182788
	990  -  MemoryUsage of job (MB)
	1013040  -  ResidentSetSize of job (KB)
...
006 (13655293.459.000) 2023-09-05 02:57:21 Image size of job updated: 1182788
	990  -  MemoryUsage of job (MB)
	1013136  -  ResidentSetSize of job (KB)
...
006 (13655293.459.000) 2023-09-06 00:40:58 Image size of job updated: 1309104
	990  -  MemoryUsage of job (MB)
	1013136  -  ResidentSetSize of job (KB)
...
040 (13655293.459.000) 2023-09-06 00:41:00 Started transferring output files
...
040 (13655293.459.000) 2023-09-06 00:41:00 Finished transferring output files
...
005 (13655293.459.000) 2023-09-06 00:41:02 Job terminated.
	(1) Normal termination (return value 0)
		Usr 0 23:23:16, Sys 0 00:04:38  -  Run Remote Usage
		Usr 0 00:00:00, Sys 0 00:00:00  -  Run Local Usage
		Usr 0 23:23:16, Sys 0 00:04:38  -  Total Remote Usage
		Usr 0 00:00:00, Sys 0 00:00:00  -  Total Local Usage
	1309552  -  Run Bytes Sent By Job
	32652772  -  Run Bytes Received By Job
	1309552  -  Total Bytes Sent By Job
	32652772  -  Total Bytes Received By Job
	Partitionable Resources :     Usage  Request Allocated 
	   Cpus                 :      0.99        1         1 
	   Disk (KB)            : 274907      524288   1208198 
	   IoHeavy              :                            0 
	   Memory (MB)          :    990        4096      4096 

	Job terminated of its own accord at 2023-09-06T05:40:58Z with exit-code 0.
...
