000 (13655293.097.000) 2023-09-05 00:33:11 Job submitted from host: <128.104.101.92:9618?addrs=128.104.101.92-9618+[2607-f388-107c-501-a236-9fff-fe3c-caa8]-9618&alias=submit2.chtc.wisc.edu&noUDP&sock=schedd_1879732_618e>
...
040 (13655293.097.000) 2023-09-05 00:36:21 Started transferring input files
	Transferring to host: <128.105.69.151:9618?addrs=128.105.69.151-9618+[2607-f388-2200-100-1270-fdff-fe56-7334]-9618&alias=e4028.chtc.wisc.edu&noUDP&sock=slot1_44_418228_35e8_10536>
...
001 (13655293.097.000) 2023-09-05 00:36:29 Job executing on host: <128.105.69.151:9618?addrs=128.105.69.151-9618+[2607-f388-2200-100-1270-fdff-fe56-7334]-9618&alias=e4028.chtc.wisc.edu&noUDP&sock=startd_27069_a935>
	SlotName: slot1_44@e4028.chtc.wisc.edu
	CondorScratchDir = "/var/lib/condor/execute/slot1/dir_1969055"
	Cpus = 1
	Disk = 1208198
	IoHeavy = 0
	Memory = 4096
...
040 (13655293.097.000) 2023-09-05 00:36:29 Finished transferring input files
...
006 (13655293.097.000) 2023-09-05 00:36:37 Image size of job updated: 589176
	576  -  MemoryUsage of job (MB)
	589176  -  ResidentSetSize of job (KB)
...
006 (13655293.097.000) 2023-09-05 00:41:37 Image size of job updated: 1181280
	957  -  MemoryUsage of job (MB)
	979240  -  ResidentSetSize of job (KB)
...
006 (13655293.097.000) 2023-09-05 00:46:37 Image size of job updated: 1181280
	970  -  MemoryUsage of job (MB)
	992432  -  ResidentSetSize of job (KB)
...
006 (13655293.097.000) 2023-09-05 00:56:38 Image size of job updated: 1181280
	975  -  MemoryUsage of job (MB)
	998072  -  ResidentSetSize of job (KB)
...
006 (13655293.097.000) 2023-09-05 01:11:40 Image size of job updated: 1181280
	975  -  MemoryUsage of job (MB)
	998328  -  ResidentSetSize of job (KB)
...
006 (13655293.097.000) 2023-09-05 01:16:41 Image size of job updated: 1181280
	979  -  MemoryUsage of job (MB)
	1001584  -  ResidentSetSize of job (KB)
...
006 (13655293.097.000) 2023-09-05 01:51:44 Image size of job updated: 1181280
	979  -  MemoryUsage of job (MB)
	1002464  -  ResidentSetSize of job (KB)
...
006 (13655293.097.000) 2023-09-05 02:56:51 Image size of job updated: 1181280
	987  -  MemoryUsage of job (MB)
	1010576  -  ResidentSetSize of job (KB)
...
006 (13655293.097.000) 2023-09-05 22:16:43 Image size of job updated: 1307784
	987  -  MemoryUsage of job (MB)
	1010576  -  ResidentSetSize of job (KB)
...
040 (13655293.097.000) 2023-09-05 22:16:43 Started transferring output files
...
040 (13655293.097.000) 2023-09-05 22:16:43 Finished transferring output files
...
005 (13655293.097.000) 2023-09-05 22:16:43 Job terminated.
	(1) Normal termination (return value 0)
		Usr 0 21:17:00, Sys 0 00:05:09  -  Run Remote Usage
		Usr 0 00:00:00, Sys 0 00:00:00  -  Run Local Usage
		Usr 0 21:17:00, Sys 0 00:05:09  -  Total Remote Usage
		Usr 0 00:00:00, Sys 0 00:00:00  -  Total Local Usage
	1309521  -  Run Bytes Sent By Job
	32652772  -  Run Bytes Received By Job
	1309521  -  Total Bytes Sent By Job
	32652772  -  Total Bytes Received By Job
	Partitionable Resources :     Usage  Request Allocated 
	   Cpus                 :      0.99        1         1 
	   Disk (KB)            : 274898      524288   1208198 
	   IoHeavy              :                            0 
	   Memory (MB)          :    987        4096      4096 

	Job terminated of its own accord at 2023-09-06T03:16:43Z with exit-code 0.
...
