000 (14312692.032.000) 2023-09-11 11:54:29 Job submitted from host: <128.104.101.92:9618?addrs=128.104.101.92-9618+[2607-f388-107c-501-a236-9fff-fe3c-caa8]-9618&alias=submit2.chtc.wisc.edu&noUDP&sock=schedd_1879732_618e>
...
040 (14312692.032.000) 2023-09-11 12:00:38 Started transferring input files
	Transferring to host: <128.105.69.180:9618?addrs=128.105.69.180-9618+[2607-f388-2200-100-1270-fdff-fe56-6844]-9618&alias=e2563.chtc.wisc.edu&noUDP&sock=slot1_39_690666_6d6f_70858>
...
040 (14312692.032.000) 2023-09-11 12:00:41 Finished transferring input files
...
001 (14312692.032.000) 2023-09-11 12:00:42 Job executing on host: <128.105.69.180:9618?addrs=128.105.69.180-9618+[2607-f388-2200-100-1270-fdff-fe56-6844]-9618&alias=e2563.chtc.wisc.edu&noUDP&sock=startd_13448_c9b5>
	SlotName: slot1_39@e2563.chtc.wisc.edu
	CondorScratchDir = "/var/lib/condor/execute/slot1/dir_1269154"
	Cpus = 1
	Disk = 1208198
	IoHeavy = 0
	Memory = 4096
...
006 (14312692.032.000) 2023-09-11 12:00:51 Image size of job updated: 562256
	550  -  MemoryUsage of job (MB)
	562256  -  ResidentSetSize of job (KB)
...
006 (14312692.032.000) 2023-09-11 12:03:55 Image size of job updated: 738740
	552  -  MemoryUsage of job (MB)
	564816  -  ResidentSetSize of job (KB)
...
040 (14312692.032.000) 2023-09-11 12:03:58 Started transferring output files
...
040 (14312692.032.000) 2023-09-11 12:03:59 Finished transferring output files
...
005 (14312692.032.000) 2023-09-11 12:04:06 Job terminated.
	(1) Normal termination (return value 0)
		Usr 0 00:03:02, Sys 0 00:00:07  -  Run Remote Usage
		Usr 0 00:00:00, Sys 0 00:00:00  -  Run Local Usage
		Usr 0 00:03:02, Sys 0 00:00:07  -  Total Remote Usage
		Usr 0 00:00:00, Sys 0 00:00:00  -  Total Local Usage
	131058  -  Run Bytes Sent By Job
	32720412  -  Run Bytes Received By Job
	131058  -  Total Bytes Sent By Job
	32720412  -  Total Bytes Received By Job
	Partitionable Resources :     Usage  Request Allocated 
	   Cpus                 :      0.96        1         1 
	   Disk (KB)            : 261297      524288   1208198 
	   IoHeavy              :                            0 
	   Memory (MB)          :    552        4096      4096 

	Job terminated of its own accord at 2023-09-11T17:03:55Z with exit-code 0.
...
