000 (13655293.335.000) 2023-09-05 00:33:11 Job submitted from host: <128.104.101.92:9618?addrs=128.104.101.92-9618+[2607-f388-107c-501-a236-9fff-fe3c-caa8]-9618&alias=submit2.chtc.wisc.edu&noUDP&sock=schedd_1879732_618e>
...
040 (13655293.335.000) 2023-09-05 00:53:29 Started transferring input files
	Transferring to host: <128.105.69.126:9618?addrs=128.105.69.126-9618+[2607-f388-2200-100-1270-fdff-fe56-ca5c]-9618&alias=e4075.chtc.wisc.edu&noUDP&sock=slot1_45_2504111_7b5e_65238>
...
001 (13655293.335.000) 2023-09-05 00:53:39 Job executing on host: <128.105.69.126:9618?addrs=128.105.69.126-9618+[2607-f388-2200-100-1270-fdff-fe56-ca5c]-9618&alias=e4075.chtc.wisc.edu&noUDP&sock=startd_19068_a3f5>
	SlotName: slot1_45@e4075.chtc.wisc.edu
	CondorScratchDir = "/var/lib/condor/execute/slot1/dir_1151801"
	Cpus = 1
	Disk = 1208198
	IoHeavy = 0
	Memory = 4096
...
040 (13655293.335.000) 2023-09-05 00:53:39 Finished transferring input files
...
006 (13655293.335.000) 2023-09-05 00:53:47 Image size of job updated: 638968
	624  -  MemoryUsage of job (MB)
	638968  -  ResidentSetSize of job (KB)
...
006 (13655293.335.000) 2023-09-05 00:58:47 Image size of job updated: 1285900
	1050  -  MemoryUsage of job (MB)
	1074632  -  ResidentSetSize of job (KB)
...
006 (13655293.335.000) 2023-09-05 01:03:48 Image size of job updated: 1285900
	1078  -  MemoryUsage of job (MB)
	1102940  -  ResidentSetSize of job (KB)
...
006 (13655293.335.000) 2023-09-05 01:13:49 Image size of job updated: 1285900
	1084  -  MemoryUsage of job (MB)
	1109532  -  ResidentSetSize of job (KB)
...
006 (13655293.335.000) 2023-09-05 02:23:56 Image size of job updated: 1285900
	1085  -  MemoryUsage of job (MB)
	1110704  -  ResidentSetSize of job (KB)
...
006 (13655293.335.000) 2023-09-05 02:38:58 Image size of job updated: 1285900
	1091  -  MemoryUsage of job (MB)
	1117084  -  ResidentSetSize of job (KB)
...
006 (13655293.335.000) 2023-09-05 17:39:40 Image size of job updated: 1407392
	1091  -  MemoryUsage of job (MB)
	1117084  -  ResidentSetSize of job (KB)
...
040 (13655293.335.000) 2023-09-05 17:39:40 Started transferring output files
...
040 (13655293.335.000) 2023-09-05 17:39:40 Finished transferring output files
...
005 (13655293.335.000) 2023-09-05 17:39:40 Job terminated.
	(1) Normal termination (return value 0)
		Usr 0 16:26:56, Sys 0 00:03:58  -  Run Remote Usage
		Usr 0 00:00:00, Sys 0 00:00:00  -  Run Local Usage
		Usr 0 16:26:56, Sys 0 00:03:58  -  Total Remote Usage
		Usr 0 00:00:00, Sys 0 00:00:00  -  Total Local Usage
	1309314  -  Run Bytes Sent By Job
	32652772  -  Run Bytes Received By Job
	1309314  -  Total Bytes Sent By Job
	32652772  -  Total Bytes Received By Job
	Partitionable Resources :     Usage  Request Allocated 
	   Cpus                 :      0.99        1         1 
	   Disk (KB)            : 274858      524288   1208198 
	   IoHeavy              :                            0 
	   Memory (MB)          :   1091        4096      4096 

	Job terminated of its own accord at 2023-09-05T22:39:40Z with exit-code 0.
...
