000 (13655293.152.000) 2023-09-05 00:33:11 Job submitted from host: <128.104.101.92:9618?addrs=128.104.101.92-9618+[2607-f388-107c-501-a236-9fff-fe3c-caa8]-9618&alias=submit2.chtc.wisc.edu&noUDP&sock=schedd_1879732_618e>
...
040 (13655293.152.000) 2023-09-05 00:38:59 Started transferring input files
	Transferring to host: <128.105.69.135:9618?addrs=128.105.69.135-9618+[2607-f388-2200-100-1270-fdff-fe56-635c]-9618&alias=e4084.chtc.wisc.edu&noUDP&sock=slot1_91_178063_3de2_60671>
...
040 (13655293.152.000) 2023-09-05 00:39:01 Finished transferring input files
...
001 (13655293.152.000) 2023-09-05 00:39:02 Job executing on host: <128.105.69.135:9618?addrs=128.105.69.135-9618+[2607-f388-2200-100-1270-fdff-fe56-635c]-9618&alias=e4084.chtc.wisc.edu&noUDP&sock=startd_17181_50bf>
	SlotName: slot1_91@e4084.chtc.wisc.edu
	CondorScratchDir = "/var/lib/condor/execute/slot1/dir_103005"
	Cpus = 1
	Disk = 1208198
	IoHeavy = 0
	Memory = 4096
...
006 (13655293.152.000) 2023-09-05 00:39:10 Image size of job updated: 532048
	520  -  MemoryUsage of job (MB)
	532048  -  ResidentSetSize of job (KB)
...
006 (13655293.152.000) 2023-09-05 00:44:10 Image size of job updated: 1175632
	952  -  MemoryUsage of job (MB)
	974344  -  ResidentSetSize of job (KB)
...
006 (13655293.152.000) 2023-09-05 00:49:11 Image size of job updated: 1175632
	976  -  MemoryUsage of job (MB)
	999204  -  ResidentSetSize of job (KB)
...
006 (13655293.152.000) 2023-09-05 02:14:20 Image size of job updated: 1175632
	981  -  MemoryUsage of job (MB)
	1004528  -  ResidentSetSize of job (KB)
...
006 (13655293.152.000) 2023-09-05 02:29:22 Image size of job updated: 1175632
	981  -  MemoryUsage of job (MB)
	1004532  -  ResidentSetSize of job (KB)
...
006 (13655293.152.000) 2023-09-05 02:44:23 Image size of job updated: 1175632
	984  -  MemoryUsage of job (MB)
	1006956  -  ResidentSetSize of job (KB)
...
006 (13655293.152.000) 2023-09-05 04:49:35 Image size of job updated: 1175632
	984  -  MemoryUsage of job (MB)
	1006960  -  ResidentSetSize of job (KB)
...
006 (13655293.152.000) 2023-09-05 05:04:36 Image size of job updated: 1175632
	988  -  MemoryUsage of job (MB)
	1010984  -  ResidentSetSize of job (KB)
...
006 (13655293.152.000) 2023-09-05 23:46:30 Image size of job updated: 1306264
	1131  -  MemoryUsage of job (MB)
	1157236  -  ResidentSetSize of job (KB)
...
040 (13655293.152.000) 2023-09-05 23:46:50 Started transferring output files
...
040 (13655293.152.000) 2023-09-05 23:46:50 Finished transferring output files
...
005 (13655293.152.000) 2023-09-05 23:46:50 Job terminated.
	(1) Normal termination (return value 0)
		Usr 0 22:42:11, Sys 0 00:02:38  -  Run Remote Usage
		Usr 0 00:00:00, Sys 0 00:00:00  -  Run Local Usage
		Usr 0 22:42:11, Sys 0 00:02:38  -  Total Remote Usage
		Usr 0 00:00:00, Sys 0 00:00:00  -  Total Local Usage
	1309454  -  Run Bytes Sent By Job
	32652772  -  Run Bytes Received By Job
	1309454  -  Total Bytes Sent By Job
	32652772  -  Total Bytes Received By Job
	Partitionable Resources :     Usage  Request Allocated 
	   Cpus                 :      0.99        1         1 
	   Disk (KB)            : 274915      524288   1208198 
	   IoHeavy              :                            0 
	   Memory (MB)          :   1131        4096      4096 

	Job terminated of its own accord at 2023-09-06T04:46:50Z with exit-code 0.
...
