g++ -std=gnu++14 -I"/var/lib/condor/execute/slot1/dir_392299/R/lib64/R/include" -DNDEBUG  -I'/var/lib/condor/execute/slot1/dir_392299/packages/Rcpp/include' -I/usr/local/include   -fpic  -g -O2  -c efast.cpp -o efast.o
g++ -std=gnu++14 -I"/var/lib/condor/execute/slot1/dir_392299/R/lib64/R/include" -DNDEBUG  -I'/var/lib/condor/execute/slot1/dir_392299/packages/Rcpp/include' -I/usr/local/include   -fpic  -g -O2  -c energyChangePoint.cpp -o energyChangePoint.o
g++ -std=gnu++14 -I"/var/lib/condor/execute/slot1/dir_392299/R/lib64/R/include" -DNDEBUG  -I'/var/lib/condor/execute/slot1/dir_392299/packages/Rcpp/include' -I/usr/local/include   -fpic  -g -O2  -c kernelcpa.cpp -o kernelcpa.o
gcc -I"/var/lib/condor/execute/slot1/dir_392299/R/lib64/R/include" -DNDEBUG  -I'/var/lib/condor/execute/slot1/dir_392299/packages/Rcpp/include' -I/usr/local/include   -fpic  -g -O2  -c registerDynamicSymbol.c -o registerDynamicSymbol.o
g++ -std=gnu++14 -shared -L/usr/local/lib64 -o ecp.so efast.o energyChangePoint.o kernelcpa.o registerDynamicSymbol.o
0 th iteration 
1 th iteration 
2 th iteration 
3 th iteration 
4 th iteration 
5 th iteration 
6 th iteration 
7 th iteration 
8 th iteration 
9 th iteration 
10 th iteration 
11 th iteration 
12 th iteration 
13 th iteration 
14 th iteration 
15 th iteration 
16 th iteration 
17 th iteration 
18 th iteration 
19 th iteration 
20 th iteration 
21 th iteration 
22 th iteration 
23 th iteration 
24 th iteration 
25 th iteration 
26 th iteration 
27 th iteration 
28 th iteration 
29 th iteration 
30 th iteration 
31 th iteration 
32 th iteration 
33 th iteration 
34 th iteration 
35 th iteration 
36 th iteration 
37 th iteration 
38 th iteration 
39 th iteration 
40 th iteration 
41 th iteration 
42 th iteration 
43 th iteration 
44 th iteration 
45 th iteration 
46 th iteration 
47 th iteration 
48 th iteration 
49 th iteration 
50 th iteration 
51 th iteration 
52 th iteration 
53 th iteration 
54 th iteration 
55 th iteration 
56 th iteration 
57 th iteration 
58 th iteration 
59 th iteration 
60 th iteration 
61 th iteration 
62 th iteration 
63 th iteration 
64 th iteration 
65 th iteration 
66 th iteration 
67 th iteration 
68 th iteration 
69 th iteration 
70 th iteration 
71 th iteration 
72 th iteration 
73 th iteration 
74 th iteration 
75 th iteration 
76 th iteration 
77 th iteration 
78 th iteration 
79 th iteration 
80 th iteration 
81 th iteration 
82 th iteration 
83 th iteration 
84 th iteration 
85 th iteration 
86 th iteration 
87 th iteration 
88 th iteration 
89 th iteration 
90 th iteration 
91 th iteration 
92 th iteration 
93 th iteration 
94 th iteration 
95 th iteration 
96 th iteration 
97 th iteration 
98 th iteration 
99 th iteration 
100 th iteration 
101 th iteration 
102 th iteration 
103 th iteration 
104 th iteration 
105 th iteration 
106 th iteration 
107 th iteration 
108 th iteration 
109 th iteration 
110 th iteration 
111 th iteration 
112 th iteration 
113 th iteration 
114 th iteration 
115 th iteration 
116 th iteration 
117 th iteration 
118 th iteration 
119 th iteration 
120 th iteration 
121 th iteration 
122 th iteration 
123 th iteration 
124 th iteration 
125 th iteration 
126 th iteration 
127 th iteration 
128 th iteration 
129 th iteration 
130 th iteration 
131 th iteration 
132 th iteration 
133 th iteration 
134 th iteration 
135 th iteration 
136 th iteration 
137 th iteration 
138 th iteration 
139 th iteration 
140 th iteration 
141 th iteration 
142 th iteration 
143 th iteration 
144 th iteration 
145 th iteration 
146 th iteration 
147 th iteration 
148 th iteration 
149 th iteration 
150 th iteration 
151 th iteration 
152 th iteration 
153 th iteration 
154 th iteration 
155 th iteration 
156 th iteration 
157 th iteration 
158 th iteration 
159 th iteration 
160 th iteration 
161 th iteration 
162 th iteration 
163 th iteration 
164 th iteration 
165 th iteration 
166 th iteration 
167 th iteration 
168 th iteration 
169 th iteration 
170 th iteration 
171 th iteration 
172 th iteration 
173 th iteration 
174 th iteration 
175 th iteration 
176 th iteration 
177 th iteration 
178 th iteration 
179 th iteration 
180 th iteration 
181 th iteration 
182 th iteration 
183 th iteration 
184 th iteration 
185 th iteration 
186 th iteration 
187 th iteration 
188 th iteration 
189 th iteration 
190 th iteration 
191 th iteration 
192 th iteration 
193 th iteration 
194 th iteration 
195 th iteration 
196 th iteration 
197 th iteration 
198 th iteration 
199 th iteration 
200 th iteration 
201 th iteration 
202 th iteration 
203 th iteration 
204 th iteration 
205 th iteration 
206 th iteration 
207 th iteration 
208 th iteration 
209 th iteration 
210 th iteration 
211 th iteration 
212 th iteration 
213 th iteration 
214 th iteration 
215 th iteration 
216 th iteration 
217 th iteration 
218 th iteration 
219 th iteration 
220 th iteration 
221 th iteration 
222 th iteration 
223 th iteration 
224 th iteration 
225 th iteration 
226 th iteration 
227 th iteration 
228 th iteration 
229 th iteration 
230 th iteration 
231 th iteration 
232 th iteration 
233 th iteration 
234 th iteration 
235 th iteration 
236 th iteration 
237 th iteration 
238 th iteration 
239 th iteration 
240 th iteration 
241 th iteration 
242 th iteration 
243 th iteration 
244 th iteration 
245 th iteration 
246 th iteration 
247 th iteration 
248 th iteration 
249 th iteration 
250 th iteration 
251 th iteration 
252 th iteration 
253 th iteration 
254 th iteration 
255 th iteration 
256 th iteration 
257 th iteration 
258 th iteration 
259 th iteration 
260 th iteration 
261 th iteration 
262 th iteration 
263 th iteration 
264 th iteration 
265 th iteration 
266 th iteration 
267 th iteration 
268 th iteration 
269 th iteration 
270 th iteration 
271 th iteration 
272 th iteration 
273 th iteration 
274 th iteration 
275 th iteration 
276 th iteration 
277 th iteration 
278 th iteration 
279 th iteration 
280 th iteration 
281 th iteration 
282 th iteration 
283 th iteration 
284 th iteration 
285 th iteration 
286 th iteration 
287 th iteration 
288 th iteration 
289 th iteration 
290 th iteration 
291 th iteration 
292 th iteration 
293 th iteration 
294 th iteration 
295 th iteration 
296 th iteration 
297 th iteration 
298 th iteration 
299 th iteration 
300 th iteration 
301 th iteration 
302 th iteration 
303 th iteration 
304 th iteration 
305 th iteration 
306 th iteration 
307 th iteration 
308 th iteration 
309 th iteration 
310 th iteration 
311 th iteration 
312 th iteration 
313 th iteration 
314 th iteration 
315 th iteration 
316 th iteration 
317 th iteration 
318 th iteration 
319 th iteration 
320 th iteration 
321 th iteration 
322 th iteration 
323 th iteration 
324 th iteration 
325 th iteration 
326 th iteration 
327 th iteration 
328 th iteration 
329 th iteration 
330 th iteration 
331 th iteration 
332 th iteration 
333 th iteration 
334 th iteration 
335 th iteration 
336 th iteration 
337 th iteration 
338 th iteration 
339 th iteration 
340 th iteration 
341 th iteration 
342 th iteration 
343 th iteration 
344 th iteration 
345 th iteration 
346 th iteration 
347 th iteration 
348 th iteration 
349 th iteration 
350 th iteration 
351 th iteration 
352 th iteration 
353 th iteration 
354 th iteration 
355 th iteration 
356 th iteration 
357 th iteration 
358 th iteration 
359 th iteration 
360 th iteration 
361 th iteration 
362 th iteration 
363 th iteration 
364 th iteration 
365 th iteration 
366 th iteration 
367 th iteration 
368 th iteration 
369 th iteration 
370 th iteration 
371 th iteration 
372 th iteration 
373 th iteration 
374 th iteration 
375 th iteration 
376 th iteration 
377 th iteration 
378 th iteration 
379 th iteration 
380 th iteration 
381 th iteration 
382 th iteration 
383 th iteration 
384 th iteration 
385 th iteration 
386 th iteration 
387 th iteration 
388 th iteration 
389 th iteration 
390 th iteration 
391 th iteration 
392 th iteration 
393 th iteration 
394 th iteration 
395 th iteration 
396 th iteration 
397 th iteration 
398 th iteration 
399 th iteration 
400 th iteration 
401 th iteration 
402 th iteration 
403 th iteration 
404 th iteration 
405 th iteration 
406 th iteration 
407 th iteration 
408 th iteration 
409 th iteration 
410 th iteration 
411 th iteration 
412 th iteration 
413 th iteration 
414 th iteration 
415 th iteration 
416 th iteration 
417 th iteration 
418 th iteration 
419 th iteration 
420 th iteration 
421 th iteration 
422 th iteration 
423 th iteration 
424 th iteration 
425 th iteration 
426 th iteration 
427 th iteration 
428 th iteration 
429 th iteration 
430 th iteration 
431 th iteration 
432 th iteration 
433 th iteration 
434 th iteration 
435 th iteration 
436 th iteration 
437 th iteration 
438 th iteration 
439 th iteration 
440 th iteration 
441 th iteration 
442 th iteration 
443 th iteration 
444 th iteration 
445 th iteration 
446 th iteration 
447 th iteration 
448 th iteration 
449 th iteration 
450 th iteration 
451 th iteration 
452 th iteration 
453 th iteration 
454 th iteration 
455 th iteration 
456 th iteration 
457 th iteration 
458 th iteration 
459 th iteration 
460 th iteration 
461 th iteration 
462 th iteration 
463 th iteration 
464 th iteration 
465 th iteration 
466 th iteration 
467 th iteration 
468 th iteration 
469 th iteration 
470 th iteration 
471 th iteration 
472 th iteration 
473 th iteration 
474 th iteration 
475 th iteration 
476 th iteration 
477 th iteration 
478 th iteration 
479 th iteration 
480 th iteration 
481 th iteration 
482 th iteration 
483 th iteration 
484 th iteration 
485 th iteration 
486 th iteration 
487 th iteration 
488 th iteration 
489 th iteration 
490 th iteration 
491 th iteration 
492 th iteration 
493 th iteration 
494 th iteration 
495 th iteration 
496 th iteration 
497 th iteration 
498 th iteration 
499 th iteration 
500 th iteration 
501 th iteration 
502 th iteration 
503 th iteration 
504 th iteration 
505 th iteration 
506 th iteration 
507 th iteration 
508 th iteration 
509 th iteration 
510 th iteration 
511 th iteration 
512 th iteration 
513 th iteration 
514 th iteration 
515 th iteration 
516 th iteration 
517 th iteration 
518 th iteration 
519 th iteration 
520 th iteration 
521 th iteration 
522 th iteration 
523 th iteration 
524 th iteration 
525 th iteration 
526 th iteration 
527 th iteration 
528 th iteration 
529 th iteration 
530 th iteration 
531 th iteration 
532 th iteration 
533 th iteration 
534 th iteration 
535 th iteration 
536 th iteration 
537 th iteration 
538 th iteration 
539 th iteration 
540 th iteration 
541 th iteration 
542 th iteration 
543 th iteration 
544 th iteration 
545 th iteration 
546 th iteration 
547 th iteration 
548 th iteration 
549 th iteration 
550 th iteration 
551 th iteration 
552 th iteration 
553 th iteration 
554 th iteration 
555 th iteration 
556 th iteration 
557 th iteration 
558 th iteration 
559 th iteration 
560 th iteration 
561 th iteration 
562 th iteration 
563 th iteration 
564 th iteration 
565 th iteration 
566 th iteration 
567 th iteration 
568 th iteration 
569 th iteration 
570 th iteration 
571 th iteration 
572 th iteration 
573 th iteration 
574 th iteration 
575 th iteration 
576 th iteration 
577 th iteration 
578 th iteration 
579 th iteration 
580 th iteration 
581 th iteration 
582 th iteration 
583 th iteration 
584 th iteration 
585 th iteration 
586 th iteration 
587 th iteration 
588 th iteration 
589 th iteration 
590 th iteration 
591 th iteration 
592 th iteration 
593 th iteration 
594 th iteration 
595 th iteration 
596 th iteration 
597 th iteration 
598 th iteration 
599 th iteration 
600 th iteration 
601 th iteration 
602 th iteration 
603 th iteration 
604 th iteration 
605 th iteration 
606 th iteration 
607 th iteration 
608 th iteration 
609 th iteration 
610 th iteration 
611 th iteration 
612 th iteration 
613 th iteration 
614 th iteration 
615 th iteration 
616 th iteration 
617 th iteration 
618 th iteration 
619 th iteration 
620 th iteration 
621 th iteration 
622 th iteration 
623 th iteration 
624 th iteration 
625 th iteration 
626 th iteration 
627 th iteration 
628 th iteration 
629 th iteration 
630 th iteration 
631 th iteration 
632 th iteration 
633 th iteration 
634 th iteration 
635 th iteration 
636 th iteration 
637 th iteration 
638 th iteration 
639 th iteration 
640 th iteration 
641 th iteration 
642 th iteration 
643 th iteration 
644 th iteration 
645 th iteration 
646 th iteration 
647 th iteration 
648 th iteration 
649 th iteration 
650 th iteration 
651 th iteration 
652 th iteration 
653 th iteration 
654 th iteration 
655 th iteration 
656 th iteration 
657 th iteration 
658 th iteration 
659 th iteration 
660 th iteration 
661 th iteration 
662 th iteration 
663 th iteration 
664 th iteration 
665 th iteration 
666 th iteration 
667 th iteration 
668 th iteration 
669 th iteration 
670 th iteration 
671 th iteration 
672 th iteration 
673 th iteration 
674 th iteration 
675 th iteration 
676 th iteration 
677 th iteration 
678 th iteration 
679 th iteration 
680 th iteration 
681 th iteration 
682 th iteration 
683 th iteration 
684 th iteration 
685 th iteration 
686 th iteration 
687 th iteration 
688 th iteration 
689 th iteration 
690 th iteration 
691 th iteration 
692 th iteration 
693 th iteration 
694 th iteration 
695 th iteration 
696 th iteration 
697 th iteration 
698 th iteration 
699 th iteration 
700 th iteration 
701 th iteration 
702 th iteration 
703 th iteration 
704 th iteration 
705 th iteration 
706 th iteration 
707 th iteration 
708 th iteration 
709 th iteration 
710 th iteration 
711 th iteration 
712 th iteration 
713 th iteration 
714 th iteration 
715 th iteration 
716 th iteration 
717 th iteration 
718 th iteration 
719 th iteration 
720 th iteration 
721 th iteration 
722 th iteration 
723 th iteration 
724 th iteration 
725 th iteration 
726 th iteration 
727 th iteration 
728 th iteration 
729 th iteration 
730 th iteration 
731 th iteration 
732 th iteration 
733 th iteration 
734 th iteration 
735 th iteration 
736 th iteration 
737 th iteration 
738 th iteration 
739 th iteration 
740 th iteration 
741 th iteration 
742 th iteration 
743 th iteration 
744 th iteration 
745 th iteration 
746 th iteration 
747 th iteration 
748 th iteration 
749 th iteration 
750 th iteration 
751 th iteration 
752 th iteration 
753 th iteration 
754 th iteration 
755 th iteration 
756 th iteration 
757 th iteration 
758 th iteration 
759 th iteration 
760 th iteration 
761 th iteration 
762 th iteration 
763 th iteration 
764 th iteration 
765 th iteration 
766 th iteration 
767 th iteration 
768 th iteration 
769 th iteration 
770 th iteration 
771 th iteration 
772 th iteration 
773 th iteration 
774 th iteration 
775 th iteration 
776 th iteration 
777 th iteration 
778 th iteration 
779 th iteration 
780 th iteration 
781 th iteration 
782 th iteration 
783 th iteration 
784 th iteration 
785 th iteration 
786 th iteration 
787 th iteration 
788 th iteration 
789 th iteration 
790 th iteration 
791 th iteration 
792 th iteration 
793 th iteration 
794 th iteration 
795 th iteration 
796 th iteration 
797 th iteration 
798 th iteration 
799 th iteration 
800 th iteration 
801 th iteration 
802 th iteration 
803 th iteration 
804 th iteration 
805 th iteration 
806 th iteration 
807 th iteration 
808 th iteration 
809 th iteration 
810 th iteration 
811 th iteration 
812 th iteration 
813 th iteration 
814 th iteration 
815 th iteration 
816 th iteration 
817 th iteration 
818 th iteration 
819 th iteration 
820 th iteration 
821 th iteration 
822 th iteration 
823 th iteration 
824 th iteration 
825 th iteration 
826 th iteration 
827 th iteration 
828 th iteration 
829 th iteration 
830 th iteration 
831 th iteration 
832 th iteration 
833 th iteration 
834 th iteration 
835 th iteration 
836 th iteration 
837 th iteration 
838 th iteration 
839 th iteration 
840 th iteration 
841 th iteration 
842 th iteration 
843 th iteration 
844 th iteration 
845 th iteration 
846 th iteration 
847 th iteration 
848 th iteration 
849 th iteration 
850 th iteration 
851 th iteration 
852 th iteration 
853 th iteration 
854 th iteration 
855 th iteration 
856 th iteration 
857 th iteration 
858 th iteration 
859 th iteration 
860 th iteration 
861 th iteration 
862 th iteration 
863 th iteration 
864 th iteration 
865 th iteration 
866 th iteration 
867 th iteration 
868 th iteration 
869 th iteration 
870 th iteration 
871 th iteration 
872 th iteration 
873 th iteration 
874 th iteration 
875 th iteration 
876 th iteration 
877 th iteration 
878 th iteration 
879 th iteration 
880 th iteration 
881 th iteration 
882 th iteration 
883 th iteration 
884 th iteration 
885 th iteration 
886 th iteration 
887 th iteration 
888 th iteration 
889 th iteration 
890 th iteration 
891 th iteration 
892 th iteration 
893 th iteration 
894 th iteration 
895 th iteration 
896 th iteration 
897 th iteration 
898 th iteration 
899 th iteration 
900 th iteration 
901 th iteration 
902 th iteration 
903 th iteration 
904 th iteration 
905 th iteration 
906 th iteration 
907 th iteration 
908 th iteration 
909 th iteration 
910 th iteration 
911 th iteration 
912 th iteration 
913 th iteration 
914 th iteration 
915 th iteration 
916 th iteration 
917 th iteration 
918 th iteration 
919 th iteration 
920 th iteration 
921 th iteration 
922 th iteration 
923 th iteration 
924 th iteration 
925 th iteration 
926 th iteration 
927 th iteration 
928 th iteration 
929 th iteration 
930 th iteration 
931 th iteration 
932 th iteration 
933 th iteration 
934 th iteration 
935 th iteration 
936 th iteration 
937 th iteration 
938 th iteration 
939 th iteration 
940 th iteration 
941 th iteration 
942 th iteration 
943 th iteration 
944 th iteration 
945 th iteration 
946 th iteration 
947 th iteration 
948 th iteration 
949 th iteration 
950 th iteration 
951 th iteration 
952 th iteration 
953 th iteration 
954 th iteration 
955 th iteration 
956 th iteration 
957 th iteration 
958 th iteration 
959 th iteration 
960 th iteration 
961 th iteration 
962 th iteration 
963 th iteration 
964 th iteration 
965 th iteration 
966 th iteration 
967 th iteration 
968 th iteration 
969 th iteration 
970 th iteration 
971 th iteration 
972 th iteration 
973 th iteration 
974 th iteration 
975 th iteration 
976 th iteration 
977 th iteration 
978 th iteration 
979 th iteration 
980 th iteration 
981 th iteration 
982 th iteration 
983 th iteration 
984 th iteration 
985 th iteration 
986 th iteration 
987 th iteration 
988 th iteration 
989 th iteration 
990 th iteration 
991 th iteration 
992 th iteration 
993 th iteration 
994 th iteration 
995 th iteration 
996 th iteration 
997 th iteration 
998 th iteration 
999 th iteration 
1000 th iteration 
