000 (13655293.091.000) 2023-09-05 00:33:11 Job submitted from host: <128.104.101.92:9618?addrs=128.104.101.92-9618+[2607-f388-107c-501-a236-9fff-fe3c-caa8]-9618&alias=submit2.chtc.wisc.edu&noUDP&sock=schedd_1879732_618e>
...
040 (13655293.091.000) 2023-09-05 00:36:20 Started transferring input files
	Transferring to host: <128.105.69.114:9618?addrs=128.105.69.114-9618+[2607-f388-2200-100-1270-fdff-fe56-470c]-9618&alias=e4063.chtc.wisc.edu&noUDP&sock=slot1_37_3865253_27d4_60888>
...
001 (13655293.091.000) 2023-09-05 00:36:27 Job executing on host: <128.105.69.114:9618?addrs=128.105.69.114-9618+[2607-f388-2200-100-1270-fdff-fe56-470c]-9618&alias=e4063.chtc.wisc.edu&noUDP&sock=startd_18888_2ce9>
	SlotName: slot1_37@e4063.chtc.wisc.edu
	CondorScratchDir = "/var/lib/condor/execute/slot1/dir_1209632"
	Cpus = 1
	Disk = 1208198
	IoHeavy = 0
	Memory = 4096
...
040 (13655293.091.000) 2023-09-05 00:36:27 Finished transferring input files
...
006 (13655293.091.000) 2023-09-05 00:36:36 Image size of job updated: 720932
	705  -  MemoryUsage of job (MB)
	720932  -  ResidentSetSize of job (KB)
...
006 (13655293.091.000) 2023-09-05 00:41:37 Image size of job updated: 1278040
	1072  -  MemoryUsage of job (MB)
	1097160  -  ResidentSetSize of job (KB)
...
006 (13655293.091.000) 2023-09-05 00:46:38 Image size of job updated: 1278040
	1078  -  MemoryUsage of job (MB)
	1103544  -  ResidentSetSize of job (KB)
...
006 (13655293.091.000) 2023-09-05 01:01:39 Image size of job updated: 1278040
	1079  -  MemoryUsage of job (MB)
	1103972  -  ResidentSetSize of job (KB)
...
006 (13655293.091.000) 2023-09-05 01:31:41 Image size of job updated: 1278040
	1085  -  MemoryUsage of job (MB)
	1110116  -  ResidentSetSize of job (KB)
...
006 (13655293.091.000) 2023-09-05 02:41:48 Image size of job updated: 1278040
	1088  -  MemoryUsage of job (MB)
	1113192  -  ResidentSetSize of job (KB)
...
006 (13655293.091.000) 2023-09-05 03:16:51 Image size of job updated: 1278040
	1090  -  MemoryUsage of job (MB)
	1115348  -  ResidentSetSize of job (KB)
...
006 (13655293.091.000) 2023-09-05 04:11:56 Image size of job updated: 1278040
	1090  -  MemoryUsage of job (MB)
	1115588  -  ResidentSetSize of job (KB)
...
006 (13655293.091.000) 2023-09-05 19:34:48 Image size of job updated: 1410972
	1090  -  MemoryUsage of job (MB)
	1115588  -  ResidentSetSize of job (KB)
...
040 (13655293.091.000) 2023-09-05 19:34:48 Started transferring output files
...
040 (13655293.091.000) 2023-09-05 19:34:48 Finished transferring output files
...
005 (13655293.091.000) 2023-09-05 19:34:48 Job terminated.
	(1) Normal termination (return value 0)
		Usr 0 18:38:06, Sys 0 00:02:33  -  Run Remote Usage
		Usr 0 00:00:00, Sys 0 00:00:00  -  Run Local Usage
		Usr 0 18:38:06, Sys 0 00:02:33  -  Total Remote Usage
		Usr 0 00:00:00, Sys 0 00:00:00  -  Total Local Usage
	1309681  -  Run Bytes Sent By Job
	32652772  -  Run Bytes Received By Job
	1309681  -  Total Bytes Sent By Job
	32652772  -  Total Bytes Received By Job
	Partitionable Resources :     Usage  Request Allocated 
	   Cpus                 :      0.99        1         1 
	   Disk (KB)            : 274904      524288   1208198 
	   IoHeavy              :                            0 
	   Memory (MB)          :   1090        4096      4096 

	Job terminated of its own accord at 2023-09-06T00:34:48Z with exit-code 0.
...
