000 (14312692.001.000) 2023-09-11 11:54:29 Job submitted from host: <128.104.101.92:9618?addrs=128.104.101.92-9618+[2607-f388-107c-501-a236-9fff-fe3c-caa8]-9618&alias=submit2.chtc.wisc.edu&noUDP&sock=schedd_1879732_618e>
...
040 (14312692.001.000) 2023-09-11 12:00:34 Started transferring input files
	Transferring to host: <128.105.69.114:9618?addrs=128.105.69.114-9618+[2607-f388-2200-100-1270-fdff-fe56-470c]-9618&alias=e4063.chtc.wisc.edu&noUDP&sock=slot1_44_3865253_27d4_104087>
...
040 (14312692.001.000) 2023-09-11 12:00:37 Finished transferring input files
...
001 (14312692.001.000) 2023-09-11 12:00:40 Job executing on host: <128.105.69.114:9618?addrs=128.105.69.114-9618+[2607-f388-2200-100-1270-fdff-fe56-470c]-9618&alias=e4063.chtc.wisc.edu&noUDP&sock=startd_18888_2ce9>
	SlotName: slot1_44@e4063.chtc.wisc.edu
	CondorScratchDir = "/var/lib/condor/execute/slot1/dir_1541257"
	Cpus = 1
	Disk = 1208198
	IoHeavy = 0
	Memory = 4096
...
006 (14312692.001.000) 2023-09-11 12:00:49 Image size of job updated: 672960
	658  -  MemoryUsage of job (MB)
	672960  -  ResidentSetSize of job (KB)
...
006 (14312692.001.000) 2023-09-11 12:05:51 Image size of job updated: 814116
	658  -  MemoryUsage of job (MB)
	672960  -  ResidentSetSize of job (KB)
...
040 (14312692.001.000) 2023-09-11 12:52:55 Started transferring output files
...
040 (14312692.001.000) 2023-09-11 12:52:56 Finished transferring output files
...
005 (14312692.001.000) 2023-09-11 12:52:59 Job terminated.
	(1) Normal termination (return value 0)
		Usr 0 00:51:30, Sys 0 00:00:09  -  Run Remote Usage
		Usr 0 00:00:00, Sys 0 00:00:00  -  Run Local Usage
		Usr 0 00:51:30, Sys 0 00:00:09  -  Total Remote Usage
		Usr 0 00:00:00, Sys 0 00:00:00  -  Total Local Usage
	543395  -  Run Bytes Sent By Job
	32720412  -  Run Bytes Received By Job
	543395  -  Total Bytes Sent By Job
	32720412  -  Total Bytes Received By Job
	Partitionable Resources :     Usage  Request Allocated 
	   Cpus                 :      1.01        1         1 
	   Disk (KB)            : 261698      524288   1208198 
	   IoHeavy              :                            0 
	   Memory (MB)          :    658        4096      4096 

	Job terminated of its own accord at 2023-09-11T17:52:54Z with exit-code 0.
...
