000 (13648508.021.000) 2023-09-04 23:50:03 Job submitted from host: <128.104.101.92:9618?addrs=128.104.101.92-9618+[2607-f388-107c-501-a236-9fff-fe3c-caa8]-9618&alias=submit2.chtc.wisc.edu&noUDP&sock=schedd_1879732_618e>
...
040 (13648508.021.000) 2023-09-04 23:59:24 Started transferring input files
	Transferring to host: <128.105.69.135:9618?addrs=128.105.69.135-9618+[2607-f388-2200-100-1270-fdff-fe56-635c]-9618&alias=e4084.chtc.wisc.edu&noUDP&sock=slot1_50_178063_3de2_60519>
...
040 (13648508.021.000) 2023-09-04 23:59:27 Finished transferring input files
...
001 (13648508.021.000) 2023-09-04 23:59:28 Job executing on host: <128.105.69.135:9618?addrs=128.105.69.135-9618+[2607-f388-2200-100-1270-fdff-fe56-635c]-9618&alias=e4084.chtc.wisc.edu&noUDP&sock=startd_17181_50bf>
	SlotName: slot1_50@e4084.chtc.wisc.edu
	CondorScratchDir = "/var/lib/condor/execute/slot1/dir_32590"
	Cpus = 1
	Disk = 1208198
	IoHeavy = 0
	Memory = 4096
...
006 (13648508.021.000) 2023-09-04 23:59:37 Image size of job updated: 273132
	176  -  MemoryUsage of job (MB)
	179988  -  ResidentSetSize of job (KB)
...
006 (13648508.021.000) 2023-09-05 00:04:38 Image size of job updated: 273132
	178  -  MemoryUsage of job (MB)
	182212  -  ResidentSetSize of job (KB)
...
040 (13648508.021.000) 2023-09-05 00:07:03 Started transferring output files
...
040 (13648508.021.000) 2023-09-05 00:07:03 Finished transferring output files
...
005 (13648508.021.000) 2023-09-05 00:07:03 Job terminated.
	(1) Normal termination (return value 0)
		Usr 0 00:07:24, Sys 0 00:00:01  -  Run Remote Usage
		Usr 0 00:00:00, Sys 0 00:00:00  -  Run Local Usage
		Usr 0 00:07:24, Sys 0 00:00:01  -  Total Remote Usage
		Usr 0 00:00:00, Sys 0 00:00:00  -  Total Local Usage
	30680  -  Run Bytes Sent By Job
	32665120  -  Run Bytes Received By Job
	30680  -  Total Bytes Sent By Job
	32665120  -  Total Bytes Received By Job
	Partitionable Resources :     Usage  Request Allocated 
	   Cpus                 :      0.98        1         1 
	   Disk (KB)            : 254943      524288   1208198 
	   IoHeavy              :                            0 
	   Memory (MB)          :    178        4096      4096 

	Job terminated of its own accord at 2023-09-05T05:07:03Z with exit-code 0.
...
