000 (13655293.305.000) 2023-09-05 00:33:11 Job submitted from host: <128.104.101.92:9618?addrs=128.104.101.92-9618+[2607-f388-107c-501-a236-9fff-fe3c-caa8]-9618&alias=submit2.chtc.wisc.edu&noUDP&sock=schedd_1879732_618e>
...
040 (13655293.305.000) 2023-09-05 00:52:13 Started transferring input files
	Transferring to host: <128.105.68.91:9618?addrs=128.105.68.91-9618+[2607-f388-2200-100-1270-fdff-fe56-c2c4]-9618&alias=e4053.chtc.wisc.edu&noUDP&sock=slot1_40_550738_7e35_48624>
...
040 (13655293.305.000) 2023-09-05 00:52:16 Finished transferring input files
...
001 (13655293.305.000) 2023-09-05 00:52:22 Job executing on host: <128.105.68.91:9618?addrs=128.105.68.91-9618+[2607-f388-2200-100-1270-fdff-fe56-c2c4]-9618&alias=e4053.chtc.wisc.edu&noUDP&sock=startd_11752_7915>
	SlotName: slot1_40@e4053.chtc.wisc.edu
	CondorScratchDir = "/var/lib/condor/execute/slot1/dir_2850874"
	Cpus = 1
	Disk = 1208198
	IoHeavy = 0
	Memory = 4096
...
006 (13655293.305.000) 2023-09-05 00:52:31 Image size of job updated: 703660
	688  -  MemoryUsage of job (MB)
	703660  -  ResidentSetSize of job (KB)
...
006 (13655293.305.000) 2023-09-05 00:57:32 Image size of job updated: 1274380
	1047  -  MemoryUsage of job (MB)
	1071900  -  ResidentSetSize of job (KB)
...
006 (13655293.305.000) 2023-09-05 01:02:32 Image size of job updated: 1274380
	1077  -  MemoryUsage of job (MB)
	1101840  -  ResidentSetSize of job (KB)
...
006 (13655293.305.000) 2023-09-05 01:07:33 Image size of job updated: 1274380
	1077  -  MemoryUsage of job (MB)
	1101848  -  ResidentSetSize of job (KB)
...
006 (13655293.305.000) 2023-09-05 01:22:35 Image size of job updated: 1274380
	1081  -  MemoryUsage of job (MB)
	1105992  -  ResidentSetSize of job (KB)
...
006 (13655293.305.000) 2023-09-05 01:32:37 Image size of job updated: 1274380
	1086  -  MemoryUsage of job (MB)
	1111112  -  ResidentSetSize of job (KB)
...
006 (13655293.305.000) 2023-09-05 01:47:39 Image size of job updated: 1274380
	1095  -  MemoryUsage of job (MB)
	1120840  -  ResidentSetSize of job (KB)
...
006 (13655293.305.000) 2023-09-05 02:17:43 Image size of job updated: 1274380
	1095  -  MemoryUsage of job (MB)
	1120860  -  ResidentSetSize of job (KB)
...
006 (13655293.305.000) 2023-09-06 02:05:11 Image size of job updated: 1404712
	1237  -  MemoryUsage of job (MB)
	1266552  -  ResidentSetSize of job (KB)
...
040 (13655293.305.000) 2023-09-06 02:05:14 Started transferring output files
...
040 (13655293.305.000) 2023-09-06 02:05:14 Finished transferring output files
...
005 (13655293.305.000) 2023-09-06 02:05:14 Job terminated.
	(1) Normal termination (return value 0)
		Usr 1 00:41:01, Sys 0 00:05:33  -  Run Remote Usage
		Usr 0 00:00:00, Sys 0 00:00:00  -  Run Local Usage
		Usr 1 00:41:01, Sys 0 00:05:33  -  Total Remote Usage
		Usr 0 00:00:00, Sys 0 00:00:00  -  Total Local Usage
	1309716  -  Run Bytes Sent By Job
	32652772  -  Run Bytes Received By Job
	1309716  -  Total Bytes Sent By Job
	32652772  -  Total Bytes Received By Job
	Partitionable Resources :     Usage  Request Allocated 
	   Cpus                 :      0.98        1         1 
	   Disk (KB)            : 274916      524288   1208198 
	   IoHeavy              :                            0 
	   Memory (MB)          :   1237        4096      4096 

	Job terminated of its own accord at 2023-09-06T07:05:14Z with exit-code 0.
...
