000 (13655293.200.000) 2023-09-05 00:33:11 Job submitted from host: <128.104.101.92:9618?addrs=128.104.101.92-9618+[2607-f388-107c-501-a236-9fff-fe3c-caa8]-9618&alias=submit2.chtc.wisc.edu&noUDP&sock=schedd_1879732_618e>
...
040 (13655293.200.000) 2023-09-05 00:47:23 Started transferring input files
	Transferring to host: <128.105.69.170:9618?addrs=128.105.69.170-9618+[2607-f388-2200-100-1270-fdff-fe56-6a0c]-9618&alias=e2553.chtc.wisc.edu&noUDP&sock=slot1_49_2347007_8069_60780>
...
040 (13655293.200.000) 2023-09-05 00:47:25 Finished transferring input files
...
001 (13655293.200.000) 2023-09-05 00:47:26 Job executing on host: <128.105.69.170:9618?addrs=128.105.69.170-9618+[2607-f388-2200-100-1270-fdff-fe56-6a0c]-9618&alias=e2553.chtc.wisc.edu&noUDP&sock=startd_12924_5e14>
	SlotName: slot1_49@e2553.chtc.wisc.edu
	CondorScratchDir = "/var/lib/condor/execute/slot1/dir_280500"
	Cpus = 1
	Disk = 1208198
	IoHeavy = 0
	Memory = 4096
...
006 (13655293.200.000) 2023-09-05 00:47:35 Image size of job updated: 738204
	721  -  MemoryUsage of job (MB)
	738200  -  ResidentSetSize of job (KB)
...
006 (13655293.200.000) 2023-09-05 00:52:36 Image size of job updated: 1360512
	1124  -  MemoryUsage of job (MB)
	1150284  -  ResidentSetSize of job (KB)
...
006 (13655293.200.000) 2023-09-05 00:57:36 Image size of job updated: 1360512
	1149  -  MemoryUsage of job (MB)
	1175620  -  ResidentSetSize of job (KB)
...
006 (13655293.200.000) 2023-09-05 01:02:37 Image size of job updated: 1360512
	1150  -  MemoryUsage of job (MB)
	1177080  -  ResidentSetSize of job (KB)
...
006 (13655293.200.000) 2023-09-05 01:07:38 Image size of job updated: 1360512
	1153  -  MemoryUsage of job (MB)
	1180152  -  ResidentSetSize of job (KB)
...
006 (13655293.200.000) 2023-09-05 01:12:38 Image size of job updated: 1360512
	1155  -  MemoryUsage of job (MB)
	1182456  -  ResidentSetSize of job (KB)
...
006 (13655293.200.000) 2023-09-05 02:22:44 Image size of job updated: 1360512
	1166  -  MemoryUsage of job (MB)
	1193456  -  ResidentSetSize of job (KB)
...
006 (13655293.200.000) 2023-09-06 00:17:11 Image size of job updated: 1421252
	1166  -  MemoryUsage of job (MB)
	1193456  -  ResidentSetSize of job (KB)
...
040 (13655293.200.000) 2023-09-06 00:17:11 Started transferring output files
...
040 (13655293.200.000) 2023-09-06 00:17:11 Finished transferring output files
...
005 (13655293.200.000) 2023-09-06 00:17:11 Job terminated.
	(1) Normal termination (return value 0)
		Usr 0 23:06:13, Sys 0 00:05:05  -  Run Remote Usage
		Usr 0 00:00:00, Sys 0 00:00:00  -  Run Local Usage
		Usr 0 23:06:13, Sys 0 00:05:05  -  Total Remote Usage
		Usr 0 00:00:00, Sys 0 00:00:00  -  Total Local Usage
	1309608  -  Run Bytes Sent By Job
	32652772  -  Run Bytes Received By Job
	1309608  -  Total Bytes Sent By Job
	32652772  -  Total Bytes Received By Job
	Partitionable Resources :     Usage  Request Allocated 
	   Cpus                 :      0.99        1         1 
	   Disk (KB)            : 274910      524288   1208198 
	   IoHeavy              :                            0 
	   Memory (MB)          :   1166        4096      4096 

	Job terminated of its own accord at 2023-09-06T05:17:11Z with exit-code 0.
...
