000 (14269004.063.000) 2023-09-11 03:23:01 Job submitted from host: <128.104.101.92:9618?addrs=128.104.101.92-9618+[2607-f388-107c-501-a236-9fff-fe3c-caa8]-9618&alias=submit2.chtc.wisc.edu&noUDP&sock=schedd_1879732_618e>
...
040 (14269004.063.000) 2023-09-11 03:28:07 Started transferring input files
	Transferring to host: <128.105.69.117:9618?addrs=128.105.69.117-9618+[2607-f388-2200-100-1270-fdff-fe56-7b34]-9618&alias=e4066.chtc.wisc.edu&noUDP&sock=slot1_8_720535_d70d_95719>
...
040 (14269004.063.000) 2023-09-11 03:28:09 Finished transferring input files
...
001 (14269004.063.000) 2023-09-11 03:28:11 Job executing on host: <128.105.69.117:9618?addrs=128.105.69.117-9618+[2607-f388-2200-100-1270-fdff-fe56-7b34]-9618&alias=e4066.chtc.wisc.edu&noUDP&sock=startd_18717_e237>
	SlotName: slot1_8@e4066.chtc.wisc.edu
	CondorScratchDir = "/var/lib/condor/execute/slot1/dir_877213"
	Cpus = 1
	Disk = 1208198
	IoHeavy = 0
	Memory = 4096
...
006 (14269004.063.000) 2023-09-11 03:28:19 Image size of job updated: 272752
	166  -  MemoryUsage of job (MB)
	169736  -  ResidentSetSize of job (KB)
...
040 (14269004.063.000) 2023-09-11 03:29:16 Started transferring output files
...
040 (14269004.063.000) 2023-09-11 03:29:16 Finished transferring output files
...
005 (14269004.063.000) 2023-09-11 03:29:16 Job terminated.
	(1) Normal termination (return value 0)
		Usr 0 00:01:01, Sys 0 00:00:00  -  Run Remote Usage
		Usr 0 00:00:00, Sys 0 00:00:00  -  Run Local Usage
		Usr 0 00:01:01, Sys 0 00:00:00  -  Total Remote Usage
		Usr 0 00:00:00, Sys 0 00:00:00  -  Total Local Usage
	104185  -  Run Bytes Sent By Job
	32664898  -  Run Bytes Received By Job
	104185  -  Total Bytes Sent By Job
	32664898  -  Total Bytes Received By Job
	Partitionable Resources :     Usage  Request Allocated 
	   Cpus                 :      0.99        1         1 
	   Disk (KB)            : 255015      524288   1208198 
	   IoHeavy              :                            0 
	   Memory (MB)          :    166        4096      4096 

	Job terminated of its own accord at 2023-09-11T08:29:16Z with exit-code 0.
...
