000 (13655293.225.000) 2023-09-05 00:33:11 Job submitted from host: <128.104.101.92:9618?addrs=128.104.101.92-9618+[2607-f388-107c-501-a236-9fff-fe3c-caa8]-9618&alias=submit2.chtc.wisc.edu&noUDP&sock=schedd_1879732_618e>
...
040 (13655293.225.000) 2023-09-05 00:45:46 Started transferring input files
	Transferring to host: <128.105.69.137:9618?addrs=128.105.69.137-9618+[2607-f388-2200-100-1270-fdff-fe56-d12c]-9618&alias=e4014.chtc.wisc.edu&noUDP&sock=slot1_4_1985361_2db7_51983>
...
040 (13655293.225.000) 2023-09-05 00:45:48 Finished transferring input files
...
001 (13655293.225.000) 2023-09-05 00:46:11 Job executing on host: <128.105.69.137:9618?addrs=128.105.69.137-9618+[2607-f388-2200-100-1270-fdff-fe56-d12c]-9618&alias=e4014.chtc.wisc.edu&noUDP&sock=startd_15862_9754>
	SlotName: slot1_4@e4014.chtc.wisc.edu
	CondorScratchDir = "/var/lib/condor/execute/slot1/dir_4059363"
	Cpus = 1
	Disk = 1208198
	IoHeavy = 0
	Memory = 4096
...
006 (13655293.225.000) 2023-09-05 00:46:19 Image size of job updated: 580308
	567  -  MemoryUsage of job (MB)
	580308  -  ResidentSetSize of job (KB)
...
006 (13655293.225.000) 2023-09-05 00:51:19 Image size of job updated: 1176848
	876  -  MemoryUsage of job (MB)
	896456  -  ResidentSetSize of job (KB)
...
006 (13655293.225.000) 2023-09-05 00:56:20 Image size of job updated: 1176848
	969  -  MemoryUsage of job (MB)
	992076  -  ResidentSetSize of job (KB)
...
006 (13655293.225.000) 2023-09-05 01:01:21 Image size of job updated: 1176848
	973  -  MemoryUsage of job (MB)
	996308  -  ResidentSetSize of job (KB)
...
006 (13655293.225.000) 2023-09-05 01:06:21 Image size of job updated: 1176848
	983  -  MemoryUsage of job (MB)
	1005620  -  ResidentSetSize of job (KB)
...
006 (13655293.225.000) 2023-09-05 01:51:27 Image size of job updated: 1176848
	983  -  MemoryUsage of job (MB)
	1005876  -  ResidentSetSize of job (KB)
...
006 (13655293.225.000) 2023-09-05 22:13:29 Image size of job updated: 1303068
	1140  -  MemoryUsage of job (MB)
	1166924  -  ResidentSetSize of job (KB)
...
040 (13655293.225.000) 2023-09-05 22:14:03 Started transferring output files
...
040 (13655293.225.000) 2023-09-05 22:14:03 Finished transferring output files
...
005 (13655293.225.000) 2023-09-05 22:14:03 Job terminated.
	(1) Normal termination (return value 0)
		Usr 0 21:07:32, Sys 0 00:03:06  -  Run Remote Usage
		Usr 0 00:00:00, Sys 0 00:00:00  -  Run Local Usage
		Usr 0 21:07:32, Sys 0 00:03:06  -  Total Remote Usage
		Usr 0 00:00:00, Sys 0 00:00:00  -  Total Local Usage
	1309501  -  Run Bytes Sent By Job
	32652772  -  Run Bytes Received By Job
	1309501  -  Total Bytes Sent By Job
	32652772  -  Total Bytes Received By Job
	Partitionable Resources :     Usage  Request Allocated 
	   Cpus                 :      0.99        1         1 
	   Disk (KB)            : 274915      524288   1208198 
	   IoHeavy              :                            0 
	   Memory (MB)          :   1140        4096      4096 

	Job terminated of its own accord at 2023-09-06T03:14:03Z with exit-code 0.
...
