000 (14268886.058.000) 2023-09-11 03:21:39 Job submitted from host: <128.104.101.92:9618?addrs=128.104.101.92-9618+[2607-f388-107c-501-a236-9fff-fe3c-caa8]-9618&alias=submit2.chtc.wisc.edu&noUDP&sock=schedd_1879732_618e>
...
040 (14268886.058.000) 2023-09-11 03:25:35 Started transferring input files
	Transferring to host: <128.105.69.185:9618?addrs=128.105.69.185-9618+[2607-f388-2200-100-1270-fdff-fe56-c0d4]-9618&alias=e4037.chtc.wisc.edu&noUDP&sock=slot1_69_2954895_96f9_103356>
...
040 (14268886.058.000) 2023-09-11 03:25:39 Finished transferring input files
...
001 (14268886.058.000) 2023-09-11 03:25:40 Job executing on host: <128.105.69.185:9618?addrs=128.105.69.185-9618+[2607-f388-2200-100-1270-fdff-fe56-c0d4]-9618&alias=e4037.chtc.wisc.edu&noUDP&sock=startd_16018_981a>
	SlotName: slot1_69@e4037.chtc.wisc.edu
	CondorScratchDir = "/var/lib/condor/execute/slot1/dir_924592"
	Cpus = 1
	Disk = 1208198
	IoHeavy = 0
	Memory = 4096
...
006 (14268886.058.000) 2023-09-11 03:25:48 Image size of job updated: 356636
	349  -  MemoryUsage of job (MB)
	356636  -  ResidentSetSize of job (KB)
...
006 (14268886.058.000) 2023-09-11 03:28:18 Image size of job updated: 703324
	354  -  MemoryUsage of job (MB)
	361756  -  ResidentSetSize of job (KB)
...
040 (14268886.058.000) 2023-09-11 03:28:18 Started transferring output files
...
040 (14268886.058.000) 2023-09-11 03:28:18 Finished transferring output files
...
005 (14268886.058.000) 2023-09-11 03:28:18 Job terminated.
	(1) Normal termination (return value 0)
		Usr 0 00:02:26, Sys 0 00:00:08  -  Run Remote Usage
		Usr 0 00:00:00, Sys 0 00:00:00  -  Run Local Usage
		Usr 0 00:02:26, Sys 0 00:00:08  -  Total Remote Usage
		Usr 0 00:00:00, Sys 0 00:00:00  -  Total Local Usage
	101496  -  Run Bytes Sent By Job
	32720416  -  Run Bytes Received By Job
	101496  -  Total Bytes Sent By Job
	32720416  -  Total Bytes Received By Job
	Partitionable Resources :     Usage  Request Allocated 
	   Cpus                 :      0.99        1         1 
	   Disk (KB)            : 261266      524288   1208198 
	   IoHeavy              :                            0 
	   Memory (MB)          :    354        4096      4096 

	Job terminated of its own accord at 2023-09-11T08:28:18Z with exit-code 0.
...
