000 (13655293.380.000) 2023-09-05 00:33:11 Job submitted from host: <128.104.101.92:9618?addrs=128.104.101.92-9618+[2607-f388-107c-501-a236-9fff-fe3c-caa8]-9618&alias=submit2.chtc.wisc.edu&noUDP&sock=schedd_1879732_618e>
...
040 (13655293.380.000) 2023-09-05 00:54:22 Started transferring input files
	Transferring to host: <128.105.69.167:9618?addrs=128.105.69.167-9618+[2607-f388-2200-100-1270-fdff-fe56-686c]-9618&alias=e2550.chtc.wisc.edu&noUDP&sock=slot1_25_354583_8cec_49293>
...
040 (13655293.380.000) 2023-09-05 00:54:23 Finished transferring input files
...
001 (13655293.380.000) 2023-09-05 00:54:25 Job executing on host: <128.105.69.167:9618?addrs=128.105.69.167-9618+[2607-f388-2200-100-1270-fdff-fe56-686c]-9618&alias=e2550.chtc.wisc.edu&noUDP&sock=startd_13345_2373>
	SlotName: slot1_25@e2550.chtc.wisc.edu
	CondorScratchDir = "/var/lib/condor/execute/slot1/dir_838734"
	Cpus = 1
	Disk = 1208198
	IoHeavy = 0
	Memory = 4096
...
006 (13655293.380.000) 2023-09-05 00:54:33 Image size of job updated: 591136
	578  -  MemoryUsage of job (MB)
	591136  -  ResidentSetSize of job (KB)
...
006 (13655293.380.000) 2023-09-05 00:59:33 Image size of job updated: 1187896
	969  -  MemoryUsage of job (MB)
	991644  -  ResidentSetSize of job (KB)
...
006 (13655293.380.000) 2023-09-05 01:04:33 Image size of job updated: 1187896
	993  -  MemoryUsage of job (MB)
	1015912  -  ResidentSetSize of job (KB)
...
006 (13655293.380.000) 2023-09-05 01:59:39 Image size of job updated: 1187896
	993  -  MemoryUsage of job (MB)
	1016072  -  ResidentSetSize of job (KB)
...
006 (13655293.380.000) 2023-09-05 02:29:42 Image size of job updated: 1187896
	1003  -  MemoryUsage of job (MB)
	1026796  -  ResidentSetSize of job (KB)
...
006 (13655293.380.000) 2023-09-05 03:34:49 Image size of job updated: 1187896
	1004  -  MemoryUsage of job (MB)
	1028044  -  ResidentSetSize of job (KB)
...
006 (13655293.380.000) 2023-09-05 20:14:15 Image size of job updated: 1309668
	1004  -  MemoryUsage of job (MB)
	1028044  -  ResidentSetSize of job (KB)
...
040 (13655293.380.000) 2023-09-05 20:14:15 Started transferring output files
...
040 (13655293.380.000) 2023-09-05 20:14:15 Finished transferring output files
...
005 (13655293.380.000) 2023-09-05 20:14:15 Job terminated.
	(1) Normal termination (return value 0)
		Usr 0 19:01:33, Sys 0 00:02:35  -  Run Remote Usage
		Usr 0 00:00:00, Sys 0 00:00:00  -  Run Local Usage
		Usr 0 19:01:33, Sys 0 00:02:35  -  Total Remote Usage
		Usr 0 00:00:00, Sys 0 00:00:00  -  Total Local Usage
	1309295  -  Run Bytes Sent By Job
	32652772  -  Run Bytes Received By Job
	1309295  -  Total Bytes Sent By Job
	32652772  -  Total Bytes Received By Job
	Partitionable Resources :     Usage  Request Allocated 
	   Cpus                 :      0.98        1         1 
	   Disk (KB)            : 274902      524288   1208198 
	   IoHeavy              :                            0 
	   Memory (MB)          :   1004        4096      4096 

	Job terminated of its own accord at 2023-09-06T01:14:15Z with exit-code 0.
...
