000 (14269004.056.000) 2023-09-11 03:23:01 Job submitted from host: <128.104.101.92:9618?addrs=128.104.101.92-9618+[2607-f388-107c-501-a236-9fff-fe3c-caa8]-9618&alias=submit2.chtc.wisc.edu&noUDP&sock=schedd_1879732_618e>
...
040 (14269004.056.000) 2023-09-11 03:28:12 Started transferring input files
	Transferring to host: <128.105.69.94:9618?addrs=128.105.69.94-9618+[2607-f388-2200-100-1270-fdff-fe56-3dcc]-9618&alias=e4005.chtc.wisc.edu&noUDP&sock=slot1_6_3807751_cb72_92634>
...
040 (14269004.056.000) 2023-09-11 03:28:15 Finished transferring input files
...
001 (14269004.056.000) 2023-09-11 03:28:16 Job executing on host: <128.105.69.94:9618?addrs=128.105.69.94-9618+[2607-f388-2200-100-1270-fdff-fe56-3dcc]-9618&alias=e4005.chtc.wisc.edu&noUDP&sock=startd_14681_85fb>
	SlotName: slot1_6@e4005.chtc.wisc.edu
	CondorScratchDir = "/var/lib/condor/execute/slot1/dir_2990868"
	Cpus = 1
	Disk = 1268229
	IoHeavy = 0
	Memory = 4096
...
006 (14269004.056.000) 2023-09-11 03:28:24 Image size of job updated: 383200
	263  -  MemoryUsage of job (MB)
	269044  -  ResidentSetSize of job (KB)
...
006 (14269004.056.000) 2023-09-11 03:29:27 Image size of job updated: 383200
	269  -  MemoryUsage of job (MB)
	274932  -  ResidentSetSize of job (KB)
...
040 (14269004.056.000) 2023-09-11 03:29:28 Started transferring output files
...
040 (14269004.056.000) 2023-09-11 03:29:28 Finished transferring output files
...
005 (14269004.056.000) 2023-09-11 03:29:37 Job terminated.
	(1) Normal termination (return value 0)
		Usr 0 00:01:06, Sys 0 00:00:01  -  Run Remote Usage
		Usr 0 00:00:00, Sys 0 00:00:00  -  Run Local Usage
		Usr 0 00:01:06, Sys 0 00:00:01  -  Total Remote Usage
		Usr 0 00:00:00, Sys 0 00:00:00  -  Total Local Usage
	96313  -  Run Bytes Sent By Job
	32664898  -  Run Bytes Received By Job
	96313  -  Total Bytes Sent By Job
	32664898  -  Total Bytes Received By Job
	Partitionable Resources :     Usage  Request Allocated 
	   Cpus                 :      0.99        1         1 
	   Disk (KB)            : 254992      524288   1268229 
	   IoHeavy              :                            0 
	   Memory (MB)          :    269        4096      4096 

	Job terminated of its own accord at 2023-09-11T08:29:27Z with exit-code 0.
...
