000 (13655293.348.000) 2023-09-05 00:33:11 Job submitted from host: <128.104.101.92:9618?addrs=128.104.101.92-9618+[2607-f388-107c-501-a236-9fff-fe3c-caa8]-9618&alias=submit2.chtc.wisc.edu&noUDP&sock=schedd_1879732_618e>
...
040 (13655293.348.000) 2023-09-05 00:53:44 Started transferring input files
	Transferring to host: <128.105.69.137:9618?addrs=128.105.69.137-9618+[2607-f388-2200-100-1270-fdff-fe56-d12c]-9618&alias=e4014.chtc.wisc.edu&noUDP&sock=slot1_70_1985361_2db7_52050>
...
001 (13655293.348.000) 2023-09-05 00:53:58 Job executing on host: <128.105.69.137:9618?addrs=128.105.69.137-9618+[2607-f388-2200-100-1270-fdff-fe56-d12c]-9618&alias=e4014.chtc.wisc.edu&noUDP&sock=startd_15862_9754>
	SlotName: slot1_70@e4014.chtc.wisc.edu
	CondorScratchDir = "/var/lib/condor/execute/slot1/dir_4085916"
	Cpus = 1
	Disk = 1208198
	IoHeavy = 0
	Memory = 4096
...
040 (13655293.348.000) 2023-09-05 00:53:58 Finished transferring input files
...
006 (13655293.348.000) 2023-09-05 00:54:06 Image size of job updated: 673156
	658  -  MemoryUsage of job (MB)
	673156  -  ResidentSetSize of job (KB)
...
006 (13655293.348.000) 2023-09-05 00:59:06 Image size of job updated: 1235300
	1207  -  MemoryUsage of job (MB)
	1235300  -  ResidentSetSize of job (KB)
...
006 (13655293.348.000) 2023-09-05 01:04:08 Image size of job updated: 1267100
	1238  -  MemoryUsage of job (MB)
	1266952  -  ResidentSetSize of job (KB)
...
006 (13655293.348.000) 2023-09-05 01:09:08 Image size of job updated: 1282820
	1238  -  MemoryUsage of job (MB)
	1266952  -  ResidentSetSize of job (KB)
...
006 (13655293.348.000) 2023-09-06 06:30:34 Image size of job updated: 1414604
	1238  -  MemoryUsage of job (MB)
	1266952  -  ResidentSetSize of job (KB)
...
040 (13655293.348.000) 2023-09-06 06:30:34 Started transferring output files
...
040 (13655293.348.000) 2023-09-06 06:30:34 Finished transferring output files
...
005 (13655293.348.000) 2023-09-06 06:30:34 Job terminated.
	(1) Normal termination (return value 0)
		Usr 1 05:06:04, Sys 0 00:05:00  -  Run Remote Usage
		Usr 0 00:00:00, Sys 0 00:00:00  -  Run Local Usage
		Usr 1 05:06:04, Sys 0 00:05:00  -  Total Remote Usage
		Usr 0 00:00:00, Sys 0 00:00:00  -  Total Local Usage
	1309345  -  Run Bytes Sent By Job
	32652772  -  Run Bytes Received By Job
	1309345  -  Total Bytes Sent By Job
	32652772  -  Total Bytes Received By Job
	Partitionable Resources :     Usage  Request Allocated 
	   Cpus                 :      0.99        1         1 
	   Disk (KB)            : 274901      524288   1208198 
	   IoHeavy              :                            0 
	   Memory (MB)          :   1238        4096      4096 

	Job terminated of its own accord at 2023-09-06T11:30:34Z with exit-code 0.
...
