000 (14312691.003.000) 2023-09-11 11:54:06 Job submitted from host: <128.104.101.92:9618?addrs=128.104.101.92-9618+[2607-f388-107c-501-a236-9fff-fe3c-caa8]-9618&alias=submit2.chtc.wisc.edu&noUDP&sock=schedd_1879732_618e>
...
040 (14312691.003.000) 2023-09-11 12:00:22 Started transferring input files
	Transferring to host: <128.105.69.181:9618?addrs=128.105.69.181-9618+[2607-f388-2200-100-1270-fdff-fe56-bd24]-9618&alias=e2564.chtc.wisc.edu&noUDP&sock=slot1_161_1985390_9c98_34354>
...
040 (14312691.003.000) 2023-09-11 12:00:24 Finished transferring input files
...
001 (14312691.003.000) 2023-09-11 12:00:26 Job executing on host: <128.105.69.181:9618?addrs=128.105.69.181-9618+[2607-f388-2200-100-1270-fdff-fe56-bd24]-9618&alias=e2564.chtc.wisc.edu&noUDP&sock=startd_12944_15f9>
	SlotName: slot1_161@e2564.chtc.wisc.edu
	CondorScratchDir = "/var/lib/condor/execute/slot1/dir_3762086"
	Cpus = 1
	Disk = 1208198
	IoHeavy = 0
	Memory = 4096
...
006 (14312691.003.000) 2023-09-11 12:00:35 Image size of job updated: 273368
	205  -  MemoryUsage of job (MB)
	209672  -  ResidentSetSize of job (KB)
...
006 (14312691.003.000) 2023-09-11 12:05:36 Image size of job updated: 273368
	209  -  MemoryUsage of job (MB)
	213820  -  ResidentSetSize of job (KB)
...
006 (14312691.003.000) 2023-09-11 12:10:36 Image size of job updated: 273368
	217  -  MemoryUsage of job (MB)
	222012  -  ResidentSetSize of job (KB)
...
006 (14312691.003.000) 2023-09-11 12:20:37 Image size of job updated: 273368
	219  -  MemoryUsage of job (MB)
	223720  -  ResidentSetSize of job (KB)
...
006 (14312691.003.000) 2023-09-11 12:30:38 Image size of job updated: 273368
	219  -  MemoryUsage of job (MB)
	224236  -  ResidentSetSize of job (KB)
...
040 (14312691.003.000) 2023-09-11 13:00:47 Started transferring output files
...
040 (14312691.003.000) 2023-09-11 13:00:50 Finished transferring output files
...
005 (14312691.003.000) 2023-09-11 13:01:04 Job terminated.
	(1) Normal termination (return value 0)
		Usr 0 00:59:03, Sys 0 00:00:02  -  Run Remote Usage
		Usr 0 00:00:00, Sys 0 00:00:00  -  Run Local Usage
		Usr 0 00:59:03, Sys 0 00:00:02  -  Total Remote Usage
		Usr 0 00:00:00, Sys 0 00:00:00  -  Total Local Usage
	609094  -  Run Bytes Sent By Job
	32664896  -  Run Bytes Received By Job
	609094  -  Total Bytes Sent By Job
	32664896  -  Total Bytes Received By Job
	Partitionable Resources :     Usage  Request Allocated 
	   Cpus                 :      0.98        1         1 
	   Disk (KB)            : 255509      524288   1208198 
	   IoHeavy              :                            0 
	   Memory (MB)          :    219        4096      4096 

	Job terminated of its own accord at 2023-09-11T18:00:43Z with exit-code 0.
...
