  [1] "description" "units"       "source.key"  "Jan.01"      "Feb.01"     
  [6] "Mar.01"      "Apr.01"      "May.01"      "Jun.01"      "Jul.01"     
 [11] "Aug.01"      "Sep.01"      "Oct.01"      "Nov.01"      "Dec.01"     
 [16] "Jan.02"      "Feb.02"      "Mar.02"      "Apr.02"      "May.02"     
 [21] "Jun.02"      "Jul.02"      "Aug.02"      "Sep.02"      "Oct.02"     
 [26] "Nov.02"      "Dec.02"      "Jan.03"      "Feb.03"      "Mar.03"     
 [31] "Apr.03"      "May.03"      "Jun.03"      "Jul.03"      "Aug.03"     
 [36] "Sep.03"      "Oct.03"      "Nov.03"      "Dec.03"      "Jan.04"     
 [41] "Feb.04"      "Mar.04"      "Apr.04"      "May.04"      "Jun.04"     
 [46] "Jul.04"      "Aug.04"      "Sep.04"      "Oct.04"      "Nov.04"     
 [51] "Dec.04"      "Jan.05"      "Feb.05"      "Mar.05"      "Apr.05"     
 [56] "May.05"      "Jun.05"      "Jul.05"      "Aug.05"      "Sep.05"     
 [61] "Oct.05"      "Nov.05"      "Dec.05"      "Jan.06"      "Feb.06"     
 [66] "Mar.06"      "Apr.06"      "May.06"      "Jun.06"      "Jul.06"     
 [71] "Aug.06"      "Sep.06"      "Oct.06"      "Nov.06"      "Dec.06"     
 [76] "Jan.07"      "Feb.07"      "Mar.07"      "Apr.07"      "May.07"     
 [81] "Jun.07"      "Jul.07"      "Aug.07"      "Sep.07"      "Oct.07"     
 [86] "Nov.07"      "Dec.07"      "Jan.08"      "Feb.08"      "Mar.08"     
 [91] "Apr.08"      "May.08"      "Jun.08"      "Jul.08"      "Aug.08"     
 [96] "Sep.08"      "Oct.08"      "Nov.08"      "Dec.08"      "Jan.09"     
[101] "Feb.09"      "Mar.09"      "Apr.09"      "May.09"      "Jun.09"     
[106] "Jul.09"      "Aug.09"      "Sep.09"      "Oct.09"      "Nov.09"     
[111] "Dec.09"      "Jan.10"      "Feb.10"      "Mar.10"      "Apr.10"     
[116] "May.10"      "Jun.10"      "Jul.10"      "Aug.10"      "Sep.10"     
[121] "Oct.10"      "Nov.10"      "Dec.10"      "Jan.11"      "Feb.11"     
[126] "Mar.11"      "Apr.11"      "May.11"      "Jun.11"      "Jul.11"     
[131] "Aug.11"      "Sep.11"      "Oct.11"      "Nov.11"      "Dec.11"     
[136] "Jan.12"      "Feb.12"      "Mar.12"      "Apr.12"      "May.12"     
[141] "Jun.12"      "Jul.12"      "Aug.12"      "Sep.12"      "Oct.12"     
[146] "Nov.12"      "Dec.12"      "Jan.13"      "Feb.13"      "Mar.13"     
[151] "Apr.13"      "May.13"      "Jun.13"      "Jul.13"      "Aug.13"     
[156] "Sep.13"      "Oct.13"      "Nov.13"      "Dec.13"      "Jan.14"     
[161] "Feb.14"      "Mar.14"      "Apr.14"      "May.14"      "Jun.14"     
[166] "Jul.14"      "Aug.14"      "Sep.14"      "Oct.14"      "Nov.14"     
[171] "Dec.14"      "Jan.15"      "Feb.15"      "Mar.15"      "Apr.15"     
[176] "May.15"      "Jun.15"      "Jul.15"      "Aug.15"      "Sep.15"     
[181] "Oct.15"      "Nov.15"      "Dec.15"      "Jan.16"      "Feb.16"     
[186] "Mar.16"      "Apr.16"      "May.16"      "Jun.16"      "Jul.16"     
[191] "Aug.16"      "Sep.16"      "Oct.16"      "Nov.16"      "Dec.16"     
[196] "Jan.17"      "Feb.17"      "Mar.17"      "Apr.17"      "May.17"     
[201] "Jun.17"      "Jul.17"      "Aug.17"      "Sep.17"      "Oct.17"     
[206] "Nov.17"      "Dec.17"      "Jan.18"      "Feb.18"      "Mar.18"     
[211] "Apr.18"      "May.18"      "Jun.18"      "Jul.18"      "Aug.18"     
[216] "Sep.18"      "Oct.18"      "Nov.18"      "Dec.18"      "Jan.19"     
[221] "Feb.19"      "Mar.19"      "Apr.19"      "May.19"      "Jun.19"     
[226] "Jul.19"      "Aug.19"      "Sep.19"      "Oct.19"      "Nov.19"     
[231] "Dec.19"      "Jan.20"      "Feb.20"      "Mar.20"      "Apr.20"     
[236] "May.20"      "Jun.20"      "Jul.20"      "Aug.20"      "Sep.20"     
[241] "Oct.20"      "Nov.20"      "Dec.20"      "Jan.21"      "Feb.21"     
[246] "Mar.21"      "Apr.21"      "May.21"      "Jun.21"      "Jul.21"     
[251] "Aug.21"      "Sep.21"      "Oct.21"      "Nov.21"      "Dec.21"     
[256] "Jan.22"      "Feb.22"      "Mar.22"      "Apr.22"      "May.22"     
[261] "Jun.22"      "Jul.22"      "Aug.22"      "Sep.22"      "Oct.22"     
[266] "Nov.22"      "Dec.22"     
[1] 1 1 1
[1]  13 264
0 th iteration 
1 th iteration 
2 th iteration 
3 th iteration 
4 th iteration 
5 th iteration 
6 th iteration 
7 th iteration 
8 th iteration 
9 th iteration 
10 th iteration 
