000 (13655293.153.000) 2023-09-05 00:33:11 Job submitted from host: <128.104.101.92:9618?addrs=128.104.101.92-9618+[2607-f388-107c-501-a236-9fff-fe3c-caa8]-9618&alias=submit2.chtc.wisc.edu&noUDP&sock=schedd_1879732_618e>
...
040 (13655293.153.000) 2023-09-05 00:38:59 Started transferring input files
	Transferring to host: <128.105.69.171:9618?addrs=128.105.69.171-9618+[2607-f388-2200-100-1270-fdff-fe56-76ac]-9618&alias=e2554.chtc.wisc.edu&noUDP&sock=slot1_45_1826531_133c_47903>
...
040 (13655293.153.000) 2023-09-05 00:39:01 Finished transferring input files
...
001 (13655293.153.000) 2023-09-05 00:39:02 Job executing on host: <128.105.69.171:9618?addrs=128.105.69.171-9618+[2607-f388-2200-100-1270-fdff-fe56-76ac]-9618&alias=e2554.chtc.wisc.edu&noUDP&sock=startd_14106_1f06>
	SlotName: slot1_45@e2554.chtc.wisc.edu
	CondorScratchDir = "/var/lib/condor/execute/slot1/dir_1585291"
	Cpus = 1
	Disk = 1208198
	IoHeavy = 0
	Memory = 4096
...
006 (13655293.153.000) 2023-09-05 00:39:10 Image size of job updated: 584448
	571  -  MemoryUsage of job (MB)
	584448  -  ResidentSetSize of job (KB)
...
006 (13655293.153.000) 2023-09-05 00:44:10 Image size of job updated: 1175504
	953  -  MemoryUsage of job (MB)
	975020  -  ResidentSetSize of job (KB)
...
006 (13655293.153.000) 2023-09-05 00:49:10 Image size of job updated: 1175504
	982  -  MemoryUsage of job (MB)
	1005332  -  ResidentSetSize of job (KB)
...
006 (13655293.153.000) 2023-09-06 00:29:38 Image size of job updated: 1310504
	982  -  MemoryUsage of job (MB)
	1005332  -  ResidentSetSize of job (KB)
...
040 (13655293.153.000) 2023-09-06 00:29:39 Started transferring output files
...
040 (13655293.153.000) 2023-09-06 00:29:39 Finished transferring output files
...
005 (13655293.153.000) 2023-09-06 00:29:39 Job terminated.
	(1) Normal termination (return value 0)
		Usr 0 23:20:05, Sys 0 00:05:45  -  Run Remote Usage
		Usr 0 00:00:00, Sys 0 00:00:00  -  Run Local Usage
		Usr 0 23:20:05, Sys 0 00:05:45  -  Total Remote Usage
		Usr 0 00:00:00, Sys 0 00:00:00  -  Total Local Usage
	1309793  -  Run Bytes Sent By Job
	32652772  -  Run Bytes Received By Job
	1309793  -  Total Bytes Sent By Job
	32652772  -  Total Bytes Received By Job
	Partitionable Resources :     Usage  Request Allocated 
	   Cpus                 :      0.99        1         1 
	   Disk (KB)            : 274896      524288   1208198 
	   IoHeavy              :                            0 
	   Memory (MB)          :    982        4096      4096 

	Job terminated of its own accord at 2023-09-06T05:29:38Z with exit-code 0.
...
