000 (13655293.275.000) 2023-09-05 00:33:11 Job submitted from host: <128.104.101.92:9618?addrs=128.104.101.92-9618+[2607-f388-107c-501-a236-9fff-fe3c-caa8]-9618&alias=submit2.chtc.wisc.edu&noUDP&sock=schedd_1879732_618e>
...
040 (13655293.275.000) 2023-09-05 00:50:30 Started transferring input files
	Transferring to host: <128.105.69.208:9618?addrs=128.105.69.208-9618+[2607-f388-2200-100-eaeb-d3ff-fe3f-fbcc]-9618&alias=e2591.chtc.wisc.edu&noUDP&sock=slot1_37_50473_8b5e_73505>
...
001 (13655293.275.000) 2023-09-05 00:50:36 Job executing on host: <128.105.69.208:9618?addrs=128.105.69.208-9618+[2607-f388-2200-100-eaeb-d3ff-fe3f-fbcc]-9618&alias=e2591.chtc.wisc.edu&noUDP&sock=startd_18801_802c>
	SlotName: slot1_37@e2591.chtc.wisc.edu
	CondorScratchDir = "/var/lib/condor/execute/slot1/dir_2706302"
	Cpus = 1
	Disk = 1458998
	IoHeavy = 0
	Memory = 4096
...
040 (13655293.275.000) 2023-09-05 00:50:36 Finished transferring input files
...
006 (13655293.275.000) 2023-09-05 00:50:44 Image size of job updated: 582808
	570  -  MemoryUsage of job (MB)
	582808  -  ResidentSetSize of job (KB)
...
006 (13655293.275.000) 2023-09-05 00:55:44 Image size of job updated: 1171756
	958  -  MemoryUsage of job (MB)
	980776  -  ResidentSetSize of job (KB)
...
006 (13655293.275.000) 2023-09-05 01:00:45 Image size of job updated: 1171756
	978  -  MemoryUsage of job (MB)
	1000692  -  ResidentSetSize of job (KB)
...
006 (13655293.275.000) 2023-09-05 01:51:07 Image size of job updated: 1171756
	986  -  MemoryUsage of job (MB)
	1009148  -  ResidentSetSize of job (KB)
...
006 (13655293.275.000) 2023-09-05 02:30:54 Image size of job updated: 1171756
	986  -  MemoryUsage of job (MB)
	1009404  -  ResidentSetSize of job (KB)
...
006 (13655293.275.000) 2023-09-05 23:30:59 Image size of job updated: 1305432
	986  -  MemoryUsage of job (MB)
	1009404  -  ResidentSetSize of job (KB)
...
040 (13655293.275.000) 2023-09-05 23:30:59 Started transferring output files
...
040 (13655293.275.000) 2023-09-05 23:30:59 Finished transferring output files
...
005 (13655293.275.000) 2023-09-05 23:30:59 Job terminated.
	(1) Normal termination (return value 0)
		Usr 0 22:11:36, Sys 0 00:03:27  -  Run Remote Usage
		Usr 0 00:00:00, Sys 0 00:00:00  -  Run Local Usage
		Usr 0 22:11:36, Sys 0 00:03:27  -  Total Remote Usage
		Usr 0 00:00:00, Sys 0 00:00:00  -  Total Local Usage
	1309627  -  Run Bytes Sent By Job
	32652772  -  Run Bytes Received By Job
	1309627  -  Total Bytes Sent By Job
	32652772  -  Total Bytes Received By Job
	Partitionable Resources :     Usage  Request Allocated 
	   Cpus                 :      0.98        1         1 
	   Disk (KB)            : 274909      524288   1458998 
	   IoHeavy              :                            0 
	   Memory (MB)          :    986        4096      4096 

	Job terminated of its own accord at 2023-09-06T04:30:59Z with exit-code 0.
...
