000 (14312692.019.000) 2023-09-11 11:54:29 Job submitted from host: <128.104.101.92:9618?addrs=128.104.101.92-9618+[2607-f388-107c-501-a236-9fff-fe3c-caa8]-9618&alias=submit2.chtc.wisc.edu&noUDP&sock=schedd_1879732_618e>
...
040 (14312692.019.000) 2023-09-11 12:00:37 Started transferring input files
	Transferring to host: <128.105.69.123:9618?addrs=128.105.69.123-9618+[2607-f388-2200-100-1270-fdff-fe56-7324]-9618&alias=e4072.chtc.wisc.edu&noUDP&sock=slot1_134_22980_3d20_61649>
...
040 (14312692.019.000) 2023-09-11 12:00:39 Finished transferring input files
...
001 (14312692.019.000) 2023-09-11 12:00:42 Job executing on host: <128.105.69.123:9618?addrs=128.105.69.123-9618+[2607-f388-2200-100-1270-fdff-fe56-7324]-9618&alias=e4072.chtc.wisc.edu&noUDP&sock=startd_22844_a992>
	SlotName: slot1_134@e4072.chtc.wisc.edu
	CondorScratchDir = "/var/lib/condor/execute/slot1/dir_592458"
	Cpus = 1
	Disk = 1208198
	IoHeavy = 0
	Memory = 4096
...
006 (14312692.019.000) 2023-09-11 12:00:50 Image size of job updated: 540052
	528  -  MemoryUsage of job (MB)
	540052  -  ResidentSetSize of job (KB)
...
006 (14312692.019.000) 2023-09-11 12:03:52 Image size of job updated: 703332
	530  -  MemoryUsage of job (MB)
	542356  -  ResidentSetSize of job (KB)
...
040 (14312692.019.000) 2023-09-11 12:03:52 Started transferring output files
...
040 (14312692.019.000) 2023-09-11 12:03:52 Finished transferring output files
...
005 (14312692.019.000) 2023-09-11 12:03:52 Job terminated.
	(1) Normal termination (return value 0)
		Usr 0 00:03:02, Sys 0 00:00:03  -  Run Remote Usage
		Usr 0 00:00:00, Sys 0 00:00:00  -  Run Local Usage
		Usr 0 00:03:02, Sys 0 00:00:03  -  Total Remote Usage
		Usr 0 00:00:00, Sys 0 00:00:00  -  Total Local Usage
	162193  -  Run Bytes Sent By Job
	32720412  -  Run Bytes Received By Job
	162193  -  Total Bytes Sent By Job
	32720412  -  Total Bytes Received By Job
	Partitionable Resources :     Usage  Request Allocated 
	   Cpus                 :      0.98        1         1 
	   Disk (KB)            : 261325      524288   1208198 
	   IoHeavy              :                            0 
	   Memory (MB)          :    530        4096      4096 

	Job terminated of its own accord at 2023-09-11T17:03:52Z with exit-code 0.
...
