000 (13655293.193.000) 2023-09-05 00:33:11 Job submitted from host: <128.104.101.92:9618?addrs=128.104.101.92-9618+[2607-f388-107c-501-a236-9fff-fe3c-caa8]-9618&alias=submit2.chtc.wisc.edu&noUDP&sock=schedd_1879732_618e>
...
040 (13655293.193.000) 2023-09-05 00:43:20 Started transferring input files
	Transferring to host: <128.105.69.137:9618?addrs=128.105.69.137-9618+[2607-f388-2200-100-1270-fdff-fe56-d12c]-9618&alias=e4014.chtc.wisc.edu&noUDP&sock=slot1_13_1985361_2db7_51961>
...
040 (13655293.193.000) 2023-09-05 00:43:22 Finished transferring input files
...
001 (13655293.193.000) 2023-09-05 00:43:29 Job executing on host: <128.105.69.137:9618?addrs=128.105.69.137-9618+[2607-f388-2200-100-1270-fdff-fe56-d12c]-9618&alias=e4014.chtc.wisc.edu&noUDP&sock=startd_15862_9754>
	SlotName: slot1_13@e4014.chtc.wisc.edu
	CondorScratchDir = "/var/lib/condor/execute/slot1/dir_4049760"
	Cpus = 1
	Disk = 1208198
	IoHeavy = 0
	Memory = 4096
...
006 (13655293.193.000) 2023-09-05 00:43:37 Image size of job updated: 590024
	577  -  MemoryUsage of job (MB)
	590024  -  ResidentSetSize of job (KB)
...
006 (13655293.193.000) 2023-09-05 00:48:37 Image size of job updated: 1192016
	966  -  MemoryUsage of job (MB)
	988492  -  ResidentSetSize of job (KB)
...
006 (13655293.193.000) 2023-09-05 00:53:37 Image size of job updated: 1192016
	981  -  MemoryUsage of job (MB)
	1003940  -  ResidentSetSize of job (KB)
...
006 (13655293.193.000) 2023-09-05 01:13:40 Image size of job updated: 1192016
	983  -  MemoryUsage of job (MB)
	1006536  -  ResidentSetSize of job (KB)
...
006 (13655293.193.000) 2023-09-05 01:18:40 Image size of job updated: 1192016
	996  -  MemoryUsage of job (MB)
	1019412  -  ResidentSetSize of job (KB)
...
006 (13655293.193.000) 2023-09-05 02:18:48 Image size of job updated: 1192016
	996  -  MemoryUsage of job (MB)
	1019568  -  ResidentSetSize of job (KB)
...
006 (13655293.193.000) 2023-09-05 04:03:58 Image size of job updated: 1192016
	998  -  MemoryUsage of job (MB)
	1021768  -  ResidentSetSize of job (KB)
...
006 (13655293.193.000) 2023-09-05 05:39:09 Image size of job updated: 1192016
	998  -  MemoryUsage of job (MB)
	1021816  -  ResidentSetSize of job (KB)
...
006 (13655293.193.000) 2023-09-05 06:34:16 Image size of job updated: 1192016
	998  -  MemoryUsage of job (MB)
	1021820  -  ResidentSetSize of job (KB)
...
006 (13655293.193.000) 2023-09-05 07:34:21 Image size of job updated: 1192016
	998  -  MemoryUsage of job (MB)
	1021824  -  ResidentSetSize of job (KB)
...
006 (13655293.193.000) 2023-09-05 08:24:27 Image size of job updated: 1192016
	998  -  MemoryUsage of job (MB)
	1021832  -  ResidentSetSize of job (KB)
...
006 (13655293.193.000) 2023-09-05 09:29:34 Image size of job updated: 1192016
	999  -  MemoryUsage of job (MB)
	1022088  -  ResidentSetSize of job (KB)
...
006 (13655293.193.000) 2023-09-05 17:20:19 Image size of job updated: 1192016
	999  -  MemoryUsage of job (MB)
	1022232  -  ResidentSetSize of job (KB)
...
006 (13655293.193.000) 2023-09-05 17:40:22 Image size of job updated: 1192016
	999  -  MemoryUsage of job (MB)
	1022252  -  ResidentSetSize of job (KB)
...
006 (13655293.193.000) 2023-09-05 18:05:24 Image size of job updated: 1192016
	999  -  MemoryUsage of job (MB)
	1022276  -  ResidentSetSize of job (KB)
...
006 (13655293.193.000) 2023-09-05 18:10:24 Image size of job updated: 1192016
	999  -  MemoryUsage of job (MB)
	1022280  -  ResidentSetSize of job (KB)
...
006 (13655293.193.000) 2023-09-05 19:00:29 Image size of job updated: 1192016
	999  -  MemoryUsage of job (MB)
	1022296  -  ResidentSetSize of job (KB)
...
006 (13655293.193.000) 2023-09-05 20:50:40 Image size of job updated: 1192016
	999  -  MemoryUsage of job (MB)
	1022300  -  ResidentSetSize of job (KB)
...
006 (13655293.193.000) 2023-09-05 20:55:40 Image size of job updated: 1192016
	999  -  MemoryUsage of job (MB)
	1022316  -  ResidentSetSize of job (KB)
...
006 (13655293.193.000) 2023-09-05 21:05:41 Image size of job updated: 1192016
	999  -  MemoryUsage of job (MB)
	1022340  -  ResidentSetSize of job (KB)
...
006 (13655293.193.000) 2023-09-05 21:10:41 Image size of job updated: 1192016
	999  -  MemoryUsage of job (MB)
	1022348  -  ResidentSetSize of job (KB)
...
006 (13655293.193.000) 2023-09-05 21:20:42 Image size of job updated: 1192016
	999  -  MemoryUsage of job (MB)
	1022384  -  ResidentSetSize of job (KB)
...
006 (13655293.193.000) 2023-09-05 21:30:43 Image size of job updated: 1192016
	999  -  MemoryUsage of job (MB)
	1022412  -  ResidentSetSize of job (KB)
...
006 (13655293.193.000) 2023-09-05 21:45:44 Image size of job updated: 1192016
	999  -  MemoryUsage of job (MB)
	1022460  -  ResidentSetSize of job (KB)
...
006 (13655293.193.000) 2023-09-05 21:50:44 Image size of job updated: 1192016
	999  -  MemoryUsage of job (MB)
	1022524  -  ResidentSetSize of job (KB)
...
006 (13655293.193.000) 2023-09-05 21:55:45 Image size of job updated: 1192016
	999  -  MemoryUsage of job (MB)
	1022548  -  ResidentSetSize of job (KB)
...
006 (13655293.193.000) 2023-09-05 22:00:45 Image size of job updated: 1192016
	999  -  MemoryUsage of job (MB)
	1022576  -  ResidentSetSize of job (KB)
...
006 (13655293.193.000) 2023-09-05 22:05:46 Image size of job updated: 1192016
	999  -  MemoryUsage of job (MB)
	1022608  -  ResidentSetSize of job (KB)
...
006 (13655293.193.000) 2023-09-05 22:10:46 Image size of job updated: 1192016
	999  -  MemoryUsage of job (MB)
	1022616  -  ResidentSetSize of job (KB)
...
006 (13655293.193.000) 2023-09-05 22:15:46 Image size of job updated: 1192016
	999  -  MemoryUsage of job (MB)
	1022660  -  ResidentSetSize of job (KB)
...
006 (13655293.193.000) 2023-09-05 22:25:47 Image size of job updated: 1192016
	999  -  MemoryUsage of job (MB)
	1022700  -  ResidentSetSize of job (KB)
...
006 (13655293.193.000) 2023-09-05 22:27:10 Image size of job updated: 1319660
	999  -  MemoryUsage of job (MB)
	1022700  -  ResidentSetSize of job (KB)
...
040 (13655293.193.000) 2023-09-05 22:27:10 Started transferring output files
...
040 (13655293.193.000) 2023-09-05 22:27:10 Finished transferring output files
...
005 (13655293.193.000) 2023-09-05 22:27:12 Job terminated.
	(1) Normal termination (return value 0)
		Usr 0 21:19:44, Sys 0 00:04:37  -  Run Remote Usage
		Usr 0 00:00:00, Sys 0 00:00:00  -  Run Local Usage
		Usr 0 21:19:44, Sys 0 00:04:37  -  Total Remote Usage
		Usr 0 00:00:00, Sys 0 00:00:00  -  Total Local Usage
	1309667  -  Run Bytes Sent By Job
	32652772  -  Run Bytes Received By Job
	1309667  -  Total Bytes Sent By Job
	32652772  -  Total Bytes Received By Job
	Partitionable Resources :     Usage  Request Allocated 
	   Cpus                 :      0.98        1         1 
	   Disk (KB)            : 274911      524288   1208198 
	   IoHeavy              :                            0 
	   Memory (MB)          :    999        4096      4096 

	Job terminated of its own accord at 2023-09-06T03:27:10Z with exit-code 0.
...
