000 (13655293.019.000) 2023-09-05 00:33:11 Job submitted from host: <128.104.101.92:9618?addrs=128.104.101.92-9618+[2607-f388-107c-501-a236-9fff-fe3c-caa8]-9618&alias=submit2.chtc.wisc.edu&noUDP&sock=schedd_1879732_618e>
...
040 (13655293.019.000) 2023-09-05 00:36:05 Started transferring input files
	Transferring to host: <128.105.69.224:9618?addrs=128.105.69.224-9618+[2607-f388-2200-100-eaeb-d3ff-fe40-1574]-9618&alias=e2607.chtc.wisc.edu&noUDP&sock=slot1_37_1087982_7e0c_42243>
...
040 (13655293.019.000) 2023-09-05 00:36:07 Finished transferring input files
...
001 (13655293.019.000) 2023-09-05 00:36:09 Job executing on host: <128.105.69.224:9618?addrs=128.105.69.224-9618+[2607-f388-2200-100-eaeb-d3ff-fe40-1574]-9618&alias=e2607.chtc.wisc.edu&noUDP&sock=startd_11673_491a>
	SlotName: slot1_37@e2607.chtc.wisc.edu
	CondorScratchDir = "/var/lib/condor/execute/slot1/dir_2320306"
	Cpus = 1
	Disk = 1458998
	IoHeavy = 0
	Memory = 4096
...
006 (13655293.019.000) 2023-09-05 00:36:17 Image size of job updated: 565256
	553  -  MemoryUsage of job (MB)
	565256  -  ResidentSetSize of job (KB)
...
006 (13655293.019.000) 2023-09-05 00:41:17 Image size of job updated: 1176200
	875  -  MemoryUsage of job (MB)
	895808  -  ResidentSetSize of job (KB)
...
006 (13655293.019.000) 2023-09-05 00:46:18 Image size of job updated: 1176200
	964  -  MemoryUsage of job (MB)
	986944  -  ResidentSetSize of job (KB)
...
006 (13655293.019.000) 2023-09-05 00:51:18 Image size of job updated: 1176200
	971  -  MemoryUsage of job (MB)
	994112  -  ResidentSetSize of job (KB)
...
006 (13655293.019.000) 2023-09-05 01:01:19 Image size of job updated: 1176200
	976  -  MemoryUsage of job (MB)
	998720  -  ResidentSetSize of job (KB)
...
006 (13655293.019.000) 2023-09-05 01:16:21 Image size of job updated: 1176200
	978  -  MemoryUsage of job (MB)
	1001280  -  ResidentSetSize of job (KB)
...
006 (13655293.019.000) 2023-09-05 01:21:21 Image size of job updated: 1176200
	981  -  MemoryUsage of job (MB)
	1003584  -  ResidentSetSize of job (KB)
...
006 (13655293.019.000) 2023-09-05 02:21:28 Image size of job updated: 1176200
	981  -  MemoryUsage of job (MB)
	1004432  -  ResidentSetSize of job (KB)
...
006 (13655293.019.000) 2023-09-05 02:26:28 Image size of job updated: 1176200
	981  -  MemoryUsage of job (MB)
	1004544  -  ResidentSetSize of job (KB)
...
006 (13655293.019.000) 2023-09-05 03:46:36 Image size of job updated: 1176200
	988  -  MemoryUsage of job (MB)
	1011460  -  ResidentSetSize of job (KB)
...
006 (13655293.019.000) 2023-09-05 04:31:41 Image size of job updated: 1176200
	988  -  MemoryUsage of job (MB)
	1011496  -  ResidentSetSize of job (KB)
...
006 (13655293.019.000) 2023-09-06 00:47:22 Image size of job updated: 1304772
	988  -  MemoryUsage of job (MB)
	1011496  -  ResidentSetSize of job (KB)
...
040 (13655293.019.000) 2023-09-06 00:47:22 Started transferring output files
...
040 (13655293.019.000) 2023-09-06 00:47:22 Finished transferring output files
...
005 (13655293.019.000) 2023-09-06 00:47:22 Job terminated.
	(1) Normal termination (return value 0)
		Usr 0 23:47:36, Sys 0 00:04:28  -  Run Remote Usage
		Usr 0 00:00:00, Sys 0 00:00:00  -  Run Local Usage
		Usr 0 23:47:36, Sys 0 00:04:28  -  Total Remote Usage
		Usr 0 00:00:00, Sys 0 00:00:00  -  Total Local Usage
	1309629  -  Run Bytes Sent By Job
	32652772  -  Run Bytes Received By Job
	1309629  -  Total Bytes Sent By Job
	32652772  -  Total Bytes Received By Job
	Partitionable Resources :     Usage  Request Allocated 
	   Cpus                 :      0.99        1         1 
	   Disk (KB)            : 274899      524288   1458998 
	   IoHeavy              :                            0 
	   Memory (MB)          :    988        4096      4096 

	Job terminated of its own accord at 2023-09-06T05:47:22Z with exit-code 0.
...
