000 (14269004.024.000) 2023-09-11 03:23:01 Job submitted from host: <128.104.101.92:9618?addrs=128.104.101.92-9618+[2607-f388-107c-501-a236-9fff-fe3c-caa8]-9618&alias=submit2.chtc.wisc.edu&noUDP&sock=schedd_1879732_618e>
...
040 (14269004.024.000) 2023-09-11 03:27:01 Started transferring input files
	Transferring to host: <128.105.69.206:9618?addrs=128.105.69.206-9618+[2607-f388-2200-100-eaeb-d3ff-fe40-2844]-9618&alias=e2589.chtc.wisc.edu&noUDP&sock=slot1_7_113147_0c12_97664>
...
040 (14269004.024.000) 2023-09-11 03:27:03 Finished transferring input files
...
001 (14269004.024.000) 2023-09-11 03:27:04 Job executing on host: <128.105.69.206:9618?addrs=128.105.69.206-9618+[2607-f388-2200-100-eaeb-d3ff-fe40-2844]-9618&alias=e2589.chtc.wisc.edu&noUDP&sock=startd_18780_18af>
	SlotName: slot1_7@e2589.chtc.wisc.edu
	CondorScratchDir = "/var/lib/condor/execute/slot1/dir_3677621"
	Cpus = 1
	Disk = 1458998
	IoHeavy = 0
	Memory = 4096
...
006 (14269004.024.000) 2023-09-11 03:27:12 Image size of job updated: 379028
	271  -  MemoryUsage of job (MB)
	277272  -  ResidentSetSize of job (KB)
...
040 (14269004.024.000) 2023-09-11 03:31:14 Started transferring output files
...
040 (14269004.024.000) 2023-09-11 03:31:14 Finished transferring output files
...
005 (14269004.024.000) 2023-09-11 03:31:14 Job terminated.
	(1) Normal termination (return value 0)
		Usr 0 00:04:03, Sys 0 00:00:01  -  Run Remote Usage
		Usr 0 00:00:00, Sys 0 00:00:00  -  Run Local Usage
		Usr 0 00:04:03, Sys 0 00:00:01  -  Total Remote Usage
		Usr 0 00:00:00, Sys 0 00:00:00  -  Total Local Usage
	172579  -  Run Bytes Sent By Job
	32664898  -  Run Bytes Received By Job
	172579  -  Total Bytes Sent By Job
	32664898  -  Total Bytes Received By Job
	Partitionable Resources :     Usage  Request Allocated 
	   Cpus                 :      0.99        1         1 
	   Disk (KB)            : 255082      524288   1458998 
	   IoHeavy              :                            0 
	   Memory (MB)          :    271        4096      4096 

	Job terminated of its own accord at 2023-09-11T08:31:14Z with exit-code 0.
...
