000 (14268886.044.000) 2023-09-11 03:21:39 Job submitted from host: <128.104.101.92:9618?addrs=128.104.101.92-9618+[2607-f388-107c-501-a236-9fff-fe3c-caa8]-9618&alias=submit2.chtc.wisc.edu&noUDP&sock=schedd_1879732_618e>
...
040 (14268886.044.000) 2023-09-11 03:23:34 Started transferring input files
	Transferring to host: <128.105.69.227:9618?addrs=128.105.69.227-9618+[2607-f388-2200-100-eaeb-d3ff-fe40-155c]-9618&alias=e2610.chtc.wisc.edu&noUDP&sock=slot1_10_51514_05e8_91040>
...
040 (14268886.044.000) 2023-09-11 03:23:37 Finished transferring input files
...
001 (14268886.044.000) 2023-09-11 03:23:38 Job executing on host: <128.105.69.227:9618?addrs=128.105.69.227-9618+[2607-f388-2200-100-eaeb-d3ff-fe40-155c]-9618&alias=e2610.chtc.wisc.edu&noUDP&sock=startd_18808_4d56>
	SlotName: slot1_10@e2610.chtc.wisc.edu
	CondorScratchDir = "/var/lib/condor/execute/slot1/dir_674491"
	Cpus = 1
	Disk = 1458998
	IoHeavy = 0
	Memory = 4096
...
006 (14268886.044.000) 2023-09-11 03:23:46 Image size of job updated: 393772
	385  -  MemoryUsage of job (MB)
	393772  -  ResidentSetSize of job (KB)
...
006 (14268886.044.000) 2023-09-11 03:27:09 Image size of job updated: 726644
	386  -  MemoryUsage of job (MB)
	395200  -  ResidentSetSize of job (KB)
...
040 (14268886.044.000) 2023-09-11 03:27:09 Started transferring output files
...
040 (14268886.044.000) 2023-09-11 03:27:09 Finished transferring output files
...
005 (14268886.044.000) 2023-09-11 03:27:09 Job terminated.
	(1) Normal termination (return value 0)
		Usr 0 00:03:19, Sys 0 00:00:07  -  Run Remote Usage
		Usr 0 00:00:00, Sys 0 00:00:00  -  Run Local Usage
		Usr 0 00:03:19, Sys 0 00:00:07  -  Total Remote Usage
		Usr 0 00:00:00, Sys 0 00:00:00  -  Total Local Usage
	117276  -  Run Bytes Sent By Job
	32720416  -  Run Bytes Received By Job
	117276  -  Total Bytes Sent By Job
	32720416  -  Total Bytes Received By Job
	Partitionable Resources :    Usage  Request Allocated 
	   Cpus                 :                 1         1 
	   Disk (KB)            :   261273   524288   1458998 
	   IoHeavy              :                           0 
	   Memory (MB)          :      386     4096      4096 

	Job terminated of its own accord at 2023-09-11T08:27:09Z with exit-code 0.
...
