000 (13654438.013.000) 2023-09-05 00:29:54 Job submitted from host: <128.104.101.92:9618?addrs=128.104.101.92-9618+[2607-f388-107c-501-a236-9fff-fe3c-caa8]-9618&alias=submit2.chtc.wisc.edu&noUDP&sock=schedd_1879732_618e>
...
040 (13654438.013.000) 2023-09-05 00:30:32 Started transferring input files
	Transferring to host: <128.105.69.191:9618?addrs=128.105.69.191-9618+[2607-f388-2200-100-1270-fdff-fe56-3d4c]-9618&alias=e4044.chtc.wisc.edu&noUDP&sock=slot1_45_852826_d131_11525>
...
040 (13654438.013.000) 2023-09-05 00:30:34 Finished transferring input files
...
001 (13654438.013.000) 2023-09-05 00:30:35 Job executing on host: <128.105.69.191:9618?addrs=128.105.69.191-9618+[2607-f388-2200-100-1270-fdff-fe56-3d4c]-9618&alias=e4044.chtc.wisc.edu&noUDP&sock=startd_16542_03ba>
	SlotName: slot1_45@e4044.chtc.wisc.edu
	CondorScratchDir = "/var/lib/condor/execute/slot1/dir_2500642"
	Cpus = 1
	Disk = 1208198
	IoHeavy = 0
	Memory = 4096
...
006 (13654438.013.000) 2023-09-05 00:30:43 Image size of job updated: 581792
	569  -  MemoryUsage of job (MB)
	581788  -  ResidentSetSize of job (KB)
...
006 (13654438.013.000) 2023-09-05 00:30:56 Image size of job updated: 703364
	569  -  MemoryUsage of job (MB)
	582300  -  ResidentSetSize of job (KB)
...
004 (13654438.013.000) 2023-09-05 00:30:56 Job was evicted.
	(0) CPU times
		Usr 0 00:00:17, Sys 0 00:00:01  -  Run Remote Usage
		Usr 0 00:00:00, Sys 0 00:00:00  -  Run Local Usage
	0  -  Run Bytes Sent By Job
	32651174  -  Run Bytes Received By Job
	Partitionable Resources :     Usage  Request Allocated 
	   Cpus                 :      0.02        1         1 
	   Disk (KB)            : 268336      524288   1208198 
	   IoHeavy              :                            0 
	   Memory (MB)          :    569        4096      4096 
...
009 (13654438.013.000) 2023-09-05 00:30:56 Job was aborted.
	via condor_rm (by user mzheng54)
...
