000 (13655293.271.000) 2023-09-05 00:33:11 Job submitted from host: <128.104.101.92:9618?addrs=128.104.101.92-9618+[2607-f388-107c-501-a236-9fff-fe3c-caa8]-9618&alias=submit2.chtc.wisc.edu&noUDP&sock=schedd_1879732_618e>
...
040 (13655293.271.000) 2023-09-05 00:49:50 Started transferring input files
	Transferring to host: <128.105.69.140:9618?addrs=128.105.69.140-9618+[2607-f388-2200-100-1270-fdff-fe56-ca7c]-9618&alias=e4017.chtc.wisc.edu&noUDP&sock=slot1_18_2319050_4418_53282>
...
040 (13655293.271.000) 2023-09-05 00:49:51 Finished transferring input files
...
001 (13655293.271.000) 2023-09-05 00:50:12 Job executing on host: <128.105.69.140:9618?addrs=128.105.69.140-9618+[2607-f388-2200-100-1270-fdff-fe56-ca7c]-9618&alias=e4017.chtc.wisc.edu&noUDP&sock=startd_11656_9ffe>
	SlotName: slot1_18@e4017.chtc.wisc.edu
	CondorScratchDir = "/var/lib/condor/execute/slot1/dir_3417681"
	Cpus = 1
	Disk = 1208198
	IoHeavy = 0
	Memory = 4096
...
006 (13655293.271.000) 2023-09-05 00:50:21 Image size of job updated: 665828
	651  -  MemoryUsage of job (MB)
	665828  -  ResidentSetSize of job (KB)
...
006 (13655293.271.000) 2023-09-05 00:55:22 Image size of job updated: 1217748
	1002  -  MemoryUsage of job (MB)
	1025748  -  ResidentSetSize of job (KB)
...
006 (13655293.271.000) 2023-09-05 01:00:22 Image size of job updated: 1217748
	1004  -  MemoryUsage of job (MB)
	1028052  -  ResidentSetSize of job (KB)
...
006 (13655293.271.000) 2023-09-05 01:05:23 Image size of job updated: 1217748
	1008  -  MemoryUsage of job (MB)
	1031852  -  ResidentSetSize of job (KB)
...
006 (13655293.271.000) 2023-09-05 01:10:24 Image size of job updated: 1217748
	1015  -  MemoryUsage of job (MB)
	1039304  -  ResidentSetSize of job (KB)
...
006 (13655293.271.000) 2023-09-05 01:30:26 Image size of job updated: 1217748
	1020  -  MemoryUsage of job (MB)
	1043656  -  ResidentSetSize of job (KB)
...
006 (13655293.271.000) 2023-09-05 02:50:35 Image size of job updated: 1217748
	1021  -  MemoryUsage of job (MB)
	1044676  -  ResidentSetSize of job (KB)
...
006 (13655293.271.000) 2023-09-05 17:25:58 Image size of job updated: 1325916
	1021  -  MemoryUsage of job (MB)
	1044676  -  ResidentSetSize of job (KB)
...
040 (13655293.271.000) 2023-09-05 17:25:58 Started transferring output files
...
040 (13655293.271.000) 2023-09-05 17:25:58 Finished transferring output files
...
005 (13655293.271.000) 2023-09-05 17:25:58 Job terminated.
	(1) Normal termination (return value 0)
		Usr 0 16:22:57, Sys 0 00:01:24  -  Run Remote Usage
		Usr 0 00:00:00, Sys 0 00:00:00  -  Run Local Usage
		Usr 0 16:22:57, Sys 0 00:01:24  -  Total Remote Usage
		Usr 0 00:00:00, Sys 0 00:00:00  -  Total Local Usage
	1309571  -  Run Bytes Sent By Job
	32652772  -  Run Bytes Received By Job
	1309571  -  Total Bytes Sent By Job
	32652772  -  Total Bytes Received By Job
	Partitionable Resources :     Usage  Request Allocated 
	   Cpus                 :      0.98        1         1 
	   Disk (KB)            : 274881      524288   1208198 
	   IoHeavy              :                            0 
	   Memory (MB)          :   1021        4096      4096 

	Job terminated of its own accord at 2023-09-05T22:25:58Z with exit-code 0.
...
