000 (13655293.021.000) 2023-09-05 00:33:11 Job submitted from host: <128.104.101.92:9618?addrs=128.104.101.92-9618+[2607-f388-107c-501-a236-9fff-fe3c-caa8]-9618&alias=submit2.chtc.wisc.edu&noUDP&sock=schedd_1879732_618e>
...
040 (13655293.021.000) 2023-09-05 00:36:06 Started transferring input files
	Transferring to host: <128.105.69.133:9618?addrs=128.105.69.133-9618+[2607-f388-2200-100-1270-fdff-fe56-70f4]-9618&alias=e4082.chtc.wisc.edu&noUDP&sock=slot1_96_1695302_5f84_51890>
...
040 (13655293.021.000) 2023-09-05 00:36:07 Finished transferring input files
...
001 (13655293.021.000) 2023-09-05 00:36:09 Job executing on host: <128.105.69.133:9618?addrs=128.105.69.133-9618+[2607-f388-2200-100-1270-fdff-fe56-70f4]-9618&alias=e4082.chtc.wisc.edu&noUDP&sock=startd_11675_a84a>
	SlotName: slot1_96@e4082.chtc.wisc.edu
	CondorScratchDir = "/var/lib/condor/execute/slot1/dir_3255299"
	Cpus = 1
	Disk = 1208198
	IoHeavy = 0
	Memory = 4096
...
006 (13655293.021.000) 2023-09-05 00:36:18 Image size of job updated: 595452
	582  -  MemoryUsage of job (MB)
	595452  -  ResidentSetSize of job (KB)
...
006 (13655293.021.000) 2023-09-05 00:41:19 Image size of job updated: 1181588
	962  -  MemoryUsage of job (MB)
	984288  -  ResidentSetSize of job (KB)
...
006 (13655293.021.000) 2023-09-05 00:46:19 Image size of job updated: 1181588
	981  -  MemoryUsage of job (MB)
	1003772  -  ResidentSetSize of job (KB)
...
006 (13655293.021.000) 2023-09-05 01:11:23 Image size of job updated: 1181588
	981  -  MemoryUsage of job (MB)
	1003804  -  ResidentSetSize of job (KB)
...
006 (13655293.021.000) 2023-09-05 02:16:29 Image size of job updated: 1181588
	982  -  MemoryUsage of job (MB)
	1005060  -  ResidentSetSize of job (KB)
...
006 (13655293.021.000) 2023-09-05 02:41:32 Image size of job updated: 1181588
	983  -  MemoryUsage of job (MB)
	1006056  -  ResidentSetSize of job (KB)
...
006 (13655293.021.000) 2023-09-06 03:05:51 Image size of job updated: 1305548
	983  -  MemoryUsage of job (MB)
	1006056  -  ResidentSetSize of job (KB)
...
040 (13655293.021.000) 2023-09-06 03:05:51 Started transferring output files
...
040 (13655293.021.000) 2023-09-06 03:05:51 Finished transferring output files
...
005 (13655293.021.000) 2023-09-06 03:05:51 Job terminated.
	(1) Normal termination (return value 0)
		Usr 1 02:00:51, Sys 0 00:06:48  -  Run Remote Usage
		Usr 0 00:00:00, Sys 0 00:00:00  -  Run Local Usage
		Usr 1 02:00:51, Sys 0 00:06:48  -  Total Remote Usage
		Usr 0 00:00:00, Sys 0 00:00:00  -  Total Local Usage
	1309494  -  Run Bytes Sent By Job
	32652772  -  Run Bytes Received By Job
	1309494  -  Total Bytes Sent By Job
	32652772  -  Total Bytes Received By Job
	Partitionable Resources :     Usage  Request Allocated 
	   Cpus                 :      0.99        1         1 
	   Disk (KB)            : 274912      524288   1208198 
	   IoHeavy              :                            0 
	   Memory (MB)          :    983        4096      4096 

	Job terminated of its own accord at 2023-09-06T08:05:51Z with exit-code 0.
...
