000 (13655293.157.000) 2023-09-05 00:33:11 Job submitted from host: <128.104.101.92:9618?addrs=128.104.101.92-9618+[2607-f388-107c-501-a236-9fff-fe3c-caa8]-9618&alias=submit2.chtc.wisc.edu&noUDP&sock=schedd_1879732_618e>
...
040 (13655293.157.000) 2023-09-05 00:40:20 Started transferring input files
	Transferring to host: <128.105.69.228:9618?addrs=128.105.69.228-9618+[2607-f388-2200-100-eaeb-d3ff-fe40-1124]-9618&alias=e2611.chtc.wisc.edu&noUDP&sock=slot1_62_233899_c141_60345>
...
040 (13655293.157.000) 2023-09-05 00:40:22 Finished transferring input files
...
001 (13655293.157.000) 2023-09-05 00:40:23 Job executing on host: <128.105.69.228:9618?addrs=128.105.69.228-9618+[2607-f388-2200-100-eaeb-d3ff-fe40-1124]-9618&alias=e2611.chtc.wisc.edu&noUDP&sock=startd_18798_7163>
	SlotName: slot1_62@e2611.chtc.wisc.edu
	CondorScratchDir = "/var/lib/condor/execute/slot1/dir_1023106"
	Cpus = 1
	Disk = 1458998
	IoHeavy = 0
	Memory = 4096
...
006 (13655293.157.000) 2023-09-05 00:40:32 Image size of job updated: 697444
	682  -  MemoryUsage of job (MB)
	697444  -  ResidentSetSize of job (KB)
...
006 (13655293.157.000) 2023-09-05 00:45:33 Image size of job updated: 1286848
	1051  -  MemoryUsage of job (MB)
	1075576  -  ResidentSetSize of job (KB)
...
006 (13655293.157.000) 2023-09-05 00:50:33 Image size of job updated: 1286848
	1071  -  MemoryUsage of job (MB)
	1096284  -  ResidentSetSize of job (KB)
...
006 (13655293.157.000) 2023-09-05 00:55:41 Image size of job updated: 1286848
	1073  -  MemoryUsage of job (MB)
	1098728  -  ResidentSetSize of job (KB)
...
006 (13655293.157.000) 2023-09-05 01:00:34 Image size of job updated: 1286848
	1085  -  MemoryUsage of job (MB)
	1110412  -  ResidentSetSize of job (KB)
...
006 (13655293.157.000) 2023-09-05 01:40:38 Image size of job updated: 1286848
	1088  -  MemoryUsage of job (MB)
	1114100  -  ResidentSetSize of job (KB)
...
006 (13655293.157.000) 2023-09-05 02:10:42 Image size of job updated: 1286848
	1089  -  MemoryUsage of job (MB)
	1114216  -  ResidentSetSize of job (KB)
...
006 (13655293.157.000) 2023-09-05 03:00:47 Image size of job updated: 1286848
	1092  -  MemoryUsage of job (MB)
	1117500  -  ResidentSetSize of job (KB)
...
006 (13655293.157.000) 2023-09-05 21:40:38 Image size of job updated: 1363736
	1092  -  MemoryUsage of job (MB)
	1117500  -  ResidentSetSize of job (KB)
...
040 (13655293.157.000) 2023-09-05 21:40:38 Started transferring output files
...
040 (13655293.157.000) 2023-09-05 21:40:38 Finished transferring output files
...
005 (13655293.157.000) 2023-09-05 21:40:38 Job terminated.
	(1) Normal termination (return value 0)
		Usr 0 20:32:39, Sys 0 00:07:44  -  Run Remote Usage
		Usr 0 00:00:00, Sys 0 00:00:00  -  Run Local Usage
		Usr 0 20:32:39, Sys 0 00:07:44  -  Total Remote Usage
		Usr 0 00:00:00, Sys 0 00:00:00  -  Total Local Usage
	1309508  -  Run Bytes Sent By Job
	32652772  -  Run Bytes Received By Job
	1309508  -  Total Bytes Sent By Job
	32652772  -  Total Bytes Received By Job
	Partitionable Resources :     Usage  Request Allocated 
	   Cpus                 :      1.00        1         1 
	   Disk (KB)            : 274881      524288   1458998 
	   IoHeavy              :                            0 
	   Memory (MB)          :   1092        4096      4096 

	Job terminated of its own accord at 2023-09-06T02:40:38Z with exit-code 0.
...
