000 (13655293.219.000) 2023-09-05 00:33:11 Job submitted from host: <128.104.101.92:9618?addrs=128.104.101.92-9618+[2607-f388-107c-501-a236-9fff-fe3c-caa8]-9618&alias=submit2.chtc.wisc.edu&noUDP&sock=schedd_1879732_618e>
...
040 (13655293.219.000) 2023-09-05 00:45:45 Started transferring input files
	Transferring to host: <128.105.69.214:9618?addrs=128.105.69.214-9618+[2607-f388-2200-100-eaeb-d3ff-fe3f-fbf4]-9618&alias=e2597.chtc.wisc.edu&noUDP&sock=slot1_51_1690718_87ca_60942>
...
040 (13655293.219.000) 2023-09-05 00:45:47 Finished transferring input files
...
001 (13655293.219.000) 2023-09-05 00:45:49 Job executing on host: <128.105.69.214:9618?addrs=128.105.69.214-9618+[2607-f388-2200-100-eaeb-d3ff-fe3f-fbf4]-9618&alias=e2597.chtc.wisc.edu&noUDP&sock=startd_18862_5773>
	SlotName: slot1_51@e2597.chtc.wisc.edu
	CondorScratchDir = "/var/lib/condor/execute/slot1/dir_1522337"
	Cpus = 1
	Disk = 1458998
	IoHeavy = 0
	Memory = 4096
...
006 (13655293.219.000) 2023-09-05 00:45:57 Image size of job updated: 675244
	660  -  MemoryUsage of job (MB)
	675244  -  ResidentSetSize of job (KB)
...
006 (13655293.219.000) 2023-09-05 00:50:57 Image size of job updated: 1269024
	1240  -  MemoryUsage of job (MB)
	1269020  -  ResidentSetSize of job (KB)
...
006 (13655293.219.000) 2023-09-05 00:55:59 Image size of job updated: 1284116
	1240  -  MemoryUsage of job (MB)
	1269020  -  ResidentSetSize of job (KB)
...
006 (13655293.219.000) 2023-09-05 21:59:11 Image size of job updated: 1409988
	1240  -  MemoryUsage of job (MB)
	1269020  -  ResidentSetSize of job (KB)
...
040 (13655293.219.000) 2023-09-05 21:59:11 Started transferring output files
...
040 (13655293.219.000) 2023-09-05 21:59:11 Finished transferring output files
...
005 (13655293.219.000) 2023-09-05 21:59:11 Job terminated.
	(1) Normal termination (return value 0)
		Usr 0 20:48:43, Sys 0 00:03:25  -  Run Remote Usage
		Usr 0 00:00:00, Sys 0 00:00:00  -  Run Local Usage
		Usr 0 20:48:43, Sys 0 00:03:25  -  Total Remote Usage
		Usr 0 00:00:00, Sys 0 00:00:00  -  Total Local Usage
	1309315  -  Run Bytes Sent By Job
	32652772  -  Run Bytes Received By Job
	1309315  -  Total Bytes Sent By Job
	32652772  -  Total Bytes Received By Job
	Partitionable Resources :     Usage  Request Allocated 
	   Cpus                 :      1.00        1         1 
	   Disk (KB)            : 274909      524288   1458998 
	   IoHeavy              :                            0 
	   Memory (MB)          :   1240        4096      4096 

	Job terminated of its own accord at 2023-09-06T02:59:11Z with exit-code 0.
...
