000 (13655293.250.000) 2023-09-05 00:33:11 Job submitted from host: <128.104.101.92:9618?addrs=128.104.101.92-9618+[2607-f388-107c-501-a236-9fff-fe3c-caa8]-9618&alias=submit2.chtc.wisc.edu&noUDP&sock=schedd_1879732_618e>
...
040 (13655293.250.000) 2023-09-05 00:46:52 Started transferring input files
	Transferring to host: <128.105.69.127:9618?addrs=128.105.69.127-9618+[2607-f388-2200-100-1270-fdff-fe56-6744]-9618&alias=e4076.chtc.wisc.edu&noUDP&sock=slot1_48_23231_174a_12778>
...
001 (13655293.250.000) 2023-09-05 00:47:12 Job executing on host: <128.105.69.127:9618?addrs=128.105.69.127-9618+[2607-f388-2200-100-1270-fdff-fe56-6744]-9618&alias=e4076.chtc.wisc.edu&noUDP&sock=startd_23093_74a7>
	SlotName: slot1_48@e4076.chtc.wisc.edu
	CondorScratchDir = "/var/lib/condor/execute/slot1/dir_2347956"
	Cpus = 1
	Disk = 1208198
	IoHeavy = 0
	Memory = 4096
...
040 (13655293.250.000) 2023-09-05 00:47:12 Finished transferring input files
...
006 (13655293.250.000) 2023-09-05 00:47:21 Image size of job updated: 648924
	634  -  MemoryUsage of job (MB)
	648920  -  ResidentSetSize of job (KB)
...
006 (13655293.250.000) 2023-09-05 00:52:22 Image size of job updated: 1268780
	1233  -  MemoryUsage of job (MB)
	1262020  -  ResidentSetSize of job (KB)
...
006 (13655293.250.000) 2023-09-05 00:57:23 Image size of job updated: 1287568
	1233  -  MemoryUsage of job (MB)
	1262020  -  ResidentSetSize of job (KB)
...
006 (13655293.250.000) 2023-09-06 02:13:14 Image size of job updated: 1389648
	1233  -  MemoryUsage of job (MB)
	1262020  -  ResidentSetSize of job (KB)
...
040 (13655293.250.000) 2023-09-06 02:13:14 Started transferring output files
...
040 (13655293.250.000) 2023-09-06 02:13:14 Finished transferring output files
...
005 (13655293.250.000) 2023-09-06 02:13:14 Job terminated.
	(1) Normal termination (return value 0)
		Usr 1 00:51:15, Sys 0 00:08:02  -  Run Remote Usage
		Usr 0 00:00:00, Sys 0 00:00:00  -  Run Local Usage
		Usr 1 00:51:15, Sys 0 00:08:02  -  Total Remote Usage
		Usr 0 00:00:00, Sys 0 00:00:00  -  Total Local Usage
	1309298  -  Run Bytes Sent By Job
	32652772  -  Run Bytes Received By Job
	1309298  -  Total Bytes Sent By Job
	32652772  -  Total Bytes Received By Job
	Partitionable Resources :     Usage  Request Allocated 
	   Cpus                 :      0.98        1         1 
	   Disk (KB)            : 274903      524288   1208198 
	   IoHeavy              :                            0 
	   Memory (MB)          :   1233        4096      4096 

	Job terminated of its own accord at 2023-09-06T07:13:14Z with exit-code 0.
...
