000 (13655293.373.000) 2023-09-05 00:33:11 Job submitted from host: <128.104.101.92:9618?addrs=128.104.101.92-9618+[2607-f388-107c-501-a236-9fff-fe3c-caa8]-9618&alias=submit2.chtc.wisc.edu&noUDP&sock=schedd_1879732_618e>
...
040 (13655293.373.000) 2023-09-05 00:56:07 Started transferring input files
	Transferring to host: <128.105.69.236:9618?addrs=128.105.69.236-9618+[2607-f388-2200-100-eaeb-d3ff-fe40-2044]-9618&alias=e2619.chtc.wisc.edu&noUDP&sock=slot1_7_238428_d859_58465>
...
001 (13655293.373.000) 2023-09-05 00:58:41 Job executing on host: <128.105.69.236:9618?addrs=128.105.69.236-9618+[2607-f388-2200-100-eaeb-d3ff-fe40-2044]-9618&alias=e2619.chtc.wisc.edu&noUDP&sock=startd_18724_af61>
	SlotName: slot1_7@e2619.chtc.wisc.edu
	CondorScratchDir = "/var/lib/condor/execute/slot1/dir_593467"
	Cpus = 1
	Disk = 1458998
	IoHeavy = 0
	Memory = 4096
...
040 (13655293.373.000) 2023-09-05 00:58:41 Finished transferring input files
...
006 (13655293.373.000) 2023-09-05 00:58:49 Image size of job updated: 548476
	536  -  MemoryUsage of job (MB)
	548220  -  ResidentSetSize of job (KB)
...
006 (13655293.373.000) 2023-09-05 01:03:49 Image size of job updated: 1182920
	959  -  MemoryUsage of job (MB)
	981116  -  ResidentSetSize of job (KB)
...
006 (13655293.373.000) 2023-09-05 01:08:50 Image size of job updated: 1182920
	979  -  MemoryUsage of job (MB)
	1001552  -  ResidentSetSize of job (KB)
...
006 (13655293.373.000) 2023-09-05 01:18:51 Image size of job updated: 1182920
	982  -  MemoryUsage of job (MB)
	1005392  -  ResidentSetSize of job (KB)
...
006 (13655293.373.000) 2023-09-05 01:33:52 Image size of job updated: 1182920
	984  -  MemoryUsage of job (MB)
	1007060  -  ResidentSetSize of job (KB)
...
006 (13655293.373.000) 2023-09-05 02:38:58 Image size of job updated: 1182920
	987  -  MemoryUsage of job (MB)
	1010292  -  ResidentSetSize of job (KB)
...
006 (13655293.373.000) 2023-09-05 02:54:00 Image size of job updated: 1182920
	993  -  MemoryUsage of job (MB)
	1016740  -  ResidentSetSize of job (KB)
...
006 (13655293.373.000) 2023-09-05 21:39:17 Image size of job updated: 1302856
	993  -  MemoryUsage of job (MB)
	1016740  -  ResidentSetSize of job (KB)
...
040 (13655293.373.000) 2023-09-05 21:39:17 Started transferring output files
...
040 (13655293.373.000) 2023-09-05 21:39:17 Finished transferring output files
...
005 (13655293.373.000) 2023-09-05 21:39:17 Job terminated.
	(1) Normal termination (return value 0)
		Usr 0 20:17:24, Sys 0 00:03:31  -  Run Remote Usage
		Usr 0 00:00:00, Sys 0 00:00:00  -  Run Local Usage
		Usr 0 20:17:24, Sys 0 00:03:31  -  Total Remote Usage
		Usr 0 00:00:00, Sys 0 00:00:00  -  Total Local Usage
	1309360  -  Run Bytes Sent By Job
	32652772  -  Run Bytes Received By Job
	1309360  -  Total Bytes Sent By Job
	32652772  -  Total Bytes Received By Job
	Partitionable Resources :     Usage  Request Allocated 
	   Cpus                 :      0.99        1         1 
	   Disk (KB)            : 274871      524288   1458998 
	   IoHeavy              :                            0 
	   Memory (MB)          :    993        4096      4096 

	Job terminated of its own accord at 2023-09-06T02:39:17Z with exit-code 0.
...
