000 (13655293.423.000) 2023-09-05 00:33:11 Job submitted from host: <128.104.101.92:9618?addrs=128.104.101.92-9618+[2607-f388-107c-501-a236-9fff-fe3c-caa8]-9618&alias=submit2.chtc.wisc.edu&noUDP&sock=schedd_1879732_618e>
...
040 (13655293.423.000) 2023-09-05 00:56:10 Started transferring input files
	Transferring to host: <128.105.69.155:9618?addrs=128.105.69.155-9618+[2607-f388-2200-100-1270-fdff-fe56-476c]-9618&alias=e4088.chtc.wisc.edu&noUDP&sock=slot1_84_2192573_c721_68165>
...
001 (13655293.423.000) 2023-09-05 00:56:34 Job executing on host: <128.105.69.155:9618?addrs=128.105.69.155-9618+[2607-f388-2200-100-1270-fdff-fe56-476c]-9618&alias=e4088.chtc.wisc.edu&noUDP&sock=startd_18901_17a4>
	SlotName: slot1_84@e4088.chtc.wisc.edu
	CondorScratchDir = "/var/lib/condor/execute/slot1/dir_2168632"
	Cpus = 1
	Disk = 1208198
	IoHeavy = 0
	Memory = 4096
...
040 (13655293.423.000) 2023-09-05 00:56:34 Finished transferring input files
...
006 (13655293.423.000) 2023-09-05 00:56:43 Image size of job updated: 579364
	566  -  MemoryUsage of job (MB)
	579364  -  ResidentSetSize of job (KB)
...
006 (13655293.423.000) 2023-09-05 01:01:43 Image size of job updated: 1180724
	961  -  MemoryUsage of job (MB)
	983536  -  ResidentSetSize of job (KB)
...
006 (13655293.423.000) 2023-09-05 01:06:43 Image size of job updated: 1180724
	979  -  MemoryUsage of job (MB)
	1001484  -  ResidentSetSize of job (KB)
...
006 (13655293.423.000) 2023-09-05 01:11:48 Image size of job updated: 1180724
	983  -  MemoryUsage of job (MB)
	1005616  -  ResidentSetSize of job (KB)
...
006 (13655293.423.000) 2023-09-05 02:26:53 Image size of job updated: 1180724
	984  -  MemoryUsage of job (MB)
	1007524  -  ResidentSetSize of job (KB)
...
006 (13655293.423.000) 2023-09-05 04:42:08 Image size of job updated: 1180724
	991  -  MemoryUsage of job (MB)
	1013780  -  ResidentSetSize of job (KB)
...
006 (13655293.423.000) 2023-09-05 15:23:13 Image size of job updated: 1180724
	991  -  MemoryUsage of job (MB)
	1013988  -  ResidentSetSize of job (KB)
...
006 (13655293.423.000) 2023-09-05 23:54:05 Image size of job updated: 1298280
	1159  -  MemoryUsage of job (MB)
	1185932  -  ResidentSetSize of job (KB)
...
040 (13655293.423.000) 2023-09-05 23:54:37 Started transferring output files
...
040 (13655293.423.000) 2023-09-05 23:54:37 Finished transferring output files
...
005 (13655293.423.000) 2023-09-05 23:54:37 Job terminated.
	(1) Normal termination (return value 0)
		Usr 0 22:26:15, Sys 0 00:07:56  -  Run Remote Usage
		Usr 0 00:00:00, Sys 0 00:00:00  -  Run Local Usage
		Usr 0 22:26:15, Sys 0 00:07:56  -  Total Remote Usage
		Usr 0 00:00:00, Sys 0 00:00:00  -  Total Local Usage
	1309626  -  Run Bytes Sent By Job
	32652772  -  Run Bytes Received By Job
	1309626  -  Total Bytes Sent By Job
	32652772  -  Total Bytes Received By Job
	Partitionable Resources :     Usage  Request Allocated 
	   Cpus                 :      0.98        1         1 
	   Disk (KB)            : 274916      524288   1208198 
	   IoHeavy              :                            0 
	   Memory (MB)          :   1159        4096      4096 

	Job terminated of its own accord at 2023-09-06T04:54:34Z with exit-code 0.
...
