000 (13655293.001.000) 2023-09-05 00:33:11 Job submitted from host: <128.104.101.92:9618?addrs=128.104.101.92-9618+[2607-f388-107c-501-a236-9fff-fe3c-caa8]-9618&alias=submit2.chtc.wisc.edu&noUDP&sock=schedd_1879732_618e>
...
040 (13655293.001.000) 2023-09-05 00:35:53 Started transferring input files
	Transferring to host: <128.105.69.190:9618?addrs=128.105.69.190-9618+[2607-f388-2200-100-1270-fdff-fe56-c2fc]-9618&alias=e4043.chtc.wisc.edu&noUDP&sock=slot1_36_738924_8dd9_9054>
...
040 (13655293.001.000) 2023-09-05 00:35:55 Finished transferring input files
...
001 (13655293.001.000) 2023-09-05 00:35:56 Job executing on host: <128.105.69.190:9618?addrs=128.105.69.190-9618+[2607-f388-2200-100-1270-fdff-fe56-c2fc]-9618&alias=e4043.chtc.wisc.edu&noUDP&sock=startd_16563_6b38>
	SlotName: slot1_36@e4043.chtc.wisc.edu
	CondorScratchDir = "/var/lib/condor/execute/slot1/dir_1937189"
	Cpus = 1
	Disk = 1208198
	IoHeavy = 0
	Memory = 4096
...
006 (13655293.001.000) 2023-09-05 00:36:04 Image size of job updated: 517784
	506  -  MemoryUsage of job (MB)
	517780  -  ResidentSetSize of job (KB)
...
006 (13655293.001.000) 2023-09-05 00:41:04 Image size of job updated: 1160732
	1134  -  MemoryUsage of job (MB)
	1160576  -  ResidentSetSize of job (KB)
...
006 (13655293.001.000) 2023-09-05 00:46:05 Image size of job updated: 1179720
	1134  -  MemoryUsage of job (MB)
	1160576  -  ResidentSetSize of job (KB)
...
006 (13655293.001.000) 2023-09-06 00:10:49 Image size of job updated: 1308844
	1134  -  MemoryUsage of job (MB)
	1160576  -  ResidentSetSize of job (KB)
...
040 (13655293.001.000) 2023-09-06 00:10:49 Started transferring output files
...
040 (13655293.001.000) 2023-09-06 00:10:49 Finished transferring output files
...
005 (13655293.001.000) 2023-09-06 00:10:49 Job terminated.
	(1) Normal termination (return value 0)
		Usr 0 23:12:07, Sys 0 00:03:49  -  Run Remote Usage
		Usr 0 00:00:00, Sys 0 00:00:00  -  Run Local Usage
		Usr 0 23:12:07, Sys 0 00:03:49  -  Total Remote Usage
		Usr 0 00:00:00, Sys 0 00:00:00  -  Total Local Usage
	1309644  -  Run Bytes Sent By Job
	32652772  -  Run Bytes Received By Job
	1309644  -  Total Bytes Sent By Job
	32652772  -  Total Bytes Received By Job
	Partitionable Resources :     Usage  Request Allocated 
	   Cpus                 :      0.99        1         1 
	   Disk (KB)            : 274906      524288   1208198 
	   IoHeavy              :                            0 
	   Memory (MB)          :   1134        4096      4096 

	Job terminated of its own accord at 2023-09-06T05:10:49Z with exit-code 0.
...
