000 (14269004.069.000) 2023-09-11 03:23:01 Job submitted from host: <128.104.101.92:9618?addrs=128.104.101.92-9618+[2607-f388-107c-501-a236-9fff-fe3c-caa8]-9618&alias=submit2.chtc.wisc.edu&noUDP&sock=schedd_1879732_618e>
...
040 (14269004.069.000) 2023-09-11 03:28:46 Started transferring input files
	Transferring to host: <128.105.69.142:9618?addrs=128.105.69.142-9618+[2607-f388-2200-100-1270-fdff-fe56-747c]-9618&alias=e4019.chtc.wisc.edu&noUDP&sock=slot1_8_3701491_0311_93473>
...
040 (14269004.069.000) 2023-09-11 03:28:48 Finished transferring input files
...
001 (14269004.069.000) 2023-09-11 03:28:49 Job executing on host: <128.105.69.142:9618?addrs=128.105.69.142-9618+[2607-f388-2200-100-1270-fdff-fe56-747c]-9618&alias=e4019.chtc.wisc.edu&noUDP&sock=startd_15796_5214>
	SlotName: slot1_8@e4019.chtc.wisc.edu
	CondorScratchDir = "/var/lib/condor/execute/slot1/dir_1222440"
	Cpus = 1
	Disk = 1208198
	IoHeavy = 0
	Memory = 4096
...
006 (14269004.069.000) 2023-09-11 03:28:58 Image size of job updated: 274228
	223  -  MemoryUsage of job (MB)
	227516  -  ResidentSetSize of job (KB)
...
006 (14269004.069.000) 2023-09-11 03:31:07 Image size of job updated: 274228
	228  -  MemoryUsage of job (MB)
	232636  -  ResidentSetSize of job (KB)
...
040 (14269004.069.000) 2023-09-11 03:31:07 Started transferring output files
...
040 (14269004.069.000) 2023-09-11 03:31:07 Finished transferring output files
...
005 (14269004.069.000) 2023-09-11 03:31:07 Job terminated.
	(1) Normal termination (return value 0)
		Usr 0 00:02:07, Sys 0 00:00:01  -  Run Remote Usage
		Usr 0 00:00:00, Sys 0 00:00:00  -  Run Local Usage
		Usr 0 00:02:07, Sys 0 00:00:01  -  Total Remote Usage
		Usr 0 00:00:00, Sys 0 00:00:00  -  Total Local Usage
	103923  -  Run Bytes Sent By Job
	32664898  -  Run Bytes Received By Job
	103923  -  Total Bytes Sent By Job
	32664898  -  Total Bytes Received By Job
	Partitionable Resources :    Usage  Request Allocated 
	   Cpus                 :                 1         1 
	   Disk (KB)            :   255901   524288   1208198 
	   IoHeavy              :                           0 
	   Memory (MB)          :      228     4096      4096 

	Job terminated of its own accord at 2023-09-11T08:31:07Z with exit-code 0.
...
