000 (13655293.106.000) 2023-09-05 00:33:11 Job submitted from host: <128.104.101.92:9618?addrs=128.104.101.92-9618+[2607-f388-107c-501-a236-9fff-fe3c-caa8]-9618&alias=submit2.chtc.wisc.edu&noUDP&sock=schedd_1879732_618e>
...
040 (13655293.106.000) 2023-09-05 00:36:23 Started transferring input files
	Transferring to host: <128.105.69.204:9618?addrs=128.105.69.204-9618+[2607-f388-2200-100-1270-fdff-fe56-b85c]-9618&alias=e4035.chtc.wisc.edu&noUDP&sock=slot1_95_3825352_4a9e_63518>
...
001 (13655293.106.000) 2023-09-05 00:36:32 Job executing on host: <128.105.69.204:9618?addrs=128.105.69.204-9618+[2607-f388-2200-100-1270-fdff-fe56-b85c]-9618&alias=e4035.chtc.wisc.edu&noUDP&sock=startd_11684_d4a5>
	SlotName: slot1_95@e4035.chtc.wisc.edu
	CondorScratchDir = "/var/lib/condor/execute/slot1/dir_4035909"
	Cpus = 1
	Disk = 1208198
	IoHeavy = 0
	Memory = 4096
...
040 (13655293.106.000) 2023-09-05 00:36:32 Finished transferring input files
...
006 (13655293.106.000) 2023-09-05 00:36:40 Image size of job updated: 695552
	680  -  MemoryUsage of job (MB)
	695552  -  ResidentSetSize of job (KB)
...
006 (13655293.106.000) 2023-09-05 00:41:40 Image size of job updated: 1282976
	1042  -  MemoryUsage of job (MB)
	1066840  -  ResidentSetSize of job (KB)
...
006 (13655293.106.000) 2023-09-05 00:46:41 Image size of job updated: 1282976
	1070  -  MemoryUsage of job (MB)
	1095000  -  ResidentSetSize of job (KB)
...
006 (13655293.106.000) 2023-09-05 01:01:42 Image size of job updated: 1282976
	1076  -  MemoryUsage of job (MB)
	1101296  -  ResidentSetSize of job (KB)
...
006 (13655293.106.000) 2023-09-05 01:11:43 Image size of job updated: 1282976
	1092  -  MemoryUsage of job (MB)
	1118112  -  ResidentSetSize of job (KB)
...
006 (13655293.106.000) 2023-09-05 23:32:09 Image size of job updated: 1405100
	1092  -  MemoryUsage of job (MB)
	1118112  -  ResidentSetSize of job (KB)
...
040 (13655293.106.000) 2023-09-05 23:32:09 Started transferring output files
...
040 (13655293.106.000) 2023-09-05 23:32:09 Finished transferring output files
...
005 (13655293.106.000) 2023-09-05 23:32:09 Job terminated.
	(1) Normal termination (return value 0)
		Usr 0 22:28:03, Sys 0 00:02:26  -  Run Remote Usage
		Usr 0 00:00:00, Sys 0 00:00:00  -  Run Local Usage
		Usr 0 22:28:03, Sys 0 00:02:26  -  Total Remote Usage
		Usr 0 00:00:00, Sys 0 00:00:00  -  Total Local Usage
	1309603  -  Run Bytes Sent By Job
	32652772  -  Run Bytes Received By Job
	1309603  -  Total Bytes Sent By Job
	32652772  -  Total Bytes Received By Job
	Partitionable Resources :     Usage  Request Allocated 
	   Cpus                 :      0.99        1         1 
	   Disk (KB)            : 274895      524288   1208198 
	   IoHeavy              :                            0 
	   Memory (MB)          :   1092        4096      4096 

	Job terminated of its own accord at 2023-09-06T04:32:09Z with exit-code 0.
...
