000 (13655293.449.000) 2023-09-05 00:33:11 Job submitted from host: <128.104.101.92:9618?addrs=128.104.101.92-9618+[2607-f388-107c-501-a236-9fff-fe3c-caa8]-9618&alias=submit2.chtc.wisc.edu&noUDP&sock=schedd_1879732_618e>
...
040 (13655293.449.000) 2023-09-05 00:56:16 Started transferring input files
	Transferring to host: <128.105.69.139:9618?addrs=128.105.69.139-9618+[2607-f388-2200-100-1270-fdff-fe56-79fc]-9618&alias=e4016.chtc.wisc.edu&noUDP&sock=slot1_114_3874560_c76f_62434>
...
001 (13655293.449.000) 2023-09-05 00:57:33 Job executing on host: <128.105.69.139:9618?addrs=128.105.69.139-9618+[2607-f388-2200-100-1270-fdff-fe56-79fc]-9618&alias=e4016.chtc.wisc.edu&noUDP&sock=startd_15800_1075>
	SlotName: slot1_114@e4016.chtc.wisc.edu
	CondorScratchDir = "/var/lib/condor/execute/slot1/dir_2431360"
	Cpus = 1
	Disk = 1208198
	IoHeavy = 0
	Memory = 4096
...
040 (13655293.449.000) 2023-09-05 00:57:33 Finished transferring input files
...
006 (13655293.449.000) 2023-09-05 00:57:41 Image size of job updated: 589356
	576  -  MemoryUsage of job (MB)
	589356  -  ResidentSetSize of job (KB)
...
006 (13655293.449.000) 2023-09-05 01:02:42 Image size of job updated: 1178408
	951  -  MemoryUsage of job (MB)
	973532  -  ResidentSetSize of job (KB)
...
006 (13655293.449.000) 2023-09-05 01:07:42 Image size of job updated: 1178408
	964  -  MemoryUsage of job (MB)
	987100  -  ResidentSetSize of job (KB)
...
006 (13655293.449.000) 2023-09-05 01:17:44 Image size of job updated: 1178408
	968  -  MemoryUsage of job (MB)
	990940  -  ResidentSetSize of job (KB)
...
006 (13655293.449.000) 2023-09-05 01:22:44 Image size of job updated: 1178408
	976  -  MemoryUsage of job (MB)
	998620  -  ResidentSetSize of job (KB)
...
006 (13655293.449.000) 2023-09-05 01:42:47 Image size of job updated: 1178408
	981  -  MemoryUsage of job (MB)
	1003980  -  ResidentSetSize of job (KB)
...
006 (13655293.449.000) 2023-09-05 02:02:48 Image size of job updated: 1178408
	983  -  MemoryUsage of job (MB)
	1005612  -  ResidentSetSize of job (KB)
...
006 (13655293.449.000) 2023-09-05 02:12:49 Image size of job updated: 1178408
	985  -  MemoryUsage of job (MB)
	1007916  -  ResidentSetSize of job (KB)
...
006 (13655293.449.000) 2023-09-05 22:48:29 Image size of job updated: 1297664
	985  -  MemoryUsage of job (MB)
	1007916  -  ResidentSetSize of job (KB)
...
040 (13655293.449.000) 2023-09-05 22:48:29 Started transferring output files
...
040 (13655293.449.000) 2023-09-05 22:48:29 Finished transferring output files
...
005 (13655293.449.000) 2023-09-05 22:48:29 Job terminated.
	(1) Normal termination (return value 0)
		Usr 0 21:26:16, Sys 0 00:04:00  -  Run Remote Usage
		Usr 0 00:00:00, Sys 0 00:00:00  -  Run Local Usage
		Usr 0 21:26:16, Sys 0 00:04:00  -  Total Remote Usage
		Usr 0 00:00:00, Sys 0 00:00:00  -  Total Local Usage
	1309667  -  Run Bytes Sent By Job
	32652772  -  Run Bytes Received By Job
	1309667  -  Total Bytes Sent By Job
	32652772  -  Total Bytes Received By Job
	Partitionable Resources :     Usage  Request Allocated 
	   Cpus                 :      0.99        1         1 
	   Disk (KB)            : 274878      524288   1208198 
	   IoHeavy              :                            0 
	   Memory (MB)          :    985        4096      4096 

	Job terminated of its own accord at 2023-09-06T03:48:29Z with exit-code 0.
...
