000 (13655293.478.000) 2023-09-05 00:33:11 Job submitted from host: <128.104.101.92:9618?addrs=128.104.101.92-9618+[2607-f388-107c-501-a236-9fff-fe3c-caa8]-9618&alias=submit2.chtc.wisc.edu&noUDP&sock=schedd_1879732_618e>
...
040 (13655293.478.000) 2023-09-05 00:57:19 Started transferring input files
	Transferring to host: <128.105.69.221:9618?addrs=128.105.69.221-9618+[2607-f388-2200-100-eaeb-d3ff-fe40-2304]-9618&alias=e2604.chtc.wisc.edu&noUDP&sock=slot1_47_1223419_1c6f_62200>
...
040 (13655293.478.000) 2023-09-05 00:57:27 Finished transferring input files
...
001 (13655293.478.000) 2023-09-05 00:57:59 Job executing on host: <128.105.69.221:9618?addrs=128.105.69.221-9618+[2607-f388-2200-100-eaeb-d3ff-fe40-2304]-9618&alias=e2604.chtc.wisc.edu&noUDP&sock=startd_18650_ed5f>
	SlotName: slot1_47@e2604.chtc.wisc.edu
	CondorScratchDir = "/var/lib/condor/execute/slot1/dir_4163049"
	Cpus = 1
	Disk = 1458998
	IoHeavy = 0
	Memory = 4096
...
006 (13655293.478.000) 2023-09-05 00:58:07 Image size of job updated: 584996
	572  -  MemoryUsage of job (MB)
	584996  -  ResidentSetSize of job (KB)
...
006 (13655293.478.000) 2023-09-05 01:03:07 Image size of job updated: 1178944
	964  -  MemoryUsage of job (MB)
	986364  -  ResidentSetSize of job (KB)
...
006 (13655293.478.000) 2023-09-05 01:08:07 Image size of job updated: 1178944
	975  -  MemoryUsage of job (MB)
	998140  -  ResidentSetSize of job (KB)
...
006 (13655293.478.000) 2023-09-05 01:23:09 Image size of job updated: 1178944
	977  -  MemoryUsage of job (MB)
	999700  -  ResidentSetSize of job (KB)
...
006 (13655293.478.000) 2023-09-05 01:38:10 Image size of job updated: 1178944
	979  -  MemoryUsage of job (MB)
	1001492  -  ResidentSetSize of job (KB)
...
006 (13655293.478.000) 2023-09-05 02:38:17 Image size of job updated: 1178944
	979  -  MemoryUsage of job (MB)
	1001888  -  ResidentSetSize of job (KB)
...
006 (13655293.478.000) 2023-09-05 02:48:18 Image size of job updated: 1178944
	979  -  MemoryUsage of job (MB)
	1001892  -  ResidentSetSize of job (KB)
...
006 (13655293.478.000) 2023-09-05 02:53:19 Image size of job updated: 1178944
	981  -  MemoryUsage of job (MB)
	1003952  -  ResidentSetSize of job (KB)
...
006 (13655293.478.000) 2023-09-05 04:28:28 Image size of job updated: 1178944
	982  -  MemoryUsage of job (MB)
	1005292  -  ResidentSetSize of job (KB)
...
006 (13655293.478.000) 2023-09-05 05:03:32 Image size of job updated: 1178944
	982  -  MemoryUsage of job (MB)
	1005296  -  ResidentSetSize of job (KB)
...
006 (13655293.478.000) 2023-09-05 05:18:33 Image size of job updated: 1178944
	988  -  MemoryUsage of job (MB)
	1010928  -  ResidentSetSize of job (KB)
...
006 (13655293.478.000) 2023-09-05 22:27:42 Image size of job updated: 1304056
	988  -  MemoryUsage of job (MB)
	1010928  -  ResidentSetSize of job (KB)
...
040 (13655293.478.000) 2023-09-05 22:27:42 Started transferring output files
...
040 (13655293.478.000) 2023-09-05 22:27:42 Finished transferring output files
...
005 (13655293.478.000) 2023-09-05 22:27:42 Job terminated.
	(1) Normal termination (return value 0)
		Usr 0 21:04:55, Sys 0 00:03:47  -  Run Remote Usage
		Usr 0 00:00:00, Sys 0 00:00:00  -  Run Local Usage
		Usr 0 21:04:55, Sys 0 00:03:47  -  Total Remote Usage
		Usr 0 00:00:00, Sys 0 00:00:00  -  Total Local Usage
	1309372  -  Run Bytes Sent By Job
	32652772  -  Run Bytes Received By Job
	1309372  -  Total Bytes Sent By Job
	32652772  -  Total Bytes Received By Job
	Partitionable Resources :     Usage  Request Allocated 
	   Cpus                 :      0.99        1         1 
	   Disk (KB)            : 274890      524288   1458998 
	   IoHeavy              :                            0 
	   Memory (MB)          :    988        4096      4096 

	Job terminated of its own accord at 2023-09-06T03:27:42Z with exit-code 0.
...
