000 (13655293.477.000) 2023-09-05 00:33:11 Job submitted from host: <128.104.101.92:9618?addrs=128.104.101.92-9618+[2607-f388-107c-501-a236-9fff-fe3c-caa8]-9618&alias=submit2.chtc.wisc.edu&noUDP&sock=schedd_1879732_618e>
...
040 (13655293.477.000) 2023-09-05 00:57:25 Started transferring input files
	Transferring to host: <128.105.69.221:9618?addrs=128.105.69.221-9618+[2607-f388-2200-100-eaeb-d3ff-fe40-2304]-9618&alias=e2604.chtc.wisc.edu&noUDP&sock=slot1_35_1223419_1c6f_62199>
...
040 (13655293.477.000) 2023-09-05 00:57:31 Finished transferring input files
...
001 (13655293.477.000) 2023-09-05 00:57:59 Job executing on host: <128.105.69.221:9618?addrs=128.105.69.221-9618+[2607-f388-2200-100-eaeb-d3ff-fe40-2304]-9618&alias=e2604.chtc.wisc.edu&noUDP&sock=startd_18650_ed5f>
	SlotName: slot1_35@e2604.chtc.wisc.edu
	CondorScratchDir = "/var/lib/condor/execute/slot1/dir_4163048"
	Cpus = 1
	Disk = 1458998
	IoHeavy = 0
	Memory = 4096
...
006 (13655293.477.000) 2023-09-05 00:58:07 Image size of job updated: 685504
	670  -  MemoryUsage of job (MB)
	685504  -  ResidentSetSize of job (KB)
...
006 (13655293.477.000) 2023-09-05 01:03:07 Image size of job updated: 1268068
	1039  -  MemoryUsage of job (MB)
	1063708  -  ResidentSetSize of job (KB)
...
006 (13655293.477.000) 2023-09-05 01:08:08 Image size of job updated: 1268068
	1076  -  MemoryUsage of job (MB)
	1101340  -  ResidentSetSize of job (KB)
...
006 (13655293.477.000) 2023-09-05 01:33:11 Image size of job updated: 1268068
	1077  -  MemoryUsage of job (MB)
	1102492  -  ResidentSetSize of job (KB)
...
006 (13655293.477.000) 2023-09-05 01:48:13 Image size of job updated: 1268068
	1084  -  MemoryUsage of job (MB)
	1109660  -  ResidentSetSize of job (KB)
...
006 (13655293.477.000) 2023-09-05 03:33:23 Image size of job updated: 1268068
	1084  -  MemoryUsage of job (MB)
	1109776  -  ResidentSetSize of job (KB)
...
006 (13655293.477.000) 2023-09-05 04:58:31 Image size of job updated: 1268068
	1084  -  MemoryUsage of job (MB)
	1109804  -  ResidentSetSize of job (KB)
...
006 (13655293.477.000) 2023-09-05 05:28:34 Image size of job updated: 1268068
	1087  -  MemoryUsage of job (MB)
	1112880  -  ResidentSetSize of job (KB)
...
006 (13655293.477.000) 2023-09-05 05:38:35 Image size of job updated: 1268068
	1099  -  MemoryUsage of job (MB)
	1124912  -  ResidentSetSize of job (KB)
...
006 (13655293.477.000) 2023-09-05 22:31:26 Image size of job updated: 1415588
	1099  -  MemoryUsage of job (MB)
	1124912  -  ResidentSetSize of job (KB)
...
040 (13655293.477.000) 2023-09-05 22:31:26 Started transferring output files
...
040 (13655293.477.000) 2023-09-05 22:31:26 Finished transferring output files
...
005 (13655293.477.000) 2023-09-05 22:31:26 Job terminated.
	(1) Normal termination (return value 0)
		Usr 0 21:08:12, Sys 0 00:04:08  -  Run Remote Usage
		Usr 0 00:00:00, Sys 0 00:00:00  -  Run Local Usage
		Usr 0 21:08:12, Sys 0 00:04:08  -  Total Remote Usage
		Usr 0 00:00:00, Sys 0 00:00:00  -  Total Local Usage
	1309434  -  Run Bytes Sent By Job
	32652772  -  Run Bytes Received By Job
	1309434  -  Total Bytes Sent By Job
	32652772  -  Total Bytes Received By Job
	Partitionable Resources :     Usage  Request Allocated 
	   Cpus                 :      1.00        1         1 
	   Disk (KB)            : 274906      524288   1458998 
	   IoHeavy              :                            0 
	   Memory (MB)          :   1099        4096      4096 

	Job terminated of its own accord at 2023-09-06T03:31:26Z with exit-code 0.
...
