000 (13655293.213.000) 2023-09-05 00:33:11 Job submitted from host: <128.104.101.92:9618?addrs=128.104.101.92-9618+[2607-f388-107c-501-a236-9fff-fe3c-caa8]-9618&alias=submit2.chtc.wisc.edu&noUDP&sock=schedd_1879732_618e>
...
040 (13655293.213.000) 2023-09-05 00:44:42 Started transferring input files
	Transferring to host: <128.105.69.125:9618?addrs=128.105.69.125-9618+[2607-f388-2200-100-1270-fdff-fe56-79f4]-9618&alias=e4074.chtc.wisc.edu&noUDP&sock=slot1_30_2160000_2715_8215>
...
040 (13655293.213.000) 2023-09-05 00:44:44 Finished transferring input files
...
001 (13655293.213.000) 2023-09-05 00:44:47 Job executing on host: <128.105.69.125:9618?addrs=128.105.69.125-9618+[2607-f388-2200-100-1270-fdff-fe56-79f4]-9618&alias=e4074.chtc.wisc.edu&noUDP&sock=startd_23161_1918>
	SlotName: slot1_30@e4074.chtc.wisc.edu
	CondorScratchDir = "/var/lib/condor/execute/slot1/dir_2934508"
	Cpus = 1
	Disk = 1208198
	IoHeavy = 0
	Memory = 4096
...
006 (13655293.213.000) 2023-09-05 00:44:55 Image size of job updated: 615084
	601  -  MemoryUsage of job (MB)
	615084  -  ResidentSetSize of job (KB)
...
006 (13655293.213.000) 2023-09-05 00:49:55 Image size of job updated: 1249912
	1031  -  MemoryUsage of job (MB)
	1055532  -  ResidentSetSize of job (KB)
...
006 (13655293.213.000) 2023-09-05 00:54:55 Image size of job updated: 1249912
	1046  -  MemoryUsage of job (MB)
	1070596  -  ResidentSetSize of job (KB)
...
006 (13655293.213.000) 2023-09-05 00:59:56 Image size of job updated: 1249912
	1050  -  MemoryUsage of job (MB)
	1074692  -  ResidentSetSize of job (KB)
...
006 (13655293.213.000) 2023-09-05 21:11:01 Image size of job updated: 1344492
	1050  -  MemoryUsage of job (MB)
	1074692  -  ResidentSetSize of job (KB)
...
040 (13655293.213.000) 2023-09-05 21:11:01 Started transferring output files
...
040 (13655293.213.000) 2023-09-05 21:11:01 Finished transferring output files
...
005 (13655293.213.000) 2023-09-05 21:11:01 Job terminated.
	(1) Normal termination (return value 0)
		Usr 0 20:06:25, Sys 0 00:02:58  -  Run Remote Usage
		Usr 0 00:00:00, Sys 0 00:00:00  -  Run Local Usage
		Usr 0 20:06:25, Sys 0 00:02:58  -  Total Remote Usage
		Usr 0 00:00:00, Sys 0 00:00:00  -  Total Local Usage
	1309393  -  Run Bytes Sent By Job
	32652772  -  Run Bytes Received By Job
	1309393  -  Total Bytes Sent By Job
	32652772  -  Total Bytes Received By Job
	Partitionable Resources :     Usage  Request Allocated 
	   Cpus                 :      0.99        1         1 
	   Disk (KB)            : 274879      524288   1208198 
	   IoHeavy              :                            0 
	   Memory (MB)          :   1050        4096      4096 

	Job terminated of its own accord at 2023-09-06T02:11:01Z with exit-code 0.
...
