000 (13655293.140.000) 2023-09-05 00:33:11 Job submitted from host: <128.104.101.92:9618?addrs=128.104.101.92-9618+[2607-f388-107c-501-a236-9fff-fe3c-caa8]-9618&alias=submit2.chtc.wisc.edu&noUDP&sock=schedd_1879732_618e>
...
040 (13655293.140.000) 2023-09-05 00:37:37 Started transferring input files
	Transferring to host: <128.105.69.127:9618?addrs=128.105.69.127-9618+[2607-f388-2200-100-1270-fdff-fe56-6744]-9618&alias=e4076.chtc.wisc.edu&noUDP&sock=slot1_36_23231_174a_12726>
...
040 (13655293.140.000) 2023-09-05 00:37:40 Finished transferring input files
...
001 (13655293.140.000) 2023-09-05 00:37:42 Job executing on host: <128.105.69.127:9618?addrs=128.105.69.127-9618+[2607-f388-2200-100-1270-fdff-fe56-6744]-9618&alias=e4076.chtc.wisc.edu&noUDP&sock=startd_23093_74a7>
	SlotName: slot1_36@e4076.chtc.wisc.edu
	CondorScratchDir = "/var/lib/condor/execute/slot1/dir_2328946"
	Cpus = 1
	Disk = 1208198
	IoHeavy = 0
	Memory = 4096
...
006 (13655293.140.000) 2023-09-05 00:37:50 Image size of job updated: 540212
	528  -  MemoryUsage of job (MB)
	540212  -  ResidentSetSize of job (KB)
...
006 (13655293.140.000) 2023-09-05 00:42:50 Image size of job updated: 1161240
	1134  -  MemoryUsage of job (MB)
	1160968  -  ResidentSetSize of job (KB)
...
006 (13655293.140.000) 2023-09-05 00:47:51 Image size of job updated: 1175592
	1134  -  MemoryUsage of job (MB)
	1160968  -  ResidentSetSize of job (KB)
...
006 (13655293.140.000) 2023-09-06 00:32:51 Image size of job updated: 1309880
	1134  -  MemoryUsage of job (MB)
	1160968  -  ResidentSetSize of job (KB)
...
040 (13655293.140.000) 2023-09-06 00:32:51 Started transferring output files
...
040 (13655293.140.000) 2023-09-06 00:32:51 Finished transferring output files
...
005 (13655293.140.000) 2023-09-06 00:32:51 Job terminated.
	(1) Normal termination (return value 0)
		Usr 0 23:26:29, Sys 0 00:03:42  -  Run Remote Usage
		Usr 0 00:00:00, Sys 0 00:00:00  -  Run Local Usage
		Usr 0 23:26:29, Sys 0 00:03:42  -  Total Remote Usage
		Usr 0 00:00:00, Sys 0 00:00:00  -  Total Local Usage
	1309625  -  Run Bytes Sent By Job
	32652772  -  Run Bytes Received By Job
	1309625  -  Total Bytes Sent By Job
	32652772  -  Total Bytes Received By Job
	Partitionable Resources :     Usage  Request Allocated 
	   Cpus                 :      0.99        1         1 
	   Disk (KB)            : 274904      524288   1208198 
	   IoHeavy              :                            0 
	   Memory (MB)          :   1134        4096      4096 

	Job terminated of its own accord at 2023-09-06T05:32:51Z with exit-code 0.
...
