000 (13655293.045.000) 2023-09-05 00:33:11 Job submitted from host: <128.104.101.92:9618?addrs=128.104.101.92-9618+[2607-f388-107c-501-a236-9fff-fe3c-caa8]-9618&alias=submit2.chtc.wisc.edu&noUDP&sock=schedd_1879732_618e>
...
040 (13655293.045.000) 2023-09-05 00:36:09 Started transferring input files
	Transferring to host: <128.105.69.175:9618?addrs=128.105.69.175-9618+[2607-f388-2200-100-1270-fdff-fe56-63d4]-9618&alias=e2558.chtc.wisc.edu&noUDP&sock=slot1_40_4096578_8b73_54105>
...
040 (13655293.045.000) 2023-09-05 00:36:11 Finished transferring input files
...
001 (13655293.045.000) 2023-09-05 00:36:17 Job executing on host: <128.105.69.175:9618?addrs=128.105.69.175-9618+[2607-f388-2200-100-1270-fdff-fe56-63d4]-9618&alias=e2558.chtc.wisc.edu&noUDP&sock=startd_13980_b217>
	SlotName: slot1_40@e2558.chtc.wisc.edu
	CondorScratchDir = "/var/lib/condor/execute/slot1/dir_3167459"
	Cpus = 1
	Disk = 1208198
	IoHeavy = 0
	Memory = 4096
...
006 (13655293.045.000) 2023-09-05 00:36:27 Image size of job updated: 712172
	696  -  MemoryUsage of job (MB)
	712172  -  ResidentSetSize of job (KB)
...
006 (13655293.045.000) 2023-09-05 00:41:27 Image size of job updated: 1297892
	1086  -  MemoryUsage of job (MB)
	1111280  -  ResidentSetSize of job (KB)
...
006 (13655293.045.000) 2023-09-05 00:46:27 Image size of job updated: 1297892
	1098  -  MemoryUsage of job (MB)
	1123944  -  ResidentSetSize of job (KB)
...
006 (13655293.045.000) 2023-09-05 01:01:28 Image size of job updated: 1297892
	1099  -  MemoryUsage of job (MB)
	1124612  -  ResidentSetSize of job (KB)
...
006 (13655293.045.000) 2023-09-05 01:31:30 Image size of job updated: 1297892
	1106  -  MemoryUsage of job (MB)
	1131908  -  ResidentSetSize of job (KB)
...
006 (13655293.045.000) 2023-09-05 20:00:57 Image size of job updated: 1337204
	1106  -  MemoryUsage of job (MB)
	1131908  -  ResidentSetSize of job (KB)
...
040 (13655293.045.000) 2023-09-05 20:00:57 Started transferring output files
...
040 (13655293.045.000) 2023-09-05 20:00:57 Finished transferring output files
...
005 (13655293.045.000) 2023-09-05 20:00:57 Job terminated.
	(1) Normal termination (return value 0)
		Usr 0 19:06:03, Sys 0 00:02:47  -  Run Remote Usage
		Usr 0 00:00:00, Sys 0 00:00:00  -  Run Local Usage
		Usr 0 19:06:03, Sys 0 00:02:47  -  Total Remote Usage
		Usr 0 00:00:00, Sys 0 00:00:00  -  Total Local Usage
	1309526  -  Run Bytes Sent By Job
	32652772  -  Run Bytes Received By Job
	1309526  -  Total Bytes Sent By Job
	32652772  -  Total Bytes Received By Job
	Partitionable Resources :     Usage  Request Allocated 
	   Cpus                 :      0.99        1         1 
	   Disk (KB)            : 274893      524288   1208198 
	   IoHeavy              :                            0 
	   Memory (MB)          :   1106        4096      4096 

	Job terminated of its own accord at 2023-09-06T01:00:57Z with exit-code 0.
...
