000 (13655293.448.000) 2023-09-05 00:33:11 Job submitted from host: <128.104.101.92:9618?addrs=128.104.101.92-9618+[2607-f388-107c-501-a236-9fff-fe3c-caa8]-9618&alias=submit2.chtc.wisc.edu&noUDP&sock=schedd_1879732_618e>
...
040 (13655293.448.000) 2023-09-05 00:56:16 Started transferring input files
	Transferring to host: <128.105.69.163:9618?addrs=128.105.69.163-9618+[2607-f388-2200-100-1270-fdff-fe56-c6f4]-9618&alias=e4096.chtc.wisc.edu&noUDP&sock=slot1_80_561226_3cdf_68597>
...
001 (13655293.448.000) 2023-09-05 00:57:33 Job executing on host: <128.105.69.163:9618?addrs=128.105.69.163-9618+[2607-f388-2200-100-1270-fdff-fe56-c6f4]-9618&alias=e4096.chtc.wisc.edu&noUDP&sock=startd_18840_405d>
	SlotName: slot1_80@e4096.chtc.wisc.edu
	CondorScratchDir = "/var/lib/condor/execute/slot1/dir_3962303"
	Cpus = 1
	Disk = 1208198
	IoHeavy = 0
	Memory = 4096
...
040 (13655293.448.000) 2023-09-05 00:57:33 Finished transferring input files
...
006 (13655293.448.000) 2023-09-05 00:57:41 Image size of job updated: 697576
	682  -  MemoryUsage of job (MB)
	697576  -  ResidentSetSize of job (KB)
...
006 (13655293.448.000) 2023-09-05 01:02:42 Image size of job updated: 1276412
	1060  -  MemoryUsage of job (MB)
	1084600  -  ResidentSetSize of job (KB)
...
006 (13655293.448.000) 2023-09-05 01:07:42 Image size of job updated: 1276412
	1083  -  MemoryUsage of job (MB)
	1108824  -  ResidentSetSize of job (KB)
...
006 (13655293.448.000) 2023-09-05 01:12:43 Image size of job updated: 1276412
	1087  -  MemoryUsage of job (MB)
	1112148  -  ResidentSetSize of job (KB)
...
006 (13655293.448.000) 2023-09-05 02:22:50 Image size of job updated: 1276412
	1087  -  MemoryUsage of job (MB)
	1112152  -  ResidentSetSize of job (KB)
...
006 (13655293.448.000) 2023-09-05 04:38:04 Image size of job updated: 1276412
	1090  -  MemoryUsage of job (MB)
	1116116  -  ResidentSetSize of job (KB)
...
006 (13655293.448.000) 2023-09-05 23:46:34 Image size of job updated: 1417320
	1090  -  MemoryUsage of job (MB)
	1116116  -  ResidentSetSize of job (KB)
...
040 (13655293.448.000) 2023-09-05 23:46:34 Started transferring output files
...
040 (13655293.448.000) 2023-09-05 23:46:34 Finished transferring output files
...
005 (13655293.448.000) 2023-09-05 23:46:34 Job terminated.
	(1) Normal termination (return value 0)
		Usr 0 22:22:04, Sys 0 00:03:14  -  Run Remote Usage
		Usr 0 00:00:00, Sys 0 00:00:00  -  Run Local Usage
		Usr 0 22:22:04, Sys 0 00:03:14  -  Total Remote Usage
		Usr 0 00:00:00, Sys 0 00:00:00  -  Total Local Usage
	1309661  -  Run Bytes Sent By Job
	32652772  -  Run Bytes Received By Job
	1309661  -  Total Bytes Sent By Job
	32652772  -  Total Bytes Received By Job
	Partitionable Resources :     Usage  Request Allocated 
	   Cpus                 :      0.98        1         1 
	   Disk (KB)            : 274909      524288   1208198 
	   IoHeavy              :                            0 
	   Memory (MB)          :   1090        4096      4096 

	Job terminated of its own accord at 2023-09-06T04:46:34Z with exit-code 0.
...
