000 (13655293.037.000) 2023-09-05 00:33:11 Job submitted from host: <128.104.101.92:9618?addrs=128.104.101.92-9618+[2607-f388-107c-501-a236-9fff-fe3c-caa8]-9618&alias=submit2.chtc.wisc.edu&noUDP&sock=schedd_1879732_618e>
...
040 (13655293.037.000) 2023-09-05 00:36:08 Started transferring input files
	Transferring to host: <128.105.68.91:9618?addrs=128.105.68.91-9618+[2607-f388-2200-100-1270-fdff-fe56-c2c4]-9618&alias=e4053.chtc.wisc.edu&noUDP&sock=slot1_1_550738_7e35_48500>
...
040 (13655293.037.000) 2023-09-05 00:36:10 Finished transferring input files
...
001 (13655293.037.000) 2023-09-05 00:36:13 Job executing on host: <128.105.68.91:9618?addrs=128.105.68.91-9618+[2607-f388-2200-100-1270-fdff-fe56-c2c4]-9618&alias=e4053.chtc.wisc.edu&noUDP&sock=startd_11752_7915>
	SlotName: slot1_1@e4053.chtc.wisc.edu
	CondorScratchDir = "/var/lib/condor/execute/slot1/dir_2805168"
	Cpus = 1
	Disk = 1208198
	IoHeavy = 0
	Memory = 4096
...
006 (13655293.037.000) 2023-09-05 00:36:22 Image size of job updated: 598992
	585  -  MemoryUsage of job (MB)
	598992  -  ResidentSetSize of job (KB)
...
006 (13655293.037.000) 2023-09-05 00:41:23 Image size of job updated: 1180348
	949  -  MemoryUsage of job (MB)
	971384  -  ResidentSetSize of job (KB)
...
006 (13655293.037.000) 2023-09-05 00:46:23 Image size of job updated: 1180348
	979  -  MemoryUsage of job (MB)
	1002104  -  ResidentSetSize of job (KB)
...
006 (13655293.037.000) 2023-09-05 01:01:24 Image size of job updated: 1180348
	989  -  MemoryUsage of job (MB)
	1011844  -  ResidentSetSize of job (KB)
...
006 (13655293.037.000) 2023-09-05 04:06:38 Image size of job updated: 1180348
	992  -  MemoryUsage of job (MB)
	1015580  -  ResidentSetSize of job (KB)
...
006 (13655293.037.000) 2023-09-06 01:38:45 Image size of job updated: 1309052
	1141  -  MemoryUsage of job (MB)
	1167748  -  ResidentSetSize of job (KB)
...
040 (13655293.037.000) 2023-09-06 01:39:04 Started transferring output files
...
040 (13655293.037.000) 2023-09-06 01:39:04 Finished transferring output files
...
005 (13655293.037.000) 2023-09-06 01:39:05 Job terminated.
	(1) Normal termination (return value 0)
		Usr 1 00:31:05, Sys 0 00:06:14  -  Run Remote Usage
		Usr 0 00:00:00, Sys 0 00:00:00  -  Run Local Usage
		Usr 1 00:31:05, Sys 0 00:06:14  -  Total Remote Usage
		Usr 0 00:00:00, Sys 0 00:00:00  -  Total Local Usage
	1309545  -  Run Bytes Sent By Job
	32652772  -  Run Bytes Received By Job
	1309545  -  Total Bytes Sent By Job
	32652772  -  Total Bytes Received By Job
	Partitionable Resources :     Usage  Request Allocated 
	   Cpus                 :      1.00        1         1 
	   Disk (KB)            : 274916      524288   1208198 
	   IoHeavy              :                            0 
	   Memory (MB)          :   1141        4096      4096 

	Job terminated of its own accord at 2023-09-06T06:39:04Z with exit-code 0.
...
