000 (13655293.076.000) 2023-09-05 00:33:11 Job submitted from host: <128.104.101.92:9618?addrs=128.104.101.92-9618+[2607-f388-107c-501-a236-9fff-fe3c-caa8]-9618&alias=submit2.chtc.wisc.edu&noUDP&sock=schedd_1879732_618e>
...
040 (13655293.076.000) 2023-09-05 00:36:15 Started transferring input files
	Transferring to host: <128.105.69.155:9618?addrs=128.105.69.155-9618+[2607-f388-2200-100-1270-fdff-fe56-476c]-9618&alias=e4088.chtc.wisc.edu&noUDP&sock=slot1_73_2192573_c721_68087>
...
001 (13655293.076.000) 2023-09-05 00:36:22 Job executing on host: <128.105.69.155:9618?addrs=128.105.69.155-9618+[2607-f388-2200-100-1270-fdff-fe56-476c]-9618&alias=e4088.chtc.wisc.edu&noUDP&sock=startd_18901_17a4>
	SlotName: slot1_73@e4088.chtc.wisc.edu
	CondorScratchDir = "/var/lib/condor/execute/slot1/dir_2106420"
	Cpus = 1
	Disk = 1208198
	IoHeavy = 0
	Memory = 4096
...
040 (13655293.076.000) 2023-09-05 00:36:22 Finished transferring input files
...
006 (13655293.076.000) 2023-09-05 00:36:31 Image size of job updated: 595660
	582  -  MemoryUsage of job (MB)
	595660  -  ResidentSetSize of job (KB)
...
006 (13655293.076.000) 2023-09-05 00:41:32 Image size of job updated: 1177816
	975  -  MemoryUsage of job (MB)
	998288  -  ResidentSetSize of job (KB)
...
006 (13655293.076.000) 2023-09-05 00:46:33 Image size of job updated: 1177816
	981  -  MemoryUsage of job (MB)
	1003632  -  ResidentSetSize of job (KB)
...
006 (13655293.076.000) 2023-09-05 01:11:36 Image size of job updated: 1177816
	985  -  MemoryUsage of job (MB)
	1008180  -  ResidentSetSize of job (KB)
...
006 (13655293.076.000) 2023-09-05 01:36:37 Image size of job updated: 1177816
	986  -  MemoryUsage of job (MB)
	1009460  -  ResidentSetSize of job (KB)
...
006 (13655293.076.000) 2023-09-05 04:11:54 Image size of job updated: 1177816
	992  -  MemoryUsage of job (MB)
	1015268  -  ResidentSetSize of job (KB)
...
006 (13655293.076.000) 2023-09-05 22:11:50 Image size of job updated: 1295184
	992  -  MemoryUsage of job (MB)
	1015268  -  ResidentSetSize of job (KB)
...
040 (13655293.076.000) 2023-09-05 22:11:50 Started transferring output files
...
040 (13655293.076.000) 2023-09-05 22:11:50 Finished transferring output files
...
005 (13655293.076.000) 2023-09-05 22:11:50 Job terminated.
	(1) Normal termination (return value 0)
		Usr 0 21:10:42, Sys 0 00:02:11  -  Run Remote Usage
		Usr 0 00:00:00, Sys 0 00:00:00  -  Run Local Usage
		Usr 0 21:10:42, Sys 0 00:02:11  -  Total Remote Usage
		Usr 0 00:00:00, Sys 0 00:00:00  -  Total Local Usage
	1309509  -  Run Bytes Sent By Job
	32652772  -  Run Bytes Received By Job
	1309509  -  Total Bytes Sent By Job
	32652772  -  Total Bytes Received By Job
	Partitionable Resources :     Usage  Request Allocated 
	   Cpus                 :      0.98        1         1 
	   Disk (KB)            : 274901      524288   1208198 
	   IoHeavy              :                            0 
	   Memory (MB)          :    992        4096      4096 

	Job terminated of its own accord at 2023-09-06T03:11:50Z with exit-code 0.
...
