000 (13648506.002.000) 2023-09-04 23:43:04 Job submitted from host: <128.104.101.92:9618?addrs=128.104.101.92-9618+[2607-f388-107c-501-a236-9fff-fe3c-caa8]-9618&alias=submit2.chtc.wisc.edu&noUDP&sock=schedd_1879732_618e>
...
040 (13648506.002.000) 2023-09-04 23:45:07 Started transferring input files
	Transferring to host: <128.105.69.192:9618?addrs=128.105.69.192-9618+[2607-f388-2200-100-1270-fdff-fe56-bc04]-9618&alias=build4002.chtc.wisc.edu&noUDP&sock=interactive2_1_1262715_b2ad_333951>
...
040 (13648506.002.000) 2023-09-04 23:45:09 Finished transferring input files
...
001 (13648506.002.000) 2023-09-04 23:45:10 Job executing on host: <128.105.69.192:9618?addrs=128.105.69.192-9618+[2607-f388-2200-100-1270-fdff-fe56-bc04]-9618&alias=build4002.chtc.wisc.edu&noUDP&sock=startd_22892_961e>
	SlotName: interactive2_1@build4002.chtc.wisc.edu
	CondorScratchDir = "/var/lib/condor/execute/slot2/dir_2349919"
	Cpus = 1
	Disk = 1208198
	IoHeavy = 0
	Memory = 4096
...
006 (13648506.002.000) 2023-09-04 23:45:19 Image size of job updated: 1000
	1  -  MemoryUsage of job (MB)
	268  -  ResidentSetSize of job (KB)
...
004 (13648506.002.000) 2023-09-04 23:47:57 Job was evicted.
	(0) CPU times
		Usr 0 00:00:00, Sys 0 00:00:00  -  Run Remote Usage
		Usr 0 00:00:00, Sys 0 00:00:00  -  Run Local Usage
	0  -  Run Bytes Sent By Job
	32664314  -  Run Bytes Received By Job
	Partitionable Resources :    Usage  Request Allocated 
	   Cpus                 :        0        1         1 
	   Disk (KB)            :    89704   524288   1208198 
	   IoHeavy              :                           0 
	   Memory (MB)          :        1     4096      4096 
...
009 (13648506.002.000) 2023-09-04 23:47:57 Job was aborted.
	via condor_rm (by user mzheng54)
...
