035 (13648508.-01.000) 2023-09-04 23:50:03 Cluster submitted from host: <128.104.101.92:9618?addrs=128.104.101.92-9618+[2607-f388-107c-501-a236-9fff-fe3c-caa8]-9618&alias=submit2.chtc.wisc.edu&noUDP&sock=schedd_1879732_618e>
...
000 (13648508.000.000) 2023-09-04 23:50:03 Job submitted from host: <128.104.101.92:9618?addrs=128.104.101.92-9618+[2607-f388-107c-501-a236-9fff-fe3c-caa8]-9618&alias=submit2.chtc.wisc.edu&noUDP&sock=schedd_1879732_618e>
...
040 (13648508.000.000) 2023-09-04 23:51:00 Started transferring input files
	Transferring to host: <128.105.69.224:9618?addrs=128.105.69.224-9618+[2607-f388-2200-100-eaeb-d3ff-fe40-1574]-9618&alias=e2607.chtc.wisc.edu&noUDP&sock=slot1_26_1087982_7e0c_42090>
...
040 (13648508.000.000) 2023-09-04 23:51:02 Finished transferring input files
...
001 (13648508.000.000) 2023-09-04 23:51:03 Job executing on host: <128.105.69.224:9618?addrs=128.105.69.224-9618+[2607-f388-2200-100-eaeb-d3ff-fe40-1574]-9618&alias=e2607.chtc.wisc.edu&noUDP&sock=startd_11673_491a>
	SlotName: slot1_26@e2607.chtc.wisc.edu
	CondorScratchDir = "/var/lib/condor/execute/slot1/dir_2183878"
	Cpus = 1
	Disk = 1458998
	IoHeavy = 0
	Memory = 4096
...
006 (13648508.000.000) 2023-09-04 23:51:12 Image size of job updated: 379388
	304  -  MemoryUsage of job (MB)
	311232  -  ResidentSetSize of job (KB)
...
006 (13648508.000.000) 2023-09-04 23:56:13 Image size of job updated: 379388
	321  -  MemoryUsage of job (MB)
	328356  -  ResidentSetSize of job (KB)
...
006 (13648508.000.000) 2023-09-05 00:01:13 Image size of job updated: 379388
	322  -  MemoryUsage of job (MB)
	329060  -  ResidentSetSize of job (KB)
...
006 (13648508.000.000) 2023-09-05 00:11:14 Image size of job updated: 379388
	324  -  MemoryUsage of job (MB)
	331032  -  ResidentSetSize of job (KB)
...
006 (13648508.000.000) 2023-09-05 01:46:23 Image size of job updated: 379388
	326  -  MemoryUsage of job (MB)
	333464  -  ResidentSetSize of job (KB)
...
006 (13648508.000.000) 2023-09-05 03:26:33 Image size of job updated: 379388
	330  -  MemoryUsage of job (MB)
	337300  -  ResidentSetSize of job (KB)
...
040 (13648508.000.000) 2023-09-05 03:53:37 Started transferring output files
...
040 (13648508.000.000) 2023-09-05 03:53:37 Finished transferring output files
...
005 (13648508.000.000) 2023-09-05 03:53:37 Job terminated.
	(1) Normal termination (return value 0)
		Usr 0 03:59:21, Sys 0 00:00:11  -  Run Remote Usage
		Usr 0 00:00:00, Sys 0 00:00:00  -  Run Local Usage
		Usr 0 03:59:21, Sys 0 00:00:11  -  Total Remote Usage
		Usr 0 00:00:00, Sys 0 00:00:00  -  Total Local Usage
	30724  -  Run Bytes Sent By Job
	32665120  -  Run Bytes Received By Job
	30724  -  Total Bytes Sent By Job
	32665120  -  Total Bytes Received By Job
	Partitionable Resources :     Usage  Request Allocated 
	   Cpus                 :      0.99        1         1 
	   Disk (KB)            : 254943      524288   1458998 
	   IoHeavy              :                            0 
	   Memory (MB)          :    330        4096      4096 

	Job terminated of its own accord at 2023-09-05T08:53:37Z with exit-code 0.
...
036 (13648508.-01.000) 2023-09-05 11:20:03 Cluster removed
	Materialized 148 jobs from -1 items.	Incomplete
...
