000 (13655293.067.000) 2023-09-05 00:33:11 Job submitted from host: <128.104.101.92:9618?addrs=128.104.101.92-9618+[2607-f388-107c-501-a236-9fff-fe3c-caa8]-9618&alias=submit2.chtc.wisc.edu&noUDP&sock=schedd_1879732_618e>
...
040 (13655293.067.000) 2023-09-05 00:36:25 Started transferring input files
	Transferring to host: <128.105.69.91:9618?addrs=128.105.69.91-9618+[2607-f388-2200-100-1270-fdff-fe56-41c4]-9618&alias=e4002.chtc.wisc.edu&noUDP&sock=slot1_11_1583588_c105_57637>
...
040 (13655293.067.000) 2023-09-05 00:36:30 Finished transferring input files
...
001 (13655293.067.000) 2023-09-05 00:36:41 Job executing on host: <128.105.69.91:9618?addrs=128.105.69.91-9618+[2607-f388-2200-100-1270-fdff-fe56-41c4]-9618&alias=e4002.chtc.wisc.edu&noUDP&sock=startd_14707_5b71>
	SlotName: slot1_11@e4002.chtc.wisc.edu
	CondorScratchDir = "/var/lib/condor/execute/slot1/dir_2741110"
	Cpus = 1
	Disk = 1268229
	IoHeavy = 0
	Memory = 4096
...
006 (13655293.067.000) 2023-09-05 00:36:49 Image size of job updated: 707832
	692  -  MemoryUsage of job (MB)
	707832  -  ResidentSetSize of job (KB)
...
006 (13655293.067.000) 2023-09-05 00:41:50 Image size of job updated: 1285260
	1066  -  MemoryUsage of job (MB)
	1090828  -  ResidentSetSize of job (KB)
...
006 (13655293.067.000) 2023-09-05 00:46:51 Image size of job updated: 1285260
	1081  -  MemoryUsage of job (MB)
	1106544  -  ResidentSetSize of job (KB)
...
006 (13655293.067.000) 2023-09-05 00:51:51 Image size of job updated: 1285260
	1085  -  MemoryUsage of job (MB)
	1110788  -  ResidentSetSize of job (KB)
...
006 (13655293.067.000) 2023-09-05 00:56:51 Image size of job updated: 1285260
	1088  -  MemoryUsage of job (MB)
	1113476  -  ResidentSetSize of job (KB)
...
006 (13655293.067.000) 2023-09-05 01:11:54 Image size of job updated: 1285260
	1088  -  MemoryUsage of job (MB)
	1113620  -  ResidentSetSize of job (KB)
...
006 (13655293.067.000) 2023-09-05 01:41:58 Image size of job updated: 1285260
	1089  -  MemoryUsage of job (MB)
	1114680  -  ResidentSetSize of job (KB)
...
006 (13655293.067.000) 2023-09-05 01:46:58 Image size of job updated: 1285260
	1089  -  MemoryUsage of job (MB)
	1114684  -  ResidentSetSize of job (KB)
...
006 (13655293.067.000) 2023-09-05 01:56:58 Image size of job updated: 1285260
	1093  -  MemoryUsage of job (MB)
	1118604  -  ResidentSetSize of job (KB)
...
006 (13655293.067.000) 2023-09-05 23:12:22 Image size of job updated: 1409736
	1093  -  MemoryUsage of job (MB)
	1118604  -  ResidentSetSize of job (KB)
...
040 (13655293.067.000) 2023-09-05 23:12:22 Started transferring output files
...
040 (13655293.067.000) 2023-09-05 23:12:22 Finished transferring output files
...
005 (13655293.067.000) 2023-09-05 23:12:22 Job terminated.
	(1) Normal termination (return value 0)
		Usr 0 22:08:03, Sys 0 00:04:59  -  Run Remote Usage
		Usr 0 00:00:00, Sys 0 00:00:00  -  Run Local Usage
		Usr 0 22:08:03, Sys 0 00:04:59  -  Total Remote Usage
		Usr 0 00:00:00, Sys 0 00:00:00  -  Total Local Usage
	1309482  -  Run Bytes Sent By Job
	32652772  -  Run Bytes Received By Job
	1309482  -  Total Bytes Sent By Job
	32652772  -  Total Bytes Received By Job
	Partitionable Resources :     Usage  Request Allocated 
	   Cpus                 :      0.99        1         1 
	   Disk (KB)            : 274896      524288   1268229 
	   IoHeavy              :                            0 
	   Memory (MB)          :   1093        4096      4096 

	Job terminated of its own accord at 2023-09-06T04:12:22Z with exit-code 0.
...
