000 (13655293.028.000) 2023-09-05 00:33:11 Job submitted from host: <128.104.101.92:9618?addrs=128.104.101.92-9618+[2607-f388-107c-501-a236-9fff-fe3c-caa8]-9618&alias=submit2.chtc.wisc.edu&noUDP&sock=schedd_1879732_618e>
...
040 (13655293.028.000) 2023-09-05 00:36:28 Started transferring input files
	Transferring to host: <128.105.69.171:9618?addrs=128.105.69.171-9618+[2607-f388-2200-100-1270-fdff-fe56-76ac]-9618&alias=e2554.chtc.wisc.edu&noUDP&sock=slot1_64_1826531_133c_47897>
...
001 (13655293.028.000) 2023-09-05 00:36:38 Job executing on host: <128.105.69.171:9618?addrs=128.105.69.171-9618+[2607-f388-2200-100-1270-fdff-fe56-76ac]-9618&alias=e2554.chtc.wisc.edu&noUDP&sock=startd_14106_1f06>
	SlotName: slot1_64@e2554.chtc.wisc.edu
	CondorScratchDir = "/var/lib/condor/execute/slot1/dir_1566116"
	Cpus = 1
	Disk = 1208198
	IoHeavy = 0
	Memory = 4096
...
040 (13655293.028.000) 2023-09-05 00:36:38 Finished transferring input files
...
006 (13655293.028.000) 2023-09-05 00:36:46 Image size of job updated: 598648
	585  -  MemoryUsage of job (MB)
	598648  -  ResidentSetSize of job (KB)
...
006 (13655293.028.000) 2023-09-05 00:41:46 Image size of job updated: 1179800
	951  -  MemoryUsage of job (MB)
	973140  -  ResidentSetSize of job (KB)
...
006 (13655293.028.000) 2023-09-05 00:46:47 Image size of job updated: 1179800
	976  -  MemoryUsage of job (MB)
	998484  -  ResidentSetSize of job (KB)
...
006 (13655293.028.000) 2023-09-05 00:51:47 Image size of job updated: 1179800
	981  -  MemoryUsage of job (MB)
	1003816  -  ResidentSetSize of job (KB)
...
006 (13655293.028.000) 2023-09-05 02:11:56 Image size of job updated: 1179800
	981  -  MemoryUsage of job (MB)
	1004132  -  ResidentSetSize of job (KB)
...
006 (13655293.028.000) 2023-09-05 03:22:02 Image size of job updated: 1179800
	988  -  MemoryUsage of job (MB)
	1011100  -  ResidentSetSize of job (KB)
...
006 (13655293.028.000) 2023-09-06 02:31:57 Image size of job updated: 1305676
	988  -  MemoryUsage of job (MB)
	1011100  -  ResidentSetSize of job (KB)
...
040 (13655293.028.000) 2023-09-06 02:31:57 Started transferring output files
...
040 (13655293.028.000) 2023-09-06 02:31:57 Finished transferring output files
...
005 (13655293.028.000) 2023-09-06 02:31:57 Job terminated.
	(1) Normal termination (return value 0)
		Usr 1 01:23:40, Sys 0 00:03:13  -  Run Remote Usage
		Usr 0 00:00:00, Sys 0 00:00:00  -  Run Local Usage
		Usr 1 01:23:40, Sys 0 00:03:13  -  Total Remote Usage
		Usr 0 00:00:00, Sys 0 00:00:00  -  Total Local Usage
	1309565  -  Run Bytes Sent By Job
	32652772  -  Run Bytes Received By Job
	1309565  -  Total Bytes Sent By Job
	32652772  -  Total Bytes Received By Job
	Partitionable Resources :     Usage  Request Allocated 
	   Cpus                 :      0.98        1         1 
	   Disk (KB)            : 274907      524288   1208198 
	   IoHeavy              :                            0 
	   Memory (MB)          :    988        4096      4096 

	Job terminated of its own accord at 2023-09-06T07:31:57Z with exit-code 0.
...
