000 (14312691.054.000) 2023-09-11 11:54:06 Job submitted from host: <128.104.101.92:9618?addrs=128.104.101.92-9618+[2607-f388-107c-501-a236-9fff-fe3c-caa8]-9618&alias=submit2.chtc.wisc.edu&noUDP&sock=schedd_1879732_618e>
...
040 (14312691.054.000) 2023-09-11 12:00:30 Started transferring input files
	Transferring to host: <128.105.69.107:9618?addrs=128.105.69.107-9618+[2607-f388-2200-100-1270-fdff-fe56-bfe4]-9618&alias=e4056.chtc.wisc.edu&noUDP&sock=slot1_93_16554_8a5a_68493>
...
040 (14312691.054.000) 2023-09-11 12:00:32 Finished transferring input files
...
001 (14312691.054.000) 2023-09-11 12:00:37 Job executing on host: <128.105.69.107:9618?addrs=128.105.69.107-9618+[2607-f388-2200-100-1270-fdff-fe56-bfe4]-9618&alias=e4056.chtc.wisc.edu&noUDP&sock=startd_16415_e733>
	SlotName: slot1_93@e4056.chtc.wisc.edu
	CondorScratchDir = "/var/lib/condor/execute/slot1/dir_1817555"
	Cpus = 1
	Disk = 1208198
	IoHeavy = 0
	Memory = 4096
...
006 (14312691.054.000) 2023-09-11 12:00:46 Image size of job updated: 272704
	168  -  MemoryUsage of job (MB)
	171520  -  ResidentSetSize of job (KB)
...
040 (14312691.054.000) 2023-09-11 12:01:37 Started transferring output files
...
040 (14312691.054.000) 2023-09-11 12:01:37 Finished transferring output files
...
005 (14312691.054.000) 2023-09-11 12:01:37 Job terminated.
	(1) Normal termination (return value 0)
		Usr 0 00:00:57, Sys 0 00:00:00  -  Run Remote Usage
		Usr 0 00:00:00, Sys 0 00:00:00  -  Run Local Usage
		Usr 0 00:00:57, Sys 0 00:00:00  -  Total Remote Usage
		Usr 0 00:00:00, Sys 0 00:00:00  -  Total Local Usage
	100373  -  Run Bytes Sent By Job
	32664896  -  Run Bytes Received By Job
	100373  -  Total Bytes Sent By Job
	32664896  -  Total Bytes Received By Job
	Partitionable Resources :    Usage  Request Allocated 
	   Cpus                 :                 1         1 
	   Disk (KB)            :   255003   524288   1208198 
	   IoHeavy              :                           0 
	   Memory (MB)          :      168     4096      4096 

	Job terminated of its own accord at 2023-09-11T17:01:37Z with exit-code 0.
...
