000 (13655293.318.000) 2023-09-05 00:33:11 Job submitted from host: <128.104.101.92:9618?addrs=128.104.101.92-9618+[2607-f388-107c-501-a236-9fff-fe3c-caa8]-9618&alias=submit2.chtc.wisc.edu&noUDP&sock=schedd_1879732_618e>
...
040 (13655293.318.000) 2023-09-05 00:56:06 Started transferring input files
	Transferring to host: <128.105.69.151:9618?addrs=128.105.69.151-9618+[2607-f388-2200-100-1270-fdff-fe56-7334]-9618&alias=e4028.chtc.wisc.edu&noUDP&sock=slot1_55_418228_35e8_10567>
...
001 (13655293.318.000) 2023-09-05 00:56:44 Job executing on host: <128.105.69.151:9618?addrs=128.105.69.151-9618+[2607-f388-2200-100-1270-fdff-fe56-7334]-9618&alias=e4028.chtc.wisc.edu&noUDP&sock=startd_27069_a935>
	SlotName: slot1_55@e4028.chtc.wisc.edu
	CondorScratchDir = "/var/lib/condor/execute/slot1/dir_1978195"
	Cpus = 1
	Disk = 1208198
	IoHeavy = 0
	Memory = 4096
...
040 (13655293.318.000) 2023-09-05 00:56:44 Finished transferring input files
...
006 (13655293.318.000) 2023-09-05 00:56:52 Image size of job updated: 692896
	677  -  MemoryUsage of job (MB)
	692896  -  ResidentSetSize of job (KB)
...
006 (13655293.318.000) 2023-09-05 01:01:52 Image size of job updated: 1283836
	1064  -  MemoryUsage of job (MB)
	1089176  -  ResidentSetSize of job (KB)
...
006 (13655293.318.000) 2023-09-05 01:06:53 Image size of job updated: 1283836
	1075  -  MemoryUsage of job (MB)
	1100516  -  ResidentSetSize of job (KB)
...
006 (13655293.318.000) 2023-09-05 01:16:54 Image size of job updated: 1283836
	1077  -  MemoryUsage of job (MB)
	1102436  -  ResidentSetSize of job (KB)
...
006 (13655293.318.000) 2023-09-05 01:21:54 Image size of job updated: 1283836
	1086  -  MemoryUsage of job (MB)
	1111724  -  ResidentSetSize of job (KB)
...
006 (13655293.318.000) 2023-09-05 04:47:15 Image size of job updated: 1283836
	1092  -  MemoryUsage of job (MB)
	1117784  -  ResidentSetSize of job (KB)
...
006 (13655293.318.000) 2023-09-05 06:17:25 Image size of job updated: 1283836
	1092  -  MemoryUsage of job (MB)
	1117788  -  ResidentSetSize of job (KB)
...
006 (13655293.318.000) 2023-09-05 07:12:32 Image size of job updated: 1283836
	1092  -  MemoryUsage of job (MB)
	1117796  -  ResidentSetSize of job (KB)
...
006 (13655293.318.000) 2023-09-05 08:12:39 Image size of job updated: 1283836
	1092  -  MemoryUsage of job (MB)
	1117800  -  ResidentSetSize of job (KB)
...
006 (13655293.318.000) 2023-09-05 09:02:45 Image size of job updated: 1283836
	1092  -  MemoryUsage of job (MB)
	1118052  -  ResidentSetSize of job (KB)
...
006 (13655293.318.000) 2023-09-05 21:54:00 Image size of job updated: 1283836
	1092  -  MemoryUsage of job (MB)
	1118060  -  ResidentSetSize of job (KB)
...
006 (13655293.318.000) 2023-09-05 22:04:01 Image size of job updated: 1283836
	1092  -  MemoryUsage of job (MB)
	1118064  -  ResidentSetSize of job (KB)
...
006 (13655293.318.000) 2023-09-05 22:19:03 Image size of job updated: 1283836
	1093  -  MemoryUsage of job (MB)
	1118320  -  ResidentSetSize of job (KB)
...
006 (13655293.318.000) 2023-09-05 22:51:24 Image size of job updated: 1419340
	1093  -  MemoryUsage of job (MB)
	1118320  -  ResidentSetSize of job (KB)
...
040 (13655293.318.000) 2023-09-05 22:51:24 Started transferring output files
...
040 (13655293.318.000) 2023-09-05 22:51:24 Finished transferring output files
...
005 (13655293.318.000) 2023-09-05 22:51:24 Job terminated.
	(1) Normal termination (return value 0)
		Usr 0 21:32:31, Sys 0 00:03:35  -  Run Remote Usage
		Usr 0 00:00:00, Sys 0 00:00:00  -  Run Local Usage
		Usr 0 21:32:31, Sys 0 00:03:35  -  Total Remote Usage
		Usr 0 00:00:00, Sys 0 00:00:00  -  Total Local Usage
	1309631  -  Run Bytes Sent By Job
	32652772  -  Run Bytes Received By Job
	1309631  -  Total Bytes Sent By Job
	32652772  -  Total Bytes Received By Job
	Partitionable Resources :     Usage  Request Allocated 
	   Cpus                 :      0.99        1         1 
	   Disk (KB)            : 274902      524288   1208198 
	   IoHeavy              :                            0 
	   Memory (MB)          :   1093        4096      4096 

	Job terminated of its own accord at 2023-09-06T03:51:24Z with exit-code 0.
...
