000 (14312692.045.000) 2023-09-11 11:54:29 Job submitted from host: <128.104.101.92:9618?addrs=128.104.101.92-9618+[2607-f388-107c-501-a236-9fff-fe3c-caa8]-9618&alias=submit2.chtc.wisc.edu&noUDP&sock=schedd_1879732_618e>
...
040 (14312692.045.000) 2023-09-11 12:00:40 Started transferring input files
	Transferring to host: <128.105.69.110:9618?addrs=128.105.69.110-9618+[2607-f388-2200-100-1270-fdff-fe56-cf24]-9618&alias=e4059.chtc.wisc.edu&noUDP&sock=slot1_39_16465_d4f7_50776>
...
040 (14312692.045.000) 2023-09-11 12:00:41 Finished transferring input files
...
001 (14312692.045.000) 2023-09-11 12:00:42 Job executing on host: <128.105.69.110:9618?addrs=128.105.69.110-9618+[2607-f388-2200-100-1270-fdff-fe56-cf24]-9618&alias=e4059.chtc.wisc.edu&noUDP&sock=startd_12094_0e79>
	SlotName: slot1_39@e4059.chtc.wisc.edu
	CondorScratchDir = "/var/lib/condor/execute/slot1/dir_3167590"
	Cpus = 1
	Disk = 1208198
	IoHeavy = 0
	Memory = 4096
...
006 (14312692.045.000) 2023-09-11 12:00:51 Image size of job updated: 716008
	700  -  MemoryUsage of job (MB)
	716008  -  ResidentSetSize of job (KB)
...
006 (14312692.045.000) 2023-09-11 12:02:57 Image size of job updated: 816656
	700  -  MemoryUsage of job (MB)
	716264  -  ResidentSetSize of job (KB)
...
040 (14312692.045.000) 2023-09-11 12:02:57 Started transferring output files
...
040 (14312692.045.000) 2023-09-11 12:02:57 Finished transferring output files
...
005 (14312692.045.000) 2023-09-11 12:02:58 Job terminated.
	(1) Normal termination (return value 0)
		Usr 0 00:02:08, Sys 0 00:00:03  -  Run Remote Usage
		Usr 0 00:00:00, Sys 0 00:00:00  -  Run Local Usage
		Usr 0 00:02:08, Sys 0 00:00:03  -  Total Remote Usage
		Usr 0 00:00:00, Sys 0 00:00:00  -  Total Local Usage
	120928  -  Run Bytes Sent By Job
	32720412  -  Run Bytes Received By Job
	120928  -  Total Bytes Sent By Job
	32720412  -  Total Bytes Received By Job
	Partitionable Resources :    Usage  Request Allocated 
	   Cpus                 :                 1         1 
	   Disk (KB)            :   261277   524288   1208198 
	   IoHeavy              :                           0 
	   Memory (MB)          :      700     4096      4096 

	Job terminated of its own accord at 2023-09-11T17:02:57Z with exit-code 0.
...
