000 (14312691.006.000) 2023-09-11 11:54:06 Job submitted from host: <128.104.101.92:9618?addrs=128.104.101.92-9618+[2607-f388-107c-501-a236-9fff-fe3c-caa8]-9618&alias=submit2.chtc.wisc.edu&noUDP&sock=schedd_1879732_618e>
...
040 (14312691.006.000) 2023-09-11 12:00:22 Started transferring input files
	Transferring to host: <128.105.69.166:9618?addrs=128.105.69.166-9618+[2607-f388-2200-100-1270-fdff-fe56-717c]-9618&alias=e2549.chtc.wisc.edu&noUDP&sock=slot1_30_3372177_8202_115737>
...
040 (14312691.006.000) 2023-09-11 12:00:24 Finished transferring input files
...
001 (14312691.006.000) 2023-09-11 12:00:26 Job executing on host: <128.105.69.166:9618?addrs=128.105.69.166-9618+[2607-f388-2200-100-1270-fdff-fe56-717c]-9618&alias=e2549.chtc.wisc.edu&noUDP&sock=startd_12925_0dac>
	SlotName: slot1_30@e2549.chtc.wisc.edu
	CondorScratchDir = "/var/lib/condor/execute/slot1/dir_3500388"
	Cpus = 1
	Disk = 1208198
	IoHeavy = 0
	Memory = 4096
...
006 (14312691.006.000) 2023-09-11 12:00:35 Image size of job updated: 379292
	291  -  MemoryUsage of job (MB)
	297616  -  ResidentSetSize of job (KB)
...
006 (14312691.006.000) 2023-09-11 12:05:36 Image size of job updated: 379292
	312  -  MemoryUsage of job (MB)
	318736  -  ResidentSetSize of job (KB)
...
006 (14312691.006.000) 2023-09-11 12:10:36 Image size of job updated: 379292
	313  -  MemoryUsage of job (MB)
	320144  -  ResidentSetSize of job (KB)
...
006 (14312691.006.000) 2023-09-11 12:15:37 Image size of job updated: 379292
	316  -  MemoryUsage of job (MB)
	323184  -  ResidentSetSize of job (KB)
...
006 (14312691.006.000) 2023-09-11 12:20:38 Image size of job updated: 379292
	318  -  MemoryUsage of job (MB)
	324720  -  ResidentSetSize of job (KB)
...
040 (14312691.006.000) 2023-09-11 12:28:49 Started transferring output files
...
040 (14312691.006.000) 2023-09-11 12:28:49 Finished transferring output files
...
005 (14312691.006.000) 2023-09-11 12:28:49 Job terminated.
	(1) Normal termination (return value 0)
		Usr 0 00:27:56, Sys 0 00:00:04  -  Run Remote Usage
		Usr 0 00:00:00, Sys 0 00:00:00  -  Run Local Usage
		Usr 0 00:27:56, Sys 0 00:00:04  -  Total Remote Usage
		Usr 0 00:00:00, Sys 0 00:00:00  -  Total Local Usage
	448580  -  Run Bytes Sent By Job
	32664896  -  Run Bytes Received By Job
	448580  -  Total Bytes Sent By Job
	32664896  -  Total Bytes Received By Job
	Partitionable Resources :     Usage  Request Allocated 
	   Cpus                 :      0.98        1         1 
	   Disk (KB)            : 255353      524288   1208198 
	   IoHeavy              :                            0 
	   Memory (MB)          :    318        4096      4096 

	Job terminated of its own accord at 2023-09-11T17:28:49Z with exit-code 0.
...
