000 (13655293.133.000) 2023-09-05 00:33:11 Job submitted from host: <128.104.101.92:9618?addrs=128.104.101.92-9618+[2607-f388-107c-501-a236-9fff-fe3c-caa8]-9618&alias=submit2.chtc.wisc.edu&noUDP&sock=schedd_1879732_618e>
...
040 (13655293.133.000) 2023-09-05 00:36:40 Started transferring input files
	Transferring to host: <128.105.69.91:9618?addrs=128.105.69.91-9618+[2607-f388-2200-100-1270-fdff-fe56-41c4]-9618&alias=e4002.chtc.wisc.edu&noUDP&sock=slot1_69_1583588_c105_57642>
...
001 (13655293.133.000) 2023-09-05 00:36:51 Job executing on host: <128.105.69.91:9618?addrs=128.105.69.91-9618+[2607-f388-2200-100-1270-fdff-fe56-41c4]-9618&alias=e4002.chtc.wisc.edu&noUDP&sock=startd_14707_5b71>
	SlotName: slot1_69@e4002.chtc.wisc.edu
	CondorScratchDir = "/var/lib/condor/execute/slot1/dir_2742010"
	Cpus = 1
	Disk = 1268229
	IoHeavy = 0
	Memory = 4096
...
040 (13655293.133.000) 2023-09-05 00:36:51 Finished transferring input files
...
006 (13655293.133.000) 2023-09-05 00:36:59 Image size of job updated: 710960
	695  -  MemoryUsage of job (MB)
	710960  -  ResidentSetSize of job (KB)
...
006 (13655293.133.000) 2023-09-05 00:42:00 Image size of job updated: 1290620
	1075  -  MemoryUsage of job (MB)
	1100424  -  ResidentSetSize of job (KB)
...
006 (13655293.133.000) 2023-09-05 00:47:01 Image size of job updated: 1290620
	1084  -  MemoryUsage of job (MB)
	1109924  -  ResidentSetSize of job (KB)
...
006 (13655293.133.000) 2023-09-05 01:02:03 Image size of job updated: 1290620
	1085  -  MemoryUsage of job (MB)
	1110852  -  ResidentSetSize of job (KB)
...
006 (13655293.133.000) 2023-09-05 01:22:04 Image size of job updated: 1290620
	1091  -  MemoryUsage of job (MB)
	1116668  -  ResidentSetSize of job (KB)
...
006 (13655293.133.000) 2023-09-05 23:55:11 Image size of job updated: 1411232
	1091  -  MemoryUsage of job (MB)
	1116668  -  ResidentSetSize of job (KB)
...
040 (13655293.133.000) 2023-09-05 23:55:11 Started transferring output files
...
040 (13655293.133.000) 2023-09-05 23:55:11 Finished transferring output files
...
005 (13655293.133.000) 2023-09-05 23:55:11 Job terminated.
	(1) Normal termination (return value 0)
		Usr 0 22:49:42, Sys 0 00:05:12  -  Run Remote Usage
		Usr 0 00:00:00, Sys 0 00:00:00  -  Run Local Usage
		Usr 0 22:49:42, Sys 0 00:05:12  -  Total Remote Usage
		Usr 0 00:00:00, Sys 0 00:00:00  -  Total Local Usage
	1309307  -  Run Bytes Sent By Job
	32652772  -  Run Bytes Received By Job
	1309307  -  Total Bytes Sent By Job
	32652772  -  Total Bytes Received By Job
	Partitionable Resources :     Usage  Request Allocated 
	   Cpus                 :      0.99        1         1 
	   Disk (KB)            : 274875      524288   1268229 
	   IoHeavy              :                            0 
	   Memory (MB)          :   1091        4096      4096 

	Job terminated of its own accord at 2023-09-06T04:55:11Z with exit-code 0.
...
