000 (14269004.006.000) 2023-09-11 03:23:01 Job submitted from host: <128.104.101.92:9618?addrs=128.104.101.92-9618+[2607-f388-107c-501-a236-9fff-fe3c-caa8]-9618&alias=submit2.chtc.wisc.edu&noUDP&sock=schedd_1879732_618e>
...
040 (14269004.006.000) 2023-09-11 03:25:35 Started transferring input files
	Transferring to host: <128.105.69.143:9618?addrs=128.105.69.143-9618+[2607-f388-2200-100-1270-fdff-fe56-7694]-9618&alias=e4020.chtc.wisc.edu&noUDP&sock=slot1_129_3972775_21a9_83525>
...
040 (14269004.006.000) 2023-09-11 03:25:38 Finished transferring input files
...
001 (14269004.006.000) 2023-09-11 03:25:39 Job executing on host: <128.105.69.143:9618?addrs=128.105.69.143-9618+[2607-f388-2200-100-1270-fdff-fe56-7694]-9618&alias=e4020.chtc.wisc.edu&noUDP&sock=startd_15912_e310>
	SlotName: slot1_129@e4020.chtc.wisc.edu
	CondorScratchDir = "/var/lib/condor/execute/slot1/dir_3136549"
	Cpus = 1
	Disk = 1208198
	IoHeavy = 0
	Memory = 4096
...
006 (14269004.006.000) 2023-09-11 03:25:48 Image size of job updated: 272828
	138  -  MemoryUsage of job (MB)
	140932  -  ResidentSetSize of job (KB)
...
006 (14269004.006.000) 2023-09-11 03:30:49 Image size of job updated: 272828
	203  -  MemoryUsage of job (MB)
	207772  -  ResidentSetSize of job (KB)
...
006 (14269004.006.000) 2023-09-11 03:35:49 Image size of job updated: 272828
	206  -  MemoryUsage of job (MB)
	210460  -  ResidentSetSize of job (KB)
...
040 (14269004.006.000) 2023-09-11 04:16:47 Started transferring output files
...
040 (14269004.006.000) 2023-09-11 04:16:47 Finished transferring output files
...
005 (14269004.006.000) 2023-09-11 04:16:47 Job terminated.
	(1) Normal termination (return value 0)
		Usr 0 00:50:25, Sys 0 00:00:03  -  Run Remote Usage
		Usr 0 00:00:00, Sys 0 00:00:00  -  Run Local Usage
		Usr 0 00:50:25, Sys 0 00:00:03  -  Total Remote Usage
		Usr 0 00:00:00, Sys 0 00:00:00  -  Total Local Usage
	437907  -  Run Bytes Sent By Job
	32664898  -  Run Bytes Received By Job
	437907  -  Total Bytes Sent By Job
	32664898  -  Total Bytes Received By Job
	Partitionable Resources :     Usage  Request Allocated 
	   Cpus                 :      0.99        1         1 
	   Disk (KB)            : 255341      524288   1208198 
	   IoHeavy              :                            0 
	   Memory (MB)          :    206        4096      4096 

	Job terminated of its own accord at 2023-09-11T09:16:46Z with exit-code 0.
...
