000 (13655293.221.000) 2023-09-05 00:33:11 Job submitted from host: <128.104.101.92:9618?addrs=128.104.101.92-9618+[2607-f388-107c-501-a236-9fff-fe3c-caa8]-9618&alias=submit2.chtc.wisc.edu&noUDP&sock=schedd_1879732_618e>
...
040 (13655293.221.000) 2023-09-05 00:44:42 Started transferring input files
	Transferring to host: <128.105.69.185:9618?addrs=128.105.69.185-9618+[2607-f388-2200-100-1270-fdff-fe56-c0d4]-9618&alias=e4037.chtc.wisc.edu&noUDP&sock=slot1_36_2954895_96f9_64241>
...
040 (13655293.221.000) 2023-09-05 00:44:44 Finished transferring input files
...
001 (13655293.221.000) 2023-09-05 00:44:46 Job executing on host: <128.105.69.185:9618?addrs=128.105.69.185-9618+[2607-f388-2200-100-1270-fdff-fe56-c0d4]-9618&alias=e4037.chtc.wisc.edu&noUDP&sock=startd_16018_981a>
	SlotName: slot1_36@e4037.chtc.wisc.edu
	CondorScratchDir = "/var/lib/condor/execute/slot1/dir_1522611"
	Cpus = 1
	Disk = 1208198
	IoHeavy = 0
	Memory = 4096
...
006 (13655293.221.000) 2023-09-05 00:44:55 Image size of job updated: 704848
	270  -  MemoryUsage of job (MB)
	276016  -  ResidentSetSize of job (KB)
...
006 (13655293.221.000) 2023-09-05 00:49:56 Image size of job updated: 1172232
	970  -  MemoryUsage of job (MB)
	992968  -  ResidentSetSize of job (KB)
...
006 (13655293.221.000) 2023-09-05 00:54:56 Image size of job updated: 1172232
	972  -  MemoryUsage of job (MB)
	995276  -  ResidentSetSize of job (KB)
...
006 (13655293.221.000) 2023-09-05 01:00:06 Image size of job updated: 1172232
	976  -  MemoryUsage of job (MB)
	998860  -  ResidentSetSize of job (KB)
...
006 (13655293.221.000) 2023-09-05 01:04:58 Image size of job updated: 1172232
	982  -  MemoryUsage of job (MB)
	1004772  -  ResidentSetSize of job (KB)
...
006 (13655293.221.000) 2023-09-05 01:25:00 Image size of job updated: 1172232
	987  -  MemoryUsage of job (MB)
	1010152  -  ResidentSetSize of job (KB)
...
006 (13655293.221.000) 2023-09-05 22:50:57 Image size of job updated: 1305072
	987  -  MemoryUsage of job (MB)
	1010152  -  ResidentSetSize of job (KB)
...
040 (13655293.221.000) 2023-09-05 22:50:57 Started transferring output files
...
040 (13655293.221.000) 2023-09-05 22:50:57 Finished transferring output files
...
005 (13655293.221.000) 2023-09-05 22:50:57 Job terminated.
	(1) Normal termination (return value 0)
		Usr 0 21:39:32, Sys 0 00:06:23  -  Run Remote Usage
		Usr 0 00:00:00, Sys 0 00:00:00  -  Run Local Usage
		Usr 0 21:39:32, Sys 0 00:06:23  -  Total Remote Usage
		Usr 0 00:00:00, Sys 0 00:00:00  -  Total Local Usage
	1309703  -  Run Bytes Sent By Job
	32652772  -  Run Bytes Received By Job
	1309703  -  Total Bytes Sent By Job
	32652772  -  Total Bytes Received By Job
	Partitionable Resources :     Usage  Request Allocated 
	   Cpus                 :      0.98        1         1 
	   Disk (KB)            : 274895      524288   1208198 
	   IoHeavy              :                            0 
	   Memory (MB)          :    987        4096      4096 

	Job terminated of its own accord at 2023-09-06T03:50:57Z with exit-code 0.
...
