000 (13655293.020.000) 2023-09-05 00:33:11 Job submitted from host: <128.104.101.92:9618?addrs=128.104.101.92-9618+[2607-f388-107c-501-a236-9fff-fe3c-caa8]-9618&alias=submit2.chtc.wisc.edu&noUDP&sock=schedd_1879732_618e>
...
040 (13655293.020.000) 2023-09-05 00:36:08 Started transferring input files
	Transferring to host: <128.105.69.148:9618?addrs=128.105.69.148-9618+[2607-f388-2200-100-1270-fdff-fe56-ceec]-9618&alias=build4001.chtc.wisc.edu&noUDP&sock=slot3_34_2852113_5f65_68828>
...
040 (13655293.020.000) 2023-09-05 00:36:09 Finished transferring input files
...
001 (13655293.020.000) 2023-09-05 00:36:12 Job executing on host: <128.105.69.148:9618?addrs=128.105.69.148-9618+[2607-f388-2200-100-1270-fdff-fe56-ceec]-9618&alias=build4001.chtc.wisc.edu&noUDP&sock=startd_16163_0d56>
	SlotName: slot3_34@build4001.chtc.wisc.edu
	CondorScratchDir = "/var/lib/condor/execute/slot3/dir_880000"
	Cpus = 1
	Disk = 1208198
	IoHeavy = 0
	Memory = 4096
...
006 (13655293.020.000) 2023-09-05 00:36:20 Image size of job updated: 593984
	581  -  MemoryUsage of job (MB)
	593984  -  ResidentSetSize of job (KB)
...
006 (13655293.020.000) 2023-09-05 00:41:20 Image size of job updated: 1192404
	983  -  MemoryUsage of job (MB)
	1005756  -  ResidentSetSize of job (KB)
...
006 (13655293.020.000) 2023-09-05 00:46:20 Image size of job updated: 1192404
	992  -  MemoryUsage of job (MB)
	1015128  -  ResidentSetSize of job (KB)
...
006 (13655293.020.000) 2023-09-05 01:01:22 Image size of job updated: 1192404
	995  -  MemoryUsage of job (MB)
	1018344  -  ResidentSetSize of job (KB)
...
006 (13655293.020.000) 2023-09-05 01:06:23 Image size of job updated: 1192404
	1006  -  MemoryUsage of job (MB)
	1029608  -  ResidentSetSize of job (KB)
...
006 (13655293.020.000) 2023-09-05 01:31:26 Image size of job updated: 1192404
	1013  -  MemoryUsage of job (MB)
	1036328  -  ResidentSetSize of job (KB)
...
006 (13655293.020.000) 2023-09-05 19:00:49 Image size of job updated: 1325792
	1013  -  MemoryUsage of job (MB)
	1036328  -  ResidentSetSize of job (KB)
...
040 (13655293.020.000) 2023-09-05 19:00:49 Started transferring output files
...
040 (13655293.020.000) 2023-09-05 19:00:49 Finished transferring output files
...
005 (13655293.020.000) 2023-09-05 19:00:49 Job terminated.
	(1) Normal termination (return value 0)
		Usr 0 18:06:00, Sys 0 00:03:06  -  Run Remote Usage
		Usr 0 00:00:00, Sys 0 00:00:00  -  Run Local Usage
		Usr 0 18:06:00, Sys 0 00:03:06  -  Total Remote Usage
		Usr 0 00:00:00, Sys 0 00:00:00  -  Total Local Usage
	1309520  -  Run Bytes Sent By Job
	32652772  -  Run Bytes Received By Job
	1309520  -  Total Bytes Sent By Job
	32652772  -  Total Bytes Received By Job
	Partitionable Resources :     Usage  Request Allocated 
	   Cpus                 :      0.99        1         1 
	   Disk (KB)            : 274903      524288   1208198 
	   IoHeavy              :                            0 
	   Memory (MB)          :   1013        4096      4096 

	Job terminated of its own accord at 2023-09-06T00:00:49Z with exit-code 0.
...
