000 (13655293.441.000) 2023-09-05 00:33:11 Job submitted from host: <128.104.101.92:9618?addrs=128.104.101.92-9618+[2607-f388-107c-501-a236-9fff-fe3c-caa8]-9618&alias=submit2.chtc.wisc.edu&noUDP&sock=schedd_1879732_618e>
...
040 (13655293.441.000) 2023-09-05 00:56:14 Started transferring input files
	Transferring to host: <128.105.69.236:9618?addrs=128.105.69.236-9618+[2607-f388-2200-100-eaeb-d3ff-fe40-2044]-9618&alias=e2619.chtc.wisc.edu&noUDP&sock=slot1_109_238428_d859_58468>
...
001 (13655293.441.000) 2023-09-05 00:56:35 Job executing on host: <128.105.69.236:9618?addrs=128.105.69.236-9618+[2607-f388-2200-100-eaeb-d3ff-fe40-2044]-9618&alias=e2619.chtc.wisc.edu&noUDP&sock=startd_18724_af61>
	SlotName: slot1_109@e2619.chtc.wisc.edu
	CondorScratchDir = "/var/lib/condor/execute/slot1/dir_594073"
	Cpus = 1
	Disk = 1458998
	IoHeavy = 0
	Memory = 4096
...
040 (13655293.441.000) 2023-09-05 00:56:35 Finished transferring input files
...
006 (13655293.441.000) 2023-09-05 00:56:44 Image size of job updated: 630668
	616  -  MemoryUsage of job (MB)
	630668  -  ResidentSetSize of job (KB)
...
006 (13655293.441.000) 2023-09-05 01:01:46 Image size of job updated: 1276608
	1059  -  MemoryUsage of job (MB)
	1083404  -  ResidentSetSize of job (KB)
...
006 (13655293.441.000) 2023-09-05 01:06:46 Image size of job updated: 1276608
	1076  -  MemoryUsage of job (MB)
	1101156  -  ResidentSetSize of job (KB)
...
006 (13655293.441.000) 2023-09-05 01:11:50 Image size of job updated: 1276608
	1078  -  MemoryUsage of job (MB)
	1103320  -  ResidentSetSize of job (KB)
...
006 (13655293.441.000) 2023-09-05 01:16:47 Image size of job updated: 1276608
	1081  -  MemoryUsage of job (MB)
	1106136  -  ResidentSetSize of job (KB)
...
006 (13655293.441.000) 2023-09-05 02:16:54 Image size of job updated: 1276608
	1081  -  MemoryUsage of job (MB)
	1106240  -  ResidentSetSize of job (KB)
...
006 (13655293.441.000) 2023-09-05 02:46:57 Image size of job updated: 1276608
	1088  -  MemoryUsage of job (MB)
	1113668  -  ResidentSetSize of job (KB)
...
006 (13655293.441.000) 2023-09-05 20:41:53 Image size of job updated: 1340060
	1088  -  MemoryUsage of job (MB)
	1113668  -  ResidentSetSize of job (KB)
...
040 (13655293.441.000) 2023-09-05 20:41:53 Started transferring output files
...
040 (13655293.441.000) 2023-09-05 20:41:53 Finished transferring output files
...
005 (13655293.441.000) 2023-09-05 20:41:54 Job terminated.
	(1) Normal termination (return value 0)
		Usr 0 19:24:03, Sys 0 00:02:41  -  Run Remote Usage
		Usr 0 00:00:00, Sys 0 00:00:00  -  Run Local Usage
		Usr 0 19:24:03, Sys 0 00:02:41  -  Total Remote Usage
		Usr 0 00:00:00, Sys 0 00:00:00  -  Total Local Usage
	1309629  -  Run Bytes Sent By Job
	32652772  -  Run Bytes Received By Job
	1309629  -  Total Bytes Sent By Job
	32652772  -  Total Bytes Received By Job
	Partitionable Resources :     Usage  Request Allocated 
	   Cpus                 :      1.00        1         1 
	   Disk (KB)            : 274877      524288   1458998 
	   IoHeavy              :                            0 
	   Memory (MB)          :   1088        4096      4096 

	Job terminated of its own accord at 2023-09-06T01:41:53Z with exit-code 0.
...
