000 (14312691.008.000) 2023-09-11 11:54:06 Job submitted from host: <128.104.101.92:9618?addrs=128.104.101.92-9618+[2607-f388-107c-501-a236-9fff-fe3c-caa8]-9618&alias=submit2.chtc.wisc.edu&noUDP&sock=schedd_1879732_618e>
...
040 (14312691.008.000) 2023-09-11 12:00:21 Started transferring input files
	Transferring to host: <128.105.69.175:9618?addrs=128.105.69.175-9618+[2607-f388-2200-100-1270-fdff-fe56-63d4]-9618&alias=e2558.chtc.wisc.edu&noUDP&sock=slot1_13_4096578_8b73_92338>
...
040 (14312691.008.000) 2023-09-11 12:00:23 Finished transferring input files
...
001 (14312691.008.000) 2023-09-11 12:00:25 Job executing on host: <128.105.69.175:9618?addrs=128.105.69.175-9618+[2607-f388-2200-100-1270-fdff-fe56-63d4]-9618&alias=e2558.chtc.wisc.edu&noUDP&sock=startd_13980_b217>
	SlotName: slot1_13@e2558.chtc.wisc.edu
	CondorScratchDir = "/var/lib/condor/execute/slot1/dir_2461936"
	Cpus = 1
	Disk = 1208198
	IoHeavy = 0
	Memory = 4096
...
006 (14312691.008.000) 2023-09-11 12:00:34 Image size of job updated: 379440
	294  -  MemoryUsage of job (MB)
	300816  -  ResidentSetSize of job (KB)
...
006 (14312691.008.000) 2023-09-11 12:05:34 Image size of job updated: 379440
	302  -  MemoryUsage of job (MB)
	308368  -  ResidentSetSize of job (KB)
...
006 (14312691.008.000) 2023-09-11 12:10:34 Image size of job updated: 379440
	307  -  MemoryUsage of job (MB)
	314320  -  ResidentSetSize of job (KB)
...
040 (14312691.008.000) 2023-09-11 12:12:14 Started transferring output files
...
040 (14312691.008.000) 2023-09-11 12:12:14 Finished transferring output files
...
005 (14312691.008.000) 2023-09-11 12:12:14 Job terminated.
	(1) Normal termination (return value 0)
		Usr 0 00:11:35, Sys 0 00:00:01  -  Run Remote Usage
		Usr 0 00:00:00, Sys 0 00:00:00  -  Run Local Usage
		Usr 0 00:11:35, Sys 0 00:00:01  -  Total Remote Usage
		Usr 0 00:00:00, Sys 0 00:00:00  -  Total Local Usage
	325666  -  Run Bytes Sent By Job
	32664896  -  Run Bytes Received By Job
	325666  -  Total Bytes Sent By Job
	32664896  -  Total Bytes Received By Job
	Partitionable Resources :     Usage  Request Allocated 
	   Cpus                 :      0.99        1         1 
	   Disk (KB)            : 255233      524288   1208198 
	   IoHeavy              :                            0 
	   Memory (MB)          :    307        4096      4096 

	Job terminated of its own accord at 2023-09-11T17:12:14Z with exit-code 0.
...
