000 (13655293.079.000) 2023-09-05 00:33:11 Job submitted from host: <128.104.101.92:9618?addrs=128.104.101.92-9618+[2607-f388-107c-501-a236-9fff-fe3c-caa8]-9618&alias=submit2.chtc.wisc.edu&noUDP&sock=schedd_1879732_618e>
...
040 (13655293.079.000) 2023-09-05 00:36:16 Started transferring input files
	Transferring to host: <128.105.69.110:9618?addrs=128.105.69.110-9618+[2607-f388-2200-100-1270-fdff-fe56-cf24]-9618&alias=e4059.chtc.wisc.edu&noUDP&sock=slot1_71_16465_d4f7_12339>
...
001 (13655293.079.000) 2023-09-05 00:36:23 Job executing on host: <128.105.69.110:9618?addrs=128.105.69.110-9618+[2607-f388-2200-100-1270-fdff-fe56-cf24]-9618&alias=e4059.chtc.wisc.edu&noUDP&sock=startd_12094_0e79>
	SlotName: slot1_71@e4059.chtc.wisc.edu
	CondorScratchDir = "/var/lib/condor/execute/slot1/dir_3424839"
	Cpus = 1
	Disk = 1208198
	IoHeavy = 0
	Memory = 4096
...
040 (13655293.079.000) 2023-09-05 00:36:23 Finished transferring input files
...
006 (13655293.079.000) 2023-09-05 00:36:31 Image size of job updated: 710652
	694  -  MemoryUsage of job (MB)
	710652  -  ResidentSetSize of job (KB)
...
006 (13655293.079.000) 2023-09-05 00:41:31 Image size of job updated: 1288632
	1073  -  MemoryUsage of job (MB)
	1098376  -  ResidentSetSize of job (KB)
...
006 (13655293.079.000) 2023-09-05 00:46:32 Image size of job updated: 1288632
	1076  -  MemoryUsage of job (MB)
	1101072  -  ResidentSetSize of job (KB)
...
006 (13655293.079.000) 2023-09-05 01:11:33 Image size of job updated: 1288632
	1080  -  MemoryUsage of job (MB)
	1105100  -  ResidentSetSize of job (KB)
...
006 (13655293.079.000) 2023-09-05 01:31:36 Image size of job updated: 1288632
	1089  -  MemoryUsage of job (MB)
	1114464  -  ResidentSetSize of job (KB)
...
006 (13655293.079.000) 2023-09-05 01:51:38 Image size of job updated: 1288632
	1089  -  MemoryUsage of job (MB)
	1114680  -  ResidentSetSize of job (KB)
...
006 (13655293.079.000) 2023-09-05 22:09:39 Image size of job updated: 1387792
	1089  -  MemoryUsage of job (MB)
	1114680  -  ResidentSetSize of job (KB)
...
040 (13655293.079.000) 2023-09-05 22:09:39 Started transferring output files
...
040 (13655293.079.000) 2023-09-05 22:09:39 Finished transferring output files
...
005 (13655293.079.000) 2023-09-05 22:09:39 Job terminated.
	(1) Normal termination (return value 0)
		Usr 0 21:11:09, Sys 0 00:01:51  -  Run Remote Usage
		Usr 0 00:00:00, Sys 0 00:00:00  -  Run Local Usage
		Usr 0 21:11:09, Sys 0 00:01:51  -  Total Remote Usage
		Usr 0 00:00:00, Sys 0 00:00:00  -  Total Local Usage
	1309561  -  Run Bytes Sent By Job
	32652772  -  Run Bytes Received By Job
	1309561  -  Total Bytes Sent By Job
	32652772  -  Total Bytes Received By Job
	Partitionable Resources :     Usage  Request Allocated 
	   Cpus                 :      0.98        1         1 
	   Disk (KB)            : 274911      524288   1208198 
	   IoHeavy              :                            0 
	   Memory (MB)          :   1089        4096      4096 

	Job terminated of its own accord at 2023-09-06T03:09:39Z with exit-code 0.
...
