000 (14269004.011.000) 2023-09-11 03:23:01 Job submitted from host: <128.104.101.92:9618?addrs=128.104.101.92-9618+[2607-f388-107c-501-a236-9fff-fe3c-caa8]-9618&alias=submit2.chtc.wisc.edu&noUDP&sock=schedd_1879732_618e>
...
040 (14269004.011.000) 2023-09-11 03:25:36 Started transferring input files
	Transferring to host: <128.105.69.203:9618?addrs=128.105.69.203-9618+[2607-f388-2200-100-1270-fdff-fe56-c37c]-9618&alias=e4034.chtc.wisc.edu&noUDP&sock=slot1_72_3185209_a34f_84421>
...
040 (14269004.011.000) 2023-09-11 03:25:40 Finished transferring input files
...
001 (14269004.011.000) 2023-09-11 03:25:41 Job executing on host: <128.105.69.203:9618?addrs=128.105.69.203-9618+[2607-f388-2200-100-1270-fdff-fe56-c37c]-9618&alias=e4034.chtc.wisc.edu&noUDP&sock=startd_15838_210e>
	SlotName: slot1_72@e4034.chtc.wisc.edu
	CondorScratchDir = "/var/lib/condor/execute/slot1/dir_3032577"
	Cpus = 1
	Disk = 1208198
	IoHeavy = 0
	Memory = 4096
...
006 (14269004.011.000) 2023-09-11 03:25:49 Image size of job updated: 381096
	350  -  MemoryUsage of job (MB)
	357492  -  ResidentSetSize of job (KB)
...
006 (14269004.011.000) 2023-09-11 03:30:49 Image size of job updated: 381096
	350  -  MemoryUsage of job (MB)
	357748  -  ResidentSetSize of job (KB)
...
040 (14269004.011.000) 2023-09-11 03:54:16 Started transferring output files
...
040 (14269004.011.000) 2023-09-11 03:54:16 Finished transferring output files
...
005 (14269004.011.000) 2023-09-11 03:54:16 Job terminated.
	(1) Normal termination (return value 0)
		Usr 0 00:27:41, Sys 0 00:00:04  -  Run Remote Usage
		Usr 0 00:00:00, Sys 0 00:00:00  -  Run Local Usage
		Usr 0 00:27:41, Sys 0 00:00:04  -  Total Remote Usage
		Usr 0 00:00:00, Sys 0 00:00:00  -  Total Local Usage
	316635  -  Run Bytes Sent By Job
	32664898  -  Run Bytes Received By Job
	316635  -  Total Bytes Sent By Job
	32664898  -  Total Bytes Received By Job
	Partitionable Resources :     Usage  Request Allocated 
	   Cpus                 :      0.99        1         1 
	   Disk (KB)            : 255898      524288   1208198 
	   IoHeavy              :                            0 
	   Memory (MB)          :    350        4096      4096 

	Job terminated of its own accord at 2023-09-11T08:54:16Z with exit-code 0.
...
