000 (13655293.273.000) 2023-09-05 00:33:11 Job submitted from host: <128.104.101.92:9618?addrs=128.104.101.92-9618+[2607-f388-107c-501-a236-9fff-fe3c-caa8]-9618&alias=submit2.chtc.wisc.edu&noUDP&sock=schedd_1879732_618e>
...
040 (13655293.273.000) 2023-09-05 00:48:41 Started transferring input files
	Transferring to host: <128.105.69.169:9618?addrs=128.105.69.169-9618+[2607-f388-2200-100-1270-fdff-fe56-710c]-9618&alias=e2552.chtc.wisc.edu&noUDP&sock=slot1_27_2055682_af43_92>
...
040 (13655293.273.000) 2023-09-05 00:48:42 Finished transferring input files
...
001 (13655293.273.000) 2023-09-05 00:48:43 Job executing on host: <128.105.69.169:9618?addrs=128.105.69.169-9618+[2607-f388-2200-100-1270-fdff-fe56-710c]-9618&alias=e2552.chtc.wisc.edu&noUDP&sock=startd_13465_72d1>
	SlotName: slot1_27@e2552.chtc.wisc.edu
	CondorScratchDir = "/var/lib/condor/execute/slot1/dir_2450748"
	Cpus = 1
	Disk = 1208198
	IoHeavy = 0
	Memory = 4096
...
006 (13655293.273.000) 2023-09-05 00:48:52 Image size of job updated: 815380
	602  -  MemoryUsage of job (MB)
	616404  -  ResidentSetSize of job (KB)
...
006 (13655293.273.000) 2023-09-05 00:53:53 Image size of job updated: 1296092
	1088  -  MemoryUsage of job (MB)
	1113492  -  ResidentSetSize of job (KB)
...
006 (13655293.273.000) 2023-09-05 00:58:54 Image size of job updated: 1296092
	1088  -  MemoryUsage of job (MB)
	1113544  -  ResidentSetSize of job (KB)
...
006 (13655293.273.000) 2023-09-05 01:03:54 Image size of job updated: 1296092
	1092  -  MemoryUsage of job (MB)
	1117368  -  ResidentSetSize of job (KB)
...
006 (13655293.273.000) 2023-09-05 01:08:55 Image size of job updated: 1296092
	1103  -  MemoryUsage of job (MB)
	1128632  -  ResidentSetSize of job (KB)
...
006 (13655293.273.000) 2023-09-05 12:27:05 Image size of job updated: 1421992
	1103  -  MemoryUsage of job (MB)
	1128632  -  ResidentSetSize of job (KB)
...
040 (13655293.273.000) 2023-09-05 12:27:05 Started transferring output files
...
040 (13655293.273.000) 2023-09-05 12:27:05 Finished transferring output files
...
005 (13655293.273.000) 2023-09-05 12:27:05 Job terminated.
	(1) Normal termination (return value 0)
		Usr 0 11:34:03, Sys 0 00:00:56  -  Run Remote Usage
		Usr 0 00:00:00, Sys 0 00:00:00  -  Run Local Usage
		Usr 0 11:34:03, Sys 0 00:00:56  -  Total Remote Usage
		Usr 0 00:00:00, Sys 0 00:00:00  -  Total Local Usage
	1309741  -  Run Bytes Sent By Job
	32652772  -  Run Bytes Received By Job
	1309741  -  Total Bytes Sent By Job
	32652772  -  Total Bytes Received By Job
	Partitionable Resources :     Usage  Request Allocated 
	   Cpus                 :      1.00        1         1 
	   Disk (KB)            : 274894      524288   1208198 
	   IoHeavy              :                            0 
	   Memory (MB)          :   1103        4096      4096 

	Job terminated of its own accord at 2023-09-05T17:27:05Z with exit-code 0.
...
