000 (13655293.158.000) 2023-09-05 00:33:11 Job submitted from host: <128.104.101.92:9618?addrs=128.104.101.92-9618+[2607-f388-107c-501-a236-9fff-fe3c-caa8]-9618&alias=submit2.chtc.wisc.edu&noUDP&sock=schedd_1879732_618e>
...
040 (13655293.158.000) 2023-09-05 00:38:59 Started transferring input files
	Transferring to host: <128.105.69.189:9618?addrs=128.105.69.189-9618+[2607-f388-2200-100-1270-fdff-fe56-644c]-9618&alias=e4042.chtc.wisc.edu&noUDP&sock=slot1_98_3770169_e03a_55816>
...
040 (13655293.158.000) 2023-09-05 00:39:01 Finished transferring input files
...
001 (13655293.158.000) 2023-09-05 00:39:02 Job executing on host: <128.105.69.189:9618?addrs=128.105.69.189-9618+[2607-f388-2200-100-1270-fdff-fe56-644c]-9618&alias=e4042.chtc.wisc.edu&noUDP&sock=startd_15959_2004>
	SlotName: slot1_98@e4042.chtc.wisc.edu
	CondorScratchDir = "/var/lib/condor/execute/slot1/dir_3484692"
	Cpus = 1
	Disk = 1208198
	IoHeavy = 0
	Memory = 4096
...
006 (13655293.158.000) 2023-09-05 00:39:11 Image size of job updated: 702188
	686  -  MemoryUsage of job (MB)
	702188  -  ResidentSetSize of job (KB)
...
006 (13655293.158.000) 2023-09-05 00:44:12 Image size of job updated: 1283512
	1054  -  MemoryUsage of job (MB)
	1078388  -  ResidentSetSize of job (KB)
...
006 (13655293.158.000) 2023-09-05 00:49:12 Image size of job updated: 1283512
	1067  -  MemoryUsage of job (MB)
	1092128  -  ResidentSetSize of job (KB)
...
006 (13655293.158.000) 2023-09-05 00:54:12 Image size of job updated: 1283512
	1071  -  MemoryUsage of job (MB)
	1095968  -  ResidentSetSize of job (KB)
...
006 (13655293.158.000) 2023-09-05 00:59:13 Image size of job updated: 1283512
	1080  -  MemoryUsage of job (MB)
	1105428  -  ResidentSetSize of job (KB)
...
006 (13655293.158.000) 2023-09-05 02:04:20 Image size of job updated: 1283512
	1084  -  MemoryUsage of job (MB)
	1109012  -  ResidentSetSize of job (KB)
...
006 (13655293.158.000) 2023-09-05 02:19:21 Image size of job updated: 1283512
	1086  -  MemoryUsage of job (MB)
	1111100  -  ResidentSetSize of job (KB)
...
006 (13655293.158.000) 2023-09-05 02:54:26 Image size of job updated: 1283512
	1089  -  MemoryUsage of job (MB)
	1114444  -  ResidentSetSize of job (KB)
...
006 (13655293.158.000) 2023-09-06 00:08:50 Image size of job updated: 1329608
	1089  -  MemoryUsage of job (MB)
	1114444  -  ResidentSetSize of job (KB)
...
040 (13655293.158.000) 2023-09-06 00:08:50 Started transferring output files
...
040 (13655293.158.000) 2023-09-06 00:08:50 Finished transferring output files
...
005 (13655293.158.000) 2023-09-06 00:08:50 Job terminated.
	(1) Normal termination (return value 0)
		Usr 0 23:06:02, Sys 0 00:03:03  -  Run Remote Usage
		Usr 0 00:00:00, Sys 0 00:00:00  -  Run Local Usage
		Usr 0 23:06:02, Sys 0 00:03:03  -  Total Remote Usage
		Usr 0 00:00:00, Sys 0 00:00:00  -  Total Local Usage
	1309622  -  Run Bytes Sent By Job
	32652772  -  Run Bytes Received By Job
	1309622  -  Total Bytes Sent By Job
	32652772  -  Total Bytes Received By Job
	Partitionable Resources :     Usage  Request Allocated 
	   Cpus                 :      0.98        1         1 
	   Disk (KB)            : 274904      524288   1208198 
	   IoHeavy              :                            0 
	   Memory (MB)          :   1089        4096      4096 

	Job terminated of its own accord at 2023-09-06T05:08:50Z with exit-code 0.
...
