000 (13655293.374.000) 2023-09-05 00:33:11 Job submitted from host: <128.104.101.92:9618?addrs=128.104.101.92-9618+[2607-f388-107c-501-a236-9fff-fe3c-caa8]-9618&alias=submit2.chtc.wisc.edu&noUDP&sock=schedd_1879732_618e>
...
040 (13655293.374.000) 2023-09-05 00:56:07 Started transferring input files
	Transferring to host: <128.105.69.109:9618?addrs=128.105.69.109-9618+[2607-f388-2200-100-1270-fdff-fe56-bf64]-9618&alias=e4058.chtc.wisc.edu&noUDP&sock=slot1_3_743818_d1e0_54497>
...
001 (13655293.374.000) 2023-09-05 00:56:35 Job executing on host: <128.105.69.109:9618?addrs=128.105.69.109-9618+[2607-f388-2200-100-1270-fdff-fe56-bf64]-9618&alias=e4058.chtc.wisc.edu&noUDP&sock=startd_16529_18ff>
	SlotName: slot1_3@e4058.chtc.wisc.edu
	CondorScratchDir = "/var/lib/condor/execute/slot1/dir_2746591"
	Cpus = 1
	Disk = 1208198
	IoHeavy = 0
	Memory = 4096
...
040 (13655293.374.000) 2023-09-05 00:56:35 Finished transferring input files
...
006 (13655293.374.000) 2023-09-05 00:56:44 Image size of job updated: 692004
	676  -  MemoryUsage of job (MB)
	692004  -  ResidentSetSize of job (KB)
...
006 (13655293.374.000) 2023-09-05 01:01:45 Image size of job updated: 1288364
	1050  -  MemoryUsage of job (MB)
	1074532  -  ResidentSetSize of job (KB)
...
006 (13655293.374.000) 2023-09-05 01:06:45 Image size of job updated: 1288364
	1081  -  MemoryUsage of job (MB)
	1106020  -  ResidentSetSize of job (KB)
...
006 (13655293.374.000) 2023-09-05 01:31:48 Image size of job updated: 1288364
	1097  -  MemoryUsage of job (MB)
	1122924  -  ResidentSetSize of job (KB)
...
006 (13655293.374.000) 2023-09-06 04:04:20 Image size of job updated: 1412732
	1097  -  MemoryUsage of job (MB)
	1122924  -  ResidentSetSize of job (KB)
...
040 (13655293.374.000) 2023-09-06 04:04:20 Started transferring output files
...
040 (13655293.374.000) 2023-09-06 04:04:20 Finished transferring output files
...
005 (13655293.374.000) 2023-09-06 04:04:20 Job terminated.
	(1) Normal termination (return value 0)
		Usr 1 02:33:17, Sys 0 00:07:55  -  Run Remote Usage
		Usr 0 00:00:00, Sys 0 00:00:00  -  Run Local Usage
		Usr 1 02:33:17, Sys 0 00:07:55  -  Total Remote Usage
		Usr 0 00:00:00, Sys 0 00:00:00  -  Total Local Usage
	1309517  -  Run Bytes Sent By Job
	32652772  -  Run Bytes Received By Job
	1309517  -  Total Bytes Sent By Job
	32652772  -  Total Bytes Received By Job
	Partitionable Resources :     Usage  Request Allocated 
	   Cpus                 :      0.99        1         1 
	   Disk (KB)            : 274886      524288   1208198 
	   IoHeavy              :                            0 
	   Memory (MB)          :   1097        4096      4096 

	Job terminated of its own accord at 2023-09-06T09:04:20Z with exit-code 0.
...
