000 (13655293.347.000) 2023-09-05 00:33:11 Job submitted from host: <128.104.101.92:9618?addrs=128.104.101.92-9618+[2607-f388-107c-501-a236-9fff-fe3c-caa8]-9618&alias=submit2.chtc.wisc.edu&noUDP&sock=schedd_1879732_618e>
...
040 (13655293.347.000) 2023-09-05 00:53:44 Started transferring input files
	Transferring to host: <128.105.69.137:9618?addrs=128.105.69.137-9618+[2607-f388-2200-100-1270-fdff-fe56-d12c]-9618&alias=e4014.chtc.wisc.edu&noUDP&sock=slot1_69_1985361_2db7_52049>
...
001 (13655293.347.000) 2023-09-05 00:53:55 Job executing on host: <128.105.69.137:9618?addrs=128.105.69.137-9618+[2607-f388-2200-100-1270-fdff-fe56-d12c]-9618&alias=e4014.chtc.wisc.edu&noUDP&sock=startd_15862_9754>
	SlotName: slot1_69@e4014.chtc.wisc.edu
	CondorScratchDir = "/var/lib/condor/execute/slot1/dir_4085794"
	Cpus = 1
	Disk = 1208198
	IoHeavy = 0
	Memory = 4096
...
040 (13655293.347.000) 2023-09-05 00:53:55 Finished transferring input files
...
006 (13655293.347.000) 2023-09-05 00:54:04 Image size of job updated: 693020
	677  -  MemoryUsage of job (MB)
	693020  -  ResidentSetSize of job (KB)
...
006 (13655293.347.000) 2023-09-05 00:59:03 Image size of job updated: 1079696
	844  -  MemoryUsage of job (MB)
	864028  -  ResidentSetSize of job (KB)
...
006 (13655293.347.000) 2023-09-05 01:04:04 Image size of job updated: 1267108
	1238  -  MemoryUsage of job (MB)
	1267108  -  ResidentSetSize of job (KB)
...
006 (13655293.347.000) 2023-09-05 01:09:04 Image size of job updated: 1267112
	1238  -  MemoryUsage of job (MB)
	1267108  -  ResidentSetSize of job (KB)
...
006 (13655293.347.000) 2023-09-05 01:14:05 Image size of job updated: 1288348
	1238  -  MemoryUsage of job (MB)
	1267108  -  ResidentSetSize of job (KB)
...
006 (13655293.347.000) 2023-09-06 03:21:32 Image size of job updated: 1414940
	1238  -  MemoryUsage of job (MB)
	1267108  -  ResidentSetSize of job (KB)
...
040 (13655293.347.000) 2023-09-06 03:21:32 Started transferring output files
...
040 (13655293.347.000) 2023-09-06 03:21:32 Finished transferring output files
...
005 (13655293.347.000) 2023-09-06 03:21:32 Job terminated.
	(1) Normal termination (return value 0)
		Usr 1 01:58:16, Sys 0 00:06:26  -  Run Remote Usage
		Usr 0 00:00:00, Sys 0 00:00:00  -  Run Local Usage
		Usr 1 01:58:16, Sys 0 00:06:26  -  Total Remote Usage
		Usr 0 00:00:00, Sys 0 00:00:00  -  Total Local Usage
	1309549  -  Run Bytes Sent By Job
	32652772  -  Run Bytes Received By Job
	1309549  -  Total Bytes Sent By Job
	32652772  -  Total Bytes Received By Job
	Partitionable Resources :     Usage  Request Allocated 
	   Cpus                 :      0.99        1         1 
	   Disk (KB)            : 274891      524288   1208198 
	   IoHeavy              :                            0 
	   Memory (MB)          :   1238        4096      4096 

	Job terminated of its own accord at 2023-09-06T08:21:31Z with exit-code 0.
...
