000 (13655293.006.000) 2023-09-05 00:33:11 Job submitted from host: <128.104.101.92:9618?addrs=128.104.101.92-9618+[2607-f388-107c-501-a236-9fff-fe3c-caa8]-9618&alias=submit2.chtc.wisc.edu&noUDP&sock=schedd_1879732_618e>
...
040 (13655293.006.000) 2023-09-05 00:35:53 Started transferring input files
	Transferring to host: <128.105.69.190:9618?addrs=128.105.69.190-9618+[2607-f388-2200-100-1270-fdff-fe56-c2fc]-9618&alias=e4043.chtc.wisc.edu&noUDP&sock=slot1_43_738924_8dd9_9055>
...
040 (13655293.006.000) 2023-09-05 00:35:55 Finished transferring input files
...
001 (13655293.006.000) 2023-09-05 00:35:56 Job executing on host: <128.105.69.190:9618?addrs=128.105.69.190-9618+[2607-f388-2200-100-1270-fdff-fe56-c2fc]-9618&alias=e4043.chtc.wisc.edu&noUDP&sock=startd_16563_6b38>
	SlotName: slot1_43@e4043.chtc.wisc.edu
	CondorScratchDir = "/var/lib/condor/execute/slot1/dir_1937220"
	Cpus = 1
	Disk = 1208198
	IoHeavy = 0
	Memory = 4096
...
006 (13655293.006.000) 2023-09-05 00:36:05 Image size of job updated: 666388
	651  -  MemoryUsage of job (MB)
	666388  -  ResidentSetSize of job (KB)
...
006 (13655293.006.000) 2023-09-05 00:41:06 Image size of job updated: 1283888
	980  -  MemoryUsage of job (MB)
	1003444  -  ResidentSetSize of job (KB)
...
006 (13655293.006.000) 2023-09-05 00:46:06 Image size of job updated: 1283888
	1072  -  MemoryUsage of job (MB)
	1097420  -  ResidentSetSize of job (KB)
...
006 (13655293.006.000) 2023-09-05 00:51:07 Image size of job updated: 1283888
	1077  -  MemoryUsage of job (MB)
	1102080  -  ResidentSetSize of job (KB)
...
006 (13655293.006.000) 2023-09-05 01:01:08 Image size of job updated: 1283888
	1078  -  MemoryUsage of job (MB)
	1103616  -  ResidentSetSize of job (KB)
...
006 (13655293.006.000) 2023-09-05 01:16:10 Image size of job updated: 1283888
	1081  -  MemoryUsage of job (MB)
	1106752  -  ResidentSetSize of job (KB)
...
006 (13655293.006.000) 2023-09-05 01:21:10 Image size of job updated: 1283888
	1086  -  MemoryUsage of job (MB)
	1111360  -  ResidentSetSize of job (KB)
...
006 (13655293.006.000) 2023-09-05 02:31:16 Image size of job updated: 1283888
	1086  -  MemoryUsage of job (MB)
	1111364  -  ResidentSetSize of job (KB)
...
006 (13655293.006.000) 2023-09-05 02:46:17 Image size of job updated: 1283888
	1088  -  MemoryUsage of job (MB)
	1113672  -  ResidentSetSize of job (KB)
...
006 (13655293.006.000) 2023-09-05 23:39:18 Image size of job updated: 1414696
	1088  -  MemoryUsage of job (MB)
	1113672  -  ResidentSetSize of job (KB)
...
040 (13655293.006.000) 2023-09-05 23:39:18 Started transferring output files
...
040 (13655293.006.000) 2023-09-05 23:39:18 Finished transferring output files
...
005 (13655293.006.000) 2023-09-05 23:39:18 Job terminated.
	(1) Normal termination (return value 0)
		Usr 0 22:41:11, Sys 0 00:03:49  -  Run Remote Usage
		Usr 0 00:00:00, Sys 0 00:00:00  -  Run Local Usage
		Usr 0 22:41:11, Sys 0 00:03:49  -  Total Remote Usage
		Usr 0 00:00:00, Sys 0 00:00:00  -  Total Local Usage
	1309665  -  Run Bytes Sent By Job
	32652772  -  Run Bytes Received By Job
	1309665  -  Total Bytes Sent By Job
	32652772  -  Total Bytes Received By Job
	Partitionable Resources :     Usage  Request Allocated 
	   Cpus                 :      0.99        1         1 
	   Disk (KB)            : 274914      524288   1208198 
	   IoHeavy              :                            0 
	   Memory (MB)          :   1088        4096      4096 

	Job terminated of its own accord at 2023-09-06T04:39:18Z with exit-code 0.
...
