000 (13655293.334.000) 2023-09-05 00:33:11 Job submitted from host: <128.104.101.92:9618?addrs=128.104.101.92-9618+[2607-f388-107c-501-a236-9fff-fe3c-caa8]-9618&alias=submit2.chtc.wisc.edu&noUDP&sock=schedd_1879732_618e>
...
040 (13655293.334.000) 2023-09-05 00:53:29 Started transferring input files
	Transferring to host: <128.105.69.224:9618?addrs=128.105.69.224-9618+[2607-f388-2200-100-eaeb-d3ff-fe40-1574]-9618&alias=e2607.chtc.wisc.edu&noUDP&sock=slot1_95_1087982_7e0c_42321>
...
001 (13655293.334.000) 2023-09-05 00:53:37 Job executing on host: <128.105.69.224:9618?addrs=128.105.69.224-9618+[2607-f388-2200-100-eaeb-d3ff-fe40-1574]-9618&alias=e2607.chtc.wisc.edu&noUDP&sock=startd_11673_491a>
	SlotName: slot1_95@e2607.chtc.wisc.edu
	CondorScratchDir = "/var/lib/condor/execute/slot1/dir_2375808"
	Cpus = 1
	Disk = 1458998
	IoHeavy = 0
	Memory = 4096
...
040 (13655293.334.000) 2023-09-05 00:53:37 Finished transferring input files
...
006 (13655293.334.000) 2023-09-05 00:53:46 Image size of job updated: 601360
	588  -  MemoryUsage of job (MB)
	601360  -  ResidentSetSize of job (KB)
...
006 (13655293.334.000) 2023-09-05 00:58:48 Image size of job updated: 1160788
	1073  -  MemoryUsage of job (MB)
	1098312  -  ResidentSetSize of job (KB)
...
006 (13655293.334.000) 2023-09-05 01:03:48 Image size of job updated: 1179376
	1073  -  MemoryUsage of job (MB)
	1098312  -  ResidentSetSize of job (KB)
...
006 (13655293.334.000) 2023-09-06 00:44:32 Image size of job updated: 1288524
	1073  -  MemoryUsage of job (MB)
	1098312  -  ResidentSetSize of job (KB)
...
040 (13655293.334.000) 2023-09-06 00:44:32 Started transferring output files
...
040 (13655293.334.000) 2023-09-06 00:44:32 Finished transferring output files
...
005 (13655293.334.000) 2023-09-06 00:44:32 Job terminated.
	(1) Normal termination (return value 0)
		Usr 0 23:24:05, Sys 0 00:07:39  -  Run Remote Usage
		Usr 0 00:00:00, Sys 0 00:00:00  -  Run Local Usage
		Usr 0 23:24:05, Sys 0 00:07:39  -  Total Remote Usage
		Usr 0 00:00:00, Sys 0 00:00:00  -  Total Local Usage
	1309683  -  Run Bytes Sent By Job
	32652772  -  Run Bytes Received By Job
	1309683  -  Total Bytes Sent By Job
	32652772  -  Total Bytes Received By Job
	Partitionable Resources :     Usage  Request Allocated 
	   Cpus                 :      0.99        1         1 
	   Disk (KB)            : 274899      524288   1458998 
	   IoHeavy              :                            0 
	   Memory (MB)          :   1073        4096      4096 

	Job terminated of its own accord at 2023-09-06T05:44:32Z with exit-code 0.
...
