000 (14312692.036.000) 2023-09-11 11:54:29 Job submitted from host: <128.104.101.92:9618?addrs=128.104.101.92-9618+[2607-f388-107c-501-a236-9fff-fe3c-caa8]-9618&alias=submit2.chtc.wisc.edu&noUDP&sock=schedd_1879732_618e>
...
040 (14312692.036.000) 2023-09-11 12:00:38 Started transferring input files
	Transferring to host: <128.105.69.222:9618?addrs=128.105.69.222-9618+[2607-f388-2200-100-eaeb-d3ff-fe40-1d3c]-9618&alias=e2605.chtc.wisc.edu&noUDP&sock=slot1_70_987748_9260_99825>
...
040 (14312692.036.000) 2023-09-11 12:00:40 Finished transferring input files
...
001 (14312692.036.000) 2023-09-11 12:00:42 Job executing on host: <128.105.69.222:9618?addrs=128.105.69.222-9618+[2607-f388-2200-100-eaeb-d3ff-fe40-1d3c]-9618&alias=e2605.chtc.wisc.edu&noUDP&sock=startd_11791_3947>
	SlotName: slot1_70@e2605.chtc.wisc.edu
	CondorScratchDir = "/var/lib/condor/execute/slot1/dir_638624"
	Cpus = 1
	Disk = 1458998
	IoHeavy = 0
	Memory = 4096
...
006 (14312692.036.000) 2023-09-11 12:00:51 Image size of job updated: 595184
	582  -  MemoryUsage of job (MB)
	595184  -  ResidentSetSize of job (KB)
...
006 (14312692.036.000) 2023-09-11 12:02:31 Image size of job updated: 711236
	582  -  MemoryUsage of job (MB)
	595440  -  ResidentSetSize of job (KB)
...
040 (14312692.036.000) 2023-09-11 12:02:31 Started transferring output files
...
040 (14312692.036.000) 2023-09-11 12:02:31 Finished transferring output files
...
005 (14312692.036.000) 2023-09-11 12:02:31 Job terminated.
	(1) Normal termination (return value 0)
		Usr 0 00:01:43, Sys 0 00:00:02  -  Run Remote Usage
		Usr 0 00:00:00, Sys 0 00:00:00  -  Run Local Usage
		Usr 0 00:01:43, Sys 0 00:00:02  -  Total Remote Usage
		Usr 0 00:00:00, Sys 0 00:00:00  -  Total Local Usage
	122067  -  Run Bytes Sent By Job
	32720412  -  Run Bytes Received By Job
	122067  -  Total Bytes Sent By Job
	32720412  -  Total Bytes Received By Job
	Partitionable Resources :     Usage  Request Allocated 
	   Cpus                 :      0.99        1         1 
	   Disk (KB)            : 261286      524288   1458998 
	   IoHeavy              :                            0 
	   Memory (MB)          :    582        4096      4096 

	Job terminated of its own accord at 2023-09-11T17:02:31Z with exit-code 0.
...
