000 (13648508.058.000) 2023-09-04 23:50:03 Job submitted from host: <128.104.101.92:9618?addrs=128.104.101.92-9618+[2607-f388-107c-501-a236-9fff-fe3c-caa8]-9618&alias=submit2.chtc.wisc.edu&noUDP&sock=schedd_1879732_618e>
...
040 (13648508.058.000) 2023-09-05 00:09:19 Started transferring input files
	Transferring to host: <128.105.69.202:9618?addrs=128.105.69.202-9618+[2607-f388-2200-100-1270-fdff-fe56-c3c4]-9618&alias=e4033.chtc.wisc.edu&noUDP&sock=slot1_15_2303293_08b8_59377>
...
040 (13648508.058.000) 2023-09-05 00:09:21 Finished transferring input files
...
001 (13648508.058.000) 2023-09-05 00:09:22 Job executing on host: <128.105.69.202:9618?addrs=128.105.69.202-9618+[2607-f388-2200-100-1270-fdff-fe56-c3c4]-9618&alias=e4033.chtc.wisc.edu&noUDP&sock=startd_15782_b7c0>
	SlotName: slot1_15@e4033.chtc.wisc.edu
	CondorScratchDir = "/var/lib/condor/execute/slot1/dir_2792399"
	Cpus = 1
	Disk = 1208198
	IoHeavy = 0
	Memory = 4096
...
006 (13648508.058.000) 2023-09-05 00:09:30 Image size of job updated: 381036
	273  -  MemoryUsage of job (MB)
	278728  -  ResidentSetSize of job (KB)
...
006 (13648508.058.000) 2023-09-05 00:11:19 Image size of job updated: 381036
	274  -  MemoryUsage of job (MB)
	279752  -  ResidentSetSize of job (KB)
...
040 (13648508.058.000) 2023-09-05 00:11:19 Started transferring output files
...
040 (13648508.058.000) 2023-09-05 00:11:19 Finished transferring output files
...
005 (13648508.058.000) 2023-09-05 00:11:20 Job terminated.
	(1) Normal termination (return value 0)
		Usr 0 00:01:54, Sys 0 00:00:01  -  Run Remote Usage
		Usr 0 00:00:00, Sys 0 00:00:00  -  Run Local Usage
		Usr 0 00:01:54, Sys 0 00:00:01  -  Total Remote Usage
		Usr 0 00:00:00, Sys 0 00:00:00  -  Total Local Usage
	30548  -  Run Bytes Sent By Job
	32665120  -  Run Bytes Received By Job
	30548  -  Total Bytes Sent By Job
	32665120  -  Total Bytes Received By Job
	Partitionable Resources :    Usage  Request Allocated 
	   Cpus                 :                 1         1 
	   Disk (KB)            :   254935   524288   1208198 
	   IoHeavy              :                           0 
	   Memory (MB)          :      274     4096      4096 

	Job terminated of its own accord at 2023-09-05T05:11:19Z with exit-code 0.
...
