000 (14269004.060.000) 2023-09-11 03:23:01 Job submitted from host: <128.104.101.92:9618?addrs=128.104.101.92-9618+[2607-f388-107c-501-a236-9fff-fe3c-caa8]-9618&alias=submit2.chtc.wisc.edu&noUDP&sock=schedd_1879732_618e>
...
040 (14269004.060.000) 2023-09-11 03:27:53 Started transferring input files
	Transferring to host: <128.105.69.224:9618?addrs=128.105.69.224-9618+[2607-f388-2200-100-eaeb-d3ff-fe40-1574]-9618&alias=e2607.chtc.wisc.edu&noUDP&sock=slot1_21_1087982_7e0c_89732>
...
040 (14269004.060.000) 2023-09-11 03:27:56 Finished transferring input files
...
001 (14269004.060.000) 2023-09-11 03:27:57 Job executing on host: <128.105.69.224:9618?addrs=128.105.69.224-9618+[2607-f388-2200-100-eaeb-d3ff-fe40-1574]-9618&alias=e2607.chtc.wisc.edu&noUDP&sock=startd_11673_491a>
	SlotName: slot1_21@e2607.chtc.wisc.edu
	CondorScratchDir = "/var/lib/condor/execute/slot1/dir_2873790"
	Cpus = 1
	Disk = 1458998
	IoHeavy = 0
	Memory = 4096
...
006 (14269004.060.000) 2023-09-11 03:28:05 Image size of job updated: 380476
	349  -  MemoryUsage of job (MB)
	356812  -  ResidentSetSize of job (KB)
...
006 (14269004.060.000) 2023-09-11 03:29:07 Image size of job updated: 380476
	349  -  MemoryUsage of job (MB)
	357324  -  ResidentSetSize of job (KB)
...
040 (14269004.060.000) 2023-09-11 03:29:07 Started transferring output files
...
040 (14269004.060.000) 2023-09-11 03:29:07 Finished transferring output files
...
005 (14269004.060.000) 2023-09-11 03:29:07 Job terminated.
	(1) Normal termination (return value 0)
		Usr 0 00:01:07, Sys 0 00:00:02  -  Run Remote Usage
		Usr 0 00:00:00, Sys 0 00:00:00  -  Run Local Usage
		Usr 0 00:01:07, Sys 0 00:00:02  -  Total Remote Usage
		Usr 0 00:00:00, Sys 0 00:00:00  -  Total Local Usage
	103902  -  Run Bytes Sent By Job
	32664898  -  Run Bytes Received By Job
	103902  -  Total Bytes Sent By Job
	32664898  -  Total Bytes Received By Job
	Partitionable Resources :     Usage  Request Allocated 
	   Cpus                 :      0.84        1         1 
	   Disk (KB)            : 255901      524288   1458998 
	   IoHeavy              :                            0 
	   Memory (MB)          :    349        4096      4096 

	Job terminated of its own accord at 2023-09-11T08:29:07Z with exit-code 0.
...
