000 (13648508.030.000) 2023-09-04 23:50:03 Job submitted from host: <128.104.101.92:9618?addrs=128.104.101.92-9618+[2607-f388-107c-501-a236-9fff-fe3c-caa8]-9618&alias=submit2.chtc.wisc.edu&noUDP&sock=schedd_1879732_618e>
...
040 (13648508.030.000) 2023-09-05 00:04:48 Started transferring input files
	Transferring to host: <128.105.69.216:9618?addrs=128.105.69.216-9618&alias=e2599.chtc.wisc.edu&noUDP&sock=slot1_55_2943992_709e_39415>
...
040 (13648508.030.000) 2023-09-05 00:04:50 Finished transferring input files
...
001 (13648508.030.000) 2023-09-05 00:04:51 Job executing on host: <128.105.69.216:9618?addrs=128.105.69.216-9618&alias=e2599.chtc.wisc.edu&noUDP&sock=startd_18846_5def>
	SlotName: slot1_55@e2599.chtc.wisc.edu
	CondorScratchDir = "/var/lib/condor/execute/slot1/dir_353327"
	Cpus = 1
	Disk = 749021
	IoHeavy = 0
	Memory = 4096
...
006 (13648508.030.000) 2023-09-05 00:04:59 Image size of job updated: 273856
	168  -  MemoryUsage of job (MB)
	171516  -  ResidentSetSize of job (KB)
...
006 (13648508.030.000) 2023-09-05 00:08:00 Image size of job updated: 273856
	169  -  MemoryUsage of job (MB)
	172284  -  ResidentSetSize of job (KB)
...
040 (13648508.030.000) 2023-09-05 00:08:00 Started transferring output files
...
040 (13648508.030.000) 2023-09-05 00:08:00 Finished transferring output files
...
005 (13648508.030.000) 2023-09-05 00:08:00 Job terminated.
	(1) Normal termination (return value 0)
		Usr 0 00:03:05, Sys 0 00:00:01  -  Run Remote Usage
		Usr 0 00:00:00, Sys 0 00:00:00  -  Run Local Usage
		Usr 0 00:03:05, Sys 0 00:00:01  -  Total Remote Usage
		Usr 0 00:00:00, Sys 0 00:00:00  -  Total Local Usage
	30698  -  Run Bytes Sent By Job
	32665120  -  Run Bytes Received By Job
	30698  -  Total Bytes Sent By Job
	32665120  -  Total Bytes Received By Job
	Partitionable Resources :     Usage  Request Allocated 
	   Cpus                 :      0.99        1         1 
	   Disk (KB)            : 254943      524288    749021 
	   IoHeavy              :                            0 
	   Memory (MB)          :    169        4096      4096 

	Job terminated of its own accord at 2023-09-05T05:08:00Z with exit-code 0.
...
