000 (14312691.015.000) 2023-09-11 11:54:06 Job submitted from host: <128.104.101.92:9618?addrs=128.104.101.92-9618+[2607-f388-107c-501-a236-9fff-fe3c-caa8]-9618&alias=submit2.chtc.wisc.edu&noUDP&sock=schedd_1879732_618e>
...
040 (14312691.015.000) 2023-09-11 12:00:24 Started transferring input files
	Transferring to host: <128.105.69.102:9618?addrs=128.105.69.102-9618+[2607-f388-2200-100-1270-fdff-fe56-cbc4]-9618&alias=e4013.chtc.wisc.edu&noUDP&sock=slot1_69_2284032_eac8_125561>
...
040 (14312691.015.000) 2023-09-11 12:00:26 Finished transferring input files
...
001 (14312691.015.000) 2023-09-11 12:00:28 Job executing on host: <128.105.69.102:9618?addrs=128.105.69.102-9618+[2607-f388-2200-100-1270-fdff-fe56-cbc4]-9618&alias=e4013.chtc.wisc.edu&noUDP&sock=startd_11626_0c26>
	SlotName: slot1_69@e4013.chtc.wisc.edu
	CondorScratchDir = "/var/lib/condor/execute/slot1/dir_3772091"
	Cpus = 1
	Disk = 1208198
	IoHeavy = 0
	Memory = 4096
...
006 (14312691.015.000) 2023-09-11 12:00:36 Image size of job updated: 380276
	273  -  MemoryUsage of job (MB)
	279240  -  ResidentSetSize of job (KB)
...
006 (14312691.015.000) 2023-09-11 12:05:36 Image size of job updated: 380276
	290  -  MemoryUsage of job (MB)
	296448  -  ResidentSetSize of job (KB)
...
040 (14312691.015.000) 2023-09-11 12:09:44 Started transferring output files
...
040 (14312691.015.000) 2023-09-11 12:09:45 Finished transferring output files
...
005 (14312691.015.000) 2023-09-11 12:09:47 Job terminated.
	(1) Normal termination (return value 0)
		Usr 0 00:09:03, Sys 0 00:00:02  -  Run Remote Usage
		Usr 0 00:00:00, Sys 0 00:00:00  -  Run Local Usage
		Usr 0 00:09:03, Sys 0 00:00:02  -  Total Remote Usage
		Usr 0 00:00:00, Sys 0 00:00:00  -  Total Local Usage
	233326  -  Run Bytes Sent By Job
	32664896  -  Run Bytes Received By Job
	233326  -  Total Bytes Sent By Job
	32664896  -  Total Bytes Received By Job
	Partitionable Resources :     Usage  Request Allocated 
	   Cpus                 :      0.99        1         1 
	   Disk (KB)            : 255141      524288   1208198 
	   IoHeavy              :                            0 
	   Memory (MB)          :    290        4096      4096 

	Job terminated of its own accord at 2023-09-11T17:09:43Z with exit-code 0.
...
