000 (13655293.175.000) 2023-09-05 00:33:11 Job submitted from host: <128.104.101.92:9618?addrs=128.104.101.92-9618+[2607-f388-107c-501-a236-9fff-fe3c-caa8]-9618&alias=submit2.chtc.wisc.edu&noUDP&sock=schedd_1879732_618e>
...
040 (13655293.175.000) 2023-09-05 00:41:44 Started transferring input files
	Transferring to host: <128.105.69.139:9618?addrs=128.105.69.139-9618+[2607-f388-2200-100-1270-fdff-fe56-79fc]-9618&alias=e4016.chtc.wisc.edu&noUDP&sock=slot1_35_3874560_c76f_62368>
...
040 (13655293.175.000) 2023-09-05 00:41:46 Finished transferring input files
...
001 (13655293.175.000) 2023-09-05 00:41:47 Job executing on host: <128.105.69.139:9618?addrs=128.105.69.139-9618+[2607-f388-2200-100-1270-fdff-fe56-79fc]-9618&alias=e4016.chtc.wisc.edu&noUDP&sock=startd_15800_1075>
	SlotName: slot1_35@e4016.chtc.wisc.edu
	CondorScratchDir = "/var/lib/condor/execute/slot1/dir_2392280"
	Cpus = 1
	Disk = 1208198
	IoHeavy = 0
	Memory = 4096
...
006 (13655293.175.000) 2023-09-05 00:41:55 Image size of job updated: 687232
	672  -  MemoryUsage of job (MB)
	687228  -  ResidentSetSize of job (KB)
...
006 (13655293.175.000) 2023-09-05 00:46:55 Image size of job updated: 1293536
	1067  -  MemoryUsage of job (MB)
	1091732  -  ResidentSetSize of job (KB)
...
006 (13655293.175.000) 2023-09-05 00:51:56 Image size of job updated: 1293536
	1076  -  MemoryUsage of job (MB)
	1101184  -  ResidentSetSize of job (KB)
...
006 (13655293.175.000) 2023-09-05 00:58:01 Image size of job updated: 1293536
	1082  -  MemoryUsage of job (MB)
	1107044  -  ResidentSetSize of job (KB)
...
006 (13655293.175.000) 2023-09-05 01:01:56 Image size of job updated: 1293536
	1088  -  MemoryUsage of job (MB)
	1113656  -  ResidentSetSize of job (KB)
...
006 (13655293.175.000) 2023-09-05 01:16:58 Image size of job updated: 1293536
	1090  -  MemoryUsage of job (MB)
	1115960  -  ResidentSetSize of job (KB)
...
006 (13655293.175.000) 2023-09-05 02:07:04 Image size of job updated: 1293536
	1106  -  MemoryUsage of job (MB)
	1131884  -  ResidentSetSize of job (KB)
...
006 (13655293.175.000) 2023-09-05 22:29:46 Image size of job updated: 1401440
	1106  -  MemoryUsage of job (MB)
	1131884  -  ResidentSetSize of job (KB)
...
040 (13655293.175.000) 2023-09-05 22:29:46 Started transferring output files
...
040 (13655293.175.000) 2023-09-05 22:29:46 Finished transferring output files
...
005 (13655293.175.000) 2023-09-05 22:29:46 Job terminated.
	(1) Normal termination (return value 0)
		Usr 0 21:23:37, Sys 0 00:03:11  -  Run Remote Usage
		Usr 0 00:00:00, Sys 0 00:00:00  -  Run Local Usage
		Usr 0 21:23:37, Sys 0 00:03:11  -  Total Remote Usage
		Usr 0 00:00:00, Sys 0 00:00:00  -  Total Local Usage
	1309722  -  Run Bytes Sent By Job
	32652772  -  Run Bytes Received By Job
	1309722  -  Total Bytes Sent By Job
	32652772  -  Total Bytes Received By Job
	Partitionable Resources :     Usage  Request Allocated 
	   Cpus                 :      0.99        1         1 
	   Disk (KB)            : 274914      524288   1208198 
	   IoHeavy              :                            0 
	   Memory (MB)          :   1106        4096      4096 

	Job terminated of its own accord at 2023-09-06T03:29:46Z with exit-code 0.
...
