000 (13655293.417.000) 2023-09-05 00:33:11 Job submitted from host: <128.104.101.92:9618?addrs=128.104.101.92-9618+[2607-f388-107c-501-a236-9fff-fe3c-caa8]-9618&alias=submit2.chtc.wisc.edu&noUDP&sock=schedd_1879732_618e>
...
040 (13655293.417.000) 2023-09-05 00:56:09 Started transferring input files
	Transferring to host: <128.105.69.163:9618?addrs=128.105.69.163-9618+[2607-f388-2200-100-1270-fdff-fe56-c6f4]-9618&alias=e4096.chtc.wisc.edu&noUDP&sock=slot1_1_561226_3cdf_68593>
...
001 (13655293.417.000) 2023-09-05 00:56:45 Job executing on host: <128.105.69.163:9618?addrs=128.105.69.163-9618+[2607-f388-2200-100-1270-fdff-fe56-c6f4]-9618&alias=e4096.chtc.wisc.edu&noUDP&sock=startd_18840_405d>
	SlotName: slot1_1@e4096.chtc.wisc.edu
	CondorScratchDir = "/var/lib/condor/execute/slot1/dir_3962288"
	Cpus = 1
	Disk = 1208198
	IoHeavy = 0
	Memory = 4096
...
040 (13655293.417.000) 2023-09-05 00:56:45 Finished transferring input files
...
006 (13655293.417.000) 2023-09-05 00:56:54 Image size of job updated: 682388
	667  -  MemoryUsage of job (MB)
	682388  -  ResidentSetSize of job (KB)
...
006 (13655293.417.000) 2023-09-05 01:01:54 Image size of job updated: 1300016
	1059  -  MemoryUsage of job (MB)
	1083768  -  ResidentSetSize of job (KB)
...
006 (13655293.417.000) 2023-09-05 01:06:55 Image size of job updated: 1300016
	1068  -  MemoryUsage of job (MB)
	1092972  -  ResidentSetSize of job (KB)
...
006 (13655293.417.000) 2023-09-05 01:11:58 Image size of job updated: 1300016
	1072  -  MemoryUsage of job (MB)
	1097324  -  ResidentSetSize of job (KB)
...
006 (13655293.417.000) 2023-09-05 01:16:56 Image size of job updated: 1300016
	1088  -  MemoryUsage of job (MB)
	1113992  -  ResidentSetSize of job (KB)
...
006 (13655293.417.000) 2023-09-05 23:40:03 Image size of job updated: 1356116
	1088  -  MemoryUsage of job (MB)
	1113992  -  ResidentSetSize of job (KB)
...
040 (13655293.417.000) 2023-09-05 23:40:03 Started transferring output files
...
040 (13655293.417.000) 2023-09-05 23:40:03 Finished transferring output files
...
005 (13655293.417.000) 2023-09-05 23:40:03 Job terminated.
	(1) Normal termination (return value 0)
		Usr 0 22:14:04, Sys 0 00:04:43  -  Run Remote Usage
		Usr 0 00:00:00, Sys 0 00:00:00  -  Run Local Usage
		Usr 0 22:14:04, Sys 0 00:04:43  -  Total Remote Usage
		Usr 0 00:00:00, Sys 0 00:00:00  -  Total Local Usage
	1309617  -  Run Bytes Sent By Job
	32652772  -  Run Bytes Received By Job
	1309617  -  Total Bytes Sent By Job
	32652772  -  Total Bytes Received By Job
	Partitionable Resources :     Usage  Request Allocated 
	   Cpus                 :      0.98        1         1 
	   Disk (KB)            : 274915      524288   1208198 
	   IoHeavy              :                            0 
	   Memory (MB)          :   1088        4096      4096 

	Job terminated of its own accord at 2023-09-06T04:40:03Z with exit-code 0.
...
