000 (13655293.269.000) 2023-09-05 00:33:11 Job submitted from host: <128.104.101.92:9618?addrs=128.104.101.92-9618+[2607-f388-107c-501-a236-9fff-fe3c-caa8]-9618&alias=submit2.chtc.wisc.edu&noUDP&sock=schedd_1879732_618e>
...
040 (13655293.269.000) 2023-09-05 00:48:40 Started transferring input files
	Transferring to host: <128.105.69.169:9618?addrs=128.105.69.169-9618+[2607-f388-2200-100-1270-fdff-fe56-710c]-9618&alias=e2552.chtc.wisc.edu&noUDP&sock=slot1_26_2055682_af43_91>
...
040 (13655293.269.000) 2023-09-05 00:48:42 Finished transferring input files
...
001 (13655293.269.000) 2023-09-05 00:48:43 Job executing on host: <128.105.69.169:9618?addrs=128.105.69.169-9618+[2607-f388-2200-100-1270-fdff-fe56-710c]-9618&alias=e2552.chtc.wisc.edu&noUDP&sock=startd_13465_72d1>
	SlotName: slot1_26@e2552.chtc.wisc.edu
	CondorScratchDir = "/var/lib/condor/execute/slot1/dir_2450747"
	Cpus = 1
	Disk = 1208198
	IoHeavy = 0
	Memory = 4096
...
006 (13655293.269.000) 2023-09-05 00:48:51 Image size of job updated: 708368
	252  -  MemoryUsage of job (MB)
	257484  -  ResidentSetSize of job (KB)
...
006 (13655293.269.000) 2023-09-05 00:53:51 Image size of job updated: 1197056
	989  -  MemoryUsage of job (MB)
	1011900  -  ResidentSetSize of job (KB)
...
006 (13655293.269.000) 2023-09-05 01:43:55 Image size of job updated: 1197056
	995  -  MemoryUsage of job (MB)
	1018624  -  ResidentSetSize of job (KB)
...
006 (13655293.269.000) 2023-09-05 12:33:52 Image size of job updated: 1320296
	995  -  MemoryUsage of job (MB)
	1018624  -  ResidentSetSize of job (KB)
...
040 (13655293.269.000) 2023-09-05 12:33:52 Started transferring output files
...
040 (13655293.269.000) 2023-09-05 12:33:52 Finished transferring output files
...
005 (13655293.269.000) 2023-09-05 12:33:52 Job terminated.
	(1) Normal termination (return value 0)
		Usr 0 11:40:34, Sys 0 00:01:01  -  Run Remote Usage
		Usr 0 00:00:00, Sys 0 00:00:00  -  Run Local Usage
		Usr 0 11:40:34, Sys 0 00:01:01  -  Total Remote Usage
		Usr 0 00:00:00, Sys 0 00:00:00  -  Total Local Usage
	1309526  -  Run Bytes Sent By Job
	32652772  -  Run Bytes Received By Job
	1309526  -  Total Bytes Sent By Job
	32652772  -  Total Bytes Received By Job
	Partitionable Resources :     Usage  Request Allocated 
	   Cpus                 :      0.99        1         1 
	   Disk (KB)            : 274866      524288   1208198 
	   IoHeavy              :                            0 
	   Memory (MB)          :    995        4096      4096 

	Job terminated of its own accord at 2023-09-05T17:33:52Z with exit-code 0.
...
