000 (13654438.016.000) 2023-09-05 00:29:54 Job submitted from host: <128.104.101.92:9618?addrs=128.104.101.92-9618+[2607-f388-107c-501-a236-9fff-fe3c-caa8]-9618&alias=submit2.chtc.wisc.edu&noUDP&sock=schedd_1879732_618e>
...
040 (13654438.016.000) 2023-09-05 00:30:37 Started transferring input files
	Transferring to host: <128.105.69.191:9618?addrs=128.105.69.191-9618+[2607-f388-2200-100-1270-fdff-fe56-3d4c]-9618&alias=e4044.chtc.wisc.edu&noUDP&sock=slot1_47_852826_d131_11526>
...
040 (13654438.016.000) 2023-09-05 00:30:38 Finished transferring input files
...
001 (13654438.016.000) 2023-09-05 00:30:39 Job executing on host: <128.105.69.191:9618?addrs=128.105.69.191-9618+[2607-f388-2200-100-1270-fdff-fe56-3d4c]-9618&alias=e4044.chtc.wisc.edu&noUDP&sock=startd_16542_03ba>
	SlotName: slot1_47@e4044.chtc.wisc.edu
	CondorScratchDir = "/var/lib/condor/execute/slot1/dir_2500756"
	Cpus = 1
	Disk = 1208198
	IoHeavy = 0
	Memory = 4096
...
006 (13654438.016.000) 2023-09-05 00:30:48 Image size of job updated: 710572
	694  -  MemoryUsage of job (MB)
	710568  -  ResidentSetSize of job (KB)
...
006 (13654438.016.000) 2023-09-05 00:30:56 Image size of job updated: 810088
	695  -  MemoryUsage of job (MB)
	711080  -  ResidentSetSize of job (KB)
...
004 (13654438.016.000) 2023-09-05 00:30:56 Job was evicted.
	(0) CPU times
		Usr 0 00:00:13, Sys 0 00:00:01  -  Run Remote Usage
		Usr 0 00:00:00, Sys 0 00:00:00  -  Run Local Usage
	0  -  Run Bytes Sent By Job
	32651174  -  Run Bytes Received By Job
	Partitionable Resources :    Usage  Request Allocated 
	   Cpus                 :        0        1         1 
	   Disk (KB)            :   265265   524288   1208198 
	   IoHeavy              :                           0 
	   Memory (MB)          :      695     4096      4096 
...
009 (13654438.016.000) 2023-09-05 00:30:56 Job was aborted.
	via condor_rm (by user mzheng54)
...
