Installing package into '/var/lib/condor/execute/slot1/dir_1646390/packages'
(as 'lib' is unspecified)
trying URL 'https://cloud.r-project.org/src/contrib/ecp_3.1.5.tar.gz'
Content type 'application/x-gzip' length 1666105 bytes (1.6 MB)
==================================================
downloaded 1.6 MB

* installing *source* package 'ecp' ...
** package 'ecp' successfully unpacked and MD5 sums checked
** using staged installation
** libs
installing to /var/lib/condor/execute/slot1/dir_1646390/packages/00LOCK-ecp/00new/ecp/libs
** R
** data
** inst
** byte-compile and prepare package for lazy loading
** help
*** installing help indices
** building package indices
** installing vignettes
** testing if installed package can be loaded from temporary location
** checking absolute paths in shared objects and dynamic libraries
** testing if installed package can be loaded from final location
** testing if installed package keeps a record of temporary installation path
* DONE (ecp)

The downloaded source packages are in
	'/tmp/Rtmpktaijv/downloaded_packages'
Loading required package: MASS
