000 (13655293.314.000) 2023-09-05 00:33:11 Job submitted from host: <128.104.101.92:9618?addrs=128.104.101.92-9618+[2607-f388-107c-501-a236-9fff-fe3c-caa8]-9618&alias=submit2.chtc.wisc.edu&noUDP&sock=schedd_1879732_618e>
...
040 (13655293.314.000) 2023-09-05 00:53:23 Started transferring input files
	Transferring to host: <128.105.69.137:9618?addrs=128.105.69.137-9618+[2607-f388-2200-100-1270-fdff-fe56-d12c]-9618&alias=e4014.chtc.wisc.edu&noUDP&sock=slot1_25_1985361_2db7_52033>
...
001 (13655293.314.000) 2023-09-05 00:53:31 Job executing on host: <128.105.69.137:9618?addrs=128.105.69.137-9618+[2607-f388-2200-100-1270-fdff-fe56-d12c]-9618&alias=e4014.chtc.wisc.edu&noUDP&sock=startd_15862_9754>
	SlotName: slot1_25@e4014.chtc.wisc.edu
	CondorScratchDir = "/var/lib/condor/execute/slot1/dir_4085230"
	Cpus = 1
	Disk = 1208198
	IoHeavy = 0
	Memory = 4096
...
040 (13655293.314.000) 2023-09-05 00:53:31 Finished transferring input files
...
006 (13655293.314.000) 2023-09-05 00:53:40 Image size of job updated: 711648
	695  -  MemoryUsage of job (MB)
	711644  -  ResidentSetSize of job (KB)
...
006 (13655293.314.000) 2023-09-05 00:58:41 Image size of job updated: 1267492
	1238  -  MemoryUsage of job (MB)
	1267492  -  ResidentSetSize of job (KB)
...
006 (13655293.314.000) 2023-09-05 01:03:41 Image size of job updated: 1277988
	1238  -  MemoryUsage of job (MB)
	1267492  -  ResidentSetSize of job (KB)
...
006 (13655293.314.000) 2023-09-05 23:51:01 Image size of job updated: 1408440
	1238  -  MemoryUsage of job (MB)
	1267492  -  ResidentSetSize of job (KB)
...
040 (13655293.314.000) 2023-09-05 23:51:33 Started transferring output files
...
040 (13655293.314.000) 2023-09-05 23:51:33 Finished transferring output files
...
005 (13655293.314.000) 2023-09-05 23:51:33 Job terminated.
	(1) Normal termination (return value 0)
		Usr 0 22:34:40, Sys 0 00:03:44  -  Run Remote Usage
		Usr 0 00:00:00, Sys 0 00:00:00  -  Run Local Usage
		Usr 0 22:34:40, Sys 0 00:03:44  -  Total Remote Usage
		Usr 0 00:00:00, Sys 0 00:00:00  -  Total Local Usage
	1309495  -  Run Bytes Sent By Job
	32652772  -  Run Bytes Received By Job
	1309495  -  Total Bytes Sent By Job
	32652772  -  Total Bytes Received By Job
	Partitionable Resources :     Usage  Request Allocated 
	   Cpus                 :      0.99        1         1 
	   Disk (KB)            : 274915      524288   1208198 
	   IoHeavy              :                            0 
	   Memory (MB)          :   1238        4096      4096 

	Job terminated of its own accord at 2023-09-06T04:51:33Z with exit-code 0.
...
