000 (14269004.059.000) 2023-09-11 03:23:01 Job submitted from host: <128.104.101.92:9618?addrs=128.104.101.92-9618+[2607-f388-107c-501-a236-9fff-fe3c-caa8]-9618&alias=submit2.chtc.wisc.edu&noUDP&sock=schedd_1879732_618e>
...
040 (14269004.059.000) 2023-09-11 03:27:53 Started transferring input files
	Transferring to host: <128.105.69.119:9618?addrs=128.105.69.119-9618+[2607-f388-2200-100-1270-fdff-fe56-ccdc]-9618&alias=e4068.chtc.wisc.edu&noUDP&sock=slot1_141_3844003_9bb4_77873>
...
040 (14269004.059.000) 2023-09-11 03:27:57 Finished transferring input files
...
001 (14269004.059.000) 2023-09-11 03:27:58 Job executing on host: <128.105.69.119:9618?addrs=128.105.69.119-9618+[2607-f388-2200-100-1270-fdff-fe56-ccdc]-9618&alias=e4068.chtc.wisc.edu&noUDP&sock=startd_17009_5675>
	SlotName: slot1_141@e4068.chtc.wisc.edu
	CondorScratchDir = "/var/lib/condor/execute/slot1/dir_4023918"
	Cpus = 1
	Disk = 1208198
	IoHeavy = 0
	Memory = 4096
...
006 (14269004.059.000) 2023-09-11 03:28:06 Image size of job updated: 274004
	245  -  MemoryUsage of job (MB)
	250520  -  ResidentSetSize of job (KB)
...
006 (14269004.059.000) 2023-09-11 03:30:08 Image size of job updated: 274004
	247  -  MemoryUsage of job (MB)
	252312  -  ResidentSetSize of job (KB)
...
040 (14269004.059.000) 2023-09-11 03:30:08 Started transferring output files
...
040 (14269004.059.000) 2023-09-11 03:30:08 Finished transferring output files
...
005 (14269004.059.000) 2023-09-11 03:30:08 Job terminated.
	(1) Normal termination (return value 0)
		Usr 0 00:02:02, Sys 0 00:00:02  -  Run Remote Usage
		Usr 0 00:00:00, Sys 0 00:00:00  -  Run Local Usage
		Usr 0 00:02:02, Sys 0 00:00:02  -  Total Remote Usage
		Usr 0 00:00:00, Sys 0 00:00:00  -  Total Local Usage
	103825  -  Run Bytes Sent By Job
	32664898  -  Run Bytes Received By Job
	103825  -  Total Bytes Sent By Job
	32664898  -  Total Bytes Received By Job
	Partitionable Resources :     Usage  Request Allocated 
	   Cpus                 :      0.98        1         1 
	   Disk (KB)            : 255900      524288   1208198 
	   IoHeavy              :                            0 
	   Memory (MB)          :    247        4096      4096 

	Job terminated of its own accord at 2023-09-11T08:30:08Z with exit-code 0.
...
