000 (13648508.002.000) 2023-09-04 23:50:03 Job submitted from host: <128.104.101.92:9618?addrs=128.104.101.92-9618+[2607-f388-107c-501-a236-9fff-fe3c-caa8]-9618&alias=submit2.chtc.wisc.edu&noUDP&sock=schedd_1879732_618e>
...
040 (13648508.002.000) 2023-09-04 23:51:01 Started transferring input files
	Transferring to host: <128.105.69.149:9618?addrs=128.105.69.149-9618+[2607-f388-2200-100-1270-fdff-fe56-63bc]-9618&alias=e4026.chtc.wisc.edu&noUDP&sock=slot1_50_174454_5fef_44711>
...
040 (13648508.002.000) 2023-09-04 23:51:02 Finished transferring input files
...
001 (13648508.002.000) 2023-09-04 23:51:03 Job executing on host: <128.105.69.149:9618?addrs=128.105.69.149-9618+[2607-f388-2200-100-1270-fdff-fe56-63bc]-9618&alias=e4026.chtc.wisc.edu&noUDP&sock=startd_15915_f1d9>
	SlotName: slot1_50@e4026.chtc.wisc.edu
	CondorScratchDir = "/var/lib/condor/execute/slot1/dir_2338618"
	Cpus = 1
	Disk = 1208198
	IoHeavy = 0
	Memory = 4096
...
006 (13648508.002.000) 2023-09-04 23:51:12 Image size of job updated: 378904
	306  -  MemoryUsage of job (MB)
	313344  -  ResidentSetSize of job (KB)
...
006 (13648508.002.000) 2023-09-04 23:56:13 Image size of job updated: 378904
	314  -  MemoryUsage of job (MB)
	321232  -  ResidentSetSize of job (KB)
...
006 (13648508.002.000) 2023-09-05 00:01:13 Image size of job updated: 378904
	320  -  MemoryUsage of job (MB)
	327036  -  ResidentSetSize of job (KB)
...
006 (13648508.002.000) 2023-09-05 00:26:16 Image size of job updated: 378904
	321  -  MemoryUsage of job (MB)
	328488  -  ResidentSetSize of job (KB)
...
006 (13648508.002.000) 2023-09-05 01:06:20 Image size of job updated: 378904
	321  -  MemoryUsage of job (MB)
	328568  -  ResidentSetSize of job (KB)
...
006 (13648508.002.000) 2023-09-05 01:21:22 Image size of job updated: 378904
	322  -  MemoryUsage of job (MB)
	329068  -  ResidentSetSize of job (KB)
...
040 (13648508.002.000) 2023-09-05 01:38:38 Started transferring output files
...
040 (13648508.002.000) 2023-09-05 01:38:39 Finished transferring output files
...
005 (13648508.002.000) 2023-09-05 01:38:51 Job terminated.
	(1) Normal termination (return value 0)
		Usr 0 01:46:12, Sys 0 00:00:03  -  Run Remote Usage
		Usr 0 00:00:00, Sys 0 00:00:00  -  Run Local Usage
		Usr 0 01:46:12, Sys 0 00:00:03  -  Total Remote Usage
		Usr 0 00:00:00, Sys 0 00:00:00  -  Total Local Usage
	30700  -  Run Bytes Sent By Job
	32665120  -  Run Bytes Received By Job
	30700  -  Total Bytes Sent By Job
	32665120  -  Total Bytes Received By Job
	Partitionable Resources :     Usage  Request Allocated 
	   Cpus                 :      0.99        1         1 
	   Disk (KB)            : 254943      524288   1208198 
	   IoHeavy              :                            0 
	   Memory (MB)          :    322        4096      4096 

	Job terminated of its own accord at 2023-09-05T06:38:31Z with exit-code 0.
...
