035 (14312692.-01.000) 2023-09-11 11:54:29 Cluster submitted from host: <128.104.101.92:9618?addrs=128.104.101.92-9618+[2607-f388-107c-501-a236-9fff-fe3c-caa8]-9618&alias=submit2.chtc.wisc.edu&noUDP&sock=schedd_1879732_618e>
...
000 (14312692.000.000) 2023-09-11 11:54:29 Job submitted from host: <128.104.101.92:9618?addrs=128.104.101.92-9618+[2607-f388-107c-501-a236-9fff-fe3c-caa8]-9618&alias=submit2.chtc.wisc.edu&noUDP&sock=schedd_1879732_618e>
...
040 (14312692.000.000) 2023-09-11 12:00:34 Started transferring input files
	Transferring to host: <128.105.69.202:9618?addrs=128.105.69.202-9618+[2607-f388-2200-100-1270-fdff-fe56-c3c4]-9618&alias=e4033.chtc.wisc.edu&noUDP&sock=slot1_108_2303293_08b8_89855>
...
040 (14312692.000.000) 2023-09-11 12:00:37 Finished transferring input files
...
001 (14312692.000.000) 2023-09-11 12:00:40 Job executing on host: <128.105.69.202:9618?addrs=128.105.69.202-9618+[2607-f388-2200-100-1270-fdff-fe56-c3c4]-9618&alias=e4033.chtc.wisc.edu&noUDP&sock=startd_15782_b7c0>
	SlotName: slot1_108@e4033.chtc.wisc.edu
	CondorScratchDir = "/var/lib/condor/execute/slot1/dir_4089789"
	Cpus = 1
	Disk = 1208198
	IoHeavy = 0
	Memory = 4096
...
006 (14312692.000.000) 2023-09-11 12:00:49 Image size of job updated: 594084
	581  -  MemoryUsage of job (MB)
	594084  -  ResidentSetSize of job (KB)
...
006 (14312692.000.000) 2023-09-11 12:05:50 Image size of job updated: 703248
	581  -  MemoryUsage of job (MB)
	594084  -  ResidentSetSize of job (KB)
...
040 (14312692.000.000) 2023-09-11 13:25:34 Started transferring output files
...
040 (14312692.000.000) 2023-09-11 13:25:34 Finished transferring output files
...
005 (14312692.000.000) 2023-09-11 13:25:34 Job terminated.
	(1) Normal termination (return value 0)
		Usr 0 01:23:32, Sys 0 00:00:05  -  Run Remote Usage
		Usr 0 00:00:00, Sys 0 00:00:00  -  Run Local Usage
		Usr 0 01:23:32, Sys 0 00:00:05  -  Total Remote Usage
		Usr 0 00:00:00, Sys 0 00:00:00  -  Total Local Usage
	753978  -  Run Bytes Sent By Job
	32720412  -  Run Bytes Received By Job
	753978  -  Total Bytes Sent By Job
	32720412  -  Total Bytes Received By Job
	Partitionable Resources :     Usage  Request Allocated 
	   Cpus                 :      0.97        1         1 
	   Disk (KB)            : 261903      524288   1208198 
	   IoHeavy              :                            0 
	   Memory (MB)          :    581        4096      4096 

	Job terminated of its own accord at 2023-09-11T18:25:34Z with exit-code 0.
...
036 (14312692.-01.000) 2023-09-11 13:25:35 Cluster removed
	Materialized 70 jobs from -1 items.	Complete
...
