000 (13655293.107.000) 2023-09-05 00:33:11 Job submitted from host: <128.104.101.92:9618?addrs=128.104.101.92-9618+[2607-f388-107c-501-a236-9fff-fe3c-caa8]-9618&alias=submit2.chtc.wisc.edu&noUDP&sock=schedd_1879732_618e>
...
040 (13655293.107.000) 2023-09-05 00:36:29 Started transferring input files
	Transferring to host: <128.105.69.91:9618?addrs=128.105.69.91-9618+[2607-f388-2200-100-1270-fdff-fe56-41c4]-9618&alias=e4002.chtc.wisc.edu&noUDP&sock=slot1_12_1583588_c105_57638>
...
001 (13655293.107.000) 2023-09-05 00:36:40 Job executing on host: <128.105.69.91:9618?addrs=128.105.69.91-9618+[2607-f388-2200-100-1270-fdff-fe56-41c4]-9618&alias=e4002.chtc.wisc.edu&noUDP&sock=startd_14707_5b71>
	SlotName: slot1_12@e4002.chtc.wisc.edu
	CondorScratchDir = "/var/lib/condor/execute/slot1/dir_2741538"
	Cpus = 1
	Disk = 1268229
	IoHeavy = 0
	Memory = 4096
...
040 (13655293.107.000) 2023-09-05 00:36:40 Finished transferring input files
...
006 (13655293.107.000) 2023-09-05 00:36:49 Image size of job updated: 708656
	693  -  MemoryUsage of job (MB)
	708656  -  ResidentSetSize of job (KB)
...
006 (13655293.107.000) 2023-09-05 00:41:50 Image size of job updated: 1294592
	1078  -  MemoryUsage of job (MB)
	1103620  -  ResidentSetSize of job (KB)
...
006 (13655293.107.000) 2023-09-05 00:51:51 Image size of job updated: 1294592
	1094  -  MemoryUsage of job (MB)
	1119940  -  ResidentSetSize of job (KB)
...
006 (13655293.107.000) 2023-09-06 00:17:08 Image size of job updated: 1404232
	1213  -  MemoryUsage of job (MB)
	1241420  -  ResidentSetSize of job (KB)
...
040 (13655293.107.000) 2023-09-06 00:17:20 Started transferring output files
...
040 (13655293.107.000) 2023-09-06 00:17:20 Finished transferring output files
...
005 (13655293.107.000) 2023-09-06 00:17:20 Job terminated.
	(1) Normal termination (return value 0)
		Usr 0 23:06:45, Sys 0 00:07:34  -  Run Remote Usage
		Usr 0 00:00:00, Sys 0 00:00:00  -  Run Local Usage
		Usr 0 23:06:45, Sys 0 00:07:34  -  Total Remote Usage
		Usr 0 00:00:00, Sys 0 00:00:00  -  Total Local Usage
	1309367  -  Run Bytes Sent By Job
	32652772  -  Run Bytes Received By Job
	1309367  -  Total Bytes Sent By Job
	32652772  -  Total Bytes Received By Job
	Partitionable Resources :     Usage  Request Allocated 
	   Cpus                 :      0.99        1         1 
	   Disk (KB)            : 274900      524288   1268229 
	   IoHeavy              :                            0 
	   Memory (MB)          :   1213        4096      4096 

	Job terminated of its own accord at 2023-09-06T05:17:20Z with exit-code 0.
...
