000 (13655293.447.000) 2023-09-05 00:33:11 Job submitted from host: <128.104.101.92:9618?addrs=128.104.101.92-9618+[2607-f388-107c-501-a236-9fff-fe3c-caa8]-9618&alias=submit2.chtc.wisc.edu&noUDP&sock=schedd_1879732_618e>
...
040 (13655293.447.000) 2023-09-05 00:56:16 Started transferring input files
	Transferring to host: <128.105.69.157:9618?addrs=128.105.69.157-9618+[2607-f388-2200-100-1270-fdff-fe56-c3a4]-9618&alias=e4090.chtc.wisc.edu&noUDP&sock=slot1_25_1363133_4360_49258>
...
001 (13655293.447.000) 2023-09-05 00:56:38 Job executing on host: <128.105.69.157:9618?addrs=128.105.69.157-9618+[2607-f388-2200-100-1270-fdff-fe56-c3a4]-9618&alias=e4090.chtc.wisc.edu&noUDP&sock=startd_18322_f24e>
	SlotName: slot1_25@e4090.chtc.wisc.edu
	CondorScratchDir = "/var/lib/condor/execute/slot1/dir_555292"
	Cpus = 1
	Disk = 1208198
	IoHeavy = 0
	Memory = 4096
...
040 (13655293.447.000) 2023-09-05 00:56:38 Finished transferring input files
...
006 (13655293.447.000) 2023-09-05 00:56:46 Image size of job updated: 623540
	609  -  MemoryUsage of job (MB)
	623536  -  ResidentSetSize of job (KB)
...
006 (13655293.447.000) 2023-09-05 01:01:46 Image size of job updated: 1078404
	1054  -  MemoryUsage of job (MB)
	1078392  -  ResidentSetSize of job (KB)
...
006 (13655293.447.000) 2023-09-05 01:06:47 Image size of job updated: 1267476
	1238  -  MemoryUsage of job (MB)
	1267196  -  ResidentSetSize of job (KB)
...
006 (13655293.447.000) 2023-09-05 01:11:52 Image size of job updated: 1280756
	1238  -  MemoryUsage of job (MB)
	1267196  -  ResidentSetSize of job (KB)
...
006 (13655293.447.000) 2023-09-06 03:31:59 Image size of job updated: 1379816
	1238  -  MemoryUsage of job (MB)
	1267196  -  ResidentSetSize of job (KB)
...
040 (13655293.447.000) 2023-09-06 03:31:59 Started transferring output files
...
040 (13655293.447.000) 2023-09-06 03:31:59 Finished transferring output files
...
005 (13655293.447.000) 2023-09-06 03:31:59 Job terminated.
	(1) Normal termination (return value 0)
		Usr 1 02:10:34, Sys 0 00:04:37  -  Run Remote Usage
		Usr 0 00:00:00, Sys 0 00:00:00  -  Run Local Usage
		Usr 1 02:10:34, Sys 0 00:04:37  -  Total Remote Usage
		Usr 0 00:00:00, Sys 0 00:00:00  -  Total Local Usage
	1309521  -  Run Bytes Sent By Job
	32652772  -  Run Bytes Received By Job
	1309521  -  Total Bytes Sent By Job
	32652772  -  Total Bytes Received By Job
	Partitionable Resources :     Usage  Request Allocated 
	   Cpus                 :      0.99        1         1 
	   Disk (KB)            : 274901      524288   1208198 
	   IoHeavy              :                            0 
	   Memory (MB)          :   1238        4096      4096 

	Job terminated of its own accord at 2023-09-06T08:31:59Z with exit-code 0.
...
