000 (14312692.043.000) 2023-09-11 11:54:29 Job submitted from host: <128.104.101.92:9618?addrs=128.104.101.92-9618+[2607-f388-107c-501-a236-9fff-fe3c-caa8]-9618&alias=submit2.chtc.wisc.edu&noUDP&sock=schedd_1879732_618e>
...
040 (14312692.043.000) 2023-09-11 12:00:46 Started transferring input files
	Transferring to host: <128.105.69.93:9618?addrs=128.105.69.93-9618+[2607-f388-2200-100-1270-fdff-fe56-ba3c]-9618&alias=e4004.chtc.wisc.edu&noUDP&sock=slot1_46_3805455_0e15_87860>
...
040 (14312692.043.000) 2023-09-11 12:00:48 Finished transferring input files
...
001 (14312692.043.000) 2023-09-11 12:00:49 Job executing on host: <128.105.69.93:9618?addrs=128.105.69.93-9618+[2607-f388-2200-100-1270-fdff-fe56-ba3c]-9618&alias=e4004.chtc.wisc.edu&noUDP&sock=startd_13312_80d3>
	SlotName: slot1_46@e4004.chtc.wisc.edu
	CondorScratchDir = "/var/lib/condor/execute/slot1/dir_1542322"
	Cpus = 1
	Disk = 1268229
	IoHeavy = 0
	Memory = 4096
...
006 (14312692.043.000) 2023-09-11 12:00:58 Image size of job updated: 675040
	660  -  MemoryUsage of job (MB)
	675040  -  ResidentSetSize of job (KB)
...
006 (14312692.043.000) 2023-09-11 12:03:40 Image size of job updated: 849736
	660  -  MemoryUsage of job (MB)
	675808  -  ResidentSetSize of job (KB)
...
040 (14312692.043.000) 2023-09-11 12:03:40 Started transferring output files
...
040 (14312692.043.000) 2023-09-11 12:03:40 Finished transferring output files
...
005 (14312692.043.000) 2023-09-11 12:03:40 Job terminated.
	(1) Normal termination (return value 0)
		Usr 0 00:02:41, Sys 0 00:00:05  -  Run Remote Usage
		Usr 0 00:00:00, Sys 0 00:00:00  -  Run Local Usage
		Usr 0 00:02:41, Sys 0 00:00:05  -  Total Remote Usage
		Usr 0 00:00:00, Sys 0 00:00:00  -  Total Local Usage
	130715  -  Run Bytes Sent By Job
	32720412  -  Run Bytes Received By Job
	130715  -  Total Bytes Sent By Job
	32720412  -  Total Bytes Received By Job
	Partitionable Resources :     Usage  Request Allocated 
	   Cpus                 :      0.89        1         1 
	   Disk (KB)            : 261279      524288   1268229 
	   IoHeavy              :                            0 
	   Memory (MB)          :    660        4096      4096 

	Job terminated of its own accord at 2023-09-11T17:03:40Z with exit-code 0.
...
