000 (13655293.144.000) 2023-09-05 00:33:11 Job submitted from host: <128.104.101.92:9618?addrs=128.104.101.92-9618+[2607-f388-107c-501-a236-9fff-fe3c-caa8]-9618&alias=submit2.chtc.wisc.edu&noUDP&sock=schedd_1879732_618e>
...
040 (13655293.144.000) 2023-09-05 00:37:37 Started transferring input files
	Transferring to host: <128.105.69.200:9618?addrs=128.105.69.200-9618+[2607-f388-2200-100-1270-fdff-fe36-581c]-9618&alias=e4029.chtc.wisc.edu&noUDP&sock=slot1_25_312628_7522_53390>
...
040 (13655293.144.000) 2023-09-05 00:37:39 Finished transferring input files
...
001 (13655293.144.000) 2023-09-05 00:37:41 Job executing on host: <128.105.69.200:9618?addrs=128.105.69.200-9618+[2607-f388-2200-100-1270-fdff-fe36-581c]-9618&alias=e4029.chtc.wisc.edu&noUDP&sock=startd_15873_22df>
	SlotName: slot1_25@e4029.chtc.wisc.edu
	CondorScratchDir = "/var/lib/condor/execute/slot1/dir_1882379"
	Cpus = 1
	Disk = 1208198
	IoHeavy = 0
	Memory = 4096
...
006 (13655293.144.000) 2023-09-05 00:37:50 Image size of job updated: 653100
	638  -  MemoryUsage of job (MB)
	653100  -  ResidentSetSize of job (KB)
...
006 (13655293.144.000) 2023-09-05 00:42:51 Image size of job updated: 1172496
	951  -  MemoryUsage of job (MB)
	973772  -  ResidentSetSize of job (KB)
...
006 (13655293.144.000) 2023-09-05 00:47:52 Image size of job updated: 1172496
	976  -  MemoryUsage of job (MB)
	999336  -  ResidentSetSize of job (KB)
...
006 (13655293.144.000) 2023-09-05 00:52:52 Image size of job updated: 1172496
	977  -  MemoryUsage of job (MB)
	999976  -  ResidentSetSize of job (KB)
...
006 (13655293.144.000) 2023-09-05 01:07:54 Image size of job updated: 1172496
	986  -  MemoryUsage of job (MB)
	1009192  -  ResidentSetSize of job (KB)
...
006 (13655293.144.000) 2023-09-05 22:55:07 Image size of job updated: 1302304
	1272  -  MemoryUsage of job (MB)
	1302304  -  ResidentSetSize of job (KB)
...
040 (13655293.144.000) 2023-09-05 22:55:52 Started transferring output files
...
040 (13655293.144.000) 2023-09-05 22:55:52 Finished transferring output files
...
005 (13655293.144.000) 2023-09-05 22:55:52 Job terminated.
	(1) Normal termination (return value 0)
		Usr 0 21:52:27, Sys 0 00:04:48  -  Run Remote Usage
		Usr 0 00:00:00, Sys 0 00:00:00  -  Run Local Usage
		Usr 0 21:52:27, Sys 0 00:04:48  -  Total Remote Usage
		Usr 0 00:00:00, Sys 0 00:00:00  -  Total Local Usage
	1309618  -  Run Bytes Sent By Job
	32652772  -  Run Bytes Received By Job
	1309618  -  Total Bytes Sent By Job
	32652772  -  Total Bytes Received By Job
	Partitionable Resources :     Usage  Request Allocated 
	   Cpus                 :      0.98        1         1 
	   Disk (KB)            : 274915      524288   1208198 
	   IoHeavy              :                            0 
	   Memory (MB)          :   1272        4096      4096 

	Job terminated of its own accord at 2023-09-06T03:55:52Z with exit-code 0.
...
