000 (13655293.282.000) 2023-09-05 00:33:11 Job submitted from host: <128.104.101.92:9618?addrs=128.104.101.92-9618+[2607-f388-107c-501-a236-9fff-fe3c-caa8]-9618&alias=submit2.chtc.wisc.edu&noUDP&sock=schedd_1879732_618e>
...
040 (13655293.282.000) 2023-09-05 00:52:23 Started transferring input files
	Transferring to host: <128.105.69.230:9618?addrs=128.105.69.230-9618+[2607-f388-2200-100-eaeb-d3ff-fe40-17bc]-9618&alias=e2613.chtc.wisc.edu&noUDP&sock=slot1_94_3225262_998b_51404>
...
040 (13655293.282.000) 2023-09-05 00:52:26 Finished transferring input files
...
001 (13655293.282.000) 2023-09-05 00:52:30 Job executing on host: <128.105.69.230:9618?addrs=128.105.69.230-9618+[2607-f388-2200-100-eaeb-d3ff-fe40-17bc]-9618&alias=e2613.chtc.wisc.edu&noUDP&sock=startd_18882_0f58>
	SlotName: slot1_94@e2613.chtc.wisc.edu
	CondorScratchDir = "/var/lib/condor/execute/slot1/dir_583887"
	Cpus = 1
	Disk = 1458998
	IoHeavy = 0
	Memory = 4096
...
006 (13655293.282.000) 2023-09-05 00:52:38 Image size of job updated: 642096
	628  -  MemoryUsage of job (MB)
	642096  -  ResidentSetSize of job (KB)
...
006 (13655293.282.000) 2023-09-05 00:57:38 Image size of job updated: 1290588
	1024  -  MemoryUsage of job (MB)
	1047572  -  ResidentSetSize of job (KB)
...
006 (13655293.282.000) 2023-09-05 01:02:39 Image size of job updated: 1290588
	1078  -  MemoryUsage of job (MB)
	1103108  -  ResidentSetSize of job (KB)
...
006 (13655293.282.000) 2023-09-05 01:47:43 Image size of job updated: 1290588
	1078  -  MemoryUsage of job (MB)
	1103640  -  ResidentSetSize of job (KB)
...
006 (13655293.282.000) 2023-09-05 01:57:45 Image size of job updated: 1290588
	1082  -  MemoryUsage of job (MB)
	1107916  -  ResidentSetSize of job (KB)
...
006 (13655293.282.000) 2023-09-05 05:18:07 Image size of job updated: 1290588
	1087  -  MemoryUsage of job (MB)
	1112604  -  ResidentSetSize of job (KB)
...
006 (13655293.282.000) 2023-09-05 23:46:31 Image size of job updated: 1393860
	1087  -  MemoryUsage of job (MB)
	1112604  -  ResidentSetSize of job (KB)
...
040 (13655293.282.000) 2023-09-05 23:46:31 Started transferring output files
...
040 (13655293.282.000) 2023-09-05 23:46:31 Finished transferring output files
...
005 (13655293.282.000) 2023-09-05 23:46:31 Job terminated.
	(1) Normal termination (return value 0)
		Usr 0 22:27:23, Sys 0 00:03:40  -  Run Remote Usage
		Usr 0 00:00:00, Sys 0 00:00:00  -  Run Local Usage
		Usr 0 22:27:23, Sys 0 00:03:40  -  Total Remote Usage
		Usr 0 00:00:00, Sys 0 00:00:00  -  Total Local Usage
	1309531  -  Run Bytes Sent By Job
	32652772  -  Run Bytes Received By Job
	1309531  -  Total Bytes Sent By Job
	32652772  -  Total Bytes Received By Job
	Partitionable Resources :     Usage  Request Allocated 
	   Cpus                 :      0.99        1         1 
	   Disk (KB)            : 274910      524288   1458998 
	   IoHeavy              :                            0 
	   Memory (MB)          :   1087        4096      4096 

	Job terminated of its own accord at 2023-09-06T04:46:31Z with exit-code 0.
...
