000 (13648508.108.000) 2023-09-04 23:50:03 Job submitted from host: <128.104.101.92:9618?addrs=128.104.101.92-9618+[2607-f388-107c-501-a236-9fff-fe3c-caa8]-9618&alias=submit2.chtc.wisc.edu&noUDP&sock=schedd_1879732_618e>
...
040 (13648508.108.000) 2023-09-05 00:10:44 Started transferring input files
	Transferring to host: <128.105.69.220:9618?addrs=128.105.69.220-9618+[2607-f388-2200-100-eaeb-d3ff-fe40-1a2c]-9618&alias=e2603.chtc.wisc.edu&noUDP&sock=slot1_12_1030842_3178_62451>
...
040 (13648508.108.000) 2023-09-05 00:10:46 Finished transferring input files
...
001 (13648508.108.000) 2023-09-05 00:10:47 Job executing on host: <128.105.69.220:9618?addrs=128.105.69.220-9618+[2607-f388-2200-100-eaeb-d3ff-fe40-1a2c]-9618&alias=e2603.chtc.wisc.edu&noUDP&sock=startd_18749_d53f>
	SlotName: slot1_12@e2603.chtc.wisc.edu
	CondorScratchDir = "/var/lib/condor/execute/slot1/dir_3713816"
	Cpus = 1
	Disk = 1458998
	IoHeavy = 0
	Memory = 4096
...
006 (13648508.108.000) 2023-09-05 00:10:55 Image size of job updated: 380020
	268  -  MemoryUsage of job (MB)
	273776  -  ResidentSetSize of job (KB)
...
040 (13648508.108.000) 2023-09-05 00:11:28 Started transferring output files
...
040 (13648508.108.000) 2023-09-05 00:11:28 Finished transferring output files
...
005 (13648508.108.000) 2023-09-05 00:11:28 Job terminated.
	(1) Normal termination (return value 0)
		Usr 0 00:00:38, Sys 0 00:00:01  -  Run Remote Usage
		Usr 0 00:00:00, Sys 0 00:00:00  -  Run Local Usage
		Usr 0 00:00:38, Sys 0 00:00:01  -  Total Remote Usage
		Usr 0 00:00:00, Sys 0 00:00:00  -  Total Local Usage
	27946  -  Run Bytes Sent By Job
	32665120  -  Run Bytes Received By Job
	27946  -  Total Bytes Sent By Job
	32665120  -  Total Bytes Received By Job
	Partitionable Resources :     Usage  Request Allocated 
	   Cpus                 :      0.99        1         1 
	   Disk (KB)            : 254941      524288   1458998 
	   IoHeavy              :                            0 
	   Memory (MB)          :    268        4096      4096 

	Job terminated of its own accord at 2023-09-05T05:11:28Z with exit-code 0.
...
