000 (14268886.043.000) 2023-09-11 03:21:39 Job submitted from host: <128.104.101.92:9618?addrs=128.104.101.92-9618+[2607-f388-107c-501-a236-9fff-fe3c-caa8]-9618&alias=submit2.chtc.wisc.edu&noUDP&sock=schedd_1879732_618e>
...
040 (14268886.043.000) 2023-09-11 03:23:34 Started transferring input files
	Transferring to host: <128.105.69.127:9618?addrs=128.105.69.127-9618+[2607-f388-2200-100-1270-fdff-fe56-6744]-9618&alias=e4076.chtc.wisc.edu&noUDP&sock=slot1_18_23231_174a_51272>
...
040 (14268886.043.000) 2023-09-11 03:23:36 Finished transferring input files
...
001 (14268886.043.000) 2023-09-11 03:23:37 Job executing on host: <128.105.69.127:9618?addrs=128.105.69.127-9618+[2607-f388-2200-100-1270-fdff-fe56-6744]-9618&alias=e4076.chtc.wisc.edu&noUDP&sock=startd_23093_74a7>
	SlotName: slot1_18@e4076.chtc.wisc.edu
	CondorScratchDir = "/var/lib/condor/execute/slot1/dir_1109046"
	Cpus = 1
	Disk = 1208198
	IoHeavy = 0
	Memory = 4096
...
006 (14268886.043.000) 2023-09-11 03:23:46 Image size of job updated: 627540
	613  -  MemoryUsage of job (MB)
	627540  -  ResidentSetSize of job (KB)
...
006 (14268886.043.000) 2023-09-11 03:25:48 Image size of job updated: 810072
	615  -  MemoryUsage of job (MB)
	629076  -  ResidentSetSize of job (KB)
...
040 (14268886.043.000) 2023-09-11 03:25:48 Started transferring output files
...
040 (14268886.043.000) 2023-09-11 03:25:48 Finished transferring output files
...
005 (14268886.043.000) 2023-09-11 03:25:48 Job terminated.
	(1) Normal termination (return value 0)
		Usr 0 00:02:03, Sys 0 00:00:03  -  Run Remote Usage
		Usr 0 00:00:00, Sys 0 00:00:00  -  Run Local Usage
		Usr 0 00:02:03, Sys 0 00:00:03  -  Total Remote Usage
		Usr 0 00:00:00, Sys 0 00:00:00  -  Total Local Usage
	125211  -  Run Bytes Sent By Job
	32720416  -  Run Bytes Received By Job
	125211  -  Total Bytes Sent By Job
	32720416  -  Total Bytes Received By Job
	Partitionable Resources :     Usage  Request Allocated 
	   Cpus                 :      0.99        1         1 
	   Disk (KB)            : 261289      524288   1208198 
	   IoHeavy              :                            0 
	   Memory (MB)          :    615        4096      4096 

	Job terminated of its own accord at 2023-09-11T08:25:48Z with exit-code 0.
...
