000 (14268886.029.000) 2023-09-11 03:21:39 Job submitted from host: <128.104.101.92:9618?addrs=128.104.101.92-9618+[2607-f388-107c-501-a236-9fff-fe3c-caa8]-9618&alias=submit2.chtc.wisc.edu&noUDP&sock=schedd_1879732_618e>
...
040 (14268886.029.000) 2023-09-11 03:23:34 Started transferring input files
	Transferring to host: <128.105.69.187:9618?addrs=128.105.69.187-9618+[2607-f388-2200-100-1270-fdff-fe56-b86c]-9618&alias=e4039.chtc.wisc.edu&noUDP&sock=slot1_35_3704987_429f_79842>
...
040 (14268886.029.000) 2023-09-11 03:23:37 Finished transferring input files
...
001 (14268886.029.000) 2023-09-11 03:23:38 Job executing on host: <128.105.69.187:9618?addrs=128.105.69.187-9618+[2607-f388-2200-100-1270-fdff-fe56-b86c]-9618&alias=e4039.chtc.wisc.edu&noUDP&sock=startd_15786_7621>
	SlotName: slot1_35@e4039.chtc.wisc.edu
	CondorScratchDir = "/var/lib/condor/execute/slot1/dir_2113071"
	Cpus = 1
	Disk = 1208198
	IoHeavy = 0
	Memory = 4096
...
006 (14268886.029.000) 2023-09-11 03:23:46 Image size of job updated: 421944
	413  -  MemoryUsage of job (MB)
	421944  -  ResidentSetSize of job (KB)
...
006 (14268886.029.000) 2023-09-11 03:28:26 Image size of job updated: 839184
	414  -  MemoryUsage of job (MB)
	423480  -  ResidentSetSize of job (KB)
...
040 (14268886.029.000) 2023-09-11 03:28:27 Started transferring output files
...
040 (14268886.029.000) 2023-09-11 03:28:27 Finished transferring output files
...
005 (14268886.029.000) 2023-09-11 03:28:27 Job terminated.
	(1) Normal termination (return value 0)
		Usr 0 00:04:37, Sys 0 00:00:08  -  Run Remote Usage
		Usr 0 00:00:00, Sys 0 00:00:00  -  Run Local Usage
		Usr 0 00:04:37, Sys 0 00:00:08  -  Total Remote Usage
		Usr 0 00:00:00, Sys 0 00:00:00  -  Total Local Usage
	163170  -  Run Bytes Sent By Job
	32720416  -  Run Bytes Received By Job
	163170  -  Total Bytes Sent By Job
	32720416  -  Total Bytes Received By Job
	Partitionable Resources :     Usage  Request Allocated 
	   Cpus                 :      0.99        1         1 
	   Disk (KB)            : 261326      524288   1208198 
	   IoHeavy              :                            0 
	   Memory (MB)          :    414        4096      4096 

	Job terminated of its own accord at 2023-09-11T08:28:26Z with exit-code 0.
...
