000 (14268886.032.000) 2023-09-11 03:21:39 Job submitted from host: <128.104.101.92:9618?addrs=128.104.101.92-9618+[2607-f388-107c-501-a236-9fff-fe3c-caa8]-9618&alias=submit2.chtc.wisc.edu&noUDP&sock=schedd_1879732_618e>
...
040 (14268886.032.000) 2023-09-11 03:23:33 Started transferring input files
	Transferring to host: <128.105.69.215:9618?addrs=128.105.69.215-9618+[2607-f388-2200-100-eaeb-d3ff-fe40-154c]-9618&alias=e2598.chtc.wisc.edu&noUDP&sock=slot1_42_519391_b21a_100266>
...
040 (14268886.032.000) 2023-09-11 03:23:35 Finished transferring input files
...
001 (14268886.032.000) 2023-09-11 03:23:36 Job executing on host: <128.105.69.215:9618?addrs=128.105.69.215-9618+[2607-f388-2200-100-eaeb-d3ff-fe40-154c]-9618&alias=e2598.chtc.wisc.edu&noUDP&sock=startd_18687_4e60>
	SlotName: slot1_42@e2598.chtc.wisc.edu
	CondorScratchDir = "/var/lib/condor/execute/slot1/dir_1596511"
	Cpus = 1
	Disk = 1458998
	IoHeavy = 0
	Memory = 4096
...
006 (14268886.032.000) 2023-09-11 03:23:45 Image size of job updated: 667092
	652  -  MemoryUsage of job (MB)
	667092  -  ResidentSetSize of job (KB)
...
006 (14268886.032.000) 2023-09-11 03:25:51 Image size of job updated: 810624
	654  -  MemoryUsage of job (MB)
	669140  -  ResidentSetSize of job (KB)
...
040 (14268886.032.000) 2023-09-11 03:25:51 Started transferring output files
...
040 (14268886.032.000) 2023-09-11 03:25:51 Finished transferring output files
...
005 (14268886.032.000) 2023-09-11 03:25:51 Job terminated.
	(1) Normal termination (return value 0)
		Usr 0 00:02:07, Sys 0 00:00:02  -  Run Remote Usage
		Usr 0 00:00:00, Sys 0 00:00:00  -  Run Local Usage
		Usr 0 00:02:07, Sys 0 00:00:02  -  Total Remote Usage
		Usr 0 00:00:00, Sys 0 00:00:00  -  Total Local Usage
	125781  -  Run Bytes Sent By Job
	32720416  -  Run Bytes Received By Job
	125781  -  Total Bytes Sent By Job
	32720416  -  Total Bytes Received By Job
	Partitionable Resources :     Usage  Request Allocated 
	   Cpus                 :      0.98        1         1 
	   Disk (KB)            : 261290      524288   1458998 
	   IoHeavy              :                            0 
	   Memory (MB)          :    654        4096      4096 

	Job terminated of its own accord at 2023-09-11T08:25:51Z with exit-code 0.
...
