000 (13655293.368.000) 2023-09-05 00:33:11 Job submitted from host: <128.104.101.92:9618?addrs=128.104.101.92-9618+[2607-f388-107c-501-a236-9fff-fe3c-caa8]-9618&alias=submit2.chtc.wisc.edu&noUDP&sock=schedd_1879732_618e>
...
040 (13655293.368.000) 2023-09-05 00:54:21 Started transferring input files
	Transferring to host: <128.105.69.191:9618?addrs=128.105.69.191-9618+[2607-f388-2200-100-1270-fdff-fe56-3d4c]-9618&alias=e4044.chtc.wisc.edu&noUDP&sock=slot1_67_852826_d131_11577>
...
040 (13655293.368.000) 2023-09-05 00:54:22 Finished transferring input files
...
001 (13655293.368.000) 2023-09-05 00:54:24 Job executing on host: <128.105.69.191:9618?addrs=128.105.69.191-9618+[2607-f388-2200-100-1270-fdff-fe56-3d4c]-9618&alias=e4044.chtc.wisc.edu&noUDP&sock=startd_16542_03ba>
	SlotName: slot1_67@e4044.chtc.wisc.edu
	CondorScratchDir = "/var/lib/condor/execute/slot1/dir_2530320"
	Cpus = 1
	Disk = 1208198
	IoHeavy = 0
	Memory = 4096
...
006 (13655293.368.000) 2023-09-05 00:54:32 Image size of job updated: 699780
	684  -  MemoryUsage of job (MB)
	699776  -  ResidentSetSize of job (KB)
...
006 (13655293.368.000) 2023-09-05 00:59:32 Image size of job updated: 1278992
	1063  -  MemoryUsage of job (MB)
	1087948  -  ResidentSetSize of job (KB)
...
006 (13655293.368.000) 2023-09-05 01:04:32 Image size of job updated: 1278992
	1087  -  MemoryUsage of job (MB)
	1112196  -  ResidentSetSize of job (KB)
...
006 (13655293.368.000) 2023-09-05 02:34:41 Image size of job updated: 1278992
	1087  -  MemoryUsage of job (MB)
	1112452  -  ResidentSetSize of job (KB)
...
006 (13655293.368.000) 2023-09-05 03:14:46 Image size of job updated: 1278992
	1087  -  MemoryUsage of job (MB)
	1112764  -  ResidentSetSize of job (KB)
...
006 (13655293.368.000) 2023-09-05 04:04:51 Image size of job updated: 1278992
	1088  -  MemoryUsage of job (MB)
	1114044  -  ResidentSetSize of job (KB)
...
006 (13655293.368.000) 2023-09-05 04:34:55 Image size of job updated: 1278992
	1092  -  MemoryUsage of job (MB)
	1117708  -  ResidentSetSize of job (KB)
...
006 (13655293.368.000) 2023-09-05 22:40:09 Image size of job updated: 1401308
	1092  -  MemoryUsage of job (MB)
	1117708  -  ResidentSetSize of job (KB)
...
040 (13655293.368.000) 2023-09-05 22:40:09 Started transferring output files
...
040 (13655293.368.000) 2023-09-05 22:40:10 Finished transferring output files
...
005 (13655293.368.000) 2023-09-05 22:40:10 Job terminated.
	(1) Normal termination (return value 0)
		Usr 0 21:25:29, Sys 0 00:03:01  -  Run Remote Usage
		Usr 0 00:00:00, Sys 0 00:00:00  -  Run Local Usage
		Usr 0 21:25:29, Sys 0 00:03:01  -  Total Remote Usage
		Usr 0 00:00:00, Sys 0 00:00:00  -  Total Local Usage
	1309552  -  Run Bytes Sent By Job
	32652772  -  Run Bytes Received By Job
	1309552  -  Total Bytes Sent By Job
	32652772  -  Total Bytes Received By Job
	Partitionable Resources :     Usage  Request Allocated 
	   Cpus                 :      0.99        1         1 
	   Disk (KB)            : 274901      524288   1208198 
	   IoHeavy              :                            0 
	   Memory (MB)          :   1092        4096      4096 

	Job terminated of its own accord at 2023-09-06T03:40:09Z with exit-code 0.
...
