000 (13655293.461.000) 2023-09-05 00:33:11 Job submitted from host: <128.104.101.92:9618?addrs=128.104.101.92-9618+[2607-f388-107c-501-a236-9fff-fe3c-caa8]-9618&alias=submit2.chtc.wisc.edu&noUDP&sock=schedd_1879732_618e>
...
040 (13655293.461.000) 2023-09-05 00:56:23 Started transferring input files
	Transferring to host: <128.105.69.157:9618?addrs=128.105.69.157-9618+[2607-f388-2200-100-1270-fdff-fe56-c3a4]-9618&alias=e4090.chtc.wisc.edu&noUDP&sock=slot1_58_1363133_4360_49269>
...
001 (13655293.461.000) 2023-09-05 00:57:05 Job executing on host: <128.105.69.157:9618?addrs=128.105.69.157-9618+[2607-f388-2200-100-1270-fdff-fe56-c3a4]-9618&alias=e4090.chtc.wisc.edu&noUDP&sock=startd_18322_f24e>
	SlotName: slot1_58@e4090.chtc.wisc.edu
	CondorScratchDir = "/var/lib/condor/execute/slot1/dir_555306"
	Cpus = 1
	Disk = 1208198
	IoHeavy = 0
	Memory = 4096
...
040 (13655293.461.000) 2023-09-05 00:57:05 Finished transferring input files
...
006 (13655293.461.000) 2023-09-05 00:57:13 Image size of job updated: 516832
	505  -  MemoryUsage of job (MB)
	516832  -  ResidentSetSize of job (KB)
...
006 (13655293.461.000) 2023-09-05 01:02:14 Image size of job updated: 1021936
	840  -  MemoryUsage of job (MB)
	859432  -  ResidentSetSize of job (KB)
...
006 (13655293.461.000) 2023-09-05 01:07:14 Image size of job updated: 1160744
	1134  -  MemoryUsage of job (MB)
	1160520  -  ResidentSetSize of job (KB)
...
006 (13655293.461.000) 2023-09-05 01:12:17 Image size of job updated: 1180740
	1134  -  MemoryUsage of job (MB)
	1160520  -  ResidentSetSize of job (KB)
...
006 (13655293.461.000) 2023-09-06 03:05:56 Image size of job updated: 1286232
	1134  -  MemoryUsage of job (MB)
	1160520  -  ResidentSetSize of job (KB)
...
040 (13655293.461.000) 2023-09-06 03:05:57 Started transferring output files
...
040 (13655293.461.000) 2023-09-06 03:05:57 Finished transferring output files
...
005 (13655293.461.000) 2023-09-06 03:05:57 Job terminated.
	(1) Normal termination (return value 0)
		Usr 1 01:46:29, Sys 0 00:03:42  -  Run Remote Usage
		Usr 0 00:00:00, Sys 0 00:00:00  -  Run Local Usage
		Usr 1 01:46:29, Sys 0 00:03:42  -  Total Remote Usage
		Usr 0 00:00:00, Sys 0 00:00:00  -  Total Local Usage
	1309624  -  Run Bytes Sent By Job
	32652772  -  Run Bytes Received By Job
	1309624  -  Total Bytes Sent By Job
	32652772  -  Total Bytes Received By Job
	Partitionable Resources :     Usage  Request Allocated 
	   Cpus                 :      0.99        1         1 
	   Disk (KB)            : 274912      524288   1208198 
	   IoHeavy              :                            0 
	   Memory (MB)          :   1134        4096      4096 

	Job terminated of its own accord at 2023-09-06T08:05:56Z with exit-code 0.
...
