000 (14268886.065.000) 2023-09-11 03:21:39 Job submitted from host: <128.104.101.92:9618?addrs=128.104.101.92-9618+[2607-f388-107c-501-a236-9fff-fe3c-caa8]-9618&alias=submit2.chtc.wisc.edu&noUDP&sock=schedd_1879732_618e>
...
040 (14268886.065.000) 2023-09-11 03:25:36 Started transferring input files
	Transferring to host: <128.105.69.187:9618?addrs=128.105.69.187-9618+[2607-f388-2200-100-1270-fdff-fe56-b86c]-9618&alias=e4039.chtc.wisc.edu&noUDP&sock=slot1_36_3704987_429f_79844>
...
040 (14268886.065.000) 2023-09-11 03:25:38 Finished transferring input files
...
001 (14268886.065.000) 2023-09-11 03:25:39 Job executing on host: <128.105.69.187:9618?addrs=128.105.69.187-9618+[2607-f388-2200-100-1270-fdff-fe56-b86c]-9618&alias=e4039.chtc.wisc.edu&noUDP&sock=startd_15786_7621>
	SlotName: slot1_36@e4039.chtc.wisc.edu
	CondorScratchDir = "/var/lib/condor/execute/slot1/dir_2113398"
	Cpus = 1
	Disk = 1208198
	IoHeavy = 0
	Memory = 4096
...
006 (14268886.065.000) 2023-09-11 03:25:49 Image size of job updated: 402128
	393  -  MemoryUsage of job (MB)
	402128  -  ResidentSetSize of job (KB)
...
006 (14268886.065.000) 2023-09-11 03:30:15 Image size of job updated: 810724
	393  -  MemoryUsage of job (MB)
	402384  -  ResidentSetSize of job (KB)
...
040 (14268886.065.000) 2023-09-11 03:30:15 Started transferring output files
...
040 (14268886.065.000) 2023-09-11 03:30:15 Finished transferring output files
...
005 (14268886.065.000) 2023-09-11 03:30:15 Job terminated.
	(1) Normal termination (return value 0)
		Usr 0 00:04:19, Sys 0 00:00:12  -  Run Remote Usage
		Usr 0 00:00:00, Sys 0 00:00:00  -  Run Local Usage
		Usr 0 00:04:19, Sys 0 00:00:12  -  Total Remote Usage
		Usr 0 00:00:00, Sys 0 00:00:00  -  Total Local Usage
	101541  -  Run Bytes Sent By Job
	32720416  -  Run Bytes Received By Job
	101541  -  Total Bytes Sent By Job
	32720416  -  Total Bytes Received By Job
	Partitionable Resources :     Usage  Request Allocated 
	   Cpus                 :      0.99        1         1 
	   Disk (KB)            : 261266      524288   1208198 
	   IoHeavy              :                            0 
	   Memory (MB)          :    393        4096      4096 

	Job terminated of its own accord at 2023-09-11T08:30:15Z with exit-code 0.
...
