000 (13655293.054.000) 2023-09-05 00:33:11 Job submitted from host: <128.104.101.92:9618?addrs=128.104.101.92-9618+[2607-f388-107c-501-a236-9fff-fe3c-caa8]-9618&alias=submit2.chtc.wisc.edu&noUDP&sock=schedd_1879732_618e>
...
040 (13655293.054.000) 2023-09-05 00:36:10 Started transferring input files
	Transferring to host: <128.105.69.111:9618?addrs=128.105.69.111-9618+[2607-f388-2200-100-1270-fdff-fe56-cecc]-9618&alias=e4060.chtc.wisc.edu&noUDP&sock=slot1_52_2818152_c6a0_56908>
...
040 (13655293.054.000) 2023-09-05 00:36:12 Finished transferring input files
...
001 (13655293.054.000) 2023-09-05 00:36:18 Job executing on host: <128.105.69.111:9618?addrs=128.105.69.111-9618+[2607-f388-2200-100-1270-fdff-fe56-cecc]-9618&alias=e4060.chtc.wisc.edu&noUDP&sock=startd_18821_3811>
	SlotName: slot1_52@e4060.chtc.wisc.edu
	CondorScratchDir = "/var/lib/condor/execute/slot1/dir_304235"
	Cpus = 1
	Disk = 1208198
	IoHeavy = 0
	Memory = 4096
...
006 (13655293.054.000) 2023-09-05 00:36:27 Image size of job updated: 693248
	677  -  MemoryUsage of job (MB)
	693248  -  ResidentSetSize of job (KB)
...
006 (13655293.054.000) 2023-09-05 00:41:28 Image size of job updated: 1282280
	1066  -  MemoryUsage of job (MB)
	1090916  -  ResidentSetSize of job (KB)
...
006 (13655293.054.000) 2023-09-05 00:46:28 Image size of job updated: 1282280
	1080  -  MemoryUsage of job (MB)
	1105360  -  ResidentSetSize of job (KB)
...
006 (13655293.054.000) 2023-09-05 00:56:29 Image size of job updated: 1282280
	1083  -  MemoryUsage of job (MB)
	1108204  -  ResidentSetSize of job (KB)
...
006 (13655293.054.000) 2023-09-05 01:11:31 Image size of job updated: 1282280
	1084  -  MemoryUsage of job (MB)
	1109144  -  ResidentSetSize of job (KB)
...
006 (13655293.054.000) 2023-09-05 03:01:43 Image size of job updated: 1282280
	1085  -  MemoryUsage of job (MB)
	1110848  -  ResidentSetSize of job (KB)
...
006 (13655293.054.000) 2023-09-05 03:56:50 Image size of job updated: 1282280
	1086  -  MemoryUsage of job (MB)
	1111104  -  ResidentSetSize of job (KB)
...
006 (13655293.054.000) 2023-09-06 00:23:52 Image size of job updated: 1382448
	1211  -  MemoryUsage of job (MB)
	1239640  -  ResidentSetSize of job (KB)
...
040 (13655293.054.000) 2023-09-06 00:24:12 Started transferring output files
...
040 (13655293.054.000) 2023-09-06 00:24:12 Finished transferring output files
...
005 (13655293.054.000) 2023-09-06 00:24:12 Job terminated.
	(1) Normal termination (return value 0)
		Usr 0 23:14:25, Sys 0 00:06:56  -  Run Remote Usage
		Usr 0 00:00:00, Sys 0 00:00:00  -  Run Local Usage
		Usr 0 23:14:25, Sys 0 00:06:56  -  Total Remote Usage
		Usr 0 00:00:00, Sys 0 00:00:00  -  Total Local Usage
	1309503  -  Run Bytes Sent By Job
	32652772  -  Run Bytes Received By Job
	1309503  -  Total Bytes Sent By Job
	32652772  -  Total Bytes Received By Job
	Partitionable Resources :     Usage  Request Allocated 
	   Cpus                 :      0.98        1         1 
	   Disk (KB)            : 274915      524288   1208198 
	   IoHeavy              :                            0 
	   Memory (MB)          :   1211        4096      4096 

	Job terminated of its own accord at 2023-09-06T05:24:12Z with exit-code 0.
...
