000 (13655293.007.000) 2023-09-05 00:33:11 Job submitted from host: <128.104.101.92:9618?addrs=128.104.101.92-9618+[2607-f388-107c-501-a236-9fff-fe3c-caa8]-9618&alias=submit2.chtc.wisc.edu&noUDP&sock=schedd_1879732_618e>
...
040 (13655293.007.000) 2023-09-05 00:35:53 Started transferring input files
	Transferring to host: <128.105.69.191:9618?addrs=128.105.69.191-9618+[2607-f388-2200-100-1270-fdff-fe56-3d4c]-9618&alias=e4044.chtc.wisc.edu&noUDP&sock=slot1_57_852826_d131_11538>
...
040 (13655293.007.000) 2023-09-05 00:35:55 Finished transferring input files
...
001 (13655293.007.000) 2023-09-05 00:35:56 Job executing on host: <128.105.69.191:9618?addrs=128.105.69.191-9618+[2607-f388-2200-100-1270-fdff-fe56-3d4c]-9618&alias=e4044.chtc.wisc.edu&noUDP&sock=startd_16542_03ba>
	SlotName: slot1_57@e4044.chtc.wisc.edu
	CondorScratchDir = "/var/lib/condor/execute/slot1/dir_2505003"
	Cpus = 1
	Disk = 1208198
	IoHeavy = 0
	Memory = 4096
...
006 (13655293.007.000) 2023-09-05 00:36:05 Image size of job updated: 600032
	586  -  MemoryUsage of job (MB)
	600032  -  ResidentSetSize of job (KB)
...
006 (13655293.007.000) 2023-09-05 00:41:06 Image size of job updated: 1179160
	953  -  MemoryUsage of job (MB)
	975800  -  ResidentSetSize of job (KB)
...
006 (13655293.007.000) 2023-09-05 00:46:07 Image size of job updated: 1179160
	970  -  MemoryUsage of job (MB)
	992292  -  ResidentSetSize of job (KB)
...
006 (13655293.007.000) 2023-09-05 00:56:08 Image size of job updated: 1179160
	974  -  MemoryUsage of job (MB)
	996900  -  ResidentSetSize of job (KB)
...
006 (13655293.007.000) 2023-09-05 01:06:08 Image size of job updated: 1179160
	975  -  MemoryUsage of job (MB)
	997636  -  ResidentSetSize of job (KB)
...
006 (13655293.007.000) 2023-09-05 01:21:10 Image size of job updated: 1179160
	975  -  MemoryUsage of job (MB)
	998148  -  ResidentSetSize of job (KB)
...
006 (13655293.007.000) 2023-09-05 01:26:11 Image size of job updated: 1179160
	982  -  MemoryUsage of job (MB)
	1005104  -  ResidentSetSize of job (KB)
...
006 (13655293.007.000) 2023-09-05 02:11:16 Image size of job updated: 1179160
	986  -  MemoryUsage of job (MB)
	1008688  -  ResidentSetSize of job (KB)
...
006 (13655293.007.000) 2023-09-05 06:41:44 Image size of job updated: 1179160
	986  -  MemoryUsage of job (MB)
	1008692  -  ResidentSetSize of job (KB)
...
006 (13655293.007.000) 2023-09-05 13:12:21 Image size of job updated: 1179160
	986  -  MemoryUsage of job (MB)
	1008724  -  ResidentSetSize of job (KB)
...
006 (13655293.007.000) 2023-09-05 13:42:23 Image size of job updated: 1179160
	986  -  MemoryUsage of job (MB)
	1008728  -  ResidentSetSize of job (KB)
...
006 (13655293.007.000) 2023-09-05 14:17:27 Image size of job updated: 1179160
	986  -  MemoryUsage of job (MB)
	1008732  -  ResidentSetSize of job (KB)
...
006 (13655293.007.000) 2023-09-05 15:07:33 Image size of job updated: 1179160
	986  -  MemoryUsage of job (MB)
	1008740  -  ResidentSetSize of job (KB)
...
006 (13655293.007.000) 2023-09-05 15:22:35 Image size of job updated: 1179160
	986  -  MemoryUsage of job (MB)
	1008744  -  ResidentSetSize of job (KB)
...
006 (13655293.007.000) 2023-09-05 17:57:52 Image size of job updated: 1179160
	986  -  MemoryUsage of job (MB)
	1008796  -  ResidentSetSize of job (KB)
...
006 (13655293.007.000) 2023-09-05 18:17:54 Image size of job updated: 1179160
	986  -  MemoryUsage of job (MB)
	1008808  -  ResidentSetSize of job (KB)
...
006 (13655293.007.000) 2023-09-05 18:27:55 Image size of job updated: 1179160
	986  -  MemoryUsage of job (MB)
	1008820  -  ResidentSetSize of job (KB)
...
006 (13655293.007.000) 2023-09-05 18:32:55 Image size of job updated: 1179160
	986  -  MemoryUsage of job (MB)
	1008824  -  ResidentSetSize of job (KB)
...
006 (13655293.007.000) 2023-09-05 18:37:56 Image size of job updated: 1179160
	986  -  MemoryUsage of job (MB)
	1008832  -  ResidentSetSize of job (KB)
...
006 (13655293.007.000) 2023-09-05 18:42:56 Image size of job updated: 1179160
	986  -  MemoryUsage of job (MB)
	1008836  -  ResidentSetSize of job (KB)
...
006 (13655293.007.000) 2023-09-05 18:47:56 Image size of job updated: 1179160
	986  -  MemoryUsage of job (MB)
	1008840  -  ResidentSetSize of job (KB)
...
006 (13655293.007.000) 2023-09-05 18:57:57 Image size of job updated: 1179160
	986  -  MemoryUsage of job (MB)
	1008856  -  ResidentSetSize of job (KB)
...
006 (13655293.007.000) 2023-09-05 19:02:57 Image size of job updated: 1179160
	986  -  MemoryUsage of job (MB)
	1008868  -  ResidentSetSize of job (KB)
...
006 (13655293.007.000) 2023-09-05 19:07:58 Image size of job updated: 1179160
	986  -  MemoryUsage of job (MB)
	1009132  -  ResidentSetSize of job (KB)
...
006 (13655293.007.000) 2023-09-05 19:33:00 Image size of job updated: 1179160
	986  -  MemoryUsage of job (MB)
	1009180  -  ResidentSetSize of job (KB)
...
006 (13655293.007.000) 2023-09-05 21:19:58 Image size of job updated: 1290588
	986  -  MemoryUsage of job (MB)
	1009180  -  ResidentSetSize of job (KB)
...
040 (13655293.007.000) 2023-09-05 21:19:58 Started transferring output files
...
040 (13655293.007.000) 2023-09-05 21:19:58 Finished transferring output files
...
005 (13655293.007.000) 2023-09-05 21:19:58 Job terminated.
	(1) Normal termination (return value 0)
		Usr 0 20:24:19, Sys 0 00:02:49  -  Run Remote Usage
		Usr 0 00:00:00, Sys 0 00:00:00  -  Run Local Usage
		Usr 0 20:24:19, Sys 0 00:02:49  -  Total Remote Usage
		Usr 0 00:00:00, Sys 0 00:00:00  -  Total Local Usage
	1309168  -  Run Bytes Sent By Job
	32652772  -  Run Bytes Received By Job
	1309168  -  Total Bytes Sent By Job
	32652772  -  Total Bytes Received By Job
	Partitionable Resources :     Usage  Request Allocated 
	   Cpus                 :      0.99        1         1 
	   Disk (KB)            : 274906      524288   1208198 
	   IoHeavy              :                            0 
	   Memory (MB)          :    986        4096      4096 

	Job terminated of its own accord at 2023-09-06T02:19:58Z with exit-code 0.
...
