000 (13655293.120.000) 2023-09-05 00:33:11 Job submitted from host: <128.104.101.92:9618?addrs=128.104.101.92-9618+[2607-f388-107c-501-a236-9fff-fe3c-caa8]-9618&alias=submit2.chtc.wisc.edu&noUDP&sock=schedd_1879732_618e>
...
040 (13655293.120.000) 2023-09-05 00:36:34 Started transferring input files
	Transferring to host: <128.105.69.91:9618?addrs=128.105.69.91-9618+[2607-f388-2200-100-1270-fdff-fe56-41c4]-9618&alias=e4002.chtc.wisc.edu&noUDP&sock=slot1_46_1583588_c105_57639>
...
001 (13655293.120.000) 2023-09-05 00:36:44 Job executing on host: <128.105.69.91:9618?addrs=128.105.69.91-9618+[2607-f388-2200-100-1270-fdff-fe56-41c4]-9618&alias=e4002.chtc.wisc.edu&noUDP&sock=startd_14707_5b71>
	SlotName: slot1_46@e4002.chtc.wisc.edu
	CondorScratchDir = "/var/lib/condor/execute/slot1/dir_2741549"
	Cpus = 1
	Disk = 1268229
	IoHeavy = 0
	Memory = 4096
...
040 (13655293.120.000) 2023-09-05 00:36:44 Finished transferring input files
...
006 (13655293.120.000) 2023-09-05 00:36:54 Image size of job updated: 623640
	610  -  MemoryUsage of job (MB)
	623640  -  ResidentSetSize of job (KB)
...
006 (13655293.120.000) 2023-09-05 00:41:54 Image size of job updated: 1181360
	954  -  MemoryUsage of job (MB)
	976324  -  ResidentSetSize of job (KB)
...
006 (13655293.120.000) 2023-09-05 00:46:55 Image size of job updated: 1181360
	977  -  MemoryUsage of job (MB)
	1000376  -  ResidentSetSize of job (KB)
...
006 (13655293.120.000) 2023-09-05 01:01:56 Image size of job updated: 1181360
	986  -  MemoryUsage of job (MB)
	1009080  -  ResidentSetSize of job (KB)
...
006 (13655293.120.000) 2023-09-05 02:42:09 Image size of job updated: 1181360
	988  -  MemoryUsage of job (MB)
	1010828  -  ResidentSetSize of job (KB)
...
006 (13655293.120.000) 2023-09-05 03:37:16 Image size of job updated: 1181360
	988  -  MemoryUsage of job (MB)
	1010984  -  ResidentSetSize of job (KB)
...
006 (13655293.120.000) 2023-09-05 23:56:11 Image size of job updated: 1312232
	1141  -  MemoryUsage of job (MB)
	1168312  -  ResidentSetSize of job (KB)
...
040 (13655293.120.000) 2023-09-05 23:56:23 Started transferring output files
...
040 (13655293.120.000) 2023-09-05 23:56:23 Finished transferring output files
...
005 (13655293.120.000) 2023-09-05 23:56:24 Job terminated.
	(1) Normal termination (return value 0)
		Usr 0 22:49:21, Sys 0 00:07:05  -  Run Remote Usage
		Usr 0 00:00:00, Sys 0 00:00:00  -  Run Local Usage
		Usr 0 22:49:21, Sys 0 00:07:05  -  Total Remote Usage
		Usr 0 00:00:00, Sys 0 00:00:00  -  Total Local Usage
	1309594  -  Run Bytes Sent By Job
	32652772  -  Run Bytes Received By Job
	1309594  -  Total Bytes Sent By Job
	32652772  -  Total Bytes Received By Job
	Partitionable Resources :     Usage  Request Allocated 
	   Cpus                 :      0.99        1         1 
	   Disk (KB)            : 274900      524288   1268229 
	   IoHeavy              :                            0 
	   Memory (MB)          :   1141        4096      4096 

	Job terminated of its own accord at 2023-09-06T04:56:23Z with exit-code 0.
...
