000 (14312691.029.000) 2023-09-11 11:54:06 Job submitted from host: <128.104.101.92:9618?addrs=128.104.101.92-9618+[2607-f388-107c-501-a236-9fff-fe3c-caa8]-9618&alias=submit2.chtc.wisc.edu&noUDP&sock=schedd_1879732_618e>
...
040 (14312691.029.000) 2023-09-11 12:00:26 Started transferring input files
	Transferring to host: <128.105.69.175:9618?addrs=128.105.69.175-9618+[2607-f388-2200-100-1270-fdff-fe56-63d4]-9618&alias=e2558.chtc.wisc.edu&noUDP&sock=slot1_27_4096578_8b73_92339>
...
040 (14312691.029.000) 2023-09-11 12:00:28 Finished transferring input files
...
001 (14312691.029.000) 2023-09-11 12:00:31 Job executing on host: <128.105.69.175:9618?addrs=128.105.69.175-9618+[2607-f388-2200-100-1270-fdff-fe56-63d4]-9618&alias=e2558.chtc.wisc.edu&noUDP&sock=startd_13980_b217>
	SlotName: slot1_27@e2558.chtc.wisc.edu
	CondorScratchDir = "/var/lib/condor/execute/slot1/dir_2462346"
	Cpus = 1
	Disk = 1208198
	IoHeavy = 0
	Memory = 4096
...
006 (14312691.029.000) 2023-09-11 12:00:41 Image size of job updated: 272720
	175  -  MemoryUsage of job (MB)
	178820  -  ResidentSetSize of job (KB)
...
040 (14312691.029.000) 2023-09-11 12:04:05 Started transferring output files
...
040 (14312691.029.000) 2023-09-11 12:04:06 Finished transferring output files
...
005 (14312691.029.000) 2023-09-11 12:04:11 Job terminated.
	(1) Normal termination (return value 0)
		Usr 0 00:03:25, Sys 0 00:00:01  -  Run Remote Usage
		Usr 0 00:00:00, Sys 0 00:00:00  -  Run Local Usage
		Usr 0 00:03:25, Sys 0 00:00:01  -  Total Remote Usage
		Usr 0 00:00:00, Sys 0 00:00:00  -  Total Local Usage
	178148  -  Run Bytes Sent By Job
	32664896  -  Run Bytes Received By Job
	178148  -  Total Bytes Sent By Job
	32664896  -  Total Bytes Received By Job
	Partitionable Resources :     Usage  Request Allocated 
	   Cpus                 :      0.99        1         1 
	   Disk (KB)            : 255089      524288   1208198 
	   IoHeavy              :                            0 
	   Memory (MB)          :    175        4096      4096 

	Job terminated of its own accord at 2023-09-11T17:04:02Z with exit-code 0.
...
