000 (13655293.039.000) 2023-09-05 00:33:11 Job submitted from host: <128.104.101.92:9618?addrs=128.104.101.92-9618+[2607-f388-107c-501-a236-9fff-fe3c-caa8]-9618&alias=submit2.chtc.wisc.edu&noUDP&sock=schedd_1879732_618e>
...
040 (13655293.039.000) 2023-09-05 00:36:36 Started transferring input files
	Transferring to host: <128.105.69.108:9618?addrs=128.105.69.108-9618+[2607-f388-2200-100-1270-fdff-fe56-3214]-9618&alias=e4057.chtc.wisc.edu&noUDP&sock=slot1_23_16649_79fe_10403>
...
040 (13655293.039.000) 2023-09-05 00:36:42 Finished transferring input files
...
001 (13655293.039.000) 2023-09-05 00:36:55 Job executing on host: <128.105.69.108:9618?addrs=128.105.69.108-9618+[2607-f388-2200-100-1270-fdff-fe56-3214]-9618&alias=e4057.chtc.wisc.edu&noUDP&sock=startd_16510_10b3>
	SlotName: slot1_23@e4057.chtc.wisc.edu
	CondorScratchDir = "/var/lib/condor/execute/slot1/dir_2733665"
	Cpus = 1
	Disk = 1208198
	IoHeavy = 0
	Memory = 4096
...
006 (13655293.039.000) 2023-09-05 00:37:04 Image size of job updated: 736992
	720  -  MemoryUsage of job (MB)
	736992  -  ResidentSetSize of job (KB)
...
006 (13655293.039.000) 2023-09-05 00:42:05 Image size of job updated: 1357268
	1109  -  MemoryUsage of job (MB)
	1134732  -  ResidentSetSize of job (KB)
...
006 (13655293.039.000) 2023-09-05 00:47:05 Image size of job updated: 1357268
	1158  -  MemoryUsage of job (MB)
	1185704  -  ResidentSetSize of job (KB)
...
006 (13655293.039.000) 2023-09-05 02:17:13 Image size of job updated: 1357268
	1160  -  MemoryUsage of job (MB)
	1187528  -  ResidentSetSize of job (KB)
...
006 (13655293.039.000) 2023-09-05 03:52:22 Image size of job updated: 1357268
	1161  -  MemoryUsage of job (MB)
	1188476  -  ResidentSetSize of job (KB)
...
006 (13655293.039.000) 2023-09-05 05:02:28 Image size of job updated: 1357268
	1163  -  MemoryUsage of job (MB)
	1190820  -  ResidentSetSize of job (KB)
...
006 (13655293.039.000) 2023-09-05 21:16:04 Image size of job updated: 1481512
	1163  -  MemoryUsage of job (MB)
	1190820  -  ResidentSetSize of job (KB)
...
040 (13655293.039.000) 2023-09-05 21:16:04 Started transferring output files
...
040 (13655293.039.000) 2023-09-05 21:16:04 Finished transferring output files
...
005 (13655293.039.000) 2023-09-05 21:16:04 Job terminated.
	(1) Normal termination (return value 0)
		Usr 0 20:16:20, Sys 0 00:03:31  -  Run Remote Usage
		Usr 0 00:00:00, Sys 0 00:00:00  -  Run Local Usage
		Usr 0 20:16:20, Sys 0 00:03:31  -  Total Remote Usage
		Usr 0 00:00:00, Sys 0 00:00:00  -  Total Local Usage
	1309595  -  Run Bytes Sent By Job
	32652772  -  Run Bytes Received By Job
	1309595  -  Total Bytes Sent By Job
	32652772  -  Total Bytes Received By Job
	Partitionable Resources :     Usage  Request Allocated 
	   Cpus                 :      0.99        1         1 
	   Disk (KB)            : 274902      524288   1208198 
	   IoHeavy              :                            0 
	   Memory (MB)          :   1163        4096      4096 

	Job terminated of its own accord at 2023-09-06T02:16:04Z with exit-code 0.
...
