000 (13655293.264.000) 2023-09-05 00:33:11 Job submitted from host: <128.104.101.92:9618?addrs=128.104.101.92-9618+[2607-f388-107c-501-a236-9fff-fe3c-caa8]-9618&alias=submit2.chtc.wisc.edu&noUDP&sock=schedd_1879732_618e>
...
040 (13655293.264.000) 2023-09-05 00:49:50 Started transferring input files
	Transferring to host: <128.105.69.140:9618?addrs=128.105.69.140-9618+[2607-f388-2200-100-1270-fdff-fe56-ca7c]-9618&alias=e4017.chtc.wisc.edu&noUDP&sock=slot1_35_2319050_4418_53284>
...
040 (13655293.264.000) 2023-09-05 00:49:51 Finished transferring input files
...
001 (13655293.264.000) 2023-09-05 00:50:12 Job executing on host: <128.105.69.140:9618?addrs=128.105.69.140-9618+[2607-f388-2200-100-1270-fdff-fe56-ca7c]-9618&alias=e4017.chtc.wisc.edu&noUDP&sock=startd_11656_9ffe>
	SlotName: slot1_35@e4017.chtc.wisc.edu
	CondorScratchDir = "/var/lib/condor/execute/slot1/dir_3417683"
	Cpus = 1
	Disk = 1208198
	IoHeavy = 0
	Memory = 4096
...
006 (13655293.264.000) 2023-09-05 00:50:21 Image size of job updated: 648016
	633  -  MemoryUsage of job (MB)
	648016  -  ResidentSetSize of job (KB)
...
006 (13655293.264.000) 2023-09-05 00:55:22 Image size of job updated: 1179176
	973  -  MemoryUsage of job (MB)
	996064  -  ResidentSetSize of job (KB)
...
006 (13655293.264.000) 2023-09-05 01:05:23 Image size of job updated: 1179176
	975  -  MemoryUsage of job (MB)
	997452  -  ResidentSetSize of job (KB)
...
006 (13655293.264.000) 2023-09-05 01:15:24 Image size of job updated: 1179176
	981  -  MemoryUsage of job (MB)
	1003596  -  ResidentSetSize of job (KB)
...
006 (13655293.264.000) 2023-09-05 01:45:26 Image size of job updated: 1179176
	982  -  MemoryUsage of job (MB)
	1004788  -  ResidentSetSize of job (KB)
...
006 (13655293.264.000) 2023-09-05 02:20:31 Image size of job updated: 1179176
	987  -  MemoryUsage of job (MB)
	1010480  -  ResidentSetSize of job (KB)
...
006 (13655293.264.000) 2023-09-05 16:46:56 Image size of job updated: 1303872
	1274  -  MemoryUsage of job (MB)
	1303872  -  ResidentSetSize of job (KB)
...
040 (13655293.264.000) 2023-09-05 16:47:38 Started transferring output files
...
040 (13655293.264.000) 2023-09-05 16:47:38 Finished transferring output files
...
005 (13655293.264.000) 2023-09-05 16:47:38 Job terminated.
	(1) Normal termination (return value 0)
		Usr 0 15:45:48, Sys 0 00:01:45  -  Run Remote Usage
		Usr 0 00:00:00, Sys 0 00:00:00  -  Run Local Usage
		Usr 0 15:45:48, Sys 0 00:01:45  -  Total Remote Usage
		Usr 0 00:00:00, Sys 0 00:00:00  -  Total Local Usage
	1309542  -  Run Bytes Sent By Job
	32652772  -  Run Bytes Received By Job
	1309542  -  Total Bytes Sent By Job
	32652772  -  Total Bytes Received By Job
	Partitionable Resources :     Usage  Request Allocated 
	   Cpus                 :      0.99        1         1 
	   Disk (KB)            : 274915      524288   1208198 
	   IoHeavy              :                            0 
	   Memory (MB)          :   1274        4096      4096 

	Job terminated of its own accord at 2023-09-05T21:47:38Z with exit-code 0.
...
