000 (13648508.123.000) 2023-09-04 23:50:03 Job submitted from host: <128.104.101.92:9618?addrs=128.104.101.92-9618+[2607-f388-107c-501-a236-9fff-fe3c-caa8]-9618&alias=submit2.chtc.wisc.edu&noUDP&sock=schedd_1879732_618e>
...
040 (13648508.123.000) 2023-09-05 00:11:09 Started transferring input files
	Transferring to host: <128.105.69.148:9618?addrs=128.105.69.148-9618+[2607-f388-2200-100-1270-fdff-fe56-ceec]-9618&alias=build4001.chtc.wisc.edu&noUDP&sock=slot3_51_2852113_5f65_68708>
...
040 (13648508.123.000) 2023-09-05 00:11:11 Finished transferring input files
...
001 (13648508.123.000) 2023-09-05 00:11:12 Job executing on host: <128.105.69.148:9618?addrs=128.105.69.148-9618+[2607-f388-2200-100-1270-fdff-fe56-ceec]-9618&alias=build4001.chtc.wisc.edu&noUDP&sock=startd_16163_0d56>
	SlotName: slot3_51@build4001.chtc.wisc.edu
	CondorScratchDir = "/var/lib/condor/execute/slot3/dir_820296"
	Cpus = 1
	Disk = 1208198
	IoHeavy = 0
	Memory = 4096
...
006 (13648508.123.000) 2023-09-05 00:11:21 Image size of job updated: 273132
	164  -  MemoryUsage of job (MB)
	167636  -  ResidentSetSize of job (KB)
...
040 (13648508.123.000) 2023-09-05 00:11:47 Started transferring output files
...
040 (13648508.123.000) 2023-09-05 00:11:47 Finished transferring output files
...
005 (13648508.123.000) 2023-09-05 00:11:47 Job terminated.
	(1) Normal termination (return value 0)
		Usr 0 00:00:32, Sys 0 00:00:00  -  Run Remote Usage
		Usr 0 00:00:00, Sys 0 00:00:00  -  Run Local Usage
		Usr 0 00:00:32, Sys 0 00:00:00  -  Total Remote Usage
		Usr 0 00:00:00, Sys 0 00:00:00  -  Total Local Usage
	28079  -  Run Bytes Sent By Job
	32665120  -  Run Bytes Received By Job
	28079  -  Total Bytes Sent By Job
	32665120  -  Total Bytes Received By Job
	Partitionable Resources :     Usage  Request Allocated 
	   Cpus                 :      0.98        1         1 
	   Disk (KB)            : 254942      524288   1208198 
	   IoHeavy              :                            0 
	   Memory (MB)          :    164        4096      4096 

	Job terminated of its own accord at 2023-09-05T05:11:47Z with exit-code 0.
...
