000 (14312691.031.000) 2023-09-11 11:54:06 Job submitted from host: <128.104.101.92:9618?addrs=128.104.101.92-9618+[2607-f388-107c-501-a236-9fff-fe3c-caa8]-9618&alias=submit2.chtc.wisc.edu&noUDP&sock=schedd_1879732_618e>
...
040 (14312691.031.000) 2023-09-11 12:00:26 Started transferring input files
	Transferring to host: <128.105.68.91:9618?addrs=128.105.68.91-9618+[2607-f388-2200-100-1270-fdff-fe56-c2c4]-9618&alias=e4053.chtc.wisc.edu&noUDP&sock=slot1_108_550738_7e35_90698>
...
040 (14312691.031.000) 2023-09-11 12:00:28 Finished transferring input files
...
001 (14312691.031.000) 2023-09-11 12:00:32 Job executing on host: <128.105.68.91:9618?addrs=128.105.68.91-9618+[2607-f388-2200-100-1270-fdff-fe56-c2c4]-9618&alias=e4053.chtc.wisc.edu&noUDP&sock=startd_11752_7915>
	SlotName: slot1_108@e4053.chtc.wisc.edu
	CondorScratchDir = "/var/lib/condor/execute/slot1/dir_3404229"
	Cpus = 1
	Disk = 1208198
	IoHeavy = 0
	Memory = 4096
...
006 (14312691.031.000) 2023-09-11 12:00:41 Image size of job updated: 381060
	275  -  MemoryUsage of job (MB)
	281480  -  ResidentSetSize of job (KB)
...
040 (14312691.031.000) 2023-09-11 12:02:16 Started transferring output files
...
040 (14312691.031.000) 2023-09-11 12:02:16 Finished transferring output files
...
005 (14312691.031.000) 2023-09-11 12:02:16 Job terminated.
	(1) Normal termination (return value 0)
		Usr 0 00:01:39, Sys 0 00:00:01  -  Run Remote Usage
		Usr 0 00:00:00, Sys 0 00:00:00  -  Run Local Usage
		Usr 0 00:01:39, Sys 0 00:00:01  -  Total Remote Usage
		Usr 0 00:00:00, Sys 0 00:00:00  -  Total Local Usage
	132325  -  Run Bytes Sent By Job
	32664896  -  Run Bytes Received By Job
	132325  -  Total Bytes Sent By Job
	32664896  -  Total Bytes Received By Job
	Partitionable Resources :    Usage  Request Allocated 
	   Cpus                 :                 1         1 
	   Disk (KB)            :   255034   524288   1208198 
	   IoHeavy              :                           0 
	   Memory (MB)          :      275     4096      4096 

	Job terminated of its own accord at 2023-09-11T17:02:16Z with exit-code 0.
...
