000 (14268886.057.000) 2023-09-11 03:21:39 Job submitted from host: <128.104.101.92:9618?addrs=128.104.101.92-9618+[2607-f388-107c-501-a236-9fff-fe3c-caa8]-9618&alias=submit2.chtc.wisc.edu&noUDP&sock=schedd_1879732_618e>
...
040 (14268886.057.000) 2023-09-11 03:25:36 Started transferring input files
	Transferring to host: <128.105.69.231:9618?addrs=128.105.69.231-9618+[2607-f388-2200-100-eaeb-d3ff-fe3f-fbfc]-9618&alias=e2614.chtc.wisc.edu&noUDP&sock=slot1_231_790319_fb23_88403>
...
040 (14268886.057.000) 2023-09-11 03:25:38 Finished transferring input files
...
001 (14268886.057.000) 2023-09-11 03:25:39 Job executing on host: <128.105.69.231:9618?addrs=128.105.69.231-9618+[2607-f388-2200-100-eaeb-d3ff-fe3f-fbfc]-9618&alias=e2614.chtc.wisc.edu&noUDP&sock=startd_11686_33d5>
	SlotName: slot1_231@e2614.chtc.wisc.edu
	CondorScratchDir = "/var/lib/condor/execute/slot1/dir_1618278"
	Cpus = 1
	Disk = 1458998
	IoHeavy = 0
	Memory = 4096
...
006 (14268886.057.000) 2023-09-11 03:25:47 Image size of job updated: 531748
	520  -  MemoryUsage of job (MB)
	531744  -  ResidentSetSize of job (KB)
...
006 (14268886.057.000) 2023-09-11 03:27:53 Image size of job updated: 809628
	522  -  MemoryUsage of job (MB)
	533792  -  ResidentSetSize of job (KB)
...
040 (14268886.057.000) 2023-09-11 03:27:54 Started transferring output files
...
040 (14268886.057.000) 2023-09-11 03:27:54 Finished transferring output files
...
005 (14268886.057.000) 2023-09-11 03:27:54 Job terminated.
	(1) Normal termination (return value 0)
		Usr 0 00:02:04, Sys 0 00:00:06  -  Run Remote Usage
		Usr 0 00:00:00, Sys 0 00:00:00  -  Run Local Usage
		Usr 0 00:02:04, Sys 0 00:00:06  -  Total Remote Usage
		Usr 0 00:00:00, Sys 0 00:00:00  -  Total Local Usage
	93960  -  Run Bytes Sent By Job
	32720416  -  Run Bytes Received By Job
	93960  -  Total Bytes Sent By Job
	32720416  -  Total Bytes Received By Job
	Partitionable Resources :    Usage  Request Allocated 
	   Cpus                 :                 1         1 
	   Disk (KB)            :   261250   524288   1458998 
	   IoHeavy              :                           0 
	   Memory (MB)          :      522     4096      4096 

	Job terminated of its own accord at 2023-09-11T08:27:53Z with exit-code 0.
...
