000 (13655293.310.000) 2023-09-05 00:33:11 Job submitted from host: <128.104.101.92:9618?addrs=128.104.101.92-9618+[2607-f388-107c-501-a236-9fff-fe3c-caa8]-9618&alias=submit2.chtc.wisc.edu&noUDP&sock=schedd_1879732_618e>
...
040 (13655293.310.000) 2023-09-05 00:53:18 Started transferring input files
	Transferring to host: <128.105.69.129:9618?addrs=128.105.69.129-9618+[2607-f388-2200-100-1270-fdff-fe56-6734]-9618&alias=e4078.chtc.wisc.edu&noUDP&sock=slot1_49_735766_7519_55038>
...
001 (13655293.310.000) 2023-09-05 00:53:30 Job executing on host: <128.105.69.129:9618?addrs=128.105.69.129-9618+[2607-f388-2200-100-1270-fdff-fe56-6734]-9618&alias=e4078.chtc.wisc.edu&noUDP&sock=startd_16790_1f37>
	SlotName: slot1_49@e4078.chtc.wisc.edu
	CondorScratchDir = "/var/lib/condor/execute/slot1/dir_2648866"
	Cpus = 1
	Disk = 1208198
	IoHeavy = 0
	Memory = 4096
...
040 (13655293.310.000) 2023-09-05 00:53:30 Finished transferring input files
...
006 (13655293.310.000) 2023-09-05 00:53:39 Image size of job updated: 606912
	593  -  MemoryUsage of job (MB)
	606912  -  ResidentSetSize of job (KB)
...
006 (13655293.310.000) 2023-09-05 00:58:40 Image size of job updated: 1184568
	956  -  MemoryUsage of job (MB)
	977968  -  ResidentSetSize of job (KB)
...
006 (13655293.310.000) 2023-09-05 01:03:40 Image size of job updated: 1184568
	978  -  MemoryUsage of job (MB)
	1000536  -  ResidentSetSize of job (KB)
...
006 (13655293.310.000) 2023-09-05 01:53:44 Image size of job updated: 1184568
	979  -  MemoryUsage of job (MB)
	1001900  -  ResidentSetSize of job (KB)
...
006 (13655293.310.000) 2023-09-05 02:13:46 Image size of job updated: 1184568
	988  -  MemoryUsage of job (MB)
	1011556  -  ResidentSetSize of job (KB)
...
006 (13655293.310.000) 2023-09-05 02:33:48 Image size of job updated: 1184568
	989  -  MemoryUsage of job (MB)
	1011792  -  ResidentSetSize of job (KB)
...
006 (13655293.310.000) 2023-09-06 00:01:03 Image size of job updated: 1294096
	1264  -  MemoryUsage of job (MB)
	1294092  -  ResidentSetSize of job (KB)
...
040 (13655293.310.000) 2023-09-06 00:01:38 Started transferring output files
...
040 (13655293.310.000) 2023-09-06 00:01:38 Finished transferring output files
...
005 (13655293.310.000) 2023-09-06 00:01:38 Job terminated.
	(1) Normal termination (return value 0)
		Usr 0 22:38:36, Sys 0 00:05:49  -  Run Remote Usage
		Usr 0 00:00:00, Sys 0 00:00:00  -  Run Local Usage
		Usr 0 22:38:36, Sys 0 00:05:49  -  Total Remote Usage
		Usr 0 00:00:00, Sys 0 00:00:00  -  Total Local Usage
	1309529  -  Run Bytes Sent By Job
	32652772  -  Run Bytes Received By Job
	1309529  -  Total Bytes Sent By Job
	32652772  -  Total Bytes Received By Job
	Partitionable Resources :     Usage  Request Allocated 
	   Cpus                 :      0.99        1         1 
	   Disk (KB)            : 274916      524288   1208198 
	   IoHeavy              :                            0 
	   Memory (MB)          :   1264        4096      4096 

	Job terminated of its own accord at 2023-09-06T05:01:38Z with exit-code 0.
...
