000 (13655293.033.000) 2023-09-05 00:33:11 Job submitted from host: <128.104.101.92:9618?addrs=128.104.101.92-9618+[2607-f388-107c-501-a236-9fff-fe3c-caa8]-9618&alias=submit2.chtc.wisc.edu&noUDP&sock=schedd_1879732_618e>
...
040 (13655293.033.000) 2023-09-05 00:36:08 Started transferring input files
	Transferring to host: <128.105.69.178:9618?addrs=128.105.69.178-9618+[2607-f388-2200-100-1270-fdff-fe56-c31c]-9618&alias=e2561.chtc.wisc.edu&noUDP&sock=slot1_44_3096927_fb89_81908>
...
040 (13655293.033.000) 2023-09-05 00:36:10 Finished transferring input files
...
001 (13655293.033.000) 2023-09-05 00:36:13 Job executing on host: <128.105.69.178:9618?addrs=128.105.69.178-9618+[2607-f388-2200-100-1270-fdff-fe56-c31c]-9618&alias=e2561.chtc.wisc.edu&noUDP&sock=startd_13913_bd3e>
	SlotName: slot1_44@e2561.chtc.wisc.edu
	CondorScratchDir = "/var/lib/condor/execute/slot1/dir_440023"
	Cpus = 1
	Disk = 1208198
	IoHeavy = 0
	Memory = 4096
...
006 (13655293.033.000) 2023-09-05 00:36:22 Image size of job updated: 660004
	645  -  MemoryUsage of job (MB)
	660000  -  ResidentSetSize of job (KB)
...
006 (13655293.033.000) 2023-09-05 00:41:23 Image size of job updated: 1244104
	1028  -  MemoryUsage of job (MB)
	1052112  -  ResidentSetSize of job (KB)
...
006 (13655293.033.000) 2023-09-05 00:46:23 Image size of job updated: 1244104
	1031  -  MemoryUsage of job (MB)
	1055336  -  ResidentSetSize of job (KB)
...
006 (13655293.033.000) 2023-09-05 01:56:30 Image size of job updated: 1244104
	1039  -  MemoryUsage of job (MB)
	1063564  -  ResidentSetSize of job (KB)
...
006 (13655293.033.000) 2023-09-05 22:00:44 Image size of job updated: 1357752
	1039  -  MemoryUsage of job (MB)
	1063564  -  ResidentSetSize of job (KB)
...
040 (13655293.033.000) 2023-09-05 22:00:47 Started transferring output files
...
040 (13655293.033.000) 2023-09-05 22:00:47 Finished transferring output files
...
005 (13655293.033.000) 2023-09-05 22:00:47 Job terminated.
	(1) Normal termination (return value 0)
		Usr 0 21:01:00, Sys 0 00:05:13  -  Run Remote Usage
		Usr 0 00:00:00, Sys 0 00:00:00  -  Run Local Usage
		Usr 0 21:01:00, Sys 0 00:05:13  -  Total Remote Usage
		Usr 0 00:00:00, Sys 0 00:00:00  -  Total Local Usage
	1309474  -  Run Bytes Sent By Job
	32652772  -  Run Bytes Received By Job
	1309474  -  Total Bytes Sent By Job
	32652772  -  Total Bytes Received By Job
	Partitionable Resources :     Usage  Request Allocated 
	   Cpus                 :      0.99        1         1 
	   Disk (KB)            : 274906      524288   1208198 
	   IoHeavy              :                            0 
	   Memory (MB)          :   1039        4096      4096 

	Job terminated of its own accord at 2023-09-06T03:00:44Z with exit-code 0.
...
