000 (13655293.387.000) 2023-09-05 00:33:11 Job submitted from host: <128.104.101.92:9618?addrs=128.104.101.92-9618+[2607-f388-107c-501-a236-9fff-fe3c-caa8]-9618&alias=submit2.chtc.wisc.edu&noUDP&sock=schedd_1879732_618e>
...
040 (13655293.387.000) 2023-09-05 00:54:22 Started transferring input files
	Transferring to host: <128.105.69.157:9618?addrs=128.105.69.157-9618+[2607-f388-2200-100-1270-fdff-fe56-c3a4]-9618&alias=e4090.chtc.wisc.edu&noUDP&sock=slot1_11_1363133_4360_49221>
...
040 (13655293.387.000) 2023-09-05 00:54:24 Finished transferring input files
...
001 (13655293.387.000) 2023-09-05 00:54:25 Job executing on host: <128.105.69.157:9618?addrs=128.105.69.157-9618+[2607-f388-2200-100-1270-fdff-fe56-c3a4]-9618&alias=e4090.chtc.wisc.edu&noUDP&sock=startd_18322_f24e>
	SlotName: slot1_11@e4090.chtc.wisc.edu
	CondorScratchDir = "/var/lib/condor/execute/slot1/dir_547324"
	Cpus = 1
	Disk = 1208198
	IoHeavy = 0
	Memory = 4096
...
006 (13655293.387.000) 2023-09-05 00:54:34 Image size of job updated: 532732
	521  -  MemoryUsage of job (MB)
	532732  -  ResidentSetSize of job (KB)
...
006 (13655293.387.000) 2023-09-05 00:59:35 Image size of job updated: 1165488
	1138  -  MemoryUsage of job (MB)
	1165240  -  ResidentSetSize of job (KB)
...
006 (13655293.387.000) 2023-09-05 01:09:35 Image size of job updated: 1183408
	1138  -  MemoryUsage of job (MB)
	1165240  -  ResidentSetSize of job (KB)
...
006 (13655293.387.000) 2023-09-06 01:15:19 Image size of job updated: 1313024
	1138  -  MemoryUsage of job (MB)
	1165240  -  ResidentSetSize of job (KB)
...
040 (13655293.387.000) 2023-09-06 01:15:19 Started transferring output files
...
040 (13655293.387.000) 2023-09-06 01:15:19 Finished transferring output files
...
005 (13655293.387.000) 2023-09-06 01:15:19 Job terminated.
	(1) Normal termination (return value 0)
		Usr 1 00:00:02, Sys 0 00:03:33  -  Run Remote Usage
		Usr 0 00:00:00, Sys 0 00:00:00  -  Run Local Usage
		Usr 1 00:00:02, Sys 0 00:03:33  -  Total Remote Usage
		Usr 0 00:00:00, Sys 0 00:00:00  -  Total Local Usage
	1309599  -  Run Bytes Sent By Job
	32652772  -  Run Bytes Received By Job
	1309599  -  Total Bytes Sent By Job
	32652772  -  Total Bytes Received By Job
	Partitionable Resources :     Usage  Request Allocated 
	   Cpus                 :      0.99        1         1 
	   Disk (KB)            : 274902      524288   1208198 
	   IoHeavy              :                            0 
	   Memory (MB)          :   1138        4096      4096 

	Job terminated of its own accord at 2023-09-06T06:15:19Z with exit-code 0.
...
