000 (13648508.004.000) 2023-09-04 23:50:03 Job submitted from host: <128.104.101.92:9618?addrs=128.104.101.92-9618+[2607-f388-107c-501-a236-9fff-fe3c-caa8]-9618&alias=submit2.chtc.wisc.edu&noUDP&sock=schedd_1879732_618e>
...
040 (13648508.004.000) 2023-09-04 23:51:25 Started transferring input files
	Transferring to host: <128.105.69.230:9618?addrs=128.105.69.230-9618+[2607-f388-2200-100-eaeb-d3ff-fe40-17bc]-9618&alias=e2613.chtc.wisc.edu&noUDP&sock=slot1_34_3225262_998b_51202>
...
040 (13648508.004.000) 2023-09-04 23:51:27 Finished transferring input files
...
001 (13648508.004.000) 2023-09-04 23:51:28 Job executing on host: <128.105.69.230:9618?addrs=128.105.69.230-9618+[2607-f388-2200-100-eaeb-d3ff-fe40-17bc]-9618&alias=e2613.chtc.wisc.edu&noUDP&sock=startd_18882_0f58>
	SlotName: slot1_34@e2613.chtc.wisc.edu
	CondorScratchDir = "/var/lib/condor/execute/slot1/dir_460788"
	Cpus = 1
	Disk = 1458998
	IoHeavy = 0
	Memory = 4096
...
006 (13648508.004.000) 2023-09-04 23:51:36 Image size of job updated: 379496
	290  -  MemoryUsage of job (MB)
	296420  -  ResidentSetSize of job (KB)
...
006 (13648508.004.000) 2023-09-04 23:56:36 Image size of job updated: 379496
	312  -  MemoryUsage of job (MB)
	318560  -  ResidentSetSize of job (KB)
...
006 (13648508.004.000) 2023-09-05 00:06:37 Image size of job updated: 379496
	312  -  MemoryUsage of job (MB)
	318680  -  ResidentSetSize of job (KB)
...
006 (13648508.004.000) 2023-09-05 00:11:37 Image size of job updated: 379496
	314  -  MemoryUsage of job (MB)
	321272  -  ResidentSetSize of job (KB)
...
040 (13648508.004.000) 2023-09-05 00:38:54 Started transferring output files
...
040 (13648508.004.000) 2023-09-05 00:38:54 Finished transferring output files
...
005 (13648508.004.000) 2023-09-05 00:38:59 Job terminated.
	(1) Normal termination (return value 0)
		Usr 0 00:46:27, Sys 0 00:00:04  -  Run Remote Usage
		Usr 0 00:00:00, Sys 0 00:00:00  -  Run Local Usage
		Usr 0 00:46:27, Sys 0 00:00:04  -  Total Remote Usage
		Usr 0 00:00:00, Sys 0 00:00:00  -  Total Local Usage
	30710  -  Run Bytes Sent By Job
	32665120  -  Run Bytes Received By Job
	30710  -  Total Bytes Sent By Job
	32665120  -  Total Bytes Received By Job
	Partitionable Resources :     Usage  Request Allocated 
	   Cpus                 :      0.98        1         1 
	   Disk (KB)            : 254943      524288   1458998 
	   IoHeavy              :                            0 
	   Memory (MB)          :    314        4096      4096 

	Job terminated of its own accord at 2023-09-05T05:38:52Z with exit-code 0.
...
