000 (13655293.311.000) 2023-09-05 00:33:11 Job submitted from host: <128.104.101.92:9618?addrs=128.104.101.92-9618+[2607-f388-107c-501-a236-9fff-fe3c-caa8]-9618&alias=submit2.chtc.wisc.edu&noUDP&sock=schedd_1879732_618e>
...
040 (13655293.311.000) 2023-09-05 00:53:24 Started transferring input files
	Transferring to host: <128.105.69.126:9618?addrs=128.105.69.126-9618+[2607-f388-2200-100-1270-fdff-fe56-ca5c]-9618&alias=e4075.chtc.wisc.edu&noUDP&sock=slot1_31_2504111_7b5e_65236>
...
001 (13655293.311.000) 2023-09-05 00:53:33 Job executing on host: <128.105.69.126:9618?addrs=128.105.69.126-9618+[2607-f388-2200-100-1270-fdff-fe56-ca5c]-9618&alias=e4075.chtc.wisc.edu&noUDP&sock=startd_19068_a3f5>
	SlotName: slot1_31@e4075.chtc.wisc.edu
	CondorScratchDir = "/var/lib/condor/execute/slot1/dir_1151624"
	Cpus = 1
	Disk = 1208198
	IoHeavy = 0
	Memory = 4096
...
040 (13655293.311.000) 2023-09-05 00:53:33 Finished transferring input files
...
006 (13655293.311.000) 2023-09-05 00:53:42 Image size of job updated: 596280
	583  -  MemoryUsage of job (MB)
	596280  -  ResidentSetSize of job (KB)
...
006 (13655293.311.000) 2023-09-05 00:58:43 Image size of job updated: 1180524
	958  -  MemoryUsage of job (MB)
	980972  -  ResidentSetSize of job (KB)
...
006 (13655293.311.000) 2023-09-05 01:03:43 Image size of job updated: 1180524
	969  -  MemoryUsage of job (MB)
	992240  -  ResidentSetSize of job (KB)
...
006 (13655293.311.000) 2023-09-05 01:13:44 Image size of job updated: 1180524
	970  -  MemoryUsage of job (MB)
	992536  -  ResidentSetSize of job (KB)
...
006 (13655293.311.000) 2023-09-05 01:18:45 Image size of job updated: 1180524
	972  -  MemoryUsage of job (MB)
	994600  -  ResidentSetSize of job (KB)
...
006 (13655293.311.000) 2023-09-05 01:23:45 Image size of job updated: 1180524
	990  -  MemoryUsage of job (MB)
	1013480  -  ResidentSetSize of job (KB)
...
006 (13655293.311.000) 2023-09-05 17:46:33 Image size of job updated: 1308248
	990  -  MemoryUsage of job (MB)
	1013480  -  ResidentSetSize of job (KB)
...
040 (13655293.311.000) 2023-09-05 17:46:33 Started transferring output files
...
040 (13655293.311.000) 2023-09-05 17:46:33 Finished transferring output files
...
005 (13655293.311.000) 2023-09-05 17:46:33 Job terminated.
	(1) Normal termination (return value 0)
		Usr 0 16:34:21, Sys 0 00:03:15  -  Run Remote Usage
		Usr 0 00:00:00, Sys 0 00:00:00  -  Run Local Usage
		Usr 0 16:34:21, Sys 0 00:03:15  -  Total Remote Usage
		Usr 0 00:00:00, Sys 0 00:00:00  -  Total Local Usage
	1309682  -  Run Bytes Sent By Job
	32652772  -  Run Bytes Received By Job
	1309682  -  Total Bytes Sent By Job
	32652772  -  Total Bytes Received By Job
	Partitionable Resources :     Usage  Request Allocated 
	   Cpus                 :      0.99        1         1 
	   Disk (KB)            : 274904      524288   1208198 
	   IoHeavy              :                            0 
	   Memory (MB)          :    990        4096      4096 

	Job terminated of its own accord at 2023-09-05T22:46:33Z with exit-code 0.
...
