000 (14312692.003.000) 2023-09-11 11:54:29 Job submitted from host: <128.104.101.92:9618?addrs=128.104.101.92-9618+[2607-f388-107c-501-a236-9fff-fe3c-caa8]-9618&alias=submit2.chtc.wisc.edu&noUDP&sock=schedd_1879732_618e>
...
040 (14312692.003.000) 2023-09-11 12:00:34 Started transferring input files
	Transferring to host: <128.105.69.95:9618?addrs=128.105.69.95-9618+[2607-f388-2200-100-1270-fdff-fe56-bff4]-9618&alias=e4006.chtc.wisc.edu&noUDP&sock=slot1_98_3283200_297f_96994>
...
040 (14312692.003.000) 2023-09-11 12:00:37 Finished transferring input files
...
001 (14312692.003.000) 2023-09-11 12:00:40 Job executing on host: <128.105.69.95:9618?addrs=128.105.69.95-9618+[2607-f388-2200-100-1270-fdff-fe56-bff4]-9618&alias=e4006.chtc.wisc.edu&noUDP&sock=startd_2383497_450b>
	SlotName: slot1_98@e4006.chtc.wisc.edu
	CondorScratchDir = "/var/lib/condor/execute/slot1/dir_1190495"
	Cpus = 1
	Disk = 1208198
	IoHeavy = 0
	Memory = 4096
...
006 (14312692.003.000) 2023-09-11 12:00:49 Image size of job updated: 722608
	706  -  MemoryUsage of job (MB)
	722608  -  ResidentSetSize of job (KB)
...
006 (14312692.003.000) 2023-09-11 12:05:50 Image size of job updated: 830748
	707  -  MemoryUsage of job (MB)
	723120  -  ResidentSetSize of job (KB)
...
040 (14312692.003.000) 2023-09-11 12:44:36 Started transferring output files
...
040 (14312692.003.000) 2023-09-11 12:44:39 Finished transferring output files
...
005 (14312692.003.000) 2023-09-11 12:44:48 Job terminated.
	(1) Normal termination (return value 0)
		Usr 0 00:42:48, Sys 0 00:00:04  -  Run Remote Usage
		Usr 0 00:00:00, Sys 0 00:00:00  -  Run Local Usage
		Usr 0 00:42:48, Sys 0 00:00:04  -  Total Remote Usage
		Usr 0 00:00:00, Sys 0 00:00:00  -  Total Local Usage
	550764  -  Run Bytes Sent By Job
	32720412  -  Run Bytes Received By Job
	550764  -  Total Bytes Sent By Job
	32720412  -  Total Bytes Received By Job
	Partitionable Resources :     Usage  Request Allocated 
	   Cpus                 :      0.98        1         1 
	   Disk (KB)            : 261705      524288   1208198 
	   IoHeavy              :                            0 
	   Memory (MB)          :    707        4096      4096 

	Job terminated of its own accord at 2023-09-11T17:44:29Z with exit-code 0.
...
