000 (14312691.014.000) 2023-09-11 11:54:06 Job submitted from host: <128.104.101.92:9618?addrs=128.104.101.92-9618+[2607-f388-107c-501-a236-9fff-fe3c-caa8]-9618&alias=submit2.chtc.wisc.edu&noUDP&sock=schedd_1879732_618e>
...
040 (14312691.014.000) 2023-09-11 12:00:24 Started transferring input files
	Transferring to host: <128.105.69.113:9618?addrs=128.105.69.113-9618+[2607-f388-2200-100-1270-fdff-fe56-6dbc]-9618&alias=e4062.chtc.wisc.edu&noUDP&sock=slot1_48_2434262_8ae6_98452>
...
040 (14312691.014.000) 2023-09-11 12:00:25 Finished transferring input files
...
001 (14312691.014.000) 2023-09-11 12:00:28 Job executing on host: <128.105.69.113:9618?addrs=128.105.69.113-9618+[2607-f388-2200-100-1270-fdff-fe56-6dbc]-9618&alias=e4062.chtc.wisc.edu&noUDP&sock=startd_16747_a0a5>
	SlotName: slot1_48@e4062.chtc.wisc.edu
	CondorScratchDir = "/var/lib/condor/execute/slot1/dir_882591"
	Cpus = 1
	Disk = 1208198
	IoHeavy = 0
	Memory = 4096
...
006 (14312691.014.000) 2023-09-11 12:00:36 Image size of job updated: 273880
	169  -  MemoryUsage of job (MB)
	172700  -  ResidentSetSize of job (KB)
...
006 (14312691.014.000) 2023-09-11 12:05:36 Image size of job updated: 273880
	187  -  MemoryUsage of job (MB)
	191436  -  ResidentSetSize of job (KB)
...
040 (14312691.014.000) 2023-09-11 12:07:23 Started transferring output files
...
040 (14312691.014.000) 2023-09-11 12:07:23 Finished transferring output files
...
005 (14312691.014.000) 2023-09-11 12:07:23 Job terminated.
	(1) Normal termination (return value 0)
		Usr 0 00:06:45, Sys 0 00:00:01  -  Run Remote Usage
		Usr 0 00:00:00, Sys 0 00:00:00  -  Run Local Usage
		Usr 0 00:06:45, Sys 0 00:00:01  -  Total Remote Usage
		Usr 0 00:00:00, Sys 0 00:00:00  -  Total Local Usage
	233289  -  Run Bytes Sent By Job
	32664896  -  Run Bytes Received By Job
	233289  -  Total Bytes Sent By Job
	32664896  -  Total Bytes Received By Job
	Partitionable Resources :     Usage  Request Allocated 
	   Cpus                 :      0.98        1         1 
	   Disk (KB)            : 255141      524288   1208198 
	   IoHeavy              :                            0 
	   Memory (MB)          :    187        4096      4096 

	Job terminated of its own accord at 2023-09-11T17:07:23Z with exit-code 0.
...
