000 (14312691.041.000) 2023-09-11 11:54:06 Job submitted from host: <128.104.101.92:9618?addrs=128.104.101.92-9618+[2607-f388-107c-501-a236-9fff-fe3c-caa8]-9618&alias=submit2.chtc.wisc.edu&noUDP&sock=schedd_1879732_618e>
...
040 (14312691.041.000) 2023-09-11 12:00:27 Started transferring input files
	Transferring to host: <128.105.69.202:9618?addrs=128.105.69.202-9618+[2607-f388-2200-100-1270-fdff-fe56-c3c4]-9618&alias=e4033.chtc.wisc.edu&noUDP&sock=slot1_41_2303293_08b8_89853>
...
040 (14312691.041.000) 2023-09-11 12:00:30 Finished transferring input files
...
001 (14312691.041.000) 2023-09-11 12:00:34 Job executing on host: <128.105.69.202:9618?addrs=128.105.69.202-9618+[2607-f388-2200-100-1270-fdff-fe56-c3c4]-9618&alias=e4033.chtc.wisc.edu&noUDP&sock=startd_15782_b7c0>
	SlotName: slot1_41@e4033.chtc.wisc.edu
	CondorScratchDir = "/var/lib/condor/execute/slot1/dir_4089756"
	Cpus = 1
	Disk = 1208198
	IoHeavy = 0
	Memory = 4096
...
006 (14312691.041.000) 2023-09-11 12:00:43 Image size of job updated: 273160
	170  -  MemoryUsage of job (MB)
	173604  -  ResidentSetSize of job (KB)
...
040 (14312691.041.000) 2023-09-11 12:01:45 Started transferring output files
...
040 (14312691.041.000) 2023-09-11 12:01:45 Finished transferring output files
...
005 (14312691.041.000) 2023-09-11 12:01:45 Job terminated.
	(1) Normal termination (return value 0)
		Usr 0 00:01:07, Sys 0 00:00:00  -  Run Remote Usage
		Usr 0 00:00:00, Sys 0 00:00:00  -  Run Local Usage
		Usr 0 00:01:07, Sys 0 00:00:00  -  Total Remote Usage
		Usr 0 00:00:00, Sys 0 00:00:00  -  Total Local Usage
	132268  -  Run Bytes Sent By Job
	32664896  -  Run Bytes Received By Job
	132268  -  Total Bytes Sent By Job
	32664896  -  Total Bytes Received By Job
	Partitionable Resources :     Usage  Request Allocated 
	   Cpus                 :      0.99        1         1 
	   Disk (KB)            : 255042      524288   1208198 
	   IoHeavy              :                            0 
	   Memory (MB)          :    170        4096      4096 

	Job terminated of its own accord at 2023-09-11T17:01:45Z with exit-code 0.
...
