000 (13655293.396.000) 2023-09-05 00:33:11 Job submitted from host: <128.104.101.92:9618?addrs=128.104.101.92-9618+[2607-f388-107c-501-a236-9fff-fe3c-caa8]-9618&alias=submit2.chtc.wisc.edu&noUDP&sock=schedd_1879732_618e>
...
040 (13655293.396.000) 2023-09-05 00:54:24 Started transferring input files
	Transferring to host: <128.105.69.157:9618?addrs=128.105.69.157-9618+[2607-f388-2200-100-1270-fdff-fe56-c3a4]-9618&alias=e4090.chtc.wisc.edu&noUDP&sock=slot1_43_1363133_4360_49229>
...
040 (13655293.396.000) 2023-09-05 00:54:26 Finished transferring input files
...
001 (13655293.396.000) 2023-09-05 00:54:27 Job executing on host: <128.105.69.157:9618?addrs=128.105.69.157-9618+[2607-f388-2200-100-1270-fdff-fe56-c3a4]-9618&alias=e4090.chtc.wisc.edu&noUDP&sock=startd_18322_f24e>
	SlotName: slot1_43@e4090.chtc.wisc.edu
	CondorScratchDir = "/var/lib/condor/execute/slot1/dir_547468"
	Cpus = 1
	Disk = 1208198
	IoHeavy = 0
	Memory = 4096
...
006 (13655293.396.000) 2023-09-05 00:54:35 Image size of job updated: 577872
	565  -  MemoryUsage of job (MB)
	577868  -  ResidentSetSize of job (KB)
...
006 (13655293.396.000) 2023-09-05 00:59:35 Image size of job updated: 1141968
	1116  -  MemoryUsage of job (MB)
	1141968  -  ResidentSetSize of job (KB)
...
006 (13655293.396.000) 2023-09-05 01:04:36 Image size of job updated: 1267396
	1238  -  MemoryUsage of job (MB)
	1267392  -  ResidentSetSize of job (KB)
...
006 (13655293.396.000) 2023-09-05 01:14:37 Image size of job updated: 1289712
	1238  -  MemoryUsage of job (MB)
	1267392  -  ResidentSetSize of job (KB)
...
006 (13655293.396.000) 2023-09-05 23:41:48 Image size of job updated: 1409760
	1241  -  MemoryUsage of job (MB)
	1270408  -  ResidentSetSize of job (KB)
...
040 (13655293.396.000) 2023-09-05 23:42:08 Started transferring output files
...
040 (13655293.396.000) 2023-09-05 23:42:09 Finished transferring output files
...
005 (13655293.396.000) 2023-09-05 23:42:09 Job terminated.
	(1) Normal termination (return value 0)
		Usr 0 22:26:54, Sys 0 00:04:45  -  Run Remote Usage
		Usr 0 00:00:00, Sys 0 00:00:00  -  Run Local Usage
		Usr 0 22:26:54, Sys 0 00:04:45  -  Total Remote Usage
		Usr 0 00:00:00, Sys 0 00:00:00  -  Total Local Usage
	1309701  -  Run Bytes Sent By Job
	32652772  -  Run Bytes Received By Job
	1309701  -  Total Bytes Sent By Job
	32652772  -  Total Bytes Received By Job
	Partitionable Resources :     Usage  Request Allocated 
	   Cpus                 :      0.99        1         1 
	   Disk (KB)            : 274915      524288   1208198 
	   IoHeavy              :                            0 
	   Memory (MB)          :   1241        4096      4096 

	Job terminated of its own accord at 2023-09-06T04:42:08Z with exit-code 0.
...
