000 (13655293.058.000) 2023-09-05 00:33:11 Job submitted from host: <128.104.101.92:9618?addrs=128.104.101.92-9618+[2607-f388-107c-501-a236-9fff-fe3c-caa8]-9618&alias=submit2.chtc.wisc.edu&noUDP&sock=schedd_1879732_618e>
...
040 (13655293.058.000) 2023-09-05 00:36:11 Started transferring input files
	Transferring to host: <128.105.69.155:9618?addrs=128.105.69.155-9618+[2607-f388-2200-100-1270-fdff-fe56-476c]-9618&alias=e4088.chtc.wisc.edu&noUDP&sock=slot1_57_2192573_c721_68086>
...
040 (13655293.058.000) 2023-09-05 00:36:14 Finished transferring input files
...
001 (13655293.058.000) 2023-09-05 00:36:21 Job executing on host: <128.105.69.155:9618?addrs=128.105.69.155-9618+[2607-f388-2200-100-1270-fdff-fe56-476c]-9618&alias=e4088.chtc.wisc.edu&noUDP&sock=startd_18901_17a4>
	SlotName: slot1_57@e4088.chtc.wisc.edu
	CondorScratchDir = "/var/lib/condor/execute/slot1/dir_2106267"
	Cpus = 1
	Disk = 1208198
	IoHeavy = 0
	Memory = 4096
...
006 (13655293.058.000) 2023-09-05 00:36:29 Image size of job updated: 674248
	659  -  MemoryUsage of job (MB)
	674248  -  ResidentSetSize of job (KB)
...
006 (13655293.058.000) 2023-09-05 00:41:29 Image size of job updated: 1287124
	1054  -  MemoryUsage of job (MB)
	1078924  -  ResidentSetSize of job (KB)
...
006 (13655293.058.000) 2023-09-05 00:46:30 Image size of job updated: 1287124
	1072  -  MemoryUsage of job (MB)
	1096844  -  ResidentSetSize of job (KB)
...
006 (13655293.058.000) 2023-09-05 00:51:30 Image size of job updated: 1287124
	1081  -  MemoryUsage of job (MB)
	1106628  -  ResidentSetSize of job (KB)
...
006 (13655293.058.000) 2023-09-05 01:26:33 Image size of job updated: 1287124
	1096  -  MemoryUsage of job (MB)
	1122140  -  ResidentSetSize of job (KB)
...
006 (13655293.058.000) 2023-09-05 23:02:37 Image size of job updated: 1367648
	1096  -  MemoryUsage of job (MB)
	1122140  -  ResidentSetSize of job (KB)
...
040 (13655293.058.000) 2023-09-05 23:02:37 Started transferring output files
...
040 (13655293.058.000) 2023-09-05 23:02:37 Finished transferring output files
...
005 (13655293.058.000) 2023-09-05 23:02:37 Job terminated.
	(1) Normal termination (return value 0)
		Usr 0 21:56:53, Sys 0 00:04:34  -  Run Remote Usage
		Usr 0 00:00:00, Sys 0 00:00:00  -  Run Local Usage
		Usr 0 21:56:53, Sys 0 00:04:34  -  Total Remote Usage
		Usr 0 00:00:00, Sys 0 00:00:00  -  Total Local Usage
	1309564  -  Run Bytes Sent By Job
	32652772  -  Run Bytes Received By Job
	1309564  -  Total Bytes Sent By Job
	32652772  -  Total Bytes Received By Job
	Partitionable Resources :     Usage  Request Allocated 
	   Cpus                 :      0.99        1         1 
	   Disk (KB)            : 274900      524288   1208198 
	   IoHeavy              :                            0 
	   Memory (MB)          :   1096        4096      4096 

	Job terminated of its own accord at 2023-09-06T04:02:37Z with exit-code 0.
...
