000 (13655293.372.000) 2023-09-05 00:33:11 Job submitted from host: <128.104.101.92:9618?addrs=128.104.101.92-9618+[2607-f388-107c-501-a236-9fff-fe3c-caa8]-9618&alias=submit2.chtc.wisc.edu&noUDP&sock=schedd_1879732_618e>
...
040 (13655293.372.000) 2023-09-05 00:56:06 Started transferring input files
	Transferring to host: <128.105.69.224:9618?addrs=128.105.69.224-9618+[2607-f388-2200-100-eaeb-d3ff-fe40-1574]-9618&alias=e2607.chtc.wisc.edu&noUDP&sock=slot1_104_1087982_7e0c_42330>
...
001 (13655293.372.000) 2023-09-05 00:56:34 Job executing on host: <128.105.69.224:9618?addrs=128.105.69.224-9618+[2607-f388-2200-100-eaeb-d3ff-fe40-1574]-9618&alias=e2607.chtc.wisc.edu&noUDP&sock=startd_11673_491a>
	SlotName: slot1_104@e2607.chtc.wisc.edu
	CondorScratchDir = "/var/lib/condor/execute/slot1/dir_2382900"
	Cpus = 1
	Disk = 1458998
	IoHeavy = 0
	Memory = 4096
...
040 (13655293.372.000) 2023-09-05 00:56:34 Finished transferring input files
...
006 (13655293.372.000) 2023-09-05 00:56:42 Image size of job updated: 671848
	657  -  MemoryUsage of job (MB)
	671848  -  ResidentSetSize of job (KB)
...
006 (13655293.372.000) 2023-09-05 01:01:43 Image size of job updated: 1283368
	1057  -  MemoryUsage of job (MB)
	1081388  -  ResidentSetSize of job (KB)
...
006 (13655293.372.000) 2023-09-05 01:06:43 Image size of job updated: 1283368
	1068  -  MemoryUsage of job (MB)
	1093340  -  ResidentSetSize of job (KB)
...
006 (13655293.372.000) 2023-09-05 01:11:48 Image size of job updated: 1283368
	1070  -  MemoryUsage of job (MB)
	1095132  -  ResidentSetSize of job (KB)
...
006 (13655293.372.000) 2023-09-05 01:16:45 Image size of job updated: 1283368
	1082  -  MemoryUsage of job (MB)
	1107668  -  ResidentSetSize of job (KB)
...
006 (13655293.372.000) 2023-09-05 01:31:47 Image size of job updated: 1283368
	1083  -  MemoryUsage of job (MB)
	1108072  -  ResidentSetSize of job (KB)
...
006 (13655293.372.000) 2023-09-05 01:46:49 Image size of job updated: 1283368
	1093  -  MemoryUsage of job (MB)
	1119184  -  ResidentSetSize of job (KB)
...
006 (13655293.372.000) 2023-09-05 23:17:53 Image size of job updated: 1382628
	1093  -  MemoryUsage of job (MB)
	1119184  -  ResidentSetSize of job (KB)
...
040 (13655293.372.000) 2023-09-05 23:17:53 Started transferring output files
...
040 (13655293.372.000) 2023-09-05 23:17:53 Finished transferring output files
...
005 (13655293.372.000) 2023-09-05 23:17:53 Job terminated.
	(1) Normal termination (return value 0)
		Usr 0 22:00:20, Sys 0 00:03:06  -  Run Remote Usage
		Usr 0 00:00:00, Sys 0 00:00:00  -  Run Local Usage
		Usr 0 22:00:20, Sys 0 00:03:06  -  Total Remote Usage
		Usr 0 00:00:00, Sys 0 00:00:00  -  Total Local Usage
	1309433  -  Run Bytes Sent By Job
	32652772  -  Run Bytes Received By Job
	1309433  -  Total Bytes Sent By Job
	32652772  -  Total Bytes Received By Job
	Partitionable Resources :     Usage  Request Allocated 
	   Cpus                 :      0.99        1         1 
	   Disk (KB)            : 274886      524288   1458998 
	   IoHeavy              :                            0 
	   Memory (MB)          :   1093        4096      4096 

	Job terminated of its own accord at 2023-09-06T04:17:53Z with exit-code 0.
...
