000 (14312691.022.000) 2023-09-11 11:54:06 Job submitted from host: <128.104.101.92:9618?addrs=128.104.101.92-9618+[2607-f388-107c-501-a236-9fff-fe3c-caa8]-9618&alias=submit2.chtc.wisc.edu&noUDP&sock=schedd_1879732_618e>
...
040 (14312691.022.000) 2023-09-11 12:00:24 Started transferring input files
	Transferring to host: <128.105.69.114:9618?addrs=128.105.69.114-9618+[2607-f388-2200-100-1270-fdff-fe56-470c]-9618&alias=e4063.chtc.wisc.edu&noUDP&sock=slot1_14_3865253_27d4_104084>
...
040 (14312691.022.000) 2023-09-11 12:00:28 Finished transferring input files
...
001 (14312691.022.000) 2023-09-11 12:00:31 Job executing on host: <128.105.69.114:9618?addrs=128.105.69.114-9618+[2607-f388-2200-100-1270-fdff-fe56-470c]-9618&alias=e4063.chtc.wisc.edu&noUDP&sock=startd_18888_2ce9>
	SlotName: slot1_14@e4063.chtc.wisc.edu
	CondorScratchDir = "/var/lib/condor/execute/slot1/dir_1541209"
	Cpus = 1
	Disk = 1208198
	IoHeavy = 0
	Memory = 4096
...
006 (14312691.022.000) 2023-09-11 12:00:40 Image size of job updated: 273132
	166  -  MemoryUsage of job (MB)
	169864  -  ResidentSetSize of job (KB)
...
040 (14312691.022.000) 2023-09-11 12:03:33 Started transferring output files
...
040 (14312691.022.000) 2023-09-11 12:03:33 Finished transferring output files
...
005 (14312691.022.000) 2023-09-11 12:03:34 Job terminated.
	(1) Normal termination (return value 0)
		Usr 0 00:02:57, Sys 0 00:00:01  -  Run Remote Usage
		Usr 0 00:00:00, Sys 0 00:00:00  -  Run Local Usage
		Usr 0 00:02:57, Sys 0 00:00:01  -  Total Remote Usage
		Usr 0 00:00:00, Sys 0 00:00:00  -  Total Local Usage
	178129  -  Run Bytes Sent By Job
	32664896  -  Run Bytes Received By Job
	178129  -  Total Bytes Sent By Job
	32664896  -  Total Bytes Received By Job
	Partitionable Resources :     Usage  Request Allocated 
	   Cpus                 :      1.00        1         1 
	   Disk (KB)            : 255087      524288   1208198 
	   IoHeavy              :                            0 
	   Memory (MB)          :    166        4096      4096 

	Job terminated of its own accord at 2023-09-11T17:03:33Z with exit-code 0.
...
