000 (13648508.022.000) 2023-09-04 23:50:03 Job submitted from host: <128.104.101.92:9618?addrs=128.104.101.92-9618+[2607-f388-107c-501-a236-9fff-fe3c-caa8]-9618&alias=submit2.chtc.wisc.edu&noUDP&sock=schedd_1879732_618e>
...
040 (13648508.022.000) 2023-09-04 23:59:24 Started transferring input files
	Transferring to host: <128.105.69.216:9618?addrs=128.105.69.216-9618&alias=e2599.chtc.wisc.edu&noUDP&sock=slot1_55_2943992_709e_39410>
...
040 (13648508.022.000) 2023-09-04 23:59:27 Finished transferring input files
...
001 (13648508.022.000) 2023-09-04 23:59:28 Job executing on host: <128.105.69.216:9618?addrs=128.105.69.216-9618&alias=e2599.chtc.wisc.edu&noUDP&sock=startd_18846_5def>
	SlotName: slot1_55@e2599.chtc.wisc.edu
	CondorScratchDir = "/var/lib/condor/execute/slot1/dir_351966"
	Cpus = 1
	Disk = 749021
	IoHeavy = 0
	Memory = 4096
...
006 (13648508.022.000) 2023-09-04 23:59:37 Image size of job updated: 380340
	280  -  MemoryUsage of job (MB)
	286408  -  ResidentSetSize of job (KB)
...
006 (13648508.022.000) 2023-09-05 00:04:38 Image size of job updated: 380340
	281  -  MemoryUsage of job (MB)
	287412  -  ResidentSetSize of job (KB)
...
040 (13648508.022.000) 2023-09-05 00:04:46 Started transferring output files
...
040 (13648508.022.000) 2023-09-05 00:04:46 Finished transferring output files
...
005 (13648508.022.000) 2023-09-05 00:04:46 Job terminated.
	(1) Normal termination (return value 0)
		Usr 0 00:05:12, Sys 0 00:00:01  -  Run Remote Usage
		Usr 0 00:00:00, Sys 0 00:00:00  -  Run Local Usage
		Usr 0 00:05:12, Sys 0 00:00:01  -  Total Remote Usage
		Usr 0 00:00:00, Sys 0 00:00:00  -  Total Local Usage
	30679  -  Run Bytes Sent By Job
	32665120  -  Run Bytes Received By Job
	30679  -  Total Bytes Sent By Job
	32665120  -  Total Bytes Received By Job
	Partitionable Resources :     Usage  Request Allocated 
	   Cpus                 :      0.99        1         1 
	   Disk (KB)            : 254943      524288    749021 
	   IoHeavy              :                            0 
	   Memory (MB)          :    281        4096      4096 

	Job terminated of its own accord at 2023-09-05T05:04:46Z with exit-code 0.
...
