000 (14269004.047.000) 2023-09-11 03:23:01 Job submitted from host: <128.104.101.92:9618?addrs=128.104.101.92-9618+[2607-f388-107c-501-a236-9fff-fe3c-caa8]-9618&alias=submit2.chtc.wisc.edu&noUDP&sock=schedd_1879732_618e>
...
040 (14269004.047.000) 2023-09-11 03:27:34 Started transferring input files
	Transferring to host: <128.105.69.153:9618?addrs=128.105.69.153-9618+[2607-f388-2200-100-1270-fdff-fe56-45dc]-9618&alias=e4086.chtc.wisc.edu&noUDP&sock=slot1_197_3657377_b54f_94192>
...
040 (14269004.047.000) 2023-09-11 03:27:37 Finished transferring input files
...
001 (14269004.047.000) 2023-09-11 03:27:38 Job executing on host: <128.105.69.153:9618?addrs=128.105.69.153-9618+[2607-f388-2200-100-1270-fdff-fe56-45dc]-9618&alias=e4086.chtc.wisc.edu&noUDP&sock=startd_17329_d4c3>
	SlotName: slot1_197@e4086.chtc.wisc.edu
	CondorScratchDir = "/var/lib/condor/execute/slot1/dir_3672696"
	Cpus = 1
	Disk = 1208198
	IoHeavy = 0
	Memory = 4096
...
006 (14269004.047.000) 2023-09-11 03:27:47 Image size of job updated: 379536
	185  -  MemoryUsage of job (MB)
	189032  -  ResidentSetSize of job (KB)
...
006 (14269004.047.000) 2023-09-11 03:29:00 Image size of job updated: 379536
	191  -  MemoryUsage of job (MB)
	195548  -  ResidentSetSize of job (KB)
...
040 (14269004.047.000) 2023-09-11 03:29:00 Started transferring output files
...
040 (14269004.047.000) 2023-09-11 03:29:00 Finished transferring output files
...
005 (14269004.047.000) 2023-09-11 03:29:00 Job terminated.
	(1) Normal termination (return value 0)
		Usr 0 00:01:17, Sys 0 00:00:02  -  Run Remote Usage
		Usr 0 00:00:00, Sys 0 00:00:00  -  Run Local Usage
		Usr 0 00:01:17, Sys 0 00:00:02  -  Total Remote Usage
		Usr 0 00:00:00, Sys 0 00:00:00  -  Total Local Usage
	96234  -  Run Bytes Sent By Job
	32664898  -  Run Bytes Received By Job
	96234  -  Total Bytes Sent By Job
	32664898  -  Total Bytes Received By Job
	Partitionable Resources :     Usage  Request Allocated 
	   Cpus                 :      0.99        1         1 
	   Disk (KB)            : 255007      524288   1208198 
	   IoHeavy              :                            0 
	   Memory (MB)          :    191        4096      4096 

	Job terminated of its own accord at 2023-09-11T08:29:00Z with exit-code 0.
...
