000 (14312692.062.000) 2023-09-11 11:54:29 Job submitted from host: <128.104.101.92:9618?addrs=128.104.101.92-9618+[2607-f388-107c-501-a236-9fff-fe3c-caa8]-9618&alias=submit2.chtc.wisc.edu&noUDP&sock=schedd_1879732_618e>
...
040 (14312692.062.000) 2023-09-11 12:01:50 Started transferring input files
	Transferring to host: <128.105.69.173:9618?addrs=128.105.69.173-9618+[2607-f388-2200-100-1270-fdff-fe56-6fbc]-9618&alias=e2556.chtc.wisc.edu&noUDP&sock=slot1_79_3169694_eab8_82046>
...
040 (14312692.062.000) 2023-09-11 12:01:51 Finished transferring input files
...
001 (14312692.062.000) 2023-09-11 12:01:52 Job executing on host: <128.105.69.173:9618?addrs=128.105.69.173-9618+[2607-f388-2200-100-1270-fdff-fe56-6fbc]-9618&alias=e2556.chtc.wisc.edu&noUDP&sock=startd_13671_bf53>
	SlotName: slot1_79@e2556.chtc.wisc.edu
	CondorScratchDir = "/var/lib/condor/execute/slot1/dir_2677005"
	Cpus = 1
	Disk = 1208198
	IoHeavy = 0
	Memory = 4096
...
006 (14312692.062.000) 2023-09-11 12:02:01 Image size of job updated: 714504
	698  -  MemoryUsage of job (MB)
	714504  -  ResidentSetSize of job (KB)
...
006 (14312692.062.000) 2023-09-11 12:03:12 Image size of job updated: 809844
	699  -  MemoryUsage of job (MB)
	715528  -  ResidentSetSize of job (KB)
...
040 (14312692.062.000) 2023-09-11 12:03:12 Started transferring output files
...
040 (14312692.062.000) 2023-09-11 12:03:12 Finished transferring output files
...
005 (14312692.062.000) 2023-09-11 12:03:12 Job terminated.
	(1) Normal termination (return value 0)
		Usr 0 00:01:13, Sys 0 00:00:03  -  Run Remote Usage
		Usr 0 00:00:00, Sys 0 00:00:00  -  Run Local Usage
		Usr 0 00:01:13, Sys 0 00:00:03  -  Total Remote Usage
		Usr 0 00:00:00, Sys 0 00:00:00  -  Total Local Usage
	98207  -  Run Bytes Sent By Job
	32720412  -  Run Bytes Received By Job
	98207  -  Total Bytes Sent By Job
	32720412  -  Total Bytes Received By Job
	Partitionable Resources :    Usage  Request Allocated 
	   Cpus                 :                 1         1 
	   Disk (KB)            :   261256   524288   1208198 
	   IoHeavy              :                           0 
	   Memory (MB)          :      699     4096      4096 

	Job terminated of its own accord at 2023-09-11T17:03:12Z with exit-code 0.
...
