000 (13655293.361.000) 2023-09-05 00:33:11 Job submitted from host: <128.104.101.92:9618?addrs=128.104.101.92-9618+[2607-f388-107c-501-a236-9fff-fe3c-caa8]-9618&alias=submit2.chtc.wisc.edu&noUDP&sock=schedd_1879732_618e>
...
040 (13655293.361.000) 2023-09-05 00:54:06 Started transferring input files
	Transferring to host: <128.105.69.137:9618?addrs=128.105.69.137-9618+[2607-f388-2200-100-1270-fdff-fe56-d12c]-9618&alias=e4014.chtc.wisc.edu&noUDP&sock=slot1_85_1985361_2db7_52065>
...
040 (13655293.361.000) 2023-09-05 00:54:08 Finished transferring input files
...
001 (13655293.361.000) 2023-09-05 00:54:10 Job executing on host: <128.105.69.137:9618?addrs=128.105.69.137-9618+[2607-f388-2200-100-1270-fdff-fe56-d12c]-9618&alias=e4014.chtc.wisc.edu&noUDP&sock=startd_15862_9754>
	SlotName: slot1_85@e4014.chtc.wisc.edu
	CondorScratchDir = "/var/lib/condor/execute/slot1/dir_4086785"
	Cpus = 1
	Disk = 1208198
	IoHeavy = 0
	Memory = 4096
...
006 (13655293.361.000) 2023-09-05 00:54:18 Image size of job updated: 664612
	650  -  MemoryUsage of job (MB)
	664612  -  ResidentSetSize of job (KB)
...
006 (13655293.361.000) 2023-09-05 00:59:18 Image size of job updated: 962684
	941  -  MemoryUsage of job (MB)
	962684  -  ResidentSetSize of job (KB)
...
006 (13655293.361.000) 2023-09-05 01:04:19 Image size of job updated: 1236788
	1203  -  MemoryUsage of job (MB)
	1231788  -  ResidentSetSize of job (KB)
...
006 (13655293.361.000) 2023-09-05 01:09:19 Image size of job updated: 1266924
	1238  -  MemoryUsage of job (MB)
	1266900  -  ResidentSetSize of job (KB)
...
006 (13655293.361.000) 2023-09-05 01:14:20 Image size of job updated: 1280456
	1238  -  MemoryUsage of job (MB)
	1266900  -  ResidentSetSize of job (KB)
...
006 (13655293.361.000) 2023-09-06 02:31:17 Image size of job updated: 1411996
	1238  -  MemoryUsage of job (MB)
	1266900  -  ResidentSetSize of job (KB)
...
040 (13655293.361.000) 2023-09-06 02:31:17 Started transferring output files
...
040 (13655293.361.000) 2023-09-06 02:31:17 Finished transferring output files
...
005 (13655293.361.000) 2023-09-06 02:31:18 Job terminated.
	(1) Normal termination (return value 0)
		Usr 1 01:12:00, Sys 0 00:03:53  -  Run Remote Usage
		Usr 0 00:00:00, Sys 0 00:00:00  -  Run Local Usage
		Usr 1 01:12:00, Sys 0 00:03:53  -  Total Remote Usage
		Usr 0 00:00:00, Sys 0 00:00:00  -  Total Local Usage
	1309429  -  Run Bytes Sent By Job
	32652772  -  Run Bytes Received By Job
	1309429  -  Total Bytes Sent By Job
	32652772  -  Total Bytes Received By Job
	Partitionable Resources :     Usage  Request Allocated 
	   Cpus                 :      0.99        1         1 
	   Disk (KB)            : 274886      524288   1208198 
	   IoHeavy              :                            0 
	   Memory (MB)          :   1238        4096      4096 

	Job terminated of its own accord at 2023-09-06T07:31:17Z with exit-code 0.
...
