000 (13655293.421.000) 2023-09-05 00:33:11 Job submitted from host: <128.104.101.92:9618?addrs=128.104.101.92-9618+[2607-f388-107c-501-a236-9fff-fe3c-caa8]-9618&alias=submit2.chtc.wisc.edu&noUDP&sock=schedd_1879732_618e>
...
040 (13655293.421.000) 2023-09-05 00:56:09 Started transferring input files
	Transferring to host: <128.105.69.99:9618?addrs=128.105.69.99-9618+[2607-f388-2200-100-1270-fdff-fe56-7674]-9618&alias=e4010.chtc.wisc.edu&noUDP&sock=slot1_23_3658121_ec6d_55436>
...
001 (13655293.421.000) 2023-09-05 00:56:52 Job executing on host: <128.105.69.99:9618?addrs=128.105.69.99-9618+[2607-f388-2200-100-1270-fdff-fe56-7674]-9618&alias=e4010.chtc.wisc.edu&noUDP&sock=startd_15877_e140>
	SlotName: slot1_23@e4010.chtc.wisc.edu
	CondorScratchDir = "/var/lib/condor/execute/slot1/dir_3384174"
	Cpus = 1
	Disk = 1208198
	IoHeavy = 0
	Memory = 4096
...
040 (13655293.421.000) 2023-09-05 00:56:52 Finished transferring input files
...
006 (13655293.421.000) 2023-09-05 00:57:01 Image size of job updated: 576008
	563  -  MemoryUsage of job (MB)
	576008  -  ResidentSetSize of job (KB)
...
006 (13655293.421.000) 2023-09-05 01:02:02 Image size of job updated: 1161876
	1135  -  MemoryUsage of job (MB)
	1161660  -  ResidentSetSize of job (KB)
...
006 (13655293.421.000) 2023-09-05 01:07:02 Image size of job updated: 1177008
	1135  -  MemoryUsage of job (MB)
	1161660  -  ResidentSetSize of job (KB)
...
006 (13655293.421.000) 2023-09-05 23:10:46 Image size of job updated: 1304536
	1135  -  MemoryUsage of job (MB)
	1161660  -  ResidentSetSize of job (KB)
...
040 (13655293.421.000) 2023-09-05 23:10:46 Started transferring output files
...
040 (13655293.421.000) 2023-09-05 23:10:46 Finished transferring output files
...
005 (13655293.421.000) 2023-09-05 23:10:46 Job terminated.
	(1) Normal termination (return value 0)
		Usr 0 21:46:59, Sys 0 00:03:50  -  Run Remote Usage
		Usr 0 00:00:00, Sys 0 00:00:00  -  Run Local Usage
		Usr 0 21:46:59, Sys 0 00:03:50  -  Total Remote Usage
		Usr 0 00:00:00, Sys 0 00:00:00  -  Total Local Usage
	1309572  -  Run Bytes Sent By Job
	32652772  -  Run Bytes Received By Job
	1309572  -  Total Bytes Sent By Job
	32652772  -  Total Bytes Received By Job
	Partitionable Resources :     Usage  Request Allocated 
	   Cpus                 :      1.00        1         1 
	   Disk (KB)            : 274904      524288   1208198 
	   IoHeavy              :                            0 
	   Memory (MB)          :   1135        4096      4096 

	Job terminated of its own accord at 2023-09-06T04:10:46Z with exit-code 0.
...
