000 (13655293.129.000) 2023-09-05 00:33:11 Job submitted from host: <128.104.101.92:9618?addrs=128.104.101.92-9618+[2607-f388-107c-501-a236-9fff-fe3c-caa8]-9618&alias=submit2.chtc.wisc.edu&noUDP&sock=schedd_1879732_618e>
...
040 (13655293.129.000) 2023-09-05 00:36:27 Started transferring input files
	Transferring to host: <128.105.69.189:9618?addrs=128.105.69.189-9618+[2607-f388-2200-100-1270-fdff-fe56-644c]-9618&alias=e4042.chtc.wisc.edu&noUDP&sock=slot1_99_3770169_e03a_55809>
...
001 (13655293.129.000) 2023-09-05 00:36:37 Job executing on host: <128.105.69.189:9618?addrs=128.105.69.189-9618+[2607-f388-2200-100-1270-fdff-fe56-644c]-9618&alias=e4042.chtc.wisc.edu&noUDP&sock=startd_15959_2004>
	SlotName: slot1_99@e4042.chtc.wisc.edu
	CondorScratchDir = "/var/lib/condor/execute/slot1/dir_3475095"
	Cpus = 1
	Disk = 1208198
	IoHeavy = 0
	Memory = 4096
...
040 (13655293.129.000) 2023-09-05 00:36:37 Finished transferring input files
...
006 (13655293.129.000) 2023-09-05 00:36:45 Image size of job updated: 587948
	575  -  MemoryUsage of job (MB)
	587948  -  ResidentSetSize of job (KB)
...
006 (13655293.129.000) 2023-09-05 00:41:45 Image size of job updated: 1176428
	943  -  MemoryUsage of job (MB)
	965156  -  ResidentSetSize of job (KB)
...
006 (13655293.129.000) 2023-09-05 00:46:46 Image size of job updated: 1176428
	970  -  MemoryUsage of job (MB)
	993204  -  ResidentSetSize of job (KB)
...
006 (13655293.129.000) 2023-09-05 00:56:47 Image size of job updated: 1176428
	974  -  MemoryUsage of job (MB)
	997044  -  ResidentSetSize of job (KB)
...
006 (13655293.129.000) 2023-09-05 01:11:48 Image size of job updated: 1176428
	979  -  MemoryUsage of job (MB)
	1002120  -  ResidentSetSize of job (KB)
...
006 (13655293.129.000) 2023-09-05 01:56:53 Image size of job updated: 1176428
	986  -  MemoryUsage of job (MB)
	1009544  -  ResidentSetSize of job (KB)
...
006 (13655293.129.000) 2023-09-06 01:13:52 Image size of job updated: 1282840
	986  -  MemoryUsage of job (MB)
	1009544  -  ResidentSetSize of job (KB)
...
040 (13655293.129.000) 2023-09-06 01:13:52 Started transferring output files
...
040 (13655293.129.000) 2023-09-06 01:13:52 Finished transferring output files
...
005 (13655293.129.000) 2023-09-06 01:13:52 Job terminated.
	(1) Normal termination (return value 0)
		Usr 1 00:10:53, Sys 0 00:04:45  -  Run Remote Usage
		Usr 0 00:00:00, Sys 0 00:00:00  -  Run Local Usage
		Usr 1 00:10:53, Sys 0 00:04:45  -  Total Remote Usage
		Usr 0 00:00:00, Sys 0 00:00:00  -  Total Local Usage
	1309776  -  Run Bytes Sent By Job
	32652772  -  Run Bytes Received By Job
	1309776  -  Total Bytes Sent By Job
	32652772  -  Total Bytes Received By Job
	Partitionable Resources :     Usage  Request Allocated 
	   Cpus                 :      0.99        1         1 
	   Disk (KB)            : 274887      524288   1208198 
	   IoHeavy              :                            0 
	   Memory (MB)          :    986        4096      4096 

	Job terminated of its own accord at 2023-09-06T06:13:52Z with exit-code 0.
...
