000 (13654438.019.000) 2023-09-05 00:29:54 Job submitted from host: <128.104.101.92:9618?addrs=128.104.101.92-9618+[2607-f388-107c-501-a236-9fff-fe3c-caa8]-9618&alias=submit2.chtc.wisc.edu&noUDP&sock=schedd_1879732_618e>
...
040 (13654438.019.000) 2023-09-05 00:30:39 Started transferring input files
	Transferring to host: <128.105.69.224:9618?addrs=128.105.69.224-9618+[2607-f388-2200-100-eaeb-d3ff-fe40-1574]-9618&alias=e2607.chtc.wisc.edu&noUDP&sock=slot1_55_1087982_7e0c_42198>
...
040 (13654438.019.000) 2023-09-05 00:30:41 Finished transferring input files
...
001 (13654438.019.000) 2023-09-05 00:30:42 Job executing on host: <128.105.69.224:9618?addrs=128.105.69.224-9618+[2607-f388-2200-100-eaeb-d3ff-fe40-1574]-9618&alias=e2607.chtc.wisc.edu&noUDP&sock=startd_11673_491a>
	SlotName: slot1_55@e2607.chtc.wisc.edu
	CondorScratchDir = "/var/lib/condor/execute/slot1/dir_2303895"
	Cpus = 1
	Disk = 1458998
	IoHeavy = 0
	Memory = 4096
...
006 (13654438.019.000) 2023-09-05 00:30:51 Image size of job updated: 702528
	687  -  MemoryUsage of job (MB)
	702528  -  ResidentSetSize of job (KB)
...
006 (13654438.019.000) 2023-09-05 00:30:56 Image size of job updated: 782904
	765  -  MemoryUsage of job (MB)
	782904  -  ResidentSetSize of job (KB)
...
004 (13654438.019.000) 2023-09-05 00:30:56 Job was evicted.
	(0) CPU times
		Usr 0 00:00:11, Sys 0 00:00:00  -  Run Remote Usage
		Usr 0 00:00:00, Sys 0 00:00:00  -  Run Local Usage
	0  -  Run Bytes Sent By Job
	32651174  -  Run Bytes Received By Job
	Partitionable Resources :    Usage  Request Allocated 
	   Cpus                 :                 1         1 
	   Disk (KB)            :   261253   524288   1458998 
	   IoHeavy              :                           0 
	   Memory (MB)          :      765     4096      4096 
...
009 (13654438.019.000) 2023-09-05 00:30:56 Job was aborted.
	via condor_rm (by user mzheng54)
...
