000 (13655293.287.000) 2023-09-05 00:33:11 Job submitted from host: <128.104.101.92:9618?addrs=128.104.101.92-9618+[2607-f388-107c-501-a236-9fff-fe3c-caa8]-9618&alias=submit2.chtc.wisc.edu&noUDP&sock=schedd_1879732_618e>
...
040 (13655293.287.000) 2023-09-05 00:51:29 Started transferring input files
	Transferring to host: <128.105.69.155:9618?addrs=128.105.69.155-9618+[2607-f388-2200-100-1270-fdff-fe56-476c]-9618&alias=e4088.chtc.wisc.edu&noUDP&sock=slot1_36_2192573_c721_68146>
...
040 (13655293.287.000) 2023-09-05 00:51:31 Finished transferring input files
...
001 (13655293.287.000) 2023-09-05 00:51:32 Job executing on host: <128.105.69.155:9618?addrs=128.105.69.155-9618+[2607-f388-2200-100-1270-fdff-fe56-476c]-9618&alias=e4088.chtc.wisc.edu&noUDP&sock=startd_18901_17a4>
	SlotName: slot1_36@e4088.chtc.wisc.edu
	CondorScratchDir = "/var/lib/condor/execute/slot1/dir_2156755"
	Cpus = 1
	Disk = 1208198
	IoHeavy = 0
	Memory = 4096
...
006 (13655293.287.000) 2023-09-05 00:51:41 Image size of job updated: 701480
	686  -  MemoryUsage of job (MB)
	701480  -  ResidentSetSize of job (KB)
...
006 (13655293.287.000) 2023-09-05 00:56:42 Image size of job updated: 1286896
	1062  -  MemoryUsage of job (MB)
	1086632  -  ResidentSetSize of job (KB)
...
006 (13655293.287.000) 2023-09-05 01:01:42 Image size of job updated: 1286896
	1082  -  MemoryUsage of job (MB)
	1107492  -  ResidentSetSize of job (KB)
...
006 (13655293.287.000) 2023-09-05 01:11:43 Image size of job updated: 1286896
	1082  -  MemoryUsage of job (MB)
	1107964  -  ResidentSetSize of job (KB)
...
006 (13655293.287.000) 2023-09-05 01:31:45 Image size of job updated: 1286896
	1086  -  MemoryUsage of job (MB)
	1111556  -  ResidentSetSize of job (KB)
...
006 (13655293.287.000) 2023-09-05 02:41:52 Image size of job updated: 1286896
	1088  -  MemoryUsage of job (MB)
	1113588  -  ResidentSetSize of job (KB)
...
006 (13655293.287.000) 2023-09-05 04:12:02 Image size of job updated: 1286896
	1088  -  MemoryUsage of job (MB)
	1113640  -  ResidentSetSize of job (KB)
...
006 (13655293.287.000) 2023-09-05 23:53:06 Image size of job updated: 1415576
	1088  -  MemoryUsage of job (MB)
	1113640  -  ResidentSetSize of job (KB)
...
040 (13655293.287.000) 2023-09-05 23:53:06 Started transferring output files
...
040 (13655293.287.000) 2023-09-05 23:53:07 Finished transferring output files
...
005 (13655293.287.000) 2023-09-05 23:53:08 Job terminated.
	(1) Normal termination (return value 0)
		Usr 0 22:33:16, Sys 0 00:04:21  -  Run Remote Usage
		Usr 0 00:00:00, Sys 0 00:00:00  -  Run Local Usage
		Usr 0 22:33:16, Sys 0 00:04:21  -  Total Remote Usage
		Usr 0 00:00:00, Sys 0 00:00:00  -  Total Local Usage
	1309404  -  Run Bytes Sent By Job
	32652772  -  Run Bytes Received By Job
	1309404  -  Total Bytes Sent By Job
	32652772  -  Total Bytes Received By Job
	Partitionable Resources :     Usage  Request Allocated 
	   Cpus                 :      0.98        1         1 
	   Disk (KB)            : 274892      524288   1208198 
	   IoHeavy              :                            0 
	   Memory (MB)          :   1088        4096      4096 

	Job terminated of its own accord at 2023-09-06T04:53:06Z with exit-code 0.
...
