000 (13655293.301.000) 2023-09-05 00:33:11 Job submitted from host: <128.104.101.92:9618?addrs=128.104.101.92-9618+[2607-f388-107c-501-a236-9fff-fe3c-caa8]-9618&alias=submit2.chtc.wisc.edu&noUDP&sock=schedd_1879732_618e>
...
040 (13655293.301.000) 2023-09-05 00:51:29 Started transferring input files
	Transferring to host: <128.105.69.193:9618?addrs=128.105.69.193-9618+[2607-f388-2200-100-1270-fdff-fe56-4604]-9618&alias=e4046.chtc.wisc.edu&noUDP&sock=slot1_34_159427_7e6c_56697>
...
040 (13655293.301.000) 2023-09-05 00:51:31 Finished transferring input files
...
001 (13655293.301.000) 2023-09-05 00:51:32 Job executing on host: <128.105.69.193:9618?addrs=128.105.69.193-9618+[2607-f388-2200-100-1270-fdff-fe56-4604]-9618&alias=e4046.chtc.wisc.edu&noUDP&sock=startd_22767_d8c7>
	SlotName: slot1_34@e4046.chtc.wisc.edu
	CondorScratchDir = "/var/lib/condor/execute/slot1/dir_2892566"
	Cpus = 1
	Disk = 1208198
	IoHeavy = 0
	Memory = 4096
...
006 (13655293.301.000) 2023-09-05 00:51:41 Image size of job updated: 667140
	652  -  MemoryUsage of job (MB)
	667140  -  ResidentSetSize of job (KB)
...
006 (13655293.301.000) 2023-09-05 00:56:42 Image size of job updated: 1179856
	958  -  MemoryUsage of job (MB)
	980504  -  ResidentSetSize of job (KB)
...
006 (13655293.301.000) 2023-09-05 01:01:42 Image size of job updated: 1179856
	975  -  MemoryUsage of job (MB)
	997408  -  ResidentSetSize of job (KB)
...
006 (13655293.301.000) 2023-09-05 01:06:42 Image size of job updated: 1179856
	977  -  MemoryUsage of job (MB)
	999960  -  ResidentSetSize of job (KB)
...
006 (13655293.301.000) 2023-09-05 01:21:43 Image size of job updated: 1179856
	977  -  MemoryUsage of job (MB)
	1000344  -  ResidentSetSize of job (KB)
...
006 (13655293.301.000) 2023-09-05 01:26:43 Image size of job updated: 1179856
	979  -  MemoryUsage of job (MB)
	1002136  -  ResidentSetSize of job (KB)
...
006 (13655293.301.000) 2023-09-05 02:11:50 Image size of job updated: 1179856
	982  -  MemoryUsage of job (MB)
	1004640  -  ResidentSetSize of job (KB)
...
006 (13655293.301.000) 2023-09-05 21:15:26 Image size of job updated: 1312372
	982  -  MemoryUsage of job (MB)
	1004640  -  ResidentSetSize of job (KB)
...
040 (13655293.301.000) 2023-09-05 21:15:26 Started transferring output files
...
040 (13655293.301.000) 2023-09-05 21:15:26 Finished transferring output files
...
005 (13655293.301.000) 2023-09-05 21:15:26 Job terminated.
	(1) Normal termination (return value 0)
		Usr 0 20:05:44, Sys 0 00:03:25  -  Run Remote Usage
		Usr 0 00:00:00, Sys 0 00:00:00  -  Run Local Usage
		Usr 0 20:05:44, Sys 0 00:03:25  -  Total Remote Usage
		Usr 0 00:00:00, Sys 0 00:00:00  -  Total Local Usage
	1309390  -  Run Bytes Sent By Job
	32652772  -  Run Bytes Received By Job
	1309390  -  Total Bytes Sent By Job
	32652772  -  Total Bytes Received By Job
	Partitionable Resources :     Usage  Request Allocated 
	   Cpus                 :      0.99        1         1 
	   Disk (KB)            : 274911      524288   1208198 
	   IoHeavy              :                            0 
	   Memory (MB)          :    982        4096      4096 

	Job terminated of its own accord at 2023-09-06T02:15:26Z with exit-code 0.
...
