000 (13655293.422.000) 2023-09-05 00:33:11 Job submitted from host: <128.104.101.92:9618?addrs=128.104.101.92-9618+[2607-f388-107c-501-a236-9fff-fe3c-caa8]-9618&alias=submit2.chtc.wisc.edu&noUDP&sock=schedd_1879732_618e>
...
040 (13655293.422.000) 2023-09-05 00:56:11 Started transferring input files
	Transferring to host: <128.105.69.123:9618?addrs=128.105.69.123-9618+[2607-f388-2200-100-1270-fdff-fe56-7324]-9618&alias=e4072.chtc.wisc.edu&noUDP&sock=slot1_39_22980_3d20_12206>
...
001 (13655293.422.000) 2023-09-05 00:56:39 Job executing on host: <128.105.69.123:9618?addrs=128.105.69.123-9618+[2607-f388-2200-100-1270-fdff-fe56-7324]-9618&alias=e4072.chtc.wisc.edu&noUDP&sock=startd_22844_a992>
	SlotName: slot1_39@e4072.chtc.wisc.edu
	CondorScratchDir = "/var/lib/condor/execute/slot1/dir_2962984"
	Cpus = 1
	Disk = 1208198
	IoHeavy = 0
	Memory = 4096
...
040 (13655293.422.000) 2023-09-05 00:56:39 Finished transferring input files
...
006 (13655293.422.000) 2023-09-05 00:57:00 Image size of job updated: 811000
	356  -  MemoryUsage of job (MB)
	364220  -  ResidentSetSize of job (KB)
...
006 (13655293.422.000) 2023-09-05 01:02:01 Image size of job updated: 1278900
	1069  -  MemoryUsage of job (MB)
	1094288  -  ResidentSetSize of job (KB)
...
006 (13655293.422.000) 2023-09-05 01:12:08 Image size of job updated: 1278900
	1077  -  MemoryUsage of job (MB)
	1102792  -  ResidentSetSize of job (KB)
...
006 (13655293.422.000) 2023-09-05 01:27:02 Image size of job updated: 1278900
	1079  -  MemoryUsage of job (MB)
	1104608  -  ResidentSetSize of job (KB)
...
006 (13655293.422.000) 2023-09-05 02:12:07 Image size of job updated: 1278900
	1089  -  MemoryUsage of job (MB)
	1114128  -  ResidentSetSize of job (KB)
...
006 (13655293.422.000) 2023-09-05 02:17:08 Image size of job updated: 1278900
	1090  -  MemoryUsage of job (MB)
	1115660  -  ResidentSetSize of job (KB)
...
006 (13655293.422.000) 2023-09-05 02:22:09 Image size of job updated: 1278900
	1090  -  MemoryUsage of job (MB)
	1115776  -  ResidentSetSize of job (KB)
...
006 (13655293.422.000) 2023-09-06 02:25:46 Image size of job updated: 1414200
	1090  -  MemoryUsage of job (MB)
	1115776  -  ResidentSetSize of job (KB)
...
040 (13655293.422.000) 2023-09-06 02:25:46 Started transferring output files
...
040 (13655293.422.000) 2023-09-06 02:25:46 Finished transferring output files
...
005 (13655293.422.000) 2023-09-06 02:25:46 Job terminated.
	(1) Normal termination (return value 0)
		Usr 1 00:57:16, Sys 0 00:07:35  -  Run Remote Usage
		Usr 0 00:00:00, Sys 0 00:00:00  -  Run Local Usage
		Usr 1 00:57:16, Sys 0 00:07:35  -  Total Remote Usage
		Usr 0 00:00:00, Sys 0 00:00:00  -  Total Local Usage
	1309414  -  Run Bytes Sent By Job
	32652772  -  Run Bytes Received By Job
	1309414  -  Total Bytes Sent By Job
	32652772  -  Total Bytes Received By Job
	Partitionable Resources :     Usage  Request Allocated 
	   Cpus                 :      0.99        1         1 
	   Disk (KB)            : 274912      524288   1208198 
	   IoHeavy              :                            0 
	   Memory (MB)          :   1090        4096      4096 

	Job terminated of its own accord at 2023-09-06T07:25:46Z with exit-code 0.
...
