035 (14269004.-01.000) 2023-09-11 03:23:01 Cluster submitted from host: <128.104.101.92:9618?addrs=128.104.101.92-9618+[2607-f388-107c-501-a236-9fff-fe3c-caa8]-9618&alias=submit2.chtc.wisc.edu&noUDP&sock=schedd_1879732_618e>
...
000 (14269004.000.000) 2023-09-11 03:23:01 Job submitted from host: <128.104.101.92:9618?addrs=128.104.101.92-9618+[2607-f388-107c-501-a236-9fff-fe3c-caa8]-9618&alias=submit2.chtc.wisc.edu&noUDP&sock=schedd_1879732_618e>
...
040 (14269004.000.000) 2023-09-11 03:25:36 Started transferring input files
	Transferring to host: <128.105.69.199:9618?addrs=128.105.69.199-9618+[2607-f388-2200-100-1270-fdff-fe56-70ec]-9618&alias=e4052.chtc.wisc.edu&noUDP&sock=slot1_105_23045_0982_71020>
...
040 (14269004.000.000) 2023-09-11 03:25:39 Finished transferring input files
...
001 (14269004.000.000) 2023-09-11 03:25:40 Job executing on host: <128.105.69.199:9618?addrs=128.105.69.199-9618+[2607-f388-2200-100-1270-fdff-fe56-70ec]-9618&alias=e4052.chtc.wisc.edu&noUDP&sock=startd_22905_80d9>
	SlotName: slot1_105@e4052.chtc.wisc.edu
	CondorScratchDir = "/var/lib/condor/execute/slot1/dir_246396"
	Cpus = 1
	Disk = 1208198
	IoHeavy = 0
	Memory = 4096
...
006 (14269004.000.000) 2023-09-11 03:25:48 Image size of job updated: 272560
	231  -  MemoryUsage of job (MB)
	235544  -  ResidentSetSize of job (KB)
...
006 (14269004.000.000) 2023-09-11 03:30:48 Image size of job updated: 272560
	242  -  MemoryUsage of job (MB)
	246808  -  ResidentSetSize of job (KB)
...
040 (14269004.000.000) 2023-09-11 06:23:46 Started transferring output files
...
040 (14269004.000.000) 2023-09-11 06:23:46 Finished transferring output files
...
005 (14269004.000.000) 2023-09-11 06:23:46 Job terminated.
	(1) Normal termination (return value 0)
		Usr 0 02:56:13, Sys 0 00:00:07  -  Run Remote Usage
		Usr 0 00:00:00, Sys 0 00:00:00  -  Run Local Usage
		Usr 0 02:56:13, Sys 0 00:00:07  -  Total Remote Usage
		Usr 0 00:00:00, Sys 0 00:00:00  -  Total Local Usage
	823840  -  Run Bytes Sent By Job
	32664898  -  Run Bytes Received By Job
	823840  -  Total Bytes Sent By Job
	32664898  -  Total Bytes Received By Job
	Partitionable Resources :     Usage  Request Allocated 
	   Cpus                 :      0.99        1         1 
	   Disk (KB)            : 255900      524288   1208198 
	   IoHeavy              :                            0 
	   Memory (MB)          :    242        4096      4096 

	Job terminated of its own accord at 2023-09-11T11:23:46Z with exit-code 0.
...
036 (14269004.-01.000) 2023-09-11 06:23:46 Cluster removed
	Materialized 70 jobs from -1 items.	Complete
...
