000 (13655293.337.000) 2023-09-05 00:33:11 Job submitted from host: <128.104.101.92:9618?addrs=128.104.101.92-9618+[2607-f388-107c-501-a236-9fff-fe3c-caa8]-9618&alias=submit2.chtc.wisc.edu&noUDP&sock=schedd_1879732_618e>
...
040 (13655293.337.000) 2023-09-05 00:53:30 Started transferring input files
	Transferring to host: <128.105.69.224:9618?addrs=128.105.69.224-9618+[2607-f388-2200-100-eaeb-d3ff-fe40-1574]-9618&alias=e2607.chtc.wisc.edu&noUDP&sock=slot1_102_1087982_7e0c_42322>
...
001 (13655293.337.000) 2023-09-05 00:53:39 Job executing on host: <128.105.69.224:9618?addrs=128.105.69.224-9618+[2607-f388-2200-100-eaeb-d3ff-fe40-1574]-9618&alias=e2607.chtc.wisc.edu&noUDP&sock=startd_11673_491a>
	SlotName: slot1_102@e2607.chtc.wisc.edu
	CondorScratchDir = "/var/lib/condor/execute/slot1/dir_2376164"
	Cpus = 1
	Disk = 1458998
	IoHeavy = 0
	Memory = 4096
...
040 (13655293.337.000) 2023-09-05 00:53:39 Finished transferring input files
...
006 (13655293.337.000) 2023-09-05 00:53:48 Image size of job updated: 593252
	580  -  MemoryUsage of job (MB)
	593252  -  ResidentSetSize of job (KB)
...
006 (13655293.337.000) 2023-09-05 00:58:49 Image size of job updated: 1160668
	1134  -  MemoryUsage of job (MB)
	1160520  -  ResidentSetSize of job (KB)
...
006 (13655293.337.000) 2023-09-05 01:03:50 Image size of job updated: 1175700
	1134  -  MemoryUsage of job (MB)
	1160520  -  ResidentSetSize of job (KB)
...
006 (13655293.337.000) 2023-09-06 00:59:42 Image size of job updated: 1276380
	1134  -  MemoryUsage of job (MB)
	1160520  -  ResidentSetSize of job (KB)
...
040 (13655293.337.000) 2023-09-06 00:59:42 Started transferring output files
...
040 (13655293.337.000) 2023-09-06 00:59:42 Finished transferring output files
...
005 (13655293.337.000) 2023-09-06 00:59:43 Job terminated.
	(1) Normal termination (return value 0)
		Usr 0 23:43:30, Sys 0 00:04:09  -  Run Remote Usage
		Usr 0 00:00:00, Sys 0 00:00:00  -  Run Local Usage
		Usr 0 23:43:30, Sys 0 00:04:09  -  Total Remote Usage
		Usr 0 00:00:00, Sys 0 00:00:00  -  Total Local Usage
	1309562  -  Run Bytes Sent By Job
	32652772  -  Run Bytes Received By Job
	1309562  -  Total Bytes Sent By Job
	32652772  -  Total Bytes Received By Job
	Partitionable Resources :     Usage  Request Allocated 
	   Cpus                 :      0.99        1         1 
	   Disk (KB)            : 274900      524288   1458998 
	   IoHeavy              :                            0 
	   Memory (MB)          :   1134        4096      4096 

	Job terminated of its own accord at 2023-09-06T05:59:42Z with exit-code 0.
...
