000 (13655293.391.000) 2023-09-05 00:33:11 Job submitted from host: <128.104.101.92:9618?addrs=128.104.101.92-9618+[2607-f388-107c-501-a236-9fff-fe3c-caa8]-9618&alias=submit2.chtc.wisc.edu&noUDP&sock=schedd_1879732_618e>
...
040 (13655293.391.000) 2023-09-05 00:54:22 Started transferring input files
	Transferring to host: <128.105.69.157:9618?addrs=128.105.69.157-9618+[2607-f388-2200-100-1270-fdff-fe56-c3a4]-9618&alias=e4090.chtc.wisc.edu&noUDP&sock=slot1_27_1363133_4360_49224>
...
040 (13655293.391.000) 2023-09-05 00:54:24 Finished transferring input files
...
001 (13655293.391.000) 2023-09-05 00:54:25 Job executing on host: <128.105.69.157:9618?addrs=128.105.69.157-9618+[2607-f388-2200-100-1270-fdff-fe56-c3a4]-9618&alias=e4090.chtc.wisc.edu&noUDP&sock=startd_18322_f24e>
	SlotName: slot1_27@e4090.chtc.wisc.edu
	CondorScratchDir = "/var/lib/condor/execute/slot1/dir_547340"
	Cpus = 1
	Disk = 1208198
	IoHeavy = 0
	Memory = 4096
...
006 (13655293.391.000) 2023-09-05 00:54:34 Image size of job updated: 517164
	506  -  MemoryUsage of job (MB)
	517164  -  ResidentSetSize of job (KB)
...
006 (13655293.391.000) 2023-09-05 00:59:35 Image size of job updated: 1043316
	786  -  MemoryUsage of job (MB)
	804440  -  ResidentSetSize of job (KB)
...
006 (13655293.391.000) 2023-09-05 01:04:35 Image size of job updated: 1160784
	1134  -  MemoryUsage of job (MB)
	1160716  -  ResidentSetSize of job (KB)
...
006 (13655293.391.000) 2023-09-05 01:09:36 Image size of job updated: 1182212
	1134  -  MemoryUsage of job (MB)
	1160716  -  ResidentSetSize of job (KB)
...
006 (13655293.391.000) 2023-09-05 22:55:46 Image size of job updated: 1315024
	1134  -  MemoryUsage of job (MB)
	1160716  -  ResidentSetSize of job (KB)
...
040 (13655293.391.000) 2023-09-05 22:55:46 Started transferring output files
...
040 (13655293.391.000) 2023-09-05 22:55:46 Finished transferring output files
...
005 (13655293.391.000) 2023-09-05 22:55:46 Job terminated.
	(1) Normal termination (return value 0)
		Usr 0 21:40:32, Sys 0 00:05:23  -  Run Remote Usage
		Usr 0 00:00:00, Sys 0 00:00:00  -  Run Local Usage
		Usr 0 21:40:32, Sys 0 00:05:23  -  Total Remote Usage
		Usr 0 00:00:00, Sys 0 00:00:00  -  Total Local Usage
	1309498  -  Run Bytes Sent By Job
	32652772  -  Run Bytes Received By Job
	1309498  -  Total Bytes Sent By Job
	32652772  -  Total Bytes Received By Job
	Partitionable Resources :     Usage  Request Allocated 
	   Cpus                 :      0.99        1         1 
	   Disk (KB)            : 274893      524288   1208198 
	   IoHeavy              :                            0 
	   Memory (MB)          :   1134        4096      4096 

	Job terminated of its own accord at 2023-09-06T03:55:46Z with exit-code 0.
...
