000 (13655293.118.000) 2023-09-05 00:33:11 Job submitted from host: <128.104.101.92:9618?addrs=128.104.101.92-9618+[2607-f388-107c-501-a236-9fff-fe3c-caa8]-9618&alias=submit2.chtc.wisc.edu&noUDP&sock=schedd_1879732_618e>
...
040 (13655293.118.000) 2023-09-05 00:36:25 Started transferring input files
	Transferring to host: <128.105.69.224:9618?addrs=128.105.69.224-9618+[2607-f388-2200-100-eaeb-d3ff-fe40-1574]-9618&alias=e2607.chtc.wisc.edu&noUDP&sock=slot1_56_1087982_7e0c_42249>
...
001 (13655293.118.000) 2023-09-05 00:36:35 Job executing on host: <128.105.69.224:9618?addrs=128.105.69.224-9618+[2607-f388-2200-100-eaeb-d3ff-fe40-1574]-9618&alias=e2607.chtc.wisc.edu&noUDP&sock=startd_11673_491a>
	SlotName: slot1_56@e2607.chtc.wisc.edu
	CondorScratchDir = "/var/lib/condor/execute/slot1/dir_2320421"
	Cpus = 1
	Disk = 1458998
	IoHeavy = 0
	Memory = 4096
...
040 (13655293.118.000) 2023-09-05 00:36:35 Finished transferring input files
...
006 (13655293.118.000) 2023-09-05 00:36:44 Image size of job updated: 702804
	687  -  MemoryUsage of job (MB)
	702804  -  ResidentSetSize of job (KB)
...
006 (13655293.118.000) 2023-09-05 00:41:45 Image size of job updated: 1282276
	1050  -  MemoryUsage of job (MB)
	1075100  -  ResidentSetSize of job (KB)
...
006 (13655293.118.000) 2023-09-05 00:46:46 Image size of job updated: 1282276
	1069  -  MemoryUsage of job (MB)
	1093808  -  ResidentSetSize of job (KB)
...
006 (13655293.118.000) 2023-09-05 00:51:46 Image size of job updated: 1282276
	1078  -  MemoryUsage of job (MB)
	1102976  -  ResidentSetSize of job (KB)
...
006 (13655293.118.000) 2023-09-05 01:16:48 Image size of job updated: 1282276
	1081  -  MemoryUsage of job (MB)
	1106304  -  ResidentSetSize of job (KB)
...
006 (13655293.118.000) 2023-09-05 01:21:49 Image size of job updated: 1282276
	1085  -  MemoryUsage of job (MB)
	1110840  -  ResidentSetSize of job (KB)
...
006 (13655293.118.000) 2023-09-05 02:01:54 Image size of job updated: 1282276
	1086  -  MemoryUsage of job (MB)
	1111172  -  ResidentSetSize of job (KB)
...
006 (13655293.118.000) 2023-09-05 02:11:55 Image size of job updated: 1282276
	1087  -  MemoryUsage of job (MB)
	1112964  -  ResidentSetSize of job (KB)
...
006 (13655293.118.000) 2023-09-05 04:57:13 Image size of job updated: 1282276
	1091  -  MemoryUsage of job (MB)
	1117024  -  ResidentSetSize of job (KB)
...
006 (13655293.118.000) 2023-09-06 00:57:51 Image size of job updated: 1339788
	1091  -  MemoryUsage of job (MB)
	1117024  -  ResidentSetSize of job (KB)
...
040 (13655293.118.000) 2023-09-06 00:57:51 Started transferring output files
...
040 (13655293.118.000) 2023-09-06 00:57:51 Finished transferring output files
...
005 (13655293.118.000) 2023-09-06 00:57:51 Job terminated.
	(1) Normal termination (return value 0)
		Usr 0 23:57:29, Sys 0 00:04:05  -  Run Remote Usage
		Usr 0 00:00:00, Sys 0 00:00:00  -  Run Local Usage
		Usr 0 23:57:29, Sys 0 00:04:05  -  Total Remote Usage
		Usr 0 00:00:00, Sys 0 00:00:00  -  Total Local Usage
	1309503  -  Run Bytes Sent By Job
	32652772  -  Run Bytes Received By Job
	1309503  -  Total Bytes Sent By Job
	32652772  -  Total Bytes Received By Job
	Partitionable Resources :     Usage  Request Allocated 
	   Cpus                 :      0.99        1         1 
	   Disk (KB)            : 274900      524288   1458998 
	   IoHeavy              :                            0 
	   Memory (MB)          :   1091        4096      4096 

	Job terminated of its own accord at 2023-09-06T05:57:51Z with exit-code 0.
...
