000 (14269004.009.000) 2023-09-11 03:23:01 Job submitted from host: <128.104.101.92:9618?addrs=128.104.101.92-9618+[2607-f388-107c-501-a236-9fff-fe3c-caa8]-9618&alias=submit2.chtc.wisc.edu&noUDP&sock=schedd_1879732_618e>
...
040 (14269004.009.000) 2023-09-11 03:25:35 Started transferring input files
	Transferring to host: <128.105.69.154:9618?addrs=128.105.69.154-9618+[2607-f388-2200-100-1270-fdff-fe56-45a4]-9618&alias=e4087.chtc.wisc.edu&noUDP&sock=slot1_38_3531047_cb7e_100315>
...
040 (14269004.009.000) 2023-09-11 03:25:39 Finished transferring input files
...
001 (14269004.009.000) 2023-09-11 03:25:40 Job executing on host: <128.105.69.154:9618?addrs=128.105.69.154-9618+[2607-f388-2200-100-1270-fdff-fe56-45a4]-9618&alias=e4087.chtc.wisc.edu&noUDP&sock=startd_17059_a231>
	SlotName: slot1_38@e4087.chtc.wisc.edu
	CondorScratchDir = "/var/lib/condor/execute/slot1/dir_408413"
	Cpus = 1
	Disk = 1208198
	IoHeavy = 0
	Memory = 4096
...
006 (14269004.009.000) 2023-09-11 03:25:48 Image size of job updated: 273736
	87  -  MemoryUsage of job (MB)
	89012  -  ResidentSetSize of job (KB)
...
006 (14269004.009.000) 2023-09-11 03:30:48 Image size of job updated: 273736
	192  -  MemoryUsage of job (MB)
	195752  -  ResidentSetSize of job (KB)
...
006 (14269004.009.000) 2023-09-11 03:40:49 Image size of job updated: 273736
	193  -  MemoryUsage of job (MB)
	196916  -  ResidentSetSize of job (KB)
...
006 (14269004.009.000) 2023-09-11 03:45:50 Image size of job updated: 273736
	193  -  MemoryUsage of job (MB)
	197388  -  ResidentSetSize of job (KB)
...
040 (14269004.009.000) 2023-09-11 03:53:22 Started transferring output files
...
040 (14269004.009.000) 2023-09-11 03:53:22 Finished transferring output files
...
005 (14269004.009.000) 2023-09-11 03:53:22 Job terminated.
	(1) Normal termination (return value 0)
		Usr 0 00:27:13, Sys 0 00:00:06  -  Run Remote Usage
		Usr 0 00:00:00, Sys 0 00:00:00  -  Run Local Usage
		Usr 0 00:27:13, Sys 0 00:00:06  -  Total Remote Usage
		Usr 0 00:00:00, Sys 0 00:00:00  -  Total Local Usage
	316704  -  Run Bytes Sent By Job
	32664898  -  Run Bytes Received By Job
	316704  -  Total Bytes Sent By Job
	32664898  -  Total Bytes Received By Job
	Partitionable Resources :     Usage  Request Allocated 
	   Cpus                 :      0.99        1         1 
	   Disk (KB)            : 255222      524288   1208198 
	   IoHeavy              :                            0 
	   Memory (MB)          :    193        4096      4096 

	Job terminated of its own accord at 2023-09-11T08:53:22Z with exit-code 0.
...
