000 (14312691.017.000) 2023-09-11 11:54:06 Job submitted from host: <128.104.101.92:9618?addrs=128.104.101.92-9618+[2607-f388-107c-501-a236-9fff-fe3c-caa8]-9618&alias=submit2.chtc.wisc.edu&noUDP&sock=schedd_1879732_618e>
...
040 (14312691.017.000) 2023-09-11 12:00:23 Started transferring input files
	Transferring to host: <128.105.69.232:9618?addrs=128.105.69.232-9618+[2607-f388-2200-100-eaeb-d3ff-fe40-2054]-9618&alias=e2615.chtc.wisc.edu&noUDP&sock=slot1_26_1809887_df18_102002>
...
040 (14312691.017.000) 2023-09-11 12:00:25 Finished transferring input files
...
001 (14312691.017.000) 2023-09-11 12:00:27 Job executing on host: <128.105.69.232:9618?addrs=128.105.69.232-9618+[2607-f388-2200-100-eaeb-d3ff-fe40-2054]-9618&alias=e2615.chtc.wisc.edu&noUDP&sock=startd_22800_7b67>
	SlotName: slot1_26@e2615.chtc.wisc.edu
	CondorScratchDir = "/var/lib/condor/execute/slot1/dir_3560025"
	Cpus = 1
	Disk = 1458998
	IoHeavy = 0
	Memory = 4096
...
006 (14312691.017.000) 2023-09-11 12:00:36 Image size of job updated: 379344
	284  -  MemoryUsage of job (MB)
	290316  -  ResidentSetSize of job (KB)
...
006 (14312691.017.000) 2023-09-11 12:05:37 Image size of job updated: 379344
	293  -  MemoryUsage of job (MB)
	299700  -  ResidentSetSize of job (KB)
...
040 (14312691.017.000) 2023-09-11 12:08:12 Started transferring output files
...
040 (14312691.017.000) 2023-09-11 12:08:12 Finished transferring output files
...
005 (14312691.017.000) 2023-09-11 12:08:12 Job terminated.
	(1) Normal termination (return value 0)
		Usr 0 00:07:32, Sys 0 00:00:01  -  Run Remote Usage
		Usr 0 00:00:00, Sys 0 00:00:00  -  Run Local Usage
		Usr 0 00:07:32, Sys 0 00:00:01  -  Total Remote Usage
		Usr 0 00:00:00, Sys 0 00:00:00  -  Total Local Usage
	233442  -  Run Bytes Sent By Job
	32664896  -  Run Bytes Received By Job
	233442  -  Total Bytes Sent By Job
	32664896  -  Total Bytes Received By Job
	Partitionable Resources :     Usage  Request Allocated 
	   Cpus                 :      0.98        1         1 
	   Disk (KB)            : 255141      524288   1458998 
	   IoHeavy              :                            0 
	   Memory (MB)          :    293        4096      4096 

	Job terminated of its own accord at 2023-09-11T17:08:12Z with exit-code 0.
...
