000 (14269004.004.000) 2023-09-11 03:23:01 Job submitted from host: <128.104.101.92:9618?addrs=128.104.101.92-9618+[2607-f388-107c-501-a236-9fff-fe3c-caa8]-9618&alias=submit2.chtc.wisc.edu&noUDP&sock=schedd_1879732_618e>
...
040 (14269004.004.000) 2023-09-11 03:25:35 Started transferring input files
	Transferring to host: <128.105.69.215:9618?addrs=128.105.69.215-9618+[2607-f388-2200-100-eaeb-d3ff-fe40-154c]-9618&alias=e2598.chtc.wisc.edu&noUDP&sock=slot1_83_519391_b21a_100273>
...
040 (14269004.004.000) 2023-09-11 03:25:37 Finished transferring input files
...
001 (14269004.004.000) 2023-09-11 03:25:38 Job executing on host: <128.105.69.215:9618?addrs=128.105.69.215-9618+[2607-f388-2200-100-eaeb-d3ff-fe40-154c]-9618&alias=e2598.chtc.wisc.edu&noUDP&sock=startd_18687_4e60>
	SlotName: slot1_83@e2598.chtc.wisc.edu
	CondorScratchDir = "/var/lib/condor/execute/slot1/dir_1624171"
	Cpus = 1
	Disk = 1458998
	IoHeavy = 0
	Memory = 4096
...
006 (14269004.004.000) 2023-09-11 03:25:47 Image size of job updated: 382136
	289  -  MemoryUsage of job (MB)
	295832  -  ResidentSetSize of job (KB)
...
006 (14269004.004.000) 2023-09-11 03:30:48 Image size of job updated: 382136
	307  -  MemoryUsage of job (MB)
	314368  -  ResidentSetSize of job (KB)
...
006 (14269004.004.000) 2023-09-11 03:35:48 Image size of job updated: 382136
	309  -  MemoryUsage of job (MB)
	316300  -  ResidentSetSize of job (KB)
...
006 (14269004.004.000) 2023-09-11 03:55:52 Image size of job updated: 382136
	310  -  MemoryUsage of job (MB)
	317152  -  ResidentSetSize of job (KB)
...
040 (14269004.004.000) 2023-09-11 03:57:13 Started transferring output files
...
040 (14269004.004.000) 2023-09-11 03:57:13 Finished transferring output files
...
005 (14269004.004.000) 2023-09-11 03:57:13 Job terminated.
	(1) Normal termination (return value 0)
		Usr 0 00:31:00, Sys 0 00:00:01  -  Run Remote Usage
		Usr 0 00:00:00, Sys 0 00:00:00  -  Run Local Usage
		Usr 0 00:31:00, Sys 0 00:00:01  -  Total Remote Usage
		Usr 0 00:00:00, Sys 0 00:00:00  -  Total Local Usage
	430095  -  Run Bytes Sent By Job
	32664898  -  Run Bytes Received By Job
	430095  -  Total Bytes Sent By Job
	32664898  -  Total Bytes Received By Job
	Partitionable Resources :     Usage  Request Allocated 
	   Cpus                 :      0.99        1         1 
	   Disk (KB)            : 255333      524288   1458998 
	   IoHeavy              :                            0 
	   Memory (MB)          :    310        4096      4096 

	Job terminated of its own accord at 2023-09-11T08:57:13Z with exit-code 0.
...
