000 (13655293.003.000) 2023-09-05 00:33:11 Job submitted from host: <128.104.101.92:9618?addrs=128.104.101.92-9618+[2607-f388-107c-501-a236-9fff-fe3c-caa8]-9618&alias=submit2.chtc.wisc.edu&noUDP&sock=schedd_1879732_618e>
...
040 (13655293.003.000) 2023-09-05 00:35:53 Started transferring input files
	Transferring to host: <128.105.69.97:9618?addrs=128.105.69.97-9618+[2607-f388-2200-100-1270-fdff-fe56-6e54]-9618&alias=e4008.chtc.wisc.edu&noUDP&sock=slot1_2_1090882_ce01_49923>
...
040 (13655293.003.000) 2023-09-05 00:35:55 Finished transferring input files
...
001 (13655293.003.000) 2023-09-05 00:35:56 Job executing on host: <128.105.69.97:9618?addrs=128.105.69.97-9618+[2607-f388-2200-100-1270-fdff-fe56-6e54]-9618&alias=e4008.chtc.wisc.edu&noUDP&sock=startd_813426_2817>
	SlotName: slot1_2@e4008.chtc.wisc.edu
	CondorScratchDir = "/var/lib/condor/execute/slot1/dir_4039679"
	Cpus = 1
	Disk = 1208198
	IoHeavy = 0
	Memory = 4096
...
006 (13655293.003.000) 2023-09-05 00:36:04 Image size of job updated: 711004
	695  -  MemoryUsage of job (MB)
	711004  -  ResidentSetSize of job (KB)
...
006 (13655293.003.000) 2023-09-05 00:41:04 Image size of job updated: 1282352
	1044  -  MemoryUsage of job (MB)
	1069032  -  ResidentSetSize of job (KB)
...
006 (13655293.003.000) 2023-09-05 00:46:05 Image size of job updated: 1282352
	1073  -  MemoryUsage of job (MB)
	1098508  -  ResidentSetSize of job (KB)
...
006 (13655293.003.000) 2023-09-05 00:51:05 Image size of job updated: 1282352
	1089  -  MemoryUsage of job (MB)
	1114304  -  ResidentSetSize of job (KB)
...
006 (13655293.003.000) 2023-09-05 23:02:34 Image size of job updated: 1397264
	1089  -  MemoryUsage of job (MB)
	1114304  -  ResidentSetSize of job (KB)
...
040 (13655293.003.000) 2023-09-05 23:02:34 Started transferring output files
...
040 (13655293.003.000) 2023-09-05 23:02:34 Finished transferring output files
...
005 (13655293.003.000) 2023-09-05 23:02:34 Job terminated.
	(1) Normal termination (return value 0)
		Usr 0 22:08:36, Sys 0 00:02:36  -  Run Remote Usage
		Usr 0 00:00:00, Sys 0 00:00:00  -  Run Local Usage
		Usr 0 22:08:36, Sys 0 00:02:36  -  Total Remote Usage
		Usr 0 00:00:00, Sys 0 00:00:00  -  Total Local Usage
	1309472  -  Run Bytes Sent By Job
	32652772  -  Run Bytes Received By Job
	1309472  -  Total Bytes Sent By Job
	32652772  -  Total Bytes Received By Job
	Partitionable Resources :     Usage  Request Allocated 
	   Cpus                 :      0.98        1         1 
	   Disk (KB)            : 274888      524288   1208198 
	   IoHeavy              :                            0 
	   Memory (MB)          :   1089        4096      4096 

	Job terminated of its own accord at 2023-09-06T04:02:34Z with exit-code 0.
...
