000 (13655293.304.000) 2023-09-05 00:33:11 Job submitted from host: <128.104.101.92:9618?addrs=128.104.101.92-9618+[2607-f388-107c-501-a236-9fff-fe3c-caa8]-9618&alias=submit2.chtc.wisc.edu&noUDP&sock=schedd_1879732_618e>
...
040 (13655293.304.000) 2023-09-05 00:51:36 Started transferring input files
	Transferring to host: <128.105.69.164:9618?addrs=128.105.69.164-9618+[2607-f388-2200-100-1270-fdff-fe56-c2ec]-9618&alias=e4097.chtc.wisc.edu&noUDP&sock=slot1_53_731875_e55b_79835>
...
040 (13655293.304.000) 2023-09-05 00:51:38 Finished transferring input files
...
001 (13655293.304.000) 2023-09-05 00:51:43 Job executing on host: <128.105.69.164:9618?addrs=128.105.69.164-9618+[2607-f388-2200-100-1270-fdff-fe56-c2ec]-9618&alias=e4097.chtc.wisc.edu&noUDP&sock=startd_16809_2784>
	SlotName: slot1_53@e4097.chtc.wisc.edu
	CondorScratchDir = "/var/lib/condor/execute/slot1/dir_1289982"
	Cpus = 1
	Disk = 1208198
	IoHeavy = 0
	Memory = 4096
...
006 (13655293.304.000) 2023-09-05 00:51:52 Image size of job updated: 597716
	584  -  MemoryUsage of job (MB)
	597712  -  ResidentSetSize of job (KB)
...
006 (13655293.304.000) 2023-09-05 00:56:53 Image size of job updated: 1179836
	952  -  MemoryUsage of job (MB)
	974200  -  ResidentSetSize of job (KB)
...
006 (13655293.304.000) 2023-09-05 01:01:53 Image size of job updated: 1179836
	969  -  MemoryUsage of job (MB)
	991720  -  ResidentSetSize of job (KB)
...
006 (13655293.304.000) 2023-09-05 01:06:54 Image size of job updated: 1179836
	983  -  MemoryUsage of job (MB)
	1006216  -  ResidentSetSize of job (KB)
...
006 (13655293.304.000) 2023-09-05 02:17:01 Image size of job updated: 1179836
	983  -  MemoryUsage of job (MB)
	1006288  -  ResidentSetSize of job (KB)
...
006 (13655293.304.000) 2023-09-05 02:32:03 Image size of job updated: 1179836
	984  -  MemoryUsage of job (MB)
	1006804  -  ResidentSetSize of job (KB)
...
006 (13655293.304.000) 2023-09-05 04:47:15 Image size of job updated: 1179836
	985  -  MemoryUsage of job (MB)
	1007824  -  ResidentSetSize of job (KB)
...
006 (13655293.304.000) 2023-09-05 20:43:50 Image size of job updated: 1303668
	1133  -  MemoryUsage of job (MB)
	1159448  -  ResidentSetSize of job (KB)
...
040 (13655293.304.000) 2023-09-05 20:44:16 Started transferring output files
...
040 (13655293.304.000) 2023-09-05 20:44:16 Finished transferring output files
...
005 (13655293.304.000) 2023-09-05 20:44:16 Job terminated.
	(1) Normal termination (return value 0)
		Usr 0 19:31:31, Sys 0 00:02:58  -  Run Remote Usage
		Usr 0 00:00:00, Sys 0 00:00:00  -  Run Local Usage
		Usr 0 19:31:31, Sys 0 00:02:58  -  Total Remote Usage
		Usr 0 00:00:00, Sys 0 00:00:00  -  Total Local Usage
	1309686  -  Run Bytes Sent By Job
	32652772  -  Run Bytes Received By Job
	1309686  -  Total Bytes Sent By Job
	32652772  -  Total Bytes Received By Job
	Partitionable Resources :     Usage  Request Allocated 
	   Cpus                 :      0.98        1         1 
	   Disk (KB)            : 274915      524288   1208198 
	   IoHeavy              :                            0 
	   Memory (MB)          :   1133        4096      4096 

	Job terminated of its own accord at 2023-09-06T01:44:16Z with exit-code 0.
...
