000 (13655293.479.000) 2023-09-05 00:33:11 Job submitted from host: <128.104.101.92:9618?addrs=128.104.101.92-9618+[2607-f388-107c-501-a236-9fff-fe3c-caa8]-9618&alias=submit2.chtc.wisc.edu&noUDP&sock=schedd_1879732_618e>
...
040 (13655293.479.000) 2023-09-05 00:57:17 Started transferring input files
	Transferring to host: <128.105.69.221:9618?addrs=128.105.69.221-9618+[2607-f388-2200-100-eaeb-d3ff-fe40-2304]-9618&alias=e2604.chtc.wisc.edu&noUDP&sock=slot1_72_1223419_1c6f_62201>
...
001 (13655293.479.000) 2023-09-05 00:57:33 Job executing on host: <128.105.69.221:9618?addrs=128.105.69.221-9618+[2607-f388-2200-100-eaeb-d3ff-fe40-2304]-9618&alias=e2604.chtc.wisc.edu&noUDP&sock=startd_18650_ed5f>
	SlotName: slot1_72@e2604.chtc.wisc.edu
	CondorScratchDir = "/var/lib/condor/execute/slot1/dir_4163050"
	Cpus = 1
	Disk = 1458998
	IoHeavy = 0
	Memory = 4096
...
040 (13655293.479.000) 2023-09-05 00:57:33 Finished transferring input files
...
006 (13655293.479.000) 2023-09-05 00:57:42 Image size of job updated: 702244
	686  -  MemoryUsage of job (MB)
	702240  -  ResidentSetSize of job (KB)
...
006 (13655293.479.000) 2023-09-05 01:02:43 Image size of job updated: 1278840
	1065  -  MemoryUsage of job (MB)
	1089904  -  ResidentSetSize of job (KB)
...
006 (13655293.479.000) 2023-09-05 01:07:43 Image size of job updated: 1278840
	1078  -  MemoryUsage of job (MB)
	1103592  -  ResidentSetSize of job (KB)
...
006 (13655293.479.000) 2023-09-05 01:52:47 Image size of job updated: 1278840
	1078  -  MemoryUsage of job (MB)
	1103784  -  ResidentSetSize of job (KB)
...
006 (13655293.479.000) 2023-09-05 02:12:49 Image size of job updated: 1278840
	1086  -  MemoryUsage of job (MB)
	1111176  -  ResidentSetSize of job (KB)
...
006 (13655293.479.000) 2023-09-05 02:42:51 Image size of job updated: 1278840
	1086  -  MemoryUsage of job (MB)
	1111432  -  ResidentSetSize of job (KB)
...
006 (13655293.479.000) 2023-09-05 03:32:55 Image size of job updated: 1278840
	1091  -  MemoryUsage of job (MB)
	1116812  -  ResidentSetSize of job (KB)
...
006 (13655293.479.000) 2023-09-05 22:02:16 Image size of job updated: 1409744
	1091  -  MemoryUsage of job (MB)
	1116812  -  ResidentSetSize of job (KB)
...
040 (13655293.479.000) 2023-09-05 22:02:16 Started transferring output files
...
040 (13655293.479.000) 2023-09-05 22:02:16 Finished transferring output files
...
005 (13655293.479.000) 2023-09-05 22:02:16 Job terminated.
	(1) Normal termination (return value 0)
		Usr 0 20:41:01, Sys 0 00:02:43  -  Run Remote Usage
		Usr 0 00:00:00, Sys 0 00:00:00  -  Run Local Usage
		Usr 0 20:41:01, Sys 0 00:02:43  -  Total Remote Usage
		Usr 0 00:00:00, Sys 0 00:00:00  -  Total Local Usage
	1309431  -  Run Bytes Sent By Job
	32652772  -  Run Bytes Received By Job
	1309431  -  Total Bytes Sent By Job
	32652772  -  Total Bytes Received By Job
	Partitionable Resources :     Usage  Request Allocated 
	   Cpus                 :      0.99        1         1 
	   Disk (KB)            : 274889      524288   1458998 
	   IoHeavy              :                            0 
	   Memory (MB)          :   1091        4096      4096 

	Job terminated of its own accord at 2023-09-06T03:02:16Z with exit-code 0.
...
