000 (13655293.364.000) 2023-09-05 00:33:11 Job submitted from host: <128.104.101.92:9618?addrs=128.104.101.92-9618+[2607-f388-107c-501-a236-9fff-fe3c-caa8]-9618&alias=submit2.chtc.wisc.edu&noUDP&sock=schedd_1879732_618e>
...
040 (13655293.364.000) 2023-09-05 00:54:20 Started transferring input files
	Transferring to host: <128.105.69.91:9618?addrs=128.105.69.91-9618+[2607-f388-2200-100-1270-fdff-fe56-41c4]-9618&alias=e4002.chtc.wisc.edu&noUDP&sock=slot1_103_1583588_c105_57752>
...
040 (13655293.364.000) 2023-09-05 00:54:22 Finished transferring input files
...
001 (13655293.364.000) 2023-09-05 00:54:50 Job executing on host: <128.105.69.91:9618?addrs=128.105.69.91-9618+[2607-f388-2200-100-1270-fdff-fe56-41c4]-9618&alias=e4002.chtc.wisc.edu&noUDP&sock=startd_14707_5b71>
	SlotName: slot1_103@e4002.chtc.wisc.edu
	CondorScratchDir = "/var/lib/condor/execute/slot1/dir_2869952"
	Cpus = 1
	Disk = 1268229
	IoHeavy = 0
	Memory = 4096
...
006 (13655293.364.000) 2023-09-05 00:54:58 Image size of job updated: 739160
	722  -  MemoryUsage of job (MB)
	739160  -  ResidentSetSize of job (KB)
...
006 (13655293.364.000) 2023-09-05 00:59:58 Image size of job updated: 1289456
	1070  -  MemoryUsage of job (MB)
	1095340  -  ResidentSetSize of job (KB)
...
006 (13655293.364.000) 2023-09-05 01:04:59 Image size of job updated: 1289456
	1082  -  MemoryUsage of job (MB)
	1107028  -  ResidentSetSize of job (KB)
...
006 (13655293.364.000) 2023-09-05 01:30:03 Image size of job updated: 1289456
	1095  -  MemoryUsage of job (MB)
	1120456  -  ResidentSetSize of job (KB)
...
006 (13655293.364.000) 2023-09-05 02:00:06 Image size of job updated: 1289456
	1095  -  MemoryUsage of job (MB)
	1120792  -  ResidentSetSize of job (KB)
...
006 (13655293.364.000) 2023-09-05 02:55:10 Image size of job updated: 1289456
	1096  -  MemoryUsage of job (MB)
	1121700  -  ResidentSetSize of job (KB)
...
006 (13655293.364.000) 2023-09-05 22:43:26 Image size of job updated: 1417880
	1096  -  MemoryUsage of job (MB)
	1121700  -  ResidentSetSize of job (KB)
...
040 (13655293.364.000) 2023-09-05 22:43:26 Started transferring output files
...
040 (13655293.364.000) 2023-09-05 22:43:26 Finished transferring output files
...
005 (13655293.364.000) 2023-09-05 22:43:26 Job terminated.
	(1) Normal termination (return value 0)
		Usr 0 21:17:59, Sys 0 00:06:44  -  Run Remote Usage
		Usr 0 00:00:00, Sys 0 00:00:00  -  Run Local Usage
		Usr 0 21:17:59, Sys 0 00:06:44  -  Total Remote Usage
		Usr 0 00:00:00, Sys 0 00:00:00  -  Total Local Usage
	1309688  -  Run Bytes Sent By Job
	32652772  -  Run Bytes Received By Job
	1309688  -  Total Bytes Sent By Job
	32652772  -  Total Bytes Received By Job
	Partitionable Resources :     Usage  Request Allocated 
	   Cpus                 :      0.99        1         1 
	   Disk (KB)            : 274850      524288   1268229 
	   IoHeavy              :                            0 
	   Memory (MB)          :   1096        4096      4096 

	Job terminated of its own accord at 2023-09-06T03:43:26Z with exit-code 0.
...
