000 (13655293.137.000) 2023-09-05 00:33:11 Job submitted from host: <128.104.101.92:9618?addrs=128.104.101.92-9618+[2607-f388-107c-501-a236-9fff-fe3c-caa8]-9618&alias=submit2.chtc.wisc.edu&noUDP&sock=schedd_1879732_618e>
...
040 (13655293.137.000) 2023-09-05 00:36:29 Started transferring input files
	Transferring to host: <128.105.69.189:9618?addrs=128.105.69.189-9618+[2607-f388-2200-100-1270-fdff-fe56-644c]-9618&alias=e4042.chtc.wisc.edu&noUDP&sock=slot1_103_3770169_e03a_55812>
...
001 (13655293.137.000) 2023-09-05 00:36:39 Job executing on host: <128.105.69.189:9618?addrs=128.105.69.189-9618+[2607-f388-2200-100-1270-fdff-fe56-644c]-9618&alias=e4042.chtc.wisc.edu&noUDP&sock=startd_15959_2004>
	SlotName: slot1_103@e4042.chtc.wisc.edu
	CondorScratchDir = "/var/lib/condor/execute/slot1/dir_3475131"
	Cpus = 1
	Disk = 1208198
	IoHeavy = 0
	Memory = 4096
...
040 (13655293.137.000) 2023-09-05 00:36:39 Finished transferring input files
...
006 (13655293.137.000) 2023-09-05 00:36:47 Image size of job updated: 691316
	676  -  MemoryUsage of job (MB)
	691316  -  ResidentSetSize of job (KB)
...
006 (13655293.137.000) 2023-09-05 00:41:47 Image size of job updated: 1276320
	1054  -  MemoryUsage of job (MB)
	1078620  -  ResidentSetSize of job (KB)
...
006 (13655293.137.000) 2023-09-05 00:46:48 Image size of job updated: 1276320
	1064  -  MemoryUsage of job (MB)
	1088756  -  ResidentSetSize of job (KB)
...
006 (13655293.137.000) 2023-09-05 00:51:49 Image size of job updated: 1276320
	1075  -  MemoryUsage of job (MB)
	1100776  -  ResidentSetSize of job (KB)
...
006 (13655293.137.000) 2023-09-05 01:01:49 Image size of job updated: 1276320
	1077  -  MemoryUsage of job (MB)
	1102124  -  ResidentSetSize of job (KB)
...
006 (13655293.137.000) 2023-09-05 01:21:52 Image size of job updated: 1276320
	1083  -  MemoryUsage of job (MB)
	1108724  -  ResidentSetSize of job (KB)
...
006 (13655293.137.000) 2023-09-05 02:37:02 Image size of job updated: 1276320
	1087  -  MemoryUsage of job (MB)
	1112692  -  ResidentSetSize of job (KB)
...
006 (13655293.137.000) 2023-09-05 03:52:11 Image size of job updated: 1276320
	1089  -  MemoryUsage of job (MB)
	1115008  -  ResidentSetSize of job (KB)
...
006 (13655293.137.000) 2023-09-05 03:57:11 Image size of job updated: 1276320
	1092  -  MemoryUsage of job (MB)
	1117568  -  ResidentSetSize of job (KB)
...
006 (13655293.137.000) 2023-09-05 04:17:12 Image size of job updated: 1276320
	1092  -  MemoryUsage of job (MB)
	1117808  -  ResidentSetSize of job (KB)
...
006 (13655293.137.000) 2023-09-05 22:09:01 Image size of job updated: 1380868
	1287  -  MemoryUsage of job (MB)
	1317504  -  ResidentSetSize of job (KB)
...
040 (13655293.137.000) 2023-09-05 22:09:34 Started transferring output files
...
040 (13655293.137.000) 2023-09-05 22:09:34 Finished transferring output files
...
005 (13655293.137.000) 2023-09-05 22:09:34 Job terminated.
	(1) Normal termination (return value 0)
		Usr 0 21:09:26, Sys 0 00:03:55  -  Run Remote Usage
		Usr 0 00:00:00, Sys 0 00:00:00  -  Run Local Usage
		Usr 0 21:09:26, Sys 0 00:03:55  -  Total Remote Usage
		Usr 0 00:00:00, Sys 0 00:00:00  -  Total Local Usage
	1309581  -  Run Bytes Sent By Job
	32652772  -  Run Bytes Received By Job
	1309581  -  Total Bytes Sent By Job
	32652772  -  Total Bytes Received By Job
	Partitionable Resources :     Usage  Request Allocated 
	   Cpus                 :      0.99        1         1 
	   Disk (KB)            : 274915      524288   1208198 
	   IoHeavy              :                            0 
	   Memory (MB)          :   1287        4096      4096 

	Job terminated of its own accord at 2023-09-06T03:09:34Z with exit-code 0.
...
