000 (14312692.065.000) 2023-09-11 11:54:29 Job submitted from host: <128.104.101.92:9618?addrs=128.104.101.92-9618+[2607-f388-107c-501-a236-9fff-fe3c-caa8]-9618&alias=submit2.chtc.wisc.edu&noUDP&sock=schedd_1879732_618e>
...
040 (14312692.065.000) 2023-09-11 12:01:57 Started transferring input files
	Transferring to host: <128.105.69.166:9618?addrs=128.105.69.166-9618+[2607-f388-2200-100-1270-fdff-fe56-717c]-9618&alias=e2549.chtc.wisc.edu&noUDP&sock=slot1_117_3372177_8202_115744>
...
040 (14312692.065.000) 2023-09-11 12:01:59 Finished transferring input files
...
001 (14312692.065.000) 2023-09-11 12:02:00 Job executing on host: <128.105.69.166:9618?addrs=128.105.69.166-9618+[2607-f388-2200-100-1270-fdff-fe56-717c]-9618&alias=e2549.chtc.wisc.edu&noUDP&sock=startd_12925_0dac>
	SlotName: slot1_117@e2549.chtc.wisc.edu
	CondorScratchDir = "/var/lib/condor/execute/slot1/dir_3545308"
	Cpus = 1
	Disk = 1208198
	IoHeavy = 0
	Memory = 4096
...
006 (14312692.065.000) 2023-09-11 12:02:08 Image size of job updated: 579568
	566  -  MemoryUsage of job (MB)
	579568  -  ResidentSetSize of job (KB)
...
006 (14312692.065.000) 2023-09-11 12:03:23 Image size of job updated: 703064
	567  -  MemoryUsage of job (MB)
	580336  -  ResidentSetSize of job (KB)
...
040 (14312692.065.000) 2023-09-11 12:03:23 Started transferring output files
...
040 (14312692.065.000) 2023-09-11 12:03:23 Finished transferring output files
...
005 (14312692.065.000) 2023-09-11 12:03:23 Job terminated.
	(1) Normal termination (return value 0)
		Usr 0 00:01:18, Sys 0 00:00:03  -  Run Remote Usage
		Usr 0 00:00:00, Sys 0 00:00:00  -  Run Local Usage
		Usr 0 00:01:18, Sys 0 00:00:03  -  Total Remote Usage
		Usr 0 00:00:00, Sys 0 00:00:00  -  Total Local Usage
	105470  -  Run Bytes Sent By Job
	32720412  -  Run Bytes Received By Job
	105470  -  Total Bytes Sent By Job
	32720412  -  Total Bytes Received By Job
	Partitionable Resources :    Usage  Request Allocated 
	   Cpus                 :                 1         1 
	   Disk (KB)            :   261263   524288   1208198 
	   IoHeavy              :                           0 
	   Memory (MB)          :      567     4096      4096 

	Job terminated of its own accord at 2023-09-11T17:03:23Z with exit-code 0.
...
