000 (13655293.094.000) 2023-09-05 00:33:11 Job submitted from host: <128.104.101.92:9618?addrs=128.104.101.92-9618+[2607-f388-107c-501-a236-9fff-fe3c-caa8]-9618&alias=submit2.chtc.wisc.edu&noUDP&sock=schedd_1879732_618e>
...
040 (13655293.094.000) 2023-09-05 00:36:20 Started transferring input files
	Transferring to host: <128.105.69.148:9618?addrs=128.105.69.148-9618+[2607-f388-2200-100-1270-fdff-fe56-ceec]-9618&alias=build4001.chtc.wisc.edu&noUDP&sock=slot3_69_2852113_5f65_68831>
...
001 (13655293.094.000) 2023-09-05 00:36:28 Job executing on host: <128.105.69.148:9618?addrs=128.105.69.148-9618+[2607-f388-2200-100-1270-fdff-fe56-ceec]-9618&alias=build4001.chtc.wisc.edu&noUDP&sock=startd_16163_0d56>
	SlotName: slot3_69@build4001.chtc.wisc.edu
	CondorScratchDir = "/var/lib/condor/execute/slot3/dir_880841"
	Cpus = 1
	Disk = 1208198
	IoHeavy = 0
	Memory = 4096
...
040 (13655293.094.000) 2023-09-05 00:36:28 Finished transferring input files
...
006 (13655293.094.000) 2023-09-05 00:36:36 Image size of job updated: 688504
	673  -  MemoryUsage of job (MB)
	688500  -  ResidentSetSize of job (KB)
...
006 (13655293.094.000) 2023-09-05 00:41:36 Image size of job updated: 1293748
	1037  -  MemoryUsage of job (MB)
	1061404  -  ResidentSetSize of job (KB)
...
006 (13655293.094.000) 2023-09-05 00:46:37 Image size of job updated: 1293748
	1079  -  MemoryUsage of job (MB)
	1104716  -  ResidentSetSize of job (KB)
...
006 (13655293.094.000) 2023-09-05 00:51:37 Image size of job updated: 1293748
	1080  -  MemoryUsage of job (MB)
	1105900  -  ResidentSetSize of job (KB)
...
006 (13655293.094.000) 2023-09-05 00:56:38 Image size of job updated: 1293748
	1085  -  MemoryUsage of job (MB)
	1110840  -  ResidentSetSize of job (KB)
...
006 (13655293.094.000) 2023-09-05 02:16:47 Image size of job updated: 1293748
	1085  -  MemoryUsage of job (MB)
	1110940  -  ResidentSetSize of job (KB)
...
006 (13655293.094.000) 2023-09-05 02:41:48 Image size of job updated: 1293748
	1087  -  MemoryUsage of job (MB)
	1112796  -  ResidentSetSize of job (KB)
...
006 (13655293.094.000) 2023-09-05 19:04:49 Image size of job updated: 1409192
	1087  -  MemoryUsage of job (MB)
	1112796  -  ResidentSetSize of job (KB)
...
040 (13655293.094.000) 2023-09-05 19:04:52 Started transferring output files
...
040 (13655293.094.000) 2023-09-05 19:04:53 Finished transferring output files
...
005 (13655293.094.000) 2023-09-05 19:04:57 Job terminated.
	(1) Normal termination (return value 0)
		Usr 0 18:10:00, Sys 0 00:02:45  -  Run Remote Usage
		Usr 0 00:00:00, Sys 0 00:00:00  -  Run Local Usage
		Usr 0 18:10:00, Sys 0 00:02:45  -  Total Remote Usage
		Usr 0 00:00:00, Sys 0 00:00:00  -  Total Local Usage
	1309519  -  Run Bytes Sent By Job
	32652772  -  Run Bytes Received By Job
	1309519  -  Total Bytes Sent By Job
	32652772  -  Total Bytes Received By Job
	Partitionable Resources :     Usage  Request Allocated 
	   Cpus                 :      0.99        1         1 
	   Disk (KB)            : 274906      524288   1208198 
	   IoHeavy              :                            0 
	   Memory (MB)          :   1087        4096      4096 

	Job terminated of its own accord at 2023-09-06T00:04:49Z with exit-code 0.
...
