000 (14268886.035.000) 2023-09-11 03:21:39 Job submitted from host: <128.104.101.92:9618?addrs=128.104.101.92-9618+[2607-f388-107c-501-a236-9fff-fe3c-caa8]-9618&alias=submit2.chtc.wisc.edu&noUDP&sock=schedd_1879732_618e>
...
040 (14268886.035.000) 2023-09-11 03:23:34 Started transferring input files
	Transferring to host: <128.105.69.231:9618?addrs=128.105.69.231-9618+[2607-f388-2200-100-eaeb-d3ff-fe3f-fbfc]-9618&alias=e2614.chtc.wisc.edu&noUDP&sock=slot1_230_790319_fb23_88398>
...
040 (14268886.035.000) 2023-09-11 03:23:37 Finished transferring input files
...
001 (14268886.035.000) 2023-09-11 03:23:38 Job executing on host: <128.105.69.231:9618?addrs=128.105.69.231-9618+[2607-f388-2200-100-eaeb-d3ff-fe3f-fbfc]-9618&alias=e2614.chtc.wisc.edu&noUDP&sock=startd_11686_33d5>
	SlotName: slot1_230@e2614.chtc.wisc.edu
	CondorScratchDir = "/var/lib/condor/execute/slot1/dir_1618002"
	Cpus = 1
	Disk = 1458998
	IoHeavy = 0
	Memory = 4096
...
006 (14268886.035.000) 2023-09-11 03:23:46 Image size of job updated: 492244
	481  -  MemoryUsage of job (MB)
	491996  -  ResidentSetSize of job (KB)
...
006 (14268886.035.000) 2023-09-11 03:26:53 Image size of job updated: 834364
	482  -  MemoryUsage of job (MB)
	492764  -  ResidentSetSize of job (KB)
...
040 (14268886.035.000) 2023-09-11 03:26:54 Started transferring output files
...
040 (14268886.035.000) 2023-09-11 03:26:54 Finished transferring output files
...
005 (14268886.035.000) 2023-09-11 03:26:54 Job terminated.
	(1) Normal termination (return value 0)
		Usr 0 00:03:02, Sys 0 00:00:08  -  Run Remote Usage
		Usr 0 00:00:00, Sys 0 00:00:00  -  Run Local Usage
		Usr 0 00:03:02, Sys 0 00:00:08  -  Total Remote Usage
		Usr 0 00:00:00, Sys 0 00:00:00  -  Total Local Usage
	125657  -  Run Bytes Sent By Job
	32720416  -  Run Bytes Received By Job
	125657  -  Total Bytes Sent By Job
	32720416  -  Total Bytes Received By Job
	Partitionable Resources :     Usage  Request Allocated 
	   Cpus                 :      1.42        1         1 
	   Disk (KB)            : 261290      524288   1458998 
	   IoHeavy              :                            0 
	   Memory (MB)          :    482        4096      4096 

	Job terminated of its own accord at 2023-09-11T08:26:53Z with exit-code 0.
...
