000 (13655293.009.000) 2023-09-05 00:33:11 Job submitted from host: <128.104.101.92:9618?addrs=128.104.101.92-9618+[2607-f388-107c-501-a236-9fff-fe3c-caa8]-9618&alias=submit2.chtc.wisc.edu&noUDP&sock=schedd_1879732_618e>
...
040 (13655293.009.000) 2023-09-05 00:35:53 Started transferring input files
	Transferring to host: <128.105.69.97:9618?addrs=128.105.69.97-9618+[2607-f388-2200-100-1270-fdff-fe56-6e54]-9618&alias=e4008.chtc.wisc.edu&noUDP&sock=slot1_23_1090882_ce01_49925>
...
040 (13655293.009.000) 2023-09-05 00:35:55 Finished transferring input files
...
001 (13655293.009.000) 2023-09-05 00:35:56 Job executing on host: <128.105.69.97:9618?addrs=128.105.69.97-9618+[2607-f388-2200-100-1270-fdff-fe56-6e54]-9618&alias=e4008.chtc.wisc.edu&noUDP&sock=startd_813426_2817>
	SlotName: slot1_23@e4008.chtc.wisc.edu
	CondorScratchDir = "/var/lib/condor/execute/slot1/dir_4039682"
	Cpus = 1
	Disk = 1208198
	IoHeavy = 0
	Memory = 4096
...
006 (13655293.009.000) 2023-09-05 00:36:05 Image size of job updated: 695532
	680  -  MemoryUsage of job (MB)
	695528  -  ResidentSetSize of job (KB)
...
006 (13655293.009.000) 2023-09-05 00:41:07 Image size of job updated: 1288064
	1050  -  MemoryUsage of job (MB)
	1074432  -  ResidentSetSize of job (KB)
...
006 (13655293.009.000) 2023-09-05 00:51:07 Image size of job updated: 1288064
	1053  -  MemoryUsage of job (MB)
	1077348  -  ResidentSetSize of job (KB)
...
006 (13655293.009.000) 2023-09-05 01:01:08 Image size of job updated: 1288064
	1056  -  MemoryUsage of job (MB)
	1080420  -  ResidentSetSize of job (KB)
...
006 (13655293.009.000) 2023-09-05 01:26:11 Image size of job updated: 1288064
	1057  -  MemoryUsage of job (MB)
	1081500  -  ResidentSetSize of job (KB)
...
006 (13655293.009.000) 2023-09-05 01:56:13 Image size of job updated: 1288064
	1061  -  MemoryUsage of job (MB)
	1085444  -  ResidentSetSize of job (KB)
...
006 (13655293.009.000) 2023-09-05 02:56:20 Image size of job updated: 1288064
	1061  -  MemoryUsage of job (MB)
	1085532  -  ResidentSetSize of job (KB)
...
006 (13655293.009.000) 2023-09-05 03:06:21 Image size of job updated: 1288064
	1062  -  MemoryUsage of job (MB)
	1086916  -  ResidentSetSize of job (KB)
...
006 (13655293.009.000) 2023-09-05 22:54:29 Image size of job updated: 1334724
	1062  -  MemoryUsage of job (MB)
	1086916  -  ResidentSetSize of job (KB)
...
040 (13655293.009.000) 2023-09-05 22:54:29 Started transferring output files
...
040 (13655293.009.000) 2023-09-05 22:54:29 Finished transferring output files
...
005 (13655293.009.000) 2023-09-05 22:54:29 Job terminated.
	(1) Normal termination (return value 0)
		Usr 0 22:00:20, Sys 0 00:03:04  -  Run Remote Usage
		Usr 0 00:00:00, Sys 0 00:00:00  -  Run Local Usage
		Usr 0 22:00:20, Sys 0 00:03:04  -  Total Remote Usage
		Usr 0 00:00:00, Sys 0 00:00:00  -  Total Local Usage
	1309258  -  Run Bytes Sent By Job
	32652772  -  Run Bytes Received By Job
	1309258  -  Total Bytes Sent By Job
	32652772  -  Total Bytes Received By Job
	Partitionable Resources :     Usage  Request Allocated 
	   Cpus                 :      0.99        1         1 
	   Disk (KB)            : 274913      524288   1208198 
	   IoHeavy              :                            0 
	   Memory (MB)          :   1062        4096      4096 

	Job terminated of its own accord at 2023-09-06T03:54:29Z with exit-code 0.
...
