000 (13655293.327.000) 2023-09-05 00:33:11 Job submitted from host: <128.104.101.92:9618?addrs=128.104.101.92-9618+[2607-f388-107c-501-a236-9fff-fe3c-caa8]-9618&alias=submit2.chtc.wisc.edu&noUDP&sock=schedd_1879732_618e>
...
040 (13655293.327.000) 2023-09-05 00:53:21 Started transferring input files
	Transferring to host: <128.105.69.153:9618?addrs=128.105.69.153-9618+[2607-f388-2200-100-1270-fdff-fe56-45dc]-9618&alias=e4086.chtc.wisc.edu&noUDP&sock=slot1_107_3657377_b54f_56491>
...
001 (13655293.327.000) 2023-09-05 00:53:31 Job executing on host: <128.105.69.153:9618?addrs=128.105.69.153-9618+[2607-f388-2200-100-1270-fdff-fe56-45dc]-9618&alias=e4086.chtc.wisc.edu&noUDP&sock=startd_17329_d4c3>
	SlotName: slot1_107@e4086.chtc.wisc.edu
	CondorScratchDir = "/var/lib/condor/execute/slot1/dir_2698913"
	Cpus = 1
	Disk = 1208198
	IoHeavy = 0
	Memory = 4096
...
040 (13655293.327.000) 2023-09-05 00:53:31 Finished transferring input files
...
006 (13655293.327.000) 2023-09-05 00:53:40 Image size of job updated: 697944
	682  -  MemoryUsage of job (MB)
	697940  -  ResidentSetSize of job (KB)
...
006 (13655293.327.000) 2023-09-05 00:58:41 Image size of job updated: 1279764
	1062  -  MemoryUsage of job (MB)
	1087020  -  ResidentSetSize of job (KB)
...
006 (13655293.327.000) 2023-09-05 01:03:41 Image size of job updated: 1279764
	1070  -  MemoryUsage of job (MB)
	1094964  -  ResidentSetSize of job (KB)
...
006 (13655293.327.000) 2023-09-05 01:08:41 Image size of job updated: 1279764
	1073  -  MemoryUsage of job (MB)
	1098516  -  ResidentSetSize of job (KB)
...
006 (13655293.327.000) 2023-09-05 01:23:43 Image size of job updated: 1279764
	1076  -  MemoryUsage of job (MB)
	1101144  -  ResidentSetSize of job (KB)
...
006 (13655293.327.000) 2023-09-05 01:28:44 Image size of job updated: 1279764
	1081  -  MemoryUsage of job (MB)
	1106264  -  ResidentSetSize of job (KB)
...
006 (13655293.327.000) 2023-09-05 01:53:47 Image size of job updated: 1279764
	1089  -  MemoryUsage of job (MB)
	1114968  -  ResidentSetSize of job (KB)
...
006 (13655293.327.000) 2023-09-06 01:22:02 Image size of job updated: 1411908
	1089  -  MemoryUsage of job (MB)
	1114968  -  ResidentSetSize of job (KB)
...
040 (13655293.327.000) 2023-09-06 01:22:02 Started transferring output files
...
040 (13655293.327.000) 2023-09-06 01:22:02 Finished transferring output files
...
005 (13655293.327.000) 2023-09-06 01:22:02 Job terminated.
	(1) Normal termination (return value 0)
		Usr 1 00:01:03, Sys 0 00:06:31  -  Run Remote Usage
		Usr 0 00:00:00, Sys 0 00:00:00  -  Run Local Usage
		Usr 1 00:01:03, Sys 0 00:06:31  -  Total Remote Usage
		Usr 0 00:00:00, Sys 0 00:00:00  -  Total Local Usage
	1309511  -  Run Bytes Sent By Job
	32652772  -  Run Bytes Received By Job
	1309511  -  Total Bytes Sent By Job
	32652772  -  Total Bytes Received By Job
	Partitionable Resources :     Usage  Request Allocated 
	   Cpus                 :      0.99        1         1 
	   Disk (KB)            : 274915      524288   1208198 
	   IoHeavy              :                            0 
	   Memory (MB)          :   1089        4096      4096 

	Job terminated of its own accord at 2023-09-06T06:22:02Z with exit-code 0.
...
