000 (13655293.369.000) 2023-09-05 00:33:11 Job submitted from host: <128.104.101.92:9618?addrs=128.104.101.92-9618+[2607-f388-107c-501-a236-9fff-fe3c-caa8]-9618&alias=submit2.chtc.wisc.edu&noUDP&sock=schedd_1879732_618e>
...
040 (13655293.369.000) 2023-09-05 00:54:22 Started transferring input files
	Transferring to host: <128.105.69.145:9618?addrs=128.105.69.145-9618+[2607-f388-2200-100-1270-fdff-fe56-636c]-9618&alias=e4022.chtc.wisc.edu&noUDP&sock=slot1_2_1125863_1570_46231>
...
040 (13655293.369.000) 2023-09-05 00:54:24 Finished transferring input files
...
001 (13655293.369.000) 2023-09-05 00:54:25 Job executing on host: <128.105.69.145:9618?addrs=128.105.69.145-9618+[2607-f388-2200-100-1270-fdff-fe56-636c]-9618&alias=e4022.chtc.wisc.edu&noUDP&sock=startd_15926_7d64>
	SlotName: slot1_2@e4022.chtc.wisc.edu
	CondorScratchDir = "/var/lib/condor/execute/slot1/dir_1392778"
	Cpus = 1
	Disk = 1208198
	IoHeavy = 0
	Memory = 4096
...
006 (13655293.369.000) 2023-09-05 00:54:34 Image size of job updated: 569732
	557  -  MemoryUsage of job (MB)
	569732  -  ResidentSetSize of job (KB)
...
006 (13655293.369.000) 2023-09-05 00:59:34 Image size of job updated: 1184228
	960  -  MemoryUsage of job (MB)
	982316  -  ResidentSetSize of job (KB)
...
006 (13655293.369.000) 2023-09-05 01:04:34 Image size of job updated: 1184228
	973  -  MemoryUsage of job (MB)
	996152  -  ResidentSetSize of job (KB)
...
006 (13655293.369.000) 2023-09-05 01:44:39 Image size of job updated: 1184228
	979  -  MemoryUsage of job (MB)
	1002156  -  ResidentSetSize of job (KB)
...
006 (13655293.369.000) 2023-09-05 02:59:46 Image size of job updated: 1184228
	982  -  MemoryUsage of job (MB)
	1005496  -  ResidentSetSize of job (KB)
...
006 (13655293.369.000) 2023-09-05 04:59:57 Image size of job updated: 1184228
	992  -  MemoryUsage of job (MB)
	1015412  -  ResidentSetSize of job (KB)
...
006 (13655293.369.000) 2023-09-05 23:15:28 Image size of job updated: 1305964
	992  -  MemoryUsage of job (MB)
	1015412  -  ResidentSetSize of job (KB)
...
040 (13655293.369.000) 2023-09-05 23:15:28 Started transferring output files
...
040 (13655293.369.000) 2023-09-05 23:15:28 Finished transferring output files
...
005 (13655293.369.000) 2023-09-05 23:15:28 Job terminated.
	(1) Normal termination (return value 0)
		Usr 0 22:01:22, Sys 0 00:03:40  -  Run Remote Usage
		Usr 0 00:00:00, Sys 0 00:00:00  -  Run Local Usage
		Usr 0 22:01:22, Sys 0 00:03:40  -  Total Remote Usage
		Usr 0 00:00:00, Sys 0 00:00:00  -  Total Local Usage
	1309607  -  Run Bytes Sent By Job
	32652772  -  Run Bytes Received By Job
	1309607  -  Total Bytes Sent By Job
	32652772  -  Total Bytes Received By Job
	Partitionable Resources :     Usage  Request Allocated 
	   Cpus                 :      0.99        1         1 
	   Disk (KB)            : 274881      524288   1208198 
	   IoHeavy              :                            0 
	   Memory (MB)          :    992        4096      4096 

	Job terminated of its own accord at 2023-09-06T04:15:28Z with exit-code 0.
...
