000 (13648508.023.000) 2023-09-04 23:50:03 Job submitted from host: <128.104.101.92:9618?addrs=128.104.101.92-9618+[2607-f388-107c-501-a236-9fff-fe3c-caa8]-9618&alias=submit2.chtc.wisc.edu&noUDP&sock=schedd_1879732_618e>
...
040 (13648508.023.000) 2023-09-05 00:01:18 Started transferring input files
	Transferring to host: <128.105.69.126:9618?addrs=128.105.69.126-9618+[2607-f388-2200-100-1270-fdff-fe56-ca5c]-9618&alias=e4075.chtc.wisc.edu&noUDP&sock=slot1_61_2504111_7b5e_64990>
...
040 (13648508.023.000) 2023-09-05 00:01:20 Finished transferring input files
...
001 (13648508.023.000) 2023-09-05 00:01:21 Job executing on host: <128.105.69.126:9618?addrs=128.105.69.126-9618+[2607-f388-2200-100-1270-fdff-fe56-ca5c]-9618&alias=e4075.chtc.wisc.edu&noUDP&sock=startd_19068_a3f5>
	SlotName: slot1_61@e4075.chtc.wisc.edu
	CondorScratchDir = "/var/lib/condor/execute/slot1/dir_980904"
	Cpus = 1
	Disk = 1208198
	IoHeavy = 0
	Memory = 4096
...
006 (13648508.023.000) 2023-09-05 00:01:30 Image size of job updated: 273256
	177  -  MemoryUsage of job (MB)
	181120  -  ResidentSetSize of job (KB)
...
040 (13648508.023.000) 2023-09-05 00:09:10 Started transferring output files
...
040 (13648508.023.000) 2023-09-05 00:09:10 Finished transferring output files
...
005 (13648508.023.000) 2023-09-05 00:09:10 Job terminated.
	(1) Normal termination (return value 0)
		Usr 0 00:07:38, Sys 0 00:00:01  -  Run Remote Usage
		Usr 0 00:00:00, Sys 0 00:00:00  -  Run Local Usage
		Usr 0 00:07:38, Sys 0 00:00:01  -  Total Remote Usage
		Usr 0 00:00:00, Sys 0 00:00:00  -  Total Local Usage
	30679  -  Run Bytes Sent By Job
	32665120  -  Run Bytes Received By Job
	30679  -  Total Bytes Sent By Job
	32665120  -  Total Bytes Received By Job
	Partitionable Resources :     Usage  Request Allocated 
	   Cpus                 :      0.99        1         1 
	   Disk (KB)            : 254943      524288   1208198 
	   IoHeavy              :                            0 
	   Memory (MB)          :    177        4096      4096 

	Job terminated of its own accord at 2023-09-05T05:09:10Z with exit-code 0.
...
