035 (13654438.-01.000) 2023-09-05 00:29:54 Cluster submitted from host: <128.104.101.92:9618?addrs=128.104.101.92-9618+[2607-f388-107c-501-a236-9fff-fe3c-caa8]-9618&alias=submit2.chtc.wisc.edu&noUDP&sock=schedd_1879732_618e>
...
000 (13654438.000.000) 2023-09-05 00:29:54 Job submitted from host: <128.104.101.92:9618?addrs=128.104.101.92-9618+[2607-f388-107c-501-a236-9fff-fe3c-caa8]-9618&alias=submit2.chtc.wisc.edu&noUDP&sock=schedd_1879732_618e>
...
040 (13654438.000.000) 2023-09-05 00:29:57 Started transferring input files
	Transferring to host: <128.105.69.224:9618?addrs=128.105.69.224-9618+[2607-f388-2200-100-eaeb-d3ff-fe40-1574]-9618&alias=e2607.chtc.wisc.edu&noUDP&sock=slot1_37_1087982_7e0c_42188>
...
040 (13654438.000.000) 2023-09-05 00:30:00 Finished transferring input files
...
001 (13654438.000.000) 2023-09-05 00:30:03 Job executing on host: <128.105.69.224:9618?addrs=128.105.69.224-9618+[2607-f388-2200-100-eaeb-d3ff-fe40-1574]-9618&alias=e2607.chtc.wisc.edu&noUDP&sock=startd_11673_491a>
	SlotName: slot1_37@e2607.chtc.wisc.edu
	CondorScratchDir = "/var/lib/condor/execute/slot1/dir_2300435"
	Cpus = 1
	Disk = 1458998
	IoHeavy = 0
	Memory = 4096
...
006 (13654438.000.000) 2023-09-05 00:30:13 Image size of job updated: 604676
	591  -  MemoryUsage of job (MB)
	604676  -  ResidentSetSize of job (KB)
...
006 (13654438.000.000) 2023-09-05 00:30:34 Image size of job updated: 703284
	592  -  MemoryUsage of job (MB)
	605188  -  ResidentSetSize of job (KB)
...
040 (13654438.000.000) 2023-09-05 00:30:34 Started transferring output files
...
040 (13654438.000.000) 2023-09-05 00:30:34 Finished transferring output files
...
005 (13654438.000.000) 2023-09-05 00:30:34 Job terminated.
	(1) Normal termination (return value 1)
		Usr 0 00:00:26, Sys 0 00:00:02  -  Run Remote Usage
		Usr 0 00:00:00, Sys 0 00:00:00  -  Run Local Usage
		Usr 0 00:00:26, Sys 0 00:00:02  -  Total Remote Usage
		Usr 0 00:00:00, Sys 0 00:00:00  -  Total Local Usage
	2587  -  Run Bytes Sent By Job
	32651174  -  Run Bytes Received By Job
	2587  -  Total Bytes Sent By Job
	32651174  -  Total Bytes Received By Job
	Partitionable Resources :    Usage  Request Allocated 
	   Cpus                 :                 1         1 
	   Disk (KB)            :   261094   524288   1458998 
	   IoHeavy              :                           0 
	   Memory (MB)          :      592     4096      4096 

	Job terminated of its own accord at 2023-09-05T05:30:34Z with exit-code 1.
...
036 (13654438.-01.000) 2023-09-05 00:30:56 Cluster removed
	Materialized 103 jobs from -1 items.	Incomplete
...
