000 (14268886.036.000) 2023-09-11 03:21:39 Job submitted from host: <128.104.101.92:9618?addrs=128.104.101.92-9618+[2607-f388-107c-501-a236-9fff-fe3c-caa8]-9618&alias=submit2.chtc.wisc.edu&noUDP&sock=schedd_1879732_618e>
...
040 (14268886.036.000) 2023-09-11 03:23:34 Started transferring input files
	Transferring to host: <128.105.69.185:9618?addrs=128.105.69.185-9618+[2607-f388-2200-100-1270-fdff-fe56-c0d4]-9618&alias=e4037.chtc.wisc.edu&noUDP&sock=slot1_64_2954895_96f9_103351>
...
040 (14268886.036.000) 2023-09-11 03:23:37 Finished transferring input files
...
001 (14268886.036.000) 2023-09-11 03:23:38 Job executing on host: <128.105.69.185:9618?addrs=128.105.69.185-9618+[2607-f388-2200-100-1270-fdff-fe56-c0d4]-9618&alias=e4037.chtc.wisc.edu&noUDP&sock=startd_16018_981a>
	SlotName: slot1_64@e4037.chtc.wisc.edu
	CondorScratchDir = "/var/lib/condor/execute/slot1/dir_924052"
	Cpus = 1
	Disk = 1208198
	IoHeavy = 0
	Memory = 4096
...
006 (14268886.036.000) 2023-09-11 03:23:47 Image size of job updated: 571268
	558  -  MemoryUsage of job (MB)
	571264  -  ResidentSetSize of job (KB)
...
006 (14268886.036.000) 2023-09-11 03:26:46 Image size of job updated: 817956
	563  -  MemoryUsage of job (MB)
	576384  -  ResidentSetSize of job (KB)
...
040 (14268886.036.000) 2023-09-11 03:26:46 Started transferring output files
...
040 (14268886.036.000) 2023-09-11 03:26:46 Finished transferring output files
...
005 (14268886.036.000) 2023-09-11 03:26:46 Job terminated.
	(1) Normal termination (return value 0)
		Usr 0 00:02:57, Sys 0 00:00:07  -  Run Remote Usage
		Usr 0 00:00:00, Sys 0 00:00:00  -  Run Local Usage
		Usr 0 00:02:57, Sys 0 00:00:07  -  Total Remote Usage
		Usr 0 00:00:00, Sys 0 00:00:00  -  Total Local Usage
	118180  -  Run Bytes Sent By Job
	32720416  -  Run Bytes Received By Job
	118180  -  Total Bytes Sent By Job
	32720416  -  Total Bytes Received By Job
	Partitionable Resources :     Usage  Request Allocated 
	   Cpus                 :      0.99        1         1 
	   Disk (KB)            : 261282      524288   1208198 
	   IoHeavy              :                            0 
	   Memory (MB)          :    563        4096      4096 

	Job terminated of its own accord at 2023-09-11T08:26:46Z with exit-code 0.
...
