000 (14312691.002.000) 2023-09-11 11:54:06 Job submitted from host: <128.104.101.92:9618?addrs=128.104.101.92-9618+[2607-f388-107c-501-a236-9fff-fe3c-caa8]-9618&alias=submit2.chtc.wisc.edu&noUDP&sock=schedd_1879732_618e>
...
040 (14312691.002.000) 2023-09-11 12:00:19 Started transferring input files
	Transferring to host: <128.105.69.140:9618?addrs=128.105.69.140-9618+[2607-f388-2200-100-1270-fdff-fe56-ca7c]-9618&alias=e4017.chtc.wisc.edu&noUDP&sock=slot1_132_2319050_4418_94405>
...
040 (14312691.002.000) 2023-09-11 12:00:22 Finished transferring input files
...
001 (14312691.002.000) 2023-09-11 12:00:25 Job executing on host: <128.105.69.140:9618?addrs=128.105.69.140-9618+[2607-f388-2200-100-1270-fdff-fe56-ca7c]-9618&alias=e4017.chtc.wisc.edu&noUDP&sock=startd_11656_9ffe>
	SlotName: slot1_132@e4017.chtc.wisc.edu
	CondorScratchDir = "/var/lib/condor/execute/slot1/dir_748983"
	Cpus = 1
	Disk = 1208198
	IoHeavy = 0
	Memory = 4096
...
006 (14312691.002.000) 2023-09-11 12:00:33 Image size of job updated: 273216
	247  -  MemoryUsage of job (MB)
	252548  -  ResidentSetSize of job (KB)
...
006 (14312691.002.000) 2023-09-11 12:05:33 Image size of job updated: 273216
	252  -  MemoryUsage of job (MB)
	257412  -  ResidentSetSize of job (KB)
...
040 (14312691.002.000) 2023-09-11 13:40:29 Started transferring output files
...
040 (14312691.002.000) 2023-09-11 13:40:30 Finished transferring output files
...
005 (14312691.002.000) 2023-09-11 13:40:31 Job terminated.
	(1) Normal termination (return value 0)
		Usr 0 01:38:26, Sys 0 00:00:21  -  Run Remote Usage
		Usr 0 00:00:00, Sys 0 00:00:00  -  Run Local Usage
		Usr 0 01:38:26, Sys 0 00:00:21  -  Total Remote Usage
		Usr 0 00:00:00, Sys 0 00:00:00  -  Total Local Usage
	609055  -  Run Bytes Sent By Job
	32664896  -  Run Bytes Received By Job
	609055  -  Total Bytes Sent By Job
	32664896  -  Total Bytes Received By Job
	Partitionable Resources :     Usage  Request Allocated 
	   Cpus                 :      0.98        1         1 
	   Disk (KB)            : 255898      524288   1208198 
	   IoHeavy              :                            0 
	   Memory (MB)          :    252        4096      4096 

	Job terminated of its own accord at 2023-09-11T18:40:28Z with exit-code 0.
...
