000 (13655293.465.000) 2023-09-05 00:33:11 Job submitted from host: <128.104.101.92:9618?addrs=128.104.101.92-9618+[2607-f388-107c-501-a236-9fff-fe3c-caa8]-9618&alias=submit2.chtc.wisc.edu&noUDP&sock=schedd_1879732_618e>
...
040 (13655293.465.000) 2023-09-05 00:56:25 Started transferring input files
	Transferring to host: <128.105.69.157:9618?addrs=128.105.69.157-9618+[2607-f388-2200-100-1270-fdff-fe56-c3a4]-9618&alias=e4090.chtc.wisc.edu&noUDP&sock=slot1_85_1363133_4360_49273>
...
001 (13655293.465.000) 2023-09-05 00:57:09 Job executing on host: <128.105.69.157:9618?addrs=128.105.69.157-9618+[2607-f388-2200-100-1270-fdff-fe56-c3a4]-9618&alias=e4090.chtc.wisc.edu&noUDP&sock=startd_18322_f24e>
	SlotName: slot1_85@e4090.chtc.wisc.edu
	CondorScratchDir = "/var/lib/condor/execute/slot1/dir_555311"
	Cpus = 1
	Disk = 1208198
	IoHeavy = 0
	Memory = 4096
...
040 (13655293.465.000) 2023-09-05 00:57:09 Finished transferring input files
...
006 (13655293.465.000) 2023-09-05 00:57:31 Image size of job updated: 810924
	615  -  MemoryUsage of job (MB)
	629272  -  ResidentSetSize of job (KB)
...
006 (13655293.465.000) 2023-09-05 01:02:32 Image size of job updated: 939480
	918  -  MemoryUsage of job (MB)
	939480  -  ResidentSetSize of job (KB)
...
006 (13655293.465.000) 2023-09-05 01:07:32 Image size of job updated: 1221300
	1193  -  MemoryUsage of job (MB)
	1221300  -  ResidentSetSize of job (KB)
...
006 (13655293.465.000) 2023-09-05 01:12:34 Image size of job updated: 1267180
	1238  -  MemoryUsage of job (MB)
	1267176  -  ResidentSetSize of job (KB)
...
006 (13655293.465.000) 2023-09-05 01:17:34 Image size of job updated: 1285604
	1238  -  MemoryUsage of job (MB)
	1267176  -  ResidentSetSize of job (KB)
...
006 (13655293.465.000) 2023-09-06 00:03:47 Image size of job updated: 1406108
	1238  -  MemoryUsage of job (MB)
	1267176  -  ResidentSetSize of job (KB)
...
040 (13655293.465.000) 2023-09-06 00:03:47 Started transferring output files
...
040 (13655293.465.000) 2023-09-06 00:03:48 Finished transferring output files
...
005 (13655293.465.000) 2023-09-06 00:03:49 Job terminated.
	(1) Normal termination (return value 0)
		Usr 0 22:40:33, Sys 0 00:09:22  -  Run Remote Usage
		Usr 0 00:00:00, Sys 0 00:00:00  -  Run Local Usage
		Usr 0 22:40:33, Sys 0 00:09:22  -  Total Remote Usage
		Usr 0 00:00:00, Sys 0 00:00:00  -  Total Local Usage
	1309680  -  Run Bytes Sent By Job
	32652772  -  Run Bytes Received By Job
	1309680  -  Total Bytes Sent By Job
	32652772  -  Total Bytes Received By Job
	Partitionable Resources :     Usage  Request Allocated 
	   Cpus                 :      0.99        1         1 
	   Disk (KB)            : 274892      524288   1208198 
	   IoHeavy              :                            0 
	   Memory (MB)          :   1238        4096      4096 

	Job terminated of its own accord at 2023-09-06T05:03:47Z with exit-code 0.
...
