000 (14312692.052.000) 2023-09-11 11:54:29 Job submitted from host: <128.104.101.92:9618?addrs=128.104.101.92-9618+[2607-f388-107c-501-a236-9fff-fe3c-caa8]-9618&alias=submit2.chtc.wisc.edu&noUDP&sock=schedd_1879732_618e>
...
040 (14312692.052.000) 2023-09-11 12:01:31 Started transferring input files
	Transferring to host: <128.105.69.211:9618?addrs=128.105.69.211-9618+[2607-f388-2200-100-eaeb-d3ff-fe40-8bc]-9618&alias=e2594.chtc.wisc.edu&noUDP&sock=slot1_42_3088281_17e9_89442>
...
040 (14312692.052.000) 2023-09-11 12:01:33 Finished transferring input files
...
001 (14312692.052.000) 2023-09-11 12:01:34 Job executing on host: <128.105.69.211:9618?addrs=128.105.69.211-9618+[2607-f388-2200-100-eaeb-d3ff-fe40-8bc]-9618&alias=e2594.chtc.wisc.edu&noUDP&sock=startd_18787_e5d8>
	SlotName: slot1_42@e2594.chtc.wisc.edu
	CondorScratchDir = "/var/lib/condor/execute/slot1/dir_772246"
	Cpus = 1
	Disk = 1458998
	IoHeavy = 0
	Memory = 4096
...
006 (14312692.052.000) 2023-09-11 12:01:42 Image size of job updated: 674560
	659  -  MemoryUsage of job (MB)
	674560  -  ResidentSetSize of job (KB)
...
006 (14312692.052.000) 2023-09-11 12:03:03 Image size of job updated: 809576
	660  -  MemoryUsage of job (MB)
	675584  -  ResidentSetSize of job (KB)
...
040 (14312692.052.000) 2023-09-11 12:03:03 Started transferring output files
...
040 (14312692.052.000) 2023-09-11 12:03:03 Finished transferring output files
...
005 (14312692.052.000) 2023-09-11 12:03:03 Job terminated.
	(1) Normal termination (return value 0)
		Usr 0 00:01:23, Sys 0 00:00:03  -  Run Remote Usage
		Usr 0 00:00:00, Sys 0 00:00:00  -  Run Local Usage
		Usr 0 00:01:23, Sys 0 00:00:03  -  Total Remote Usage
		Usr 0 00:00:00, Sys 0 00:00:00  -  Total Local Usage
	98735  -  Run Bytes Sent By Job
	32720412  -  Run Bytes Received By Job
	98735  -  Total Bytes Sent By Job
	32720412  -  Total Bytes Received By Job
	Partitionable Resources :    Usage  Request Allocated 
	   Cpus                 :                 1         1 
	   Disk (KB)            :   261255   524288   1458998 
	   IoHeavy              :                           0 
	   Memory (MB)          :      660     4096      4096 

	Job terminated of its own accord at 2023-09-11T17:03:03Z with exit-code 0.
...
