000 (14312691.065.000) 2023-09-11 11:54:06 Job submitted from host: <128.104.101.92:9618?addrs=128.104.101.92-9618+[2607-f388-107c-501-a236-9fff-fe3c-caa8]-9618&alias=submit2.chtc.wisc.edu&noUDP&sock=schedd_1879732_618e>
...
040 (14312691.065.000) 2023-09-11 12:00:34 Started transferring input files
	Transferring to host: <128.105.69.148:9618?addrs=128.105.69.148-9618+[2607-f388-2200-100-1270-fdff-fe56-ceec]-9618&alias=build4001.chtc.wisc.edu&noUDP&sock=slot3_95_2852113_5f65_106715>
...
040 (14312691.065.000) 2023-09-11 12:00:37 Finished transferring input files
...
001 (14312691.065.000) 2023-09-11 12:00:40 Job executing on host: <128.105.69.148:9618?addrs=128.105.69.148-9618+[2607-f388-2200-100-1270-fdff-fe56-ceec]-9618&alias=build4001.chtc.wisc.edu&noUDP&sock=startd_16163_0d56>
	SlotName: slot3_95@build4001.chtc.wisc.edu
	CondorScratchDir = "/var/lib/condor/execute/slot3/dir_2271671"
	Cpus = 1
	Disk = 1208198
	IoHeavy = 0
	Memory = 4096
...
006 (14312691.065.000) 2023-09-11 12:00:49 Image size of job updated: 380764
	273  -  MemoryUsage of job (MB)
	278664  -  ResidentSetSize of job (KB)
...
040 (14312691.065.000) 2023-09-11 12:01:49 Started transferring output files
...
040 (14312691.065.000) 2023-09-11 12:01:49 Finished transferring output files
...
005 (14312691.065.000) 2023-09-11 12:01:49 Job terminated.
	(1) Normal termination (return value 0)
		Usr 0 00:01:05, Sys 0 00:00:00  -  Run Remote Usage
		Usr 0 00:00:00, Sys 0 00:00:00  -  Run Local Usage
		Usr 0 00:01:05, Sys 0 00:00:00  -  Total Remote Usage
		Usr 0 00:00:00, Sys 0 00:00:00  -  Total Local Usage
	108039  -  Run Bytes Sent By Job
	32664896  -  Run Bytes Received By Job
	108039  -  Total Bytes Sent By Job
	32664896  -  Total Bytes Received By Job
	Partitionable Resources :    Usage  Request Allocated 
	   Cpus                 :                 1         1 
	   Disk (KB)            :   255011   524288   1208198 
	   IoHeavy              :                           0 
	   Memory (MB)          :      273     4096      4096 

	Job terminated of its own accord at 2023-09-11T17:01:49Z with exit-code 0.
...
