000 (13655293.172.000) 2023-09-05 00:33:11 Job submitted from host: <128.104.101.92:9618?addrs=128.104.101.92-9618+[2607-f388-107c-501-a236-9fff-fe3c-caa8]-9618&alias=submit2.chtc.wisc.edu&noUDP&sock=schedd_1879732_618e>
...
040 (13655293.172.000) 2023-09-05 00:41:44 Started transferring input files
	Transferring to host: <128.105.69.187:9618?addrs=128.105.69.187-9618+[2607-f388-2200-100-1270-fdff-fe56-b86c]-9618&alias=e4039.chtc.wisc.edu&noUDP&sock=slot1_40_3704987_429f_55097>
...
040 (13655293.172.000) 2023-09-05 00:41:46 Finished transferring input files
...
001 (13655293.172.000) 2023-09-05 00:41:47 Job executing on host: <128.105.69.187:9618?addrs=128.105.69.187-9618+[2607-f388-2200-100-1270-fdff-fe56-b86c]-9618&alias=e4039.chtc.wisc.edu&noUDP&sock=startd_15786_7621>
	SlotName: slot1_40@e4039.chtc.wisc.edu
	CondorScratchDir = "/var/lib/condor/execute/slot1/dir_2485713"
	Cpus = 1
	Disk = 1208198
	IoHeavy = 0
	Memory = 4096
...
006 (13655293.172.000) 2023-09-05 00:41:55 Image size of job updated: 639676
	625  -  MemoryUsage of job (MB)
	639676  -  ResidentSetSize of job (KB)
...
006 (13655293.172.000) 2023-09-05 00:46:56 Image size of job updated: 1285408
	1065  -  MemoryUsage of job (MB)
	1089876  -  ResidentSetSize of job (KB)
...
006 (13655293.172.000) 2023-09-05 00:51:57 Image size of job updated: 1285408
	1085  -  MemoryUsage of job (MB)
	1110568  -  ResidentSetSize of job (KB)
...
006 (13655293.172.000) 2023-09-05 00:56:57 Image size of job updated: 1285408
	1085  -  MemoryUsage of job (MB)
	1110828  -  ResidentSetSize of job (KB)
...
006 (13655293.172.000) 2023-09-05 01:06:58 Image size of job updated: 1285408
	1088  -  MemoryUsage of job (MB)
	1114004  -  ResidentSetSize of job (KB)
...
006 (13655293.172.000) 2023-09-05 01:32:02 Image size of job updated: 1285408
	1094  -  MemoryUsage of job (MB)
	1120148  -  ResidentSetSize of job (KB)
...
006 (13655293.172.000) 2023-09-05 01:57:05 Image size of job updated: 1285408
	1096  -  MemoryUsage of job (MB)
	1121308  -  ResidentSetSize of job (KB)
...
006 (13655293.172.000) 2023-09-05 02:22:10 Image size of job updated: 1285408
	1096  -  MemoryUsage of job (MB)
	1121312  -  ResidentSetSize of job (KB)
...
006 (13655293.172.000) 2023-09-05 04:27:21 Image size of job updated: 1285408
	1096  -  MemoryUsage of job (MB)
	1122080  -  ResidentSetSize of job (KB)
...
006 (13655293.172.000) 2023-09-05 05:22:27 Image size of job updated: 1285408
	1097  -  MemoryUsage of job (MB)
	1123088  -  ResidentSetSize of job (KB)
...
006 (13655293.172.000) 2023-09-05 23:02:33 Image size of job updated: 1427360
	1097  -  MemoryUsage of job (MB)
	1123088  -  ResidentSetSize of job (KB)
...
040 (13655293.172.000) 2023-09-05 23:02:33 Started transferring output files
...
040 (13655293.172.000) 2023-09-05 23:02:33 Finished transferring output files
...
005 (13655293.172.000) 2023-09-05 23:02:33 Job terminated.
	(1) Normal termination (return value 0)
		Usr 0 21:55:25, Sys 0 00:03:19  -  Run Remote Usage
		Usr 0 00:00:00, Sys 0 00:00:00  -  Run Local Usage
		Usr 0 21:55:25, Sys 0 00:03:19  -  Total Remote Usage
		Usr 0 00:00:00, Sys 0 00:00:00  -  Total Local Usage
	1309635  -  Run Bytes Sent By Job
	32652772  -  Run Bytes Received By Job
	1309635  -  Total Bytes Sent By Job
	32652772  -  Total Bytes Received By Job
	Partitionable Resources :     Usage  Request Allocated 
	   Cpus                 :      0.99        1         1 
	   Disk (KB)            : 274902      524288   1208198 
	   IoHeavy              :                            0 
	   Memory (MB)          :   1097        4096      4096 

	Job terminated of its own accord at 2023-09-06T04:02:33Z with exit-code 0.
...
