000 (13655293.497.000) 2023-09-05 00:33:11 Job submitted from host: <128.104.101.92:9618?addrs=128.104.101.92-9618+[2607-f388-107c-501-a236-9fff-fe3c-caa8]-9618&alias=submit2.chtc.wisc.edu&noUDP&sock=schedd_1879732_618e>
...
040 (13655293.497.000) 2023-09-05 00:57:41 Started transferring input files
	Transferring to host: <128.105.69.157:9618?addrs=128.105.69.157-9618+[2607-f388-2200-100-1270-fdff-fe56-c3a4]-9618&alias=e4090.chtc.wisc.edu&noUDP&sock=slot1_47_1363133_4360_49291>
...
001 (13655293.497.000) 2023-09-05 00:58:16 Job executing on host: <128.105.69.157:9618?addrs=128.105.69.157-9618+[2607-f388-2200-100-1270-fdff-fe56-c3a4]-9618&alias=e4090.chtc.wisc.edu&noUDP&sock=startd_18322_f24e>
	SlotName: slot1_47@e4090.chtc.wisc.edu
	CondorScratchDir = "/var/lib/condor/execute/slot1/dir_559414"
	Cpus = 1
	Disk = 1208198
	IoHeavy = 0
	Memory = 4096
...
040 (13655293.497.000) 2023-09-05 00:58:16 Finished transferring input files
...
006 (13655293.497.000) 2023-09-05 00:58:25 Image size of job updated: 516696
	505  -  MemoryUsage of job (MB)
	516692  -  ResidentSetSize of job (KB)
...
006 (13655293.497.000) 2023-09-05 01:03:25 Image size of job updated: 875988
	677  -  MemoryUsage of job (MB)
	692872  -  ResidentSetSize of job (KB)
...
006 (13655293.497.000) 2023-09-05 01:08:26 Image size of job updated: 1160568
	1134  -  MemoryUsage of job (MB)
	1160564  -  ResidentSetSize of job (KB)
...
006 (13655293.497.000) 2023-09-05 01:13:26 Image size of job updated: 1184108
	1134  -  MemoryUsage of job (MB)
	1160564  -  ResidentSetSize of job (KB)
...
006 (13655293.497.000) 2023-09-06 01:48:31 Image size of job updated: 1307496
	1134  -  MemoryUsage of job (MB)
	1160564  -  ResidentSetSize of job (KB)
...
040 (13655293.497.000) 2023-09-06 01:48:32 Started transferring output files
...
040 (13655293.497.000) 2023-09-06 01:48:32 Finished transferring output files
...
005 (13655293.497.000) 2023-09-06 01:48:34 Job terminated.
	(1) Normal termination (return value 0)
		Usr 1 00:28:24, Sys 0 00:04:10  -  Run Remote Usage
		Usr 0 00:00:00, Sys 0 00:00:00  -  Run Local Usage
		Usr 1 00:28:24, Sys 0 00:04:10  -  Total Remote Usage
		Usr 0 00:00:00, Sys 0 00:00:00  -  Total Local Usage
	1309746  -  Run Bytes Sent By Job
	32652772  -  Run Bytes Received By Job
	1309746  -  Total Bytes Sent By Job
	32652772  -  Total Bytes Received By Job
	Partitionable Resources :     Usage  Request Allocated 
	   Cpus                 :      0.98        1         1 
	   Disk (KB)            : 274903      524288   1208198 
	   IoHeavy              :                            0 
	   Memory (MB)          :   1134        4096      4096 

	Job terminated of its own accord at 2023-09-06T06:48:31Z with exit-code 0.
...
