000 (13655293.376.000) 2023-09-05 00:33:11 Job submitted from host: <128.104.101.92:9618?addrs=128.104.101.92-9618+[2607-f388-107c-501-a236-9fff-fe3c-caa8]-9618&alias=submit2.chtc.wisc.edu&noUDP&sock=schedd_1879732_618e>
...
040 (13655293.376.000) 2023-09-05 00:55:47 Started transferring input files
	Transferring to host: <128.105.69.146:9618?addrs=128.105.69.146-9618+[2607-f388-2200-100-1270-fdff-fe56-773c]-9618&alias=e4023.chtc.wisc.edu&noUDP&sock=slot1_45_3274859_2c4c_62577>
...
040 (13655293.376.000) 2023-09-05 00:55:49 Finished transferring input files
...
001 (13655293.376.000) 2023-09-05 00:56:06 Job executing on host: <128.105.69.146:9618?addrs=128.105.69.146-9618+[2607-f388-2200-100-1270-fdff-fe56-773c]-9618&alias=e4023.chtc.wisc.edu&noUDP&sock=startd_16217_1773>
	SlotName: slot1_45@e4023.chtc.wisc.edu
	CondorScratchDir = "/var/lib/condor/execute/slot1/dir_1266894"
	Cpus = 1
	Disk = 1208198
	IoHeavy = 0
	Memory = 4096
...
006 (13655293.376.000) 2023-09-05 00:56:15 Image size of job updated: 546732
	534  -  MemoryUsage of job (MB)
	546732  -  ResidentSetSize of job (KB)
...
006 (13655293.376.000) 2023-09-05 01:01:16 Image size of job updated: 1179716
	956  -  MemoryUsage of job (MB)
	978172  -  ResidentSetSize of job (KB)
...
006 (13655293.376.000) 2023-09-05 01:06:17 Image size of job updated: 1179716
	982  -  MemoryUsage of job (MB)
	1004932  -  ResidentSetSize of job (KB)
...
006 (13655293.376.000) 2023-09-05 01:31:19 Image size of job updated: 1179716
	984  -  MemoryUsage of job (MB)
	1007280  -  ResidentSetSize of job (KB)
...
006 (13655293.376.000) 2023-09-05 05:16:43 Image size of job updated: 1179716
	987  -  MemoryUsage of job (MB)
	1009988  -  ResidentSetSize of job (KB)
...
006 (13655293.376.000) 2023-09-05 05:26:43 Image size of job updated: 1179716
	989  -  MemoryUsage of job (MB)
	1012508  -  ResidentSetSize of job (KB)
...
006 (13655293.376.000) 2023-09-06 00:16:02 Image size of job updated: 1309460
	989  -  MemoryUsage of job (MB)
	1012508  -  ResidentSetSize of job (KB)
...
040 (13655293.376.000) 2023-09-06 00:16:02 Started transferring output files
...
040 (13655293.376.000) 2023-09-06 00:16:02 Finished transferring output files
...
005 (13655293.376.000) 2023-09-06 00:16:02 Job terminated.
	(1) Normal termination (return value 0)
		Usr 0 22:52:34, Sys 0 00:05:46  -  Run Remote Usage
		Usr 0 00:00:00, Sys 0 00:00:00  -  Run Local Usage
		Usr 0 22:52:34, Sys 0 00:05:46  -  Total Remote Usage
		Usr 0 00:00:00, Sys 0 00:00:00  -  Total Local Usage
	1309427  -  Run Bytes Sent By Job
	32652772  -  Run Bytes Received By Job
	1309427  -  Total Bytes Sent By Job
	32652772  -  Total Bytes Received By Job
	Partitionable Resources :     Usage  Request Allocated 
	   Cpus                 :      0.99        1         1 
	   Disk (KB)            : 274894      524288   1208198 
	   IoHeavy              :                            0 
	   Memory (MB)          :    989        4096      4096 

	Job terminated of its own accord at 2023-09-06T05:16:02Z with exit-code 0.
...
