000 (13655293.234.000) 2023-09-05 00:33:11 Job submitted from host: <128.104.101.92:9618?addrs=128.104.101.92-9618+[2607-f388-107c-501-a236-9fff-fe3c-caa8]-9618&alias=submit2.chtc.wisc.edu&noUDP&sock=schedd_1879732_618e>
...
040 (13655293.234.000) 2023-09-05 00:45:46 Started transferring input files
	Transferring to host: <128.105.69.137:9618?addrs=128.105.69.137-9618+[2607-f388-2200-100-1270-fdff-fe56-d12c]-9618&alias=e4014.chtc.wisc.edu&noUDP&sock=slot1_45_1985361_2db7_51990>
...
040 (13655293.234.000) 2023-09-05 00:45:49 Finished transferring input files
...
001 (13655293.234.000) 2023-09-05 00:46:11 Job executing on host: <128.105.69.137:9618?addrs=128.105.69.137-9618+[2607-f388-2200-100-1270-fdff-fe56-d12c]-9618&alias=e4014.chtc.wisc.edu&noUDP&sock=startd_15862_9754>
	SlotName: slot1_45@e4014.chtc.wisc.edu
	CondorScratchDir = "/var/lib/condor/execute/slot1/dir_4059370"
	Cpus = 1
	Disk = 1208198
	IoHeavy = 0
	Memory = 4096
...
006 (13655293.234.000) 2023-09-05 00:46:19 Image size of job updated: 594892
	581  -  MemoryUsage of job (MB)
	594892  -  ResidentSetSize of job (KB)
...
006 (13655293.234.000) 2023-09-05 00:51:19 Image size of job updated: 1160504
	1134  -  MemoryUsage of job (MB)
	1160500  -  ResidentSetSize of job (KB)
...
006 (13655293.234.000) 2023-09-05 00:56:20 Image size of job updated: 1181996
	1134  -  MemoryUsage of job (MB)
	1160500  -  ResidentSetSize of job (KB)
...
006 (13655293.234.000) 2023-09-06 01:32:52 Image size of job updated: 1304844
	1134  -  MemoryUsage of job (MB)
	1160500  -  ResidentSetSize of job (KB)
...
040 (13655293.234.000) 2023-09-06 01:32:52 Started transferring output files
...
040 (13655293.234.000) 2023-09-06 01:32:52 Finished transferring output files
...
005 (13655293.234.000) 2023-09-06 01:32:52 Job terminated.
	(1) Normal termination (return value 0)
		Usr 1 00:15:22, Sys 0 00:10:06  -  Run Remote Usage
		Usr 0 00:00:00, Sys 0 00:00:00  -  Run Local Usage
		Usr 1 00:15:22, Sys 0 00:10:06  -  Total Remote Usage
		Usr 0 00:00:00, Sys 0 00:00:00  -  Total Local Usage
	1309687  -  Run Bytes Sent By Job
	32652772  -  Run Bytes Received By Job
	1309687  -  Total Bytes Sent By Job
	32652772  -  Total Bytes Received By Job
	Partitionable Resources :     Usage  Request Allocated 
	   Cpus                 :      0.99        1         1 
	   Disk (KB)            : 274894      524288   1208198 
	   IoHeavy              :                            0 
	   Memory (MB)          :   1134        4096      4096 

	Job terminated of its own accord at 2023-09-06T06:32:52Z with exit-code 0.
...
