000 (13655293.247.000) 2023-09-05 00:33:11 Job submitted from host: <128.104.101.92:9618?addrs=128.104.101.92-9618+[2607-f388-107c-501-a236-9fff-fe3c-caa8]-9618&alias=submit2.chtc.wisc.edu&noUDP&sock=schedd_1879732_618e>
...
040 (13655293.247.000) 2023-09-05 00:49:40 Started transferring input files
	Transferring to host: <128.105.69.230:9618?addrs=128.105.69.230-9618+[2607-f388-2200-100-eaeb-d3ff-fe40-17bc]-9618&alias=e2613.chtc.wisc.edu&noUDP&sock=slot1_29_3225262_998b_51397>
...
040 (13655293.247.000) 2023-09-05 00:49:42 Finished transferring input files
...
001 (13655293.247.000) 2023-09-05 00:49:44 Job executing on host: <128.105.69.230:9618?addrs=128.105.69.230-9618+[2607-f388-2200-100-eaeb-d3ff-fe40-17bc]-9618&alias=e2613.chtc.wisc.edu&noUDP&sock=startd_18882_0f58>
	SlotName: slot1_29@e2613.chtc.wisc.edu
	CondorScratchDir = "/var/lib/condor/execute/slot1/dir_577137"
	Cpus = 1
	Disk = 1458998
	IoHeavy = 0
	Memory = 4096
...
006 (13655293.247.000) 2023-09-05 00:49:53 Image size of job updated: 655192
	640  -  MemoryUsage of job (MB)
	655188  -  ResidentSetSize of job (KB)
...
006 (13655293.247.000) 2023-09-05 00:54:54 Image size of job updated: 1283904
	1045  -  MemoryUsage of job (MB)
	1069196  -  ResidentSetSize of job (KB)
...
006 (13655293.247.000) 2023-09-05 00:59:54 Image size of job updated: 1283904
	1068  -  MemoryUsage of job (MB)
	1093268  -  ResidentSetSize of job (KB)
...
006 (13655293.247.000) 2023-09-05 01:04:55 Image size of job updated: 1283904
	1072  -  MemoryUsage of job (MB)
	1096712  -  ResidentSetSize of job (KB)
...
006 (13655293.247.000) 2023-09-05 01:09:56 Image size of job updated: 1283904
	1078  -  MemoryUsage of job (MB)
	1103680  -  ResidentSetSize of job (KB)
...
006 (13655293.247.000) 2023-09-05 01:14:56 Image size of job updated: 1283904
	1080  -  MemoryUsage of job (MB)
	1105472  -  ResidentSetSize of job (KB)
...
006 (13655293.247.000) 2023-09-05 01:39:59 Image size of job updated: 1283904
	1080  -  MemoryUsage of job (MB)
	1105684  -  ResidentSetSize of job (KB)
...
006 (13655293.247.000) 2023-09-05 01:50:01 Image size of job updated: 1283904
	1089  -  MemoryUsage of job (MB)
	1114132  -  ResidentSetSize of job (KB)
...
006 (13655293.247.000) 2023-09-05 23:58:25 Image size of job updated: 1415272
	1089  -  MemoryUsage of job (MB)
	1114132  -  ResidentSetSize of job (KB)
...
040 (13655293.247.000) 2023-09-05 23:58:26 Started transferring output files
...
040 (13655293.247.000) 2023-09-05 23:58:26 Finished transferring output files
...
005 (13655293.247.000) 2023-09-05 23:58:26 Job terminated.
	(1) Normal termination (return value 0)
		Usr 0 22:39:31, Sys 0 00:05:30  -  Run Remote Usage
		Usr 0 00:00:00, Sys 0 00:00:00  -  Run Local Usage
		Usr 0 22:39:31, Sys 0 00:05:30  -  Total Remote Usage
		Usr 0 00:00:00, Sys 0 00:00:00  -  Total Local Usage
	1309598  -  Run Bytes Sent By Job
	32652772  -  Run Bytes Received By Job
	1309598  -  Total Bytes Sent By Job
	32652772  -  Total Bytes Received By Job
	Partitionable Resources :     Usage  Request Allocated 
	   Cpus                 :      0.99        1         1 
	   Disk (KB)            : 274912      524288   1458998 
	   IoHeavy              :                            0 
	   Memory (MB)          :   1089        4096      4096 

	Job terminated of its own accord at 2023-09-06T04:58:25Z with exit-code 0.
...
