000 (13655293.215.000) 2023-09-05 00:33:11 Job submitted from host: <128.104.101.92:9618?addrs=128.104.101.92-9618+[2607-f388-107c-501-a236-9fff-fe3c-caa8]-9618&alias=submit2.chtc.wisc.edu&noUDP&sock=schedd_1879732_618e>
...
040 (13655293.215.000) 2023-09-05 00:44:42 Started transferring input files
	Transferring to host: <128.105.69.244:9618?addrs=128.105.69.244-9618+[2607-f388-2200-100-eaeb-d3ff-fe40-205c]-9618&alias=e2627.chtc.wisc.edu&noUDP&sock=slot1_6_3017498_110b_51956>
...
040 (13655293.215.000) 2023-09-05 00:44:44 Finished transferring input files
...
001 (13655293.215.000) 2023-09-05 00:45:44 Job executing on host: <128.105.69.244:9618?addrs=128.105.69.244-9618+[2607-f388-2200-100-eaeb-d3ff-fe40-205c]-9618&alias=e2627.chtc.wisc.edu&noUDP&sock=startd_18898_08dc>
	SlotName: slot1_6@e2627.chtc.wisc.edu
	CondorScratchDir = "/var/lib/condor/execute/slot1/dir_54319"
	Cpus = 1
	Disk = 1458998
	IoHeavy = 0
	Memory = 4096
...
006 (13655293.215.000) 2023-09-05 00:45:53 Image size of job updated: 697512
	682  -  MemoryUsage of job (MB)
	697512  -  ResidentSetSize of job (KB)
...
006 (13655293.215.000) 2023-09-05 00:50:54 Image size of job updated: 1291532
	1039  -  MemoryUsage of job (MB)
	1063368  -  ResidentSetSize of job (KB)
...
006 (13655293.215.000) 2023-09-05 00:55:54 Image size of job updated: 1291532
	1088  -  MemoryUsage of job (MB)
	1113396  -  ResidentSetSize of job (KB)
...
006 (13655293.215.000) 2023-09-05 04:11:16 Image size of job updated: 1291532
	1089  -  MemoryUsage of job (MB)
	1115036  -  ResidentSetSize of job (KB)
...
006 (13655293.215.000) 2023-09-06 00:33:02 Image size of job updated: 1395424
	1089  -  MemoryUsage of job (MB)
	1115036  -  ResidentSetSize of job (KB)
...
040 (13655293.215.000) 2023-09-06 00:33:02 Started transferring output files
...
040 (13655293.215.000) 2023-09-06 00:33:02 Finished transferring output files
...
005 (13655293.215.000) 2023-09-06 00:33:02 Job terminated.
	(1) Normal termination (return value 0)
		Usr 0 23:18:35, Sys 0 00:04:08  -  Run Remote Usage
		Usr 0 00:00:00, Sys 0 00:00:00  -  Run Local Usage
		Usr 0 23:18:35, Sys 0 00:04:08  -  Total Remote Usage
		Usr 0 00:00:00, Sys 0 00:00:00  -  Total Local Usage
	1309524  -  Run Bytes Sent By Job
	32652772  -  Run Bytes Received By Job
	1309524  -  Total Bytes Sent By Job
	32652772  -  Total Bytes Received By Job
	Partitionable Resources :     Usage  Request Allocated 
	   Cpus                 :      0.99        1         1 
	   Disk (KB)            : 274859      524288   1458998 
	   IoHeavy              :                            0 
	   Memory (MB)          :   1089        4096      4096 

	Job terminated of its own accord at 2023-09-06T05:33:02Z with exit-code 0.
...
