035 (14268886.-01.000) 2023-09-11 03:21:38 Cluster submitted from host: <128.104.101.92:9618?addrs=128.104.101.92-9618+[2607-f388-107c-501-a236-9fff-fe3c-caa8]-9618&alias=submit2.chtc.wisc.edu&noUDP&sock=schedd_1879732_618e>
...
000 (14268886.000.000) 2023-09-11 03:21:38 Job submitted from host: <128.104.101.92:9618?addrs=128.104.101.92-9618+[2607-f388-107c-501-a236-9fff-fe3c-caa8]-9618&alias=submit2.chtc.wisc.edu&noUDP&sock=schedd_1879732_618e>
...
040 (14268886.000.000) 2023-09-11 03:23:14 Started transferring input files
	Transferring to host: <128.105.69.117:9618?addrs=128.105.69.117-9618+[2607-f388-2200-100-1270-fdff-fe56-7b34]-9618&alias=e4066.chtc.wisc.edu&noUDP&sock=slot1_67_720535_d70d_95683>
...
040 (14268886.000.000) 2023-09-11 03:23:17 Finished transferring input files
...
001 (14268886.000.000) 2023-09-11 03:23:18 Job executing on host: <128.105.69.117:9618?addrs=128.105.69.117-9618+[2607-f388-2200-100-1270-fdff-fe56-7b34]-9618&alias=e4066.chtc.wisc.edu&noUDP&sock=startd_18717_e237>
	SlotName: slot1_67@e4066.chtc.wisc.edu
	CondorScratchDir = "/var/lib/condor/execute/slot1/dir_849632"
	Cpus = 1
	Disk = 1208198
	IoHeavy = 0
	Memory = 4096
...
006 (14268886.000.000) 2023-09-11 03:23:26 Image size of job updated: 513732
	502  -  MemoryUsage of job (MB)
	513732  -  ResidentSetSize of job (KB)
...
006 (14268886.000.000) 2023-09-11 03:28:26 Image size of job updated: 705144
	504  -  MemoryUsage of job (MB)
	515524  -  ResidentSetSize of job (KB)
...
040 (14268886.000.000) 2023-09-11 05:25:37 Started transferring output files
...
040 (14268886.000.000) 2023-09-11 05:25:37 Finished transferring output files
...
005 (14268886.000.000) 2023-09-11 05:25:37 Job terminated.
	(1) Normal termination (return value 0)
		Usr 0 02:00:01, Sys 0 00:00:37  -  Run Remote Usage
		Usr 0 00:00:00, Sys 0 00:00:00  -  Run Local Usage
		Usr 0 02:00:01, Sys 0 00:00:37  -  Total Remote Usage
		Usr 0 00:00:00, Sys 0 00:00:00  -  Total Local Usage
	739693  -  Run Bytes Sent By Job
	32720416  -  Run Bytes Received By Job
	739693  -  Total Bytes Sent By Job
	32720416  -  Total Bytes Received By Job
	Partitionable Resources :     Usage  Request Allocated 
	   Cpus                 :      0.99        1         1 
	   Disk (KB)            : 261889      524288   1208198 
	   IoHeavy              :                            0 
	   Memory (MB)          :    504        4096      4096 

	Job terminated of its own accord at 2023-09-11T10:25:37Z with exit-code 0.
...
036 (14268886.-01.000) 2023-09-11 05:25:38 Cluster removed
	Materialized 67 jobs from -1 items.	Complete
...
