000 (13655293.205.000) 2023-09-05 00:33:11 Job submitted from host: <128.104.101.92:9618?addrs=128.104.101.92-9618+[2607-f388-107c-501-a236-9fff-fe3c-caa8]-9618&alias=submit2.chtc.wisc.edu&noUDP&sock=schedd_1879732_618e>
...
040 (13655293.205.000) 2023-09-05 00:43:29 Started transferring input files
	Transferring to host: <128.105.69.137:9618?addrs=128.105.69.137-9618+[2607-f388-2200-100-1270-fdff-fe56-d12c]-9618&alias=e4014.chtc.wisc.edu&noUDP&sock=slot1_15_1985361_2db7_51965>
...
040 (13655293.205.000) 2023-09-05 00:43:32 Finished transferring input files
...
001 (13655293.205.000) 2023-09-05 00:43:52 Job executing on host: <128.105.69.137:9618?addrs=128.105.69.137-9618+[2607-f388-2200-100-1270-fdff-fe56-d12c]-9618&alias=e4014.chtc.wisc.edu&noUDP&sock=startd_15862_9754>
	SlotName: slot1_15@e4014.chtc.wisc.edu
	CondorScratchDir = "/var/lib/condor/execute/slot1/dir_4050180"
	Cpus = 1
	Disk = 1208198
	IoHeavy = 0
	Memory = 4096
...
006 (13655293.205.000) 2023-09-05 00:44:01 Image size of job updated: 646088
	631  -  MemoryUsage of job (MB)
	646088  -  ResidentSetSize of job (KB)
...
006 (13655293.205.000) 2023-09-05 00:49:02 Image size of job updated: 1176628
	876  -  MemoryUsage of job (MB)
	896236  -  ResidentSetSize of job (KB)
...
006 (13655293.205.000) 2023-09-05 00:54:02 Image size of job updated: 1176628
	991  -  MemoryUsage of job (MB)
	1014568  -  ResidentSetSize of job (KB)
...
006 (13655293.205.000) 2023-09-05 20:12:09 Image size of job updated: 1306804
	991  -  MemoryUsage of job (MB)
	1014568  -  ResidentSetSize of job (KB)
...
040 (13655293.205.000) 2023-09-05 20:12:09 Started transferring output files
...
040 (13655293.205.000) 2023-09-05 20:12:09 Finished transferring output files
...
005 (13655293.205.000) 2023-09-05 20:12:09 Job terminated.
	(1) Normal termination (return value 0)
		Usr 0 19:08:04, Sys 0 00:03:26  -  Run Remote Usage
		Usr 0 00:00:00, Sys 0 00:00:00  -  Run Local Usage
		Usr 0 19:08:04, Sys 0 00:03:26  -  Total Remote Usage
		Usr 0 00:00:00, Sys 0 00:00:00  -  Total Local Usage
	1309556  -  Run Bytes Sent By Job
	32652772  -  Run Bytes Received By Job
	1309556  -  Total Bytes Sent By Job
	32652772  -  Total Bytes Received By Job
	Partitionable Resources :     Usage  Request Allocated 
	   Cpus                 :      0.99        1         1 
	   Disk (KB)            : 274912      524288   1208198 
	   IoHeavy              :                            0 
	   Memory (MB)          :    991        4096      4096 

	Job terminated of its own accord at 2023-09-06T01:12:09Z with exit-code 0.
...
