000 (13655293.296.000) 2023-09-05 00:33:11 Job submitted from host: <128.104.101.92:9618?addrs=128.104.101.92-9618+[2607-f388-107c-501-a236-9fff-fe3c-caa8]-9618&alias=submit2.chtc.wisc.edu&noUDP&sock=schedd_1879732_618e>
...
040 (13655293.296.000) 2023-09-05 00:54:09 Started transferring input files
	Transferring to host: <128.105.69.224:9618?addrs=128.105.69.224-9618+[2607-f388-2200-100-eaeb-d3ff-fe40-1574]-9618&alias=e2607.chtc.wisc.edu&noUDP&sock=slot1_8_1087982_7e0c_42319>
...
040 (13655293.296.000) 2023-09-05 00:54:11 Finished transferring input files
...
001 (13655293.296.000) 2023-09-05 00:54:12 Job executing on host: <128.105.69.224:9618?addrs=128.105.69.224-9618+[2607-f388-2200-100-eaeb-d3ff-fe40-1574]-9618&alias=e2607.chtc.wisc.edu&noUDP&sock=startd_11673_491a>
	SlotName: slot1_8@e2607.chtc.wisc.edu
	CondorScratchDir = "/var/lib/condor/execute/slot1/dir_2375777"
	Cpus = 1
	Disk = 1458998
	IoHeavy = 0
	Memory = 4096
...
006 (13655293.296.000) 2023-09-05 00:54:21 Image size of job updated: 637408
	623  -  MemoryUsage of job (MB)
	637404  -  ResidentSetSize of job (KB)
...
006 (13655293.296.000) 2023-09-05 00:59:21 Image size of job updated: 1267060
	1238  -  MemoryUsage of job (MB)
	1266992  -  ResidentSetSize of job (KB)
...
006 (13655293.296.000) 2023-09-05 01:04:21 Image size of job updated: 1284760
	1238  -  MemoryUsage of job (MB)
	1266992  -  ResidentSetSize of job (KB)
...
006 (13655293.296.000) 2023-09-06 03:44:08 Image size of job updated: 1344088
	1238  -  MemoryUsage of job (MB)
	1266992  -  ResidentSetSize of job (KB)
...
040 (13655293.296.000) 2023-09-06 03:44:08 Started transferring output files
...
040 (13655293.296.000) 2023-09-06 03:44:08 Finished transferring output files
...
005 (13655293.296.000) 2023-09-06 03:44:08 Job terminated.
	(1) Normal termination (return value 0)
		Usr 1 02:24:21, Sys 0 00:03:28  -  Run Remote Usage
		Usr 0 00:00:00, Sys 0 00:00:00  -  Run Local Usage
		Usr 1 02:24:21, Sys 0 00:03:28  -  Total Remote Usage
		Usr 0 00:00:00, Sys 0 00:00:00  -  Total Local Usage
	1309655  -  Run Bytes Sent By Job
	32652772  -  Run Bytes Received By Job
	1309655  -  Total Bytes Sent By Job
	32652772  -  Total Bytes Received By Job
	Partitionable Resources :     Usage  Request Allocated 
	   Cpus                 :      0.98        1         1 
	   Disk (KB)            : 274908      524288   1458998 
	   IoHeavy              :                            0 
	   Memory (MB)          :   1238        4096      4096 

	Job terminated of its own accord at 2023-09-06T08:44:08Z with exit-code 0.
...
