000 (14312692.068.000) 2023-09-11 11:54:29 Job submitted from host: <128.104.101.92:9618?addrs=128.104.101.92-9618+[2607-f388-107c-501-a236-9fff-fe3c-caa8]-9618&alias=submit2.chtc.wisc.edu&noUDP&sock=schedd_1879732_618e>
...
040 (14312692.068.000) 2023-09-11 12:02:03 Started transferring input files
	Transferring to host: <128.105.69.192:9618?addrs=128.105.69.192-9618+[2607-f388-2200-100-1270-fdff-fe56-bc04]-9618&alias=build4002.chtc.wisc.edu&noUDP&sock=slot3_85_1262715_b2ad_371177>
...
040 (14312692.068.000) 2023-09-11 12:02:05 Finished transferring input files
...
001 (14312692.068.000) 2023-09-11 12:02:06 Job executing on host: <128.105.69.192:9618?addrs=128.105.69.192-9618+[2607-f388-2200-100-1270-fdff-fe56-bc04]-9618&alias=build4002.chtc.wisc.edu&noUDP&sock=startd_22892_961e>
	SlotName: slot3_85@build4002.chtc.wisc.edu
	CondorScratchDir = "/var/lib/condor/execute/slot3/dir_1086726"
	Cpus = 1
	Disk = 1208198
	IoHeavy = 0
	Memory = 4096
...
006 (14312692.068.000) 2023-09-11 12:02:15 Image size of job updated: 622684
	608  -  MemoryUsage of job (MB)
	622484  -  ResidentSetSize of job (KB)
...
006 (14312692.068.000) 2023-09-11 12:02:52 Image size of job updated: 809772
	608  -  MemoryUsage of job (MB)
	622484  -  ResidentSetSize of job (KB)
...
040 (14312692.068.000) 2023-09-11 12:02:52 Started transferring output files
...
040 (14312692.068.000) 2023-09-11 12:02:52 Finished transferring output files
...
005 (14312692.068.000) 2023-09-11 12:02:52 Job terminated.
	(1) Normal termination (return value 1)
		Usr 0 00:00:38, Sys 0 00:00:04  -  Run Remote Usage
		Usr 0 00:00:00, Sys 0 00:00:00  -  Run Local Usage
		Usr 0 00:00:38, Sys 0 00:00:04  -  Total Remote Usage
		Usr 0 00:00:00, Sys 0 00:00:00  -  Total Local Usage
	2216  -  Run Bytes Sent By Job
	32720412  -  Run Bytes Received By Job
	2216  -  Total Bytes Sent By Job
	32720412  -  Total Bytes Received By Job
	Partitionable Resources :    Usage  Request Allocated 
	   Cpus                 :                 1         1 
	   Disk (KB)            :   261162   524288   1208198 
	   IoHeavy              :                           0 
	   Memory (MB)          :      608     4096      4096 

	Job terminated of its own accord at 2023-09-11T17:02:52Z with exit-code 1.
...
