000 (14269004.057.000) 2023-09-11 03:23:01 Job submitted from host: <128.104.101.92:9618?addrs=128.104.101.92-9618+[2607-f388-107c-501-a236-9fff-fe3c-caa8]-9618&alias=submit2.chtc.wisc.edu&noUDP&sock=schedd_1879732_618e>
...
040 (14269004.057.000) 2023-09-11 03:27:47 Started transferring input files
	Transferring to host: <128.105.69.117:9618?addrs=128.105.69.117-9618+[2607-f388-2200-100-1270-fdff-fe56-7b34]-9618&alias=e4066.chtc.wisc.edu&noUDP&sock=slot1_179_720535_d70d_95718>
...
040 (14269004.057.000) 2023-09-11 03:27:50 Finished transferring input files
...
001 (14269004.057.000) 2023-09-11 03:27:51 Job executing on host: <128.105.69.117:9618?addrs=128.105.69.117-9618+[2607-f388-2200-100-1270-fdff-fe56-7b34]-9618&alias=e4066.chtc.wisc.edu&noUDP&sock=startd_18717_e237>
	SlotName: slot1_179@e4066.chtc.wisc.edu
	CondorScratchDir = "/var/lib/condor/execute/slot1/dir_871814"
	Cpus = 1
	Disk = 1208198
	IoHeavy = 0
	Memory = 4096
...
006 (14269004.057.000) 2023-09-11 03:27:59 Image size of job updated: 379116
	265  -  MemoryUsage of job (MB)
	271260  -  ResidentSetSize of job (KB)
...
040 (14269004.057.000) 2023-09-11 03:29:36 Started transferring output files
...
040 (14269004.057.000) 2023-09-11 03:29:36 Finished transferring output files
...
005 (14269004.057.000) 2023-09-11 03:29:36 Job terminated.
	(1) Normal termination (return value 0)
		Usr 0 00:01:38, Sys 0 00:00:01  -  Run Remote Usage
		Usr 0 00:00:00, Sys 0 00:00:00  -  Run Local Usage
		Usr 0 00:01:38, Sys 0 00:00:01  -  Total Remote Usage
		Usr 0 00:00:00, Sys 0 00:00:00  -  Total Local Usage
	103971  -  Run Bytes Sent By Job
	32664898  -  Run Bytes Received By Job
	103971  -  Total Bytes Sent By Job
	32664898  -  Total Bytes Received By Job
	Partitionable Resources :     Usage  Request Allocated 
	   Cpus                 :      0.92        1         1 
	   Disk (KB)            : 255015      524288   1208198 
	   IoHeavy              :                            0 
	   Memory (MB)          :    265        4096      4096 

	Job terminated of its own accord at 2023-09-11T08:29:36Z with exit-code 0.
...
