000 (13655293.332.000) 2023-09-05 00:33:11 Job submitted from host: <128.104.101.92:9618?addrs=128.104.101.92-9618+[2607-f388-107c-501-a236-9fff-fe3c-caa8]-9618&alias=submit2.chtc.wisc.edu&noUDP&sock=schedd_1879732_618e>
...
040 (13655293.332.000) 2023-09-05 00:53:31 Started transferring input files
	Transferring to host: <128.105.69.224:9618?addrs=128.105.69.224-9618+[2607-f388-2200-100-eaeb-d3ff-fe40-1574]-9618&alias=e2607.chtc.wisc.edu&noUDP&sock=slot1_32_1087982_7e0c_42320>
...
001 (13655293.332.000) 2023-09-05 00:53:41 Job executing on host: <128.105.69.224:9618?addrs=128.105.69.224-9618+[2607-f388-2200-100-eaeb-d3ff-fe40-1574]-9618&alias=e2607.chtc.wisc.edu&noUDP&sock=startd_11673_491a>
	SlotName: slot1_32@e2607.chtc.wisc.edu
	CondorScratchDir = "/var/lib/condor/execute/slot1/dir_2375800"
	Cpus = 1
	Disk = 1458998
	IoHeavy = 0
	Memory = 4096
...
040 (13655293.332.000) 2023-09-05 00:53:41 Finished transferring input files
...
006 (13655293.332.000) 2023-09-05 00:53:50 Image size of job updated: 602252
	589  -  MemoryUsage of job (MB)
	602248  -  ResidentSetSize of job (KB)
...
006 (13655293.332.000) 2023-09-05 00:58:51 Image size of job updated: 1160592
	1134  -  MemoryUsage of job (MB)
	1160572  -  ResidentSetSize of job (KB)
...
006 (13655293.332.000) 2023-09-05 01:03:51 Image size of job updated: 1174776
	1134  -  MemoryUsage of job (MB)
	1160572  -  ResidentSetSize of job (KB)
...
006 (13655293.332.000) 2023-09-06 00:46:12 Image size of job updated: 1286068
	1142  -  MemoryUsage of job (MB)
	1168576  -  ResidentSetSize of job (KB)
...
040 (13655293.332.000) 2023-09-06 00:46:28 Started transferring output files
...
040 (13655293.332.000) 2023-09-06 00:46:28 Finished transferring output files
...
005 (13655293.332.000) 2023-09-06 00:46:28 Job terminated.
	(1) Normal termination (return value 0)
		Usr 0 23:27:48, Sys 0 00:05:42  -  Run Remote Usage
		Usr 0 00:00:00, Sys 0 00:00:00  -  Run Local Usage
		Usr 0 23:27:48, Sys 0 00:05:42  -  Total Remote Usage
		Usr 0 00:00:00, Sys 0 00:00:00  -  Total Local Usage
	1309404  -  Run Bytes Sent By Job
	32652772  -  Run Bytes Received By Job
	1309404  -  Total Bytes Sent By Job
	32652772  -  Total Bytes Received By Job
	Partitionable Resources :     Usage  Request Allocated 
	   Cpus                 :      0.99        1         1 
	   Disk (KB)            : 274915      524288   1458998 
	   IoHeavy              :                            0 
	   Memory (MB)          :   1142        4096      4096 

	Job terminated of its own accord at 2023-09-06T05:46:28Z with exit-code 0.
...
