000 (13648508.056.000) 2023-09-04 23:50:03 Job submitted from host: <128.104.101.92:9618?addrs=128.104.101.92-9618+[2607-f388-107c-501-a236-9fff-fe3c-caa8]-9618&alias=submit2.chtc.wisc.edu&noUDP&sock=schedd_1879732_618e>
...
040 (13648508.056.000) 2023-09-05 00:07:43 Started transferring input files
	Transferring to host: <128.105.69.231:9618?addrs=128.105.69.231-9618+[2607-f388-2200-100-eaeb-d3ff-fe3f-fbfc]-9618&alias=e2614.chtc.wisc.edu&noUDP&sock=slot1_47_790319_fb23_52347>
...
040 (13648508.056.000) 2023-09-05 00:07:44 Finished transferring input files
...
001 (13648508.056.000) 2023-09-05 00:07:45 Job executing on host: <128.105.69.231:9618?addrs=128.105.69.231-9618+[2607-f388-2200-100-eaeb-d3ff-fe3f-fbfc]-9618&alias=e2614.chtc.wisc.edu&noUDP&sock=startd_11686_33d5>
	SlotName: slot1_47@e2614.chtc.wisc.edu
	CondorScratchDir = "/var/lib/condor/execute/slot1/dir_3135710"
	Cpus = 1
	Disk = 1458998
	IoHeavy = 0
	Memory = 4096
...
006 (13648508.056.000) 2023-09-05 00:07:54 Image size of job updated: 380408
	272  -  MemoryUsage of job (MB)
	277676  -  ResidentSetSize of job (KB)
...
040 (13648508.056.000) 2023-09-05 00:08:44 Started transferring output files
...
040 (13648508.056.000) 2023-09-05 00:08:44 Finished transferring output files
...
005 (13648508.056.000) 2023-09-05 00:08:45 Job terminated.
	(1) Normal termination (return value 0)
		Usr 0 00:00:57, Sys 0 00:00:00  -  Run Remote Usage
		Usr 0 00:00:00, Sys 0 00:00:00  -  Run Local Usage
		Usr 0 00:00:57, Sys 0 00:00:00  -  Total Remote Usage
		Usr 0 00:00:00, Sys 0 00:00:00  -  Total Local Usage
	30540  -  Run Bytes Sent By Job
	32665120  -  Run Bytes Received By Job
	30540  -  Total Bytes Sent By Job
	32665120  -  Total Bytes Received By Job
	Partitionable Resources :    Usage  Request Allocated 
	   Cpus                 :                 1         1 
	   Disk (KB)            :   254935   524288   1458998 
	   IoHeavy              :                           0 
	   Memory (MB)          :      272     4096      4096 

	Job terminated of its own accord at 2023-09-05T05:08:44Z with exit-code 0.
...
