000 (13655293.336.000) 2023-09-05 00:33:11 Job submitted from host: <128.104.101.92:9618?addrs=128.104.101.92-9618+[2607-f388-107c-501-a236-9fff-fe3c-caa8]-9618&alias=submit2.chtc.wisc.edu&noUDP&sock=schedd_1879732_618e>
...
040 (13655293.336.000) 2023-09-05 00:53:29 Started transferring input files
	Transferring to host: <128.105.69.137:9618?addrs=128.105.69.137-9618+[2607-f388-2200-100-1270-fdff-fe56-d12c]-9618&alias=e4014.chtc.wisc.edu&noUDP&sock=slot1_49_1985361_2db7_52039>
...
001 (13655293.336.000) 2023-09-05 00:53:39 Job executing on host: <128.105.69.137:9618?addrs=128.105.69.137-9618+[2607-f388-2200-100-1270-fdff-fe56-d12c]-9618&alias=e4014.chtc.wisc.edu&noUDP&sock=startd_15862_9754>
	SlotName: slot1_49@e4014.chtc.wisc.edu
	CondorScratchDir = "/var/lib/condor/execute/slot1/dir_4085413"
	Cpus = 1
	Disk = 1208198
	IoHeavy = 0
	Memory = 4096
...
040 (13655293.336.000) 2023-09-05 00:53:39 Finished transferring input files
...
006 (13655293.336.000) 2023-09-05 00:53:47 Image size of job updated: 688772
	673  -  MemoryUsage of job (MB)
	688772  -  ResidentSetSize of job (KB)
...
006 (13655293.336.000) 2023-09-05 00:58:47 Image size of job updated: 1283464
	1062  -  MemoryUsage of job (MB)
	1087352  -  ResidentSetSize of job (KB)
...
006 (13655293.336.000) 2023-09-05 01:03:48 Image size of job updated: 1283464
	1075  -  MemoryUsage of job (MB)
	1100168  -  ResidentSetSize of job (KB)
...
006 (13655293.336.000) 2023-09-05 01:08:49 Image size of job updated: 1283464
	1088  -  MemoryUsage of job (MB)
	1113900  -  ResidentSetSize of job (KB)
...
006 (13655293.336.000) 2023-09-05 19:26:57 Image size of job updated: 1415572
	1088  -  MemoryUsage of job (MB)
	1113900  -  ResidentSetSize of job (KB)
...
040 (13655293.336.000) 2023-09-05 19:26:57 Started transferring output files
...
040 (13655293.336.000) 2023-09-05 19:26:57 Finished transferring output files
...
005 (13655293.336.000) 2023-09-05 19:26:57 Job terminated.
	(1) Normal termination (return value 0)
		Usr 0 18:12:07, Sys 0 00:05:58  -  Run Remote Usage
		Usr 0 00:00:00, Sys 0 00:00:00  -  Run Local Usage
		Usr 0 18:12:07, Sys 0 00:05:58  -  Total Remote Usage
		Usr 0 00:00:00, Sys 0 00:00:00  -  Total Local Usage
	1309627  -  Run Bytes Sent By Job
	32652772  -  Run Bytes Received By Job
	1309627  -  Total Bytes Sent By Job
	32652772  -  Total Bytes Received By Job
	Partitionable Resources :     Usage  Request Allocated 
	   Cpus                 :      0.99        1         1 
	   Disk (KB)            : 274911      524288   1208198 
	   IoHeavy              :                            0 
	   Memory (MB)          :   1088        4096      4096 

	Job terminated of its own accord at 2023-09-06T00:26:57Z with exit-code 0.
...
