000 (13655293.331.000) 2023-09-05 00:33:11 Job submitted from host: <128.104.101.92:9618?addrs=128.104.101.92-9618+[2607-f388-107c-501-a236-9fff-fe3c-caa8]-9618&alias=submit2.chtc.wisc.edu&noUDP&sock=schedd_1879732_618e>
...
040 (13655293.331.000) 2023-09-05 00:53:27 Started transferring input files
	Transferring to host: <128.105.69.126:9618?addrs=128.105.69.126-9618+[2607-f388-2200-100-1270-fdff-fe56-ca5c]-9618&alias=e4075.chtc.wisc.edu&noUDP&sock=slot1_44_2504111_7b5e_65237>
...
001 (13655293.331.000) 2023-09-05 00:53:36 Job executing on host: <128.105.69.126:9618?addrs=128.105.69.126-9618+[2607-f388-2200-100-1270-fdff-fe56-ca5c]-9618&alias=e4075.chtc.wisc.edu&noUDP&sock=startd_19068_a3f5>
	SlotName: slot1_44@e4075.chtc.wisc.edu
	CondorScratchDir = "/var/lib/condor/execute/slot1/dir_1151694"
	Cpus = 1
	Disk = 1208198
	IoHeavy = 0
	Memory = 4096
...
040 (13655293.331.000) 2023-09-05 00:53:36 Finished transferring input files
...
006 (13655293.331.000) 2023-09-05 00:53:44 Image size of job updated: 518276
	507  -  MemoryUsage of job (MB)
	518272  -  ResidentSetSize of job (KB)
...
006 (13655293.331.000) 2023-09-05 00:58:44 Image size of job updated: 1172704
	957  -  MemoryUsage of job (MB)
	979196  -  ResidentSetSize of job (KB)
...
006 (13655293.331.000) 2023-09-05 01:03:45 Image size of job updated: 1172704
	966  -  MemoryUsage of job (MB)
	988176  -  ResidentSetSize of job (KB)
...
006 (13655293.331.000) 2023-09-05 01:08:46 Image size of job updated: 1172704
	966  -  MemoryUsage of job (MB)
	988596  -  ResidentSetSize of job (KB)
...
006 (13655293.331.000) 2023-09-05 01:18:46 Image size of job updated: 1172704
	976  -  MemoryUsage of job (MB)
	998540  -  ResidentSetSize of job (KB)
...
006 (13655293.331.000) 2023-09-05 01:23:47 Image size of job updated: 1172704
	980  -  MemoryUsage of job (MB)
	1003148  -  ResidentSetSize of job (KB)
...
006 (13655293.331.000) 2023-09-05 04:24:05 Image size of job updated: 1172704
	981  -  MemoryUsage of job (MB)
	1003736  -  ResidentSetSize of job (KB)
...
006 (13655293.331.000) 2023-09-05 04:44:06 Image size of job updated: 1172704
	983  -  MemoryUsage of job (MB)
	1006020  -  ResidentSetSize of job (KB)
...
006 (13655293.331.000) 2023-09-05 18:16:40 Image size of job updated: 1304848
	983  -  MemoryUsage of job (MB)
	1006020  -  ResidentSetSize of job (KB)
...
040 (13655293.331.000) 2023-09-05 18:16:40 Started transferring output files
...
040 (13655293.331.000) 2023-09-05 18:16:40 Finished transferring output files
...
005 (13655293.331.000) 2023-09-05 18:16:40 Job terminated.
	(1) Normal termination (return value 0)
		Usr 0 17:05:59, Sys 0 00:01:34  -  Run Remote Usage
		Usr 0 00:00:00, Sys 0 00:00:00  -  Run Local Usage
		Usr 0 17:05:59, Sys 0 00:01:34  -  Total Remote Usage
		Usr 0 00:00:00, Sys 0 00:00:00  -  Total Local Usage
	1309603  -  Run Bytes Sent By Job
	32652772  -  Run Bytes Received By Job
	1309603  -  Total Bytes Sent By Job
	32652772  -  Total Bytes Received By Job
	Partitionable Resources :     Usage  Request Allocated 
	   Cpus                 :      0.99        1         1 
	   Disk (KB)            : 274904      524288   1208198 
	   IoHeavy              :                            0 
	   Memory (MB)          :    983        4096      4096 

	Job terminated of its own accord at 2023-09-05T23:16:40Z with exit-code 0.
...
