000 (13655293.096.000) 2023-09-05 00:33:11 Job submitted from host: <128.104.101.92:9618?addrs=128.104.101.92-9618+[2607-f388-107c-501-a236-9fff-fe3c-caa8]-9618&alias=submit2.chtc.wisc.edu&noUDP&sock=schedd_1879732_618e>
...
040 (13655293.096.000) 2023-09-05 00:36:22 Started transferring input files
	Transferring to host: <128.105.69.175:9618?addrs=128.105.69.175-9618+[2607-f388-2200-100-1270-fdff-fe56-63d4]-9618&alias=e2558.chtc.wisc.edu&noUDP&sock=slot1_112_4096578_8b73_54108>
...
001 (13655293.096.000) 2023-09-05 00:36:30 Job executing on host: <128.105.69.175:9618?addrs=128.105.69.175-9618+[2607-f388-2200-100-1270-fdff-fe56-63d4]-9618&alias=e2558.chtc.wisc.edu&noUDP&sock=startd_13980_b217>
	SlotName: slot1_112@e2558.chtc.wisc.edu
	CondorScratchDir = "/var/lib/condor/execute/slot1/dir_3167939"
	Cpus = 1
	Disk = 1208198
	IoHeavy = 0
	Memory = 4096
...
040 (13655293.096.000) 2023-09-05 00:36:30 Finished transferring input files
...
006 (13655293.096.000) 2023-09-05 00:36:39 Image size of job updated: 732460
	716  -  MemoryUsage of job (MB)
	732460  -  ResidentSetSize of job (KB)
...
006 (13655293.096.000) 2023-09-05 00:41:40 Image size of job updated: 1285332
	1067  -  MemoryUsage of job (MB)
	1092288  -  ResidentSetSize of job (KB)
...
006 (13655293.096.000) 2023-09-05 00:46:40 Image size of job updated: 1285332
	1084  -  MemoryUsage of job (MB)
	1109632  -  ResidentSetSize of job (KB)
...
006 (13655293.096.000) 2023-09-05 02:46:52 Image size of job updated: 1285332
	1085  -  MemoryUsage of job (MB)
	1110552  -  ResidentSetSize of job (KB)
...
006 (13655293.096.000) 2023-09-05 02:56:53 Image size of job updated: 1285332
	1088  -  MemoryUsage of job (MB)
	1113880  -  ResidentSetSize of job (KB)
...
006 (13655293.096.000) 2023-09-05 03:21:56 Image size of job updated: 1285332
	1088  -  MemoryUsage of job (MB)
	1113884  -  ResidentSetSize of job (KB)
...
006 (13655293.096.000) 2023-09-05 20:08:37 Image size of job updated: 1387588
	1298  -  MemoryUsage of job (MB)
	1328916  -  ResidentSetSize of job (KB)
...
040 (13655293.096.000) 2023-09-05 20:09:13 Started transferring output files
...
040 (13655293.096.000) 2023-09-05 20:09:13 Finished transferring output files
...
005 (13655293.096.000) 2023-09-05 20:09:13 Job terminated.
	(1) Normal termination (return value 0)
		Usr 0 19:15:09, Sys 0 00:02:20  -  Run Remote Usage
		Usr 0 00:00:00, Sys 0 00:00:00  -  Run Local Usage
		Usr 0 19:15:09, Sys 0 00:02:20  -  Total Remote Usage
		Usr 0 00:00:00, Sys 0 00:00:00  -  Total Local Usage
	1309695  -  Run Bytes Sent By Job
	32652772  -  Run Bytes Received By Job
	1309695  -  Total Bytes Sent By Job
	32652772  -  Total Bytes Received By Job
	Partitionable Resources :     Usage  Request Allocated 
	   Cpus                 :      0.99        1         1 
	   Disk (KB)            : 274917      524288   1208198 
	   IoHeavy              :                            0 
	   Memory (MB)          :   1298        4096      4096 

	Job terminated of its own accord at 2023-09-06T01:09:13Z with exit-code 0.
...
