000 (13655293.258.000) 2023-09-05 00:33:11 Job submitted from host: <128.104.101.92:9618?addrs=128.104.101.92-9618+[2607-f388-107c-501-a236-9fff-fe3c-caa8]-9618&alias=submit2.chtc.wisc.edu&noUDP&sock=schedd_1879732_618e>
...
040 (13655293.258.000) 2023-09-05 00:48:40 Started transferring input files
	Transferring to host: <128.105.69.111:9618?addrs=128.105.69.111-9618+[2607-f388-2200-100-1270-fdff-fe56-cecc]-9618&alias=e4060.chtc.wisc.edu&noUDP&sock=slot1_67_2818152_c6a0_56962>
...
040 (13655293.258.000) 2023-09-05 00:48:43 Finished transferring input files
...
001 (13655293.258.000) 2023-09-05 00:48:44 Job executing on host: <128.105.69.111:9618?addrs=128.105.69.111-9618+[2607-f388-2200-100-1270-fdff-fe56-cecc]-9618&alias=e4060.chtc.wisc.edu&noUDP&sock=startd_18821_3811>
	SlotName: slot1_67@e4060.chtc.wisc.edu
	CondorScratchDir = "/var/lib/condor/execute/slot1/dir_335324"
	Cpus = 1
	Disk = 1208198
	IoHeavy = 0
	Memory = 4096
...
006 (13655293.258.000) 2023-09-05 00:48:53 Image size of job updated: 705324
	689  -  MemoryUsage of job (MB)
	705324  -  ResidentSetSize of job (KB)
...
006 (13655293.258.000) 2023-09-05 00:53:54 Image size of job updated: 1287824
	1059  -  MemoryUsage of job (MB)
	1084236  -  ResidentSetSize of job (KB)
...
006 (13655293.258.000) 2023-09-05 00:58:54 Image size of job updated: 1287824
	1090  -  MemoryUsage of job (MB)
	1115364  -  ResidentSetSize of job (KB)
...
006 (13655293.258.000) 2023-09-05 04:09:12 Image size of job updated: 1287824
	1091  -  MemoryUsage of job (MB)
	1116364  -  ResidentSetSize of job (KB)
...
006 (13655293.258.000) 2023-09-05 04:54:17 Image size of job updated: 1287824
	1091  -  MemoryUsage of job (MB)
	1116368  -  ResidentSetSize of job (KB)
...
006 (13655293.258.000) 2023-09-05 06:14:26 Image size of job updated: 1287824
	1091  -  MemoryUsage of job (MB)
	1116624  -  ResidentSetSize of job (KB)
...
006 (13655293.258.000) 2023-09-05 07:09:30 Image size of job updated: 1287824
	1091  -  MemoryUsage of job (MB)
	1116628  -  ResidentSetSize of job (KB)
...
006 (13655293.258.000) 2023-09-05 09:09:44 Image size of job updated: 1287824
	1091  -  MemoryUsage of job (MB)
	1116636  -  ResidentSetSize of job (KB)
...
006 (13655293.258.000) 2023-09-05 10:04:49 Image size of job updated: 1287824
	1091  -  MemoryUsage of job (MB)
	1116640  -  ResidentSetSize of job (KB)
...
006 (13655293.258.000) 2023-09-05 11:09:56 Image size of job updated: 1287824
	1091  -  MemoryUsage of job (MB)
	1116644  -  ResidentSetSize of job (KB)
...
006 (13655293.258.000) 2023-09-05 14:45:16 Image size of job updated: 1287824
	1091  -  MemoryUsage of job (MB)
	1116672  -  ResidentSetSize of job (KB)
...
006 (13655293.258.000) 2023-09-05 15:20:19 Image size of job updated: 1287824
	1091  -  MemoryUsage of job (MB)
	1116676  -  ResidentSetSize of job (KB)
...
006 (13655293.258.000) 2023-09-05 16:05:24 Image size of job updated: 1287824
	1091  -  MemoryUsage of job (MB)
	1116688  -  ResidentSetSize of job (KB)
...
006 (13655293.258.000) 2023-09-05 16:40:28 Image size of job updated: 1287824
	1091  -  MemoryUsage of job (MB)
	1116696  -  ResidentSetSize of job (KB)
...
006 (13655293.258.000) 2023-09-05 17:35:35 Image size of job updated: 1287824
	1091  -  MemoryUsage of job (MB)
	1116708  -  ResidentSetSize of job (KB)
...
006 (13655293.258.000) 2023-09-05 17:50:36 Image size of job updated: 1287824
	1091  -  MemoryUsage of job (MB)
	1116712  -  ResidentSetSize of job (KB)
...
006 (13655293.258.000) 2023-09-05 18:40:41 Image size of job updated: 1287824
	1091  -  MemoryUsage of job (MB)
	1116728  -  ResidentSetSize of job (KB)
...
006 (13655293.258.000) 2023-09-05 19:30:45 Image size of job updated: 1287824
	1091  -  MemoryUsage of job (MB)
	1116756  -  ResidentSetSize of job (KB)
...
006 (13655293.258.000) 2023-09-05 19:40:47 Image size of job updated: 1287824
	1091  -  MemoryUsage of job (MB)
	1116760  -  ResidentSetSize of job (KB)
...
006 (13655293.258.000) 2023-09-05 19:45:47 Image size of job updated: 1287824
	1091  -  MemoryUsage of job (MB)
	1116764  -  ResidentSetSize of job (KB)
...
006 (13655293.258.000) 2023-09-05 19:50:48 Image size of job updated: 1287824
	1091  -  MemoryUsage of job (MB)
	1116768  -  ResidentSetSize of job (KB)
...
006 (13655293.258.000) 2023-09-05 19:55:49 Image size of job updated: 1287824
	1091  -  MemoryUsage of job (MB)
	1116772  -  ResidentSetSize of job (KB)
...
006 (13655293.258.000) 2023-09-05 20:20:51 Image size of job updated: 1287824
	1091  -  MemoryUsage of job (MB)
	1116776  -  ResidentSetSize of job (KB)
...
006 (13655293.258.000) 2023-09-05 20:25:51 Image size of job updated: 1287824
	1091  -  MemoryUsage of job (MB)
	1116780  -  ResidentSetSize of job (KB)
...
006 (13655293.258.000) 2023-09-05 20:35:52 Image size of job updated: 1287824
	1091  -  MemoryUsage of job (MB)
	1116792  -  ResidentSetSize of job (KB)
...
006 (13655293.258.000) 2023-09-05 20:45:53 Image size of job updated: 1287824
	1091  -  MemoryUsage of job (MB)
	1116796  -  ResidentSetSize of job (KB)
...
006 (13655293.258.000) 2023-09-05 21:00:54 Image size of job updated: 1287824
	1091  -  MemoryUsage of job (MB)
	1116808  -  ResidentSetSize of job (KB)
...
006 (13655293.258.000) 2023-09-06 01:35:05 Image size of job updated: 1415308
	1091  -  MemoryUsage of job (MB)
	1116808  -  ResidentSetSize of job (KB)
...
040 (13655293.258.000) 2023-09-06 01:35:05 Started transferring output files
...
040 (13655293.258.000) 2023-09-06 01:35:05 Finished transferring output files
...
005 (13655293.258.000) 2023-09-06 01:35:05 Job terminated.
	(1) Normal termination (return value 0)
		Usr 1 00:18:20, Sys 0 00:04:09  -  Run Remote Usage
		Usr 0 00:00:00, Sys 0 00:00:00  -  Run Local Usage
		Usr 1 00:18:20, Sys 0 00:04:09  -  Total Remote Usage
		Usr 0 00:00:00, Sys 0 00:00:00  -  Total Local Usage
	1309357  -  Run Bytes Sent By Job
	32652772  -  Run Bytes Received By Job
	1309357  -  Total Bytes Sent By Job
	32652772  -  Total Bytes Received By Job
	Partitionable Resources :     Usage  Request Allocated 
	   Cpus                 :      0.99        1         1 
	   Disk (KB)            : 274898      524288   1208198 
	   IoHeavy              :                            0 
	   Memory (MB)          :   1091        4096      4096 

	Job terminated of its own accord at 2023-09-06T06:35:05Z with exit-code 0.
...
