000 (13655293.194.000) 2023-09-05 00:33:11 Job submitted from host: <128.104.101.92:9618?addrs=128.104.101.92-9618+[2607-f388-107c-501-a236-9fff-fe3c-caa8]-9618&alias=submit2.chtc.wisc.edu&noUDP&sock=schedd_1879732_618e>
...
040 (13655293.194.000) 2023-09-05 00:43:12 Started transferring input files
	Transferring to host: <128.105.69.189:9618?addrs=128.105.69.189-9618+[2607-f388-2200-100-1270-fdff-fe56-644c]-9618&alias=e4042.chtc.wisc.edu&noUDP&sock=slot1_101_3770169_e03a_55833>
...
040 (13655293.194.000) 2023-09-05 00:43:14 Finished transferring input files
...
001 (13655293.194.000) 2023-09-05 00:43:16 Job executing on host: <128.105.69.189:9618?addrs=128.105.69.189-9618+[2607-f388-2200-100-1270-fdff-fe56-644c]-9618&alias=e4042.chtc.wisc.edu&noUDP&sock=startd_15959_2004>
	SlotName: slot1_101@e4042.chtc.wisc.edu
	CondorScratchDir = "/var/lib/condor/execute/slot1/dir_3499210"
	Cpus = 1
	Disk = 1208198
	IoHeavy = 0
	Memory = 4096
...
006 (13655293.194.000) 2023-09-05 00:43:24 Image size of job updated: 557460
	545  -  MemoryUsage of job (MB)
	557460  -  ResidentSetSize of job (KB)
...
006 (13655293.194.000) 2023-09-05 00:48:24 Image size of job updated: 1179864
	955  -  MemoryUsage of job (MB)
	977332  -  ResidentSetSize of job (KB)
...
006 (13655293.194.000) 2023-09-05 00:53:24 Image size of job updated: 1179864
	978  -  MemoryUsage of job (MB)
	1001448  -  ResidentSetSize of job (KB)
...
006 (13655293.194.000) 2023-09-05 01:33:29 Image size of job updated: 1179864
	981  -  MemoryUsage of job (MB)
	1004520  -  ResidentSetSize of job (KB)
...
006 (13655293.194.000) 2023-09-05 02:53:37 Image size of job updated: 1179864
	982  -  MemoryUsage of job (MB)
	1005276  -  ResidentSetSize of job (KB)
...
006 (13655293.194.000) 2023-09-05 03:18:40 Image size of job updated: 1179864
	988  -  MemoryUsage of job (MB)
	1011016  -  ResidentSetSize of job (KB)
...
006 (13655293.194.000) 2023-09-05 23:53:41 Image size of job updated: 1261704
	988  -  MemoryUsage of job (MB)
	1011016  -  ResidentSetSize of job (KB)
...
040 (13655293.194.000) 2023-09-05 23:53:41 Started transferring output files
...
040 (13655293.194.000) 2023-09-05 23:53:41 Finished transferring output files
...
005 (13655293.194.000) 2023-09-05 23:53:41 Job terminated.
	(1) Normal termination (return value 0)
		Usr 0 22:43:53, Sys 0 00:05:30  -  Run Remote Usage
		Usr 0 00:00:00, Sys 0 00:00:00  -  Run Local Usage
		Usr 0 22:43:53, Sys 0 00:05:30  -  Total Remote Usage
		Usr 0 00:00:00, Sys 0 00:00:00  -  Total Local Usage
	1309552  -  Run Bytes Sent By Job
	32652772  -  Run Bytes Received By Job
	1309552  -  Total Bytes Sent By Job
	32652772  -  Total Bytes Received By Job
	Partitionable Resources :     Usage  Request Allocated 
	   Cpus                 :      0.99        1         1 
	   Disk (KB)            : 274898      524288   1208198 
	   IoHeavy              :                            0 
	   Memory (MB)          :    988        4096      4096 

	Job terminated of its own accord at 2023-09-06T04:53:41Z with exit-code 0.
...
