000 (13655293.222.000) 2023-09-05 00:33:11 Job submitted from host: <128.104.101.92:9618?addrs=128.104.101.92-9618+[2607-f388-107c-501-a236-9fff-fe3c-caa8]-9618&alias=submit2.chtc.wisc.edu&noUDP&sock=schedd_1879732_618e>
...
040 (13655293.222.000) 2023-09-05 00:45:47 Started transferring input files
	Transferring to host: <128.105.69.137:9618?addrs=128.105.69.137-9618+[2607-f388-2200-100-1270-fdff-fe56-d12c]-9618&alias=e4014.chtc.wisc.edu&noUDP&sock=slot1_57_1985361_2db7_51994>
...
040 (13655293.222.000) 2023-09-05 00:45:48 Finished transferring input files
...
001 (13655293.222.000) 2023-09-05 00:46:11 Job executing on host: <128.105.69.137:9618?addrs=128.105.69.137-9618+[2607-f388-2200-100-1270-fdff-fe56-d12c]-9618&alias=e4014.chtc.wisc.edu&noUDP&sock=startd_15862_9754>
	SlotName: slot1_57@e4014.chtc.wisc.edu
	CondorScratchDir = "/var/lib/condor/execute/slot1/dir_4059486"
	Cpus = 1
	Disk = 1208198
	IoHeavy = 0
	Memory = 4096
...
006 (13655293.222.000) 2023-09-05 00:46:19 Image size of job updated: 581088
	568  -  MemoryUsage of job (MB)
	581088  -  ResidentSetSize of job (KB)
...
006 (13655293.222.000) 2023-09-05 00:51:19 Image size of job updated: 1160748
	1134  -  MemoryUsage of job (MB)
	1160744  -  ResidentSetSize of job (KB)
...
006 (13655293.222.000) 2023-09-05 00:56:20 Image size of job updated: 1181728
	1134  -  MemoryUsage of job (MB)
	1160744  -  ResidentSetSize of job (KB)
...
006 (13655293.222.000) 2023-09-06 03:37:36 Image size of job updated: 1306628
	1134  -  MemoryUsage of job (MB)
	1160744  -  ResidentSetSize of job (KB)
...
040 (13655293.222.000) 2023-09-06 03:37:36 Started transferring output files
...
040 (13655293.222.000) 2023-09-06 03:37:36 Finished transferring output files
...
005 (13655293.222.000) 2023-09-06 03:37:36 Job terminated.
	(1) Normal termination (return value 0)
		Usr 1 02:24:48, Sys 0 00:03:29  -  Run Remote Usage
		Usr 0 00:00:00, Sys 0 00:00:00  -  Run Local Usage
		Usr 1 02:24:48, Sys 0 00:03:29  -  Total Remote Usage
		Usr 0 00:00:00, Sys 0 00:00:00  -  Total Local Usage
	1309680  -  Run Bytes Sent By Job
	32652772  -  Run Bytes Received By Job
	1309680  -  Total Bytes Sent By Job
	32652772  -  Total Bytes Received By Job
	Partitionable Resources :     Usage  Request Allocated 
	   Cpus                 :      0.99        1         1 
	   Disk (KB)            : 274900      524288   1208198 
	   IoHeavy              :                            0 
	   Memory (MB)          :   1134        4096      4096 

	Job terminated of its own accord at 2023-09-06T08:37:36Z with exit-code 0.
...
