000 (13655293.444.000) 2023-09-05 00:33:11 Job submitted from host: <128.104.101.92:9618?addrs=128.104.101.92-9618+[2607-f388-107c-501-a236-9fff-fe3c-caa8]-9618&alias=submit2.chtc.wisc.edu&noUDP&sock=schedd_1879732_618e>
...
040 (13655293.444.000) 2023-09-05 00:56:15 Started transferring input files
	Transferring to host: <128.105.69.139:9618?addrs=128.105.69.139-9618+[2607-f388-2200-100-1270-fdff-fe56-79fc]-9618&alias=e4016.chtc.wisc.edu&noUDP&sock=slot1_105_3874560_c76f_62432>
...
001 (13655293.444.000) 2023-09-05 00:56:44 Job executing on host: <128.105.69.139:9618?addrs=128.105.69.139-9618+[2607-f388-2200-100-1270-fdff-fe56-79fc]-9618&alias=e4016.chtc.wisc.edu&noUDP&sock=startd_15800_1075>
	SlotName: slot1_105@e4016.chtc.wisc.edu
	CondorScratchDir = "/var/lib/condor/execute/slot1/dir_2430933"
	Cpus = 1
	Disk = 1208198
	IoHeavy = 0
	Memory = 4096
...
040 (13655293.444.000) 2023-09-05 00:56:44 Finished transferring input files
...
006 (13655293.444.000) 2023-09-05 00:56:52 Image size of job updated: 587812
	575  -  MemoryUsage of job (MB)
	587808  -  ResidentSetSize of job (KB)
...
006 (13655293.444.000) 2023-09-05 01:01:52 Image size of job updated: 1181204
	929  -  MemoryUsage of job (MB)
	950988  -  ResidentSetSize of job (KB)
...
006 (13655293.444.000) 2023-09-05 01:06:54 Image size of job updated: 1181204
	974  -  MemoryUsage of job (MB)
	996812  -  ResidentSetSize of job (KB)
...
006 (13655293.444.000) 2023-09-05 01:56:57 Image size of job updated: 1181204
	976  -  MemoryUsage of job (MB)
	998784  -  ResidentSetSize of job (KB)
...
006 (13655293.444.000) 2023-09-05 02:37:00 Image size of job updated: 1181204
	976  -  MemoryUsage of job (MB)
	999036  -  ResidentSetSize of job (KB)
...
006 (13655293.444.000) 2023-09-05 02:47:01 Image size of job updated: 1181204
	993  -  MemoryUsage of job (MB)
	1016388  -  ResidentSetSize of job (KB)
...
006 (13655293.444.000) 2023-09-05 22:49:03 Image size of job updated: 1307048
	993  -  MemoryUsage of job (MB)
	1016388  -  ResidentSetSize of job (KB)
...
040 (13655293.444.000) 2023-09-05 22:49:03 Started transferring output files
...
040 (13655293.444.000) 2023-09-05 22:49:03 Finished transferring output files
...
005 (13655293.444.000) 2023-09-05 22:49:03 Job terminated.
	(1) Normal termination (return value 0)
		Usr 0 21:25:20, Sys 0 00:05:44  -  Run Remote Usage
		Usr 0 00:00:00, Sys 0 00:00:00  -  Run Local Usage
		Usr 0 21:25:20, Sys 0 00:05:44  -  Total Remote Usage
		Usr 0 00:00:00, Sys 0 00:00:00  -  Total Local Usage
	1309628  -  Run Bytes Sent By Job
	32652772  -  Run Bytes Received By Job
	1309628  -  Total Bytes Sent By Job
	32652772  -  Total Bytes Received By Job
	Partitionable Resources :     Usage  Request Allocated 
	   Cpus                 :      0.99        1         1 
	   Disk (KB)            : 274862      524288   1208198 
	   IoHeavy              :                            0 
	   Memory (MB)          :    993        4096      4096 

	Job terminated of its own accord at 2023-09-06T03:49:03Z with exit-code 0.
...
