000 (14268886.062.000) 2023-09-11 03:21:39 Job submitted from host: <128.104.101.92:9618?addrs=128.104.101.92-9618+[2607-f388-107c-501-a236-9fff-fe3c-caa8]-9618&alias=submit2.chtc.wisc.edu&noUDP&sock=schedd_1879732_618e>
...
040 (14268886.062.000) 2023-09-11 03:25:41 Started transferring input files
	Transferring to host: <128.105.69.94:9618?addrs=128.105.69.94-9618+[2607-f388-2200-100-1270-fdff-fe56-3dcc]-9618&alias=e4005.chtc.wisc.edu&noUDP&sock=slot1_6_3807751_cb72_92616>
...
040 (14268886.062.000) 2023-09-11 03:25:43 Finished transferring input files
...
001 (14268886.062.000) 2023-09-11 03:25:44 Job executing on host: <128.105.69.94:9618?addrs=128.105.69.94-9618+[2607-f388-2200-100-1270-fdff-fe56-3dcc]-9618&alias=e4005.chtc.wisc.edu&noUDP&sock=startd_14681_85fb>
	SlotName: slot1_6@e4005.chtc.wisc.edu
	CondorScratchDir = "/var/lib/condor/execute/slot1/dir_2985003"
	Cpus = 1
	Disk = 1268229
	IoHeavy = 0
	Memory = 4096
...
006 (14268886.062.000) 2023-09-11 03:25:53 Image size of job updated: 660484
	646  -  MemoryUsage of job (MB)
	660484  -  ResidentSetSize of job (KB)
...
006 (14268886.062.000) 2023-09-11 03:27:45 Image size of job updated: 848004
	646  -  MemoryUsage of job (MB)
	660484  -  ResidentSetSize of job (KB)
...
040 (14268886.062.000) 2023-09-11 03:27:46 Started transferring output files
...
040 (14268886.062.000) 2023-09-11 03:27:46 Finished transferring output files
...
005 (14268886.062.000) 2023-09-11 03:27:46 Job terminated.
	(1) Normal termination (return value 0)
		Usr 0 00:01:51, Sys 0 00:00:06  -  Run Remote Usage
		Usr 0 00:00:00, Sys 0 00:00:00  -  Run Local Usage
		Usr 0 00:01:51, Sys 0 00:00:06  -  Total Remote Usage
		Usr 0 00:00:00, Sys 0 00:00:00  -  Total Local Usage
	93835  -  Run Bytes Sent By Job
	32720416  -  Run Bytes Received By Job
	93835  -  Total Bytes Sent By Job
	32720416  -  Total Bytes Received By Job
	Partitionable Resources :     Usage  Request Allocated 
	   Cpus                 :      0.01        1         1 
	   Disk (KB)            : 261243      524288   1268229 
	   IoHeavy              :                            0 
	   Memory (MB)          :    646        4096      4096 

	Job terminated of its own accord at 2023-09-11T08:27:45Z with exit-code 0.
...
