000 (13655293.366.000) 2023-09-05 00:33:11 Job submitted from host: <128.104.101.92:9618?addrs=128.104.101.92-9618+[2607-f388-107c-501-a236-9fff-fe3c-caa8]-9618&alias=submit2.chtc.wisc.edu&noUDP&sock=schedd_1879732_618e>
...
040 (13655293.366.000) 2023-09-05 00:54:55 Started transferring input files
	Transferring to host: <128.105.69.91:9618?addrs=128.105.69.91-9618+[2607-f388-2200-100-1270-fdff-fe56-41c4]-9618&alias=e4002.chtc.wisc.edu&noUDP&sock=slot1_112_1583588_c105_57756>
...
001 (13655293.366.000) 2023-09-05 00:55:11 Job executing on host: <128.105.69.91:9618?addrs=128.105.69.91-9618+[2607-f388-2200-100-1270-fdff-fe56-41c4]-9618&alias=e4002.chtc.wisc.edu&noUDP&sock=startd_14707_5b71>
	SlotName: slot1_112@e4002.chtc.wisc.edu
	CondorScratchDir = "/var/lib/condor/execute/slot1/dir_2872158"
	Cpus = 1
	Disk = 1268229
	IoHeavy = 0
	Memory = 4096
...
040 (13655293.366.000) 2023-09-05 00:55:11 Finished transferring input files
...
006 (13655293.366.000) 2023-09-05 00:55:20 Image size of job updated: 728532
	712  -  MemoryUsage of job (MB)
	728528  -  ResidentSetSize of job (KB)
...
006 (13655293.366.000) 2023-09-05 01:00:22 Image size of job updated: 1290840
	1068  -  MemoryUsage of job (MB)
	1092880  -  ResidentSetSize of job (KB)
...
006 (13655293.366.000) 2023-09-05 01:05:22 Image size of job updated: 1290840
	1083  -  MemoryUsage of job (MB)
	1108044  -  ResidentSetSize of job (KB)
...
006 (13655293.366.000) 2023-09-05 01:15:23 Image size of job updated: 1290840
	1089  -  MemoryUsage of job (MB)
	1114860  -  ResidentSetSize of job (KB)
...
006 (13655293.366.000) 2023-09-05 03:15:40 Image size of job updated: 1290840
	1092  -  MemoryUsage of job (MB)
	1117268  -  ResidentSetSize of job (KB)
...
006 (13655293.366.000) 2023-09-06 00:28:31 Image size of job updated: 1421064
	1092  -  MemoryUsage of job (MB)
	1117268  -  ResidentSetSize of job (KB)
...
040 (13655293.366.000) 2023-09-06 00:28:31 Started transferring output files
...
040 (13655293.366.000) 2023-09-06 00:28:31 Finished transferring output files
...
005 (13655293.366.000) 2023-09-06 00:28:31 Job terminated.
	(1) Normal termination (return value 0)
		Usr 0 23:04:12, Sys 0 00:06:19  -  Run Remote Usage
		Usr 0 00:00:00, Sys 0 00:00:00  -  Run Local Usage
		Usr 0 23:04:12, Sys 0 00:06:19  -  Total Remote Usage
		Usr 0 00:00:00, Sys 0 00:00:00  -  Total Local Usage
	1309608  -  Run Bytes Sent By Job
	32652772  -  Run Bytes Received By Job
	1309608  -  Total Bytes Sent By Job
	32652772  -  Total Bytes Received By Job
	Partitionable Resources :     Usage  Request Allocated 
	   Cpus                 :      0.99        1         1 
	   Disk (KB)            : 274890      524288   1268229 
	   IoHeavy              :                            0 
	   Memory (MB)          :   1092        4096      4096 

	Job terminated of its own accord at 2023-09-06T05:28:31Z with exit-code 0.
...
