000 (13648508.012.000) 2023-09-04 23:50:03 Job submitted from host: <128.104.101.92:9618?addrs=128.104.101.92-9618+[2607-f388-107c-501-a236-9fff-fe3c-caa8]-9618&alias=submit2.chtc.wisc.edu&noUDP&sock=schedd_1879732_618e>
...
040 (13648508.012.000) 2023-09-04 23:55:16 Started transferring input files
	Transferring to host: <128.105.69.112:9618?addrs=128.105.69.112-9618+[2607-f388-2200-100-1270-fdff-fe56-c354]-9618&alias=e4061.chtc.wisc.edu&noUDP&sock=slot1_43_538946_f655_14286>
...
040 (13648508.012.000) 2023-09-04 23:55:18 Finished transferring input files
...
001 (13648508.012.000) 2023-09-04 23:55:19 Job executing on host: <128.105.69.112:9618?addrs=128.105.69.112-9618+[2607-f388-2200-100-1270-fdff-fe56-c354]-9618&alias=e4061.chtc.wisc.edu&noUDP&sock=startd_22836_2cd0>
	SlotName: slot1_43@e4061.chtc.wisc.edu
	CondorScratchDir = "/var/lib/condor/execute/slot1/dir_2166828"
	Cpus = 1
	Disk = 1208198
	IoHeavy = 0
	Memory = 4096
...
006 (13648508.012.000) 2023-09-04 23:55:27 Image size of job updated: 274324
	171  -  MemoryUsage of job (MB)
	174776  -  ResidentSetSize of job (KB)
...
006 (13648508.012.000) 2023-09-05 00:00:27 Image size of job updated: 274324
	183  -  MemoryUsage of job (MB)
	186600  -  ResidentSetSize of job (KB)
...
006 (13648508.012.000) 2023-09-05 00:05:28 Image size of job updated: 274324
	184  -  MemoryUsage of job (MB)
	187600  -  ResidentSetSize of job (KB)
...
040 (13648508.012.000) 2023-09-05 00:09:57 Started transferring output files
...
040 (13648508.012.000) 2023-09-05 00:09:57 Finished transferring output files
...
005 (13648508.012.000) 2023-09-05 00:09:57 Job terminated.
	(1) Normal termination (return value 0)
		Usr 0 00:14:16, Sys 0 00:00:01  -  Run Remote Usage
		Usr 0 00:00:00, Sys 0 00:00:00  -  Run Local Usage
		Usr 0 00:14:16, Sys 0 00:00:01  -  Total Remote Usage
		Usr 0 00:00:00, Sys 0 00:00:00  -  Total Local Usage
	30681  -  Run Bytes Sent By Job
	32665120  -  Run Bytes Received By Job
	30681  -  Total Bytes Sent By Job
	32665120  -  Total Bytes Received By Job
	Partitionable Resources :     Usage  Request Allocated 
	   Cpus                 :      0.98        1         1 
	   Disk (KB)            : 254943      524288   1208198 
	   IoHeavy              :                            0 
	   Memory (MB)          :    184        4096      4096 

	Job terminated of its own accord at 2023-09-05T05:09:56Z with exit-code 0.
...
