000 (13655293.008.000) 2023-09-05 00:33:11 Job submitted from host: <128.104.101.92:9618?addrs=128.104.101.92-9618+[2607-f388-107c-501-a236-9fff-fe3c-caa8]-9618&alias=submit2.chtc.wisc.edu&noUDP&sock=schedd_1879732_618e>
...
040 (13655293.008.000) 2023-09-05 00:35:53 Started transferring input files
	Transferring to host: <128.105.69.190:9618?addrs=128.105.69.190-9618+[2607-f388-2200-100-1270-fdff-fe56-c2fc]-9618&alias=e4043.chtc.wisc.edu&noUDP&sock=slot1_45_738924_8dd9_9056>
...
040 (13655293.008.000) 2023-09-05 00:35:55 Finished transferring input files
...
001 (13655293.008.000) 2023-09-05 00:35:56 Job executing on host: <128.105.69.190:9618?addrs=128.105.69.190-9618+[2607-f388-2200-100-1270-fdff-fe56-c2fc]-9618&alias=e4043.chtc.wisc.edu&noUDP&sock=startd_16563_6b38>
	SlotName: slot1_45@e4043.chtc.wisc.edu
	CondorScratchDir = "/var/lib/condor/execute/slot1/dir_1937255"
	Cpus = 1
	Disk = 1208198
	IoHeavy = 0
	Memory = 4096
...
006 (13655293.008.000) 2023-09-05 00:36:05 Image size of job updated: 565420
	553  -  MemoryUsage of job (MB)
	565420  -  ResidentSetSize of job (KB)
...
006 (13655293.008.000) 2023-09-05 00:41:06 Image size of job updated: 1160704
	1134  -  MemoryUsage of job (MB)
	1160696  -  ResidentSetSize of job (KB)
...
006 (13655293.008.000) 2023-09-05 00:46:06 Image size of job updated: 1173456
	1134  -  MemoryUsage of job (MB)
	1160696  -  ResidentSetSize of job (KB)
...
006 (13655293.008.000) 2023-09-06 00:07:34 Image size of job updated: 1277860
	1134  -  MemoryUsage of job (MB)
	1160696  -  ResidentSetSize of job (KB)
...
040 (13655293.008.000) 2023-09-06 00:07:34 Started transferring output files
...
040 (13655293.008.000) 2023-09-06 00:07:34 Finished transferring output files
...
005 (13655293.008.000) 2023-09-06 00:07:34 Job terminated.
	(1) Normal termination (return value 0)
		Usr 0 23:08:30, Sys 0 00:04:09  -  Run Remote Usage
		Usr 0 00:00:00, Sys 0 00:00:00  -  Run Local Usage
		Usr 0 23:08:30, Sys 0 00:04:09  -  Total Remote Usage
		Usr 0 00:00:00, Sys 0 00:00:00  -  Total Local Usage
	1309467  -  Run Bytes Sent By Job
	32652772  -  Run Bytes Received By Job
	1309467  -  Total Bytes Sent By Job
	32652772  -  Total Bytes Received By Job
	Partitionable Resources :     Usage  Request Allocated 
	   Cpus                 :      0.99        1         1 
	   Disk (KB)            : 274896      524288   1208198 
	   IoHeavy              :                            0 
	   Memory (MB)          :   1134        4096      4096 

	Job terminated of its own accord at 2023-09-06T05:07:34Z with exit-code 0.
...
