000 (13655293.290.000) 2023-09-05 00:33:11 Job submitted from host: <128.104.101.92:9618?addrs=128.104.101.92-9618+[2607-f388-107c-501-a236-9fff-fe3c-caa8]-9618&alias=submit2.chtc.wisc.edu&noUDP&sock=schedd_1879732_618e>
...
040 (13655293.290.000) 2023-09-05 00:52:12 Started transferring input files
	Transferring to host: <128.105.68.91:9618?addrs=128.105.68.91-9618+[2607-f388-2200-100-1270-fdff-fe56-c2c4]-9618&alias=e4053.chtc.wisc.edu&noUDP&sock=slot1_32_550738_7e35_48623>
...
040 (13655293.290.000) 2023-09-05 00:52:14 Finished transferring input files
...
001 (13655293.290.000) 2023-09-05 00:52:21 Job executing on host: <128.105.68.91:9618?addrs=128.105.68.91-9618+[2607-f388-2200-100-1270-fdff-fe56-c2c4]-9618&alias=e4053.chtc.wisc.edu&noUDP&sock=startd_11752_7915>
	SlotName: slot1_32@e4053.chtc.wisc.edu
	CondorScratchDir = "/var/lib/condor/execute/slot1/dir_2850724"
	Cpus = 1
	Disk = 1208198
	IoHeavy = 0
	Memory = 4096
...
006 (13655293.290.000) 2023-09-05 00:52:30 Image size of job updated: 594852
	581  -  MemoryUsage of job (MB)
	594848  -  ResidentSetSize of job (KB)
...
006 (13655293.290.000) 2023-09-05 00:57:32 Image size of job updated: 1184124
	950  -  MemoryUsage of job (MB)
	972632  -  ResidentSetSize of job (KB)
...
006 (13655293.290.000) 2023-09-05 01:02:32 Image size of job updated: 1184124
	983  -  MemoryUsage of job (MB)
	1006008  -  ResidentSetSize of job (KB)
...
006 (13655293.290.000) 2023-09-05 01:07:32 Image size of job updated: 1184124
	990  -  MemoryUsage of job (MB)
	1012920  -  ResidentSetSize of job (KB)
...
006 (13655293.290.000) 2023-09-06 03:22:23 Image size of job updated: 1292580
	990  -  MemoryUsage of job (MB)
	1012920  -  ResidentSetSize of job (KB)
...
040 (13655293.290.000) 2023-09-06 03:22:23 Started transferring output files
...
040 (13655293.290.000) 2023-09-06 03:22:23 Finished transferring output files
...
005 (13655293.290.000) 2023-09-06 03:22:23 Job terminated.
	(1) Normal termination (return value 0)
		Usr 1 01:57:25, Sys 0 00:04:11  -  Run Remote Usage
		Usr 0 00:00:00, Sys 0 00:00:00  -  Run Local Usage
		Usr 1 01:57:25, Sys 0 00:04:11  -  Total Remote Usage
		Usr 0 00:00:00, Sys 0 00:00:00  -  Total Local Usage
	1309583  -  Run Bytes Sent By Job
	32652772  -  Run Bytes Received By Job
	1309583  -  Total Bytes Sent By Job
	32652772  -  Total Bytes Received By Job
	Partitionable Resources :     Usage  Request Allocated 
	   Cpus                 :      0.99        1         1 
	   Disk (KB)            : 274907      524288   1208198 
	   IoHeavy              :                            0 
	   Memory (MB)          :    990        4096      4096 

	Job terminated of its own accord at 2023-09-06T08:22:23Z with exit-code 0.
...
