000 (13655293.183.000) 2023-09-05 00:33:11 Job submitted from host: <128.104.101.92:9618?addrs=128.104.101.92-9618+[2607-f388-107c-501-a236-9fff-fe3c-caa8]-9618&alias=submit2.chtc.wisc.edu&noUDP&sock=schedd_1879732_618e>
...
040 (13655293.183.000) 2023-09-05 00:41:44 Started transferring input files
	Transferring to host: <128.105.69.171:9618?addrs=128.105.69.171-9618+[2607-f388-2200-100-1270-fdff-fe56-76ac]-9618&alias=e2554.chtc.wisc.edu&noUDP&sock=slot1_72_1826531_133c_47912>
...
040 (13655293.183.000) 2023-09-05 00:41:46 Finished transferring input files
...
001 (13655293.183.000) 2023-09-05 00:41:47 Job executing on host: <128.105.69.171:9618?addrs=128.105.69.171-9618+[2607-f388-2200-100-1270-fdff-fe56-76ac]-9618&alias=e2554.chtc.wisc.edu&noUDP&sock=startd_14106_1f06>
	SlotName: slot1_72@e2554.chtc.wisc.edu
	CondorScratchDir = "/var/lib/condor/execute/slot1/dir_1601952"
	Cpus = 1
	Disk = 1208198
	IoHeavy = 0
	Memory = 4096
...
006 (13655293.183.000) 2023-09-05 00:41:56 Image size of job updated: 703152
	687  -  MemoryUsage of job (MB)
	703152  -  ResidentSetSize of job (KB)
...
006 (13655293.183.000) 2023-09-05 00:46:57 Image size of job updated: 1283664
	1057  -  MemoryUsage of job (MB)
	1082120  -  ResidentSetSize of job (KB)
...
006 (13655293.183.000) 2023-09-05 00:51:57 Image size of job updated: 1283664
	1072  -  MemoryUsage of job (MB)
	1097348  -  ResidentSetSize of job (KB)
...
006 (13655293.183.000) 2023-09-05 00:56:57 Image size of job updated: 1283664
	1076  -  MemoryUsage of job (MB)
	1100864  -  ResidentSetSize of job (KB)
...
006 (13655293.183.000) 2023-09-05 01:01:58 Image size of job updated: 1283664
	1077  -  MemoryUsage of job (MB)
	1102388  -  ResidentSetSize of job (KB)
...
006 (13655293.183.000) 2023-09-05 01:06:58 Image size of job updated: 1283664
	1086  -  MemoryUsage of job (MB)
	1111492  -  ResidentSetSize of job (KB)
...
006 (13655293.183.000) 2023-09-06 01:53:26 Image size of job updated: 1385032
	1086  -  MemoryUsage of job (MB)
	1111492  -  ResidentSetSize of job (KB)
...
040 (13655293.183.000) 2023-09-06 01:53:26 Started transferring output files
...
040 (13655293.183.000) 2023-09-06 01:53:26 Finished transferring output files
...
005 (13655293.183.000) 2023-09-06 01:53:26 Job terminated.
	(1) Normal termination (return value 0)
		Usr 1 00:41:00, Sys 0 00:05:08  -  Run Remote Usage
		Usr 0 00:00:00, Sys 0 00:00:00  -  Run Local Usage
		Usr 1 00:41:00, Sys 0 00:05:08  -  Total Remote Usage
		Usr 0 00:00:00, Sys 0 00:00:00  -  Total Local Usage
	1309460  -  Run Bytes Sent By Job
	32652772  -  Run Bytes Received By Job
	1309460  -  Total Bytes Sent By Job
	32652772  -  Total Bytes Received By Job
	Partitionable Resources :     Usage  Request Allocated 
	   Cpus                 :      0.98        1         1 
	   Disk (KB)            : 274897      524288   1208198 
	   IoHeavy              :                            0 
	   Memory (MB)          :   1086        4096      4096 

	Job terminated of its own accord at 2023-09-06T06:53:26Z with exit-code 0.
...
