000 (14312691.051.000) 2023-09-11 11:54:06 Job submitted from host: <128.104.101.92:9618?addrs=128.104.101.92-9618+[2607-f388-107c-501-a236-9fff-fe3c-caa8]-9618&alias=submit2.chtc.wisc.edu&noUDP&sock=schedd_1879732_618e>
...
040 (14312691.051.000) 2023-09-11 12:00:30 Started transferring input files
	Transferring to host: <128.105.69.166:9618?addrs=128.105.69.166-9618+[2607-f388-2200-100-1270-fdff-fe56-717c]-9618&alias=e2549.chtc.wisc.edu&noUDP&sock=slot1_117_3372177_8202_115739>
...
040 (14312691.051.000) 2023-09-11 12:00:32 Finished transferring input files
...
001 (14312691.051.000) 2023-09-11 12:00:36 Job executing on host: <128.105.69.166:9618?addrs=128.105.69.166-9618+[2607-f388-2200-100-1270-fdff-fe56-717c]-9618&alias=e2549.chtc.wisc.edu&noUDP&sock=startd_12925_0dac>
	SlotName: slot1_117@e2549.chtc.wisc.edu
	CondorScratchDir = "/var/lib/condor/execute/slot1/dir_3504243"
	Cpus = 1
	Disk = 1208198
	IoHeavy = 0
	Memory = 4096
...
006 (14312691.051.000) 2023-09-11 12:00:45 Image size of job updated: 379428
	270  -  MemoryUsage of job (MB)
	275764  -  ResidentSetSize of job (KB)
...
040 (14312691.051.000) 2023-09-11 12:01:55 Started transferring output files
...
040 (14312691.051.000) 2023-09-11 12:01:55 Finished transferring output files
...
005 (14312691.051.000) 2023-09-11 12:01:55 Job terminated.
	(1) Normal termination (return value 0)
		Usr 0 00:01:15, Sys 0 00:00:01  -  Run Remote Usage
		Usr 0 00:00:00, Sys 0 00:00:00  -  Run Local Usage
		Usr 0 00:01:15, Sys 0 00:00:01  -  Total Remote Usage
		Usr 0 00:00:00, Sys 0 00:00:00  -  Total Local Usage
	107996  -  Run Bytes Sent By Job
	32664896  -  Run Bytes Received By Job
	107996  -  Total Bytes Sent By Job
	32664896  -  Total Bytes Received By Job
	Partitionable Resources :    Usage  Request Allocated 
	   Cpus                 :                 1         1 
	   Disk (KB)            :   255011   524288   1208198 
	   IoHeavy              :                           0 
	   Memory (MB)          :      270     4096      4096 

	Job terminated of its own accord at 2023-09-11T17:01:55Z with exit-code 0.
...
