000 (13655293.492.000) 2023-09-05 00:33:11 Job submitted from host: <128.104.101.92:9618?addrs=128.104.101.92-9618+[2607-f388-107c-501-a236-9fff-fe3c-caa8]-9618&alias=submit2.chtc.wisc.edu&noUDP&sock=schedd_1879732_618e>
...
040 (13655293.492.000) 2023-09-05 00:57:43 Started transferring input files
	Transferring to host: <128.105.69.157:9618?addrs=128.105.69.157-9618+[2607-f388-2200-100-1270-fdff-fe56-c3a4]-9618&alias=e4090.chtc.wisc.edu&noUDP&sock=slot1_21_1363133_4360_49285>
...
001 (13655293.492.000) 2023-09-05 00:58:57 Job executing on host: <128.105.69.157:9618?addrs=128.105.69.157-9618+[2607-f388-2200-100-1270-fdff-fe56-c3a4]-9618&alias=e4090.chtc.wisc.edu&noUDP&sock=startd_18322_f24e>
	SlotName: slot1_21@e4090.chtc.wisc.edu
	CondorScratchDir = "/var/lib/condor/execute/slot1/dir_559183"
	Cpus = 1
	Disk = 1208198
	IoHeavy = 0
	Memory = 4096
...
040 (13655293.492.000) 2023-09-05 00:58:57 Finished transferring input files
...
006 (13655293.492.000) 2023-09-05 00:59:05 Image size of job updated: 622940
	609  -  MemoryUsage of job (MB)
	622928  -  ResidentSetSize of job (KB)
...
006 (13655293.492.000) 2023-09-05 01:04:05 Image size of job updated: 1125512
	970  -  MemoryUsage of job (MB)
	992996  -  ResidentSetSize of job (KB)
...
006 (13655293.492.000) 2023-09-05 01:09:07 Image size of job updated: 1292080
	1049  -  MemoryUsage of job (MB)
	1073892  -  ResidentSetSize of job (KB)
...
006 (13655293.492.000) 2023-09-05 01:14:07 Image size of job updated: 1292080
	1068  -  MemoryUsage of job (MB)
	1092764  -  ResidentSetSize of job (KB)
...
006 (13655293.492.000) 2023-09-05 01:19:07 Image size of job updated: 1292080
	1075  -  MemoryUsage of job (MB)
	1100348  -  ResidentSetSize of job (KB)
...
006 (13655293.492.000) 2023-09-05 01:24:08 Image size of job updated: 1292080
	1076  -  MemoryUsage of job (MB)
	1101116  -  ResidentSetSize of job (KB)
...
006 (13655293.492.000) 2023-09-05 01:34:09 Image size of job updated: 1292080
	1081  -  MemoryUsage of job (MB)
	1106196  -  ResidentSetSize of job (KB)
...
006 (13655293.492.000) 2023-09-05 01:44:10 Image size of job updated: 1292080
	1085  -  MemoryUsage of job (MB)
	1110036  -  ResidentSetSize of job (KB)
...
006 (13655293.492.000) 2023-09-05 02:44:16 Image size of job updated: 1292080
	1087  -  MemoryUsage of job (MB)
	1112072  -  ResidentSetSize of job (KB)
...
006 (13655293.492.000) 2023-09-05 06:19:42 Image size of job updated: 1292080
	1087  -  MemoryUsage of job (MB)
	1112156  -  ResidentSetSize of job (KB)
...
006 (13655293.492.000) 2023-09-06 03:03:31 Image size of job updated: 1409696
	1087  -  MemoryUsage of job (MB)
	1112156  -  ResidentSetSize of job (KB)
...
040 (13655293.492.000) 2023-09-06 03:03:31 Started transferring output files
...
040 (13655293.492.000) 2023-09-06 03:03:31 Finished transferring output files
...
005 (13655293.492.000) 2023-09-06 03:03:31 Job terminated.
	(1) Normal termination (return value 0)
		Usr 1 01:40:28, Sys 0 00:04:52  -  Run Remote Usage
		Usr 0 00:00:00, Sys 0 00:00:00  -  Run Local Usage
		Usr 1 01:40:28, Sys 0 00:04:52  -  Total Remote Usage
		Usr 0 00:00:00, Sys 0 00:00:00  -  Total Local Usage
	1309615  -  Run Bytes Sent By Job
	32652772  -  Run Bytes Received By Job
	1309615  -  Total Bytes Sent By Job
	32652772  -  Total Bytes Received By Job
	Partitionable Resources :     Usage  Request Allocated 
	   Cpus                 :      0.99        1         1 
	   Disk (KB)            : 274910      524288   1208198 
	   IoHeavy              :                            0 
	   Memory (MB)          :   1087        4096      4096 

	Job terminated of its own accord at 2023-09-06T08:03:31Z with exit-code 0.
...
