000 (13655293.207.000) 2023-09-05 00:33:11 Job submitted from host: <128.104.101.92:9618?addrs=128.104.101.92-9618+[2607-f388-107c-501-a236-9fff-fe3c-caa8]-9618&alias=submit2.chtc.wisc.edu&noUDP&sock=schedd_1879732_618e>
...
040 (13655293.207.000) 2023-09-05 00:43:58 Started transferring input files
	Transferring to host: <128.105.69.137:9618?addrs=128.105.69.137-9618+[2607-f388-2200-100-1270-fdff-fe56-d12c]-9618&alias=e4014.chtc.wisc.edu&noUDP&sock=slot1_19_1985361_2db7_51966>
...
040 (13655293.207.000) 2023-09-05 00:44:03 Finished transferring input files
...
001 (13655293.207.000) 2023-09-05 00:44:16 Job executing on host: <128.105.69.137:9618?addrs=128.105.69.137-9618+[2607-f388-2200-100-1270-fdff-fe56-d12c]-9618&alias=e4014.chtc.wisc.edu&noUDP&sock=startd_15862_9754>
	SlotName: slot1_19@e4014.chtc.wisc.edu
	CondorScratchDir = "/var/lib/condor/execute/slot1/dir_4052329"
	Cpus = 1
	Disk = 1208198
	IoHeavy = 0
	Memory = 4096
...
006 (13655293.207.000) 2023-09-05 00:44:25 Image size of job updated: 709156
	693  -  MemoryUsage of job (MB)
	709152  -  ResidentSetSize of job (KB)
...
006 (13655293.207.000) 2023-09-05 00:49:26 Image size of job updated: 1267200
	1227  -  MemoryUsage of job (MB)
	1256180  -  ResidentSetSize of job (KB)
...
006 (13655293.207.000) 2023-09-05 00:54:26 Image size of job updated: 1279736
	1227  -  MemoryUsage of job (MB)
	1256180  -  ResidentSetSize of job (KB)
...
006 (13655293.207.000) 2023-09-06 00:43:51 Image size of job updated: 1418140
	1227  -  MemoryUsage of job (MB)
	1256180  -  ResidentSetSize of job (KB)
...
040 (13655293.207.000) 2023-09-06 00:43:51 Started transferring output files
...
040 (13655293.207.000) 2023-09-06 00:43:51 Finished transferring output files
...
005 (13655293.207.000) 2023-09-06 00:43:51 Job terminated.
	(1) Normal termination (return value 0)
		Usr 0 23:31:28, Sys 0 00:07:57  -  Run Remote Usage
		Usr 0 00:00:00, Sys 0 00:00:00  -  Run Local Usage
		Usr 0 23:31:28, Sys 0 00:07:57  -  Total Remote Usage
		Usr 0 00:00:00, Sys 0 00:00:00  -  Total Local Usage
	1309645  -  Run Bytes Sent By Job
	32652772  -  Run Bytes Received By Job
	1309645  -  Total Bytes Sent By Job
	32652772  -  Total Bytes Received By Job
	Partitionable Resources :     Usage  Request Allocated 
	   Cpus                 :      0.99        1         1 
	   Disk (KB)            : 274906      524288   1208198 
	   IoHeavy              :                            0 
	   Memory (MB)          :   1227        4096      4096 

	Job terminated of its own accord at 2023-09-06T05:43:51Z with exit-code 0.
...
