000 (13653349.004.000) 2023-09-05 00:26:26 Job submitted from host: <128.104.101.92:9618?addrs=128.104.101.92-9618+[2607-f388-107c-501-a236-9fff-fe3c-caa8]-9618&alias=submit2.chtc.wisc.edu&noUDP&sock=schedd_1879732_618e>
...
040 (13653349.004.000) 2023-09-05 00:29:05 Started transferring input files
	Transferring to host: <128.105.69.191:9618?addrs=128.105.69.191-9618+[2607-f388-2200-100-1270-fdff-fe56-3d4c]-9618&alias=e4044.chtc.wisc.edu&noUDP&sock=slot1_47_852826_d131_11509>
...
040 (13653349.004.000) 2023-09-05 00:29:07 Finished transferring input files
...
001 (13653349.004.000) 2023-09-05 00:29:08 Job executing on host: <128.105.69.191:9618?addrs=128.105.69.191-9618+[2607-f388-2200-100-1270-fdff-fe56-3d4c]-9618&alias=e4044.chtc.wisc.edu&noUDP&sock=startd_16542_03ba>
	SlotName: slot1_47@e4044.chtc.wisc.edu
	CondorScratchDir = "/var/lib/condor/execute/slot1/dir_2497586"
	Cpus = 1
	Disk = 1208198
	IoHeavy = 0
	Memory = 4096
...
006 (13653349.004.000) 2023-09-05 00:29:17 Image size of job updated: 272648
	164  -  MemoryUsage of job (MB)
	167424  -  ResidentSetSize of job (KB)
...
040 (13653349.004.000) 2023-09-05 00:29:52 Started transferring output files
...
040 (13653349.004.000) 2023-09-05 00:29:54 Finished transferring output files
...
005 (13653349.004.000) 2023-09-05 00:30:02 Job terminated.
	(1) Normal termination (return value 0)
		Usr 0 00:00:38, Sys 0 00:00:01  -  Run Remote Usage
		Usr 0 00:00:00, Sys 0 00:00:00  -  Run Local Usage
		Usr 0 00:00:38, Sys 0 00:00:01  -  Total Remote Usage
		Usr 0 00:00:00, Sys 0 00:00:00  -  Total Local Usage
	28522  -  Run Bytes Sent By Job
	32664692  -  Run Bytes Received By Job
	28522  -  Total Bytes Sent By Job
	32664692  -  Total Bytes Received By Job
	Partitionable Resources :     Usage  Request Allocated 
	   Cpus                 :      0.99        1         1 
	   Disk (KB)            : 254940      524288   1208198 
	   IoHeavy              :                            0 
	   Memory (MB)          :    164        4096      4096 

	Job terminated of its own accord at 2023-09-05T05:29:50Z with exit-code 0.
...
