000 (13655293.115.000) 2023-09-05 00:33:11 Job submitted from host: <128.104.101.92:9618?addrs=128.104.101.92-9618+[2607-f388-107c-501-a236-9fff-fe3c-caa8]-9618&alias=submit2.chtc.wisc.edu&noUDP&sock=schedd_1879732_618e>
...
040 (13655293.115.000) 2023-09-05 00:36:24 Started transferring input files
	Transferring to host: <128.105.69.112:9618?addrs=128.105.69.112-9618+[2607-f388-2200-100-1270-fdff-fe56-c354]-9618&alias=e4061.chtc.wisc.edu&noUDP&sock=slot1_54_538946_f655_14453>
...
001 (13655293.115.000) 2023-09-05 00:36:34 Job executing on host: <128.105.69.112:9618?addrs=128.105.69.112-9618+[2607-f388-2200-100-1270-fdff-fe56-c354]-9618&alias=e4061.chtc.wisc.edu&noUDP&sock=startd_22836_2cd0>
	SlotName: slot1_54@e4061.chtc.wisc.edu
	CondorScratchDir = "/var/lib/condor/execute/slot1/dir_2208189"
	Cpus = 1
	Disk = 1208198
	IoHeavy = 0
	Memory = 4096
...
040 (13655293.115.000) 2023-09-05 00:36:34 Finished transferring input files
...
006 (13655293.115.000) 2023-09-05 00:36:43 Image size of job updated: 694184
	678  -  MemoryUsage of job (MB)
	694184  -  ResidentSetSize of job (KB)
...
006 (13655293.115.000) 2023-09-05 00:41:44 Image size of job updated: 1276772
	1035  -  MemoryUsage of job (MB)
	1059356  -  ResidentSetSize of job (KB)
...
006 (13655293.115.000) 2023-09-05 00:46:44 Image size of job updated: 1276772
	1066  -  MemoryUsage of job (MB)
	1091248  -  ResidentSetSize of job (KB)
...
006 (13655293.115.000) 2023-09-05 00:51:45 Image size of job updated: 1276772
	1080  -  MemoryUsage of job (MB)
	1105904  -  ResidentSetSize of job (KB)
...
006 (13655293.115.000) 2023-09-05 01:01:47 Image size of job updated: 1276772
	1081  -  MemoryUsage of job (MB)
	1106580  -  ResidentSetSize of job (KB)
...
006 (13655293.115.000) 2023-09-05 02:01:53 Image size of job updated: 1276772
	1084  -  MemoryUsage of job (MB)
	1109216  -  ResidentSetSize of job (KB)
...
006 (13655293.115.000) 2023-09-05 02:41:58 Image size of job updated: 1276772
	1094  -  MemoryUsage of job (MB)
	1119308  -  ResidentSetSize of job (KB)
...
006 (13655293.115.000) 2023-09-06 05:54:43 Image size of job updated: 1409884
	1264  -  MemoryUsage of job (MB)
	1293656  -  ResidentSetSize of job (KB)
...
040 (13655293.115.000) 2023-09-06 05:54:55 Started transferring output files
...
040 (13655293.115.000) 2023-09-06 05:54:55 Finished transferring output files
...
005 (13655293.115.000) 2023-09-06 05:54:55 Job terminated.
	(1) Normal termination (return value 0)
		Usr 1 04:38:59, Sys 0 00:10:28  -  Run Remote Usage
		Usr 0 00:00:00, Sys 0 00:00:00  -  Run Local Usage
		Usr 1 04:38:59, Sys 0 00:10:28  -  Total Remote Usage
		Usr 0 00:00:00, Sys 0 00:00:00  -  Total Local Usage
	1309557  -  Run Bytes Sent By Job
	32652772  -  Run Bytes Received By Job
	1309557  -  Total Bytes Sent By Job
	32652772  -  Total Bytes Received By Job
	Partitionable Resources :     Usage  Request Allocated 
	   Cpus                 :      0.99        1         1 
	   Disk (KB)            : 274915      524288   1208198 
	   IoHeavy              :                            0 
	   Memory (MB)          :   1264        4096      4096 

	Job terminated of its own accord at 2023-09-06T10:54:55Z with exit-code 0.
...
