000 (13655293.162.000) 2023-09-05 00:33:11 Job submitted from host: <128.104.101.92:9618?addrs=128.104.101.92-9618+[2607-f388-107c-501-a236-9fff-fe3c-caa8]-9618&alias=submit2.chtc.wisc.edu&noUDP&sock=schedd_1879732_618e>
...
040 (13655293.162.000) 2023-09-05 00:38:59 Started transferring input files
	Transferring to host: <128.105.69.204:9618?addrs=128.105.69.204-9618+[2607-f388-2200-100-1270-fdff-fe56-b85c]-9618&alias=e4035.chtc.wisc.edu&noUDP&sock=slot1_112_3825352_4a9e_63524>
...
040 (13655293.162.000) 2023-09-05 00:39:01 Finished transferring input files
...
001 (13655293.162.000) 2023-09-05 00:39:02 Job executing on host: <128.105.69.204:9618?addrs=128.105.69.204-9618+[2607-f388-2200-100-1270-fdff-fe56-b85c]-9618&alias=e4035.chtc.wisc.edu&noUDP&sock=startd_11684_d4a5>
	SlotName: slot1_112@e4035.chtc.wisc.edu
	CondorScratchDir = "/var/lib/condor/execute/slot1/dir_4041826"
	Cpus = 1
	Disk = 1208198
	IoHeavy = 0
	Memory = 4096
...
006 (13655293.162.000) 2023-09-05 00:39:11 Image size of job updated: 704648
	689  -  MemoryUsage of job (MB)
	704648  -  ResidentSetSize of job (KB)
...
006 (13655293.162.000) 2023-09-05 00:44:12 Image size of job updated: 1268020
	1054  -  MemoryUsage of job (MB)
	1079020  -  ResidentSetSize of job (KB)
...
006 (13655293.162.000) 2023-09-05 00:49:12 Image size of job updated: 1268020
	1079  -  MemoryUsage of job (MB)
	1104188  -  ResidentSetSize of job (KB)
...
006 (13655293.162.000) 2023-09-05 00:54:13 Image size of job updated: 1268020
	1080  -  MemoryUsage of job (MB)
	1105508  -  ResidentSetSize of job (KB)
...
006 (13655293.162.000) 2023-09-05 01:14:15 Image size of job updated: 1268020
	1085  -  MemoryUsage of job (MB)
	1110624  -  ResidentSetSize of job (KB)
...
006 (13655293.162.000) 2023-09-05 02:14:21 Image size of job updated: 1268020
	1085  -  MemoryUsage of job (MB)
	1110792  -  ResidentSetSize of job (KB)
...
006 (13655293.162.000) 2023-09-05 03:09:27 Image size of job updated: 1268020
	1087  -  MemoryUsage of job (MB)
	1112384  -  ResidentSetSize of job (KB)
...
006 (13655293.162.000) 2023-09-05 03:39:30 Image size of job updated: 1268020
	1090  -  MemoryUsage of job (MB)
	1115712  -  ResidentSetSize of job (KB)
...
006 (13655293.162.000) 2023-09-06 01:03:25 Image size of job updated: 1416472
	1090  -  MemoryUsage of job (MB)
	1115712  -  ResidentSetSize of job (KB)
...
040 (13655293.162.000) 2023-09-06 01:03:25 Started transferring output files
...
040 (13655293.162.000) 2023-09-06 01:03:25 Finished transferring output files
...
005 (13655293.162.000) 2023-09-06 01:03:25 Job terminated.
	(1) Normal termination (return value 0)
		Usr 0 23:47:32, Sys 0 00:08:52  -  Run Remote Usage
		Usr 0 00:00:00, Sys 0 00:00:00  -  Run Local Usage
		Usr 0 23:47:32, Sys 0 00:08:52  -  Total Remote Usage
		Usr 0 00:00:00, Sys 0 00:00:00  -  Total Local Usage
	1309547  -  Run Bytes Sent By Job
	32652772  -  Run Bytes Received By Job
	1309547  -  Total Bytes Sent By Job
	32652772  -  Total Bytes Received By Job
	Partitionable Resources :     Usage  Request Allocated 
	   Cpus                 :      0.99        1         1 
	   Disk (KB)            : 274909      524288   1208198 
	   IoHeavy              :                            0 
	   Memory (MB)          :   1090        4096      4096 

	Job terminated of its own accord at 2023-09-06T06:03:25Z with exit-code 0.
...
