000 (13655293.143.000) 2023-09-05 00:33:11 Job submitted from host: <128.104.101.92:9618?addrs=128.104.101.92-9618+[2607-f388-107c-501-a236-9fff-fe3c-caa8]-9618&alias=submit2.chtc.wisc.edu&noUDP&sock=schedd_1879732_618e>
...
040 (13655293.143.000) 2023-09-05 00:37:38 Started transferring input files
	Transferring to host: <128.105.69.123:9618?addrs=128.105.69.123-9618+[2607-f388-2200-100-1270-fdff-fe56-7324]-9618&alias=e4072.chtc.wisc.edu&noUDP&sock=slot1_29_22980_3d20_12141>
...
040 (13655293.143.000) 2023-09-05 00:37:40 Finished transferring input files
...
001 (13655293.143.000) 2023-09-05 00:37:41 Job executing on host: <128.105.69.123:9618?addrs=128.105.69.123-9618+[2607-f388-2200-100-1270-fdff-fe56-7324]-9618&alias=e4072.chtc.wisc.edu&noUDP&sock=startd_22844_a992>
	SlotName: slot1_29@e4072.chtc.wisc.edu
	CondorScratchDir = "/var/lib/condor/execute/slot1/dir_2941727"
	Cpus = 1
	Disk = 1208198
	IoHeavy = 0
	Memory = 4096
...
006 (13655293.143.000) 2023-09-05 00:37:50 Image size of job updated: 729756
	713  -  MemoryUsage of job (MB)
	729756  -  ResidentSetSize of job (KB)
...
006 (13655293.143.000) 2023-09-05 00:42:51 Image size of job updated: 1362772
	1119  -  MemoryUsage of job (MB)
	1145072  -  ResidentSetSize of job (KB)
...
006 (13655293.143.000) 2023-09-05 00:47:51 Image size of job updated: 1362772
	1146  -  MemoryUsage of job (MB)
	1173324  -  ResidentSetSize of job (KB)
...
006 (13655293.143.000) 2023-09-05 00:57:52 Image size of job updated: 1362772
	1156  -  MemoryUsage of job (MB)
	1183552  -  ResidentSetSize of job (KB)
...
006 (13655293.143.000) 2023-09-05 01:37:55 Image size of job updated: 1362772
	1167  -  MemoryUsage of job (MB)
	1194400  -  ResidentSetSize of job (KB)
...
006 (13655293.143.000) 2023-09-06 00:44:37 Image size of job updated: 1482892
	1167  -  MemoryUsage of job (MB)
	1194400  -  ResidentSetSize of job (KB)
...
040 (13655293.143.000) 2023-09-06 00:44:37 Started transferring output files
...
040 (13655293.143.000) 2023-09-06 00:44:37 Finished transferring output files
...
005 (13655293.143.000) 2023-09-06 00:44:37 Job terminated.
	(1) Normal termination (return value 0)
		Usr 0 23:40:08, Sys 0 00:06:09  -  Run Remote Usage
		Usr 0 00:00:00, Sys 0 00:00:00  -  Run Local Usage
		Usr 0 23:40:08, Sys 0 00:06:09  -  Total Remote Usage
		Usr 0 00:00:00, Sys 0 00:00:00  -  Total Local Usage
	1309525  -  Run Bytes Sent By Job
	32652772  -  Run Bytes Received By Job
	1309525  -  Total Bytes Sent By Job
	32652772  -  Total Bytes Received By Job
	Partitionable Resources :     Usage  Request Allocated 
	   Cpus                 :      0.99        1         1 
	   Disk (KB)            : 274893      524288   1208198 
	   IoHeavy              :                            0 
	   Memory (MB)          :   1167        4096      4096 

	Job terminated of its own accord at 2023-09-06T05:44:37Z with exit-code 0.
...
