000 (14268886.033.000) 2023-09-11 03:21:39 Job submitted from host: <128.104.101.92:9618?addrs=128.104.101.92-9618+[2607-f388-107c-501-a236-9fff-fe3c-caa8]-9618&alias=submit2.chtc.wisc.edu&noUDP&sock=schedd_1879732_618e>
...
040 (14268886.033.000) 2023-09-11 03:23:34 Started transferring input files
	Transferring to host: <128.105.69.178:9618?addrs=128.105.69.178-9618+[2607-f388-2200-100-1270-fdff-fe56-c31c]-9618&alias=e2561.chtc.wisc.edu&noUDP&sock=slot1_2_3096927_fb89_104160>
...
040 (14268886.033.000) 2023-09-11 03:23:37 Finished transferring input files
...
001 (14268886.033.000) 2023-09-11 03:23:38 Job executing on host: <128.105.69.178:9618?addrs=128.105.69.178-9618+[2607-f388-2200-100-1270-fdff-fe56-c31c]-9618&alias=e2561.chtc.wisc.edu&noUDP&sock=startd_13913_bd3e>
	SlotName: slot1_2@e2561.chtc.wisc.edu
	CondorScratchDir = "/var/lib/condor/execute/slot1/dir_3170579"
	Cpus = 1
	Disk = 1208198
	IoHeavy = 0
	Memory = 4096
...
006 (14268886.033.000) 2023-09-11 03:23:47 Image size of job updated: 445056
	435  -  MemoryUsage of job (MB)
	445056  -  ResidentSetSize of job (KB)
...
006 (14268886.033.000) 2023-09-11 03:27:14 Image size of job updated: 816392
	437  -  MemoryUsage of job (MB)
	447104  -  ResidentSetSize of job (KB)
...
040 (14268886.033.000) 2023-09-11 03:27:14 Started transferring output files
...
040 (14268886.033.000) 2023-09-11 03:27:14 Finished transferring output files
...
005 (14268886.033.000) 2023-09-11 03:27:15 Job terminated.
	(1) Normal termination (return value 0)
		Usr 0 00:03:18, Sys 0 00:00:14  -  Run Remote Usage
		Usr 0 00:00:00, Sys 0 00:00:00  -  Run Local Usage
		Usr 0 00:03:18, Sys 0 00:00:14  -  Total Remote Usage
		Usr 0 00:00:00, Sys 0 00:00:00  -  Total Local Usage
	117870  -  Run Bytes Sent By Job
	32720416  -  Run Bytes Received By Job
	117870  -  Total Bytes Sent By Job
	32720416  -  Total Bytes Received By Job
	Partitionable Resources :    Usage  Request Allocated 
	   Cpus                 :        0        1         1 
	   Disk (KB)            :   261284   524288   1208198 
	   IoHeavy              :                           0 
	   Memory (MB)          :      437     4096      4096 

	Job terminated of its own accord at 2023-09-11T08:27:14Z with exit-code 0.
...
