000 (13655293.066.000) 2023-09-05 00:33:11 Job submitted from host: <128.104.101.92:9618?addrs=128.104.101.92-9618+[2607-f388-107c-501-a236-9fff-fe3c-caa8]-9618&alias=submit2.chtc.wisc.edu&noUDP&sock=schedd_1879732_618e>
...
040 (13655293.066.000) 2023-09-05 00:36:12 Started transferring input files
	Transferring to host: <128.105.69.175:9618?addrs=128.105.69.175-9618+[2607-f388-2200-100-1270-fdff-fe56-63d4]-9618&alias=e2558.chtc.wisc.edu&noUDP&sock=slot1_99_4096578_8b73_54106>
...
001 (13655293.066.000) 2023-09-05 00:36:19 Job executing on host: <128.105.69.175:9618?addrs=128.105.69.175-9618+[2607-f388-2200-100-1270-fdff-fe56-63d4]-9618&alias=e2558.chtc.wisc.edu&noUDP&sock=startd_13980_b217>
	SlotName: slot1_99@e2558.chtc.wisc.edu
	CondorScratchDir = "/var/lib/condor/execute/slot1/dir_3167744"
	Cpus = 1
	Disk = 1208198
	IoHeavy = 0
	Memory = 4096
...
040 (13655293.066.000) 2023-09-05 00:36:19 Finished transferring input files
...
006 (13655293.066.000) 2023-09-05 00:36:28 Image size of job updated: 723076
	707  -  MemoryUsage of job (MB)
	723076  -  ResidentSetSize of job (KB)
...
006 (13655293.066.000) 2023-09-05 00:41:29 Image size of job updated: 1280680
	1073  -  MemoryUsage of job (MB)
	1098416  -  ResidentSetSize of job (KB)
...
006 (13655293.066.000) 2023-09-05 00:46:30 Image size of job updated: 1280680
	1085  -  MemoryUsage of job (MB)
	1110368  -  ResidentSetSize of job (KB)
...
006 (13655293.066.000) 2023-09-05 02:16:39 Image size of job updated: 1280680
	1088  -  MemoryUsage of job (MB)
	1113324  -  ResidentSetSize of job (KB)
...
006 (13655293.066.000) 2023-09-05 20:06:29 Image size of job updated: 1329844
	1088  -  MemoryUsage of job (MB)
	1113324  -  ResidentSetSize of job (KB)
...
040 (13655293.066.000) 2023-09-05 20:06:29 Started transferring output files
...
040 (13655293.066.000) 2023-09-05 20:06:29 Finished transferring output files
...
005 (13655293.066.000) 2023-09-05 20:06:29 Job terminated.
	(1) Normal termination (return value 0)
		Usr 0 19:11:12, Sys 0 00:02:55  -  Run Remote Usage
		Usr 0 00:00:00, Sys 0 00:00:00  -  Run Local Usage
		Usr 0 19:11:12, Sys 0 00:02:55  -  Total Remote Usage
		Usr 0 00:00:00, Sys 0 00:00:00  -  Total Local Usage
	1309625  -  Run Bytes Sent By Job
	32652772  -  Run Bytes Received By Job
	1309625  -  Total Bytes Sent By Job
	32652772  -  Total Bytes Received By Job
	Partitionable Resources :     Usage  Request Allocated 
	   Cpus                 :      0.99        1         1 
	   Disk (KB)            : 274888      524288   1208198 
	   IoHeavy              :                            0 
	   Memory (MB)          :   1088        4096      4096 

	Job terminated of its own accord at 2023-09-06T01:06:29Z with exit-code 0.
...
