000 (13655293.355.000) 2023-09-05 00:33:11 Job submitted from host: <128.104.101.92:9618?addrs=128.104.101.92-9618+[2607-f388-107c-501-a236-9fff-fe3c-caa8]-9618&alias=submit2.chtc.wisc.edu&noUDP&sock=schedd_1879732_618e>
...
040 (13655293.355.000) 2023-09-05 00:53:58 Started transferring input files
	Transferring to host: <128.105.69.137:9618?addrs=128.105.69.137-9618+[2607-f388-2200-100-1270-fdff-fe56-d12c]-9618&alias=e4014.chtc.wisc.edu&noUDP&sock=slot1_78_1985361_2db7_52058>
...
001 (13655293.355.000) 2023-09-05 00:54:08 Job executing on host: <128.105.69.137:9618?addrs=128.105.69.137-9618+[2607-f388-2200-100-1270-fdff-fe56-d12c]-9618&alias=e4014.chtc.wisc.edu&noUDP&sock=startd_15862_9754>
	SlotName: slot1_78@e4014.chtc.wisc.edu
	CondorScratchDir = "/var/lib/condor/execute/slot1/dir_4086339"
	Cpus = 1
	Disk = 1208198
	IoHeavy = 0
	Memory = 4096
...
040 (13655293.355.000) 2023-09-05 00:54:08 Finished transferring input files
...
006 (13655293.355.000) 2023-09-05 00:54:17 Image size of job updated: 622972
	609  -  MemoryUsage of job (MB)
	622972  -  ResidentSetSize of job (KB)
...
006 (13655293.355.000) 2023-09-05 00:59:19 Image size of job updated: 1160640
	1134  -  MemoryUsage of job (MB)
	1160636  -  ResidentSetSize of job (KB)
...
006 (13655293.355.000) 2023-09-05 01:04:19 Image size of job updated: 1177180
	1134  -  MemoryUsage of job (MB)
	1160636  -  ResidentSetSize of job (KB)
...
006 (13655293.355.000) 2023-09-06 01:36:25 Image size of job updated: 1310012
	1134  -  MemoryUsage of job (MB)
	1160636  -  ResidentSetSize of job (KB)
...
040 (13655293.355.000) 2023-09-06 01:36:25 Started transferring output files
...
040 (13655293.355.000) 2023-09-06 01:36:25 Finished transferring output files
...
005 (13655293.355.000) 2023-09-06 01:36:25 Job terminated.
	(1) Normal termination (return value 0)
		Usr 1 00:18:08, Sys 0 00:03:40  -  Run Remote Usage
		Usr 0 00:00:00, Sys 0 00:00:00  -  Run Local Usage
		Usr 1 00:18:08, Sys 0 00:03:40  -  Total Remote Usage
		Usr 0 00:00:00, Sys 0 00:00:00  -  Total Local Usage
	1309482  -  Run Bytes Sent By Job
	32652772  -  Run Bytes Received By Job
	1309482  -  Total Bytes Sent By Job
	32652772  -  Total Bytes Received By Job
	Partitionable Resources :     Usage  Request Allocated 
	   Cpus                 :      0.99        1         1 
	   Disk (KB)            : 274893      524288   1208198 
	   IoHeavy              :                            0 
	   Memory (MB)          :   1134        4096      4096 

	Job terminated of its own accord at 2023-09-06T06:36:25Z with exit-code 0.
...
