000 (13655293.428.000) 2023-09-05 00:33:11 Job submitted from host: <128.104.101.92:9618?addrs=128.104.101.92-9618+[2607-f388-107c-501-a236-9fff-fe3c-caa8]-9618&alias=submit2.chtc.wisc.edu&noUDP&sock=schedd_1879732_618e>
...
040 (13655293.428.000) 2023-09-05 00:56:12 Started transferring input files
	Transferring to host: <128.105.69.127:9618?addrs=128.105.69.127-9618+[2607-f388-2200-100-1270-fdff-fe56-6744]-9618&alias=e4076.chtc.wisc.edu&noUDP&sock=slot1_38_23231_174a_12812>
...
001 (13655293.428.000) 2023-09-05 00:56:35 Job executing on host: <128.105.69.127:9618?addrs=128.105.69.127-9618+[2607-f388-2200-100-1270-fdff-fe56-6744]-9618&alias=e4076.chtc.wisc.edu&noUDP&sock=startd_23093_74a7>
	SlotName: slot1_38@e4076.chtc.wisc.edu
	CondorScratchDir = "/var/lib/condor/execute/slot1/dir_2362857"
	Cpus = 1
	Disk = 1208198
	IoHeavy = 0
	Memory = 4096
...
040 (13655293.428.000) 2023-09-05 00:56:35 Finished transferring input files
...
006 (13655293.428.000) 2023-09-05 00:56:43 Image size of job updated: 521488
	510  -  MemoryUsage of job (MB)
	521488  -  ResidentSetSize of job (KB)
...
006 (13655293.428.000) 2023-09-05 01:01:44 Image size of job updated: 1160748
	1134  -  MemoryUsage of job (MB)
	1160500  -  ResidentSetSize of job (KB)
...
006 (13655293.428.000) 2023-09-05 01:06:44 Image size of job updated: 1178436
	1134  -  MemoryUsage of job (MB)
	1160500  -  ResidentSetSize of job (KB)
...
006 (13655293.428.000) 2023-09-06 00:14:14 Image size of job updated: 1303556
	1134  -  MemoryUsage of job (MB)
	1160500  -  ResidentSetSize of job (KB)
...
040 (13655293.428.000) 2023-09-06 00:14:31 Started transferring output files
...
040 (13655293.428.000) 2023-09-06 00:14:31 Finished transferring output files
...
005 (13655293.428.000) 2023-09-06 00:14:46 Job terminated.
	(1) Normal termination (return value 0)
		Usr 0 22:52:49, Sys 0 00:02:38  -  Run Remote Usage
		Usr 0 00:00:00, Sys 0 00:00:00  -  Run Local Usage
		Usr 0 22:52:49, Sys 0 00:02:38  -  Total Remote Usage
		Usr 0 00:00:00, Sys 0 00:00:00  -  Total Local Usage
	1309630  -  Run Bytes Sent By Job
	32652772  -  Run Bytes Received By Job
	1309630  -  Total Bytes Sent By Job
	32652772  -  Total Bytes Received By Job
	Partitionable Resources :     Usage  Request Allocated 
	   Cpus                 :      0.98        1         1 
	   Disk (KB)            : 274915      524288   1208198 
	   IoHeavy              :                            0 
	   Memory (MB)          :   1134        4096      4096 

	Job terminated of its own accord at 2023-09-06T05:14:31Z with exit-code 0.
...
