000 (13648508.029.000) 2023-09-04 23:50:03 Job submitted from host: <128.104.101.92:9618?addrs=128.104.101.92-9618+[2607-f388-107c-501-a236-9fff-fe3c-caa8]-9618&alias=submit2.chtc.wisc.edu&noUDP&sock=schedd_1879732_618e>
...
040 (13648508.029.000) 2023-09-05 00:05:23 Started transferring input files
	Transferring to host: <128.105.69.187:9618?addrs=128.105.69.187-9618+[2607-f388-2200-100-1270-fdff-fe56-b86c]-9618&alias=e4039.chtc.wisc.edu&noUDP&sock=slot1_30_3704987_429f_54947>
...
040 (13648508.029.000) 2023-09-05 00:05:25 Finished transferring input files
...
001 (13648508.029.000) 2023-09-05 00:05:26 Job executing on host: <128.105.69.187:9618?addrs=128.105.69.187-9618+[2607-f388-2200-100-1270-fdff-fe56-b86c]-9618&alias=e4039.chtc.wisc.edu&noUDP&sock=startd_15786_7621>
	SlotName: slot1_30@e4039.chtc.wisc.edu
	CondorScratchDir = "/var/lib/condor/execute/slot1/dir_2393673"
	Cpus = 1
	Disk = 1208198
	IoHeavy = 0
	Memory = 4096
...
006 (13648508.029.000) 2023-09-05 00:05:34 Image size of job updated: 272712
	175  -  MemoryUsage of job (MB)
	179128  -  ResidentSetSize of job (KB)
...
006 (13648508.029.000) 2023-09-05 00:10:34 Image size of job updated: 272712
	178  -  MemoryUsage of job (MB)
	181996  -  ResidentSetSize of job (KB)
...
040 (13648508.029.000) 2023-09-05 00:12:57 Started transferring output files
...
040 (13648508.029.000) 2023-09-05 00:12:57 Finished transferring output files
...
005 (13648508.029.000) 2023-09-05 00:12:57 Job terminated.
	(1) Normal termination (return value 0)
		Usr 0 00:07:20, Sys 0 00:00:01  -  Run Remote Usage
		Usr 0 00:00:00, Sys 0 00:00:00  -  Run Local Usage
		Usr 0 00:07:20, Sys 0 00:00:01  -  Total Remote Usage
		Usr 0 00:00:00, Sys 0 00:00:00  -  Total Local Usage
	30684  -  Run Bytes Sent By Job
	32665120  -  Run Bytes Received By Job
	30684  -  Total Bytes Sent By Job
	32665120  -  Total Bytes Received By Job
	Partitionable Resources :     Usage  Request Allocated 
	   Cpus                 :      0.97        1         1 
	   Disk (KB)            : 254944      524288   1208198 
	   IoHeavy              :                            0 
	   Memory (MB)          :    178        4096      4096 

	Job terminated of its own accord at 2023-09-05T05:12:57Z with exit-code 0.
...
