000 (13655293.333.000) 2023-09-05 00:33:11 Job submitted from host: <128.104.101.92:9618?addrs=128.104.101.92-9618+[2607-f388-107c-501-a236-9fff-fe3c-caa8]-9618&alias=submit2.chtc.wisc.edu&noUDP&sock=schedd_1879732_618e>
...
040 (13655293.333.000) 2023-09-05 00:53:29 Started transferring input files
	Transferring to host: <128.105.69.137:9618?addrs=128.105.69.137-9618+[2607-f388-2200-100-1270-fdff-fe56-d12c]-9618&alias=e4014.chtc.wisc.edu&noUDP&sock=slot1_40_1985361_2db7_52038>
...
001 (13655293.333.000) 2023-09-05 00:53:38 Job executing on host: <128.105.69.137:9618?addrs=128.105.69.137-9618+[2607-f388-2200-100-1270-fdff-fe56-d12c]-9618&alias=e4014.chtc.wisc.edu&noUDP&sock=startd_15862_9754>
	SlotName: slot1_40@e4014.chtc.wisc.edu
	CondorScratchDir = "/var/lib/condor/execute/slot1/dir_4085341"
	Cpus = 1
	Disk = 1208198
	IoHeavy = 0
	Memory = 4096
...
040 (13655293.333.000) 2023-09-05 00:53:38 Finished transferring input files
...
006 (13655293.333.000) 2023-09-05 00:53:46 Image size of job updated: 603368
	590  -  MemoryUsage of job (MB)
	603368  -  ResidentSetSize of job (KB)
...
006 (13655293.333.000) 2023-09-05 00:58:46 Image size of job updated: 1160780
	1134  -  MemoryUsage of job (MB)
	1160776  -  ResidentSetSize of job (KB)
...
006 (13655293.333.000) 2023-09-05 01:03:48 Image size of job updated: 1177704
	1134  -  MemoryUsage of job (MB)
	1160776  -  ResidentSetSize of job (KB)
...
006 (13655293.333.000) 2023-09-05 21:37:12 Image size of job updated: 1306784
	1134  -  MemoryUsage of job (MB)
	1160776  -  ResidentSetSize of job (KB)
...
040 (13655293.333.000) 2023-09-05 21:37:12 Started transferring output files
...
040 (13655293.333.000) 2023-09-05 21:37:12 Finished transferring output files
...
005 (13655293.333.000) 2023-09-05 21:37:12 Job terminated.
	(1) Normal termination (return value 0)
		Usr 0 20:23:07, Sys 0 00:03:02  -  Run Remote Usage
		Usr 0 00:00:00, Sys 0 00:00:00  -  Run Local Usage
		Usr 0 20:23:07, Sys 0 00:03:02  -  Total Remote Usage
		Usr 0 00:00:00, Sys 0 00:00:00  -  Total Local Usage
	1309724  -  Run Bytes Sent By Job
	32652772  -  Run Bytes Received By Job
	1309724  -  Total Bytes Sent By Job
	32652772  -  Total Bytes Received By Job
	Partitionable Resources :     Usage  Request Allocated 
	   Cpus                 :      0.99        1         1 
	   Disk (KB)            : 274910      524288   1208198 
	   IoHeavy              :                            0 
	   Memory (MB)          :   1134        4096      4096 

	Job terminated of its own accord at 2023-09-06T02:37:12Z with exit-code 0.
...
