000 (14312691.052.000) 2023-09-11 11:54:06 Job submitted from host: <128.104.101.92:9618?addrs=128.104.101.92-9618+[2607-f388-107c-501-a236-9fff-fe3c-caa8]-9618&alias=submit2.chtc.wisc.edu&noUDP&sock=schedd_1879732_618e>
...
040 (14312691.052.000) 2023-09-11 12:00:30 Started transferring input files
	Transferring to host: <128.105.69.232:9618?addrs=128.105.69.232-9618+[2607-f388-2200-100-eaeb-d3ff-fe40-2054]-9618&alias=e2615.chtc.wisc.edu&noUDP&sock=slot1_115_1809887_df18_102004>
...
040 (14312691.052.000) 2023-09-11 12:00:32 Finished transferring input files
...
001 (14312691.052.000) 2023-09-11 12:00:37 Job executing on host: <128.105.69.232:9618?addrs=128.105.69.232-9618+[2607-f388-2200-100-eaeb-d3ff-fe40-2054]-9618&alias=e2615.chtc.wisc.edu&noUDP&sock=startd_22800_7b67>
	SlotName: slot1_115@e2615.chtc.wisc.edu
	CondorScratchDir = "/var/lib/condor/execute/slot1/dir_3560429"
	Cpus = 1
	Disk = 1458998
	IoHeavy = 0
	Memory = 4096
...
006 (14312691.052.000) 2023-09-11 12:00:45 Image size of job updated: 378872
	272  -  MemoryUsage of job (MB)
	278220  -  ResidentSetSize of job (KB)
...
040 (14312691.052.000) 2023-09-11 12:01:58 Started transferring output files
...
040 (14312691.052.000) 2023-09-11 12:01:58 Finished transferring output files
...
005 (14312691.052.000) 2023-09-11 12:01:58 Job terminated.
	(1) Normal termination (return value 0)
		Usr 0 00:01:17, Sys 0 00:00:01  -  Run Remote Usage
		Usr 0 00:00:00, Sys 0 00:00:00  -  Run Local Usage
		Usr 0 00:01:17, Sys 0 00:00:01  -  Total Remote Usage
		Usr 0 00:00:00, Sys 0 00:00:00  -  Total Local Usage
	107999  -  Run Bytes Sent By Job
	32664896  -  Run Bytes Received By Job
	107999  -  Total Bytes Sent By Job
	32664896  -  Total Bytes Received By Job
	Partitionable Resources :    Usage  Request Allocated 
	   Cpus                 :                 1         1 
	   Disk (KB)            :   255010   524288   1458998 
	   IoHeavy              :                           0 
	   Memory (MB)          :      272     4096      4096 

	Job terminated of its own accord at 2023-09-11T17:01:58Z with exit-code 0.
...
