000 (13655293.126.000) 2023-09-05 00:33:11 Job submitted from host: <128.104.101.92:9618?addrs=128.104.101.92-9618+[2607-f388-107c-501-a236-9fff-fe3c-caa8]-9618&alias=submit2.chtc.wisc.edu&noUDP&sock=schedd_1879732_618e>
...
040 (13655293.126.000) 2023-09-05 00:36:35 Started transferring input files
	Transferring to host: <128.105.69.91:9618?addrs=128.105.69.91-9618+[2607-f388-2200-100-1270-fdff-fe56-41c4]-9618&alias=e4002.chtc.wisc.edu&noUDP&sock=slot1_52_1583588_c105_57640>
...
001 (13655293.126.000) 2023-09-05 00:36:46 Job executing on host: <128.105.69.91:9618?addrs=128.105.69.91-9618+[2607-f388-2200-100-1270-fdff-fe56-41c4]-9618&alias=e4002.chtc.wisc.edu&noUDP&sock=startd_14707_5b71>
	SlotName: slot1_52@e4002.chtc.wisc.edu
	CondorScratchDir = "/var/lib/condor/execute/slot1/dir_2741758"
	Cpus = 1
	Disk = 1268229
	IoHeavy = 0
	Memory = 4096
...
040 (13655293.126.000) 2023-09-05 00:36:46 Finished transferring input files
...
006 (13655293.126.000) 2023-09-05 00:36:54 Image size of job updated: 712024
	696  -  MemoryUsage of job (MB)
	712024  -  ResidentSetSize of job (KB)
...
006 (13655293.126.000) 2023-09-05 00:41:54 Image size of job updated: 1292160
	1043  -  MemoryUsage of job (MB)
	1067576  -  ResidentSetSize of job (KB)
...
006 (13655293.126.000) 2023-09-05 00:46:55 Image size of job updated: 1292160
	1086  -  MemoryUsage of job (MB)
	1111908  -  ResidentSetSize of job (KB)
...
006 (13655293.126.000) 2023-09-05 03:17:13 Image size of job updated: 1292160
	1090  -  MemoryUsage of job (MB)
	1115392  -  ResidentSetSize of job (KB)
...
006 (13655293.126.000) 2023-09-05 23:58:07 Image size of job updated: 1404100
	1090  -  MemoryUsage of job (MB)
	1115392  -  ResidentSetSize of job (KB)
...
040 (13655293.126.000) 2023-09-05 23:58:08 Started transferring output files
...
040 (13655293.126.000) 2023-09-05 23:58:08 Finished transferring output files
...
005 (13655293.126.000) 2023-09-05 23:58:08 Job terminated.
	(1) Normal termination (return value 0)
		Usr 0 22:49:22, Sys 0 00:06:24  -  Run Remote Usage
		Usr 0 00:00:00, Sys 0 00:00:00  -  Run Local Usage
		Usr 0 22:49:22, Sys 0 00:06:24  -  Total Remote Usage
		Usr 0 00:00:00, Sys 0 00:00:00  -  Total Local Usage
	1309729  -  Run Bytes Sent By Job
	32652772  -  Run Bytes Received By Job
	1309729  -  Total Bytes Sent By Job
	32652772  -  Total Bytes Received By Job
	Partitionable Resources :     Usage  Request Allocated 
	   Cpus                 :      0.99        1         1 
	   Disk (KB)            : 274896      524288   1268229 
	   IoHeavy              :                            0 
	   Memory (MB)          :   1090        4096      4096 

	Job terminated of its own accord at 2023-09-06T04:58:07Z with exit-code 0.
...
