000 (14268886.024.000) 2023-09-11 03:21:39 Job submitted from host: <128.104.101.92:9618?addrs=128.104.101.92-9618+[2607-f388-107c-501-a236-9fff-fe3c-caa8]-9618&alias=submit2.chtc.wisc.edu&noUDP&sock=schedd_1879732_618e>
...
040 (14268886.024.000) 2023-09-11 03:23:33 Started transferring input files
	Transferring to host: <128.105.69.225:9618?addrs=128.105.69.225-9618+[2607-f388-2200-100-eaeb-d3ff-fe40-112c]-9618&alias=e2608.chtc.wisc.edu&noUDP&sock=slot1_38_2432246_1694_87949>
...
040 (14268886.024.000) 2023-09-11 03:23:35 Finished transferring input files
...
001 (14268886.024.000) 2023-09-11 03:23:36 Job executing on host: <128.105.69.225:9618?addrs=128.105.69.225-9618+[2607-f388-2200-100-eaeb-d3ff-fe40-112c]-9618&alias=e2608.chtc.wisc.edu&noUDP&sock=startd_18726_0e91>
	SlotName: slot1_38@e2608.chtc.wisc.edu
	CondorScratchDir = "/var/lib/condor/execute/slot1/dir_2757541"
	Cpus = 1
	Disk = 1458998
	IoHeavy = 0
	Memory = 4096
...
006 (14268886.024.000) 2023-09-11 03:23:45 Image size of job updated: 545504
	533  -  MemoryUsage of job (MB)
	545500  -  ResidentSetSize of job (KB)
...
006 (14268886.024.000) 2023-09-11 03:26:41 Image size of job updated: 733264
	533  -  MemoryUsage of job (MB)
	545500  -  ResidentSetSize of job (KB)
...
040 (14268886.024.000) 2023-09-11 03:26:41 Started transferring output files
...
040 (14268886.024.000) 2023-09-11 03:26:41 Finished transferring output files
...
005 (14268886.024.000) 2023-09-11 03:26:41 Job terminated.
	(1) Normal termination (return value 0)
		Usr 0 00:02:55, Sys 0 00:00:05  -  Run Remote Usage
		Usr 0 00:00:00, Sys 0 00:00:00  -  Run Local Usage
		Usr 0 00:02:55, Sys 0 00:00:05  -  Total Remote Usage
		Usr 0 00:00:00, Sys 0 00:00:00  -  Total Local Usage
	164399  -  Run Bytes Sent By Job
	32720416  -  Run Bytes Received By Job
	164399  -  Total Bytes Sent By Job
	32720416  -  Total Bytes Received By Job
	Partitionable Resources :     Usage  Request Allocated 
	   Cpus                 :      0.99        1         1 
	   Disk (KB)            : 261328      524288   1458998 
	   IoHeavy              :                            0 
	   Memory (MB)          :    533        4096      4096 

	Job terminated of its own accord at 2023-09-11T08:26:41Z with exit-code 0.
...
