000 (13655293.197.000) 2023-09-05 00:33:11 Job submitted from host: <128.104.101.92:9618?addrs=128.104.101.92-9618+[2607-f388-107c-501-a236-9fff-fe3c-caa8]-9618&alias=submit2.chtc.wisc.edu&noUDP&sock=schedd_1879732_618e>
...
040 (13655293.197.000) 2023-09-05 00:43:23 Started transferring input files
	Transferring to host: <128.105.69.114:9618?addrs=128.105.69.114-9618+[2607-f388-2200-100-1270-fdff-fe56-470c]-9618&alias=e4063.chtc.wisc.edu&noUDP&sock=slot1_29_3865253_27d4_60944>
...
040 (13655293.197.000) 2023-09-05 00:43:25 Finished transferring input files
...
001 (13655293.197.000) 2023-09-05 00:43:29 Job executing on host: <128.105.69.114:9618?addrs=128.105.69.114-9618+[2607-f388-2200-100-1270-fdff-fe56-470c]-9618&alias=e4063.chtc.wisc.edu&noUDP&sock=startd_18888_2ce9>
	SlotName: slot1_29@e4063.chtc.wisc.edu
	CondorScratchDir = "/var/lib/condor/execute/slot1/dir_1244654"
	Cpus = 1
	Disk = 1208198
	IoHeavy = 0
	Memory = 4096
...
006 (13655293.197.000) 2023-09-05 00:43:38 Image size of job updated: 721420
	705  -  MemoryUsage of job (MB)
	721420  -  ResidentSetSize of job (KB)
...
006 (13655293.197.000) 2023-09-05 00:48:39 Image size of job updated: 1285136
	1062  -  MemoryUsage of job (MB)
	1087176  -  ResidentSetSize of job (KB)
...
006 (13655293.197.000) 2023-09-05 00:53:39 Image size of job updated: 1285136
	1079  -  MemoryUsage of job (MB)
	1104840  -  ResidentSetSize of job (KB)
...
006 (13655293.197.000) 2023-09-05 01:18:41 Image size of job updated: 1285136
	1081  -  MemoryUsage of job (MB)
	1106784  -  ResidentSetSize of job (KB)
...
006 (13655293.197.000) 2023-09-05 01:28:42 Image size of job updated: 1285136
	1087  -  MemoryUsage of job (MB)
	1112392  -  ResidentSetSize of job (KB)
...
006 (13655293.197.000) 2023-09-05 03:18:55 Image size of job updated: 1285136
	1087  -  MemoryUsage of job (MB)
	1112404  -  ResidentSetSize of job (KB)
...
006 (13655293.197.000) 2023-09-05 04:24:00 Image size of job updated: 1285136
	1093  -  MemoryUsage of job (MB)
	1118464  -  ResidentSetSize of job (KB)
...
006 (13655293.197.000) 2023-09-05 20:04:46 Image size of job updated: 1416308
	1093  -  MemoryUsage of job (MB)
	1118464  -  ResidentSetSize of job (KB)
...
040 (13655293.197.000) 2023-09-05 20:04:46 Started transferring output files
...
040 (13655293.197.000) 2023-09-05 20:04:46 Finished transferring output files
...
005 (13655293.197.000) 2023-09-05 20:04:46 Job terminated.
	(1) Normal termination (return value 0)
		Usr 0 19:00:10, Sys 0 00:03:06  -  Run Remote Usage
		Usr 0 00:00:00, Sys 0 00:00:00  -  Run Local Usage
		Usr 0 19:00:10, Sys 0 00:03:06  -  Total Remote Usage
		Usr 0 00:00:00, Sys 0 00:00:00  -  Total Local Usage
	1309667  -  Run Bytes Sent By Job
	32652772  -  Run Bytes Received By Job
	1309667  -  Total Bytes Sent By Job
	32652772  -  Total Bytes Received By Job
	Partitionable Resources :     Usage  Request Allocated 
	   Cpus                 :      0.99        1         1 
	   Disk (KB)            : 274862      524288   1208198 
	   IoHeavy              :                            0 
	   Memory (MB)          :   1093        4096      4096 

	Job terminated of its own accord at 2023-09-06T01:04:46Z with exit-code 0.
...
