000 (13655293.167.000) 2023-09-05 00:33:11 Job submitted from host: <128.104.101.92:9618?addrs=128.104.101.92-9618+[2607-f388-107c-501-a236-9fff-fe3c-caa8]-9618&alias=submit2.chtc.wisc.edu&noUDP&sock=schedd_1879732_618e>
...
040 (13655293.167.000) 2023-09-05 00:40:20 Started transferring input files
	Transferring to host: <128.105.69.189:9618?addrs=128.105.69.189-9618+[2607-f388-2200-100-1270-fdff-fe56-644c]-9618&alias=e4042.chtc.wisc.edu&noUDP&sock=slot1_97_3770169_e03a_55818>
...
040 (13655293.167.000) 2023-09-05 00:40:22 Finished transferring input files
...
001 (13655293.167.000) 2023-09-05 00:40:23 Job executing on host: <128.105.69.189:9618?addrs=128.105.69.189-9618+[2607-f388-2200-100-1270-fdff-fe56-644c]-9618&alias=e4042.chtc.wisc.edu&noUDP&sock=startd_15959_2004>
	SlotName: slot1_97@e4042.chtc.wisc.edu
	CondorScratchDir = "/var/lib/condor/execute/slot1/dir_3489086"
	Cpus = 1
	Disk = 1208198
	IoHeavy = 0
	Memory = 4096
...
006 (13655293.167.000) 2023-09-05 00:40:32 Image size of job updated: 704528
	689  -  MemoryUsage of job (MB)
	704528  -  ResidentSetSize of job (KB)
...
006 (13655293.167.000) 2023-09-05 00:45:33 Image size of job updated: 1286192
	1060  -  MemoryUsage of job (MB)
	1085244  -  ResidentSetSize of job (KB)
...
006 (13655293.167.000) 2023-09-05 00:50:34 Image size of job updated: 1286192
	1070  -  MemoryUsage of job (MB)
	1095560  -  ResidentSetSize of job (KB)
...
006 (13655293.167.000) 2023-09-05 00:55:34 Image size of job updated: 1286192
	1075  -  MemoryUsage of job (MB)
	1100424  -  ResidentSetSize of job (KB)
...
006 (13655293.167.000) 2023-09-05 01:00:35 Image size of job updated: 1286192
	1077  -  MemoryUsage of job (MB)
	1102092  -  ResidentSetSize of job (KB)
...
006 (13655293.167.000) 2023-09-05 01:05:35 Image size of job updated: 1286192
	1077  -  MemoryUsage of job (MB)
	1102644  -  ResidentSetSize of job (KB)
...
006 (13655293.167.000) 2023-09-05 01:15:36 Image size of job updated: 1286192
	1082  -  MemoryUsage of job (MB)
	1107508  -  ResidentSetSize of job (KB)
...
006 (13655293.167.000) 2023-09-05 01:20:36 Image size of job updated: 1286192
	1087  -  MemoryUsage of job (MB)
	1112388  -  ResidentSetSize of job (KB)
...
006 (13655293.167.000) 2023-09-05 02:05:41 Image size of job updated: 1286192
	1089  -  MemoryUsage of job (MB)
	1114436  -  ResidentSetSize of job (KB)
...
006 (13655293.167.000) 2023-09-05 02:15:42 Image size of job updated: 1286192
	1089  -  MemoryUsage of job (MB)
	1114440  -  ResidentSetSize of job (KB)
...
006 (13655293.167.000) 2023-09-06 00:21:50 Image size of job updated: 1360160
	1089  -  MemoryUsage of job (MB)
	1114440  -  ResidentSetSize of job (KB)
...
040 (13655293.167.000) 2023-09-06 00:21:50 Started transferring output files
...
040 (13655293.167.000) 2023-09-06 00:21:50 Finished transferring output files
...
005 (13655293.167.000) 2023-09-06 00:21:50 Job terminated.
	(1) Normal termination (return value 0)
		Usr 0 23:13:51, Sys 0 00:05:36  -  Run Remote Usage
		Usr 0 00:00:00, Sys 0 00:00:00  -  Run Local Usage
		Usr 0 23:13:51, Sys 0 00:05:36  -  Total Remote Usage
		Usr 0 00:00:00, Sys 0 00:00:00  -  Total Local Usage
	1309671  -  Run Bytes Sent By Job
	32652772  -  Run Bytes Received By Job
	1309671  -  Total Bytes Sent By Job
	32652772  -  Total Bytes Received By Job
	Partitionable Resources :     Usage  Request Allocated 
	   Cpus                 :      0.99        1         1 
	   Disk (KB)            : 274898      524288   1208198 
	   IoHeavy              :                            0 
	   Memory (MB)          :   1089        4096      4096 

	Job terminated of its own accord at 2023-09-06T05:21:50Z with exit-code 0.
...
