000 (13655293.412.000) 2023-09-05 00:33:11 Job submitted from host: <128.104.101.92:9618?addrs=128.104.101.92-9618+[2607-f388-107c-501-a236-9fff-fe3c-caa8]-9618&alias=submit2.chtc.wisc.edu&noUDP&sock=schedd_1879732_618e>
...
040 (13655293.412.000) 2023-09-05 00:54:29 Started transferring input files
	Transferring to host: <128.105.69.157:9618?addrs=128.105.69.157-9618+[2607-f388-2200-100-1270-fdff-fe56-c3a4]-9618&alias=e4090.chtc.wisc.edu&noUDP&sock=slot1_90_1363133_4360_49245>
...
040 (13655293.412.000) 2023-09-05 00:54:31 Finished transferring input files
...
001 (13655293.412.000) 2023-09-05 00:54:32 Job executing on host: <128.105.69.157:9618?addrs=128.105.69.157-9618+[2607-f388-2200-100-1270-fdff-fe56-c3a4]-9618&alias=e4090.chtc.wisc.edu&noUDP&sock=startd_18322_f24e>
	SlotName: slot1_90@e4090.chtc.wisc.edu
	CondorScratchDir = "/var/lib/condor/execute/slot1/dir_547792"
	Cpus = 1
	Disk = 1208198
	IoHeavy = 0
	Memory = 4096
...
006 (13655293.412.000) 2023-09-05 00:54:41 Image size of job updated: 529400
	517  -  MemoryUsage of job (MB)
	529400  -  ResidentSetSize of job (KB)
...
006 (13655293.412.000) 2023-09-05 00:59:41 Image size of job updated: 1065492
	1041  -  MemoryUsage of job (MB)
	1065492  -  ResidentSetSize of job (KB)
...
006 (13655293.412.000) 2023-09-05 01:04:41 Image size of job updated: 1160640
	1134  -  MemoryUsage of job (MB)
	1160584  -  ResidentSetSize of job (KB)
...
006 (13655293.412.000) 2023-09-05 01:09:42 Image size of job updated: 1183660
	1134  -  MemoryUsage of job (MB)
	1160584  -  ResidentSetSize of job (KB)
...
006 (13655293.412.000) 2023-09-06 00:02:06 Image size of job updated: 1306124
	1136  -  MemoryUsage of job (MB)
	1163128  -  ResidentSetSize of job (KB)
...
040 (13655293.412.000) 2023-09-06 00:02:20 Started transferring output files
...
040 (13655293.412.000) 2023-09-06 00:02:20 Finished transferring output files
...
005 (13655293.412.000) 2023-09-06 00:02:21 Job terminated.
	(1) Normal termination (return value 0)
		Usr 0 22:46:07, Sys 0 00:05:25  -  Run Remote Usage
		Usr 0 00:00:00, Sys 0 00:00:00  -  Run Local Usage
		Usr 0 22:46:07, Sys 0 00:05:25  -  Total Remote Usage
		Usr 0 00:00:00, Sys 0 00:00:00  -  Total Local Usage
	1309451  -  Run Bytes Sent By Job
	32652772  -  Run Bytes Received By Job
	1309451  -  Total Bytes Sent By Job
	32652772  -  Total Bytes Received By Job
	Partitionable Resources :     Usage  Request Allocated 
	   Cpus                 :      0.99        1         1 
	   Disk (KB)            : 274915      524288   1208198 
	   IoHeavy              :                            0 
	   Memory (MB)          :   1136        4096      4096 

	Job terminated of its own accord at 2023-09-06T05:02:20Z with exit-code 0.
...
