000 (13655293.425.000) 2023-09-05 00:33:11 Job submitted from host: <128.104.101.92:9618?addrs=128.104.101.92-9618+[2607-f388-107c-501-a236-9fff-fe3c-caa8]-9618&alias=submit2.chtc.wisc.edu&noUDP&sock=schedd_1879732_618e>
...
040 (13655293.425.000) 2023-09-05 00:56:10 Started transferring input files
	Transferring to host: <128.105.69.193:9618?addrs=128.105.69.193-9618+[2607-f388-2200-100-1270-fdff-fe56-4604]-9618&alias=e4046.chtc.wisc.edu&noUDP&sock=slot1_35_159427_7e6c_56706>
...
001 (13655293.425.000) 2023-09-05 00:56:50 Job executing on host: <128.105.69.193:9618?addrs=128.105.69.193-9618+[2607-f388-2200-100-1270-fdff-fe56-4604]-9618&alias=e4046.chtc.wisc.edu&noUDP&sock=startd_22767_d8c7>
	SlotName: slot1_35@e4046.chtc.wisc.edu
	CondorScratchDir = "/var/lib/condor/execute/slot1/dir_2898704"
	Cpus = 1
	Disk = 1208198
	IoHeavy = 0
	Memory = 4096
...
040 (13655293.425.000) 2023-09-05 00:56:50 Finished transferring input files
...
006 (13655293.425.000) 2023-09-05 00:56:59 Image size of job updated: 707572
	691  -  MemoryUsage of job (MB)
	707568  -  ResidentSetSize of job (KB)
...
006 (13655293.425.000) 2023-09-05 01:01:59 Image size of job updated: 1287820
	1080  -  MemoryUsage of job (MB)
	1105368  -  ResidentSetSize of job (KB)
...
006 (13655293.425.000) 2023-09-05 01:07:00 Image size of job updated: 1287820
	1083  -  MemoryUsage of job (MB)
	1107976  -  ResidentSetSize of job (KB)
...
006 (13655293.425.000) 2023-09-05 02:22:09 Image size of job updated: 1287820
	1083  -  MemoryUsage of job (MB)
	1108780  -  ResidentSetSize of job (KB)
...
006 (13655293.425.000) 2023-09-05 20:07:37 Image size of job updated: 1413444
	1083  -  MemoryUsage of job (MB)
	1108780  -  ResidentSetSize of job (KB)
...
040 (13655293.425.000) 2023-09-05 20:07:37 Started transferring output files
...
040 (13655293.425.000) 2023-09-05 20:07:37 Finished transferring output files
...
005 (13655293.425.000) 2023-09-05 20:07:37 Job terminated.
	(1) Normal termination (return value 0)
		Usr 0 18:54:29, Sys 0 00:02:08  -  Run Remote Usage
		Usr 0 00:00:00, Sys 0 00:00:00  -  Run Local Usage
		Usr 0 18:54:29, Sys 0 00:02:08  -  Total Remote Usage
		Usr 0 00:00:00, Sys 0 00:00:00  -  Total Local Usage
	1309657  -  Run Bytes Sent By Job
	32652772  -  Run Bytes Received By Job
	1309657  -  Total Bytes Sent By Job
	32652772  -  Total Bytes Received By Job
	Partitionable Resources :     Usage  Request Allocated 
	   Cpus                 :      0.99        1         1 
	   Disk (KB)            : 274886      524288   1208198 
	   IoHeavy              :                            0 
	   Memory (MB)          :   1083        4096      4096 

	Job terminated of its own accord at 2023-09-06T01:07:37Z with exit-code 0.
...
