000 (13655293.196.000) 2023-09-05 00:33:11 Job submitted from host: <128.104.101.92:9618?addrs=128.104.101.92-9618+[2607-f388-107c-501-a236-9fff-fe3c-caa8]-9618&alias=submit2.chtc.wisc.edu&noUDP&sock=schedd_1879732_618e>
...
040 (13655293.196.000) 2023-09-05 00:43:12 Started transferring input files
	Transferring to host: <128.105.69.135:9618?addrs=128.105.69.135-9618+[2607-f388-2200-100-1270-fdff-fe56-635c]-9618&alias=e4084.chtc.wisc.edu&noUDP&sock=slot1_88_178063_3de2_60690>
...
040 (13655293.196.000) 2023-09-05 00:43:14 Finished transferring input files
...
001 (13655293.196.000) 2023-09-05 00:43:16 Job executing on host: <128.105.69.135:9618?addrs=128.105.69.135-9618+[2607-f388-2200-100-1270-fdff-fe56-635c]-9618&alias=e4084.chtc.wisc.edu&noUDP&sock=startd_17181_50bf>
	SlotName: slot1_88@e4084.chtc.wisc.edu
	CondorScratchDir = "/var/lib/condor/execute/slot1/dir_110509"
	Cpus = 1
	Disk = 1208198
	IoHeavy = 0
	Memory = 4096
...
006 (13655293.196.000) 2023-09-05 00:43:24 Image size of job updated: 623744
	610  -  MemoryUsage of job (MB)
	623744  -  ResidentSetSize of job (KB)
...
006 (13655293.196.000) 2023-09-05 00:48:24 Image size of job updated: 1289216
	1055  -  MemoryUsage of job (MB)
	1079988  -  ResidentSetSize of job (KB)
...
006 (13655293.196.000) 2023-09-05 00:53:24 Image size of job updated: 1289216
	1081  -  MemoryUsage of job (MB)
	1106728  -  ResidentSetSize of job (KB)
...
006 (13655293.196.000) 2023-09-05 02:58:36 Image size of job updated: 1289216
	1087  -  MemoryUsage of job (MB)
	1112880  -  ResidentSetSize of job (KB)
...
006 (13655293.196.000) 2023-09-06 00:20:05 Image size of job updated: 1413216
	1087  -  MemoryUsage of job (MB)
	1112880  -  ResidentSetSize of job (KB)
...
040 (13655293.196.000) 2023-09-06 00:20:05 Started transferring output files
...
040 (13655293.196.000) 2023-09-06 00:20:05 Finished transferring output files
...
005 (13655293.196.000) 2023-09-06 00:20:05 Job terminated.
	(1) Normal termination (return value 0)
		Usr 0 23:10:24, Sys 0 00:03:35  -  Run Remote Usage
		Usr 0 00:00:00, Sys 0 00:00:00  -  Run Local Usage
		Usr 0 23:10:24, Sys 0 00:03:35  -  Total Remote Usage
		Usr 0 00:00:00, Sys 0 00:00:00  -  Total Local Usage
	1309374  -  Run Bytes Sent By Job
	32652772  -  Run Bytes Received By Job
	1309374  -  Total Bytes Sent By Job
	32652772  -  Total Bytes Received By Job
	Partitionable Resources :     Usage  Request Allocated 
	   Cpus                 :      0.99        1         1 
	   Disk (KB)            : 274885      524288   1208198 
	   IoHeavy              :                            0 
	   Memory (MB)          :   1087        4096      4096 

	Job terminated of its own accord at 2023-09-06T05:20:05Z with exit-code 0.
...
