000 (13655293.353.000) 2023-09-05 00:33:11 Job submitted from host: <128.104.101.92:9618?addrs=128.104.101.92-9618+[2607-f388-107c-501-a236-9fff-fe3c-caa8]-9618&alias=submit2.chtc.wisc.edu&noUDP&sock=schedd_1879732_618e>
...
040 (13655293.353.000) 2023-09-05 00:53:55 Started transferring input files
	Transferring to host: <128.105.69.137:9618?addrs=128.105.69.137-9618+[2607-f388-2200-100-1270-fdff-fe56-d12c]-9618&alias=e4014.chtc.wisc.edu&noUDP&sock=slot1_76_1985361_2db7_52056>
...
001 (13655293.353.000) 2023-09-05 00:54:07 Job executing on host: <128.105.69.137:9618?addrs=128.105.69.137-9618+[2607-f388-2200-100-1270-fdff-fe56-d12c]-9618&alias=e4014.chtc.wisc.edu&noUDP&sock=startd_15862_9754>
	SlotName: slot1_76@e4014.chtc.wisc.edu
	CondorScratchDir = "/var/lib/condor/execute/slot1/dir_4086189"
	Cpus = 1
	Disk = 1208198
	IoHeavy = 0
	Memory = 4096
...
040 (13655293.353.000) 2023-09-05 00:54:07 Finished transferring input files
...
006 (13655293.353.000) 2023-09-05 00:54:16 Image size of job updated: 713184
	697  -  MemoryUsage of job (MB)
	713184  -  ResidentSetSize of job (KB)
...
006 (13655293.353.000) 2023-09-05 00:59:17 Image size of job updated: 1079564
	844  -  MemoryUsage of job (MB)
	864148  -  ResidentSetSize of job (KB)
...
006 (13655293.353.000) 2023-09-05 01:04:17 Image size of job updated: 1267212
	1238  -  MemoryUsage of job (MB)
	1267160  -  ResidentSetSize of job (KB)
...
006 (13655293.353.000) 2023-09-05 01:09:17 Image size of job updated: 1286916
	1238  -  MemoryUsage of job (MB)
	1267160  -  ResidentSetSize of job (KB)
...
006 (13655293.353.000) 2023-09-06 05:06:52 Image size of job updated: 1415164
	1238  -  MemoryUsage of job (MB)
	1267160  -  ResidentSetSize of job (KB)
...
040 (13655293.353.000) 2023-09-06 05:06:52 Started transferring output files
...
040 (13655293.353.000) 2023-09-06 05:06:52 Finished transferring output files
...
005 (13655293.353.000) 2023-09-06 05:06:53 Job terminated.
	(1) Normal termination (return value 0)
		Usr 1 03:41:53, Sys 0 00:06:16  -  Run Remote Usage
		Usr 0 00:00:00, Sys 0 00:00:00  -  Run Local Usage
		Usr 1 03:41:53, Sys 0 00:06:16  -  Total Remote Usage
		Usr 0 00:00:00, Sys 0 00:00:00  -  Total Local Usage
	1309448  -  Run Bytes Sent By Job
	32652772  -  Run Bytes Received By Job
	1309448  -  Total Bytes Sent By Job
	32652772  -  Total Bytes Received By Job
	Partitionable Resources :     Usage  Request Allocated 
	   Cpus                 :      0.99        1         1 
	   Disk (KB)            : 274884      524288   1208198 
	   IoHeavy              :                            0 
	   Memory (MB)          :   1238        4096      4096 

	Job terminated of its own accord at 2023-09-06T10:06:52Z with exit-code 0.
...
