000 (13655293.150.000) 2023-09-05 00:33:11 Job submitted from host: <128.104.101.92:9618?addrs=128.104.101.92-9618+[2607-f388-107c-501-a236-9fff-fe3c-caa8]-9618&alias=submit2.chtc.wisc.edu&noUDP&sock=schedd_1879732_618e>
...
040 (13655293.150.000) 2023-09-05 00:38:58 Started transferring input files
	Transferring to host: <128.105.69.236:9618?addrs=128.105.69.236-9618+[2607-f388-2200-100-eaeb-d3ff-fe40-2044]-9618&alias=e2619.chtc.wisc.edu&noUDP&sock=slot1_77_238428_d859_58385>
...
040 (13655293.150.000) 2023-09-05 00:39:00 Finished transferring input files
...
001 (13655293.150.000) 2023-09-05 00:39:01 Job executing on host: <128.105.69.236:9618?addrs=128.105.69.236-9618+[2607-f388-2200-100-eaeb-d3ff-fe40-2044]-9618&alias=e2619.chtc.wisc.edu&noUDP&sock=startd_18724_af61>
	SlotName: slot1_77@e2619.chtc.wisc.edu
	CondorScratchDir = "/var/lib/condor/execute/slot1/dir_543038"
	Cpus = 1
	Disk = 1458998
	IoHeavy = 0
	Memory = 4096
...
006 (13655293.150.000) 2023-09-05 00:39:10 Image size of job updated: 696200
	680  -  MemoryUsage of job (MB)
	696200  -  ResidentSetSize of job (KB)
...
006 (13655293.150.000) 2023-09-05 00:44:11 Image size of job updated: 1267612
	1238  -  MemoryUsage of job (MB)
	1267264  -  ResidentSetSize of job (KB)
...
006 (13655293.150.000) 2023-09-05 00:49:11 Image size of job updated: 1289020
	1238  -  MemoryUsage of job (MB)
	1267264  -  ResidentSetSize of job (KB)
...
040 (13655293.150.000) 2023-09-05 22:10:56 Started transferring output files
...
040 (13655293.150.000) 2023-09-05 22:10:56 Finished transferring output files
...
005 (13655293.150.000) 2023-09-05 22:10:57 Job terminated.
	(1) Normal termination (return value 0)
		Usr 0 21:07:15, Sys 0 00:04:43  -  Run Remote Usage
		Usr 0 00:00:00, Sys 0 00:00:00  -  Run Local Usage
		Usr 0 21:07:15, Sys 0 00:04:43  -  Total Remote Usage
		Usr 0 00:00:00, Sys 0 00:00:00  -  Total Local Usage
	1309678  -  Run Bytes Sent By Job
	32652772  -  Run Bytes Received By Job
	1309678  -  Total Bytes Sent By Job
	32652772  -  Total Bytes Received By Job
	Partitionable Resources :     Usage  Request Allocated 
	   Cpus                 :      0.99        1         1 
	   Disk (KB)            : 274870      524288   1458998 
	   IoHeavy              :                            0 
	   Memory (MB)          :   1238        4096      4096 

	Job terminated of its own accord at 2023-09-06T03:10:55Z with exit-code 0.
...
