000 (13655293.187.000) 2023-09-05 00:33:11 Job submitted from host: <128.104.101.92:9618?addrs=128.104.101.92-9618+[2607-f388-107c-501-a236-9fff-fe3c-caa8]-9618&alias=submit2.chtc.wisc.edu&noUDP&sock=schedd_1879732_618e>
...
040 (13655293.187.000) 2023-09-05 00:41:45 Started transferring input files
	Transferring to host: <128.105.69.101:9618?addrs=128.105.69.101-9618+[2607-f388-2200-100-1270-fdff-fe56-bae4]-9618&alias=e4012.chtc.wisc.edu&noUDP&sock=slot1_48_2664981_f32c_54198>
...
040 (13655293.187.000) 2023-09-05 00:41:46 Finished transferring input files
...
001 (13655293.187.000) 2023-09-05 00:41:47 Job executing on host: <128.105.69.101:9618?addrs=128.105.69.101-9618+[2607-f388-2200-100-1270-fdff-fe56-bae4]-9618&alias=e4012.chtc.wisc.edu&noUDP&sock=startd_15697_6a33>
	SlotName: slot1_48@e4012.chtc.wisc.edu
	CondorScratchDir = "/var/lib/condor/execute/slot1/dir_3689035"
	Cpus = 1
	Disk = 1208198
	IoHeavy = 0
	Memory = 4096
...
006 (13655293.187.000) 2023-09-05 00:41:57 Image size of job updated: 679108
	664  -  MemoryUsage of job (MB)
	679108  -  ResidentSetSize of job (KB)
...
006 (13655293.187.000) 2023-09-05 00:46:57 Image size of job updated: 1176208
	964  -  MemoryUsage of job (MB)
	986216  -  ResidentSetSize of job (KB)
...
006 (13655293.187.000) 2023-09-05 00:51:57 Image size of job updated: 1176208
	972  -  MemoryUsage of job (MB)
	994920  -  ResidentSetSize of job (KB)
...
006 (13655293.187.000) 2023-09-05 00:56:58 Image size of job updated: 1176208
	974  -  MemoryUsage of job (MB)
	996456  -  ResidentSetSize of job (KB)
...
006 (13655293.187.000) 2023-09-05 01:06:58 Image size of job updated: 1176208
	975  -  MemoryUsage of job (MB)
	997692  -  ResidentSetSize of job (KB)
...
006 (13655293.187.000) 2023-09-05 01:32:00 Image size of job updated: 1176208
	984  -  MemoryUsage of job (MB)
	1006652  -  ResidentSetSize of job (KB)
...
006 (13655293.187.000) 2023-09-05 19:27:55 Image size of job updated: 1306696
	984  -  MemoryUsage of job (MB)
	1006652  -  ResidentSetSize of job (KB)
...
040 (13655293.187.000) 2023-09-05 19:27:56 Started transferring output files
...
040 (13655293.187.000) 2023-09-05 19:27:56 Finished transferring output files
...
005 (13655293.187.000) 2023-09-05 19:27:56 Job terminated.
	(1) Normal termination (return value 0)
		Usr 0 18:27:37, Sys 0 00:02:52  -  Run Remote Usage
		Usr 0 00:00:00, Sys 0 00:00:00  -  Run Local Usage
		Usr 0 18:27:37, Sys 0 00:02:52  -  Total Remote Usage
		Usr 0 00:00:00, Sys 0 00:00:00  -  Total Local Usage
	1309438  -  Run Bytes Sent By Job
	32652772  -  Run Bytes Received By Job
	1309438  -  Total Bytes Sent By Job
	32652772  -  Total Bytes Received By Job
	Partitionable Resources :     Usage  Request Allocated 
	   Cpus                 :      0.99        1         1 
	   Disk (KB)            : 274881      524288   1208198 
	   IoHeavy              :                            0 
	   Memory (MB)          :    984        4096      4096 

	Job terminated of its own accord at 2023-09-06T00:27:55Z with exit-code 0.
...
