000 (14269004.013.000) 2023-09-11 03:23:01 Job submitted from host: <128.104.101.92:9618?addrs=128.104.101.92-9618+[2607-f388-107c-501-a236-9fff-fe3c-caa8]-9618&alias=submit2.chtc.wisc.edu&noUDP&sock=schedd_1879732_618e>
...
040 (14269004.013.000) 2023-09-11 03:25:36 Started transferring input files
	Transferring to host: <128.105.69.231:9618?addrs=128.105.69.231-9618+[2607-f388-2200-100-eaeb-d3ff-fe3f-fbfc]-9618&alias=e2614.chtc.wisc.edu&noUDP&sock=slot1_232_790319_fb23_88404>
...
040 (14269004.013.000) 2023-09-11 03:25:39 Finished transferring input files
...
001 (14269004.013.000) 2023-09-11 03:25:40 Job executing on host: <128.105.69.231:9618?addrs=128.105.69.231-9618+[2607-f388-2200-100-eaeb-d3ff-fe3f-fbfc]-9618&alias=e2614.chtc.wisc.edu&noUDP&sock=startd_11686_33d5>
	SlotName: slot1_232@e2614.chtc.wisc.edu
	CondorScratchDir = "/var/lib/condor/execute/slot1/dir_1618281"
	Cpus = 1
	Disk = 1458998
	IoHeavy = 0
	Memory = 4096
...
006 (14269004.013.000) 2023-09-11 03:25:48 Image size of job updated: 379632
	241  -  MemoryUsage of job (MB)
	246052  -  ResidentSetSize of job (KB)
...
006 (14269004.013.000) 2023-09-11 03:30:48 Image size of job updated: 379632
	286  -  MemoryUsage of job (MB)
	292208  -  ResidentSetSize of job (KB)
...
006 (14269004.013.000) 2023-09-11 03:35:49 Image size of job updated: 379632
	286  -  MemoryUsage of job (MB)
	292644  -  ResidentSetSize of job (KB)
...
040 (14269004.013.000) 2023-09-11 03:38:21 Started transferring output files
...
040 (14269004.013.000) 2023-09-11 03:38:21 Finished transferring output files
...
005 (14269004.013.000) 2023-09-11 03:38:21 Job terminated.
	(1) Normal termination (return value 0)
		Usr 0 00:12:27, Sys 0 00:00:02  -  Run Remote Usage
		Usr 0 00:00:00, Sys 0 00:00:00  -  Run Local Usage
		Usr 0 00:12:27, Sys 0 00:00:02  -  Total Remote Usage
		Usr 0 00:00:00, Sys 0 00:00:00  -  Total Local Usage
	225689  -  Run Bytes Sent By Job
	32664898  -  Run Bytes Received By Job
	225689  -  Total Bytes Sent By Job
	32664898  -  Total Bytes Received By Job
	Partitionable Resources :     Usage  Request Allocated 
	   Cpus                 :      0.99        1         1 
	   Disk (KB)            : 255133      524288   1458998 
	   IoHeavy              :                            0 
	   Memory (MB)          :    286        4096      4096 

	Job terminated of its own accord at 2023-09-11T08:38:21Z with exit-code 0.
...
