035 (13648924.-01.000) 2023-09-05 00:13:21 Cluster submitted from host: <128.104.101.92:9618?addrs=128.104.101.92-9618+[2607-f388-107c-501-a236-9fff-fe3c-caa8]-9618&alias=submit2.chtc.wisc.edu&noUDP&sock=schedd_1879732_618e>
...
000 (13648924.000.000) 2023-09-05 00:13:21 Job submitted from host: <128.104.101.92:9618?addrs=128.104.101.92-9618+[2607-f388-107c-501-a236-9fff-fe3c-caa8]-9618&alias=submit2.chtc.wisc.edu&noUDP&sock=schedd_1879732_618e>
...
040 (13648924.000.000) 2023-09-05 00:13:48 Started transferring input files
	Transferring to host: <128.105.69.192:9618?addrs=128.105.69.192-9618+[2607-f388-2200-100-1270-fdff-fe56-bc04]-9618&alias=build4002.chtc.wisc.edu&noUDP&sock=interactive2_1_1262715_b2ad_334026>
...
040 (13648924.000.000) 2023-09-05 00:13:50 Finished transferring input files
...
001 (13648924.000.000) 2023-09-05 00:13:51 Job executing on host: <128.105.69.192:9618?addrs=128.105.69.192-9618+[2607-f388-2200-100-1270-fdff-fe56-bc04]-9618&alias=build4002.chtc.wisc.edu&noUDP&sock=startd_22892_961e>
	SlotName: interactive2_1@build4002.chtc.wisc.edu
	CondorScratchDir = "/var/lib/condor/execute/slot2/dir_2372355"
	Cpus = 1
	Disk = 1208198
	IoHeavy = 0
	Memory = 4096
...
006 (13648924.000.000) 2023-09-05 00:13:59 Image size of job updated: 1000
	1  -  MemoryUsage of job (MB)
	244  -  ResidentSetSize of job (KB)
...
006 (13648924.000.000) 2023-09-05 00:14:01 Image size of job updated: 3592
	5  -  MemoryUsage of job (MB)
	4952  -  ResidentSetSize of job (KB)
...
006 (13648924.000.000) 2023-09-05 00:18:59 Image size of job updated: 821580
	545  -  MemoryUsage of job (MB)
	558044  -  ResidentSetSize of job (KB)
...
006 (13648924.000.000) 2023-09-05 00:23:26 Image size of job updated: 1275732
	547  -  MemoryUsage of job (MB)
	559836  -  ResidentSetSize of job (KB)
...
040 (13648924.000.000) 2023-09-05 00:23:27 Started transferring output files
...
040 (13648924.000.000) 2023-09-05 00:23:28 Finished transferring output files
...
005 (13648924.000.000) 2023-09-05 00:23:32 Job terminated.
	(1) Normal termination (return value 255)
		Usr 0 00:05:21, Sys 0 00:00:38  -  Run Remote Usage
		Usr 0 00:00:00, Sys 0 00:00:00  -  Run Local Usage
		Usr 0 00:05:21, Sys 0 00:00:38  -  Total Remote Usage
		Usr 0 00:00:00, Sys 0 00:00:00  -  Total Local Usage
	412  -  Run Bytes Sent By Job
	32650546  -  Run Bytes Received By Job
	412  -  Total Bytes Sent By Job
	32650546  -  Total Bytes Received By Job
	Partitionable Resources :     Usage  Request Allocated 
	   Cpus                 :      0.98        1         1 
	   Disk (KB)            : 269554      524288   1208198 
	   IoHeavy              :                            0 
	   Memory (MB)          :    547        4096      4096 

	Job terminated of its own accord at 2023-09-05T05:14:01Z with signal 15.
...
036 (13648924.-01.000) 2023-09-05 00:23:33 Cluster removed
	Materialized 2 jobs from -1 items.	Complete
...
