000 (13655293.125.000) 2023-09-05 00:33:11 Job submitted from host: <128.104.101.92:9618?addrs=128.104.101.92-9618+[2607-f388-107c-501-a236-9fff-fe3c-caa8]-9618&alias=submit2.chtc.wisc.edu&noUDP&sock=schedd_1879732_618e>
...
040 (13655293.125.000) 2023-09-05 00:36:26 Started transferring input files
	Transferring to host: <128.105.69.189:9618?addrs=128.105.69.189-9618+[2607-f388-2200-100-1270-fdff-fe56-644c]-9618&alias=e4042.chtc.wisc.edu&noUDP&sock=slot1_96_3770169_e03a_55808>
...
001 (13655293.125.000) 2023-09-05 00:36:36 Job executing on host: <128.105.69.189:9618?addrs=128.105.69.189-9618+[2607-f388-2200-100-1270-fdff-fe56-644c]-9618&alias=e4042.chtc.wisc.edu&noUDP&sock=startd_15959_2004>
	SlotName: slot1_96@e4042.chtc.wisc.edu
	CondorScratchDir = "/var/lib/condor/execute/slot1/dir_3475091"
	Cpus = 1
	Disk = 1208198
	IoHeavy = 0
	Memory = 4096
...
040 (13655293.125.000) 2023-09-05 00:36:36 Finished transferring input files
...
006 (13655293.125.000) 2023-09-05 00:36:44 Image size of job updated: 674560
	659  -  MemoryUsage of job (MB)
	674560  -  ResidentSetSize of job (KB)
...
006 (13655293.125.000) 2023-09-05 00:41:44 Image size of job updated: 1287044
	984  -  MemoryUsage of job (MB)
	1006656  -  ResidentSetSize of job (KB)
...
006 (13655293.125.000) 2023-09-05 00:46:45 Image size of job updated: 1287044
	1084  -  MemoryUsage of job (MB)
	1109052  -  ResidentSetSize of job (KB)
...
006 (13655293.125.000) 2023-09-05 01:11:47 Image size of job updated: 1287044
	1095  -  MemoryUsage of job (MB)
	1121200  -  ResidentSetSize of job (KB)
...
006 (13655293.125.000) 2023-09-05 04:27:06 Image size of job updated: 1287044
	1099  -  MemoryUsage of job (MB)
	1125356  -  ResidentSetSize of job (KB)
...
006 (13655293.125.000) 2023-09-05 22:17:21 Image size of job updated: 1415496
	1099  -  MemoryUsage of job (MB)
	1125356  -  ResidentSetSize of job (KB)
...
040 (13655293.125.000) 2023-09-05 22:17:21 Started transferring output files
...
040 (13655293.125.000) 2023-09-05 22:17:21 Finished transferring output files
...
005 (13655293.125.000) 2023-09-05 22:17:21 Job terminated.
	(1) Normal termination (return value 0)
		Usr 0 21:17:33, Sys 0 00:03:33  -  Run Remote Usage
		Usr 0 00:00:00, Sys 0 00:00:00  -  Run Local Usage
		Usr 0 21:17:33, Sys 0 00:03:33  -  Total Remote Usage
		Usr 0 00:00:00, Sys 0 00:00:00  -  Total Local Usage
	1309543  -  Run Bytes Sent By Job
	32652772  -  Run Bytes Received By Job
	1309543  -  Total Bytes Sent By Job
	32652772  -  Total Bytes Received By Job
	Partitionable Resources :     Usage  Request Allocated 
	   Cpus                 :      0.99        1         1 
	   Disk (KB)            : 274893      524288   1208198 
	   IoHeavy              :                            0 
	   Memory (MB)          :   1099        4096      4096 

	Job terminated of its own accord at 2023-09-06T03:17:21Z with exit-code 0.
...
