000 (14312691.011.000) 2023-09-11 11:54:06 Job submitted from host: <128.104.101.92:9618?addrs=128.104.101.92-9618+[2607-f388-107c-501-a236-9fff-fe3c-caa8]-9618&alias=submit2.chtc.wisc.edu&noUDP&sock=schedd_1879732_618e>
...
040 (14312691.011.000) 2023-09-11 12:00:23 Started transferring input files
	Transferring to host: <128.105.69.107:9618?addrs=128.105.69.107-9618+[2607-f388-2200-100-1270-fdff-fe56-bfe4]-9618&alias=e4056.chtc.wisc.edu&noUDP&sock=slot1_54_16554_8a5a_68491>
...
040 (14312691.011.000) 2023-09-11 12:00:25 Finished transferring input files
...
001 (14312691.011.000) 2023-09-11 12:00:27 Job executing on host: <128.105.69.107:9618?addrs=128.105.69.107-9618+[2607-f388-2200-100-1270-fdff-fe56-bfe4]-9618&alias=e4056.chtc.wisc.edu&noUDP&sock=startd_16415_e733>
	SlotName: slot1_54@e4056.chtc.wisc.edu
	CondorScratchDir = "/var/lib/condor/execute/slot1/dir_1817520"
	Cpus = 1
	Disk = 1208198
	IoHeavy = 0
	Memory = 4096
...
006 (14312691.011.000) 2023-09-11 12:00:36 Image size of job updated: 379032
	296  -  MemoryUsage of job (MB)
	302540  -  ResidentSetSize of job (KB)
...
006 (14312691.011.000) 2023-09-11 12:05:37 Image size of job updated: 379032
	299  -  MemoryUsage of job (MB)
	305736  -  ResidentSetSize of job (KB)
...
006 (14312691.011.000) 2023-09-11 12:10:37 Image size of job updated: 379032
	305  -  MemoryUsage of job (MB)
	311820  -  ResidentSetSize of job (KB)
...
006 (14312691.011.000) 2023-09-11 12:15:37 Image size of job updated: 379032
	308  -  MemoryUsage of job (MB)
	314884  -  ResidentSetSize of job (KB)
...
040 (14312691.011.000) 2023-09-11 12:16:00 Started transferring output files
...
040 (14312691.011.000) 2023-09-11 12:16:00 Finished transferring output files
...
005 (14312691.011.000) 2023-09-11 12:16:00 Job terminated.
	(1) Normal termination (return value 0)
		Usr 0 00:15:13, Sys 0 00:00:02  -  Run Remote Usage
		Usr 0 00:00:00, Sys 0 00:00:00  -  Run Local Usage
		Usr 0 00:15:13, Sys 0 00:00:02  -  Total Remote Usage
		Usr 0 00:00:00, Sys 0 00:00:00  -  Total Local Usage
	325752  -  Run Bytes Sent By Job
	32664896  -  Run Bytes Received By Job
	325752  -  Total Bytes Sent By Job
	32664896  -  Total Bytes Received By Job
	Partitionable Resources :     Usage  Request Allocated 
	   Cpus                 :      0.98        1         1 
	   Disk (KB)            : 255231      524288   1208198 
	   IoHeavy              :                            0 
	   Memory (MB)          :    308        4096      4096 

	Job terminated of its own accord at 2023-09-11T17:16:00Z with exit-code 0.
...
