000 (14312692.025.000) 2023-09-11 11:54:29 Job submitted from host: <128.104.101.92:9618?addrs=128.104.101.92-9618+[2607-f388-107c-501-a236-9fff-fe3c-caa8]-9618&alias=submit2.chtc.wisc.edu&noUDP&sock=schedd_1879732_618e>
...
040 (14312692.025.000) 2023-09-11 12:00:38 Started transferring input files
	Transferring to host: <128.105.69.171:9618?addrs=128.105.69.171-9618+[2607-f388-2200-100-1270-fdff-fe56-76ac]-9618&alias=e2554.chtc.wisc.edu&noUDP&sock=slot1_157_1826531_133c_82877>
...
040 (14312692.025.000) 2023-09-11 12:00:40 Finished transferring input files
...
001 (14312692.025.000) 2023-09-11 12:00:42 Job executing on host: <128.105.69.171:9618?addrs=128.105.69.171-9618+[2607-f388-2200-100-1270-fdff-fe56-76ac]-9618&alias=e2554.chtc.wisc.edu&noUDP&sock=startd_14106_1f06>
	SlotName: slot1_157@e2554.chtc.wisc.edu
	CondorScratchDir = "/var/lib/condor/execute/slot1/dir_3072783"
	Cpus = 1
	Disk = 1208198
	IoHeavy = 0
	Memory = 4096
...
006 (14312692.025.000) 2023-09-11 12:00:51 Image size of job updated: 649968
	635  -  MemoryUsage of job (MB)
	649968  -  ResidentSetSize of job (KB)
...
006 (14312692.025.000) 2023-09-11 12:04:55 Image size of job updated: 838816
	635  -  MemoryUsage of job (MB)
	649968  -  ResidentSetSize of job (KB)
...
040 (14312692.025.000) 2023-09-11 12:04:55 Started transferring output files
...
040 (14312692.025.000) 2023-09-11 12:04:55 Finished transferring output files
...
005 (14312692.025.000) 2023-09-11 12:04:55 Job terminated.
	(1) Normal termination (return value 0)
		Usr 0 00:04:02, Sys 0 00:00:05  -  Run Remote Usage
		Usr 0 00:00:00, Sys 0 00:00:00  -  Run Local Usage
		Usr 0 00:04:02, Sys 0 00:00:05  -  Total Remote Usage
		Usr 0 00:00:00, Sys 0 00:00:00  -  Total Local Usage
	169118  -  Run Bytes Sent By Job
	32720412  -  Run Bytes Received By Job
	169118  -  Total Bytes Sent By Job
	32720412  -  Total Bytes Received By Job
	Partitionable Resources :     Usage  Request Allocated 
	   Cpus                 :      0.99        1         1 
	   Disk (KB)            : 261334      524288   1208198 
	   IoHeavy              :                            0 
	   Memory (MB)          :    635        4096      4096 

	Job terminated of its own accord at 2023-09-11T17:04:55Z with exit-code 0.
...
