000 (13655293.308.000) 2023-09-05 00:33:11 Job submitted from host: <128.104.101.92:9618?addrs=128.104.101.92-9618+[2607-f388-107c-501-a236-9fff-fe3c-caa8]-9618&alias=submit2.chtc.wisc.edu&noUDP&sock=schedd_1879732_618e>
...
040 (13655293.308.000) 2023-09-05 00:53:17 Started transferring input files
	Transferring to host: <128.105.69.129:9618?addrs=128.105.69.129-9618+[2607-f388-2200-100-1270-fdff-fe56-6734]-9618&alias=e4078.chtc.wisc.edu&noUDP&sock=slot1_48_735766_7519_55037>
...
001 (13655293.308.000) 2023-09-05 00:53:34 Job executing on host: <128.105.69.129:9618?addrs=128.105.69.129-9618+[2607-f388-2200-100-1270-fdff-fe56-6734]-9618&alias=e4078.chtc.wisc.edu&noUDP&sock=startd_16790_1f37>
	SlotName: slot1_48@e4078.chtc.wisc.edu
	CondorScratchDir = "/var/lib/condor/execute/slot1/dir_2648865"
	Cpus = 1
	Disk = 1208198
	IoHeavy = 0
	Memory = 4096
...
040 (13655293.308.000) 2023-09-05 00:53:34 Finished transferring input files
...
006 (13655293.308.000) 2023-09-05 00:53:42 Image size of job updated: 701856
	686  -  MemoryUsage of job (MB)
	701856  -  ResidentSetSize of job (KB)
...
006 (13655293.308.000) 2023-09-05 00:58:42 Image size of job updated: 1281308
	1066  -  MemoryUsage of job (MB)
	1091284  -  ResidentSetSize of job (KB)
...
006 (13655293.308.000) 2023-09-05 01:03:43 Image size of job updated: 1281308
	1075  -  MemoryUsage of job (MB)
	1099852  -  ResidentSetSize of job (KB)
...
006 (13655293.308.000) 2023-09-05 01:13:44 Image size of job updated: 1281308
	1088  -  MemoryUsage of job (MB)
	1113652  -  ResidentSetSize of job (KB)
...
006 (13655293.308.000) 2023-09-06 00:43:27 Image size of job updated: 1365004
	1088  -  MemoryUsage of job (MB)
	1113652  -  ResidentSetSize of job (KB)
...
040 (13655293.308.000) 2023-09-06 00:43:27 Started transferring output files
...
040 (13655293.308.000) 2023-09-06 00:43:27 Finished transferring output files
...
005 (13655293.308.000) 2023-09-06 00:43:27 Job terminated.
	(1) Normal termination (return value 0)
		Usr 0 23:16:52, Sys 0 00:06:42  -  Run Remote Usage
		Usr 0 00:00:00, Sys 0 00:00:00  -  Run Local Usage
		Usr 0 23:16:52, Sys 0 00:06:42  -  Total Remote Usage
		Usr 0 00:00:00, Sys 0 00:00:00  -  Total Local Usage
	1309650  -  Run Bytes Sent By Job
	32652772  -  Run Bytes Received By Job
	1309650  -  Total Bytes Sent By Job
	32652772  -  Total Bytes Received By Job
	Partitionable Resources :     Usage  Request Allocated 
	   Cpus                 :      0.99        1         1 
	   Disk (KB)            : 274906      524288   1208198 
	   IoHeavy              :                            0 
	   Memory (MB)          :   1088        4096      4096 

	Job terminated of its own accord at 2023-09-06T05:43:27Z with exit-code 0.
...
