000 (13655293.229.000) 2023-09-05 00:33:11 Job submitted from host: <128.104.101.92:9618?addrs=128.104.101.92-9618+[2607-f388-107c-501-a236-9fff-fe3c-caa8]-9618&alias=submit2.chtc.wisc.edu&noUDP&sock=schedd_1879732_618e>
...
040 (13655293.229.000) 2023-09-05 00:45:46 Started transferring input files
	Transferring to host: <128.105.69.137:9618?addrs=128.105.69.137-9618+[2607-f388-2200-100-1270-fdff-fe56-d12c]-9618&alias=e4014.chtc.wisc.edu&noUDP&sock=slot1_36_1985361_2db7_51985>
...
040 (13655293.229.000) 2023-09-05 00:45:49 Finished transferring input files
...
001 (13655293.229.000) 2023-09-05 00:46:11 Job executing on host: <128.105.69.137:9618?addrs=128.105.69.137-9618+[2607-f388-2200-100-1270-fdff-fe56-d12c]-9618&alias=e4014.chtc.wisc.edu&noUDP&sock=startd_15862_9754>
	SlotName: slot1_36@e4014.chtc.wisc.edu
	CondorScratchDir = "/var/lib/condor/execute/slot1/dir_4059365"
	Cpus = 1
	Disk = 1208198
	IoHeavy = 0
	Memory = 4096
...
006 (13655293.229.000) 2023-09-05 00:46:19 Image size of job updated: 576832
	564  -  MemoryUsage of job (MB)
	576832  -  ResidentSetSize of job (KB)
...
006 (13655293.229.000) 2023-09-05 00:51:19 Image size of job updated: 1181460
	880  -  MemoryUsage of job (MB)
	901068  -  ResidentSetSize of job (KB)
...
006 (13655293.229.000) 2023-09-05 00:56:20 Image size of job updated: 1181460
	970  -  MemoryUsage of job (MB)
	992572  -  ResidentSetSize of job (KB)
...
006 (13655293.229.000) 2023-09-05 01:01:21 Image size of job updated: 1181460
	977  -  MemoryUsage of job (MB)
	1000120  -  ResidentSetSize of job (KB)
...
006 (13655293.229.000) 2023-09-05 01:56:26 Image size of job updated: 1181460
	981  -  MemoryUsage of job (MB)
	1003960  -  ResidentSetSize of job (KB)
...
006 (13655293.229.000) 2023-09-05 02:46:33 Image size of job updated: 1181460
	986  -  MemoryUsage of job (MB)
	1009116  -  ResidentSetSize of job (KB)
...
006 (13655293.229.000) 2023-09-06 00:28:51 Image size of job updated: 1311028
	1120  -  MemoryUsage of job (MB)
	1146504  -  ResidentSetSize of job (KB)
...
040 (13655293.229.000) 2023-09-06 00:29:21 Started transferring output files
...
040 (13655293.229.000) 2023-09-06 00:29:21 Finished transferring output files
...
005 (13655293.229.000) 2023-09-06 00:29:21 Job terminated.
	(1) Normal termination (return value 0)
		Usr 0 23:17:08, Sys 0 00:05:56  -  Run Remote Usage
		Usr 0 00:00:00, Sys 0 00:00:00  -  Run Local Usage
		Usr 0 23:17:08, Sys 0 00:05:56  -  Total Remote Usage
		Usr 0 00:00:00, Sys 0 00:00:00  -  Total Local Usage
	1309382  -  Run Bytes Sent By Job
	32652772  -  Run Bytes Received By Job
	1309382  -  Total Bytes Sent By Job
	32652772  -  Total Bytes Received By Job
	Partitionable Resources :     Usage  Request Allocated 
	   Cpus                 :      0.99        1         1 
	   Disk (KB)            : 274915      524288   1208198 
	   IoHeavy              :                            0 
	   Memory (MB)          :   1120        4096      4096 

	Job terminated of its own accord at 2023-09-06T05:29:21Z with exit-code 0.
...
