000 (14269004.066.000) 2023-09-11 03:23:01 Job submitted from host: <128.104.101.92:9618?addrs=128.104.101.92-9618+[2607-f388-107c-501-a236-9fff-fe3c-caa8]-9618&alias=submit2.chtc.wisc.edu&noUDP&sock=schedd_1879732_618e>
...
040 (14269004.066.000) 2023-09-11 03:28:28 Started transferring input files
	Transferring to host: <128.105.69.187:9618?addrs=128.105.69.187-9618+[2607-f388-2200-100-1270-fdff-fe56-b86c]-9618&alias=e4039.chtc.wisc.edu&noUDP&sock=slot1_35_3704987_429f_79851>
...
040 (14269004.066.000) 2023-09-11 03:28:31 Finished transferring input files
...
001 (14269004.066.000) 2023-09-11 03:28:32 Job executing on host: <128.105.69.187:9618?addrs=128.105.69.187-9618+[2607-f388-2200-100-1270-fdff-fe56-b86c]-9618&alias=e4039.chtc.wisc.edu&noUDP&sock=startd_15786_7621>
	SlotName: slot1_35@e4039.chtc.wisc.edu
	CondorScratchDir = "/var/lib/condor/execute/slot1/dir_2114036"
	Cpus = 1
	Disk = 1208198
	IoHeavy = 0
	Memory = 4096
...
006 (14269004.066.000) 2023-09-11 03:28:40 Image size of job updated: 379704
	338  -  MemoryUsage of job (MB)
	345540  -  ResidentSetSize of job (KB)
...
006 (14269004.066.000) 2023-09-11 03:30:49 Image size of job updated: 379704
	339  -  MemoryUsage of job (MB)
	346984  -  ResidentSetSize of job (KB)
...
040 (14269004.066.000) 2023-09-11 03:30:49 Started transferring output files
...
040 (14269004.066.000) 2023-09-11 03:30:49 Finished transferring output files
...
005 (14269004.066.000) 2023-09-11 03:30:49 Job terminated.
	(1) Normal termination (return value 0)
		Usr 0 00:02:11, Sys 0 00:00:02  -  Run Remote Usage
		Usr 0 00:00:00, Sys 0 00:00:00  -  Run Local Usage
		Usr 0 00:02:11, Sys 0 00:00:02  -  Total Remote Usage
		Usr 0 00:00:00, Sys 0 00:00:00  -  Total Local Usage
	111680  -  Run Bytes Sent By Job
	32664898  -  Run Bytes Received By Job
	111680  -  Total Bytes Sent By Job
	32664898  -  Total Bytes Received By Job
	Partitionable Resources :     Usage  Request Allocated 
	   Cpus                 :      0.99        1         1 
	   Disk (KB)            : 255901      524288   1208198 
	   IoHeavy              :                            0 
	   Memory (MB)          :    339        4096      4096 

	Job terminated of its own accord at 2023-09-11T08:30:49Z with exit-code 0.
...
