000 (14312691.010.000) 2023-09-11 11:54:06 Job submitted from host: <128.104.101.92:9618?addrs=128.104.101.92-9618+[2607-f388-107c-501-a236-9fff-fe3c-caa8]-9618&alias=submit2.chtc.wisc.edu&noUDP&sock=schedd_1879732_618e>
...
040 (14312691.010.000) 2023-09-11 12:00:23 Started transferring input files
	Transferring to host: <128.105.69.174:9618?addrs=128.105.69.174-9618+[2607-f388-2200-100-1270-fdff-fe56-74dc]-9618&alias=e2557.chtc.wisc.edu&noUDP&sock=slot1_97_2820011_9c0c_90952>
...
040 (14312691.010.000) 2023-09-11 12:00:26 Finished transferring input files
...
001 (14312691.010.000) 2023-09-11 12:00:29 Job executing on host: <128.105.69.174:9618?addrs=128.105.69.174-9618+[2607-f388-2200-100-1270-fdff-fe56-74dc]-9618&alias=e2557.chtc.wisc.edu&noUDP&sock=startd_13083_6da3>
	SlotName: slot1_97@e2557.chtc.wisc.edu
	CondorScratchDir = "/var/lib/condor/execute/slot1/dir_1959746"
	Cpus = 1
	Disk = 1208198
	IoHeavy = 0
	Memory = 4096
...
006 (14312691.010.000) 2023-09-11 12:00:37 Image size of job updated: 273036
	173  -  MemoryUsage of job (MB)
	176412  -  ResidentSetSize of job (KB)
...
006 (14312691.010.000) 2023-09-11 12:05:37 Image size of job updated: 273036
	197  -  MemoryUsage of job (MB)
	200824  -  ResidentSetSize of job (KB)
...
006 (14312691.010.000) 2023-09-11 12:10:38 Image size of job updated: 273036
	203  -  MemoryUsage of job (MB)
	206968  -  ResidentSetSize of job (KB)
...
006 (14312691.010.000) 2023-09-11 12:15:38 Image size of job updated: 273036
	203  -  MemoryUsage of job (MB)
	207480  -  ResidentSetSize of job (KB)
...
040 (14312691.010.000) 2023-09-11 12:16:23 Started transferring output files
...
040 (14312691.010.000) 2023-09-11 12:16:23 Finished transferring output files
...
005 (14312691.010.000) 2023-09-11 12:16:23 Job terminated.
	(1) Normal termination (return value 0)
		Usr 0 00:15:39, Sys 0 00:00:01  -  Run Remote Usage
		Usr 0 00:00:00, Sys 0 00:00:00  -  Run Local Usage
		Usr 0 00:15:39, Sys 0 00:00:01  -  Total Remote Usage
		Usr 0 00:00:00, Sys 0 00:00:00  -  Total Local Usage
	325956  -  Run Bytes Sent By Job
	32664896  -  Run Bytes Received By Job
	325956  -  Total Bytes Sent By Job
	32664896  -  Total Bytes Received By Job
	Partitionable Resources :     Usage  Request Allocated 
	   Cpus                 :      0.99        1         1 
	   Disk (KB)            : 255233      524288   1208198 
	   IoHeavy              :                            0 
	   Memory (MB)          :    203        4096      4096 

	Job terminated of its own accord at 2023-09-11T17:16:23Z with exit-code 0.
...
