000 (14312692.060.000) 2023-09-11 11:54:29 Job submitted from host: <128.104.101.92:9618?addrs=128.104.101.92-9618+[2607-f388-107c-501-a236-9fff-fe3c-caa8]-9618&alias=submit2.chtc.wisc.edu&noUDP&sock=schedd_1879732_618e>
...
040 (14312692.060.000) 2023-09-11 12:01:47 Started transferring input files
	Transferring to host: <128.105.69.166:9618?addrs=128.105.69.166-9618+[2607-f388-2200-100-1270-fdff-fe56-717c]-9618&alias=e2549.chtc.wisc.edu&noUDP&sock=slot1_62_3372177_8202_115743>
...
040 (14312692.060.000) 2023-09-11 12:01:49 Finished transferring input files
...
001 (14312692.060.000) 2023-09-11 12:01:50 Job executing on host: <128.105.69.166:9618?addrs=128.105.69.166-9618+[2607-f388-2200-100-1270-fdff-fe56-717c]-9618&alias=e2549.chtc.wisc.edu&noUDP&sock=startd_12925_0dac>
	SlotName: slot1_62@e2549.chtc.wisc.edu
	CondorScratchDir = "/var/lib/condor/execute/slot1/dir_3540951"
	Cpus = 1
	Disk = 1208198
	IoHeavy = 0
	Memory = 4096
...
006 (14312692.060.000) 2023-09-11 12:01:59 Image size of job updated: 689512
	674  -  MemoryUsage of job (MB)
	689512  -  ResidentSetSize of job (KB)
...
006 (14312692.060.000) 2023-09-11 12:03:11 Image size of job updated: 809864
	675  -  MemoryUsage of job (MB)
	690536  -  ResidentSetSize of job (KB)
...
040 (14312692.060.000) 2023-09-11 12:03:12 Started transferring output files
...
040 (14312692.060.000) 2023-09-11 12:03:12 Finished transferring output files
...
005 (14312692.060.000) 2023-09-11 12:03:12 Job terminated.
	(1) Normal termination (return value 0)
		Usr 0 00:01:15, Sys 0 00:00:03  -  Run Remote Usage
		Usr 0 00:00:00, Sys 0 00:00:00  -  Run Local Usage
		Usr 0 00:01:15, Sys 0 00:00:03  -  Total Remote Usage
		Usr 0 00:00:00, Sys 0 00:00:00  -  Total Local Usage
	98448  -  Run Bytes Sent By Job
	32720412  -  Run Bytes Received By Job
	98448  -  Total Bytes Sent By Job
	32720412  -  Total Bytes Received By Job
	Partitionable Resources :    Usage  Request Allocated 
	   Cpus                 :                 1         1 
	   Disk (KB)            :   261256   524288   1208198 
	   IoHeavy              :                           0 
	   Memory (MB)          :      675     4096      4096 

	Job terminated of its own accord at 2023-09-11T17:03:11Z with exit-code 0.
...
