000 (14269004.061.000) 2023-09-11 03:23:01 Job submitted from host: <128.104.101.92:9618?addrs=128.104.101.92-9618+[2607-f388-107c-501-a236-9fff-fe3c-caa8]-9618&alias=submit2.chtc.wisc.edu&noUDP&sock=schedd_1879732_618e>
...
040 (14269004.061.000) 2023-09-11 03:27:55 Started transferring input files
	Transferring to host: <128.105.69.231:9618?addrs=128.105.69.231-9618+[2607-f388-2200-100-eaeb-d3ff-fe3f-fbfc]-9618&alias=e2614.chtc.wisc.edu&noUDP&sock=slot1_231_790319_fb23_88408>
...
040 (14269004.061.000) 2023-09-11 03:27:58 Finished transferring input files
...
001 (14269004.061.000) 2023-09-11 03:27:59 Job executing on host: <128.105.69.231:9618?addrs=128.105.69.231-9618+[2607-f388-2200-100-eaeb-d3ff-fe3f-fbfc]-9618&alias=e2614.chtc.wisc.edu&noUDP&sock=startd_11686_33d5>
	SlotName: slot1_231@e2614.chtc.wisc.edu
	CondorScratchDir = "/var/lib/condor/execute/slot1/dir_1618777"
	Cpus = 1
	Disk = 1458998
	IoHeavy = 0
	Memory = 4096
...
006 (14269004.061.000) 2023-09-11 03:28:07 Image size of job updated: 273052
	267  -  MemoryUsage of job (MB)
	273052  -  ResidentSetSize of job (KB)
...
006 (14269004.061.000) 2023-09-11 03:29:44 Image size of job updated: 273788
	267  -  MemoryUsage of job (MB)
	273052  -  ResidentSetSize of job (KB)
...
040 (14269004.061.000) 2023-09-11 03:29:44 Started transferring output files
...
040 (14269004.061.000) 2023-09-11 03:29:44 Finished transferring output files
...
005 (14269004.061.000) 2023-09-11 03:29:44 Job terminated.
	(1) Normal termination (return value 0)
		Usr 0 00:01:40, Sys 0 00:00:02  -  Run Remote Usage
		Usr 0 00:00:00, Sys 0 00:00:00  -  Run Local Usage
		Usr 0 00:01:40, Sys 0 00:00:02  -  Total Remote Usage
		Usr 0 00:00:00, Sys 0 00:00:00  -  Total Local Usage
	104010  -  Run Bytes Sent By Job
	32664898  -  Run Bytes Received By Job
	104010  -  Total Bytes Sent By Job
	32664898  -  Total Bytes Received By Job
	Partitionable Resources :     Usage  Request Allocated 
	   Cpus                 :      0.99        1         1 
	   Disk (KB)            : 255881      524288   1458998 
	   IoHeavy              :                            0 
	   Memory (MB)          :    267        4096      4096 

	Job terminated of its own accord at 2023-09-11T08:29:44Z with exit-code 0.
...
