000 (13655293.471.000) 2023-09-05 00:33:11 Job submitted from host: <128.104.101.92:9618?addrs=128.104.101.92-9618+[2607-f388-107c-501-a236-9fff-fe3c-caa8]-9618&alias=submit2.chtc.wisc.edu&noUDP&sock=schedd_1879732_618e>
...
040 (13655293.471.000) 2023-09-05 00:56:34 Started transferring input files
	Transferring to host: <128.105.69.157:9618?addrs=128.105.69.157-9618+[2607-f388-2200-100-1270-fdff-fe56-c3a4]-9618&alias=e4090.chtc.wisc.edu&noUDP&sock=slot1_54_1363133_4360_49279>
...
001 (13655293.471.000) 2023-09-05 00:57:04 Job executing on host: <128.105.69.157:9618?addrs=128.105.69.157-9618+[2607-f388-2200-100-1270-fdff-fe56-c3a4]-9618&alias=e4090.chtc.wisc.edu&noUDP&sock=startd_18322_f24e>
	SlotName: slot1_54@e4090.chtc.wisc.edu
	CondorScratchDir = "/var/lib/condor/execute/slot1/dir_555352"
	Cpus = 1
	Disk = 1208198
	IoHeavy = 0
	Memory = 4096
...
040 (13655293.471.000) 2023-09-05 00:57:04 Finished transferring input files
...
006 (13655293.471.000) 2023-09-05 00:57:12 Image size of job updated: 517188
	506  -  MemoryUsage of job (MB)
	517188  -  ResidentSetSize of job (KB)
...
006 (13655293.471.000) 2023-09-05 01:02:12 Image size of job updated: 947904
	724  -  MemoryUsage of job (MB)
	740672  -  ResidentSetSize of job (KB)
...
006 (13655293.471.000) 2023-09-05 01:07:14 Image size of job updated: 1160600
	1134  -  MemoryUsage of job (MB)
	1160532  -  ResidentSetSize of job (KB)
...
006 (13655293.471.000) 2023-09-05 01:12:14 Image size of job updated: 1176396
	1134  -  MemoryUsage of job (MB)
	1160532  -  ResidentSetSize of job (KB)
...
006 (13655293.471.000) 2023-09-06 00:45:37 Image size of job updated: 1304232
	1134  -  MemoryUsage of job (MB)
	1160532  -  ResidentSetSize of job (KB)
...
040 (13655293.471.000) 2023-09-06 00:45:37 Started transferring output files
...
040 (13655293.471.000) 2023-09-06 00:45:37 Finished transferring output files
...
005 (13655293.471.000) 2023-09-06 00:45:37 Job terminated.
	(1) Normal termination (return value 0)
		Usr 0 23:27:08, Sys 0 00:04:23  -  Run Remote Usage
		Usr 0 00:00:00, Sys 0 00:00:00  -  Run Local Usage
		Usr 0 23:27:08, Sys 0 00:04:23  -  Total Remote Usage
		Usr 0 00:00:00, Sys 0 00:00:00  -  Total Local Usage
	1309814  -  Run Bytes Sent By Job
	32652772  -  Run Bytes Received By Job
	1309814  -  Total Bytes Sent By Job
	32652772  -  Total Bytes Received By Job
	Partitionable Resources :     Usage  Request Allocated 
	   Cpus                 :      0.99        1         1 
	   Disk (KB)            : 274911      524288   1208198 
	   IoHeavy              :                            0 
	   Memory (MB)          :   1134        4096      4096 

	Job terminated of its own accord at 2023-09-06T05:45:37Z with exit-code 0.
...
