000 (13655293.165.000) 2023-09-05 00:33:11 Job submitted from host: <128.104.101.92:9618?addrs=128.104.101.92-9618+[2607-f388-107c-501-a236-9fff-fe3c-caa8]-9618&alias=submit2.chtc.wisc.edu&noUDP&sock=schedd_1879732_618e>
...
040 (13655293.165.000) 2023-09-05 00:40:49 Started transferring input files
	Transferring to host: <128.105.69.230:9618?addrs=128.105.69.230-9618+[2607-f388-2200-100-eaeb-d3ff-fe40-17bc]-9618&alias=e2613.chtc.wisc.edu&noUDP&sock=slot1_50_3225262_998b_51358>
...
040 (13655293.165.000) 2023-09-05 00:40:51 Finished transferring input files
...
001 (13655293.165.000) 2023-09-05 00:40:53 Job executing on host: <128.105.69.230:9618?addrs=128.105.69.230-9618+[2607-f388-2200-100-eaeb-d3ff-fe40-17bc]-9618&alias=e2613.chtc.wisc.edu&noUDP&sock=startd_18882_0f58>
	SlotName: slot1_50@e2613.chtc.wisc.edu
	CondorScratchDir = "/var/lib/condor/execute/slot1/dir_552090"
	Cpus = 1
	Disk = 1458998
	IoHeavy = 0
	Memory = 4096
...
006 (13655293.165.000) 2023-09-05 00:41:01 Image size of job updated: 519296
	508  -  MemoryUsage of job (MB)
	519296  -  ResidentSetSize of job (KB)
...
006 (13655293.165.000) 2023-09-05 00:46:01 Image size of job updated: 1160712
	1134  -  MemoryUsage of job (MB)
	1160708  -  ResidentSetSize of job (KB)
...
006 (13655293.165.000) 2023-09-05 00:51:01 Image size of job updated: 1181948
	1134  -  MemoryUsage of job (MB)
	1160708  -  ResidentSetSize of job (KB)
...
006 (13655293.165.000) 2023-09-06 00:56:40 Image size of job updated: 1299532
	1134  -  MemoryUsage of job (MB)
	1160708  -  ResidentSetSize of job (KB)
...
040 (13655293.165.000) 2023-09-06 00:56:40 Started transferring output files
...
040 (13655293.165.000) 2023-09-06 00:56:41 Finished transferring output files
...
005 (13655293.165.000) 2023-09-06 00:56:41 Job terminated.
	(1) Normal termination (return value 0)
		Usr 0 23:46:05, Sys 0 00:05:11  -  Run Remote Usage
		Usr 0 00:00:00, Sys 0 00:00:00  -  Run Local Usage
		Usr 0 23:46:05, Sys 0 00:05:11  -  Total Remote Usage
		Usr 0 00:00:00, Sys 0 00:00:00  -  Total Local Usage
	1309596  -  Run Bytes Sent By Job
	32652772  -  Run Bytes Received By Job
	1309596  -  Total Bytes Sent By Job
	32652772  -  Total Bytes Received By Job
	Partitionable Resources :     Usage  Request Allocated 
	   Cpus                 :      0.99        1         1 
	   Disk (KB)            : 274902      524288   1458998 
	   IoHeavy              :                            0 
	   Memory (MB)          :   1134        4096      4096 

	Job terminated of its own accord at 2023-09-06T05:56:40Z with exit-code 0.
...
