000 (13655293.154.000) 2023-09-05 00:33:11 Job submitted from host: <128.104.101.92:9618?addrs=128.104.101.92-9618+[2607-f388-107c-501-a236-9fff-fe3c-caa8]-9618&alias=submit2.chtc.wisc.edu&noUDP&sock=schedd_1879732_618e>
...
040 (13655293.154.000) 2023-09-05 00:38:59 Started transferring input files
	Transferring to host: <128.105.69.178:9618?addrs=128.105.69.178-9618+[2607-f388-2200-100-1270-fdff-fe56-c31c]-9618&alias=e2561.chtc.wisc.edu&noUDP&sock=slot1_75_3096927_fb89_81917>
...
040 (13655293.154.000) 2023-09-05 00:39:01 Finished transferring input files
...
001 (13655293.154.000) 2023-09-05 00:39:02 Job executing on host: <128.105.69.178:9618?addrs=128.105.69.178-9618+[2607-f388-2200-100-1270-fdff-fe56-c31c]-9618&alias=e2561.chtc.wisc.edu&noUDP&sock=startd_13913_bd3e>
	SlotName: slot1_75@e2561.chtc.wisc.edu
	CondorScratchDir = "/var/lib/condor/execute/slot1/dir_445053"
	Cpus = 1
	Disk = 1208198
	IoHeavy = 0
	Memory = 4096
...
006 (13655293.154.000) 2023-09-05 00:39:10 Image size of job updated: 601648
	588  -  MemoryUsage of job (MB)
	601648  -  ResidentSetSize of job (KB)
...
006 (13655293.154.000) 2023-09-05 00:44:10 Image size of job updated: 1182060
	960  -  MemoryUsage of job (MB)
	982820  -  ResidentSetSize of job (KB)
...
006 (13655293.154.000) 2023-09-05 00:49:11 Image size of job updated: 1182060
	972  -  MemoryUsage of job (MB)
	994360  -  ResidentSetSize of job (KB)
...
006 (13655293.154.000) 2023-09-05 01:19:15 Image size of job updated: 1182060
	973  -  MemoryUsage of job (MB)
	996052  -  ResidentSetSize of job (KB)
...
006 (13655293.154.000) 2023-09-05 01:59:19 Image size of job updated: 1182060
	986  -  MemoryUsage of job (MB)
	1009620  -  ResidentSetSize of job (KB)
...
006 (13655293.154.000) 2023-09-05 02:59:27 Image size of job updated: 1182060
	989  -  MemoryUsage of job (MB)
	1012028  -  ResidentSetSize of job (KB)
...
006 (13655293.154.000) 2023-09-05 22:21:23 Image size of job updated: 1303584
	1139  -  MemoryUsage of job (MB)
	1165320  -  ResidentSetSize of job (KB)
...
040 (13655293.154.000) 2023-09-05 22:21:44 Started transferring output files
...
040 (13655293.154.000) 2023-09-05 22:21:44 Finished transferring output files
...
005 (13655293.154.000) 2023-09-05 22:21:44 Job terminated.
	(1) Normal termination (return value 0)
		Usr 0 21:19:59, Sys 0 00:05:03  -  Run Remote Usage
		Usr 0 00:00:00, Sys 0 00:00:00  -  Run Local Usage
		Usr 0 21:19:59, Sys 0 00:05:03  -  Total Remote Usage
		Usr 0 00:00:00, Sys 0 00:00:00  -  Total Local Usage
	1309786  -  Run Bytes Sent By Job
	32652772  -  Run Bytes Received By Job
	1309786  -  Total Bytes Sent By Job
	32652772  -  Total Bytes Received By Job
	Partitionable Resources :     Usage  Request Allocated 
	   Cpus                 :      0.99        1         1 
	   Disk (KB)            : 274917      524288   1208198 
	   IoHeavy              :                            0 
	   Memory (MB)          :   1139        4096      4096 

	Job terminated of its own accord at 2023-09-06T03:21:44Z with exit-code 0.
...
