000 (13655293.432.000) 2023-09-05 00:33:11 Job submitted from host: <128.104.101.92:9618?addrs=128.104.101.92-9618+[2607-f388-107c-501-a236-9fff-fe3c-caa8]-9618&alias=submit2.chtc.wisc.edu&noUDP&sock=schedd_1879732_618e>
...
040 (13655293.432.000) 2023-09-05 00:56:12 Started transferring input files
	Transferring to host: <128.105.69.163:9618?addrs=128.105.69.163-9618+[2607-f388-2200-100-1270-fdff-fe56-c6f4]-9618&alias=e4096.chtc.wisc.edu&noUDP&sock=slot1_45_561226_3cdf_68594>
...
001 (13655293.432.000) 2023-09-05 00:56:41 Job executing on host: <128.105.69.163:9618?addrs=128.105.69.163-9618+[2607-f388-2200-100-1270-fdff-fe56-c6f4]-9618&alias=e4096.chtc.wisc.edu&noUDP&sock=startd_18840_405d>
	SlotName: slot1_45@e4096.chtc.wisc.edu
	CondorScratchDir = "/var/lib/condor/execute/slot1/dir_3962298"
	Cpus = 1
	Disk = 1208198
	IoHeavy = 0
	Memory = 4096
...
040 (13655293.432.000) 2023-09-05 00:56:41 Finished transferring input files
...
006 (13655293.432.000) 2023-09-05 00:56:50 Image size of job updated: 595092
	582  -  MemoryUsage of job (MB)
	595092  -  ResidentSetSize of job (KB)
...
006 (13655293.432.000) 2023-09-05 01:01:50 Image size of job updated: 1160684
	1123  -  MemoryUsage of job (MB)
	1149920  -  ResidentSetSize of job (KB)
...
006 (13655293.432.000) 2023-09-05 01:06:51 Image size of job updated: 1175264
	1123  -  MemoryUsage of job (MB)
	1149920  -  ResidentSetSize of job (KB)
...
006 (13655293.432.000) 2023-09-05 21:48:57 Image size of job updated: 1305076
	1156  -  MemoryUsage of job (MB)
	1183736  -  ResidentSetSize of job (KB)
...
040 (13655293.432.000) 2023-09-05 21:49:16 Started transferring output files
...
040 (13655293.432.000) 2023-09-05 21:49:16 Finished transferring output files
...
005 (13655293.432.000) 2023-09-05 21:49:16 Job terminated.
	(1) Normal termination (return value 0)
		Usr 0 20:26:43, Sys 0 00:04:09  -  Run Remote Usage
		Usr 0 00:00:00, Sys 0 00:00:00  -  Run Local Usage
		Usr 0 20:26:43, Sys 0 00:04:09  -  Total Remote Usage
		Usr 0 00:00:00, Sys 0 00:00:00  -  Total Local Usage
	1309622  -  Run Bytes Sent By Job
	32652772  -  Run Bytes Received By Job
	1309622  -  Total Bytes Sent By Job
	32652772  -  Total Bytes Received By Job
	Partitionable Resources :     Usage  Request Allocated 
	   Cpus                 :      0.98        1         1 
	   Disk (KB)            : 274915      524288   1208198 
	   IoHeavy              :                            0 
	   Memory (MB)          :   1156        4096      4096 

	Job terminated of its own accord at 2023-09-06T02:49:16Z with exit-code 0.
...
