000 (13655293.315.000) 2023-09-05 00:33:11 Job submitted from host: <128.104.101.92:9618?addrs=128.104.101.92-9618+[2607-f388-107c-501-a236-9fff-fe3c-caa8]-9618&alias=submit2.chtc.wisc.edu&noUDP&sock=schedd_1879732_618e>
...
040 (13655293.315.000) 2023-09-05 00:53:19 Started transferring input files
	Transferring to host: <128.105.69.153:9618?addrs=128.105.69.153-9618+[2607-f388-2200-100-1270-fdff-fe56-45dc]-9618&alias=e4086.chtc.wisc.edu&noUDP&sock=slot1_68_3657377_b54f_56489>
...
001 (13655293.315.000) 2023-09-05 00:53:31 Job executing on host: <128.105.69.153:9618?addrs=128.105.69.153-9618+[2607-f388-2200-100-1270-fdff-fe56-45dc]-9618&alias=e4086.chtc.wisc.edu&noUDP&sock=startd_17329_d4c3>
	SlotName: slot1_68@e4086.chtc.wisc.edu
	CondorScratchDir = "/var/lib/condor/execute/slot1/dir_2698890"
	Cpus = 1
	Disk = 1208198
	IoHeavy = 0
	Memory = 4096
...
040 (13655293.315.000) 2023-09-05 00:53:31 Finished transferring input files
...
006 (13655293.315.000) 2023-09-05 00:53:40 Image size of job updated: 590576
	577  -  MemoryUsage of job (MB)
	590576  -  ResidentSetSize of job (KB)
...
006 (13655293.315.000) 2023-09-05 00:58:40 Image size of job updated: 1178656
	942  -  MemoryUsage of job (MB)
	964060  -  ResidentSetSize of job (KB)
...
006 (13655293.315.000) 2023-09-05 01:03:41 Image size of job updated: 1178656
	970  -  MemoryUsage of job (MB)
	992852  -  ResidentSetSize of job (KB)
...
006 (13655293.315.000) 2023-09-05 01:18:42 Image size of job updated: 1178656
	970  -  MemoryUsage of job (MB)
	993000  -  ResidentSetSize of job (KB)
...
006 (13655293.315.000) 2023-09-05 01:28:42 Image size of job updated: 1178656
	971  -  MemoryUsage of job (MB)
	993860  -  ResidentSetSize of job (KB)
...
006 (13655293.315.000) 2023-09-05 01:58:47 Image size of job updated: 1178656
	985  -  MemoryUsage of job (MB)
	1008536  -  ResidentSetSize of job (KB)
...
006 (13655293.315.000) 2023-09-05 04:49:03 Image size of job updated: 1178656
	986  -  MemoryUsage of job (MB)
	1009068  -  ResidentSetSize of job (KB)
...
006 (13655293.315.000) 2023-09-06 05:51:33 Image size of job updated: 1304120
	1138  -  MemoryUsage of job (MB)
	1164876  -  ResidentSetSize of job (KB)
...
040 (13655293.315.000) 2023-09-06 05:51:53 Started transferring output files
...
040 (13655293.315.000) 2023-09-06 05:51:53 Finished transferring output files
...
005 (13655293.315.000) 2023-09-06 05:51:53 Job terminated.
	(1) Normal termination (return value 0)
		Usr 1 04:21:05, Sys 0 00:09:09  -  Run Remote Usage
		Usr 0 00:00:00, Sys 0 00:00:00  -  Run Local Usage
		Usr 1 04:21:05, Sys 0 00:09:09  -  Total Remote Usage
		Usr 0 00:00:00, Sys 0 00:00:00  -  Total Local Usage
	1309545  -  Run Bytes Sent By Job
	32652772  -  Run Bytes Received By Job
	1309545  -  Total Bytes Sent By Job
	32652772  -  Total Bytes Received By Job
	Partitionable Resources :     Usage  Request Allocated 
	   Cpus                 :      0.99        1         1 
	   Disk (KB)            : 274916      524288   1208198 
	   IoHeavy              :                            0 
	   Memory (MB)          :   1138        4096      4096 

	Job terminated of its own accord at 2023-09-06T10:51:53Z with exit-code 0.
...
