000 (14312691.032.000) 2023-09-11 11:54:06 Job submitted from host: <128.104.101.92:9618?addrs=128.104.101.92-9618+[2607-f388-107c-501-a236-9fff-fe3c-caa8]-9618&alias=submit2.chtc.wisc.edu&noUDP&sock=schedd_1879732_618e>
...
040 (14312691.032.000) 2023-09-11 12:00:26 Started transferring input files
	Transferring to host: <128.105.69.167:9618?addrs=128.105.69.167-9618+[2607-f388-2200-100-1270-fdff-fe56-686c]-9618&alias=e2550.chtc.wisc.edu&noUDP&sock=slot1_56_310201_6a9f_12441>
...
040 (14312691.032.000) 2023-09-11 12:00:28 Finished transferring input files
...
001 (14312691.032.000) 2023-09-11 12:00:32 Job executing on host: <128.105.69.167:9618?addrs=128.105.69.167-9618+[2607-f388-2200-100-1270-fdff-fe56-686c]-9618&alias=e2550.chtc.wisc.edu&noUDP&sock=startd_13345_2373>
	SlotName: slot1_56@e2550.chtc.wisc.edu
	CondorScratchDir = "/var/lib/condor/execute/slot1/dir_1076286"
	Cpus = 1
	Disk = 1208198
	IoHeavy = 0
	Memory = 4096
...
006 (14312691.032.000) 2023-09-11 12:00:41 Image size of job updated: 379988
	274  -  MemoryUsage of job (MB)
	280144  -  ResidentSetSize of job (KB)
...
040 (14312691.032.000) 2023-09-11 12:02:30 Started transferring output files
...
040 (14312691.032.000) 2023-09-11 12:02:30 Finished transferring output files
...
005 (14312691.032.000) 2023-09-11 12:02:30 Job terminated.
	(1) Normal termination (return value 0)
		Usr 0 00:01:54, Sys 0 00:00:00  -  Run Remote Usage
		Usr 0 00:00:00, Sys 0 00:00:00  -  Run Local Usage
		Usr 0 00:01:54, Sys 0 00:00:00  -  Total Remote Usage
		Usr 0 00:00:00, Sys 0 00:00:00  -  Total Local Usage
	132212  -  Run Bytes Sent By Job
	32664896  -  Run Bytes Received By Job
	132212  -  Total Bytes Sent By Job
	32664896  -  Total Bytes Received By Job
	Partitionable Resources :     Usage  Request Allocated 
	   Cpus                 :      0.98        1         1 
	   Disk (KB)            : 255044      524288   1208198 
	   IoHeavy              :                            0 
	   Memory (MB)          :    274        4096      4096 

	Job terminated of its own accord at 2023-09-11T17:02:30Z with exit-code 0.
...
