000 (14268886.027.000) 2023-09-11 03:21:39 Job submitted from host: <128.104.101.92:9618?addrs=128.104.101.92-9618+[2607-f388-107c-501-a236-9fff-fe3c-caa8]-9618&alias=submit2.chtc.wisc.edu&noUDP&sock=schedd_1879732_618e>
...
040 (14268886.027.000) 2023-09-11 03:23:35 Started transferring input files
	Transferring to host: <128.105.69.133:9618?addrs=128.105.69.133-9618+[2607-f388-2200-100-1270-fdff-fe56-70f4]-9618&alias=e4082.chtc.wisc.edu&noUDP&sock=slot1_30_1695302_5f84_84756>
...
040 (14268886.027.000) 2023-09-11 03:23:37 Finished transferring input files
...
001 (14268886.027.000) 2023-09-11 03:23:38 Job executing on host: <128.105.69.133:9618?addrs=128.105.69.133-9618+[2607-f388-2200-100-1270-fdff-fe56-70f4]-9618&alias=e4082.chtc.wisc.edu&noUDP&sock=startd_11675_a84a>
	SlotName: slot1_30@e4082.chtc.wisc.edu
	CondorScratchDir = "/var/lib/condor/execute/slot1/dir_2920591"
	Cpus = 1
	Disk = 1208198
	IoHeavy = 0
	Memory = 4096
...
006 (14268886.027.000) 2023-09-11 03:23:47 Image size of job updated: 518620
	507  -  MemoryUsage of job (MB)
	518620  -  ResidentSetSize of job (KB)
...
006 (14268886.027.000) 2023-09-11 03:28:48 Image size of job updated: 809740
	514  -  MemoryUsage of job (MB)
	526044  -  ResidentSetSize of job (KB)
...
040 (14268886.027.000) 2023-09-11 03:29:05 Started transferring output files
...
040 (14268886.027.000) 2023-09-11 03:29:05 Finished transferring output files
...
005 (14268886.027.000) 2023-09-11 03:29:05 Job terminated.
	(1) Normal termination (return value 0)
		Usr 0 00:05:13, Sys 0 00:00:08  -  Run Remote Usage
		Usr 0 00:00:00, Sys 0 00:00:00  -  Run Local Usage
		Usr 0 00:05:13, Sys 0 00:00:08  -  Total Remote Usage
		Usr 0 00:00:00, Sys 0 00:00:00  -  Total Local Usage
	163682  -  Run Bytes Sent By Job
	32720416  -  Run Bytes Received By Job
	163682  -  Total Bytes Sent By Job
	32720416  -  Total Bytes Received By Job
	Partitionable Resources :     Usage  Request Allocated 
	   Cpus                 :      0.99        1         1 
	   Disk (KB)            : 261327      524288   1208198 
	   IoHeavy              :                            0 
	   Memory (MB)          :    514        4096      4096 

	Job terminated of its own accord at 2023-09-11T08:29:05Z with exit-code 0.
...
