000 (13655293.328.000) 2023-09-05 00:33:11 Job submitted from host: <128.104.101.92:9618?addrs=128.104.101.92-9618+[2607-f388-107c-501-a236-9fff-fe3c-caa8]-9618&alias=submit2.chtc.wisc.edu&noUDP&sock=schedd_1879732_618e>
...
040 (13655293.328.000) 2023-09-05 00:53:23 Started transferring input files
	Transferring to host: <128.105.69.137:9618?addrs=128.105.69.137-9618+[2607-f388-2200-100-1270-fdff-fe56-d12c]-9618&alias=e4014.chtc.wisc.edu&noUDP&sock=slot1_29_1985361_2db7_52034>
...
001 (13655293.328.000) 2023-09-05 00:53:32 Job executing on host: <128.105.69.137:9618?addrs=128.105.69.137-9618+[2607-f388-2200-100-1270-fdff-fe56-d12c]-9618&alias=e4014.chtc.wisc.edu&noUDP&sock=startd_15862_9754>
	SlotName: slot1_29@e4014.chtc.wisc.edu
	CondorScratchDir = "/var/lib/condor/execute/slot1/dir_4085231"
	Cpus = 1
	Disk = 1208198
	IoHeavy = 0
	Memory = 4096
...
040 (13655293.328.000) 2023-09-05 00:53:32 Finished transferring input files
...
006 (13655293.328.000) 2023-09-05 00:53:40 Image size of job updated: 695508
	680  -  MemoryUsage of job (MB)
	695508  -  ResidentSetSize of job (KB)
...
006 (13655293.328.000) 2023-09-05 00:58:40 Image size of job updated: 1287040
	1059  -  MemoryUsage of job (MB)
	1084340  -  ResidentSetSize of job (KB)
...
006 (13655293.328.000) 2023-09-05 01:03:40 Image size of job updated: 1287040
	1078  -  MemoryUsage of job (MB)
	1103240  -  ResidentSetSize of job (KB)
...
006 (13655293.328.000) 2023-09-05 01:23:43 Image size of job updated: 1287040
	1087  -  MemoryUsage of job (MB)
	1113016  -  ResidentSetSize of job (KB)
...
006 (13655293.328.000) 2023-09-06 03:34:46 Image size of job updated: 1410624
	1087  -  MemoryUsage of job (MB)
	1113016  -  ResidentSetSize of job (KB)
...
040 (13655293.328.000) 2023-09-06 03:34:46 Started transferring output files
...
040 (13655293.328.000) 2023-09-06 03:34:46 Finished transferring output files
...
005 (13655293.328.000) 2023-09-06 03:34:46 Job terminated.
	(1) Normal termination (return value 0)
		Usr 1 02:11:47, Sys 0 00:05:31  -  Run Remote Usage
		Usr 0 00:00:00, Sys 0 00:00:00  -  Run Local Usage
		Usr 1 02:11:47, Sys 0 00:05:31  -  Total Remote Usage
		Usr 0 00:00:00, Sys 0 00:00:00  -  Total Local Usage
	1309621  -  Run Bytes Sent By Job
	32652772  -  Run Bytes Received By Job
	1309621  -  Total Bytes Sent By Job
	32652772  -  Total Bytes Received By Job
	Partitionable Resources :     Usage  Request Allocated 
	   Cpus                 :      0.99        1         1 
	   Disk (KB)            : 274899      524288   1208198 
	   IoHeavy              :                            0 
	   Memory (MB)          :   1087        4096      4096 

	Job terminated of its own accord at 2023-09-06T08:34:46Z with exit-code 0.
...
