000 (13655293.312.000) 2023-09-05 00:33:11 Job submitted from host: <128.104.101.92:9618?addrs=128.104.101.92-9618+[2607-f388-107c-501-a236-9fff-fe3c-caa8]-9618&alias=submit2.chtc.wisc.edu&noUDP&sock=schedd_1879732_618e>
...
040 (13655293.312.000) 2023-09-05 00:53:18 Started transferring input files
	Transferring to host: <128.105.69.116:9618?addrs=128.105.69.116-9618+[2607-f388-2200-100-1270-fdff-fe56-ccbc]-9618&alias=e4065.chtc.wisc.edu&noUDP&sock=slot1_30_3501392_2a28_53172>
...
001 (13655293.312.000) 2023-09-05 00:53:33 Job executing on host: <128.105.69.116:9618?addrs=128.105.69.116-9618+[2607-f388-2200-100-1270-fdff-fe56-ccbc]-9618&alias=e4065.chtc.wisc.edu&noUDP&sock=startd_16975_043d>
	SlotName: slot1_30@e4065.chtc.wisc.edu
	CondorScratchDir = "/var/lib/condor/execute/slot1/dir_3752030"
	Cpus = 1
	Disk = 1208198
	IoHeavy = 0
	Memory = 4096
...
040 (13655293.312.000) 2023-09-05 00:53:33 Finished transferring input files
...
006 (13655293.312.000) 2023-09-05 00:53:42 Image size of job updated: 640928
	626  -  MemoryUsage of job (MB)
	640924  -  ResidentSetSize of job (KB)
...
006 (13655293.312.000) 2023-09-05 00:58:43 Image size of job updated: 1267108
	1238  -  MemoryUsage of job (MB)
	1267104  -  ResidentSetSize of job (KB)
...
006 (13655293.312.000) 2023-09-05 01:03:43 Image size of job updated: 1281300
	1238  -  MemoryUsage of job (MB)
	1267104  -  ResidentSetSize of job (KB)
...
006 (13655293.312.000) 2023-09-06 02:25:32 Image size of job updated: 1397384
	1238  -  MemoryUsage of job (MB)
	1267104  -  ResidentSetSize of job (KB)
...
040 (13655293.312.000) 2023-09-06 02:25:32 Started transferring output files
...
040 (13655293.312.000) 2023-09-06 02:25:32 Finished transferring output files
...
005 (13655293.312.000) 2023-09-06 02:25:32 Job terminated.
	(1) Normal termination (return value 0)
		Usr 1 00:57:20, Sys 0 00:04:42  -  Run Remote Usage
		Usr 0 00:00:00, Sys 0 00:00:00  -  Run Local Usage
		Usr 1 00:57:20, Sys 0 00:04:42  -  Total Remote Usage
		Usr 0 00:00:00, Sys 0 00:00:00  -  Total Local Usage
	1309819  -  Run Bytes Sent By Job
	32652772  -  Run Bytes Received By Job
	1309819  -  Total Bytes Sent By Job
	32652772  -  Total Bytes Received By Job
	Partitionable Resources :     Usage  Request Allocated 
	   Cpus                 :      0.99        1         1 
	   Disk (KB)            : 274893      524288   1208198 
	   IoHeavy              :                            0 
	   Memory (MB)          :   1238        4096      4096 

	Job terminated of its own accord at 2023-09-06T07:25:32Z with exit-code 0.
...
