000 (13655293.071.000) 2023-09-05 00:33:11 Job submitted from host: <128.104.101.92:9618?addrs=128.104.101.92-9618+[2607-f388-107c-501-a236-9fff-fe3c-caa8]-9618&alias=submit2.chtc.wisc.edu&noUDP&sock=schedd_1879732_618e>
...
040 (13655293.071.000) 2023-09-05 00:36:13 Started transferring input files
	Transferring to host: <128.105.69.129:9618?addrs=128.105.69.129-9618+[2607-f388-2200-100-1270-fdff-fe56-6734]-9618&alias=e4078.chtc.wisc.edu&noUDP&sock=slot1_31_735766_7519_54961>
...
001 (13655293.071.000) 2023-09-05 00:36:20 Job executing on host: <128.105.69.129:9618?addrs=128.105.69.129-9618+[2607-f388-2200-100-1270-fdff-fe56-6734]-9618&alias=e4078.chtc.wisc.edu&noUDP&sock=startd_16790_1f37>
	SlotName: slot1_31@e4078.chtc.wisc.edu
	CondorScratchDir = "/var/lib/condor/execute/slot1/dir_2543114"
	Cpus = 1
	Disk = 1208198
	IoHeavy = 0
	Memory = 4096
...
040 (13655293.071.000) 2023-09-05 00:36:20 Finished transferring input files
...
006 (13655293.071.000) 2023-09-05 00:36:29 Image size of job updated: 719852
	703  -  MemoryUsage of job (MB)
	719852  -  ResidentSetSize of job (KB)
...
006 (13655293.071.000) 2023-09-05 00:41:30 Image size of job updated: 1284940
	1064  -  MemoryUsage of job (MB)
	1089416  -  ResidentSetSize of job (KB)
...
006 (13655293.071.000) 2023-09-05 00:46:31 Image size of job updated: 1284940
	1076  -  MemoryUsage of job (MB)
	1101620  -  ResidentSetSize of job (KB)
...
006 (13655293.071.000) 2023-09-05 01:01:33 Image size of job updated: 1284940
	1081  -  MemoryUsage of job (MB)
	1106376  -  ResidentSetSize of job (KB)
...
006 (13655293.071.000) 2023-09-05 23:53:19 Image size of job updated: 1353400
	1081  -  MemoryUsage of job (MB)
	1106376  -  ResidentSetSize of job (KB)
...
040 (13655293.071.000) 2023-09-05 23:53:19 Started transferring output files
...
040 (13655293.071.000) 2023-09-05 23:53:19 Finished transferring output files
...
005 (13655293.071.000) 2023-09-05 23:53:19 Job terminated.
	(1) Normal termination (return value 0)
		Usr 0 22:50:10, Sys 0 00:02:41  -  Run Remote Usage
		Usr 0 00:00:00, Sys 0 00:00:00  -  Run Local Usage
		Usr 0 22:50:10, Sys 0 00:02:41  -  Total Remote Usage
		Usr 0 00:00:00, Sys 0 00:00:00  -  Total Local Usage
	1309485  -  Run Bytes Sent By Job
	32652772  -  Run Bytes Received By Job
	1309485  -  Total Bytes Sent By Job
	32652772  -  Total Bytes Received By Job
	Partitionable Resources :     Usage  Request Allocated 
	   Cpus                 :      0.99        1         1 
	   Disk (KB)            : 274879      524288   1208198 
	   IoHeavy              :                            0 
	   Memory (MB)          :   1081        4096      4096 

	Job terminated of its own accord at 2023-09-06T04:53:19Z with exit-code 0.
...
