000 (13655293.124.000) 2023-09-05 00:33:11 Job submitted from host: <128.104.101.92:9618?addrs=128.104.101.92-9618+[2607-f388-107c-501-a236-9fff-fe3c-caa8]-9618&alias=submit2.chtc.wisc.edu&noUDP&sock=schedd_1879732_618e>
...
040 (13655293.124.000) 2023-09-05 00:36:26 Started transferring input files
	Transferring to host: <128.105.69.224:9618?addrs=128.105.69.224-9618+[2607-f388-2200-100-eaeb-d3ff-fe40-1574]-9618&alias=e2607.chtc.wisc.edu&noUDP&sock=slot1_57_1087982_7e0c_42250>
...
001 (13655293.124.000) 2023-09-05 00:36:36 Job executing on host: <128.105.69.224:9618?addrs=128.105.69.224-9618+[2607-f388-2200-100-eaeb-d3ff-fe40-1574]-9618&alias=e2607.chtc.wisc.edu&noUDP&sock=startd_11673_491a>
	SlotName: slot1_57@e2607.chtc.wisc.edu
	CondorScratchDir = "/var/lib/condor/execute/slot1/dir_2320438"
	Cpus = 1
	Disk = 1458998
	IoHeavy = 0
	Memory = 4096
...
040 (13655293.124.000) 2023-09-05 00:36:36 Finished transferring input files
...
006 (13655293.124.000) 2023-09-05 00:36:44 Image size of job updated: 563740
	551  -  MemoryUsage of job (MB)
	563740  -  ResidentSetSize of job (KB)
...
006 (13655293.124.000) 2023-09-05 00:41:44 Image size of job updated: 1160964
	1134  -  MemoryUsage of job (MB)
	1160772  -  ResidentSetSize of job (KB)
...
006 (13655293.124.000) 2023-09-05 00:46:45 Image size of job updated: 1175872
	1134  -  MemoryUsage of job (MB)
	1160772  -  ResidentSetSize of job (KB)
...
006 (13655293.124.000) 2023-09-06 00:53:21 Image size of job updated: 1272060
	1134  -  MemoryUsage of job (MB)
	1160772  -  ResidentSetSize of job (KB)
...
040 (13655293.124.000) 2023-09-06 00:53:21 Started transferring output files
...
040 (13655293.124.000) 2023-09-06 00:53:21 Finished transferring output files
...
005 (13655293.124.000) 2023-09-06 00:53:21 Job terminated.
	(1) Normal termination (return value 0)
		Usr 0 23:53:15, Sys 0 00:04:11  -  Run Remote Usage
		Usr 0 00:00:00, Sys 0 00:00:00  -  Run Local Usage
		Usr 0 23:53:15, Sys 0 00:04:11  -  Total Remote Usage
		Usr 0 00:00:00, Sys 0 00:00:00  -  Total Local Usage
	1309632  -  Run Bytes Sent By Job
	32652772  -  Run Bytes Received By Job
	1309632  -  Total Bytes Sent By Job
	32652772  -  Total Bytes Received By Job
	Partitionable Resources :     Usage  Request Allocated 
	   Cpus                 :      0.99        1         1 
	   Disk (KB)            : 274892      524288   1458998 
	   IoHeavy              :                            0 
	   Memory (MB)          :   1134        4096      4096 

	Job terminated of its own accord at 2023-09-06T05:53:21Z with exit-code 0.
...
