000 (13655293.043.000) 2023-09-05 00:33:11 Job submitted from host: <128.104.101.92:9618?addrs=128.104.101.92-9618+[2607-f388-107c-501-a236-9fff-fe3c-caa8]-9618&alias=submit2.chtc.wisc.edu&noUDP&sock=schedd_1879732_618e>
...
040 (13655293.043.000) 2023-09-05 00:36:08 Started transferring input files
	Transferring to host: <128.105.69.110:9618?addrs=128.105.69.110-9618+[2607-f388-2200-100-1270-fdff-fe56-cf24]-9618&alias=e4059.chtc.wisc.edu&noUDP&sock=slot1_69_16465_d4f7_12337>
...
040 (13655293.043.000) 2023-09-05 00:36:09 Finished transferring input files
...
001 (13655293.043.000) 2023-09-05 00:36:12 Job executing on host: <128.105.69.110:9618?addrs=128.105.69.110-9618+[2607-f388-2200-100-1270-fdff-fe56-cf24]-9618&alias=e4059.chtc.wisc.edu&noUDP&sock=startd_12094_0e79>
	SlotName: slot1_69@e4059.chtc.wisc.edu
	CondorScratchDir = "/var/lib/condor/execute/slot1/dir_3424806"
	Cpus = 1
	Disk = 1208198
	IoHeavy = 0
	Memory = 4096
...
006 (13655293.043.000) 2023-09-05 00:36:20 Image size of job updated: 679140
	664  -  MemoryUsage of job (MB)
	679136  -  ResidentSetSize of job (KB)
...
006 (13655293.043.000) 2023-09-05 00:41:20 Image size of job updated: 1285912
	1065  -  MemoryUsage of job (MB)
	1089744  -  ResidentSetSize of job (KB)
...
006 (13655293.043.000) 2023-09-05 00:46:21 Image size of job updated: 1285912
	1071  -  MemoryUsage of job (MB)
	1096512  -  ResidentSetSize of job (KB)
...
006 (13655293.043.000) 2023-09-05 00:51:21 Image size of job updated: 1285912
	1077  -  MemoryUsage of job (MB)
	1102144  -  ResidentSetSize of job (KB)
...
006 (13655293.043.000) 2023-09-05 01:06:22 Image size of job updated: 1285912
	1077  -  MemoryUsage of job (MB)
	1102184  -  ResidentSetSize of job (KB)
...
006 (13655293.043.000) 2023-09-05 01:16:24 Image size of job updated: 1285912
	1092  -  MemoryUsage of job (MB)
	1117544  -  ResidentSetSize of job (KB)
...
006 (13655293.043.000) 2023-09-05 02:41:31 Image size of job updated: 1285912
	1092  -  MemoryUsage of job (MB)
	1117912  -  ResidentSetSize of job (KB)
...
006 (13655293.043.000) 2023-09-05 21:06:39 Image size of job updated: 1408876
	1092  -  MemoryUsage of job (MB)
	1117912  -  ResidentSetSize of job (KB)
...
040 (13655293.043.000) 2023-09-05 21:06:40 Started transferring output files
...
040 (13655293.043.000) 2023-09-05 21:06:40 Finished transferring output files
...
005 (13655293.043.000) 2023-09-05 21:06:40 Job terminated.
	(1) Normal termination (return value 0)
		Usr 0 20:08:48, Sys 0 00:02:26  -  Run Remote Usage
		Usr 0 00:00:00, Sys 0 00:00:00  -  Run Local Usage
		Usr 0 20:08:48, Sys 0 00:02:26  -  Total Remote Usage
		Usr 0 00:00:00, Sys 0 00:00:00  -  Total Local Usage
	1309597  -  Run Bytes Sent By Job
	32652772  -  Run Bytes Received By Job
	1309597  -  Total Bytes Sent By Job
	32652772  -  Total Bytes Received By Job
	Partitionable Resources :     Usage  Request Allocated 
	   Cpus                 :      0.99        1         1 
	   Disk (KB)            : 274900      524288   1208198 
	   IoHeavy              :                            0 
	   Memory (MB)          :   1092        4096      4096 

	Job terminated of its own accord at 2023-09-06T02:06:39Z with exit-code 0.
...
