000 (13655293.102.000) 2023-09-05 00:33:11 Job submitted from host: <128.104.101.92:9618?addrs=128.104.101.92-9618+[2607-f388-107c-501-a236-9fff-fe3c-caa8]-9618&alias=submit2.chtc.wisc.edu&noUDP&sock=schedd_1879732_618e>
...
040 (13655293.102.000) 2023-09-05 00:36:22 Started transferring input files
	Transferring to host: <128.105.69.189:9618?addrs=128.105.69.189-9618+[2607-f388-2200-100-1270-fdff-fe56-644c]-9618&alias=e4042.chtc.wisc.edu&noUDP&sock=slot1_77_3770169_e03a_55805>
...
001 (13655293.102.000) 2023-09-05 00:36:30 Job executing on host: <128.105.69.189:9618?addrs=128.105.69.189-9618+[2607-f388-2200-100-1270-fdff-fe56-644c]-9618&alias=e4042.chtc.wisc.edu&noUDP&sock=startd_15959_2004>
	SlotName: slot1_77@e4042.chtc.wisc.edu
	CondorScratchDir = "/var/lib/condor/execute/slot1/dir_3474852"
	Cpus = 1
	Disk = 1208198
	IoHeavy = 0
	Memory = 4096
...
040 (13655293.102.000) 2023-09-05 00:36:30 Finished transferring input files
...
006 (13655293.102.000) 2023-09-05 00:36:38 Image size of job updated: 689928
	674  -  MemoryUsage of job (MB)
	689928  -  ResidentSetSize of job (KB)
...
006 (13655293.102.000) 2023-09-05 00:41:38 Image size of job updated: 1283384
	1070  -  MemoryUsage of job (MB)
	1094896  -  ResidentSetSize of job (KB)
...
006 (13655293.102.000) 2023-09-05 00:46:39 Image size of job updated: 1283384
	1088  -  MemoryUsage of job (MB)
	1113484  -  ResidentSetSize of job (KB)
...
006 (13655293.102.000) 2023-09-05 04:27:02 Image size of job updated: 1283384
	1088  -  MemoryUsage of job (MB)
	1113732  -  ResidentSetSize of job (KB)
...
006 (13655293.102.000) 2023-09-05 06:57:17 Image size of job updated: 1283384
	1088  -  MemoryUsage of job (MB)
	1113744  -  ResidentSetSize of job (KB)
...
006 (13655293.102.000) 2023-09-05 23:20:15 Image size of job updated: 1352616
	1088  -  MemoryUsage of job (MB)
	1113744  -  ResidentSetSize of job (KB)
...
040 (13655293.102.000) 2023-09-05 23:20:15 Started transferring output files
...
040 (13655293.102.000) 2023-09-05 23:20:15 Finished transferring output files
...
005 (13655293.102.000) 2023-09-05 23:20:16 Job terminated.
	(1) Normal termination (return value 0)
		Usr 0 22:17:33, Sys 0 00:04:46  -  Run Remote Usage
		Usr 0 00:00:00, Sys 0 00:00:00  -  Run Local Usage
		Usr 0 22:17:33, Sys 0 00:04:46  -  Total Remote Usage
		Usr 0 00:00:00, Sys 0 00:00:00  -  Total Local Usage
	1309418  -  Run Bytes Sent By Job
	32652772  -  Run Bytes Received By Job
	1309418  -  Total Bytes Sent By Job
	32652772  -  Total Bytes Received By Job
	Partitionable Resources :     Usage  Request Allocated 
	   Cpus                 :      0.99        1         1 
	   Disk (KB)            : 274908      524288   1208198 
	   IoHeavy              :                            0 
	   Memory (MB)          :   1088        4096      4096 

	Job terminated of its own accord at 2023-09-06T04:20:15Z with exit-code 0.
...
