000 (14269004.008.000) 2023-09-11 03:23:01 Job submitted from host: <128.104.101.92:9618?addrs=128.104.101.92-9618+[2607-f388-107c-501-a236-9fff-fe3c-caa8]-9618&alias=submit2.chtc.wisc.edu&noUDP&sock=schedd_1879732_618e>
...
040 (14269004.008.000) 2023-09-11 03:25:36 Started transferring input files
	Transferring to host: <128.105.69.154:9618?addrs=128.105.69.154-9618+[2607-f388-2200-100-1270-fdff-fe56-45a4]-9618&alias=e4087.chtc.wisc.edu&noUDP&sock=slot1_110_3531047_cb7e_100316>
...
040 (14269004.008.000) 2023-09-11 03:25:38 Finished transferring input files
...
001 (14269004.008.000) 2023-09-11 03:25:39 Job executing on host: <128.105.69.154:9618?addrs=128.105.69.154-9618+[2607-f388-2200-100-1270-fdff-fe56-45a4]-9618&alias=e4087.chtc.wisc.edu&noUDP&sock=startd_17059_a231>
	SlotName: slot1_110@e4087.chtc.wisc.edu
	CondorScratchDir = "/var/lib/condor/execute/slot1/dir_408529"
	Cpus = 1
	Disk = 1208198
	IoHeavy = 0
	Memory = 4096
...
006 (14269004.008.000) 2023-09-11 03:25:48 Image size of job updated: 380584
	355  -  MemoryUsage of job (MB)
	362572  -  ResidentSetSize of job (KB)
...
040 (14269004.008.000) 2023-09-11 03:50:58 Started transferring output files
...
040 (14269004.008.000) 2023-09-11 03:50:58 Finished transferring output files
...
005 (14269004.008.000) 2023-09-11 03:50:58 Job terminated.
	(1) Normal termination (return value 0)
		Usr 0 00:24:51, Sys 0 00:00:07  -  Run Remote Usage
		Usr 0 00:00:00, Sys 0 00:00:00  -  Run Local Usage
		Usr 0 00:24:51, Sys 0 00:00:07  -  Total Remote Usage
		Usr 0 00:00:00, Sys 0 00:00:00  -  Total Local Usage
	316624  -  Run Bytes Sent By Job
	32664898  -  Run Bytes Received By Job
	316624  -  Total Bytes Sent By Job
	32664898  -  Total Bytes Received By Job
	Partitionable Resources :     Usage  Request Allocated 
	   Cpus                 :      0.99        1         1 
	   Disk (KB)            : 255900      524288   1208198 
	   IoHeavy              :                            0 
	   Memory (MB)          :    355        4096      4096 

	Job terminated of its own accord at 2023-09-11T08:50:58Z with exit-code 0.
...
