000 (14269004.001.000) 2023-09-11 03:23:01 Job submitted from host: <128.104.101.92:9618?addrs=128.104.101.92-9618+[2607-f388-107c-501-a236-9fff-fe3c-caa8]-9618&alias=submit2.chtc.wisc.edu&noUDP&sock=schedd_1879732_618e>
...
040 (14269004.001.000) 2023-09-11 03:25:35 Started transferring input files
	Transferring to host: <128.105.69.199:9618?addrs=128.105.69.199-9618+[2607-f388-2200-100-1270-fdff-fe56-70ec]-9618&alias=e4052.chtc.wisc.edu&noUDP&sock=slot1_91_23045_0982_71019>
...
040 (14269004.001.000) 2023-09-11 03:25:38 Finished transferring input files
...
001 (14269004.001.000) 2023-09-11 03:25:39 Job executing on host: <128.105.69.199:9618?addrs=128.105.69.199-9618+[2607-f388-2200-100-1270-fdff-fe56-70ec]-9618&alias=e4052.chtc.wisc.edu&noUDP&sock=startd_22905_80d9>
	SlotName: slot1_91@e4052.chtc.wisc.edu
	CondorScratchDir = "/var/lib/condor/execute/slot1/dir_246394"
	Cpus = 1
	Disk = 1208198
	IoHeavy = 0
	Memory = 4096
...
006 (14269004.001.000) 2023-09-11 03:25:47 Image size of job updated: 379812
	351  -  MemoryUsage of job (MB)
	358844  -  ResidentSetSize of job (KB)
...
006 (14269004.001.000) 2023-09-11 03:30:47 Image size of job updated: 379812
	357  -  MemoryUsage of job (MB)
	365020  -  ResidentSetSize of job (KB)
...
040 (14269004.001.000) 2023-09-11 04:48:08 Started transferring output files
...
040 (14269004.001.000) 2023-09-11 04:48:08 Finished transferring output files
...
005 (14269004.001.000) 2023-09-11 04:48:08 Job terminated.
	(1) Normal termination (return value 0)
		Usr 0 01:21:27, Sys 0 00:00:10  -  Run Remote Usage
		Usr 0 00:00:00, Sys 0 00:00:00  -  Run Local Usage
		Usr 0 01:21:27, Sys 0 00:00:10  -  Total Remote Usage
		Usr 0 00:00:00, Sys 0 00:00:00  -  Total Local Usage
	588984  -  Run Bytes Sent By Job
	32664898  -  Run Bytes Received By Job
	588984  -  Total Bytes Sent By Job
	32664898  -  Total Bytes Received By Job
	Partitionable Resources :     Usage  Request Allocated 
	   Cpus                 :      0.99        1         1 
	   Disk (KB)            : 255900      524288   1208198 
	   IoHeavy              :                            0 
	   Memory (MB)          :    357        4096      4096 

	Job terminated of its own accord at 2023-09-11T09:48:08Z with exit-code 0.
...
