000 (13655293.437.000) 2023-09-05 00:33:11 Job submitted from host: <128.104.101.92:9618?addrs=128.104.101.92-9618+[2607-f388-107c-501-a236-9fff-fe3c-caa8]-9618&alias=submit2.chtc.wisc.edu&noUDP&sock=schedd_1879732_618e>
...
040 (13655293.437.000) 2023-09-05 00:56:32 Started transferring input files
	Transferring to host: <128.105.69.109:9618?addrs=128.105.69.109-9618+[2607-f388-2200-100-1270-fdff-fe56-bf64]-9618&alias=e4058.chtc.wisc.edu&noUDP&sock=slot1_50_743818_d1e0_54499>
...
001 (13655293.437.000) 2023-09-05 00:56:50 Job executing on host: <128.105.69.109:9618?addrs=128.105.69.109-9618+[2607-f388-2200-100-1270-fdff-fe56-bf64]-9618&alias=e4058.chtc.wisc.edu&noUDP&sock=startd_16529_18ff>
	SlotName: slot1_50@e4058.chtc.wisc.edu
	CondorScratchDir = "/var/lib/condor/execute/slot1/dir_2748094"
	Cpus = 1
	Disk = 1208198
	IoHeavy = 0
	Memory = 4096
...
040 (13655293.437.000) 2023-09-05 00:56:50 Finished transferring input files
...
006 (13655293.437.000) 2023-09-05 00:56:59 Image size of job updated: 684888
	669  -  MemoryUsage of job (MB)
	684888  -  ResidentSetSize of job (KB)
...
006 (13655293.437.000) 2023-09-05 01:02:00 Image size of job updated: 1286872
	1037  -  MemoryUsage of job (MB)
	1061268  -  ResidentSetSize of job (KB)
...
006 (13655293.437.000) 2023-09-05 01:07:00 Image size of job updated: 1286872
	1075  -  MemoryUsage of job (MB)
	1100224  -  ResidentSetSize of job (KB)
...
006 (13655293.437.000) 2023-09-05 01:12:04 Image size of job updated: 1286872
	1075  -  MemoryUsage of job (MB)
	1100480  -  ResidentSetSize of job (KB)
...
006 (13655293.437.000) 2023-09-05 01:22:03 Image size of job updated: 1286872
	1079  -  MemoryUsage of job (MB)
	1104728  -  ResidentSetSize of job (KB)
...
006 (13655293.437.000) 2023-09-05 01:27:03 Image size of job updated: 1286872
	1080  -  MemoryUsage of job (MB)
	1104984  -  ResidentSetSize of job (KB)
...
006 (13655293.437.000) 2023-09-05 03:37:15 Image size of job updated: 1286872
	1085  -  MemoryUsage of job (MB)
	1110400  -  ResidentSetSize of job (KB)
...
006 (13655293.437.000) 2023-09-05 04:07:18 Image size of job updated: 1286872
	1085  -  MemoryUsage of job (MB)
	1110600  -  ResidentSetSize of job (KB)
...
006 (13655293.437.000) 2023-09-05 04:22:20 Image size of job updated: 1286872
	1085  -  MemoryUsage of job (MB)
	1110796  -  ResidentSetSize of job (KB)
...
006 (13655293.437.000) 2023-09-05 05:12:24 Image size of job updated: 1286872
	1086  -  MemoryUsage of job (MB)
	1111052  -  ResidentSetSize of job (KB)
...
006 (13655293.437.000) 2023-09-05 05:27:26 Image size of job updated: 1286872
	1087  -  MemoryUsage of job (MB)
	1112080  -  ResidentSetSize of job (KB)
...
006 (13655293.437.000) 2023-09-06 07:03:27 Image size of job updated: 1410796
	1087  -  MemoryUsage of job (MB)
	1112080  -  ResidentSetSize of job (KB)
...
040 (13655293.437.000) 2023-09-06 07:03:27 Started transferring output files
...
040 (13655293.437.000) 2023-09-06 07:03:27 Finished transferring output files
...
005 (13655293.437.000) 2023-09-06 07:03:28 Job terminated.
	(1) Normal termination (return value 0)
		Usr 1 05:31:31, Sys 0 00:06:37  -  Run Remote Usage
		Usr 0 00:00:00, Sys 0 00:00:00  -  Run Local Usage
		Usr 1 05:31:31, Sys 0 00:06:37  -  Total Remote Usage
		Usr 0 00:00:00, Sys 0 00:00:00  -  Total Local Usage
	1309351  -  Run Bytes Sent By Job
	32652772  -  Run Bytes Received By Job
	1309351  -  Total Bytes Sent By Job
	32652772  -  Total Bytes Received By Job
	Partitionable Resources :     Usage  Request Allocated 
	   Cpus                 :      0.99        1         1 
	   Disk (KB)            : 274903      524288   1208198 
	   IoHeavy              :                            0 
	   Memory (MB)          :   1087        4096      4096 

	Job terminated of its own accord at 2023-09-06T12:03:27Z with exit-code 0.
...
