000 (14269004.012.000) 2023-09-11 03:23:01 Job submitted from host: <128.104.101.92:9618?addrs=128.104.101.92-9618+[2607-f388-107c-501-a236-9fff-fe3c-caa8]-9618&alias=submit2.chtc.wisc.edu&noUDP&sock=schedd_1879732_618e>
...
040 (14269004.012.000) 2023-09-11 03:25:36 Started transferring input files
	Transferring to host: <128.105.69.142:9618?addrs=128.105.69.142-9618+[2607-f388-2200-100-1270-fdff-fe56-747c]-9618&alias=e4019.chtc.wisc.edu&noUDP&sock=slot1_23_3701491_0311_93462>
...
040 (14269004.012.000) 2023-09-11 03:25:38 Finished transferring input files
...
001 (14269004.012.000) 2023-09-11 03:25:39 Job executing on host: <128.105.69.142:9618?addrs=128.105.69.142-9618+[2607-f388-2200-100-1270-fdff-fe56-747c]-9618&alias=e4019.chtc.wisc.edu&noUDP&sock=startd_15796_5214>
	SlotName: slot1_23@e4019.chtc.wisc.edu
	CondorScratchDir = "/var/lib/condor/execute/slot1/dir_1138342"
	Cpus = 1
	Disk = 1208198
	IoHeavy = 0
	Memory = 4096
...
006 (14269004.012.000) 2023-09-11 03:25:48 Image size of job updated: 272916
	141  -  MemoryUsage of job (MB)
	144240  -  ResidentSetSize of job (KB)
...
006 (14269004.012.000) 2023-09-11 03:30:49 Image size of job updated: 272916
	183  -  MemoryUsage of job (MB)
	186648  -  ResidentSetSize of job (KB)
...
006 (14269004.012.000) 2023-09-11 03:35:49 Image size of job updated: 272916
	184  -  MemoryUsage of job (MB)
	187624  -  ResidentSetSize of job (KB)
...
040 (14269004.012.000) 2023-09-11 03:36:49 Started transferring output files
...
040 (14269004.012.000) 2023-09-11 03:36:49 Finished transferring output files
...
005 (14269004.012.000) 2023-09-11 03:36:50 Job terminated.
	(1) Normal termination (return value 0)
		Usr 0 00:10:28, Sys 0 00:00:01  -  Run Remote Usage
		Usr 0 00:00:00, Sys 0 00:00:00  -  Run Local Usage
		Usr 0 00:10:28, Sys 0 00:00:01  -  Total Remote Usage
		Usr 0 00:00:00, Sys 0 00:00:00  -  Total Local Usage
	233056  -  Run Bytes Sent By Job
	32664898  -  Run Bytes Received By Job
	233056  -  Total Bytes Sent By Job
	32664898  -  Total Bytes Received By Job
	Partitionable Resources :     Usage  Request Allocated 
	   Cpus                 :      0.98        1         1 
	   Disk (KB)            : 255141      524288   1208198 
	   IoHeavy              :                            0 
	   Memory (MB)          :    184        4096      4096 

	Job terminated of its own accord at 2023-09-11T08:36:49Z with exit-code 0.
...
