000 (14312691.059.000) 2023-09-11 11:54:06 Job submitted from host: <128.104.101.92:9618?addrs=128.104.101.92-9618+[2607-f388-107c-501-a236-9fff-fe3c-caa8]-9618&alias=submit2.chtc.wisc.edu&noUDP&sock=schedd_1879732_618e>
...
040 (14312691.059.000) 2023-09-11 12:00:31 Started transferring input files
	Transferring to host: <128.105.69.114:9618?addrs=128.105.69.114-9618+[2607-f388-2200-100-1270-fdff-fe56-470c]-9618&alias=e4063.chtc.wisc.edu&noUDP&sock=slot1_43_3865253_27d4_104086>
...
040 (14312691.059.000) 2023-09-11 12:00:34 Finished transferring input files
...
001 (14312691.059.000) 2023-09-11 12:00:38 Job executing on host: <128.105.69.114:9618?addrs=128.105.69.114-9618+[2607-f388-2200-100-1270-fdff-fe56-470c]-9618&alias=e4063.chtc.wisc.edu&noUDP&sock=startd_18888_2ce9>
	SlotName: slot1_43@e4063.chtc.wisc.edu
	CondorScratchDir = "/var/lib/condor/execute/slot1/dir_1541238"
	Cpus = 1
	Disk = 1208198
	IoHeavy = 0
	Memory = 4096
...
006 (14312691.059.000) 2023-09-11 12:00:46 Image size of job updated: 272840
	155  -  MemoryUsage of job (MB)
	157900  -  ResidentSetSize of job (KB)
...
040 (14312691.059.000) 2023-09-11 12:02:37 Started transferring output files
...
040 (14312691.059.000) 2023-09-11 12:02:37 Finished transferring output files
...
005 (14312691.059.000) 2023-09-11 12:02:37 Job terminated.
	(1) Normal termination (return value 0)
		Usr 0 00:01:53, Sys 0 00:00:02  -  Run Remote Usage
		Usr 0 00:00:00, Sys 0 00:00:00  -  Run Local Usage
		Usr 0 00:01:53, Sys 0 00:00:02  -  Total Remote Usage
		Usr 0 00:00:00, Sys 0 00:00:00  -  Total Local Usage
	107980  -  Run Bytes Sent By Job
	32664896  -  Run Bytes Received By Job
	107980  -  Total Bytes Sent By Job
	32664896  -  Total Bytes Received By Job
	Partitionable Resources :     Usage  Request Allocated 
	   Cpus                 :      0.98        1         1 
	   Disk (KB)            : 255018      524288   1208198 
	   IoHeavy              :                            0 
	   Memory (MB)          :    155        4096      4096 

	Job terminated of its own accord at 2023-09-11T17:02:37Z with exit-code 0.
...
