000 (13655293.350.000) 2023-09-05 00:33:11 Job submitted from host: <128.104.101.92:9618?addrs=128.104.101.92-9618+[2607-f388-107c-501-a236-9fff-fe3c-caa8]-9618&alias=submit2.chtc.wisc.edu&noUDP&sock=schedd_1879732_618e>
...
040 (13655293.350.000) 2023-09-05 00:53:57 Started transferring input files
	Transferring to host: <128.105.69.137:9618?addrs=128.105.69.137-9618+[2607-f388-2200-100-1270-fdff-fe56-d12c]-9618&alias=e4014.chtc.wisc.edu&noUDP&sock=slot1_72_1985361_2db7_52052>
...
001 (13655293.350.000) 2023-09-05 00:54:08 Job executing on host: <128.105.69.137:9618?addrs=128.105.69.137-9618+[2607-f388-2200-100-1270-fdff-fe56-d12c]-9618&alias=e4014.chtc.wisc.edu&noUDP&sock=startd_15862_9754>
	SlotName: slot1_72@e4014.chtc.wisc.edu
	CondorScratchDir = "/var/lib/condor/execute/slot1/dir_4086004"
	Cpus = 1
	Disk = 1208198
	IoHeavy = 0
	Memory = 4096
...
040 (13655293.350.000) 2023-09-05 00:54:08 Finished transferring input files
...
006 (13655293.350.000) 2023-09-05 00:54:16 Image size of job updated: 703768
	688  -  MemoryUsage of job (MB)
	703768  -  ResidentSetSize of job (KB)
...
006 (13655293.350.000) 2023-09-05 00:59:16 Image size of job updated: 1181884
	1155  -  MemoryUsage of job (MB)
	1181884  -  ResidentSetSize of job (KB)
...
006 (13655293.350.000) 2023-09-05 01:04:16 Image size of job updated: 1288992
	1155  -  MemoryUsage of job (MB)
	1181884  -  ResidentSetSize of job (KB)
...
006 (13655293.350.000) 2023-09-06 04:13:22 Image size of job updated: 1414376
	1155  -  MemoryUsage of job (MB)
	1181884  -  ResidentSetSize of job (KB)
...
040 (13655293.350.000) 2023-09-06 04:13:22 Started transferring output files
...
040 (13655293.350.000) 2023-09-06 04:13:22 Finished transferring output files
...
005 (13655293.350.000) 2023-09-06 04:13:22 Job terminated.
	(1) Normal termination (return value 0)
		Usr 1 02:49:35, Sys 0 00:06:24  -  Run Remote Usage
		Usr 0 00:00:00, Sys 0 00:00:00  -  Run Local Usage
		Usr 1 02:49:35, Sys 0 00:06:24  -  Total Remote Usage
		Usr 0 00:00:00, Sys 0 00:00:00  -  Total Local Usage
	1309483  -  Run Bytes Sent By Job
	32652772  -  Run Bytes Received By Job
	1309483  -  Total Bytes Sent By Job
	32652772  -  Total Bytes Received By Job
	Partitionable Resources :     Usage  Request Allocated 
	   Cpus                 :      0.98        1         1 
	   Disk (KB)            : 274913      524288   1208198 
	   IoHeavy              :                            0 
	   Memory (MB)          :   1155        4096      4096 

	Job terminated of its own accord at 2023-09-06T09:13:22Z with exit-code 0.
...
