000 (14312692.034.000) 2023-09-11 11:54:29 Job submitted from host: <128.104.101.92:9618?addrs=128.104.101.92-9618+[2607-f388-107c-501-a236-9fff-fe3c-caa8]-9618&alias=submit2.chtc.wisc.edu&noUDP&sock=schedd_1879732_618e>
...
040 (14312692.034.000) 2023-09-11 12:00:38 Started transferring input files
	Transferring to host: <128.105.69.207:9618?addrs=128.105.69.207-9618+[2607-f388-2200-100-eaeb-d3ff-fe40-2384]-9618&alias=e2590.chtc.wisc.edu&noUDP&sock=slot1_36_3307891_348b_88747>
...
040 (14312692.034.000) 2023-09-11 12:00:40 Finished transferring input files
...
001 (14312692.034.000) 2023-09-11 12:00:42 Job executing on host: <128.105.69.207:9618?addrs=128.105.69.207-9618+[2607-f388-2200-100-eaeb-d3ff-fe40-2384]-9618&alias=e2590.chtc.wisc.edu&noUDP&sock=startd_18795_629a>
	SlotName: slot1_36@e2590.chtc.wisc.edu
	CondorScratchDir = "/var/lib/condor/execute/slot1/dir_1477740"
	Cpus = 1
	Disk = 1458998
	IoHeavy = 0
	Memory = 4096
...
006 (14312692.034.000) 2023-09-11 12:00:51 Image size of job updated: 704216
	688  -  MemoryUsage of job (MB)
	704216  -  ResidentSetSize of job (KB)
...
006 (14312692.034.000) 2023-09-11 12:02:19 Image size of job updated: 813684
	688  -  MemoryUsage of job (MB)
	704216  -  ResidentSetSize of job (KB)
...
040 (14312692.034.000) 2023-09-11 12:02:19 Started transferring output files
...
040 (14312692.034.000) 2023-09-11 12:02:19 Finished transferring output files
...
005 (14312692.034.000) 2023-09-11 12:02:19 Job terminated.
	(1) Normal termination (return value 0)
		Usr 0 00:01:30, Sys 0 00:00:03  -  Run Remote Usage
		Usr 0 00:00:00, Sys 0 00:00:00  -  Run Local Usage
		Usr 0 00:01:30, Sys 0 00:00:03  -  Total Remote Usage
		Usr 0 00:00:00, Sys 0 00:00:00  -  Total Local Usage
	131132  -  Run Bytes Sent By Job
	32720412  -  Run Bytes Received By Job
	131132  -  Total Bytes Sent By Job
	32720412  -  Total Bytes Received By Job
	Partitionable Resources :    Usage  Request Allocated 
	   Cpus                 :                 1         1 
	   Disk (KB)            :   261287   524288   1458998 
	   IoHeavy              :                           0 
	   Memory (MB)          :      688     4096      4096 

	Job terminated of its own accord at 2023-09-11T17:02:19Z with exit-code 0.
...
