000 (13655293.056.000) 2023-09-05 00:33:11 Job submitted from host: <128.104.101.92:9618?addrs=128.104.101.92-9618+[2607-f388-107c-501-a236-9fff-fe3c-caa8]-9618&alias=submit2.chtc.wisc.edu&noUDP&sock=schedd_1879732_618e>
...
040 (13655293.056.000) 2023-09-05 00:36:10 Started transferring input files
	Transferring to host: <128.105.69.228:9618?addrs=128.105.69.228-9618+[2607-f388-2200-100-eaeb-d3ff-fe40-1124]-9618&alias=e2611.chtc.wisc.edu&noUDP&sock=slot1_60_233899_c141_60326>
...
040 (13655293.056.000) 2023-09-05 00:36:12 Finished transferring input files
...
001 (13655293.056.000) 2023-09-05 00:36:19 Job executing on host: <128.105.69.228:9618?addrs=128.105.69.228-9618+[2607-f388-2200-100-eaeb-d3ff-fe40-1124]-9618&alias=e2611.chtc.wisc.edu&noUDP&sock=startd_18798_7163>
	SlotName: slot1_60@e2611.chtc.wisc.edu
	CondorScratchDir = "/var/lib/condor/execute/slot1/dir_1018194"
	Cpus = 1
	Disk = 1458998
	IoHeavy = 0
	Memory = 4096
...
006 (13655293.056.000) 2023-09-05 00:36:28 Image size of job updated: 701024
	685  -  MemoryUsage of job (MB)
	701024  -  ResidentSetSize of job (KB)
...
006 (13655293.056.000) 2023-09-05 00:41:29 Image size of job updated: 1280140
	1059  -  MemoryUsage of job (MB)
	1083764  -  ResidentSetSize of job (KB)
...
006 (13655293.056.000) 2023-09-05 00:46:30 Image size of job updated: 1280140
	1073  -  MemoryUsage of job (MB)
	1098696  -  ResidentSetSize of job (KB)
...
006 (13655293.056.000) 2023-09-05 00:51:30 Image size of job updated: 1280140
	1079  -  MemoryUsage of job (MB)
	1104848  -  ResidentSetSize of job (KB)
...
006 (13655293.056.000) 2023-09-05 00:56:31 Image size of job updated: 1280140
	1097  -  MemoryUsage of job (MB)
	1122512  -  ResidentSetSize of job (KB)
...
006 (13655293.056.000) 2023-09-05 21:39:44 Image size of job updated: 1412492
	1097  -  MemoryUsage of job (MB)
	1122512  -  ResidentSetSize of job (KB)
...
040 (13655293.056.000) 2023-09-05 21:39:44 Started transferring output files
...
040 (13655293.056.000) 2023-09-05 21:39:44 Finished transferring output files
...
005 (13655293.056.000) 2023-09-05 21:39:44 Job terminated.
	(1) Normal termination (return value 0)
		Usr 0 20:38:37, Sys 0 00:04:46  -  Run Remote Usage
		Usr 0 00:00:00, Sys 0 00:00:00  -  Run Local Usage
		Usr 0 20:38:37, Sys 0 00:04:46  -  Total Remote Usage
		Usr 0 00:00:00, Sys 0 00:00:00  -  Total Local Usage
	1309606  -  Run Bytes Sent By Job
	32652772  -  Run Bytes Received By Job
	1309606  -  Total Bytes Sent By Job
	32652772  -  Total Bytes Received By Job
	Partitionable Resources :     Usage  Request Allocated 
	   Cpus                 :      0.99        1         1 
	   Disk (KB)            : 274906      524288   1458998 
	   IoHeavy              :                            0 
	   Memory (MB)          :   1097        4096      4096 

	Job terminated of its own accord at 2023-09-06T02:39:44Z with exit-code 0.
...
