000 (14269004.055.000) 2023-09-11 03:23:01 Job submitted from host: <128.104.101.92:9618?addrs=128.104.101.92-9618+[2607-f388-107c-501-a236-9fff-fe3c-caa8]-9618&alias=submit2.chtc.wisc.edu&noUDP&sock=schedd_1879732_618e>
...
040 (14269004.055.000) 2023-09-11 03:27:46 Started transferring input files
	Transferring to host: <128.105.69.157:9618?addrs=128.105.69.157-9618+[2607-f388-2200-100-1270-fdff-fe56-c3a4]-9618&alias=e4090.chtc.wisc.edu&noUDP&sock=slot1_102_1363133_4360_89235>
...
040 (14269004.055.000) 2023-09-11 03:27:49 Finished transferring input files
...
001 (14269004.055.000) 2023-09-11 03:27:50 Job executing on host: <128.105.69.157:9618?addrs=128.105.69.157-9618+[2607-f388-2200-100-1270-fdff-fe56-c3a4]-9618&alias=e4090.chtc.wisc.edu&noUDP&sock=startd_18322_f24e>
	SlotName: slot1_102@e4090.chtc.wisc.edu
	CondorScratchDir = "/var/lib/condor/execute/slot1/dir_2421854"
	Cpus = 1
	Disk = 1208198
	IoHeavy = 0
	Memory = 4096
...
006 (14269004.055.000) 2023-09-11 03:27:58 Image size of job updated: 379596
	371  -  MemoryUsage of job (MB)
	379596  -  ResidentSetSize of job (KB)
...
006 (14269004.055.000) 2023-09-11 03:29:09 Image size of job updated: 379852
	371  -  MemoryUsage of job (MB)
	379596  -  ResidentSetSize of job (KB)
...
040 (14269004.055.000) 2023-09-11 03:29:09 Started transferring output files
...
040 (14269004.055.000) 2023-09-11 03:29:09 Finished transferring output files
...
005 (14269004.055.000) 2023-09-11 03:29:09 Job terminated.
	(1) Normal termination (return value 0)
		Usr 0 00:01:16, Sys 0 00:00:02  -  Run Remote Usage
		Usr 0 00:00:00, Sys 0 00:00:00  -  Run Local Usage
		Usr 0 00:01:16, Sys 0 00:00:02  -  Total Remote Usage
		Usr 0 00:00:00, Sys 0 00:00:00  -  Total Local Usage
	96240  -  Run Bytes Sent By Job
	32664898  -  Run Bytes Received By Job
	96240  -  Total Bytes Sent By Job
	32664898  -  Total Bytes Received By Job
	Partitionable Resources :     Usage  Request Allocated 
	   Cpus                 :      0.99        1         1 
	   Disk (KB)            : 255890      524288   1208198 
	   IoHeavy              :                            0 
	   Memory (MB)          :    371        4096      4096 

	Job terminated of its own accord at 2023-09-11T08:29:09Z with exit-code 0.
...
