000 (14269004.016.000) 2023-09-11 03:23:01 Job submitted from host: <128.104.101.92:9618?addrs=128.104.101.92-9618+[2607-f388-107c-501-a236-9fff-fe3c-caa8]-9618&alias=submit2.chtc.wisc.edu&noUDP&sock=schedd_1879732_618e>
...
040 (14269004.016.000) 2023-09-11 03:26:21 Started transferring input files
	Transferring to host: <128.105.69.128:9618?addrs=128.105.69.128-9618+[2607-f388-2200-100-1270-fdff-fe56-642c]-9618&alias=e4077.chtc.wisc.edu&noUDP&sock=slot1_76_22948_b11e_82971>
...
040 (14269004.016.000) 2023-09-11 03:26:23 Finished transferring input files
...
001 (14269004.016.000) 2023-09-11 03:26:24 Job executing on host: <128.105.69.128:9618?addrs=128.105.69.128-9618+[2607-f388-2200-100-1270-fdff-fe56-642c]-9618&alias=e4077.chtc.wisc.edu&noUDP&sock=startd_22803_8a30>
	SlotName: slot1_76@e4077.chtc.wisc.edu
	CondorScratchDir = "/var/lib/condor/execute/slot1/dir_360013"
	Cpus = 1
	Disk = 1208198
	IoHeavy = 0
	Memory = 4096
...
006 (14269004.016.000) 2023-09-11 03:26:32 Image size of job updated: 273596
	172  -  MemoryUsage of job (MB)
	175656  -  ResidentSetSize of job (KB)
...
006 (14269004.016.000) 2023-09-11 03:31:32 Image size of job updated: 273596
	185  -  MemoryUsage of job (MB)
	189016  -  ResidentSetSize of job (KB)
...
040 (14269004.016.000) 2023-09-11 03:32:44 Started transferring output files
...
040 (14269004.016.000) 2023-09-11 03:32:44 Finished transferring output files
...
005 (14269004.016.000) 2023-09-11 03:32:44 Job terminated.
	(1) Normal termination (return value 0)
		Usr 0 00:06:10, Sys 0 00:00:01  -  Run Remote Usage
		Usr 0 00:00:00, Sys 0 00:00:00  -  Run Local Usage
		Usr 0 00:06:10, Sys 0 00:00:01  -  Total Remote Usage
		Usr 0 00:00:00, Sys 0 00:00:00  -  Total Local Usage
	225801  -  Run Bytes Sent By Job
	32664898  -  Run Bytes Received By Job
	225801  -  Total Bytes Sent By Job
	32664898  -  Total Bytes Received By Job
	Partitionable Resources :     Usage  Request Allocated 
	   Cpus                 :      0.99        1         1 
	   Disk (KB)            : 255135      524288   1208198 
	   IoHeavy              :                            0 
	   Memory (MB)          :    185        4096      4096 

	Job terminated of its own accord at 2023-09-11T08:32:44Z with exit-code 0.
...
