000 (13655293.274.000) 2023-09-05 00:33:11 Job submitted from host: <128.104.101.92:9618?addrs=128.104.101.92-9618+[2607-f388-107c-501-a236-9fff-fe3c-caa8]-9618&alias=submit2.chtc.wisc.edu&noUDP&sock=schedd_1879732_618e>
...
040 (13655293.274.000) 2023-09-05 00:48:57 Started transferring input files
	Transferring to host: <128.105.69.189:9618?addrs=128.105.69.189-9618+[2607-f388-2200-100-1270-fdff-fe56-644c]-9618&alias=e4042.chtc.wisc.edu&noUDP&sock=slot1_73_3770169_e03a_55857>
...
001 (13655293.274.000) 2023-09-05 00:49:27 Job executing on host: <128.105.69.189:9618?addrs=128.105.69.189-9618+[2607-f388-2200-100-1270-fdff-fe56-644c]-9618&alias=e4042.chtc.wisc.edu&noUDP&sock=startd_15959_2004>
	SlotName: slot1_73@e4042.chtc.wisc.edu
	CondorScratchDir = "/var/lib/condor/execute/slot1/dir_3525605"
	Cpus = 1
	Disk = 1208198
	IoHeavy = 0
	Memory = 4096
...
040 (13655293.274.000) 2023-09-05 00:49:27 Finished transferring input files
...
006 (13655293.274.000) 2023-09-05 00:49:36 Image size of job updated: 594936
	581  -  MemoryUsage of job (MB)
	594936  -  ResidentSetSize of job (KB)
...
006 (13655293.274.000) 2023-09-05 00:54:36 Image size of job updated: 1189472
	958  -  MemoryUsage of job (MB)
	980768  -  ResidentSetSize of job (KB)
...
006 (13655293.274.000) 2023-09-05 00:59:37 Image size of job updated: 1189472
	980  -  MemoryUsage of job (MB)
	1002600  -  ResidentSetSize of job (KB)
...
006 (13655293.274.000) 2023-09-05 01:04:37 Image size of job updated: 1189472
	980  -  MemoryUsage of job (MB)
	1003044  -  ResidentSetSize of job (KB)
...
006 (13655293.274.000) 2023-09-05 01:19:41 Image size of job updated: 1189472
	991  -  MemoryUsage of job (MB)
	1014104  -  ResidentSetSize of job (KB)
...
006 (13655293.274.000) 2023-09-06 00:01:16 Image size of job updated: 1271120
	991  -  MemoryUsage of job (MB)
	1014104  -  ResidentSetSize of job (KB)
...
040 (13655293.274.000) 2023-09-06 00:01:16 Started transferring output files
...
040 (13655293.274.000) 2023-09-06 00:01:16 Finished transferring output files
...
005 (13655293.274.000) 2023-09-06 00:01:16 Job terminated.
	(1) Normal termination (return value 0)
		Usr 0 22:46:18, Sys 0 00:03:38  -  Run Remote Usage
		Usr 0 00:00:00, Sys 0 00:00:00  -  Run Local Usage
		Usr 0 22:46:18, Sys 0 00:03:38  -  Total Remote Usage
		Usr 0 00:00:00, Sys 0 00:00:00  -  Total Local Usage
	1309598  -  Run Bytes Sent By Job
	32652772  -  Run Bytes Received By Job
	1309598  -  Total Bytes Sent By Job
	32652772  -  Total Bytes Received By Job
	Partitionable Resources :     Usage  Request Allocated 
	   Cpus                 :      0.99        1         1 
	   Disk (KB)            : 274887      524288   1208198 
	   IoHeavy              :                            0 
	   Memory (MB)          :    991        4096      4096 

	Job terminated of its own accord at 2023-09-06T05:01:16Z with exit-code 0.
...
