000 (14269004.026.000) 2023-09-11 03:23:01 Job submitted from host: <128.104.101.92:9618?addrs=128.104.101.92-9618+[2607-f388-107c-501-a236-9fff-fe3c-caa8]-9618&alias=submit2.chtc.wisc.edu&noUDP&sock=schedd_1879732_618e>
...
040 (14269004.026.000) 2023-09-11 03:27:05 Started transferring input files
	Transferring to host: <128.105.69.154:9618?addrs=128.105.69.154-9618+[2607-f388-2200-100-1270-fdff-fe56-45a4]-9618&alias=e4087.chtc.wisc.edu&noUDP&sock=slot1_43_3531047_cb7e_100318>
...
040 (14269004.026.000) 2023-09-11 03:27:07 Finished transferring input files
...
001 (14269004.026.000) 2023-09-11 03:27:08 Job executing on host: <128.105.69.154:9618?addrs=128.105.69.154-9618+[2607-f388-2200-100-1270-fdff-fe56-45a4]-9618&alias=e4087.chtc.wisc.edu&noUDP&sock=startd_17059_a231>
	SlotName: slot1_43@e4087.chtc.wisc.edu
	CondorScratchDir = "/var/lib/condor/execute/slot1/dir_421585"
	Cpus = 1
	Disk = 1208198
	IoHeavy = 0
	Memory = 4096
...
006 (14269004.026.000) 2023-09-11 03:27:16 Image size of job updated: 273172
	127  -  MemoryUsage of job (MB)
	129976  -  ResidentSetSize of job (KB)
...
006 (14269004.026.000) 2023-09-11 03:32:16 Image size of job updated: 273172
	174  -  MemoryUsage of job (MB)
	177960  -  ResidentSetSize of job (KB)
...
040 (14269004.026.000) 2023-09-11 03:34:39 Started transferring output files
...
040 (14269004.026.000) 2023-09-11 03:34:39 Finished transferring output files
...
005 (14269004.026.000) 2023-09-11 03:34:39 Job terminated.
	(1) Normal termination (return value 0)
		Usr 0 00:07:19, Sys 0 00:00:02  -  Run Remote Usage
		Usr 0 00:00:00, Sys 0 00:00:00  -  Run Local Usage
		Usr 0 00:07:19, Sys 0 00:00:02  -  Total Remote Usage
		Usr 0 00:00:00, Sys 0 00:00:00  -  Total Local Usage
	172729  -  Run Bytes Sent By Job
	32664898  -  Run Bytes Received By Job
	172729  -  Total Bytes Sent By Job
	32664898  -  Total Bytes Received By Job
	Partitionable Resources :     Usage  Request Allocated 
	   Cpus                 :      0.98        1         1 
	   Disk (KB)            : 255082      524288   1208198 
	   IoHeavy              :                            0 
	   Memory (MB)          :    174        4096      4096 

	Job terminated of its own accord at 2023-09-11T08:34:39Z with exit-code 0.
...
