000 (13655293.360.000) 2023-09-05 00:33:11 Job submitted from host: <128.104.101.92:9618?addrs=128.104.101.92-9618+[2607-f388-107c-501-a236-9fff-fe3c-caa8]-9618&alias=submit2.chtc.wisc.edu&noUDP&sock=schedd_1879732_618e>
...
040 (13655293.360.000) 2023-09-05 00:54:10 Started transferring input files
	Transferring to host: <128.105.69.137:9618?addrs=128.105.69.137-9618+[2607-f388-2200-100-1270-fdff-fe56-d12c]-9618&alias=e4014.chtc.wisc.edu&noUDP&sock=slot1_83_1985361_2db7_52063>
...
040 (13655293.360.000) 2023-09-05 00:54:11 Finished transferring input files
...
001 (13655293.360.000) 2023-09-05 00:54:13 Job executing on host: <128.105.69.137:9618?addrs=128.105.69.137-9618+[2607-f388-2200-100-1270-fdff-fe56-d12c]-9618&alias=e4014.chtc.wisc.edu&noUDP&sock=startd_15862_9754>
	SlotName: slot1_83@e4014.chtc.wisc.edu
	CondorScratchDir = "/var/lib/condor/execute/slot1/dir_4086691"
	Cpus = 1
	Disk = 1208198
	IoHeavy = 0
	Memory = 4096
...
006 (13655293.360.000) 2023-09-05 00:54:21 Image size of job updated: 683624
	668  -  MemoryUsage of job (MB)
	683624  -  ResidentSetSize of job (KB)
...
006 (13655293.360.000) 2023-09-05 00:59:21 Image size of job updated: 1103100
	1078  -  MemoryUsage of job (MB)
	1103100  -  ResidentSetSize of job (KB)
...
006 (13655293.360.000) 2023-09-05 01:04:22 Image size of job updated: 1267108
	1238  -  MemoryUsage of job (MB)
	1267016  -  ResidentSetSize of job (KB)
...
006 (13655293.360.000) 2023-09-05 01:09:23 Image size of job updated: 1284672
	1238  -  MemoryUsage of job (MB)
	1267016  -  ResidentSetSize of job (KB)
...
006 (13655293.360.000) 2023-09-05 23:21:36 Image size of job updated: 1419180
	1244  -  MemoryUsage of job (MB)
	1273160  -  ResidentSetSize of job (KB)
...
040 (13655293.360.000) 2023-09-05 23:22:11 Started transferring output files
...
040 (13655293.360.000) 2023-09-05 23:22:11 Finished transferring output files
...
005 (13655293.360.000) 2023-09-05 23:22:11 Job terminated.
	(1) Normal termination (return value 0)
		Usr 0 22:04:21, Sys 0 00:03:40  -  Run Remote Usage
		Usr 0 00:00:00, Sys 0 00:00:00  -  Run Local Usage
		Usr 0 22:04:21, Sys 0 00:03:40  -  Total Remote Usage
		Usr 0 00:00:00, Sys 0 00:00:00  -  Total Local Usage
	1309556  -  Run Bytes Sent By Job
	32652772  -  Run Bytes Received By Job
	1309556  -  Total Bytes Sent By Job
	32652772  -  Total Bytes Received By Job
	Partitionable Resources :     Usage  Request Allocated 
	   Cpus                 :      0.98        1         1 
	   Disk (KB)            : 274915      524288   1208198 
	   IoHeavy              :                            0 
	   Memory (MB)          :   1244        4096      4096 

	Job terminated of its own accord at 2023-09-06T04:22:11Z with exit-code 0.
...
