000 (14312691.045.000) 2023-09-11 11:54:06 Job submitted from host: <128.104.101.92:9618?addrs=128.104.101.92-9618+[2607-f388-107c-501-a236-9fff-fe3c-caa8]-9618&alias=submit2.chtc.wisc.edu&noUDP&sock=schedd_1879732_618e>
...
040 (14312691.045.000) 2023-09-11 12:00:29 Started transferring input files
	Transferring to host: <128.105.69.192:9618?addrs=128.105.69.192-9618+[2607-f388-2200-100-1270-fdff-fe56-bc04]-9618&alias=build4002.chtc.wisc.edu&noUDP&sock=slot3_82_1262715_b2ad_371171>
...
040 (14312691.045.000) 2023-09-11 12:00:31 Finished transferring input files
...
001 (14312691.045.000) 2023-09-11 12:00:36 Job executing on host: <128.105.69.192:9618?addrs=128.105.69.192-9618+[2607-f388-2200-100-1270-fdff-fe56-bc04]-9618&alias=build4002.chtc.wisc.edu&noUDP&sock=startd_22892_961e>
	SlotName: slot3_82@build4002.chtc.wisc.edu
	CondorScratchDir = "/var/lib/condor/execute/slot3/dir_1078364"
	Cpus = 1
	Disk = 1208198
	IoHeavy = 0
	Memory = 4096
...
006 (14312691.045.000) 2023-09-11 12:00:44 Image size of job updated: 379132
	269  -  MemoryUsage of job (MB)
	274752  -  ResidentSetSize of job (KB)
...
006 (14312691.045.000) 2023-09-11 12:02:39 Image size of job updated: 379132
	270  -  MemoryUsage of job (MB)
	275776  -  ResidentSetSize of job (KB)
...
040 (14312691.045.000) 2023-09-11 12:02:40 Started transferring output files
...
040 (14312691.045.000) 2023-09-11 12:02:40 Finished transferring output files
...
005 (14312691.045.000) 2023-09-11 12:02:40 Job terminated.
	(1) Normal termination (return value 0)
		Usr 0 00:01:59, Sys 0 00:00:00  -  Run Remote Usage
		Usr 0 00:00:00, Sys 0 00:00:00  -  Run Local Usage
		Usr 0 00:01:59, Sys 0 00:00:00  -  Total Remote Usage
		Usr 0 00:00:00, Sys 0 00:00:00  -  Total Local Usage
	139894  -  Run Bytes Sent By Job
	32664896  -  Run Bytes Received By Job
	139894  -  Total Bytes Sent By Job
	32664896  -  Total Bytes Received By Job
	Partitionable Resources :     Usage  Request Allocated 
	   Cpus                 :      0.98        1         1 
	   Disk (KB)            : 255051      524288   1208198 
	   IoHeavy              :                            0 
	   Memory (MB)          :    270        4096      4096 

	Job terminated of its own accord at 2023-09-11T17:02:39Z with exit-code 0.
...
