000 (13655293.343.000) 2023-09-05 00:33:11 Job submitted from host: <128.104.101.92:9618?addrs=128.104.101.92-9618+[2607-f388-107c-501-a236-9fff-fe3c-caa8]-9618&alias=submit2.chtc.wisc.edu&noUDP&sock=schedd_1879732_618e>
...
040 (13655293.343.000) 2023-09-05 00:53:43 Started transferring input files
	Transferring to host: <128.105.69.137:9618?addrs=128.105.69.137-9618+[2607-f388-2200-100-1270-fdff-fe56-d12c]-9618&alias=e4014.chtc.wisc.edu&noUDP&sock=slot1_65_1985361_2db7_52045>
...
001 (13655293.343.000) 2023-09-05 00:53:52 Job executing on host: <128.105.69.137:9618?addrs=128.105.69.137-9618+[2607-f388-2200-100-1270-fdff-fe56-d12c]-9618&alias=e4014.chtc.wisc.edu&noUDP&sock=startd_15862_9754>
	SlotName: slot1_65@e4014.chtc.wisc.edu
	CondorScratchDir = "/var/lib/condor/execute/slot1/dir_4085716"
	Cpus = 1
	Disk = 1208198
	IoHeavy = 0
	Memory = 4096
...
040 (13655293.343.000) 2023-09-05 00:53:52 Finished transferring input files
...
006 (13655293.343.000) 2023-09-05 00:54:02 Image size of job updated: 707460
	691  -  MemoryUsage of job (MB)
	707460  -  ResidentSetSize of job (KB)
...
006 (13655293.343.000) 2023-09-05 00:59:00 Image size of job updated: 1261304
	963  -  MemoryUsage of job (MB)
	985124  -  ResidentSetSize of job (KB)
...
006 (13655293.343.000) 2023-09-05 01:04:01 Image size of job updated: 1293340
	1044  -  MemoryUsage of job (MB)
	1068244  -  ResidentSetSize of job (KB)
...
006 (13655293.343.000) 2023-09-05 01:09:02 Image size of job updated: 1293340
	1070  -  MemoryUsage of job (MB)
	1095200  -  ResidentSetSize of job (KB)
...
006 (13655293.343.000) 2023-09-05 01:14:02 Image size of job updated: 1293340
	1078  -  MemoryUsage of job (MB)
	1102868  -  ResidentSetSize of job (KB)
...
006 (13655293.343.000) 2023-09-05 01:34:04 Image size of job updated: 1293340
	1080  -  MemoryUsage of job (MB)
	1105380  -  ResidentSetSize of job (KB)
...
006 (13655293.343.000) 2023-09-05 02:09:08 Image size of job updated: 1293340
	1083  -  MemoryUsage of job (MB)
	1108532  -  ResidentSetSize of job (KB)
...
006 (13655293.343.000) 2023-09-05 02:34:11 Image size of job updated: 1293340
	1087  -  MemoryUsage of job (MB)
	1112536  -  ResidentSetSize of job (KB)
...
006 (13655293.343.000) 2023-09-06 01:42:39 Image size of job updated: 1410132
	1087  -  MemoryUsage of job (MB)
	1112536  -  ResidentSetSize of job (KB)
...
040 (13655293.343.000) 2023-09-06 01:42:40 Started transferring output files
...
040 (13655293.343.000) 2023-09-06 01:42:40 Finished transferring output files
...
005 (13655293.343.000) 2023-09-06 01:42:40 Job terminated.
	(1) Normal termination (return value 0)
		Usr 1 00:24:03, Sys 0 00:03:53  -  Run Remote Usage
		Usr 0 00:00:00, Sys 0 00:00:00  -  Run Local Usage
		Usr 1 00:24:03, Sys 0 00:03:53  -  Total Remote Usage
		Usr 0 00:00:00, Sys 0 00:00:00  -  Total Local Usage
	1309545  -  Run Bytes Sent By Job
	32652772  -  Run Bytes Received By Job
	1309545  -  Total Bytes Sent By Job
	32652772  -  Total Bytes Received By Job
	Partitionable Resources :     Usage  Request Allocated 
	   Cpus                 :      0.99        1         1 
	   Disk (KB)            : 274913      524288   1208198 
	   IoHeavy              :                            0 
	   Memory (MB)          :   1087        4096      4096 

	Job terminated of its own accord at 2023-09-06T06:42:39Z with exit-code 0.
...
