000 (14268886.059.000) 2023-09-11 03:21:39 Job submitted from host: <128.104.101.92:9618?addrs=128.104.101.92-9618+[2607-f388-107c-501-a236-9fff-fe3c-caa8]-9618&alias=submit2.chtc.wisc.edu&noUDP&sock=schedd_1879732_618e>
...
040 (14268886.059.000) 2023-09-11 03:25:35 Started transferring input files
	Transferring to host: <128.105.69.182:9618?addrs=128.105.69.182-9618+[2607-f388-2200-100-1270-fdff-fe56-c344]-9618&alias=e2565.chtc.wisc.edu&noUDP&sock=slot1_128_896567_4f04_78911>
...
040 (14268886.059.000) 2023-09-11 03:25:37 Finished transferring input files
...
001 (14268886.059.000) 2023-09-11 03:25:38 Job executing on host: <128.105.69.182:9618?addrs=128.105.69.182-9618+[2607-f388-2200-100-1270-fdff-fe56-c344]-9618&alias=e2565.chtc.wisc.edu&noUDP&sock=startd_12827_d564>
	SlotName: slot1_128@e2565.chtc.wisc.edu
	CondorScratchDir = "/var/lib/condor/execute/slot1/dir_1577248"
	Cpus = 1
	Disk = 1208198
	IoHeavy = 0
	Memory = 4096
...
006 (14268886.059.000) 2023-09-11 03:25:46 Image size of job updated: 672816
	658  -  MemoryUsage of job (MB)
	672812  -  ResidentSetSize of job (KB)
...
006 (14268886.059.000) 2023-09-11 03:26:55 Image size of job updated: 809824
	658  -  MemoryUsage of job (MB)
	673580  -  ResidentSetSize of job (KB)
...
040 (14268886.059.000) 2023-09-11 03:26:55 Started transferring output files
...
040 (14268886.059.000) 2023-09-11 03:26:55 Finished transferring output files
...
005 (14268886.059.000) 2023-09-11 03:26:55 Job terminated.
	(1) Normal termination (return value 0)
		Usr 0 00:01:11, Sys 0 00:00:03  -  Run Remote Usage
		Usr 0 00:00:00, Sys 0 00:00:00  -  Run Local Usage
		Usr 0 00:01:11, Sys 0 00:00:03  -  Total Remote Usage
		Usr 0 00:00:00, Sys 0 00:00:00  -  Total Local Usage
	94214  -  Run Bytes Sent By Job
	32720416  -  Run Bytes Received By Job
	94214  -  Total Bytes Sent By Job
	32720416  -  Total Bytes Received By Job
	Partitionable Resources :     Usage  Request Allocated 
	   Cpus                 :      0.99        1         1 
	   Disk (KB)            : 261260      524288   1208198 
	   IoHeavy              :                            0 
	   Memory (MB)          :    658        4096      4096 

	Job terminated of its own accord at 2023-09-11T08:26:55Z with exit-code 0.
...
