000 (14268886.045.000) 2023-09-11 03:21:39 Job submitted from host: <128.104.101.92:9618?addrs=128.104.101.92-9618+[2607-f388-107c-501-a236-9fff-fe3c-caa8]-9618&alias=submit2.chtc.wisc.edu&noUDP&sock=schedd_1879732_618e>
...
040 (14268886.045.000) 2023-09-11 03:23:35 Started transferring input files
	Transferring to host: <128.105.69.153:9618?addrs=128.105.69.153-9618+[2607-f388-2200-100-1270-fdff-fe56-45dc]-9618&alias=e4086.chtc.wisc.edu&noUDP&sock=slot1_193_3657377_b54f_94188>
...
040 (14268886.045.000) 2023-09-11 03:23:38 Finished transferring input files
...
001 (14268886.045.000) 2023-09-11 03:23:39 Job executing on host: <128.105.69.153:9618?addrs=128.105.69.153-9618+[2607-f388-2200-100-1270-fdff-fe56-45dc]-9618&alias=e4086.chtc.wisc.edu&noUDP&sock=startd_17329_d4c3>
	SlotName: slot1_193@e4086.chtc.wisc.edu
	CondorScratchDir = "/var/lib/condor/execute/slot1/dir_3672251"
	Cpus = 1
	Disk = 1208198
	IoHeavy = 0
	Memory = 4096
...
006 (14268886.045.000) 2023-09-11 03:23:47 Image size of job updated: 323724
	317  -  MemoryUsage of job (MB)
	323724  -  ResidentSetSize of job (KB)
...
006 (14268886.045.000) 2023-09-11 03:27:29 Image size of job updated: 715476
	320  -  MemoryUsage of job (MB)
	326796  -  ResidentSetSize of job (KB)
...
040 (14268886.045.000) 2023-09-11 03:27:29 Started transferring output files
...
040 (14268886.045.000) 2023-09-11 03:27:29 Finished transferring output files
...
005 (14268886.045.000) 2023-09-11 03:27:29 Job terminated.
	(1) Normal termination (return value 0)
		Usr 0 00:03:36, Sys 0 00:00:09  -  Run Remote Usage
		Usr 0 00:00:00, Sys 0 00:00:00  -  Run Local Usage
		Usr 0 00:03:36, Sys 0 00:00:09  -  Total Remote Usage
		Usr 0 00:00:00, Sys 0 00:00:00  -  Total Local Usage
	117028  -  Run Bytes Sent By Job
	32720416  -  Run Bytes Received By Job
	117028  -  Total Bytes Sent By Job
	32720416  -  Total Bytes Received By Job
	Partitionable Resources :    Usage  Request Allocated 
	   Cpus                 :                 1         1 
	   Disk (KB)            :   261273   524288   1208198 
	   IoHeavy              :                           0 
	   Memory (MB)          :      320     4096      4096 

	Job terminated of its own accord at 2023-09-11T08:27:29Z with exit-code 0.
...
