000 (13655293.439.000) 2023-09-05 00:33:11 Job submitted from host: <128.104.101.92:9618?addrs=128.104.101.92-9618+[2607-f388-107c-501-a236-9fff-fe3c-caa8]-9618&alias=submit2.chtc.wisc.edu&noUDP&sock=schedd_1879732_618e>
...
040 (13655293.439.000) 2023-09-05 00:56:13 Started transferring input files
	Transferring to host: <128.105.69.139:9618?addrs=128.105.69.139-9618+[2607-f388-2200-100-1270-fdff-fe56-79fc]-9618&alias=e4016.chtc.wisc.edu&noUDP&sock=slot1_90_3874560_c76f_62431>
...
001 (13655293.439.000) 2023-09-05 00:56:37 Job executing on host: <128.105.69.139:9618?addrs=128.105.69.139-9618+[2607-f388-2200-100-1270-fdff-fe56-79fc]-9618&alias=e4016.chtc.wisc.edu&noUDP&sock=startd_15800_1075>
	SlotName: slot1_90@e4016.chtc.wisc.edu
	CondorScratchDir = "/var/lib/condor/execute/slot1/dir_2430751"
	Cpus = 1
	Disk = 1208198
	IoHeavy = 0
	Memory = 4096
...
040 (13655293.439.000) 2023-09-05 00:56:37 Finished transferring input files
...
006 (13655293.439.000) 2023-09-05 00:56:57 Image size of job updated: 810788
	666  -  MemoryUsage of job (MB)
	681808  -  ResidentSetSize of job (KB)
...
006 (13655293.439.000) 2023-09-05 01:01:58 Image size of job updated: 1287200
	1059  -  MemoryUsage of job (MB)
	1084248  -  ResidentSetSize of job (KB)
...
006 (13655293.439.000) 2023-09-05 01:06:58 Image size of job updated: 1287200
	1079  -  MemoryUsage of job (MB)
	1104192  -  ResidentSetSize of job (KB)
...
006 (13655293.439.000) 2023-09-05 01:17:00 Image size of job updated: 1287200
	1087  -  MemoryUsage of job (MB)
	1112640  -  ResidentSetSize of job (KB)
...
006 (13655293.439.000) 2023-09-05 22:41:39 Image size of job updated: 1411972
	1087  -  MemoryUsage of job (MB)
	1112640  -  ResidentSetSize of job (KB)
...
040 (13655293.439.000) 2023-09-05 22:41:39 Started transferring output files
...
040 (13655293.439.000) 2023-09-05 22:41:39 Finished transferring output files
...
005 (13655293.439.000) 2023-09-05 22:41:39 Job terminated.
	(1) Normal termination (return value 0)
		Usr 0 21:19:48, Sys 0 00:03:29  -  Run Remote Usage
		Usr 0 00:00:00, Sys 0 00:00:00  -  Run Local Usage
		Usr 0 21:19:48, Sys 0 00:03:29  -  Total Remote Usage
		Usr 0 00:00:00, Sys 0 00:00:00  -  Total Local Usage
	1309443  -  Run Bytes Sent By Job
	32652772  -  Run Bytes Received By Job
	1309443  -  Total Bytes Sent By Job
	32652772  -  Total Bytes Received By Job
	Partitionable Resources :     Usage  Request Allocated 
	   Cpus                 :      0.99        1         1 
	   Disk (KB)            : 274899      524288   1208198 
	   IoHeavy              :                            0 
	   Memory (MB)          :   1087        4096      4096 

	Job terminated of its own accord at 2023-09-06T03:41:39Z with exit-code 0.
...
