000 (13655293.121.000) 2023-09-05 00:33:11 Job submitted from host: <128.104.101.92:9618?addrs=128.104.101.92-9618+[2607-f388-107c-501-a236-9fff-fe3c-caa8]-9618&alias=submit2.chtc.wisc.edu&noUDP&sock=schedd_1879732_618e>
...
040 (13655293.121.000) 2023-09-05 00:36:26 Started transferring input files
	Transferring to host: <128.105.69.171:9618?addrs=128.105.69.171-9618+[2607-f388-2200-100-1270-fdff-fe56-76ac]-9618&alias=e2554.chtc.wisc.edu&noUDP&sock=slot1_59_1826531_133c_47894>
...
001 (13655293.121.000) 2023-09-05 00:36:35 Job executing on host: <128.105.69.171:9618?addrs=128.105.69.171-9618+[2607-f388-2200-100-1270-fdff-fe56-76ac]-9618&alias=e2554.chtc.wisc.edu&noUDP&sock=startd_14106_1f06>
	SlotName: slot1_59@e2554.chtc.wisc.edu
	CondorScratchDir = "/var/lib/condor/execute/slot1/dir_1565934"
	Cpus = 1
	Disk = 1208198
	IoHeavy = 0
	Memory = 4096
...
040 (13655293.121.000) 2023-09-05 00:36:35 Finished transferring input files
...
006 (13655293.121.000) 2023-09-05 00:36:44 Image size of job updated: 713200
	697  -  MemoryUsage of job (MB)
	713200  -  ResidentSetSize of job (KB)
...
006 (13655293.121.000) 2023-09-05 00:41:45 Image size of job updated: 1268316
	1178  -  MemoryUsage of job (MB)
	1205756  -  ResidentSetSize of job (KB)
...
006 (13655293.121.000) 2023-09-05 00:46:45 Image size of job updated: 1285884
	1178  -  MemoryUsage of job (MB)
	1205756  -  ResidentSetSize of job (KB)
...
006 (13655293.121.000) 2023-09-06 03:59:31 Image size of job updated: 1400852
	1232  -  MemoryUsage of job (MB)
	1261336  -  ResidentSetSize of job (KB)
...
040 (13655293.121.000) 2023-09-06 03:59:50 Started transferring output files
...
040 (13655293.121.000) 2023-09-06 03:59:50 Finished transferring output files
...
005 (13655293.121.000) 2023-09-06 03:59:50 Job terminated.
	(1) Normal termination (return value 0)
		Usr 1 02:46:19, Sys 0 00:06:44  -  Run Remote Usage
		Usr 0 00:00:00, Sys 0 00:00:00  -  Run Local Usage
		Usr 1 02:46:19, Sys 0 00:06:44  -  Total Remote Usage
		Usr 0 00:00:00, Sys 0 00:00:00  -  Total Local Usage
	1309653  -  Run Bytes Sent By Job
	32652772  -  Run Bytes Received By Job
	1309653  -  Total Bytes Sent By Job
	32652772  -  Total Bytes Received By Job
	Partitionable Resources :     Usage  Request Allocated 
	   Cpus                 :      0.98        1         1 
	   Disk (KB)            : 274917      524288   1208198 
	   IoHeavy              :                            0 
	   Memory (MB)          :   1232        4096      4096 

	Job terminated of its own accord at 2023-09-06T08:59:50Z with exit-code 0.
...
