000 (13655293.266.000) 2023-09-05 00:33:11 Job submitted from host: <128.104.101.92:9618?addrs=128.104.101.92-9618+[2607-f388-107c-501-a236-9fff-fe3c-caa8]-9618&alias=submit2.chtc.wisc.edu&noUDP&sock=schedd_1879732_618e>
...
040 (13655293.266.000) 2023-09-05 00:49:52 Started transferring input files
	Transferring to host: <128.105.69.112:9618?addrs=128.105.69.112-9618+[2607-f388-2200-100-1270-fdff-fe56-c354]-9618&alias=e4061.chtc.wisc.edu&noUDP&sock=slot1_50_538946_f655_14489>
...
040 (13655293.266.000) 2023-09-05 00:49:53 Finished transferring input files
...
001 (13655293.266.000) 2023-09-05 00:49:55 Job executing on host: <128.105.69.112:9618?addrs=128.105.69.112-9618+[2607-f388-2200-100-1270-fdff-fe56-c354]-9618&alias=e4061.chtc.wisc.edu&noUDP&sock=startd_22836_2cd0>
	SlotName: slot1_50@e4061.chtc.wisc.edu
	CondorScratchDir = "/var/lib/condor/execute/slot1/dir_2226436"
	Cpus = 1
	Disk = 1208198
	IoHeavy = 0
	Memory = 4096
...
006 (13655293.266.000) 2023-09-05 00:50:03 Image size of job updated: 517612
	506  -  MemoryUsage of job (MB)
	517352  -  ResidentSetSize of job (KB)
...
006 (13655293.266.000) 2023-09-05 00:55:03 Image size of job updated: 1161048
	1134  -  MemoryUsage of job (MB)
	1160560  -  ResidentSetSize of job (KB)
...
006 (13655293.266.000) 2023-09-05 01:00:04 Image size of job updated: 1179060
	1134  -  MemoryUsage of job (MB)
	1160560  -  ResidentSetSize of job (KB)
...
006 (13655293.266.000) 2023-09-06 05:23:01 Image size of job updated: 1306780
	1276  -  MemoryUsage of job (MB)
	1306548  -  ResidentSetSize of job (KB)
...
006 (13655293.266.000) 2023-09-06 05:23:37 Image size of job updated: 1306804
	1276  -  MemoryUsage of job (MB)
	1306548  -  ResidentSetSize of job (KB)
...
040 (13655293.266.000) 2023-09-06 05:23:37 Started transferring output files
...
040 (13655293.266.000) 2023-09-06 05:23:37 Finished transferring output files
...
005 (13655293.266.000) 2023-09-06 05:23:37 Job terminated.
	(1) Normal termination (return value 0)
		Usr 1 03:48:32, Sys 0 00:15:30  -  Run Remote Usage
		Usr 0 00:00:00, Sys 0 00:00:00  -  Run Local Usage
		Usr 1 03:48:32, Sys 0 00:15:30  -  Total Remote Usage
		Usr 0 00:00:00, Sys 0 00:00:00  -  Total Local Usage
	1309509  -  Run Bytes Sent By Job
	32652772  -  Run Bytes Received By Job
	1309509  -  Total Bytes Sent By Job
	32652772  -  Total Bytes Received By Job
	Partitionable Resources :     Usage  Request Allocated 
	   Cpus                 :      0.98        1         1 
	   Disk (KB)            : 274916      524288   1208198 
	   IoHeavy              :                            0 
	   Memory (MB)          :   1276        4096      4096 

	Job terminated of its own accord at 2023-09-06T10:23:37Z with exit-code 0.
...
