000 (13655293.261.000) 2023-09-05 00:33:11 Job submitted from host: <128.104.101.92:9618?addrs=128.104.101.92-9618+[2607-f388-107c-501-a236-9fff-fe3c-caa8]-9618&alias=submit2.chtc.wisc.edu&noUDP&sock=schedd_1879732_618e>
...
040 (13655293.261.000) 2023-09-05 00:47:09 Started transferring input files
	Transferring to host: <128.105.69.204:9618?addrs=128.105.69.204-9618+[2607-f388-2200-100-1270-fdff-fe56-b85c]-9618&alias=e4035.chtc.wisc.edu&noUDP&sock=slot1_62_3825352_4a9e_63558>
...
040 (13655293.261.000) 2023-09-05 00:47:11 Finished transferring input files
...
001 (13655293.261.000) 2023-09-05 00:47:17 Job executing on host: <128.105.69.204:9618?addrs=128.105.69.204-9618+[2607-f388-2200-100-1270-fdff-fe56-b85c]-9618&alias=e4035.chtc.wisc.edu&noUDP&sock=startd_11684_d4a5>
	SlotName: slot1_62@e4035.chtc.wisc.edu
	CondorScratchDir = "/var/lib/condor/execute/slot1/dir_4056590"
	Cpus = 1
	Disk = 1208198
	IoHeavy = 0
	Memory = 4096
...
006 (13655293.261.000) 2023-09-05 00:47:25 Image size of job updated: 656864
	642  -  MemoryUsage of job (MB)
	656864  -  ResidentSetSize of job (KB)
...
006 (13655293.261.000) 2023-09-05 00:52:25 Image size of job updated: 1283584
	1048  -  MemoryUsage of job (MB)
	1072572  -  ResidentSetSize of job (KB)
...
006 (13655293.261.000) 2023-09-05 00:57:26 Image size of job updated: 1283584
	1069  -  MemoryUsage of job (MB)
	1094308  -  ResidentSetSize of job (KB)
...
006 (13655293.261.000) 2023-09-05 01:02:26 Image size of job updated: 1283584
	1070  -  MemoryUsage of job (MB)
	1095328  -  ResidentSetSize of job (KB)
...
006 (13655293.261.000) 2023-09-05 01:07:26 Image size of job updated: 1283584
	1078  -  MemoryUsage of job (MB)
	1102864  -  ResidentSetSize of job (KB)
...
006 (13655293.261.000) 2023-09-05 01:37:29 Image size of job updated: 1283584
	1083  -  MemoryUsage of job (MB)
	1108904  -  ResidentSetSize of job (KB)
...
006 (13655293.261.000) 2023-09-05 01:47:30 Image size of job updated: 1283584
	1089  -  MemoryUsage of job (MB)
	1115084  -  ResidentSetSize of job (KB)
...
006 (13655293.261.000) 2023-09-05 23:08:36 Image size of job updated: 1405628
	1089  -  MemoryUsage of job (MB)
	1115084  -  ResidentSetSize of job (KB)
...
040 (13655293.261.000) 2023-09-05 23:08:36 Started transferring output files
...
040 (13655293.261.000) 2023-09-05 23:08:36 Finished transferring output files
...
005 (13655293.261.000) 2023-09-05 23:08:36 Job terminated.
	(1) Normal termination (return value 0)
		Usr 0 21:51:56, Sys 0 00:05:24  -  Run Remote Usage
		Usr 0 00:00:00, Sys 0 00:00:00  -  Run Local Usage
		Usr 0 21:51:56, Sys 0 00:05:24  -  Total Remote Usage
		Usr 0 00:00:00, Sys 0 00:00:00  -  Total Local Usage
	1309569  -  Run Bytes Sent By Job
	32652772  -  Run Bytes Received By Job
	1309569  -  Total Bytes Sent By Job
	32652772  -  Total Bytes Received By Job
	Partitionable Resources :     Usage  Request Allocated 
	   Cpus                 :      0.99        1         1 
	   Disk (KB)            : 274892      524288   1208198 
	   IoHeavy              :                            0 
	   Memory (MB)          :   1089        4096      4096 

	Job terminated of its own accord at 2023-09-06T04:08:36Z with exit-code 0.
...
