000 (13655293.354.000) 2023-09-05 00:33:11 Job submitted from host: <128.104.101.92:9618?addrs=128.104.101.92-9618+[2607-f388-107c-501-a236-9fff-fe3c-caa8]-9618&alias=submit2.chtc.wisc.edu&noUDP&sock=schedd_1879732_618e>
...
040 (13655293.354.000) 2023-09-05 00:53:57 Started transferring input files
	Transferring to host: <128.105.69.137:9618?addrs=128.105.69.137-9618+[2607-f388-2200-100-1270-fdff-fe56-d12c]-9618&alias=e4014.chtc.wisc.edu&noUDP&sock=slot1_77_1985361_2db7_52057>
...
001 (13655293.354.000) 2023-09-05 00:54:08 Job executing on host: <128.105.69.137:9618?addrs=128.105.69.137-9618+[2607-f388-2200-100-1270-fdff-fe56-d12c]-9618&alias=e4014.chtc.wisc.edu&noUDP&sock=startd_15862_9754>
	SlotName: slot1_77@e4014.chtc.wisc.edu
	CondorScratchDir = "/var/lib/condor/execute/slot1/dir_4086325"
	Cpus = 1
	Disk = 1208198
	IoHeavy = 0
	Memory = 4096
...
040 (13655293.354.000) 2023-09-05 00:54:08 Finished transferring input files
...
006 (13655293.354.000) 2023-09-05 00:54:16 Image size of job updated: 578156
	565  -  MemoryUsage of job (MB)
	578156  -  ResidentSetSize of job (KB)
...
006 (13655293.354.000) 2023-09-05 00:59:16 Image size of job updated: 1003712
	981  -  MemoryUsage of job (MB)
	1003712  -  ResidentSetSize of job (KB)
...
006 (13655293.354.000) 2023-09-05 01:04:16 Image size of job updated: 1175884
	981  -  MemoryUsage of job (MB)
	1003712  -  ResidentSetSize of job (KB)
...
006 (13655293.354.000) 2023-09-05 02:29:24 Image size of job updated: 1175884
	983  -  MemoryUsage of job (MB)
	1006164  -  ResidentSetSize of job (KB)
...
006 (13655293.354.000) 2023-09-05 03:54:32 Image size of job updated: 1175884
	985  -  MemoryUsage of job (MB)
	1008152  -  ResidentSetSize of job (KB)
...
006 (13655293.354.000) 2023-09-05 04:29:35 Image size of job updated: 1175884
	985  -  MemoryUsage of job (MB)
	1008408  -  ResidentSetSize of job (KB)
...
006 (13655293.354.000) 2023-09-05 05:04:39 Image size of job updated: 1175884
	987  -  MemoryUsage of job (MB)
	1010496  -  ResidentSetSize of job (KB)
...
006 (13655293.354.000) 2023-09-05 05:49:43 Image size of job updated: 1175884
	988  -  MemoryUsage of job (MB)
	1010752  -  ResidentSetSize of job (KB)
...
006 (13655293.354.000) 2023-09-05 07:34:53 Image size of job updated: 1175884
	988  -  MemoryUsage of job (MB)
	1010760  -  ResidentSetSize of job (KB)
...
006 (13655293.354.000) 2023-09-05 11:25:15 Image size of job updated: 1175884
	988  -  MemoryUsage of job (MB)
	1010780  -  ResidentSetSize of job (KB)
...
006 (13655293.354.000) 2023-09-05 11:45:19 Image size of job updated: 1175884
	988  -  MemoryUsage of job (MB)
	1010784  -  ResidentSetSize of job (KB)
...
006 (13655293.354.000) 2023-09-05 12:15:21 Image size of job updated: 1175884
	988  -  MemoryUsage of job (MB)
	1010788  -  ResidentSetSize of job (KB)
...
006 (13655293.354.000) 2023-09-05 12:45:24 Image size of job updated: 1175884
	988  -  MemoryUsage of job (MB)
	1010792  -  ResidentSetSize of job (KB)
...
006 (13655293.354.000) 2023-09-05 13:20:29 Image size of job updated: 1175884
	988  -  MemoryUsage of job (MB)
	1010796  -  ResidentSetSize of job (KB)
...
006 (13655293.354.000) 2023-09-05 14:25:34 Image size of job updated: 1175884
	988  -  MemoryUsage of job (MB)
	1010812  -  ResidentSetSize of job (KB)
...
006 (13655293.354.000) 2023-09-05 14:40:35 Image size of job updated: 1175884
	988  -  MemoryUsage of job (MB)
	1010816  -  ResidentSetSize of job (KB)
...
006 (13655293.354.000) 2023-09-05 15:10:38 Image size of job updated: 1175884
	988  -  MemoryUsage of job (MB)
	1010828  -  ResidentSetSize of job (KB)
...
006 (13655293.354.000) 2023-09-05 15:45:42 Image size of job updated: 1175884
	988  -  MemoryUsage of job (MB)
	1010840  -  ResidentSetSize of job (KB)
...
006 (13655293.354.000) 2023-09-05 16:30:47 Image size of job updated: 1175884
	988  -  MemoryUsage of job (MB)
	1010856  -  ResidentSetSize of job (KB)
...
006 (13655293.354.000) 2023-09-05 16:40:48 Image size of job updated: 1175884
	988  -  MemoryUsage of job (MB)
	1011112  -  ResidentSetSize of job (KB)
...
006 (13655293.354.000) 2023-09-05 19:06:02 Image size of job updated: 1175884
	988  -  MemoryUsage of job (MB)
	1011156  -  ResidentSetSize of job (KB)
...
006 (13655293.354.000) 2023-09-05 21:51:18 Image size of job updated: 1175884
	988  -  MemoryUsage of job (MB)
	1011168  -  ResidentSetSize of job (KB)
...
006 (13655293.354.000) 2023-09-05 22:06:19 Image size of job updated: 1175884
	988  -  MemoryUsage of job (MB)
	1011424  -  ResidentSetSize of job (KB)
...
006 (13655293.354.000) 2023-09-05 22:31:21 Image size of job updated: 1175884
	988  -  MemoryUsage of job (MB)
	1011568  -  ResidentSetSize of job (KB)
...
006 (13655293.354.000) 2023-09-05 23:01:23 Image size of job updated: 1175884
	989  -  MemoryUsage of job (MB)
	1011756  -  ResidentSetSize of job (KB)
...
006 (13655293.354.000) 2023-09-05 23:21:25 Image size of job updated: 1175884
	989  -  MemoryUsage of job (MB)
	1011808  -  ResidentSetSize of job (KB)
...
006 (13655293.354.000) 2023-09-05 23:25:38 Image size of job updated: 1308772
	989  -  MemoryUsage of job (MB)
	1011808  -  ResidentSetSize of job (KB)
...
040 (13655293.354.000) 2023-09-05 23:25:38 Started transferring output files
...
040 (13655293.354.000) 2023-09-05 23:25:38 Finished transferring output files
...
005 (13655293.354.000) 2023-09-05 23:25:38 Job terminated.
	(1) Normal termination (return value 0)
		Usr 0 22:07:35, Sys 0 00:04:22  -  Run Remote Usage
		Usr 0 00:00:00, Sys 0 00:00:00  -  Run Local Usage
		Usr 0 22:07:35, Sys 0 00:04:22  -  Total Remote Usage
		Usr 0 00:00:00, Sys 0 00:00:00  -  Total Local Usage
	1309589  -  Run Bytes Sent By Job
	32652772  -  Run Bytes Received By Job
	1309589  -  Total Bytes Sent By Job
	32652772  -  Total Bytes Received By Job
	Partitionable Resources :     Usage  Request Allocated 
	   Cpus                 :      0.99        1         1 
	   Disk (KB)            : 274896      524288   1208198 
	   IoHeavy              :                            0 
	   Memory (MB)          :    989        4096      4096 

	Job terminated of its own accord at 2023-09-06T04:25:38Z with exit-code 0.
...
