000 (13648508.040.000) 2023-09-04 23:50:03 Job submitted from host: <128.104.101.92:9618?addrs=128.104.101.92-9618+[2607-f388-107c-501-a236-9fff-fe3c-caa8]-9618&alias=submit2.chtc.wisc.edu&noUDP&sock=schedd_1879732_618e>
...
040 (13648508.040.000) 2023-09-05 00:07:01 Started transferring input files
	Transferring to host: <128.105.69.95:9618?addrs=128.105.69.95-9618+[2607-f388-2200-100-1270-fdff-fe56-bff4]-9618&alias=e4006.chtc.wisc.edu&noUDP&sock=slot1_60_3283200_297f_60160>
...
040 (13648508.040.000) 2023-09-05 00:07:03 Finished transferring input files
...
001 (13648508.040.000) 2023-09-05 00:07:04 Job executing on host: <128.105.69.95:9618?addrs=128.105.69.95-9618+[2607-f388-2200-100-1270-fdff-fe56-bff4]-9618&alias=e4006.chtc.wisc.edu&noUDP&sock=startd_2383497_450b>
	SlotName: slot1_60@e4006.chtc.wisc.edu
	CondorScratchDir = "/var/lib/condor/execute/slot1/dir_1106098"
	Cpus = 1
	Disk = 1208198
	IoHeavy = 0
	Memory = 4096
...
006 (13648508.040.000) 2023-09-05 00:07:13 Image size of job updated: 379612
	275  -  MemoryUsage of job (MB)
	281588  -  ResidentSetSize of job (KB)
...
040 (13648508.040.000) 2023-09-05 00:10:27 Started transferring output files
...
040 (13648508.040.000) 2023-09-05 00:10:27 Finished transferring output files
...
005 (13648508.040.000) 2023-09-05 00:10:27 Job terminated.
	(1) Normal termination (return value 0)
		Usr 0 00:03:17, Sys 0 00:00:01  -  Run Remote Usage
		Usr 0 00:00:00, Sys 0 00:00:00  -  Run Local Usage
		Usr 0 00:03:17, Sys 0 00:00:01  -  Total Remote Usage
		Usr 0 00:00:00, Sys 0 00:00:00  -  Total Local Usage
	30692  -  Run Bytes Sent By Job
	32665120  -  Run Bytes Received By Job
	30692  -  Total Bytes Sent By Job
	32665120  -  Total Bytes Received By Job
	Partitionable Resources :     Usage  Request Allocated 
	   Cpus                 :      0.98        1         1 
	   Disk (KB)            : 254943      524288   1208198 
	   IoHeavy              :                            0 
	   Memory (MB)          :    275        4096      4096 

	Job terminated of its own accord at 2023-09-05T05:10:27Z with exit-code 0.
...
