000 (13655293.473.000) 2023-09-05 00:33:11 Job submitted from host: <128.104.101.92:9618?addrs=128.104.101.92-9618+[2607-f388-107c-501-a236-9fff-fe3c-caa8]-9618&alias=submit2.chtc.wisc.edu&noUDP&sock=schedd_1879732_618e>
...
040 (13655293.473.000) 2023-09-05 00:56:34 Started transferring input files
	Transferring to host: <128.105.69.157:9618?addrs=128.105.69.157-9618+[2607-f388-2200-100-1270-fdff-fe56-c3a4]-9618&alias=e4090.chtc.wisc.edu&noUDP&sock=slot1_100_1363133_4360_49280>
...
001 (13655293.473.000) 2023-09-05 00:56:49 Job executing on host: <128.105.69.157:9618?addrs=128.105.69.157-9618+[2607-f388-2200-100-1270-fdff-fe56-c3a4]-9618&alias=e4090.chtc.wisc.edu&noUDP&sock=startd_18322_f24e>
	SlotName: slot1_100@e4090.chtc.wisc.edu
	CondorScratchDir = "/var/lib/condor/execute/slot1/dir_555374"
	Cpus = 1
	Disk = 1208198
	IoHeavy = 0
	Memory = 4096
...
040 (13655293.473.000) 2023-09-05 00:56:49 Finished transferring input files
...
006 (13655293.473.000) 2023-09-05 00:56:57 Image size of job updated: 623432
	609  -  MemoryUsage of job (MB)
	623396  -  ResidentSetSize of job (KB)
...
006 (13655293.473.000) 2023-09-05 01:01:57 Image size of job updated: 1204312
	866  -  MemoryUsage of job (MB)
	886044  -  ResidentSetSize of job (KB)
...
006 (13655293.473.000) 2023-09-05 01:06:58 Image size of job updated: 1284372
	1043  -  MemoryUsage of job (MB)
	1067724  -  ResidentSetSize of job (KB)
...
006 (13655293.473.000) 2023-09-05 01:12:00 Image size of job updated: 1284372
	1079  -  MemoryUsage of job (MB)
	1104000  -  ResidentSetSize of job (KB)
...
006 (13655293.473.000) 2023-09-05 01:17:01 Image size of job updated: 1284372
	1082  -  MemoryUsage of job (MB)
	1107328  -  ResidentSetSize of job (KB)
...
006 (13655293.473.000) 2023-09-05 02:37:09 Image size of job updated: 1284372
	1089  -  MemoryUsage of job (MB)
	1115028  -  ResidentSetSize of job (KB)
...
006 (13655293.473.000) 2023-09-05 02:57:12 Image size of job updated: 1284372
	1090  -  MemoryUsage of job (MB)
	1115144  -  ResidentSetSize of job (KB)
...
006 (13655293.473.000) 2023-09-05 23:27:23 Image size of job updated: 1407120
	1090  -  MemoryUsage of job (MB)
	1115144  -  ResidentSetSize of job (KB)
...
040 (13655293.473.000) 2023-09-05 23:27:23 Started transferring output files
...
040 (13655293.473.000) 2023-09-05 23:27:23 Finished transferring output files
...
005 (13655293.473.000) 2023-09-05 23:27:23 Job terminated.
	(1) Normal termination (return value 0)
		Usr 0 22:11:58, Sys 0 00:02:54  -  Run Remote Usage
		Usr 0 00:00:00, Sys 0 00:00:00  -  Run Local Usage
		Usr 0 22:11:58, Sys 0 00:02:54  -  Total Remote Usage
		Usr 0 00:00:00, Sys 0 00:00:00  -  Total Local Usage
	1309602  -  Run Bytes Sent By Job
	32652772  -  Run Bytes Received By Job
	1309602  -  Total Bytes Sent By Job
	32652772  -  Total Bytes Received By Job
	Partitionable Resources :     Usage  Request Allocated 
	   Cpus                 :      0.99        1         1 
	   Disk (KB)            : 274885      524288   1208198 
	   IoHeavy              :                            0 
	   Memory (MB)          :   1090        4096      4096 

	Job terminated of its own accord at 2023-09-06T04:27:23Z with exit-code 0.
...
