000 (13655293.051.000) 2023-09-05 00:33:11 Job submitted from host: <128.104.101.92:9618?addrs=128.104.101.92-9618+[2607-f388-107c-501-a236-9fff-fe3c-caa8]-9618&alias=submit2.chtc.wisc.edu&noUDP&sock=schedd_1879732_618e>
...
040 (13655293.051.000) 2023-09-05 00:36:10 Started transferring input files
	Transferring to host: <128.105.69.224:9618?addrs=128.105.69.224-9618+[2607-f388-2200-100-eaeb-d3ff-fe40-1574]-9618&alias=e2607.chtc.wisc.edu&noUDP&sock=slot1_43_1087982_7e0c_42244>
...
040 (13655293.051.000) 2023-09-05 00:36:11 Finished transferring input files
...
001 (13655293.051.000) 2023-09-05 00:36:17 Job executing on host: <128.105.69.224:9618?addrs=128.105.69.224-9618+[2607-f388-2200-100-eaeb-d3ff-fe40-1574]-9618&alias=e2607.chtc.wisc.edu&noUDP&sock=startd_11673_491a>
	SlotName: slot1_43@e2607.chtc.wisc.edu
	CondorScratchDir = "/var/lib/condor/execute/slot1/dir_2320326"
	Cpus = 1
	Disk = 1458998
	IoHeavy = 0
	Memory = 4096
...
006 (13655293.051.000) 2023-09-05 00:36:27 Image size of job updated: 584192
	571  -  MemoryUsage of job (MB)
	584192  -  ResidentSetSize of job (KB)
...
006 (13655293.051.000) 2023-09-05 00:41:27 Image size of job updated: 1177776
	949  -  MemoryUsage of job (MB)
	971688  -  ResidentSetSize of job (KB)
...
006 (13655293.051.000) 2023-09-05 00:46:27 Image size of job updated: 1177776
	970  -  MemoryUsage of job (MB)
	993176  -  ResidentSetSize of job (KB)
...
006 (13655293.051.000) 2023-09-05 00:51:28 Image size of job updated: 1177776
	972  -  MemoryUsage of job (MB)
	995108  -  ResidentSetSize of job (KB)
...
006 (13655293.051.000) 2023-09-05 00:56:28 Image size of job updated: 1177776
	973  -  MemoryUsage of job (MB)
	995880  -  ResidentSetSize of job (KB)
...
006 (13655293.051.000) 2023-09-05 01:41:33 Image size of job updated: 1177776
	977  -  MemoryUsage of job (MB)
	1000140  -  ResidentSetSize of job (KB)
...
006 (13655293.051.000) 2023-09-05 01:56:35 Image size of job updated: 1177776
	977  -  MemoryUsage of job (MB)
	1000284  -  ResidentSetSize of job (KB)
...
006 (13655293.051.000) 2023-09-05 02:01:35 Image size of job updated: 1177776
	981  -  MemoryUsage of job (MB)
	1003972  -  ResidentSetSize of job (KB)
...
006 (13655293.051.000) 2023-09-05 03:11:42 Image size of job updated: 1177776
	983  -  MemoryUsage of job (MB)
	1006312  -  ResidentSetSize of job (KB)
...
006 (13655293.051.000) 2023-09-05 05:16:55 Image size of job updated: 1177776
	987  -  MemoryUsage of job (MB)
	1009708  -  ResidentSetSize of job (KB)
...
006 (13655293.051.000) 2023-09-05 06:07:01 Image size of job updated: 1177776
	987  -  MemoryUsage of job (MB)
	1009796  -  ResidentSetSize of job (KB)
...
006 (13655293.051.000) 2023-09-06 01:54:00 Image size of job updated: 1268696
	1098  -  MemoryUsage of job (MB)
	1123944  -  ResidentSetSize of job (KB)
...
040 (13655293.051.000) 2023-09-06 01:54:09 Started transferring output files
...
040 (13655293.051.000) 2023-09-06 01:54:09 Finished transferring output files
...
005 (13655293.051.000) 2023-09-06 01:54:09 Job terminated.
	(1) Normal termination (return value 0)
		Usr 1 00:52:18, Sys 0 00:05:39  -  Run Remote Usage
		Usr 0 00:00:00, Sys 0 00:00:00  -  Run Local Usage
		Usr 1 00:52:18, Sys 0 00:05:39  -  Total Remote Usage
		Usr 0 00:00:00, Sys 0 00:00:00  -  Total Local Usage
	1309646  -  Run Bytes Sent By Job
	32652772  -  Run Bytes Received By Job
	1309646  -  Total Bytes Sent By Job
	32652772  -  Total Bytes Received By Job
	Partitionable Resources :     Usage  Request Allocated 
	   Cpus                 :      0.89        1         1 
	   Disk (KB)            : 274915      524288   1458998 
	   IoHeavy              :                            0 
	   Memory (MB)          :   1098        4096      4096 

	Job terminated of its own accord at 2023-09-06T06:54:09Z with exit-code 0.
...
