000 (13655293.272.000) 2023-09-05 00:33:11 Job submitted from host: <128.104.101.92:9618?addrs=128.104.101.92-9618+[2607-f388-107c-501-a236-9fff-fe3c-caa8]-9618&alias=submit2.chtc.wisc.edu&noUDP&sock=schedd_1879732_618e>
...
040 (13655293.272.000) 2023-09-05 00:51:28 Started transferring input files
	Transferring to host: <128.105.69.139:9618?addrs=128.105.69.139-9618+[2607-f388-2200-100-1270-fdff-fe56-79fc]-9618&alias=e4016.chtc.wisc.edu&noUDP&sock=slot1_76_3874560_c76f_62418>
...
040 (13655293.272.000) 2023-09-05 00:51:30 Finished transferring input files
...
001 (13655293.272.000) 2023-09-05 00:51:31 Job executing on host: <128.105.69.139:9618?addrs=128.105.69.139-9618+[2607-f388-2200-100-1270-fdff-fe56-79fc]-9618&alias=e4016.chtc.wisc.edu&noUDP&sock=startd_15800_1075>
	SlotName: slot1_76@e4016.chtc.wisc.edu
	CondorScratchDir = "/var/lib/condor/execute/slot1/dir_2421349"
	Cpus = 1
	Disk = 1208198
	IoHeavy = 0
	Memory = 4096
...
006 (13655293.272.000) 2023-09-05 00:51:40 Image size of job updated: 698316
	682  -  MemoryUsage of job (MB)
	698312  -  ResidentSetSize of job (KB)
...
006 (13655293.272.000) 2023-09-05 00:56:41 Image size of job updated: 1285420
	1055  -  MemoryUsage of job (MB)
	1079872  -  ResidentSetSize of job (KB)
...
006 (13655293.272.000) 2023-09-05 01:01:42 Image size of job updated: 1285420
	1079  -  MemoryUsage of job (MB)
	1104248  -  ResidentSetSize of job (KB)
...
006 (13655293.272.000) 2023-09-05 02:06:48 Image size of job updated: 1285420
	1082  -  MemoryUsage of job (MB)
	1107800  -  ResidentSetSize of job (KB)
...
006 (13655293.272.000) 2023-09-05 02:11:49 Image size of job updated: 1285420
	1086  -  MemoryUsage of job (MB)
	1111640  -  ResidentSetSize of job (KB)
...
006 (13655293.272.000) 2023-09-05 02:31:50 Image size of job updated: 1285420
	1086  -  MemoryUsage of job (MB)
	1111816  -  ResidentSetSize of job (KB)
...
006 (13655293.272.000) 2023-09-05 04:57:05 Image size of job updated: 1285420
	1088  -  MemoryUsage of job (MB)
	1113360  -  ResidentSetSize of job (KB)
...
006 (13655293.272.000) 2023-09-05 22:25:00 Image size of job updated: 1384364
	1088  -  MemoryUsage of job (MB)
	1113360  -  ResidentSetSize of job (KB)
...
040 (13655293.272.000) 2023-09-05 22:25:00 Started transferring output files
...
040 (13655293.272.000) 2023-09-05 22:25:00 Finished transferring output files
...
005 (13655293.272.000) 2023-09-05 22:25:00 Job terminated.
	(1) Normal termination (return value 0)
		Usr 0 21:08:53, Sys 0 00:03:45  -  Run Remote Usage
		Usr 0 00:00:00, Sys 0 00:00:00  -  Run Local Usage
		Usr 0 21:08:53, Sys 0 00:03:45  -  Total Remote Usage
		Usr 0 00:00:00, Sys 0 00:00:00  -  Total Local Usage
	1309522  -  Run Bytes Sent By Job
	32652772  -  Run Bytes Received By Job
	1309522  -  Total Bytes Sent By Job
	32652772  -  Total Bytes Received By Job
	Partitionable Resources :     Usage  Request Allocated 
	   Cpus                 :      0.99        1         1 
	   Disk (KB)            : 274908      524288   1208198 
	   IoHeavy              :                            0 
	   Memory (MB)          :   1088        4096      4096 

	Job terminated of its own accord at 2023-09-06T03:25:00Z with exit-code 0.
...
