000 (13655293.034.000) 2023-09-05 00:33:11 Job submitted from host: <128.104.101.92:9618?addrs=128.104.101.92-9618+[2607-f388-107c-501-a236-9fff-fe3c-caa8]-9618&alias=submit2.chtc.wisc.edu&noUDP&sock=schedd_1879732_618e>
...
040 (13655293.034.000) 2023-09-05 00:36:07 Started transferring input files
	Transferring to host: <128.105.69.171:9618?addrs=128.105.69.171-9618+[2607-f388-2200-100-1270-fdff-fe56-76ac]-9618&alias=e2554.chtc.wisc.edu&noUDP&sock=slot1_9_1826531_133c_47888>
...
040 (13655293.034.000) 2023-09-05 00:36:09 Finished transferring input files
...
001 (13655293.034.000) 2023-09-05 00:36:12 Job executing on host: <128.105.69.171:9618?addrs=128.105.69.171-9618+[2607-f388-2200-100-1270-fdff-fe56-76ac]-9618&alias=e2554.chtc.wisc.edu&noUDP&sock=startd_14106_1f06>
	SlotName: slot1_9@e2554.chtc.wisc.edu
	CondorScratchDir = "/var/lib/condor/execute/slot1/dir_1565242"
	Cpus = 1
	Disk = 1208198
	IoHeavy = 0
	Memory = 4096
...
006 (13655293.034.000) 2023-09-05 00:36:20 Image size of job updated: 633960
	620  -  MemoryUsage of job (MB)
	633960  -  ResidentSetSize of job (KB)
...
006 (13655293.034.000) 2023-09-05 00:41:20 Image size of job updated: 1253956
	1028  -  MemoryUsage of job (MB)
	1052324  -  ResidentSetSize of job (KB)
...
006 (13655293.034.000) 2023-09-05 00:46:20 Image size of job updated: 1253956
	1048  -  MemoryUsage of job (MB)
	1072292  -  ResidentSetSize of job (KB)
...
006 (13655293.034.000) 2023-09-05 01:06:22 Image size of job updated: 1253956
	1052  -  MemoryUsage of job (MB)
	1077084  -  ResidentSetSize of job (KB)
...
006 (13655293.034.000) 2023-09-05 01:11:22 Image size of job updated: 1253956
	1056  -  MemoryUsage of job (MB)
	1081180  -  ResidentSetSize of job (KB)
...
006 (13655293.034.000) 2023-09-05 01:41:24 Image size of job updated: 1253956
	1061  -  MemoryUsage of job (MB)
	1085520  -  ResidentSetSize of job (KB)
...
006 (13655293.034.000) 2023-09-05 02:11:28 Image size of job updated: 1253956
	1064  -  MemoryUsage of job (MB)
	1088940  -  ResidentSetSize of job (KB)
...
006 (13655293.034.000) 2023-09-06 03:01:59 Image size of job updated: 1375432
	1064  -  MemoryUsage of job (MB)
	1088940  -  ResidentSetSize of job (KB)
...
040 (13655293.034.000) 2023-09-06 03:01:59 Started transferring output files
...
040 (13655293.034.000) 2023-09-06 03:01:59 Finished transferring output files
...
005 (13655293.034.000) 2023-09-06 03:01:59 Job terminated.
	(1) Normal termination (return value 0)
		Usr 1 01:48:29, Sys 0 00:07:06  -  Run Remote Usage
		Usr 0 00:00:00, Sys 0 00:00:00  -  Run Local Usage
		Usr 1 01:48:29, Sys 0 00:07:06  -  Total Remote Usage
		Usr 0 00:00:00, Sys 0 00:00:00  -  Total Local Usage
	1309706  -  Run Bytes Sent By Job
	32652772  -  Run Bytes Received By Job
	1309706  -  Total Bytes Sent By Job
	32652772  -  Total Bytes Received By Job
	Partitionable Resources :     Usage  Request Allocated 
	   Cpus                 :      0.98        1         1 
	   Disk (KB)            : 274906      524288   1208198 
	   IoHeavy              :                            0 
	   Memory (MB)          :   1064        4096      4096 

	Job terminated of its own accord at 2023-09-06T08:01:59Z with exit-code 0.
...
