000 (13655293.064.000) 2023-09-05 00:33:11 Job submitted from host: <128.104.101.92:9618?addrs=128.104.101.92-9618+[2607-f388-107c-501-a236-9fff-fe3c-caa8]-9618&alias=submit2.chtc.wisc.edu&noUDP&sock=schedd_1879732_618e>
...
040 (13655293.064.000) 2023-09-05 00:36:12 Started transferring input files
	Transferring to host: <128.105.69.204:9618?addrs=128.105.69.204-9618+[2607-f388-2200-100-1270-fdff-fe56-b85c]-9618&alias=e4035.chtc.wisc.edu&noUDP&sock=slot1_84_3825352_4a9e_63514>
...
040 (13655293.064.000) 2023-09-05 00:36:14 Finished transferring input files
...
001 (13655293.064.000) 2023-09-05 00:36:21 Job executing on host: <128.105.69.204:9618?addrs=128.105.69.204-9618+[2607-f388-2200-100-1270-fdff-fe56-b85c]-9618&alias=e4035.chtc.wisc.edu&noUDP&sock=startd_11684_d4a5>
	SlotName: slot1_84@e4035.chtc.wisc.edu
	CondorScratchDir = "/var/lib/condor/execute/slot1/dir_4035622"
	Cpus = 1
	Disk = 1208198
	IoHeavy = 0
	Memory = 4096
...
006 (13655293.064.000) 2023-09-05 00:36:30 Image size of job updated: 609536
	596  -  MemoryUsage of job (MB)
	609536  -  ResidentSetSize of job (KB)
...
006 (13655293.064.000) 2023-09-05 00:41:31 Image size of job updated: 1161104
	954  -  MemoryUsage of job (MB)
	976200  -  ResidentSetSize of job (KB)
...
006 (13655293.064.000) 2023-09-05 00:46:31 Image size of job updated: 1161104
	977  -  MemoryUsage of job (MB)
	999964  -  ResidentSetSize of job (KB)
...
006 (13655293.064.000) 2023-09-05 01:01:33 Image size of job updated: 1161104
	981  -  MemoryUsage of job (MB)
	1004396  -  ResidentSetSize of job (KB)
...
006 (13655293.064.000) 2023-09-05 04:41:53 Image size of job updated: 1161104
	984  -  MemoryUsage of job (MB)
	1007032  -  ResidentSetSize of job (KB)
...
006 (13655293.064.000) 2023-09-05 06:57:08 Image size of job updated: 1161104
	984  -  MemoryUsage of job (MB)
	1007072  -  ResidentSetSize of job (KB)
...
006 (13655293.064.000) 2023-09-05 11:07:32 Image size of job updated: 1161104
	984  -  MemoryUsage of job (MB)
	1007088  -  ResidentSetSize of job (KB)
...
006 (13655293.064.000) 2023-09-05 12:37:41 Image size of job updated: 1161104
	984  -  MemoryUsage of job (MB)
	1007096  -  ResidentSetSize of job (KB)
...
006 (13655293.064.000) 2023-09-05 15:12:56 Image size of job updated: 1161104
	984  -  MemoryUsage of job (MB)
	1007116  -  ResidentSetSize of job (KB)
...
006 (13655293.064.000) 2023-09-05 15:37:59 Image size of job updated: 1161104
	984  -  MemoryUsage of job (MB)
	1007120  -  ResidentSetSize of job (KB)
...
006 (13655293.064.000) 2023-09-05 16:18:04 Image size of job updated: 1161104
	984  -  MemoryUsage of job (MB)
	1007132  -  ResidentSetSize of job (KB)
...
006 (13655293.064.000) 2023-09-05 16:48:06 Image size of job updated: 1161104
	984  -  MemoryUsage of job (MB)
	1007144  -  ResidentSetSize of job (KB)
...
006 (13655293.064.000) 2023-09-05 17:23:11 Image size of job updated: 1161104
	984  -  MemoryUsage of job (MB)
	1007152  -  ResidentSetSize of job (KB)
...
006 (13655293.064.000) 2023-09-05 17:38:12 Image size of job updated: 1161104
	984  -  MemoryUsage of job (MB)
	1007160  -  ResidentSetSize of job (KB)
...
006 (13655293.064.000) 2023-09-05 18:18:16 Image size of job updated: 1161104
	984  -  MemoryUsage of job (MB)
	1007164  -  ResidentSetSize of job (KB)
...
006 (13655293.064.000) 2023-09-05 18:33:18 Image size of job updated: 1161104
	984  -  MemoryUsage of job (MB)
	1007168  -  ResidentSetSize of job (KB)
...
006 (13655293.064.000) 2023-09-05 18:38:18 Image size of job updated: 1161104
	984  -  MemoryUsage of job (MB)
	1007424  -  ResidentSetSize of job (KB)
...
006 (13655293.064.000) 2023-09-05 18:48:19 Image size of job updated: 1161104
	984  -  MemoryUsage of job (MB)
	1007428  -  ResidentSetSize of job (KB)
...
006 (13655293.064.000) 2023-09-05 21:43:36 Image size of job updated: 1161104
	984  -  MemoryUsage of job (MB)
	1007588  -  ResidentSetSize of job (KB)
...
006 (13655293.064.000) 2023-09-05 22:23:39 Image size of job updated: 1161104
	985  -  MemoryUsage of job (MB)
	1007656  -  ResidentSetSize of job (KB)
...
006 (13655293.064.000) 2023-09-05 23:48:48 Image size of job updated: 1161104
	985  -  MemoryUsage of job (MB)
	1007740  -  ResidentSetSize of job (KB)
...
006 (13655293.064.000) 2023-09-05 23:53:48 Image size of job updated: 1161104
	985  -  MemoryUsage of job (MB)
	1007772  -  ResidentSetSize of job (KB)
...
006 (13655293.064.000) 2023-09-06 00:03:49 Image size of job updated: 1161104
	985  -  MemoryUsage of job (MB)
	1008012  -  ResidentSetSize of job (KB)
...
006 (13655293.064.000) 2023-09-06 00:22:30 Image size of job updated: 1306416
	985  -  MemoryUsage of job (MB)
	1008012  -  ResidentSetSize of job (KB)
...
040 (13655293.064.000) 2023-09-06 00:22:30 Started transferring output files
...
040 (13655293.064.000) 2023-09-06 00:22:30 Finished transferring output files
...
005 (13655293.064.000) 2023-09-06 00:22:31 Job terminated.
	(1) Normal termination (return value 0)
		Usr 0 23:15:17, Sys 0 00:05:49  -  Run Remote Usage
		Usr 0 00:00:00, Sys 0 00:00:00  -  Run Local Usage
		Usr 0 23:15:17, Sys 0 00:05:49  -  Total Remote Usage
		Usr 0 00:00:00, Sys 0 00:00:00  -  Total Local Usage
	1309649  -  Run Bytes Sent By Job
	32652772  -  Run Bytes Received By Job
	1309649  -  Total Bytes Sent By Job
	32652772  -  Total Bytes Received By Job
	Partitionable Resources :     Usage  Request Allocated 
	   Cpus                 :      0.99        1         1 
	   Disk (KB)            : 274898      524288   1208198 
	   IoHeavy              :                            0 
	   Memory (MB)          :    985        4096      4096 

	Job terminated of its own accord at 2023-09-06T05:22:30Z with exit-code 0.
...
