000 (13655293.424.000) 2023-09-05 00:33:11 Job submitted from host: <128.104.101.92:9618?addrs=128.104.101.92-9618+[2607-f388-107c-501-a236-9fff-fe3c-caa8]-9618&alias=submit2.chtc.wisc.edu&noUDP&sock=schedd_1879732_618e>
...
040 (13655293.424.000) 2023-09-05 00:57:03 Started transferring input files
	Transferring to host: <128.105.69.137:9618?addrs=128.105.69.137-9618+[2607-f388-2200-100-1270-fdff-fe56-d12c]-9618&alias=e4014.chtc.wisc.edu&noUDP&sock=slot1_28_1985361_2db7_52086>
...
001 (13655293.424.000) 2023-09-05 00:57:21 Job executing on host: <128.105.69.137:9618?addrs=128.105.69.137-9618+[2607-f388-2200-100-1270-fdff-fe56-d12c]-9618&alias=e4014.chtc.wisc.edu&noUDP&sock=startd_15862_9754>
	SlotName: slot1_28@e4014.chtc.wisc.edu
	CondorScratchDir = "/var/lib/condor/execute/slot1/dir_4101532"
	Cpus = 1
	Disk = 1208198
	IoHeavy = 0
	Memory = 4096
...
040 (13655293.424.000) 2023-09-05 00:57:21 Finished transferring input files
...
006 (13655293.424.000) 2023-09-05 00:57:29 Image size of job updated: 624032
	610  -  MemoryUsage of job (MB)
	624032  -  ResidentSetSize of job (KB)
...
006 (13655293.424.000) 2023-09-05 01:02:29 Image size of job updated: 1062784
	1038  -  MemoryUsage of job (MB)
	1062784  -  ResidentSetSize of job (KB)
...
006 (13655293.424.000) 2023-09-05 01:07:30 Image size of job updated: 1267088
	1238  -  MemoryUsage of job (MB)
	1266964  -  ResidentSetSize of job (KB)
...
006 (13655293.424.000) 2023-09-05 01:12:30 Image size of job updated: 1285620
	1238  -  MemoryUsage of job (MB)
	1266964  -  ResidentSetSize of job (KB)
...
006 (13655293.424.000) 2023-09-06 00:00:42 Image size of job updated: 1411804
	1238  -  MemoryUsage of job (MB)
	1266964  -  ResidentSetSize of job (KB)
...
040 (13655293.424.000) 2023-09-06 00:00:42 Started transferring output files
...
040 (13655293.424.000) 2023-09-06 00:00:42 Finished transferring output files
...
005 (13655293.424.000) 2023-09-06 00:00:42 Job terminated.
	(1) Normal termination (return value 0)
		Usr 0 22:38:18, Sys 0 00:04:31  -  Run Remote Usage
		Usr 0 00:00:00, Sys 0 00:00:00  -  Run Local Usage
		Usr 0 22:38:18, Sys 0 00:04:31  -  Total Remote Usage
		Usr 0 00:00:00, Sys 0 00:00:00  -  Total Local Usage
	1309665  -  Run Bytes Sent By Job
	32652772  -  Run Bytes Received By Job
	1309665  -  Total Bytes Sent By Job
	32652772  -  Total Bytes Received By Job
	Partitionable Resources :     Usage  Request Allocated 
	   Cpus                 :      0.99        1         1 
	   Disk (KB)            : 274915      524288   1208198 
	   IoHeavy              :                            0 
	   Memory (MB)          :   1238        4096      4096 

	Job terminated of its own accord at 2023-09-06T05:00:42Z with exit-code 0.
...
