000 (13655293.203.000) 2023-09-05 00:33:11 Job submitted from host: <128.104.101.92:9618?addrs=128.104.101.92-9618+[2607-f388-107c-501-a236-9fff-fe3c-caa8]-9618&alias=submit2.chtc.wisc.edu&noUDP&sock=schedd_1879732_618e>
...
040 (13655293.203.000) 2023-09-05 00:43:12 Started transferring input files
	Transferring to host: <128.105.69.185:9618?addrs=128.105.69.185-9618+[2607-f388-2200-100-1270-fdff-fe56-c0d4]-9618&alias=e4037.chtc.wisc.edu&noUDP&sock=slot1_37_2954895_96f9_64240>
...
040 (13655293.203.000) 2023-09-05 00:43:14 Finished transferring input files
...
001 (13655293.203.000) 2023-09-05 00:43:16 Job executing on host: <128.105.69.185:9618?addrs=128.105.69.185-9618+[2607-f388-2200-100-1270-fdff-fe56-c0d4]-9618&alias=e4037.chtc.wisc.edu&noUDP&sock=startd_16018_981a>
	SlotName: slot1_37@e4037.chtc.wisc.edu
	CondorScratchDir = "/var/lib/condor/execute/slot1/dir_1517538"
	Cpus = 1
	Disk = 1208198
	IoHeavy = 0
	Memory = 4096
...
006 (13655293.203.000) 2023-09-05 00:43:24 Image size of job updated: 645180
	631  -  MemoryUsage of job (MB)
	645176  -  ResidentSetSize of job (KB)
...
006 (13655293.203.000) 2023-09-05 00:48:24 Image size of job updated: 1187680
	965  -  MemoryUsage of job (MB)
	987836  -  ResidentSetSize of job (KB)
...
006 (13655293.203.000) 2023-09-05 00:53:24 Image size of job updated: 1187680
	979  -  MemoryUsage of job (MB)
	1001516  -  ResidentSetSize of job (KB)
...
006 (13655293.203.000) 2023-09-05 01:08:25 Image size of job updated: 1187680
	987  -  MemoryUsage of job (MB)
	1010096  -  ResidentSetSize of job (KB)
...
006 (13655293.203.000) 2023-09-05 01:28:27 Image size of job updated: 1187680
	989  -  MemoryUsage of job (MB)
	1011864  -  ResidentSetSize of job (KB)
...
006 (13655293.203.000) 2023-09-05 03:43:40 Image size of job updated: 1187680
	993  -  MemoryUsage of job (MB)
	1016448  -  ResidentSetSize of job (KB)
...
006 (13655293.203.000) 2023-09-05 23:03:33 Image size of job updated: 1285020
	993  -  MemoryUsage of job (MB)
	1016448  -  ResidentSetSize of job (KB)
...
040 (13655293.203.000) 2023-09-05 23:03:33 Started transferring output files
...
040 (13655293.203.000) 2023-09-05 23:03:33 Finished transferring output files
...
005 (13655293.203.000) 2023-09-05 23:03:33 Job terminated.
	(1) Normal termination (return value 0)
		Usr 0 21:57:41, Sys 0 00:02:47  -  Run Remote Usage
		Usr 0 00:00:00, Sys 0 00:00:00  -  Run Local Usage
		Usr 0 21:57:41, Sys 0 00:02:47  -  Total Remote Usage
		Usr 0 00:00:00, Sys 0 00:00:00  -  Total Local Usage
	1309566  -  Run Bytes Sent By Job
	32652772  -  Run Bytes Received By Job
	1309566  -  Total Bytes Sent By Job
	32652772  -  Total Bytes Received By Job
	Partitionable Resources :     Usage  Request Allocated 
	   Cpus                 :      0.98        1         1 
	   Disk (KB)            : 274904      524288   1208198 
	   IoHeavy              :                            0 
	   Memory (MB)          :    993        4096      4096 

	Job terminated of its own accord at 2023-09-06T04:03:33Z with exit-code 0.
...
