000 (14269004.049.000) 2023-09-11 03:23:01 Job submitted from host: <128.104.101.92:9618?addrs=128.104.101.92-9618+[2607-f388-107c-501-a236-9fff-fe3c-caa8]-9618&alias=submit2.chtc.wisc.edu&noUDP&sock=schedd_1879732_618e>
...
040 (14269004.049.000) 2023-09-11 03:27:34 Started transferring input files
	Transferring to host: <128.105.69.215:9618?addrs=128.105.69.215-9618+[2607-f388-2200-100-eaeb-d3ff-fe40-154c]-9618&alias=e2598.chtc.wisc.edu&noUDP&sock=slot1_93_519391_b21a_100286>
...
040 (14269004.049.000) 2023-09-11 03:27:36 Finished transferring input files
...
001 (14269004.049.000) 2023-09-11 03:27:38 Job executing on host: <128.105.69.215:9618?addrs=128.105.69.215-9618+[2607-f388-2200-100-eaeb-d3ff-fe40-154c]-9618&alias=e2598.chtc.wisc.edu&noUDP&sock=startd_18687_4e60>
	SlotName: slot1_93@e2598.chtc.wisc.edu
	CondorScratchDir = "/var/lib/condor/execute/slot1/dir_1624721"
	Cpus = 1
	Disk = 1458998
	IoHeavy = 0
	Memory = 4096
...
006 (14269004.049.000) 2023-09-11 03:27:46 Image size of job updated: 273708
	169  -  MemoryUsage of job (MB)
	172356  -  ResidentSetSize of job (KB)
...
040 (14269004.049.000) 2023-09-11 03:28:42 Started transferring output files
...
040 (14269004.049.000) 2023-09-11 03:28:42 Finished transferring output files
...
005 (14269004.049.000) 2023-09-11 03:28:43 Job terminated.
	(1) Normal termination (return value 0)
		Usr 0 00:01:01, Sys 0 00:00:00  -  Run Remote Usage
		Usr 0 00:00:00, Sys 0 00:00:00  -  Run Local Usage
		Usr 0 00:01:01, Sys 0 00:00:00  -  Total Remote Usage
		Usr 0 00:00:00, Sys 0 00:00:00  -  Total Local Usage
	104065  -  Run Bytes Sent By Job
	32664898  -  Run Bytes Received By Job
	104065  -  Total Bytes Sent By Job
	32664898  -  Total Bytes Received By Job
	Partitionable Resources :    Usage  Request Allocated 
	   Cpus                 :                 1         1 
	   Disk (KB)            :   255006   524288   1458998 
	   IoHeavy              :                           0 
	   Memory (MB)          :      169     4096      4096 

	Job terminated of its own accord at 2023-09-11T08:28:42Z with exit-code 0.
...
