000 (13655293.483.000) 2023-09-05 00:33:11 Job submitted from host: <128.104.101.92:9618?addrs=128.104.101.92-9618+[2607-f388-107c-501-a236-9fff-fe3c-caa8]-9618&alias=submit2.chtc.wisc.edu&noUDP&sock=schedd_1879732_618e>
...
040 (13655293.483.000) 2023-09-05 00:57:27 Started transferring input files
	Transferring to host: <128.105.69.221:9618?addrs=128.105.69.221-9618+[2607-f388-2200-100-eaeb-d3ff-fe40-2304]-9618&alias=e2604.chtc.wisc.edu&noUDP&sock=slot1_97_1223419_1c6f_62205>
...
040 (13655293.483.000) 2023-09-05 00:57:35 Finished transferring input files
...
001 (13655293.483.000) 2023-09-05 00:58:13 Job executing on host: <128.105.69.221:9618?addrs=128.105.69.221-9618+[2607-f388-2200-100-eaeb-d3ff-fe40-2304]-9618&alias=e2604.chtc.wisc.edu&noUDP&sock=startd_18650_ed5f>
	SlotName: slot1_97@e2604.chtc.wisc.edu
	CondorScratchDir = "/var/lib/condor/execute/slot1/dir_4163290"
	Cpus = 1
	Disk = 1458998
	IoHeavy = 0
	Memory = 4096
...
006 (13655293.483.000) 2023-09-05 00:58:22 Image size of job updated: 600148
	587  -  MemoryUsage of job (MB)
	600148  -  ResidentSetSize of job (KB)
...
006 (13655293.483.000) 2023-09-05 01:03:23 Image size of job updated: 1173320
	962  -  MemoryUsage of job (MB)
	984480  -  ResidentSetSize of job (KB)
...
006 (13655293.483.000) 2023-09-05 01:08:23 Image size of job updated: 1173320
	969  -  MemoryUsage of job (MB)
	991276  -  ResidentSetSize of job (KB)
...
006 (13655293.483.000) 2023-09-05 01:13:24 Image size of job updated: 1173320
	973  -  MemoryUsage of job (MB)
	996168  -  ResidentSetSize of job (KB)
...
006 (13655293.483.000) 2023-09-05 01:48:28 Image size of job updated: 1173320
	978  -  MemoryUsage of job (MB)
	1000932  -  ResidentSetSize of job (KB)
...
006 (13655293.483.000) 2023-09-05 02:43:34 Image size of job updated: 1173320
	984  -  MemoryUsage of job (MB)
	1007144  -  ResidentSetSize of job (KB)
...
006 (13655293.483.000) 2023-09-05 04:03:43 Image size of job updated: 1173320
	986  -  MemoryUsage of job (MB)
	1009212  -  ResidentSetSize of job (KB)
...
006 (13655293.483.000) 2023-09-05 22:27:52 Image size of job updated: 1309208
	986  -  MemoryUsage of job (MB)
	1009212  -  ResidentSetSize of job (KB)
...
040 (13655293.483.000) 2023-09-05 22:27:52 Started transferring output files
...
040 (13655293.483.000) 2023-09-05 22:27:52 Finished transferring output files
...
005 (13655293.483.000) 2023-09-05 22:27:52 Job terminated.
	(1) Normal termination (return value 0)
		Usr 0 21:03:10, Sys 0 00:04:33  -  Run Remote Usage
		Usr 0 00:00:00, Sys 0 00:00:00  -  Run Local Usage
		Usr 0 21:03:10, Sys 0 00:04:33  -  Total Remote Usage
		Usr 0 00:00:00, Sys 0 00:00:00  -  Total Local Usage
	1309540  -  Run Bytes Sent By Job
	32652772  -  Run Bytes Received By Job
	1309540  -  Total Bytes Sent By Job
	32652772  -  Total Bytes Received By Job
	Partitionable Resources :     Usage  Request Allocated 
	   Cpus                 :      1.00        1         1 
	   Disk (KB)            : 274890      524288   1458998 
	   IoHeavy              :                            0 
	   Memory (MB)          :    986        4096      4096 

	Job terminated of its own accord at 2023-09-06T03:27:52Z with exit-code 0.
...
