000 (14312692.012.000) 2023-09-11 11:54:29 Job submitted from host: <128.104.101.92:9618?addrs=128.104.101.92-9618+[2607-f388-107c-501-a236-9fff-fe3c-caa8]-9618&alias=submit2.chtc.wisc.edu&noUDP&sock=schedd_1879732_618e>
...
040 (14312692.012.000) 2023-09-11 12:00:36 Started transferring input files
	Transferring to host: <128.105.69.95:9618?addrs=128.105.69.95-9618+[2607-f388-2200-100-1270-fdff-fe56-bff4]-9618&alias=e4006.chtc.wisc.edu&noUDP&sock=slot1_100_3283200_297f_96995>
...
040 (14312692.012.000) 2023-09-11 12:00:38 Finished transferring input files
...
001 (14312692.012.000) 2023-09-11 12:00:42 Job executing on host: <128.105.69.95:9618?addrs=128.105.69.95-9618+[2607-f388-2200-100-1270-fdff-fe56-bff4]-9618&alias=e4006.chtc.wisc.edu&noUDP&sock=startd_2383497_450b>
	SlotName: slot1_100@e4006.chtc.wisc.edu
	CondorScratchDir = "/var/lib/condor/execute/slot1/dir_1190575"
	Cpus = 1
	Disk = 1208198
	IoHeavy = 0
	Memory = 4096
...
006 (14312692.012.000) 2023-09-11 12:00:50 Image size of job updated: 537152
	525  -  MemoryUsage of job (MB)
	537152  -  ResidentSetSize of job (KB)
...
006 (14312692.012.000) 2023-09-11 12:04:34 Image size of job updated: 703028
	527  -  MemoryUsage of job (MB)
	538944  -  ResidentSetSize of job (KB)
...
040 (14312692.012.000) 2023-09-11 12:04:35 Started transferring output files
...
040 (14312692.012.000) 2023-09-11 12:04:36 Finished transferring output files
...
005 (14312692.012.000) 2023-09-11 12:04:39 Job terminated.
	(1) Normal termination (return value 0)
		Usr 0 00:03:43, Sys 0 00:00:03  -  Run Remote Usage
		Usr 0 00:00:00, Sys 0 00:00:00  -  Run Local Usage
		Usr 0 00:03:43, Sys 0 00:00:03  -  Total Remote Usage
		Usr 0 00:00:00, Sys 0 00:00:00  -  Total Local Usage
	210466  -  Run Bytes Sent By Job
	32720412  -  Run Bytes Received By Job
	210466  -  Total Bytes Sent By Job
	32720412  -  Total Bytes Received By Job
	Partitionable Resources :     Usage  Request Allocated 
	   Cpus                 :      0.98        1         1 
	   Disk (KB)            : 261373      524288   1208198 
	   IoHeavy              :                            0 
	   Memory (MB)          :    527        4096      4096 

	Job terminated of its own accord at 2023-09-11T17:04:34Z with exit-code 0.
...
