000 (13655293.073.000) 2023-09-05 00:33:11 Job submitted from host: <128.104.101.92:9618?addrs=128.104.101.92-9618+[2607-f388-107c-501-a236-9fff-fe3c-caa8]-9618&alias=submit2.chtc.wisc.edu&noUDP&sock=schedd_1879732_618e>
...
040 (13655293.073.000) 2023-09-05 00:36:14 Started transferring input files
	Transferring to host: <128.105.69.111:9618?addrs=128.105.69.111-9618+[2607-f388-2200-100-1270-fdff-fe56-cecc]-9618&alias=e4060.chtc.wisc.edu&noUDP&sock=slot1_68_2818152_c6a0_56909>
...
001 (13655293.073.000) 2023-09-05 00:36:21 Job executing on host: <128.105.69.111:9618?addrs=128.105.69.111-9618+[2607-f388-2200-100-1270-fdff-fe56-cecc]-9618&alias=e4060.chtc.wisc.edu&noUDP&sock=startd_18821_3811>
	SlotName: slot1_68@e4060.chtc.wisc.edu
	CondorScratchDir = "/var/lib/condor/execute/slot1/dir_304246"
	Cpus = 1
	Disk = 1208198
	IoHeavy = 0
	Memory = 4096
...
040 (13655293.073.000) 2023-09-05 00:36:21 Finished transferring input files
...
006 (13655293.073.000) 2023-09-05 00:36:29 Image size of job updated: 680512
	665  -  MemoryUsage of job (MB)
	680512  -  ResidentSetSize of job (KB)
...
006 (13655293.073.000) 2023-09-05 00:41:29 Image size of job updated: 1276432
	1061  -  MemoryUsage of job (MB)
	1085496  -  ResidentSetSize of job (KB)
...
006 (13655293.073.000) 2023-09-05 00:46:30 Image size of job updated: 1276432
	1075  -  MemoryUsage of job (MB)
	1099884  -  ResidentSetSize of job (KB)
...
006 (13655293.073.000) 2023-09-05 01:01:32 Image size of job updated: 1276432
	1081  -  MemoryUsage of job (MB)
	1106028  -  ResidentSetSize of job (KB)
...
006 (13655293.073.000) 2023-09-05 02:41:43 Image size of job updated: 1276432
	1081  -  MemoryUsage of job (MB)
	1106508  -  ResidentSetSize of job (KB)
...
006 (13655293.073.000) 2023-09-05 02:51:44 Image size of job updated: 1276432
	1092  -  MemoryUsage of job (MB)
	1117620  -  ResidentSetSize of job (KB)
...
006 (13655293.073.000) 2023-09-06 01:22:09 Image size of job updated: 1399340
	1092  -  MemoryUsage of job (MB)
	1117620  -  ResidentSetSize of job (KB)
...
040 (13655293.073.000) 2023-09-06 01:22:09 Started transferring output files
...
040 (13655293.073.000) 2023-09-06 01:22:09 Finished transferring output files
...
005 (13655293.073.000) 2023-09-06 01:22:09 Job terminated.
	(1) Normal termination (return value 0)
		Usr 1 00:17:35, Sys 0 00:04:26  -  Run Remote Usage
		Usr 0 00:00:00, Sys 0 00:00:00  -  Run Local Usage
		Usr 1 00:17:35, Sys 0 00:04:26  -  Total Remote Usage
		Usr 0 00:00:00, Sys 0 00:00:00  -  Total Local Usage
	1309445  -  Run Bytes Sent By Job
	32652772  -  Run Bytes Received By Job
	1309445  -  Total Bytes Sent By Job
	32652772  -  Total Bytes Received By Job
	Partitionable Resources :     Usage  Request Allocated 
	   Cpus                 :      0.99        1         1 
	   Disk (KB)            : 274901      524288   1208198 
	   IoHeavy              :                            0 
	   Memory (MB)          :   1092        4096      4096 

	Job terminated of its own accord at 2023-09-06T06:22:09Z with exit-code 0.
...
