000 (13655293.016.000) 2023-09-05 00:33:11 Job submitted from host: <128.104.101.92:9618?addrs=128.104.101.92-9618+[2607-f388-107c-501-a236-9fff-fe3c-caa8]-9618&alias=submit2.chtc.wisc.edu&noUDP&sock=schedd_1879732_618e>
...
040 (13655293.016.000) 2023-09-05 00:36:04 Started transferring input files
	Transferring to host: <128.105.69.151:9618?addrs=128.105.69.151-9618+[2607-f388-2200-100-1270-fdff-fe56-7334]-9618&alias=e4028.chtc.wisc.edu&noUDP&sock=slot1_33_418228_35e8_10532>
...
040 (13655293.016.000) 2023-09-05 00:36:06 Finished transferring input files
...
001 (13655293.016.000) 2023-09-05 00:36:08 Job executing on host: <128.105.69.151:9618?addrs=128.105.69.151-9618+[2607-f388-2200-100-1270-fdff-fe56-7334]-9618&alias=e4028.chtc.wisc.edu&noUDP&sock=startd_27069_a935>
	SlotName: slot1_33@e4028.chtc.wisc.edu
	CondorScratchDir = "/var/lib/condor/execute/slot1/dir_1968930"
	Cpus = 1
	Disk = 1208198
	IoHeavy = 0
	Memory = 4096
...
006 (13655293.016.000) 2023-09-05 00:36:17 Image size of job updated: 599888
	586  -  MemoryUsage of job (MB)
	599752  -  ResidentSetSize of job (KB)
...
006 (13655293.016.000) 2023-09-05 00:41:18 Image size of job updated: 1186760
	969  -  MemoryUsage of job (MB)
	991296  -  ResidentSetSize of job (KB)
...
006 (13655293.016.000) 2023-09-05 00:46:18 Image size of job updated: 1186760
	981  -  MemoryUsage of job (MB)
	1004460  -  ResidentSetSize of job (KB)
...
006 (13655293.016.000) 2023-09-05 00:51:20 Image size of job updated: 1186760
	985  -  MemoryUsage of job (MB)
	1008284  -  ResidentSetSize of job (KB)
...
006 (13655293.016.000) 2023-09-05 01:41:25 Image size of job updated: 1186760
	986  -  MemoryUsage of job (MB)
	1009308  -  ResidentSetSize of job (KB)
...
006 (13655293.016.000) 2023-09-05 03:06:33 Image size of job updated: 1186760
	986  -  MemoryUsage of job (MB)
	1009428  -  ResidentSetSize of job (KB)
...
006 (13655293.016.000) 2023-09-05 03:16:35 Image size of job updated: 1186760
	1002  -  MemoryUsage of job (MB)
	1025556  -  ResidentSetSize of job (KB)
...
006 (13655293.016.000) 2023-09-05 21:23:23 Image size of job updated: 1315128
	1141  -  MemoryUsage of job (MB)
	1167392  -  ResidentSetSize of job (KB)
...
040 (13655293.016.000) 2023-09-05 21:23:29 Started transferring output files
...
040 (13655293.016.000) 2023-09-05 21:23:29 Finished transferring output files
...
005 (13655293.016.000) 2023-09-05 21:23:29 Job terminated.
	(1) Normal termination (return value 0)
		Usr 0 20:27:04, Sys 0 00:03:13  -  Run Remote Usage
		Usr 0 00:00:00, Sys 0 00:00:00  -  Run Local Usage
		Usr 0 20:27:04, Sys 0 00:03:13  -  Total Remote Usage
		Usr 0 00:00:00, Sys 0 00:00:00  -  Total Local Usage
	1309740  -  Run Bytes Sent By Job
	32652772  -  Run Bytes Received By Job
	1309740  -  Total Bytes Sent By Job
	32652772  -  Total Bytes Received By Job
	Partitionable Resources :     Usage  Request Allocated 
	   Cpus                 :      0.99        1         1 
	   Disk (KB)            : 274915      524288   1208198 
	   IoHeavy              :                            0 
	   Memory (MB)          :   1141        4096      4096 

	Job terminated of its own accord at 2023-09-06T02:23:28Z with exit-code 0.
...
