000 (13655293.436.000) 2023-09-05 00:33:11 Job submitted from host: <128.104.101.92:9618?addrs=128.104.101.92-9618+[2607-f388-107c-501-a236-9fff-fe3c-caa8]-9618&alias=submit2.chtc.wisc.edu&noUDP&sock=schedd_1879732_618e>
...
040 (13655293.436.000) 2023-09-05 00:56:13 Started transferring input files
	Transferring to host: <128.105.69.236:9618?addrs=128.105.69.236-9618+[2607-f388-2200-100-eaeb-d3ff-fe40-2044]-9618&alias=e2619.chtc.wisc.edu&noUDP&sock=slot1_95_238428_d859_58467>
...
001 (13655293.436.000) 2023-09-05 00:56:44 Job executing on host: <128.105.69.236:9618?addrs=128.105.69.236-9618+[2607-f388-2200-100-eaeb-d3ff-fe40-2044]-9618&alias=e2619.chtc.wisc.edu&noUDP&sock=startd_18724_af61>
	SlotName: slot1_95@e2619.chtc.wisc.edu
	CondorScratchDir = "/var/lib/condor/execute/slot1/dir_594068"
	Cpus = 1
	Disk = 1458998
	IoHeavy = 0
	Memory = 4096
...
040 (13655293.436.000) 2023-09-05 00:56:44 Finished transferring input files
...
006 (13655293.436.000) 2023-09-05 00:56:52 Image size of job updated: 670436
	655  -  MemoryUsage of job (MB)
	670436  -  ResidentSetSize of job (KB)
...
006 (13655293.436.000) 2023-09-05 01:01:52 Image size of job updated: 1281020
	1051  -  MemoryUsage of job (MB)
	1076148  -  ResidentSetSize of job (KB)
...
006 (13655293.436.000) 2023-09-05 01:06:53 Image size of job updated: 1281020
	1084  -  MemoryUsage of job (MB)
	1109200  -  ResidentSetSize of job (KB)
...
006 (13655293.436.000) 2023-09-05 03:37:08 Image size of job updated: 1281020
	1085  -  MemoryUsage of job (MB)
	1110396  -  ResidentSetSize of job (KB)
...
006 (13655293.436.000) 2023-09-05 20:58:06 Image size of job updated: 1323432
	1085  -  MemoryUsage of job (MB)
	1110396  -  ResidentSetSize of job (KB)
...
040 (13655293.436.000) 2023-09-05 20:58:06 Started transferring output files
...
040 (13655293.436.000) 2023-09-05 20:58:06 Finished transferring output files
...
005 (13655293.436.000) 2023-09-05 20:58:06 Job terminated.
	(1) Normal termination (return value 0)
		Usr 0 19:36:25, Sys 0 00:07:05  -  Run Remote Usage
		Usr 0 00:00:00, Sys 0 00:00:00  -  Run Local Usage
		Usr 0 19:36:25, Sys 0 00:07:05  -  Total Remote Usage
		Usr 0 00:00:00, Sys 0 00:00:00  -  Total Local Usage
	1309579  -  Run Bytes Sent By Job
	32652772  -  Run Bytes Received By Job
	1309579  -  Total Bytes Sent By Job
	32652772  -  Total Bytes Received By Job
	Partitionable Resources :     Usage  Request Allocated 
	   Cpus                 :      0.99        1         1 
	   Disk (KB)            : 274859      524288   1458998 
	   IoHeavy              :                            0 
	   Memory (MB)          :   1085        4096      4096 

	Job terminated of its own accord at 2023-09-06T01:58:06Z with exit-code 0.
...
