000 (14268886.040.000) 2023-09-11 03:21:39 Job submitted from host: <128.104.101.92:9618?addrs=128.104.101.92-9618+[2607-f388-107c-501-a236-9fff-fe3c-caa8]-9618&alias=submit2.chtc.wisc.edu&noUDP&sock=schedd_1879732_618e>
...
040 (14268886.040.000) 2023-09-11 03:23:34 Started transferring input files
	Transferring to host: <128.105.69.224:9618?addrs=128.105.69.224-9618+[2607-f388-2200-100-eaeb-d3ff-fe40-1574]-9618&alias=e2607.chtc.wisc.edu&noUDP&sock=slot1_21_1087982_7e0c_89719>
...
040 (14268886.040.000) 2023-09-11 03:23:36 Finished transferring input files
...
001 (14268886.040.000) 2023-09-11 03:23:37 Job executing on host: <128.105.69.224:9618?addrs=128.105.69.224-9618+[2607-f388-2200-100-eaeb-d3ff-fe40-1574]-9618&alias=e2607.chtc.wisc.edu&noUDP&sock=startd_11673_491a>
	SlotName: slot1_21@e2607.chtc.wisc.edu
	CondorScratchDir = "/var/lib/condor/execute/slot1/dir_2873006"
	Cpus = 1
	Disk = 1458998
	IoHeavy = 0
	Memory = 4096
...
006 (14268886.040.000) 2023-09-11 03:23:46 Image size of job updated: 343208
	336  -  MemoryUsage of job (MB)
	343208  -  ResidentSetSize of job (KB)
...
006 (14268886.040.000) 2023-09-11 03:27:52 Image size of job updated: 709476
	337  -  MemoryUsage of job (MB)
	344488  -  ResidentSetSize of job (KB)
...
040 (14268886.040.000) 2023-09-11 03:27:52 Started transferring output files
...
040 (14268886.040.000) 2023-09-11 03:27:52 Finished transferring output files
...
005 (14268886.040.000) 2023-09-11 03:27:52 Job terminated.
	(1) Normal termination (return value 0)
		Usr 0 00:03:59, Sys 0 00:00:11  -  Run Remote Usage
		Usr 0 00:00:00, Sys 0 00:00:00  -  Run Local Usage
		Usr 0 00:03:59, Sys 0 00:00:11  -  Total Remote Usage
		Usr 0 00:00:00, Sys 0 00:00:00  -  Total Local Usage
	124993  -  Run Bytes Sent By Job
	32720416  -  Run Bytes Received By Job
	124993  -  Total Bytes Sent By Job
	32720416  -  Total Bytes Received By Job
	Partitionable Resources :    Usage  Request Allocated 
	   Cpus                 :                 1         1 
	   Disk (KB)            :   261281   524288   1458998 
	   IoHeavy              :                           0 
	   Memory (MB)          :      337     4096      4096 

	Job terminated of its own accord at 2023-09-11T08:27:52Z with exit-code 0.
...
