000 (13655293.023.000) 2023-09-05 00:33:11 Job submitted from host: <128.104.101.92:9618?addrs=128.104.101.92-9618+[2607-f388-107c-501-a236-9fff-fe3c-caa8]-9618&alias=submit2.chtc.wisc.edu&noUDP&sock=schedd_1879732_618e>
...
040 (13655293.023.000) 2023-09-05 00:36:06 Started transferring input files
	Transferring to host: <128.105.69.135:9618?addrs=128.105.69.135-9618+[2607-f388-2200-100-1270-fdff-fe56-635c]-9618&alias=e4084.chtc.wisc.edu&noUDP&sock=slot1_64_178063_3de2_60660>
...
040 (13655293.023.000) 2023-09-05 00:36:08 Finished transferring input files
...
001 (13655293.023.000) 2023-09-05 00:36:10 Job executing on host: <128.105.69.135:9618?addrs=128.105.69.135-9618+[2607-f388-2200-100-1270-fdff-fe56-635c]-9618&alias=e4084.chtc.wisc.edu&noUDP&sock=startd_17181_50bf>
	SlotName: slot1_64@e4084.chtc.wisc.edu
	CondorScratchDir = "/var/lib/condor/execute/slot1/dir_95685"
	Cpus = 1
	Disk = 1208198
	IoHeavy = 0
	Memory = 4096
...
006 (13655293.023.000) 2023-09-05 00:36:18 Image size of job updated: 675448
	660  -  MemoryUsage of job (MB)
	675448  -  ResidentSetSize of job (KB)
...
006 (13655293.023.000) 2023-09-05 00:41:18 Image size of job updated: 1286252
	1058  -  MemoryUsage of job (MB)
	1083172  -  ResidentSetSize of job (KB)
...
006 (13655293.023.000) 2023-09-05 00:46:19 Image size of job updated: 1286252
	1095  -  MemoryUsage of job (MB)
	1120280  -  ResidentSetSize of job (KB)
...
006 (13655293.023.000) 2023-09-05 02:21:28 Image size of job updated: 1286252
	1095  -  MemoryUsage of job (MB)
	1121120  -  ResidentSetSize of job (KB)
...
006 (13655293.023.000) 2023-09-05 03:41:36 Image size of job updated: 1286252
	1098  -  MemoryUsage of job (MB)
	1123892  -  ResidentSetSize of job (KB)
...
006 (13655293.023.000) 2023-09-05 23:15:14 Image size of job updated: 1352020
	1098  -  MemoryUsage of job (MB)
	1123892  -  ResidentSetSize of job (KB)
...
040 (13655293.023.000) 2023-09-05 23:15:14 Started transferring output files
...
040 (13655293.023.000) 2023-09-05 23:15:14 Finished transferring output files
...
005 (13655293.023.000) 2023-09-05 23:15:14 Job terminated.
	(1) Normal termination (return value 0)
		Usr 0 22:09:29, Sys 0 00:07:29  -  Run Remote Usage
		Usr 0 00:00:00, Sys 0 00:00:00  -  Run Local Usage
		Usr 0 22:09:29, Sys 0 00:07:29  -  Total Remote Usage
		Usr 0 00:00:00, Sys 0 00:00:00  -  Total Local Usage
	1309704  -  Run Bytes Sent By Job
	32652772  -  Run Bytes Received By Job
	1309704  -  Total Bytes Sent By Job
	32652772  -  Total Bytes Received By Job
	Partitionable Resources :     Usage  Request Allocated 
	   Cpus                 :      0.99        1         1 
	   Disk (KB)            : 274905      524288   1208198 
	   IoHeavy              :                            0 
	   Memory (MB)          :   1098        4096      4096 

	Job terminated of its own accord at 2023-09-06T04:15:14Z with exit-code 0.
...
