000 (13655293.267.000) 2023-09-05 00:33:11 Job submitted from host: <128.104.101.92:9618?addrs=128.104.101.92-9618+[2607-f388-107c-501-a236-9fff-fe3c-caa8]-9618&alias=submit2.chtc.wisc.edu&noUDP&sock=schedd_1879732_618e>
...
040 (13655293.267.000) 2023-09-05 00:49:43 Started transferring input files
	Transferring to host: <128.105.69.228:9618?addrs=128.105.69.228-9618+[2607-f388-2200-100-eaeb-d3ff-fe40-1124]-9618&alias=e2611.chtc.wisc.edu&noUDP&sock=slot1_68_233899_c141_60380>
...
040 (13655293.267.000) 2023-09-05 00:49:45 Finished transferring input files
...
001 (13655293.267.000) 2023-09-05 00:49:46 Job executing on host: <128.105.69.228:9618?addrs=128.105.69.228-9618+[2607-f388-2200-100-eaeb-d3ff-fe40-1124]-9618&alias=e2611.chtc.wisc.edu&noUDP&sock=startd_18798_7163>
	SlotName: slot1_68@e2611.chtc.wisc.edu
	CondorScratchDir = "/var/lib/condor/execute/slot1/dir_1043200"
	Cpus = 1
	Disk = 1458998
	IoHeavy = 0
	Memory = 4096
...
006 (13655293.267.000) 2023-09-05 00:49:55 Image size of job updated: 696032
	680  -  MemoryUsage of job (MB)
	696032  -  ResidentSetSize of job (KB)
...
006 (13655293.267.000) 2023-09-05 00:54:56 Image size of job updated: 1283920
	1048  -  MemoryUsage of job (MB)
	1072384  -  ResidentSetSize of job (KB)
...
006 (13655293.267.000) 2023-09-05 00:59:56 Image size of job updated: 1283920
	1080  -  MemoryUsage of job (MB)
	1105556  -  ResidentSetSize of job (KB)
...
006 (13655293.267.000) 2023-09-05 01:39:59 Image size of job updated: 1283920
	1082  -  MemoryUsage of job (MB)
	1107604  -  ResidentSetSize of job (KB)
...
006 (13655293.267.000) 2023-09-05 01:45:00 Image size of job updated: 1283920
	1084  -  MemoryUsage of job (MB)
	1109652  -  ResidentSetSize of job (KB)
...
006 (13655293.267.000) 2023-09-05 02:25:05 Image size of job updated: 1283920
	1089  -  MemoryUsage of job (MB)
	1114668  -  ResidentSetSize of job (KB)
...
006 (13655293.267.000) 2023-09-05 22:07:08 Image size of job updated: 1283920
	1089  -  MemoryUsage of job (MB)
	1114724  -  ResidentSetSize of job (KB)
...
006 (13655293.267.000) 2023-09-05 22:11:04 Image size of job updated: 1416056
	1089  -  MemoryUsage of job (MB)
	1114724  -  ResidentSetSize of job (KB)
...
040 (13655293.267.000) 2023-09-05 22:11:04 Started transferring output files
...
040 (13655293.267.000) 2023-09-05 22:11:04 Finished transferring output files
...
005 (13655293.267.000) 2023-09-05 22:11:04 Job terminated.
	(1) Normal termination (return value 0)
		Usr 0 20:54:17, Sys 0 00:05:51  -  Run Remote Usage
		Usr 0 00:00:00, Sys 0 00:00:00  -  Run Local Usage
		Usr 0 20:54:17, Sys 0 00:05:51  -  Total Remote Usage
		Usr 0 00:00:00, Sys 0 00:00:00  -  Total Local Usage
	1309575  -  Run Bytes Sent By Job
	32652772  -  Run Bytes Received By Job
	1309575  -  Total Bytes Sent By Job
	32652772  -  Total Bytes Received By Job
	Partitionable Resources :     Usage  Request Allocated 
	   Cpus                 :      0.99        1         1 
	   Disk (KB)            : 274865      524288   1458998 
	   IoHeavy              :                            0 
	   Memory (MB)          :   1089        4096      4096 

	Job terminated of its own accord at 2023-09-06T03:11:04Z with exit-code 0.
...
