000 (13655293.174.000) 2023-09-05 00:33:11 Job submitted from host: <128.104.101.92:9618?addrs=128.104.101.92-9618+[2607-f388-107c-501-a236-9fff-fe3c-caa8]-9618&alias=submit2.chtc.wisc.edu&noUDP&sock=schedd_1879732_618e>
...
040 (13655293.174.000) 2023-09-05 00:43:12 Started transferring input files
	Transferring to host: <128.105.69.147:9618?addrs=128.105.69.147-9618+[2607-f388-2200-100-1270-fdff-fe56-d184]-9618&alias=e4024.chtc.wisc.edu&noUDP&sock=slot1_6_569183_aa03_69283>
...
040 (13655293.174.000) 2023-09-05 00:43:13 Finished transferring input files
...
001 (13655293.174.000) 2023-09-05 00:43:14 Job executing on host: <128.105.69.147:9618?addrs=128.105.69.147-9618+[2607-f388-2200-100-1270-fdff-fe56-d184]-9618&alias=e4024.chtc.wisc.edu&noUDP&sock=startd_15926_7d64>
	SlotName: slot1_6@e4024.chtc.wisc.edu
	CondorScratchDir = "/var/lib/condor/execute/slot1/dir_2978001"
	Cpus = 1
	Disk = 1208198
	IoHeavy = 0
	Memory = 4096
...
006 (13655293.174.000) 2023-09-05 00:43:23 Image size of job updated: 708064
	692  -  MemoryUsage of job (MB)
	708064  -  ResidentSetSize of job (KB)
...
006 (13655293.174.000) 2023-09-05 00:48:24 Image size of job updated: 1283116
	1048  -  MemoryUsage of job (MB)
	1072616  -  ResidentSetSize of job (KB)
...
006 (13655293.174.000) 2023-09-05 00:53:24 Image size of job updated: 1283116
	1075  -  MemoryUsage of job (MB)
	1100032  -  ResidentSetSize of job (KB)
...
006 (13655293.174.000) 2023-09-05 00:58:25 Image size of job updated: 1283116
	1076  -  MemoryUsage of job (MB)
	1101540  -  ResidentSetSize of job (KB)
...
006 (13655293.174.000) 2023-09-05 01:13:26 Image size of job updated: 1283116
	1085  -  MemoryUsage of job (MB)
	1110500  -  ResidentSetSize of job (KB)
...
006 (13655293.174.000) 2023-09-05 01:23:27 Image size of job updated: 1283116
	1086  -  MemoryUsage of job (MB)
	1111172  -  ResidentSetSize of job (KB)
...
006 (13655293.174.000) 2023-09-05 02:03:32 Image size of job updated: 1283116
	1086  -  MemoryUsage of job (MB)
	1111784  -  ResidentSetSize of job (KB)
...
006 (13655293.174.000) 2023-09-05 02:43:38 Image size of job updated: 1283116
	1086  -  MemoryUsage of job (MB)
	1111964  -  ResidentSetSize of job (KB)
...
006 (13655293.174.000) 2023-09-05 05:23:54 Image size of job updated: 1283116
	1098  -  MemoryUsage of job (MB)
	1123548  -  ResidentSetSize of job (KB)
...
006 (13655293.174.000) 2023-09-06 01:59:57 Image size of job updated: 1369268
	1098  -  MemoryUsage of job (MB)
	1123548  -  ResidentSetSize of job (KB)
...
040 (13655293.174.000) 2023-09-06 01:59:57 Started transferring output files
...
040 (13655293.174.000) 2023-09-06 01:59:57 Finished transferring output files
...
005 (13655293.174.000) 2023-09-06 01:59:57 Job terminated.
	(1) Normal termination (return value 0)
		Usr 1 00:48:36, Sys 0 00:04:50  -  Run Remote Usage
		Usr 0 00:00:00, Sys 0 00:00:00  -  Run Local Usage
		Usr 1 00:48:36, Sys 0 00:04:50  -  Total Remote Usage
		Usr 0 00:00:00, Sys 0 00:00:00  -  Total Local Usage
	1309448  -  Run Bytes Sent By Job
	32652772  -  Run Bytes Received By Job
	1309448  -  Total Bytes Sent By Job
	32652772  -  Total Bytes Received By Job
	Partitionable Resources :     Usage  Request Allocated 
	   Cpus                 :      0.98        1         1 
	   Disk (KB)            : 274897      524288   1208198 
	   IoHeavy              :                            0 
	   Memory (MB)          :   1098        4096      4096 

	Job terminated of its own accord at 2023-09-06T06:59:57Z with exit-code 0.
...
