000 (13655293.212.000) 2023-09-05 00:33:11 Job submitted from host: <128.104.101.92:9618?addrs=128.104.101.92-9618+[2607-f388-107c-501-a236-9fff-fe3c-caa8]-9618&alias=submit2.chtc.wisc.edu&noUDP&sock=schedd_1879732_618e>
...
040 (13655293.212.000) 2023-09-05 00:44:42 Started transferring input files
	Transferring to host: <128.105.69.244:9618?addrs=128.105.69.244-9618+[2607-f388-2200-100-eaeb-d3ff-fe40-205c]-9618&alias=e2627.chtc.wisc.edu&noUDP&sock=slot1_8_3017498_110b_51957>
...
040 (13655293.212.000) 2023-09-05 00:44:44 Finished transferring input files
...
001 (13655293.212.000) 2023-09-05 00:45:44 Job executing on host: <128.105.69.244:9618?addrs=128.105.69.244-9618+[2607-f388-2200-100-eaeb-d3ff-fe40-205c]-9618&alias=e2627.chtc.wisc.edu&noUDP&sock=startd_18898_08dc>
	SlotName: slot1_8@e2627.chtc.wisc.edu
	CondorScratchDir = "/var/lib/condor/execute/slot1/dir_54339"
	Cpus = 1
	Disk = 1458998
	IoHeavy = 0
	Memory = 4096
...
006 (13655293.212.000) 2023-09-05 00:45:53 Image size of job updated: 704096
	688  -  MemoryUsage of job (MB)
	704096  -  ResidentSetSize of job (KB)
...
006 (13655293.212.000) 2023-09-05 00:50:54 Image size of job updated: 1291700
	1059  -  MemoryUsage of job (MB)
	1083860  -  ResidentSetSize of job (KB)
...
006 (13655293.212.000) 2023-09-05 00:55:54 Image size of job updated: 1291700
	1081  -  MemoryUsage of job (MB)
	1106528  -  ResidentSetSize of job (KB)
...
006 (13655293.212.000) 2023-09-05 01:00:55 Image size of job updated: 1291700
	1083  -  MemoryUsage of job (MB)
	1108932  -  ResidentSetSize of job (KB)
...
006 (13655293.212.000) 2023-09-05 01:05:56 Image size of job updated: 1291700
	1099  -  MemoryUsage of job (MB)
	1125060  -  ResidentSetSize of job (KB)
...
006 (13655293.212.000) 2023-09-05 23:19:44 Image size of job updated: 1406460
	1099  -  MemoryUsage of job (MB)
	1125060  -  ResidentSetSize of job (KB)
...
040 (13655293.212.000) 2023-09-05 23:19:44 Started transferring output files
...
040 (13655293.212.000) 2023-09-05 23:19:44 Finished transferring output files
...
005 (13655293.212.000) 2023-09-05 23:19:44 Job terminated.
	(1) Normal termination (return value 0)
		Usr 0 22:05:55, Sys 0 00:04:30  -  Run Remote Usage
		Usr 0 00:00:00, Sys 0 00:00:00  -  Run Local Usage
		Usr 0 22:05:55, Sys 0 00:04:30  -  Total Remote Usage
		Usr 0 00:00:00, Sys 0 00:00:00  -  Total Local Usage
	1309729  -  Run Bytes Sent By Job
	32652772  -  Run Bytes Received By Job
	1309729  -  Total Bytes Sent By Job
	32652772  -  Total Bytes Received By Job
	Partitionable Resources :     Usage  Request Allocated 
	   Cpus                 :      0.99        1         1 
	   Disk (KB)            : 274906      524288   1458998 
	   IoHeavy              :                            0 
	   Memory (MB)          :   1099        4096      4096 

	Job terminated of its own accord at 2023-09-06T04:19:44Z with exit-code 0.
...
