000 (13655293.284.000) 2023-09-05 00:33:11 Job submitted from host: <128.104.101.92:9618?addrs=128.104.101.92-9618+[2607-f388-107c-501-a236-9fff-fe3c-caa8]-9618&alias=submit2.chtc.wisc.edu&noUDP&sock=schedd_1879732_618e>
...
040 (13655293.284.000) 2023-09-05 00:51:29 Started transferring input files
	Transferring to host: <128.105.69.98:9618?addrs=128.105.69.98-9618+[2607-f388-2200-100-1270-fdff-fe56-45f4]-9618&alias=e4009.chtc.wisc.edu&noUDP&sock=slot1_36_2951459_9ded_203032>
...
040 (13655293.284.000) 2023-09-05 00:51:32 Finished transferring input files
...
001 (13655293.284.000) 2023-09-05 00:51:34 Job executing on host: <128.105.69.98:9618?addrs=128.105.69.98-9618+[2607-f388-2200-100-1270-fdff-fe56-45f4]-9618&alias=e4009.chtc.wisc.edu&noUDP&sock=startd_15856_79c2>
	SlotName: slot1_36@e4009.chtc.wisc.edu
	CondorScratchDir = "/var/lib/condor/execute/slot1/dir_2594985"
	Cpus = 1
	Disk = 1208198
	IoHeavy = 0
	Memory = 4096
...
006 (13655293.284.000) 2023-09-05 00:51:42 Image size of job updated: 678400
	663  -  MemoryUsage of job (MB)
	678400  -  ResidentSetSize of job (KB)
...
006 (13655293.284.000) 2023-09-05 00:56:42 Image size of job updated: 1281740
	1054  -  MemoryUsage of job (MB)
	1078396  -  ResidentSetSize of job (KB)
...
006 (13655293.284.000) 2023-09-05 01:01:43 Image size of job updated: 1281740
	1072  -  MemoryUsage of job (MB)
	1097364  -  ResidentSetSize of job (KB)
...
006 (13655293.284.000) 2023-09-05 01:11:43 Image size of job updated: 1281740
	1087  -  MemoryUsage of job (MB)
	1112140  -  ResidentSetSize of job (KB)
...
006 (13655293.284.000) 2023-09-05 02:01:49 Image size of job updated: 1281740
	1089  -  MemoryUsage of job (MB)
	1114428  -  ResidentSetSize of job (KB)
...
006 (13655293.284.000) 2023-09-05 22:40:02 Image size of job updated: 1319560
	1089  -  MemoryUsage of job (MB)
	1114428  -  ResidentSetSize of job (KB)
...
040 (13655293.284.000) 2023-09-05 22:40:02 Started transferring output files
...
040 (13655293.284.000) 2023-09-05 22:40:02 Finished transferring output files
...
005 (13655293.284.000) 2023-09-05 22:40:02 Job terminated.
	(1) Normal termination (return value 0)
		Usr 0 21:21:29, Sys 0 00:05:07  -  Run Remote Usage
		Usr 0 00:00:00, Sys 0 00:00:00  -  Run Local Usage
		Usr 0 21:21:29, Sys 0 00:05:07  -  Total Remote Usage
		Usr 0 00:00:00, Sys 0 00:00:00  -  Total Local Usage
	1309598  -  Run Bytes Sent By Job
	32652772  -  Run Bytes Received By Job
	1309598  -  Total Bytes Sent By Job
	32652772  -  Total Bytes Received By Job
	Partitionable Resources :     Usage  Request Allocated 
	   Cpus                 :      0.99        1         1 
	   Disk (KB)            : 274912      524288   1208198 
	   IoHeavy              :                            0 
	   Memory (MB)          :   1089        4096      4096 

	Job terminated of its own accord at 2023-09-06T03:40:02Z with exit-code 0.
...
