000 (14312692.048.000) 2023-09-11 11:54:29 Job submitted from host: <128.104.101.92:9618?addrs=128.104.101.92-9618+[2607-f388-107c-501-a236-9fff-fe3c-caa8]-9618&alias=submit2.chtc.wisc.edu&noUDP&sock=schedd_1879732_618e>
...
040 (14312692.048.000) 2023-09-11 12:00:40 Started transferring input files
	Transferring to host: <128.105.69.244:9618?addrs=128.105.69.244-9618+[2607-f388-2200-100-eaeb-d3ff-fe40-205c]-9618&alias=e2627.chtc.wisc.edu&noUDP&sock=slot1_202_3017498_110b_89023>
...
040 (14312692.048.000) 2023-09-11 12:00:43 Finished transferring input files
...
001 (14312692.048.000) 2023-09-11 12:00:44 Job executing on host: <128.105.69.244:9618?addrs=128.105.69.244-9618+[2607-f388-2200-100-eaeb-d3ff-fe40-205c]-9618&alias=e2627.chtc.wisc.edu&noUDP&sock=startd_18898_08dc>
	SlotName: slot1_202@e2627.chtc.wisc.edu
	CondorScratchDir = "/var/lib/condor/execute/slot1/dir_3604426"
	Cpus = 1
	Disk = 1458998
	IoHeavy = 0
	Memory = 4096
...
006 (14312692.048.000) 2023-09-11 12:00:52 Image size of job updated: 468368
	458  -  MemoryUsage of job (MB)
	468368  -  ResidentSetSize of job (KB)
...
006 (14312692.048.000) 2023-09-11 12:03:10 Image size of job updated: 809696
	460  -  MemoryUsage of job (MB)
	470160  -  ResidentSetSize of job (KB)
...
040 (14312692.048.000) 2023-09-11 12:03:11 Started transferring output files
...
040 (14312692.048.000) 2023-09-11 12:03:11 Finished transferring output files
...
005 (14312692.048.000) 2023-09-11 12:03:11 Job terminated.
	(1) Normal termination (return value 0)
		Usr 0 00:02:13, Sys 0 00:00:11  -  Run Remote Usage
		Usr 0 00:00:00, Sys 0 00:00:00  -  Run Local Usage
		Usr 0 00:02:13, Sys 0 00:00:11  -  Total Remote Usage
		Usr 0 00:00:00, Sys 0 00:00:00  -  Total Local Usage
	98616  -  Run Bytes Sent By Job
	32720412  -  Run Bytes Received By Job
	98616  -  Total Bytes Sent By Job
	32720412  -  Total Bytes Received By Job
	Partitionable Resources :    Usage  Request Allocated 
	   Cpus                 :                 1         1 
	   Disk (KB)            :   261255   524288   1458998 
	   IoHeavy              :                           0 
	   Memory (MB)          :      460     4096      4096 

	Job terminated of its own accord at 2023-09-11T17:03:10Z with exit-code 0.
...
