000 (14312691.019.000) 2023-09-11 11:54:06 Job submitted from host: <128.104.101.92:9618?addrs=128.104.101.92-9618+[2607-f388-107c-501-a236-9fff-fe3c-caa8]-9618&alias=submit2.chtc.wisc.edu&noUDP&sock=schedd_1879732_618e>
...
040 (14312691.019.000) 2023-09-11 12:00:22 Started transferring input files
	Transferring to host: <128.105.69.167:9618?addrs=128.105.69.167-9618+[2607-f388-2200-100-1270-fdff-fe56-686c]-9618&alias=e2550.chtc.wisc.edu&noUDP&sock=slot1_55_310201_6a9f_12440>
...
040 (14312691.019.000) 2023-09-11 12:00:24 Finished transferring input files
...
001 (14312691.019.000) 2023-09-11 12:00:26 Job executing on host: <128.105.69.167:9618?addrs=128.105.69.167-9618+[2607-f388-2200-100-1270-fdff-fe56-686c]-9618&alias=e2550.chtc.wisc.edu&noUDP&sock=startd_13345_2373>
	SlotName: slot1_55@e2550.chtc.wisc.edu
	CondorScratchDir = "/var/lib/condor/execute/slot1/dir_1076252"
	Cpus = 1
	Disk = 1208198
	IoHeavy = 0
	Memory = 4096
...
006 (14312691.019.000) 2023-09-11 12:00:35 Image size of job updated: 379380
	279  -  MemoryUsage of job (MB)
	285092  -  ResidentSetSize of job (KB)
...
040 (14312691.019.000) 2023-09-11 12:04:00 Started transferring output files
...
040 (14312691.019.000) 2023-09-11 12:04:03 Finished transferring output files
...
005 (14312691.019.000) 2023-09-11 12:04:08 Job terminated.
	(1) Normal termination (return value 0)
		Usr 0 00:03:25, Sys 0 00:00:01  -  Run Remote Usage
		Usr 0 00:00:00, Sys 0 00:00:00  -  Run Local Usage
		Usr 0 00:03:25, Sys 0 00:00:01  -  Total Remote Usage
		Usr 0 00:00:00, Sys 0 00:00:00  -  Total Local Usage
	170445  -  Run Bytes Sent By Job
	32664896  -  Run Bytes Received By Job
	170445  -  Total Bytes Sent By Job
	32664896  -  Total Bytes Received By Job
	Partitionable Resources :     Usage  Request Allocated 
	   Cpus                 :      0.98        1         1 
	   Disk (KB)            : 255081      524288   1208198 
	   IoHeavy              :                            0 
	   Memory (MB)          :    279        4096      4096 

	Job terminated of its own accord at 2023-09-11T17:03:57Z with exit-code 0.
...
