000 (13655293.100.000) 2023-09-05 00:33:11 Job submitted from host: <128.104.101.92:9618?addrs=128.104.101.92-9618+[2607-f388-107c-501-a236-9fff-fe3c-caa8]-9618&alias=submit2.chtc.wisc.edu&noUDP&sock=schedd_1879732_618e>
...
040 (13655293.100.000) 2023-09-05 00:36:22 Started transferring input files
	Transferring to host: <128.105.69.224:9618?addrs=128.105.69.224-9618+[2607-f388-2200-100-eaeb-d3ff-fe40-1574]-9618&alias=e2607.chtc.wisc.edu&noUDP&sock=slot1_53_1087982_7e0c_42247>
...
001 (13655293.100.000) 2023-09-05 00:36:29 Job executing on host: <128.105.69.224:9618?addrs=128.105.69.224-9618+[2607-f388-2200-100-eaeb-d3ff-fe40-1574]-9618&alias=e2607.chtc.wisc.edu&noUDP&sock=startd_11673_491a>
	SlotName: slot1_53@e2607.chtc.wisc.edu
	CondorScratchDir = "/var/lib/condor/execute/slot1/dir_2320412"
	Cpus = 1
	Disk = 1458998
	IoHeavy = 0
	Memory = 4096
...
040 (13655293.100.000) 2023-09-05 00:36:29 Finished transferring input files
...
006 (13655293.100.000) 2023-09-05 00:36:38 Image size of job updated: 690348
	675  -  MemoryUsage of job (MB)
	690348  -  ResidentSetSize of job (KB)
...
006 (13655293.100.000) 2023-09-05 00:41:39 Image size of job updated: 1268340
	1239  -  MemoryUsage of job (MB)
	1268152  -  ResidentSetSize of job (KB)
...
006 (13655293.100.000) 2023-09-05 00:46:39 Image size of job updated: 1280944
	1239  -  MemoryUsage of job (MB)
	1268152  -  ResidentSetSize of job (KB)
...
006 (13655293.100.000) 2023-09-06 01:35:39 Image size of job updated: 1324664
	1239  -  MemoryUsage of job (MB)
	1268152  -  ResidentSetSize of job (KB)
...
040 (13655293.100.000) 2023-09-06 01:35:41 Started transferring output files
...
040 (13655293.100.000) 2023-09-06 01:35:42 Finished transferring output files
...
005 (13655293.100.000) 2023-09-06 01:35:45 Job terminated.
	(1) Normal termination (return value 0)
		Usr 1 00:35:52, Sys 0 00:03:33  -  Run Remote Usage
		Usr 0 00:00:00, Sys 0 00:00:00  -  Run Local Usage
		Usr 1 00:35:52, Sys 0 00:03:33  -  Total Remote Usage
		Usr 0 00:00:00, Sys 0 00:00:00  -  Total Local Usage
	1309528  -  Run Bytes Sent By Job
	32652772  -  Run Bytes Received By Job
	1309528  -  Total Bytes Sent By Job
	32652772  -  Total Bytes Received By Job
	Partitionable Resources :     Usage  Request Allocated 
	   Cpus                 :      0.98        1         1 
	   Disk (KB)            : 274913      524288   1458998 
	   IoHeavy              :                            0 
	   Memory (MB)          :   1239        4096      4096 

	Job terminated of its own accord at 2023-09-06T06:35:39Z with exit-code 0.
...
