000 (14269004.039.000) 2023-09-11 03:23:01 Job submitted from host: <128.104.101.92:9618?addrs=128.104.101.92-9618+[2607-f388-107c-501-a236-9fff-fe3c-caa8]-9618&alias=submit2.chtc.wisc.edu&noUDP&sock=schedd_1879732_618e>
...
040 (14269004.039.000) 2023-09-11 03:27:34 Started transferring input files
	Transferring to host: <128.105.69.184:9618?addrs=128.105.69.184-9618+[2607-f388-2200-100-1270-fdff-fe56-bbfc]-9618&alias=e4036.chtc.wisc.edu&noUDP&sock=slot1_128_2123038_1476_89315>
...
040 (14269004.039.000) 2023-09-11 03:27:36 Finished transferring input files
...
001 (14269004.039.000) 2023-09-11 03:27:37 Job executing on host: <128.105.69.184:9618?addrs=128.105.69.184-9618+[2607-f388-2200-100-1270-fdff-fe56-bbfc]-9618&alias=e4036.chtc.wisc.edu&noUDP&sock=startd_15747_b5f0>
	SlotName: slot1_128@e4036.chtc.wisc.edu
	CondorScratchDir = "/var/lib/condor/execute/slot1/dir_1103338"
	Cpus = 1
	Disk = 1208198
	IoHeavy = 0
	Memory = 4096
...
006 (14269004.039.000) 2023-09-11 03:27:46 Image size of job updated: 379772
	244  -  MemoryUsage of job (MB)
	249588  -  ResidentSetSize of job (KB)
...
040 (14269004.039.000) 2023-09-11 03:30:35 Started transferring output files
...
040 (14269004.039.000) 2023-09-11 03:30:35 Finished transferring output files
...
005 (14269004.039.000) 2023-09-11 03:30:35 Job terminated.
	(1) Normal termination (return value 0)
		Usr 0 00:02:52, Sys 0 00:00:01  -  Run Remote Usage
		Usr 0 00:00:00, Sys 0 00:00:00  -  Run Local Usage
		Usr 0 00:02:52, Sys 0 00:00:01  -  Total Remote Usage
		Usr 0 00:00:00, Sys 0 00:00:00  -  Total Local Usage
	126851  -  Run Bytes Sent By Job
	32664898  -  Run Bytes Received By Job
	126851  -  Total Bytes Sent By Job
	32664898  -  Total Bytes Received By Job
	Partitionable Resources :     Usage  Request Allocated 
	   Cpus                 :      0.99        1         1 
	   Disk (KB)            : 255037      524288   1208198 
	   IoHeavy              :                            0 
	   Memory (MB)          :    244        4096      4096 

	Job terminated of its own accord at 2023-09-11T08:30:35Z with exit-code 0.
...
