000 (14269004.017.000) 2023-09-11 03:23:01 Job submitted from host: <128.104.101.92:9618?addrs=128.104.101.92-9618+[2607-f388-107c-501-a236-9fff-fe3c-caa8]-9618&alias=submit2.chtc.wisc.edu&noUDP&sock=schedd_1879732_618e>
...
040 (14269004.017.000) 2023-09-11 03:26:21 Started transferring input files
	Transferring to host: <128.105.69.161:9618?addrs=128.105.69.161-9618+[2607-f388-2200-100-1270-fdff-fe56-bf5c]-9618&alias=e4094.chtc.wisc.edu&noUDP&sock=slot1_52_2484051_65ae_87863>
...
040 (14269004.017.000) 2023-09-11 03:26:24 Finished transferring input files
...
001 (14269004.017.000) 2023-09-11 03:26:25 Job executing on host: <128.105.69.161:9618?addrs=128.105.69.161-9618+[2607-f388-2200-100-1270-fdff-fe56-bf5c]-9618&alias=e4094.chtc.wisc.edu&noUDP&sock=startd_11680_1644>
	SlotName: slot1_52@e4094.chtc.wisc.edu
	CondorScratchDir = "/var/lib/condor/execute/slot1/dir_456450"
	Cpus = 1
	Disk = 1208198
	IoHeavy = 0
	Memory = 4096
...
006 (14269004.017.000) 2023-09-11 03:26:34 Image size of job updated: 273000
	261  -  MemoryUsage of job (MB)
	266320  -  ResidentSetSize of job (KB)
...
040 (14269004.017.000) 2023-09-11 03:48:08 Started transferring output files
...
040 (14269004.017.000) 2023-09-11 03:48:08 Finished transferring output files
...
005 (14269004.017.000) 2023-09-11 03:48:08 Job terminated.
	(1) Normal termination (return value 0)
		Usr 0 00:21:22, Sys 0 00:00:02  -  Run Remote Usage
		Usr 0 00:00:00, Sys 0 00:00:00  -  Run Local Usage
		Usr 0 00:21:22, Sys 0 00:00:02  -  Total Remote Usage
		Usr 0 00:00:00, Sys 0 00:00:00  -  Total Local Usage
	225756  -  Run Bytes Sent By Job
	32664898  -  Run Bytes Received By Job
	225756  -  Total Bytes Sent By Job
	32664898  -  Total Bytes Received By Job
	Partitionable Resources :     Usage  Request Allocated 
	   Cpus                 :      0.99        1         1 
	   Disk (KB)            : 255899      524288   1208198 
	   IoHeavy              :                            0 
	   Memory (MB)          :    261        4096      4096 

	Job terminated of its own accord at 2023-09-11T08:48:08Z with exit-code 0.
...
