000 (14312691.009.000) 2023-09-11 11:54:06 Job submitted from host: <128.104.101.92:9618?addrs=128.104.101.92-9618+[2607-f388-107c-501-a236-9fff-fe3c-caa8]-9618&alias=submit2.chtc.wisc.edu&noUDP&sock=schedd_1879732_618e>
...
040 (14312691.009.000) 2023-09-11 12:00:21 Started transferring input files
	Transferring to host: <128.105.69.123:9618?addrs=128.105.69.123-9618+[2607-f388-2200-100-1270-fdff-fe56-7324]-9618&alias=e4072.chtc.wisc.edu&noUDP&sock=slot1_38_22980_3d20_61644>
...
040 (14312691.009.000) 2023-09-11 12:00:23 Finished transferring input files
...
001 (14312691.009.000) 2023-09-11 12:00:26 Job executing on host: <128.105.69.123:9618?addrs=128.105.69.123-9618+[2607-f388-2200-100-1270-fdff-fe56-7324]-9618&alias=e4072.chtc.wisc.edu&noUDP&sock=startd_22844_a992>
	SlotName: slot1_38@e4072.chtc.wisc.edu
	CondorScratchDir = "/var/lib/condor/execute/slot1/dir_587280"
	Cpus = 1
	Disk = 1208198
	IoHeavy = 0
	Memory = 4096
...
006 (14312691.009.000) 2023-09-11 12:00:34 Image size of job updated: 272912
	183  -  MemoryUsage of job (MB)
	186824  -  ResidentSetSize of job (KB)
...
006 (14312691.009.000) 2023-09-11 12:05:34 Image size of job updated: 272912
	197  -  MemoryUsage of job (MB)
	201608  -  ResidentSetSize of job (KB)
...
006 (14312691.009.000) 2023-09-11 12:10:34 Image size of job updated: 272912
	199  -  MemoryUsage of job (MB)
	203316  -  ResidentSetSize of job (KB)
...
040 (14312691.009.000) 2023-09-11 12:13:02 Started transferring output files
...
040 (14312691.009.000) 2023-09-11 12:13:02 Finished transferring output files
...
005 (14312691.009.000) 2023-09-11 12:13:02 Job terminated.
	(1) Normal termination (return value 0)
		Usr 0 00:12:21, Sys 0 00:00:01  -  Run Remote Usage
		Usr 0 00:00:00, Sys 0 00:00:00  -  Run Local Usage
		Usr 0 00:12:21, Sys 0 00:00:01  -  Total Remote Usage
		Usr 0 00:00:00, Sys 0 00:00:00  -  Total Local Usage
	325782  -  Run Bytes Sent By Job
	32664896  -  Run Bytes Received By Job
	325782  -  Total Bytes Sent By Job
	32664896  -  Total Bytes Received By Job
	Partitionable Resources :     Usage  Request Allocated 
	   Cpus                 :      0.98        1         1 
	   Disk (KB)            : 255231      524288   1208198 
	   IoHeavy              :                            0 
	   Memory (MB)          :    199        4096      4096 

	Job terminated of its own accord at 2023-09-11T17:13:02Z with exit-code 0.
...
